[2024-07-15T23:15:34.926+0000] {local_task_job_runner.py:120} INFO - ::group::Pre task execution logs
[2024-07-15T23:15:34.952+0000] {taskinstance.py:2076} INFO - Dependencies all met for dep_context=non-requeueable deps ti=<TaskInstance: pythonoperator.hello_with_python scheduled__2022-08-01T00:00:00+00:00 [queued]>
[2024-07-15T23:15:34.962+0000] {taskinstance.py:2076} INFO - Dependencies all met for dep_context=requeueable deps ti=<TaskInstance: pythonoperator.hello_with_python scheduled__2022-08-01T00:00:00+00:00 [queued]>
[2024-07-15T23:15:34.962+0000] {taskinstance.py:2306} INFO - Starting attempt 1 of 1
[2024-07-15T23:15:34.977+0000] {taskinstance.py:2330} INFO - Executing <Task(PythonOperator): hello_with_python> on 2022-08-01 00:00:00+00:00
[2024-07-15T23:15:34.983+0000] {warnings.py:110} WARNING - /home/***/.local/lib/python3.12/site-packages/***/task/task_runner/standard_task_runner.py:61: DeprecationWarning: This process (pid=187) is multi-threaded, use of fork() may lead to deadlocks in the child.
  pid = os.fork()

[2024-07-15T23:15:34.984+0000] {standard_task_runner.py:63} INFO - Started process 188 to run task
[2024-07-15T23:15:34.984+0000] {standard_task_runner.py:90} INFO - Running: ['***', 'tasks', 'run', 'pythonoperator', 'hello_with_python', 'scheduled__2022-08-01T00:00:00+00:00', '--job-id', '8', '--raw', '--subdir', 'DAGS_FOLDER/pythonoperator.py', '--cfg-path', '/tmp/tmp4z4awsed']
[2024-07-15T23:15:34.985+0000] {standard_task_runner.py:91} INFO - Job 8: Subtask hello_with_python
[2024-07-15T23:15:35.039+0000] {task_command.py:426} INFO - Running <TaskInstance: pythonoperator.hello_with_python scheduled__2022-08-01T00:00:00+00:00 [running]> on host b0d76c530053
[2024-07-15T23:15:35.141+0000] {taskinstance.py:2648} INFO - Exporting env vars: AIRFLOW_CTX_DAG_OWNER='***' AIRFLOW_CTX_DAG_ID='pythonoperator' AIRFLOW_CTX_TASK_ID='hello_with_python' AIRFLOW_CTX_EXECUTION_DATE='2022-08-01T00:00:00+00:00' AIRFLOW_CTX_TRY_NUMBER='1' AIRFLOW_CTX_DAG_RUN_ID='scheduled__2022-08-01T00:00:00+00:00'
[2024-07-15T23:15:35.142+0000] {taskinstance.py:430} INFO - ::endgroup::
[2024-07-15T23:15:35.159+0000] {logging_mixin.py:188} INFO - Hola, este es una función para un print
[2024-07-15T23:15:35.159+0000] {python.py:237} INFO - Done. Returned value was: None
[2024-07-15T23:15:35.160+0000] {taskinstance.py:441} INFO - ::group::Post task execution logs
[2024-07-15T23:15:35.169+0000] {taskinstance.py:1206} INFO - Marking task as SUCCESS. dag_id=pythonoperator, task_id=hello_with_python, run_id=scheduled__2022-08-01T00:00:00+00:00, execution_date=20220801T000000, start_date=20240715T231534, end_date=20240715T231535
[2024-07-15T23:15:35.198+0000] {local_task_job_runner.py:240} INFO - Task exited with return code 0
[2024-07-15T23:15:35.216+0000] {taskinstance.py:3498} INFO - 0 downstream tasks scheduled from follow-on schedule check
[2024-07-15T23:15:35.218+0000] {local_task_job_runner.py:222} INFO - ::endgroup::
