[2024-07-13T01:27:58.984+0000] {processor.py:161} INFO - Started process (PID=36) to work on /home/airflow/.local/lib/python3.12/site-packages/airflow/example_dags/example_branch_datetime_operator.py
[2024-07-13T01:27:58.985+0000] {processor.py:830} INFO - Processing file /home/airflow/.local/lib/python3.12/site-packages/airflow/example_dags/example_branch_datetime_operator.py for tasks to queue
[2024-07-13T01:27:59.001+0000] {logging_mixin.py:188} INFO - [2024-07-13T01:27:59.001+0000] {dagbag.py:545} INFO - Filling up the DagBag from /home/airflow/.local/lib/python3.12/site-packages/airflow/example_dags/example_branch_datetime_operator.py
[2024-07-13T01:27:59.176+0000] {processor.py:840} INFO - DAG(s) 'example_branch_datetime_operator_2', 'example_branch_datetime_operator', 'example_branch_datetime_operator_3' retrieved from /home/airflow/.local/lib/python3.12/site-packages/airflow/example_dags/example_branch_datetime_operator.py
[2024-07-13T01:28:00.522+0000] {logging_mixin.py:188} INFO - [2024-07-13T01:28:00.521+0000] {dag.py:3096} INFO - Sync 3 DAGs
[2024-07-13T01:28:00.685+0000] {logging_mixin.py:188} INFO - [2024-07-13T01:28:00.684+0000] {dag.py:3954} INFO - Setting next_dagrun for example_branch_datetime_operator to 2024-07-12 00:00:00+00:00, run_after=2024-07-13 00:00:00+00:00
[2024-07-13T01:28:00.716+0000] {logging_mixin.py:188} INFO - [2024-07-13T01:28:00.715+0000] {dag.py:3954} INFO - Setting next_dagrun for example_branch_datetime_operator_2 to 2024-07-12 00:00:00+00:00, run_after=2024-07-13 00:00:00+00:00
[2024-07-13T01:28:00.763+0000] {logging_mixin.py:188} INFO - [2024-07-13T01:28:00.733+0000] {dag.py:3954} INFO - Setting next_dagrun for example_branch_datetime_operator_3 to 2024-07-12 00:00:00+00:00, run_after=2024-07-13 00:00:00+00:00
[2024-07-13T01:28:00.922+0000] {processor.py:183} INFO - Processing /home/airflow/.local/lib/python3.12/site-packages/airflow/example_dags/example_branch_datetime_operator.py took 2.059 seconds
[2024-07-13T01:28:31.028+0000] {processor.py:161} INFO - Started process (PID=93) to work on /home/airflow/.local/lib/python3.12/site-packages/airflow/example_dags/example_branch_datetime_operator.py
[2024-07-13T01:28:31.030+0000] {processor.py:830} INFO - Processing file /home/airflow/.local/lib/python3.12/site-packages/airflow/example_dags/example_branch_datetime_operator.py for tasks to queue
[2024-07-13T01:28:31.032+0000] {logging_mixin.py:188} INFO - [2024-07-13T01:28:31.032+0000] {dagbag.py:545} INFO - Filling up the DagBag from /home/airflow/.local/lib/python3.12/site-packages/airflow/example_dags/example_branch_datetime_operator.py
[2024-07-13T01:28:31.046+0000] {processor.py:840} INFO - DAG(s) 'example_branch_datetime_operator_3', 'example_branch_datetime_operator', 'example_branch_datetime_operator_2' retrieved from /home/airflow/.local/lib/python3.12/site-packages/airflow/example_dags/example_branch_datetime_operator.py
[2024-07-13T01:28:31.082+0000] {logging_mixin.py:188} INFO - [2024-07-13T01:28:31.082+0000] {dag.py:3096} INFO - Sync 3 DAGs
[2024-07-13T01:28:31.113+0000] {logging_mixin.py:188} INFO - [2024-07-13T01:28:31.113+0000] {dag.py:3954} INFO - Setting next_dagrun for example_branch_datetime_operator to 2024-07-12 00:00:00+00:00, run_after=2024-07-13 00:00:00+00:00
[2024-07-13T01:28:31.119+0000] {logging_mixin.py:188} INFO - [2024-07-13T01:28:31.118+0000] {dag.py:3954} INFO - Setting next_dagrun for example_branch_datetime_operator_2 to 2024-07-12 00:00:00+00:00, run_after=2024-07-13 00:00:00+00:00
[2024-07-13T01:28:31.121+0000] {logging_mixin.py:188} INFO - [2024-07-13T01:28:31.121+0000] {dag.py:3954} INFO - Setting next_dagrun for example_branch_datetime_operator_3 to 2024-07-12 00:00:00+00:00, run_after=2024-07-13 00:00:00+00:00
[2024-07-13T01:28:31.140+0000] {processor.py:183} INFO - Processing /home/airflow/.local/lib/python3.12/site-packages/airflow/example_dags/example_branch_datetime_operator.py took 0.119 seconds
[2024-07-13T01:29:01.715+0000] {processor.py:161} INFO - Started process (PID=151) to work on /home/airflow/.local/lib/python3.12/site-packages/airflow/example_dags/example_branch_datetime_operator.py
[2024-07-13T01:29:01.716+0000] {processor.py:830} INFO - Processing file /home/airflow/.local/lib/python3.12/site-packages/airflow/example_dags/example_branch_datetime_operator.py for tasks to queue
[2024-07-13T01:29:01.718+0000] {logging_mixin.py:188} INFO - [2024-07-13T01:29:01.718+0000] {dagbag.py:545} INFO - Filling up the DagBag from /home/airflow/.local/lib/python3.12/site-packages/airflow/example_dags/example_branch_datetime_operator.py
[2024-07-13T01:29:01.738+0000] {processor.py:840} INFO - DAG(s) 'example_branch_datetime_operator', 'example_branch_datetime_operator_3', 'example_branch_datetime_operator_2' retrieved from /home/airflow/.local/lib/python3.12/site-packages/airflow/example_dags/example_branch_datetime_operator.py
[2024-07-13T01:29:01.786+0000] {logging_mixin.py:188} INFO - [2024-07-13T01:29:01.785+0000] {dag.py:3096} INFO - Sync 3 DAGs
[2024-07-13T01:29:01.825+0000] {logging_mixin.py:188} INFO - [2024-07-13T01:29:01.825+0000] {dag.py:3954} INFO - Setting next_dagrun for example_branch_datetime_operator to 2024-07-12 00:00:00+00:00, run_after=2024-07-13 00:00:00+00:00
[2024-07-13T01:29:01.841+0000] {logging_mixin.py:188} INFO - [2024-07-13T01:29:01.841+0000] {dag.py:3954} INFO - Setting next_dagrun for example_branch_datetime_operator_2 to 2024-07-12 00:00:00+00:00, run_after=2024-07-13 00:00:00+00:00
[2024-07-13T01:29:01.845+0000] {logging_mixin.py:188} INFO - [2024-07-13T01:29:01.845+0000] {dag.py:3954} INFO - Setting next_dagrun for example_branch_datetime_operator_3 to 2024-07-12 00:00:00+00:00, run_after=2024-07-13 00:00:00+00:00
[2024-07-13T01:29:01.876+0000] {processor.py:183} INFO - Processing /home/airflow/.local/lib/python3.12/site-packages/airflow/example_dags/example_branch_datetime_operator.py took 0.167 seconds
[2024-07-13T01:29:32.376+0000] {processor.py:161} INFO - Started process (PID=209) to work on /home/airflow/.local/lib/python3.12/site-packages/airflow/example_dags/example_branch_datetime_operator.py
[2024-07-13T01:29:32.381+0000] {processor.py:830} INFO - Processing file /home/airflow/.local/lib/python3.12/site-packages/airflow/example_dags/example_branch_datetime_operator.py for tasks to queue
[2024-07-13T01:29:32.384+0000] {logging_mixin.py:188} INFO - [2024-07-13T01:29:32.383+0000] {dagbag.py:545} INFO - Filling up the DagBag from /home/airflow/.local/lib/python3.12/site-packages/airflow/example_dags/example_branch_datetime_operator.py
[2024-07-13T01:29:32.400+0000] {processor.py:840} INFO - DAG(s) 'example_branch_datetime_operator', 'example_branch_datetime_operator_3', 'example_branch_datetime_operator_2' retrieved from /home/airflow/.local/lib/python3.12/site-packages/airflow/example_dags/example_branch_datetime_operator.py
[2024-07-13T01:29:32.438+0000] {logging_mixin.py:188} INFO - [2024-07-13T01:29:32.437+0000] {dag.py:3096} INFO - Sync 3 DAGs
[2024-07-13T01:29:32.472+0000] {logging_mixin.py:188} INFO - [2024-07-13T01:29:32.472+0000] {dag.py:3954} INFO - Setting next_dagrun for example_branch_datetime_operator to 2024-07-12 00:00:00+00:00, run_after=2024-07-13 00:00:00+00:00
[2024-07-13T01:29:32.480+0000] {logging_mixin.py:188} INFO - [2024-07-13T01:29:32.480+0000] {dag.py:3954} INFO - Setting next_dagrun for example_branch_datetime_operator_2 to 2024-07-12 00:00:00+00:00, run_after=2024-07-13 00:00:00+00:00
[2024-07-13T01:29:32.484+0000] {logging_mixin.py:188} INFO - [2024-07-13T01:29:32.483+0000] {dag.py:3954} INFO - Setting next_dagrun for example_branch_datetime_operator_3 to 2024-07-12 00:00:00+00:00, run_after=2024-07-13 00:00:00+00:00
[2024-07-13T01:29:32.506+0000] {processor.py:183} INFO - Processing /home/airflow/.local/lib/python3.12/site-packages/airflow/example_dags/example_branch_datetime_operator.py took 0.140 seconds
[2024-07-13T01:30:02.607+0000] {processor.py:161} INFO - Started process (PID=266) to work on /home/airflow/.local/lib/python3.12/site-packages/airflow/example_dags/example_branch_datetime_operator.py
[2024-07-13T01:30:02.609+0000] {processor.py:830} INFO - Processing file /home/airflow/.local/lib/python3.12/site-packages/airflow/example_dags/example_branch_datetime_operator.py for tasks to queue
[2024-07-13T01:30:02.611+0000] {logging_mixin.py:188} INFO - [2024-07-13T01:30:02.611+0000] {dagbag.py:545} INFO - Filling up the DagBag from /home/airflow/.local/lib/python3.12/site-packages/airflow/example_dags/example_branch_datetime_operator.py
[2024-07-13T01:30:02.623+0000] {processor.py:840} INFO - DAG(s) 'example_branch_datetime_operator_2', 'example_branch_datetime_operator', 'example_branch_datetime_operator_3' retrieved from /home/airflow/.local/lib/python3.12/site-packages/airflow/example_dags/example_branch_datetime_operator.py
[2024-07-13T01:30:02.661+0000] {logging_mixin.py:188} INFO - [2024-07-13T01:30:02.660+0000] {dag.py:3096} INFO - Sync 3 DAGs
[2024-07-13T01:30:02.706+0000] {logging_mixin.py:188} INFO - [2024-07-13T01:30:02.705+0000] {dag.py:3954} INFO - Setting next_dagrun for example_branch_datetime_operator to 2024-07-12 00:00:00+00:00, run_after=2024-07-13 00:00:00+00:00
[2024-07-13T01:30:02.715+0000] {logging_mixin.py:188} INFO - [2024-07-13T01:30:02.714+0000] {dag.py:3954} INFO - Setting next_dagrun for example_branch_datetime_operator_2 to 2024-07-12 00:00:00+00:00, run_after=2024-07-13 00:00:00+00:00
[2024-07-13T01:30:02.719+0000] {logging_mixin.py:188} INFO - [2024-07-13T01:30:02.718+0000] {dag.py:3954} INFO - Setting next_dagrun for example_branch_datetime_operator_3 to 2024-07-12 00:00:00+00:00, run_after=2024-07-13 00:00:00+00:00
[2024-07-13T01:30:02.741+0000] {processor.py:183} INFO - Processing /home/airflow/.local/lib/python3.12/site-packages/airflow/example_dags/example_branch_datetime_operator.py took 0.140 seconds
[2024-07-13T01:30:33.066+0000] {processor.py:161} INFO - Started process (PID=324) to work on /home/airflow/.local/lib/python3.12/site-packages/airflow/example_dags/example_branch_datetime_operator.py
[2024-07-13T01:30:33.067+0000] {processor.py:830} INFO - Processing file /home/airflow/.local/lib/python3.12/site-packages/airflow/example_dags/example_branch_datetime_operator.py for tasks to queue
[2024-07-13T01:30:33.069+0000] {logging_mixin.py:188} INFO - [2024-07-13T01:30:33.069+0000] {dagbag.py:545} INFO - Filling up the DagBag from /home/airflow/.local/lib/python3.12/site-packages/airflow/example_dags/example_branch_datetime_operator.py
[2024-07-13T01:30:33.085+0000] {processor.py:840} INFO - DAG(s) 'example_branch_datetime_operator_3', 'example_branch_datetime_operator_2', 'example_branch_datetime_operator' retrieved from /home/airflow/.local/lib/python3.12/site-packages/airflow/example_dags/example_branch_datetime_operator.py
[2024-07-13T01:30:33.134+0000] {logging_mixin.py:188} INFO - [2024-07-13T01:30:33.133+0000] {dag.py:3096} INFO - Sync 3 DAGs
[2024-07-13T01:30:33.173+0000] {logging_mixin.py:188} INFO - [2024-07-13T01:30:33.173+0000] {dag.py:3954} INFO - Setting next_dagrun for example_branch_datetime_operator to 2024-07-12 00:00:00+00:00, run_after=2024-07-13 00:00:00+00:00
[2024-07-13T01:30:33.179+0000] {logging_mixin.py:188} INFO - [2024-07-13T01:30:33.179+0000] {dag.py:3954} INFO - Setting next_dagrun for example_branch_datetime_operator_2 to 2024-07-12 00:00:00+00:00, run_after=2024-07-13 00:00:00+00:00
[2024-07-13T01:30:33.182+0000] {logging_mixin.py:188} INFO - [2024-07-13T01:30:33.182+0000] {dag.py:3954} INFO - Setting next_dagrun for example_branch_datetime_operator_3 to 2024-07-12 00:00:00+00:00, run_after=2024-07-13 00:00:00+00:00
[2024-07-13T01:30:33.201+0000] {processor.py:183} INFO - Processing /home/airflow/.local/lib/python3.12/site-packages/airflow/example_dags/example_branch_datetime_operator.py took 0.147 seconds
[2024-07-13T01:31:03.458+0000] {processor.py:161} INFO - Started process (PID=382) to work on /home/airflow/.local/lib/python3.12/site-packages/airflow/example_dags/example_branch_datetime_operator.py
[2024-07-13T01:31:03.461+0000] {processor.py:830} INFO - Processing file /home/airflow/.local/lib/python3.12/site-packages/airflow/example_dags/example_branch_datetime_operator.py for tasks to queue
[2024-07-13T01:31:03.463+0000] {logging_mixin.py:188} INFO - [2024-07-13T01:31:03.463+0000] {dagbag.py:545} INFO - Filling up the DagBag from /home/airflow/.local/lib/python3.12/site-packages/airflow/example_dags/example_branch_datetime_operator.py
[2024-07-13T01:31:03.479+0000] {processor.py:840} INFO - DAG(s) 'example_branch_datetime_operator', 'example_branch_datetime_operator_3', 'example_branch_datetime_operator_2' retrieved from /home/airflow/.local/lib/python3.12/site-packages/airflow/example_dags/example_branch_datetime_operator.py
[2024-07-13T01:31:03.518+0000] {logging_mixin.py:188} INFO - [2024-07-13T01:31:03.518+0000] {dag.py:3096} INFO - Sync 3 DAGs
[2024-07-13T01:31:03.556+0000] {logging_mixin.py:188} INFO - [2024-07-13T01:31:03.556+0000] {dag.py:3954} INFO - Setting next_dagrun for example_branch_datetime_operator to 2024-07-12 00:00:00+00:00, run_after=2024-07-13 00:00:00+00:00
[2024-07-13T01:31:03.563+0000] {logging_mixin.py:188} INFO - [2024-07-13T01:31:03.563+0000] {dag.py:3954} INFO - Setting next_dagrun for example_branch_datetime_operator_2 to 2024-07-12 00:00:00+00:00, run_after=2024-07-13 00:00:00+00:00
[2024-07-13T01:31:03.568+0000] {logging_mixin.py:188} INFO - [2024-07-13T01:31:03.568+0000] {dag.py:3954} INFO - Setting next_dagrun for example_branch_datetime_operator_3 to 2024-07-12 00:00:00+00:00, run_after=2024-07-13 00:00:00+00:00
[2024-07-13T01:31:03.593+0000] {processor.py:183} INFO - Processing /home/airflow/.local/lib/python3.12/site-packages/airflow/example_dags/example_branch_datetime_operator.py took 0.143 seconds
[2024-07-13T01:31:34.156+0000] {processor.py:161} INFO - Started process (PID=440) to work on /home/airflow/.local/lib/python3.12/site-packages/airflow/example_dags/example_branch_datetime_operator.py
[2024-07-13T01:31:34.157+0000] {processor.py:830} INFO - Processing file /home/airflow/.local/lib/python3.12/site-packages/airflow/example_dags/example_branch_datetime_operator.py for tasks to queue
[2024-07-13T01:31:34.160+0000] {logging_mixin.py:188} INFO - [2024-07-13T01:31:34.159+0000] {dagbag.py:545} INFO - Filling up the DagBag from /home/airflow/.local/lib/python3.12/site-packages/airflow/example_dags/example_branch_datetime_operator.py
[2024-07-13T01:31:34.171+0000] {processor.py:840} INFO - DAG(s) 'example_branch_datetime_operator', 'example_branch_datetime_operator_2', 'example_branch_datetime_operator_3' retrieved from /home/airflow/.local/lib/python3.12/site-packages/airflow/example_dags/example_branch_datetime_operator.py
[2024-07-13T01:31:34.211+0000] {logging_mixin.py:188} INFO - [2024-07-13T01:31:34.210+0000] {dag.py:3096} INFO - Sync 3 DAGs
[2024-07-13T01:31:34.243+0000] {logging_mixin.py:188} INFO - [2024-07-13T01:31:34.243+0000] {dag.py:3954} INFO - Setting next_dagrun for example_branch_datetime_operator to 2024-07-12 00:00:00+00:00, run_after=2024-07-13 00:00:00+00:00
[2024-07-13T01:31:34.250+0000] {logging_mixin.py:188} INFO - [2024-07-13T01:31:34.249+0000] {dag.py:3954} INFO - Setting next_dagrun for example_branch_datetime_operator_2 to 2024-07-12 00:00:00+00:00, run_after=2024-07-13 00:00:00+00:00
[2024-07-13T01:31:34.253+0000] {logging_mixin.py:188} INFO - [2024-07-13T01:31:34.253+0000] {dag.py:3954} INFO - Setting next_dagrun for example_branch_datetime_operator_3 to 2024-07-12 00:00:00+00:00, run_after=2024-07-13 00:00:00+00:00
[2024-07-13T01:31:34.279+0000] {processor.py:183} INFO - Processing /home/airflow/.local/lib/python3.12/site-packages/airflow/example_dags/example_branch_datetime_operator.py took 0.129 seconds
[2024-07-13T01:32:04.408+0000] {processor.py:161} INFO - Started process (PID=499) to work on /home/airflow/.local/lib/python3.12/site-packages/airflow/example_dags/example_branch_datetime_operator.py
[2024-07-13T01:32:04.409+0000] {processor.py:830} INFO - Processing file /home/airflow/.local/lib/python3.12/site-packages/airflow/example_dags/example_branch_datetime_operator.py for tasks to queue
[2024-07-13T01:32:04.411+0000] {logging_mixin.py:188} INFO - [2024-07-13T01:32:04.411+0000] {dagbag.py:545} INFO - Filling up the DagBag from /home/airflow/.local/lib/python3.12/site-packages/airflow/example_dags/example_branch_datetime_operator.py
[2024-07-13T01:32:04.425+0000] {processor.py:840} INFO - DAG(s) 'example_branch_datetime_operator_3', 'example_branch_datetime_operator', 'example_branch_datetime_operator_2' retrieved from /home/airflow/.local/lib/python3.12/site-packages/airflow/example_dags/example_branch_datetime_operator.py
[2024-07-13T01:32:04.460+0000] {logging_mixin.py:188} INFO - [2024-07-13T01:32:04.459+0000] {dag.py:3096} INFO - Sync 3 DAGs
[2024-07-13T01:32:04.490+0000] {logging_mixin.py:188} INFO - [2024-07-13T01:32:04.489+0000] {dag.py:3954} INFO - Setting next_dagrun for example_branch_datetime_operator to 2024-07-12 00:00:00+00:00, run_after=2024-07-13 00:00:00+00:00
[2024-07-13T01:32:04.495+0000] {logging_mixin.py:188} INFO - [2024-07-13T01:32:04.495+0000] {dag.py:3954} INFO - Setting next_dagrun for example_branch_datetime_operator_2 to 2024-07-12 00:00:00+00:00, run_after=2024-07-13 00:00:00+00:00
[2024-07-13T01:32:04.498+0000] {logging_mixin.py:188} INFO - [2024-07-13T01:32:04.497+0000] {dag.py:3954} INFO - Setting next_dagrun for example_branch_datetime_operator_3 to 2024-07-12 00:00:00+00:00, run_after=2024-07-13 00:00:00+00:00
[2024-07-13T01:32:04.516+0000] {processor.py:183} INFO - Processing /home/airflow/.local/lib/python3.12/site-packages/airflow/example_dags/example_branch_datetime_operator.py took 0.116 seconds
[2024-07-13T01:32:34.548+0000] {processor.py:161} INFO - Started process (PID=558) to work on /home/airflow/.local/lib/python3.12/site-packages/airflow/example_dags/example_branch_datetime_operator.py
[2024-07-13T01:32:34.550+0000] {processor.py:830} INFO - Processing file /home/airflow/.local/lib/python3.12/site-packages/airflow/example_dags/example_branch_datetime_operator.py for tasks to queue
[2024-07-13T01:32:34.552+0000] {logging_mixin.py:188} INFO - [2024-07-13T01:32:34.552+0000] {dagbag.py:545} INFO - Filling up the DagBag from /home/airflow/.local/lib/python3.12/site-packages/airflow/example_dags/example_branch_datetime_operator.py
[2024-07-13T01:32:34.564+0000] {processor.py:840} INFO - DAG(s) 'example_branch_datetime_operator_3', 'example_branch_datetime_operator', 'example_branch_datetime_operator_2' retrieved from /home/airflow/.local/lib/python3.12/site-packages/airflow/example_dags/example_branch_datetime_operator.py
[2024-07-13T01:32:34.604+0000] {logging_mixin.py:188} INFO - [2024-07-13T01:32:34.604+0000] {dag.py:3096} INFO - Sync 3 DAGs
[2024-07-13T01:32:34.639+0000] {logging_mixin.py:188} INFO - [2024-07-13T01:32:34.639+0000] {dag.py:3954} INFO - Setting next_dagrun for example_branch_datetime_operator to 2024-07-12 00:00:00+00:00, run_after=2024-07-13 00:00:00+00:00
[2024-07-13T01:32:34.645+0000] {logging_mixin.py:188} INFO - [2024-07-13T01:32:34.645+0000] {dag.py:3954} INFO - Setting next_dagrun for example_branch_datetime_operator_2 to 2024-07-12 00:00:00+00:00, run_after=2024-07-13 00:00:00+00:00
[2024-07-13T01:32:34.649+0000] {logging_mixin.py:188} INFO - [2024-07-13T01:32:34.649+0000] {dag.py:3954} INFO - Setting next_dagrun for example_branch_datetime_operator_3 to 2024-07-12 00:00:00+00:00, run_after=2024-07-13 00:00:00+00:00
[2024-07-13T01:32:34.672+0000] {processor.py:183} INFO - Processing /home/airflow/.local/lib/python3.12/site-packages/airflow/example_dags/example_branch_datetime_operator.py took 0.131 seconds
[2024-07-13T01:33:04.962+0000] {processor.py:161} INFO - Started process (PID=616) to work on /home/airflow/.local/lib/python3.12/site-packages/airflow/example_dags/example_branch_datetime_operator.py
[2024-07-13T01:33:04.962+0000] {processor.py:830} INFO - Processing file /home/airflow/.local/lib/python3.12/site-packages/airflow/example_dags/example_branch_datetime_operator.py for tasks to queue
[2024-07-13T01:33:04.965+0000] {logging_mixin.py:188} INFO - [2024-07-13T01:33:04.964+0000] {dagbag.py:545} INFO - Filling up the DagBag from /home/airflow/.local/lib/python3.12/site-packages/airflow/example_dags/example_branch_datetime_operator.py
[2024-07-13T01:33:04.978+0000] {processor.py:840} INFO - DAG(s) 'example_branch_datetime_operator_2', 'example_branch_datetime_operator', 'example_branch_datetime_operator_3' retrieved from /home/airflow/.local/lib/python3.12/site-packages/airflow/example_dags/example_branch_datetime_operator.py
[2024-07-13T01:33:05.012+0000] {logging_mixin.py:188} INFO - [2024-07-13T01:33:05.011+0000] {dag.py:3096} INFO - Sync 3 DAGs
[2024-07-13T01:33:05.049+0000] {logging_mixin.py:188} INFO - [2024-07-13T01:33:05.048+0000] {dag.py:3954} INFO - Setting next_dagrun for example_branch_datetime_operator to 2024-07-12 00:00:00+00:00, run_after=2024-07-13 00:00:00+00:00
[2024-07-13T01:33:05.058+0000] {logging_mixin.py:188} INFO - [2024-07-13T01:33:05.057+0000] {dag.py:3954} INFO - Setting next_dagrun for example_branch_datetime_operator_2 to 2024-07-12 00:00:00+00:00, run_after=2024-07-13 00:00:00+00:00
[2024-07-13T01:33:05.061+0000] {logging_mixin.py:188} INFO - [2024-07-13T01:33:05.061+0000] {dag.py:3954} INFO - Setting next_dagrun for example_branch_datetime_operator_3 to 2024-07-12 00:00:00+00:00, run_after=2024-07-13 00:00:00+00:00
[2024-07-13T01:33:05.081+0000] {processor.py:183} INFO - Processing /home/airflow/.local/lib/python3.12/site-packages/airflow/example_dags/example_branch_datetime_operator.py took 0.127 seconds
[2024-07-13T01:33:35.436+0000] {processor.py:161} INFO - Started process (PID=675) to work on /home/airflow/.local/lib/python3.12/site-packages/airflow/example_dags/example_branch_datetime_operator.py
[2024-07-13T01:33:35.437+0000] {processor.py:830} INFO - Processing file /home/airflow/.local/lib/python3.12/site-packages/airflow/example_dags/example_branch_datetime_operator.py for tasks to queue
[2024-07-13T01:33:35.439+0000] {logging_mixin.py:188} INFO - [2024-07-13T01:33:35.439+0000] {dagbag.py:545} INFO - Filling up the DagBag from /home/airflow/.local/lib/python3.12/site-packages/airflow/example_dags/example_branch_datetime_operator.py
[2024-07-13T01:33:35.452+0000] {processor.py:840} INFO - DAG(s) 'example_branch_datetime_operator', 'example_branch_datetime_operator_3', 'example_branch_datetime_operator_2' retrieved from /home/airflow/.local/lib/python3.12/site-packages/airflow/example_dags/example_branch_datetime_operator.py
[2024-07-13T01:33:35.485+0000] {logging_mixin.py:188} INFO - [2024-07-13T01:33:35.485+0000] {dag.py:3096} INFO - Sync 3 DAGs
[2024-07-13T01:33:35.518+0000] {logging_mixin.py:188} INFO - [2024-07-13T01:33:35.518+0000] {dag.py:3954} INFO - Setting next_dagrun for example_branch_datetime_operator to 2024-07-12 00:00:00+00:00, run_after=2024-07-13 00:00:00+00:00
[2024-07-13T01:33:35.523+0000] {logging_mixin.py:188} INFO - [2024-07-13T01:33:35.523+0000] {dag.py:3954} INFO - Setting next_dagrun for example_branch_datetime_operator_2 to 2024-07-12 00:00:00+00:00, run_after=2024-07-13 00:00:00+00:00
[2024-07-13T01:33:35.526+0000] {logging_mixin.py:188} INFO - [2024-07-13T01:33:35.526+0000] {dag.py:3954} INFO - Setting next_dagrun for example_branch_datetime_operator_3 to 2024-07-12 00:00:00+00:00, run_after=2024-07-13 00:00:00+00:00
[2024-07-13T01:33:35.545+0000] {processor.py:183} INFO - Processing /home/airflow/.local/lib/python3.12/site-packages/airflow/example_dags/example_branch_datetime_operator.py took 0.118 seconds
[2024-07-13T01:34:05.695+0000] {processor.py:161} INFO - Started process (PID=733) to work on /home/airflow/.local/lib/python3.12/site-packages/airflow/example_dags/example_branch_datetime_operator.py
[2024-07-13T01:34:05.696+0000] {processor.py:830} INFO - Processing file /home/airflow/.local/lib/python3.12/site-packages/airflow/example_dags/example_branch_datetime_operator.py for tasks to queue
[2024-07-13T01:34:05.698+0000] {logging_mixin.py:188} INFO - [2024-07-13T01:34:05.698+0000] {dagbag.py:545} INFO - Filling up the DagBag from /home/airflow/.local/lib/python3.12/site-packages/airflow/example_dags/example_branch_datetime_operator.py
[2024-07-13T01:34:05.716+0000] {processor.py:840} INFO - DAG(s) 'example_branch_datetime_operator_3', 'example_branch_datetime_operator', 'example_branch_datetime_operator_2' retrieved from /home/airflow/.local/lib/python3.12/site-packages/airflow/example_dags/example_branch_datetime_operator.py
[2024-07-13T01:34:05.757+0000] {logging_mixin.py:188} INFO - [2024-07-13T01:34:05.757+0000] {dag.py:3096} INFO - Sync 3 DAGs
[2024-07-13T01:34:05.786+0000] {logging_mixin.py:188} INFO - [2024-07-13T01:34:05.786+0000] {dag.py:3954} INFO - Setting next_dagrun for example_branch_datetime_operator to 2024-07-12 00:00:00+00:00, run_after=2024-07-13 00:00:00+00:00
[2024-07-13T01:34:05.792+0000] {logging_mixin.py:188} INFO - [2024-07-13T01:34:05.792+0000] {dag.py:3954} INFO - Setting next_dagrun for example_branch_datetime_operator_2 to 2024-07-12 00:00:00+00:00, run_after=2024-07-13 00:00:00+00:00
[2024-07-13T01:34:05.795+0000] {logging_mixin.py:188} INFO - [2024-07-13T01:34:05.795+0000] {dag.py:3954} INFO - Setting next_dagrun for example_branch_datetime_operator_3 to 2024-07-12 00:00:00+00:00, run_after=2024-07-13 00:00:00+00:00
[2024-07-13T01:34:05.813+0000] {processor.py:183} INFO - Processing /home/airflow/.local/lib/python3.12/site-packages/airflow/example_dags/example_branch_datetime_operator.py took 0.127 seconds
[2024-07-13T01:34:36.089+0000] {processor.py:161} INFO - Started process (PID=791) to work on /home/airflow/.local/lib/python3.12/site-packages/airflow/example_dags/example_branch_datetime_operator.py
[2024-07-13T01:34:36.090+0000] {processor.py:830} INFO - Processing file /home/airflow/.local/lib/python3.12/site-packages/airflow/example_dags/example_branch_datetime_operator.py for tasks to queue
[2024-07-13T01:34:36.092+0000] {logging_mixin.py:188} INFO - [2024-07-13T01:34:36.092+0000] {dagbag.py:545} INFO - Filling up the DagBag from /home/airflow/.local/lib/python3.12/site-packages/airflow/example_dags/example_branch_datetime_operator.py
[2024-07-13T01:34:36.105+0000] {processor.py:840} INFO - DAG(s) 'example_branch_datetime_operator_3', 'example_branch_datetime_operator_2', 'example_branch_datetime_operator' retrieved from /home/airflow/.local/lib/python3.12/site-packages/airflow/example_dags/example_branch_datetime_operator.py
[2024-07-13T01:34:36.146+0000] {logging_mixin.py:188} INFO - [2024-07-13T01:34:36.146+0000] {dag.py:3096} INFO - Sync 3 DAGs
[2024-07-13T01:34:36.192+0000] {logging_mixin.py:188} INFO - [2024-07-13T01:34:36.191+0000] {dag.py:3954} INFO - Setting next_dagrun for example_branch_datetime_operator to 2024-07-12 00:00:00+00:00, run_after=2024-07-13 00:00:00+00:00
[2024-07-13T01:34:36.199+0000] {logging_mixin.py:188} INFO - [2024-07-13T01:34:36.198+0000] {dag.py:3954} INFO - Setting next_dagrun for example_branch_datetime_operator_2 to 2024-07-12 00:00:00+00:00, run_after=2024-07-13 00:00:00+00:00
[2024-07-13T01:34:36.202+0000] {logging_mixin.py:188} INFO - [2024-07-13T01:34:36.202+0000] {dag.py:3954} INFO - Setting next_dagrun for example_branch_datetime_operator_3 to 2024-07-12 00:00:00+00:00, run_after=2024-07-13 00:00:00+00:00
[2024-07-13T01:34:36.222+0000] {processor.py:183} INFO - Processing /home/airflow/.local/lib/python3.12/site-packages/airflow/example_dags/example_branch_datetime_operator.py took 0.140 seconds
[2024-07-13T01:35:06.381+0000] {processor.py:161} INFO - Started process (PID=849) to work on /home/airflow/.local/lib/python3.12/site-packages/airflow/example_dags/example_branch_datetime_operator.py
[2024-07-13T01:35:06.382+0000] {processor.py:830} INFO - Processing file /home/airflow/.local/lib/python3.12/site-packages/airflow/example_dags/example_branch_datetime_operator.py for tasks to queue
[2024-07-13T01:35:06.384+0000] {logging_mixin.py:188} INFO - [2024-07-13T01:35:06.384+0000] {dagbag.py:545} INFO - Filling up the DagBag from /home/airflow/.local/lib/python3.12/site-packages/airflow/example_dags/example_branch_datetime_operator.py
[2024-07-13T01:35:06.397+0000] {processor.py:840} INFO - DAG(s) 'example_branch_datetime_operator_3', 'example_branch_datetime_operator', 'example_branch_datetime_operator_2' retrieved from /home/airflow/.local/lib/python3.12/site-packages/airflow/example_dags/example_branch_datetime_operator.py
[2024-07-13T01:35:06.435+0000] {logging_mixin.py:188} INFO - [2024-07-13T01:35:06.435+0000] {dag.py:3096} INFO - Sync 3 DAGs
[2024-07-13T01:35:06.480+0000] {logging_mixin.py:188} INFO - [2024-07-13T01:35:06.479+0000] {dag.py:3954} INFO - Setting next_dagrun for example_branch_datetime_operator to 2024-07-12 00:00:00+00:00, run_after=2024-07-13 00:00:00+00:00
[2024-07-13T01:35:06.487+0000] {logging_mixin.py:188} INFO - [2024-07-13T01:35:06.487+0000] {dag.py:3954} INFO - Setting next_dagrun for example_branch_datetime_operator_2 to 2024-07-12 00:00:00+00:00, run_after=2024-07-13 00:00:00+00:00
[2024-07-13T01:35:06.490+0000] {logging_mixin.py:188} INFO - [2024-07-13T01:35:06.490+0000] {dag.py:3954} INFO - Setting next_dagrun for example_branch_datetime_operator_3 to 2024-07-12 00:00:00+00:00, run_after=2024-07-13 00:00:00+00:00
[2024-07-13T01:35:06.510+0000] {processor.py:183} INFO - Processing /home/airflow/.local/lib/python3.12/site-packages/airflow/example_dags/example_branch_datetime_operator.py took 0.135 seconds
[2024-07-13T01:35:36.675+0000] {processor.py:161} INFO - Started process (PID=907) to work on /home/airflow/.local/lib/python3.12/site-packages/airflow/example_dags/example_branch_datetime_operator.py
[2024-07-13T01:35:36.676+0000] {processor.py:830} INFO - Processing file /home/airflow/.local/lib/python3.12/site-packages/airflow/example_dags/example_branch_datetime_operator.py for tasks to queue
[2024-07-13T01:35:36.679+0000] {logging_mixin.py:188} INFO - [2024-07-13T01:35:36.679+0000] {dagbag.py:545} INFO - Filling up the DagBag from /home/airflow/.local/lib/python3.12/site-packages/airflow/example_dags/example_branch_datetime_operator.py
[2024-07-13T01:35:36.694+0000] {processor.py:840} INFO - DAG(s) 'example_branch_datetime_operator_2', 'example_branch_datetime_operator', 'example_branch_datetime_operator_3' retrieved from /home/airflow/.local/lib/python3.12/site-packages/airflow/example_dags/example_branch_datetime_operator.py
[2024-07-13T01:35:36.740+0000] {logging_mixin.py:188} INFO - [2024-07-13T01:35:36.738+0000] {dag.py:3096} INFO - Sync 3 DAGs
[2024-07-13T01:35:36.775+0000] {logging_mixin.py:188} INFO - [2024-07-13T01:35:36.775+0000] {dag.py:3954} INFO - Setting next_dagrun for example_branch_datetime_operator to 2024-07-12 00:00:00+00:00, run_after=2024-07-13 00:00:00+00:00
[2024-07-13T01:35:36.784+0000] {logging_mixin.py:188} INFO - [2024-07-13T01:35:36.784+0000] {dag.py:3954} INFO - Setting next_dagrun for example_branch_datetime_operator_2 to 2024-07-12 00:00:00+00:00, run_after=2024-07-13 00:00:00+00:00
[2024-07-13T01:35:36.791+0000] {logging_mixin.py:188} INFO - [2024-07-13T01:35:36.791+0000] {dag.py:3954} INFO - Setting next_dagrun for example_branch_datetime_operator_3 to 2024-07-12 00:00:00+00:00, run_after=2024-07-13 00:00:00+00:00
[2024-07-13T01:35:36.815+0000] {processor.py:183} INFO - Processing /home/airflow/.local/lib/python3.12/site-packages/airflow/example_dags/example_branch_datetime_operator.py took 0.150 seconds
[2024-07-13T01:36:06.867+0000] {processor.py:161} INFO - Started process (PID=964) to work on /home/airflow/.local/lib/python3.12/site-packages/airflow/example_dags/example_branch_datetime_operator.py
[2024-07-13T01:36:06.868+0000] {processor.py:830} INFO - Processing file /home/airflow/.local/lib/python3.12/site-packages/airflow/example_dags/example_branch_datetime_operator.py for tasks to queue
[2024-07-13T01:36:06.870+0000] {logging_mixin.py:188} INFO - [2024-07-13T01:36:06.870+0000] {dagbag.py:545} INFO - Filling up the DagBag from /home/airflow/.local/lib/python3.12/site-packages/airflow/example_dags/example_branch_datetime_operator.py
[2024-07-13T01:36:06.882+0000] {processor.py:840} INFO - DAG(s) 'example_branch_datetime_operator_2', 'example_branch_datetime_operator_3', 'example_branch_datetime_operator' retrieved from /home/airflow/.local/lib/python3.12/site-packages/airflow/example_dags/example_branch_datetime_operator.py
[2024-07-13T01:36:06.921+0000] {logging_mixin.py:188} INFO - [2024-07-13T01:36:06.921+0000] {dag.py:3096} INFO - Sync 3 DAGs
[2024-07-13T01:36:06.955+0000] {logging_mixin.py:188} INFO - [2024-07-13T01:36:06.955+0000] {dag.py:3954} INFO - Setting next_dagrun for example_branch_datetime_operator to 2024-07-12 00:00:00+00:00, run_after=2024-07-13 00:00:00+00:00
[2024-07-13T01:36:06.962+0000] {logging_mixin.py:188} INFO - [2024-07-13T01:36:06.962+0000] {dag.py:3954} INFO - Setting next_dagrun for example_branch_datetime_operator_2 to 2024-07-12 00:00:00+00:00, run_after=2024-07-13 00:00:00+00:00
[2024-07-13T01:36:06.966+0000] {logging_mixin.py:188} INFO - [2024-07-13T01:36:06.966+0000] {dag.py:3954} INFO - Setting next_dagrun for example_branch_datetime_operator_3 to 2024-07-12 00:00:00+00:00, run_after=2024-07-13 00:00:00+00:00
[2024-07-13T01:36:06.985+0000] {processor.py:183} INFO - Processing /home/airflow/.local/lib/python3.12/site-packages/airflow/example_dags/example_branch_datetime_operator.py took 0.127 seconds
[2024-07-13T01:36:37.428+0000] {processor.py:161} INFO - Started process (PID=1022) to work on /home/airflow/.local/lib/python3.12/site-packages/airflow/example_dags/example_branch_datetime_operator.py
[2024-07-13T01:36:37.429+0000] {processor.py:830} INFO - Processing file /home/airflow/.local/lib/python3.12/site-packages/airflow/example_dags/example_branch_datetime_operator.py for tasks to queue
[2024-07-13T01:36:37.432+0000] {logging_mixin.py:188} INFO - [2024-07-13T01:36:37.431+0000] {dagbag.py:545} INFO - Filling up the DagBag from /home/airflow/.local/lib/python3.12/site-packages/airflow/example_dags/example_branch_datetime_operator.py
[2024-07-13T01:36:37.443+0000] {processor.py:840} INFO - DAG(s) 'example_branch_datetime_operator_3', 'example_branch_datetime_operator_2', 'example_branch_datetime_operator' retrieved from /home/airflow/.local/lib/python3.12/site-packages/airflow/example_dags/example_branch_datetime_operator.py
[2024-07-13T01:36:37.483+0000] {logging_mixin.py:188} INFO - [2024-07-13T01:36:37.483+0000] {dag.py:3096} INFO - Sync 3 DAGs
[2024-07-13T01:36:37.526+0000] {logging_mixin.py:188} INFO - [2024-07-13T01:36:37.525+0000] {dag.py:3954} INFO - Setting next_dagrun for example_branch_datetime_operator to 2024-07-12 00:00:00+00:00, run_after=2024-07-13 00:00:00+00:00
[2024-07-13T01:36:37.534+0000] {logging_mixin.py:188} INFO - [2024-07-13T01:36:37.533+0000] {dag.py:3954} INFO - Setting next_dagrun for example_branch_datetime_operator_2 to 2024-07-12 00:00:00+00:00, run_after=2024-07-13 00:00:00+00:00
[2024-07-13T01:36:37.537+0000] {logging_mixin.py:188} INFO - [2024-07-13T01:36:37.537+0000] {dag.py:3954} INFO - Setting next_dagrun for example_branch_datetime_operator_3 to 2024-07-12 00:00:00+00:00, run_after=2024-07-13 00:00:00+00:00
[2024-07-13T01:36:37.557+0000] {processor.py:183} INFO - Processing /home/airflow/.local/lib/python3.12/site-packages/airflow/example_dags/example_branch_datetime_operator.py took 0.136 seconds
[2024-07-13T01:37:07.980+0000] {processor.py:161} INFO - Started process (PID=1080) to work on /home/airflow/.local/lib/python3.12/site-packages/airflow/example_dags/example_branch_datetime_operator.py
[2024-07-13T01:37:07.981+0000] {processor.py:830} INFO - Processing file /home/airflow/.local/lib/python3.12/site-packages/airflow/example_dags/example_branch_datetime_operator.py for tasks to queue
[2024-07-13T01:37:07.983+0000] {logging_mixin.py:188} INFO - [2024-07-13T01:37:07.983+0000] {dagbag.py:545} INFO - Filling up the DagBag from /home/airflow/.local/lib/python3.12/site-packages/airflow/example_dags/example_branch_datetime_operator.py
[2024-07-13T01:37:07.996+0000] {processor.py:840} INFO - DAG(s) 'example_branch_datetime_operator_2', 'example_branch_datetime_operator_3', 'example_branch_datetime_operator' retrieved from /home/airflow/.local/lib/python3.12/site-packages/airflow/example_dags/example_branch_datetime_operator.py
[2024-07-13T01:37:08.032+0000] {logging_mixin.py:188} INFO - [2024-07-13T01:37:08.031+0000] {dag.py:3096} INFO - Sync 3 DAGs
[2024-07-13T01:37:08.064+0000] {logging_mixin.py:188} INFO - [2024-07-13T01:37:08.063+0000] {dag.py:3954} INFO - Setting next_dagrun for example_branch_datetime_operator to 2024-07-12 00:00:00+00:00, run_after=2024-07-13 00:00:00+00:00
[2024-07-13T01:37:08.070+0000] {logging_mixin.py:188} INFO - [2024-07-13T01:37:08.070+0000] {dag.py:3954} INFO - Setting next_dagrun for example_branch_datetime_operator_2 to 2024-07-12 00:00:00+00:00, run_after=2024-07-13 00:00:00+00:00
[2024-07-13T01:37:08.073+0000] {logging_mixin.py:188} INFO - [2024-07-13T01:37:08.073+0000] {dag.py:3954} INFO - Setting next_dagrun for example_branch_datetime_operator_3 to 2024-07-12 00:00:00+00:00, run_after=2024-07-13 00:00:00+00:00
[2024-07-13T01:37:08.094+0000] {processor.py:183} INFO - Processing /home/airflow/.local/lib/python3.12/site-packages/airflow/example_dags/example_branch_datetime_operator.py took 0.121 seconds
[2024-07-13T01:37:38.374+0000] {processor.py:161} INFO - Started process (PID=1139) to work on /home/airflow/.local/lib/python3.12/site-packages/airflow/example_dags/example_branch_datetime_operator.py
[2024-07-13T01:37:38.376+0000] {processor.py:830} INFO - Processing file /home/airflow/.local/lib/python3.12/site-packages/airflow/example_dags/example_branch_datetime_operator.py for tasks to queue
[2024-07-13T01:37:38.378+0000] {logging_mixin.py:188} INFO - [2024-07-13T01:37:38.378+0000] {dagbag.py:545} INFO - Filling up the DagBag from /home/airflow/.local/lib/python3.12/site-packages/airflow/example_dags/example_branch_datetime_operator.py
[2024-07-13T01:37:38.389+0000] {processor.py:840} INFO - DAG(s) 'example_branch_datetime_operator_3', 'example_branch_datetime_operator', 'example_branch_datetime_operator_2' retrieved from /home/airflow/.local/lib/python3.12/site-packages/airflow/example_dags/example_branch_datetime_operator.py
[2024-07-13T01:37:38.424+0000] {logging_mixin.py:188} INFO - [2024-07-13T01:37:38.424+0000] {dag.py:3096} INFO - Sync 3 DAGs
[2024-07-13T01:37:38.454+0000] {logging_mixin.py:188} INFO - [2024-07-13T01:37:38.453+0000] {dag.py:3954} INFO - Setting next_dagrun for example_branch_datetime_operator to 2024-07-12 00:00:00+00:00, run_after=2024-07-13 00:00:00+00:00
[2024-07-13T01:37:38.460+0000] {logging_mixin.py:188} INFO - [2024-07-13T01:37:38.460+0000] {dag.py:3954} INFO - Setting next_dagrun for example_branch_datetime_operator_2 to 2024-07-12 00:00:00+00:00, run_after=2024-07-13 00:00:00+00:00
[2024-07-13T01:37:38.463+0000] {logging_mixin.py:188} INFO - [2024-07-13T01:37:38.463+0000] {dag.py:3954} INFO - Setting next_dagrun for example_branch_datetime_operator_3 to 2024-07-12 00:00:00+00:00, run_after=2024-07-13 00:00:00+00:00
[2024-07-13T01:37:38.482+0000] {processor.py:183} INFO - Processing /home/airflow/.local/lib/python3.12/site-packages/airflow/example_dags/example_branch_datetime_operator.py took 0.115 seconds
[2024-07-13T01:38:08.688+0000] {processor.py:161} INFO - Started process (PID=1195) to work on /home/airflow/.local/lib/python3.12/site-packages/airflow/example_dags/example_branch_datetime_operator.py
[2024-07-13T01:38:08.691+0000] {processor.py:830} INFO - Processing file /home/airflow/.local/lib/python3.12/site-packages/airflow/example_dags/example_branch_datetime_operator.py for tasks to queue
[2024-07-13T01:38:08.693+0000] {logging_mixin.py:188} INFO - [2024-07-13T01:38:08.693+0000] {dagbag.py:545} INFO - Filling up the DagBag from /home/airflow/.local/lib/python3.12/site-packages/airflow/example_dags/example_branch_datetime_operator.py
[2024-07-13T01:38:08.724+0000] {processor.py:840} INFO - DAG(s) 'example_branch_datetime_operator', 'example_branch_datetime_operator_3', 'example_branch_datetime_operator_2' retrieved from /home/airflow/.local/lib/python3.12/site-packages/airflow/example_dags/example_branch_datetime_operator.py
[2024-07-13T01:38:08.787+0000] {logging_mixin.py:188} INFO - [2024-07-13T01:38:08.787+0000] {dag.py:3096} INFO - Sync 3 DAGs
[2024-07-13T01:38:08.825+0000] {logging_mixin.py:188} INFO - [2024-07-13T01:38:08.825+0000] {dag.py:3954} INFO - Setting next_dagrun for example_branch_datetime_operator to 2024-07-12 00:00:00+00:00, run_after=2024-07-13 00:00:00+00:00
[2024-07-13T01:38:08.840+0000] {logging_mixin.py:188} INFO - [2024-07-13T01:38:08.839+0000] {dag.py:3954} INFO - Setting next_dagrun for example_branch_datetime_operator_2 to 2024-07-12 00:00:00+00:00, run_after=2024-07-13 00:00:00+00:00
[2024-07-13T01:38:08.844+0000] {logging_mixin.py:188} INFO - [2024-07-13T01:38:08.844+0000] {dag.py:3954} INFO - Setting next_dagrun for example_branch_datetime_operator_3 to 2024-07-12 00:00:00+00:00, run_after=2024-07-13 00:00:00+00:00
[2024-07-13T01:38:08.877+0000] {processor.py:183} INFO - Processing /home/airflow/.local/lib/python3.12/site-packages/airflow/example_dags/example_branch_datetime_operator.py took 0.206 seconds
[2024-07-13T01:38:38.966+0000] {processor.py:161} INFO - Started process (PID=1253) to work on /home/airflow/.local/lib/python3.12/site-packages/airflow/example_dags/example_branch_datetime_operator.py
[2024-07-13T01:38:38.967+0000] {processor.py:830} INFO - Processing file /home/airflow/.local/lib/python3.12/site-packages/airflow/example_dags/example_branch_datetime_operator.py for tasks to queue
[2024-07-13T01:38:38.968+0000] {logging_mixin.py:188} INFO - [2024-07-13T01:38:38.968+0000] {dagbag.py:545} INFO - Filling up the DagBag from /home/airflow/.local/lib/python3.12/site-packages/airflow/example_dags/example_branch_datetime_operator.py
[2024-07-13T01:38:38.979+0000] {processor.py:840} INFO - DAG(s) 'example_branch_datetime_operator', 'example_branch_datetime_operator_3', 'example_branch_datetime_operator_2' retrieved from /home/airflow/.local/lib/python3.12/site-packages/airflow/example_dags/example_branch_datetime_operator.py
[2024-07-13T01:38:39.017+0000] {logging_mixin.py:188} INFO - [2024-07-13T01:38:39.017+0000] {dag.py:3096} INFO - Sync 3 DAGs
[2024-07-13T01:38:39.045+0000] {logging_mixin.py:188} INFO - [2024-07-13T01:38:39.044+0000] {dag.py:3954} INFO - Setting next_dagrun for example_branch_datetime_operator to 2024-07-12 00:00:00+00:00, run_after=2024-07-13 00:00:00+00:00
[2024-07-13T01:38:39.051+0000] {logging_mixin.py:188} INFO - [2024-07-13T01:38:39.051+0000] {dag.py:3954} INFO - Setting next_dagrun for example_branch_datetime_operator_2 to 2024-07-12 00:00:00+00:00, run_after=2024-07-13 00:00:00+00:00
[2024-07-13T01:38:39.054+0000] {logging_mixin.py:188} INFO - [2024-07-13T01:38:39.054+0000] {dag.py:3954} INFO - Setting next_dagrun for example_branch_datetime_operator_3 to 2024-07-12 00:00:00+00:00, run_after=2024-07-13 00:00:00+00:00
[2024-07-13T01:38:39.079+0000] {processor.py:183} INFO - Processing /home/airflow/.local/lib/python3.12/site-packages/airflow/example_dags/example_branch_datetime_operator.py took 0.121 seconds
[2024-07-13T01:39:09.198+0000] {processor.py:161} INFO - Started process (PID=1311) to work on /home/airflow/.local/lib/python3.12/site-packages/airflow/example_dags/example_branch_datetime_operator.py
[2024-07-13T01:39:09.206+0000] {processor.py:830} INFO - Processing file /home/airflow/.local/lib/python3.12/site-packages/airflow/example_dags/example_branch_datetime_operator.py for tasks to queue
[2024-07-13T01:39:09.209+0000] {logging_mixin.py:188} INFO - [2024-07-13T01:39:09.208+0000] {dagbag.py:545} INFO - Filling up the DagBag from /home/airflow/.local/lib/python3.12/site-packages/airflow/example_dags/example_branch_datetime_operator.py
[2024-07-13T01:39:09.221+0000] {processor.py:840} INFO - DAG(s) 'example_branch_datetime_operator_3', 'example_branch_datetime_operator_2', 'example_branch_datetime_operator' retrieved from /home/airflow/.local/lib/python3.12/site-packages/airflow/example_dags/example_branch_datetime_operator.py
[2024-07-13T01:39:09.257+0000] {logging_mixin.py:188} INFO - [2024-07-13T01:39:09.257+0000] {dag.py:3096} INFO - Sync 3 DAGs
[2024-07-13T01:39:09.287+0000] {logging_mixin.py:188} INFO - [2024-07-13T01:39:09.287+0000] {dag.py:3954} INFO - Setting next_dagrun for example_branch_datetime_operator to 2024-07-12 00:00:00+00:00, run_after=2024-07-13 00:00:00+00:00
[2024-07-13T01:39:09.295+0000] {logging_mixin.py:188} INFO - [2024-07-13T01:39:09.294+0000] {dag.py:3954} INFO - Setting next_dagrun for example_branch_datetime_operator_2 to 2024-07-12 00:00:00+00:00, run_after=2024-07-13 00:00:00+00:00
[2024-07-13T01:39:09.298+0000] {logging_mixin.py:188} INFO - [2024-07-13T01:39:09.298+0000] {dag.py:3954} INFO - Setting next_dagrun for example_branch_datetime_operator_3 to 2024-07-12 00:00:00+00:00, run_after=2024-07-13 00:00:00+00:00
[2024-07-13T01:39:09.325+0000] {processor.py:183} INFO - Processing /home/airflow/.local/lib/python3.12/site-packages/airflow/example_dags/example_branch_datetime_operator.py took 0.133 seconds
[2024-07-13T01:39:39.656+0000] {processor.py:161} INFO - Started process (PID=1369) to work on /home/airflow/.local/lib/python3.12/site-packages/airflow/example_dags/example_branch_datetime_operator.py
[2024-07-13T01:39:39.657+0000] {processor.py:830} INFO - Processing file /home/airflow/.local/lib/python3.12/site-packages/airflow/example_dags/example_branch_datetime_operator.py for tasks to queue
[2024-07-13T01:39:39.660+0000] {logging_mixin.py:188} INFO - [2024-07-13T01:39:39.659+0000] {dagbag.py:545} INFO - Filling up the DagBag from /home/airflow/.local/lib/python3.12/site-packages/airflow/example_dags/example_branch_datetime_operator.py
[2024-07-13T01:39:39.672+0000] {processor.py:840} INFO - DAG(s) 'example_branch_datetime_operator_2', 'example_branch_datetime_operator_3', 'example_branch_datetime_operator' retrieved from /home/airflow/.local/lib/python3.12/site-packages/airflow/example_dags/example_branch_datetime_operator.py
[2024-07-13T01:39:39.715+0000] {logging_mixin.py:188} INFO - [2024-07-13T01:39:39.714+0000] {dag.py:3096} INFO - Sync 3 DAGs
[2024-07-13T01:39:39.747+0000] {logging_mixin.py:188} INFO - [2024-07-13T01:39:39.747+0000] {dag.py:3954} INFO - Setting next_dagrun for example_branch_datetime_operator to 2024-07-12 00:00:00+00:00, run_after=2024-07-13 00:00:00+00:00
[2024-07-13T01:39:39.754+0000] {logging_mixin.py:188} INFO - [2024-07-13T01:39:39.754+0000] {dag.py:3954} INFO - Setting next_dagrun for example_branch_datetime_operator_2 to 2024-07-12 00:00:00+00:00, run_after=2024-07-13 00:00:00+00:00
[2024-07-13T01:39:39.757+0000] {logging_mixin.py:188} INFO - [2024-07-13T01:39:39.757+0000] {dag.py:3954} INFO - Setting next_dagrun for example_branch_datetime_operator_3 to 2024-07-12 00:00:00+00:00, run_after=2024-07-13 00:00:00+00:00
[2024-07-13T01:39:39.780+0000] {processor.py:183} INFO - Processing /home/airflow/.local/lib/python3.12/site-packages/airflow/example_dags/example_branch_datetime_operator.py took 0.133 seconds
[2024-07-13T01:40:10.194+0000] {processor.py:161} INFO - Started process (PID=1427) to work on /home/airflow/.local/lib/python3.12/site-packages/airflow/example_dags/example_branch_datetime_operator.py
[2024-07-13T01:40:10.200+0000] {processor.py:830} INFO - Processing file /home/airflow/.local/lib/python3.12/site-packages/airflow/example_dags/example_branch_datetime_operator.py for tasks to queue
[2024-07-13T01:40:10.202+0000] {logging_mixin.py:188} INFO - [2024-07-13T01:40:10.202+0000] {dagbag.py:545} INFO - Filling up the DagBag from /home/airflow/.local/lib/python3.12/site-packages/airflow/example_dags/example_branch_datetime_operator.py
[2024-07-13T01:40:10.216+0000] {processor.py:840} INFO - DAG(s) 'example_branch_datetime_operator_2', 'example_branch_datetime_operator', 'example_branch_datetime_operator_3' retrieved from /home/airflow/.local/lib/python3.12/site-packages/airflow/example_dags/example_branch_datetime_operator.py
[2024-07-13T01:40:10.250+0000] {logging_mixin.py:188} INFO - [2024-07-13T01:40:10.250+0000] {dag.py:3096} INFO - Sync 3 DAGs
[2024-07-13T01:40:10.282+0000] {logging_mixin.py:188} INFO - [2024-07-13T01:40:10.282+0000] {dag.py:3954} INFO - Setting next_dagrun for example_branch_datetime_operator to 2024-07-12 00:00:00+00:00, run_after=2024-07-13 00:00:00+00:00
[2024-07-13T01:40:10.292+0000] {logging_mixin.py:188} INFO - [2024-07-13T01:40:10.291+0000] {dag.py:3954} INFO - Setting next_dagrun for example_branch_datetime_operator_2 to 2024-07-12 00:00:00+00:00, run_after=2024-07-13 00:00:00+00:00
[2024-07-13T01:40:10.295+0000] {logging_mixin.py:188} INFO - [2024-07-13T01:40:10.295+0000] {dag.py:3954} INFO - Setting next_dagrun for example_branch_datetime_operator_3 to 2024-07-12 00:00:00+00:00, run_after=2024-07-13 00:00:00+00:00
[2024-07-13T01:40:10.320+0000] {processor.py:183} INFO - Processing /home/airflow/.local/lib/python3.12/site-packages/airflow/example_dags/example_branch_datetime_operator.py took 0.133 seconds
[2024-07-13T01:40:40.771+0000] {processor.py:161} INFO - Started process (PID=1485) to work on /home/airflow/.local/lib/python3.12/site-packages/airflow/example_dags/example_branch_datetime_operator.py
[2024-07-13T01:40:40.772+0000] {processor.py:830} INFO - Processing file /home/airflow/.local/lib/python3.12/site-packages/airflow/example_dags/example_branch_datetime_operator.py for tasks to queue
[2024-07-13T01:40:40.775+0000] {logging_mixin.py:188} INFO - [2024-07-13T01:40:40.775+0000] {dagbag.py:545} INFO - Filling up the DagBag from /home/airflow/.local/lib/python3.12/site-packages/airflow/example_dags/example_branch_datetime_operator.py
[2024-07-13T01:40:40.789+0000] {processor.py:840} INFO - DAG(s) 'example_branch_datetime_operator_3', 'example_branch_datetime_operator_2', 'example_branch_datetime_operator' retrieved from /home/airflow/.local/lib/python3.12/site-packages/airflow/example_dags/example_branch_datetime_operator.py
[2024-07-13T01:40:40.824+0000] {logging_mixin.py:188} INFO - [2024-07-13T01:40:40.824+0000] {dag.py:3096} INFO - Sync 3 DAGs
[2024-07-13T01:40:40.858+0000] {logging_mixin.py:188} INFO - [2024-07-13T01:40:40.858+0000] {dag.py:3954} INFO - Setting next_dagrun for example_branch_datetime_operator to 2024-07-12 00:00:00+00:00, run_after=2024-07-13 00:00:00+00:00
[2024-07-13T01:40:40.864+0000] {logging_mixin.py:188} INFO - [2024-07-13T01:40:40.864+0000] {dag.py:3954} INFO - Setting next_dagrun for example_branch_datetime_operator_2 to 2024-07-12 00:00:00+00:00, run_after=2024-07-13 00:00:00+00:00
[2024-07-13T01:40:40.867+0000] {logging_mixin.py:188} INFO - [2024-07-13T01:40:40.867+0000] {dag.py:3954} INFO - Setting next_dagrun for example_branch_datetime_operator_3 to 2024-07-12 00:00:00+00:00, run_after=2024-07-13 00:00:00+00:00
[2024-07-13T01:40:40.889+0000] {processor.py:183} INFO - Processing /home/airflow/.local/lib/python3.12/site-packages/airflow/example_dags/example_branch_datetime_operator.py took 0.126 seconds
[2024-07-13T01:41:11.170+0000] {processor.py:161} INFO - Started process (PID=1543) to work on /home/airflow/.local/lib/python3.12/site-packages/airflow/example_dags/example_branch_datetime_operator.py
[2024-07-13T01:41:11.178+0000] {processor.py:830} INFO - Processing file /home/airflow/.local/lib/python3.12/site-packages/airflow/example_dags/example_branch_datetime_operator.py for tasks to queue
[2024-07-13T01:41:11.180+0000] {logging_mixin.py:188} INFO - [2024-07-13T01:41:11.180+0000] {dagbag.py:545} INFO - Filling up the DagBag from /home/airflow/.local/lib/python3.12/site-packages/airflow/example_dags/example_branch_datetime_operator.py
[2024-07-13T01:41:11.192+0000] {processor.py:840} INFO - DAG(s) 'example_branch_datetime_operator_3', 'example_branch_datetime_operator_2', 'example_branch_datetime_operator' retrieved from /home/airflow/.local/lib/python3.12/site-packages/airflow/example_dags/example_branch_datetime_operator.py
[2024-07-13T01:41:11.227+0000] {logging_mixin.py:188} INFO - [2024-07-13T01:41:11.227+0000] {dag.py:3096} INFO - Sync 3 DAGs
[2024-07-13T01:41:11.256+0000] {logging_mixin.py:188} INFO - [2024-07-13T01:41:11.256+0000] {dag.py:3954} INFO - Setting next_dagrun for example_branch_datetime_operator to 2024-07-12 00:00:00+00:00, run_after=2024-07-13 00:00:00+00:00
[2024-07-13T01:41:11.264+0000] {logging_mixin.py:188} INFO - [2024-07-13T01:41:11.264+0000] {dag.py:3954} INFO - Setting next_dagrun for example_branch_datetime_operator_2 to 2024-07-12 00:00:00+00:00, run_after=2024-07-13 00:00:00+00:00
[2024-07-13T01:41:11.267+0000] {logging_mixin.py:188} INFO - [2024-07-13T01:41:11.267+0000] {dag.py:3954} INFO - Setting next_dagrun for example_branch_datetime_operator_3 to 2024-07-12 00:00:00+00:00, run_after=2024-07-13 00:00:00+00:00
[2024-07-13T01:41:11.286+0000] {processor.py:183} INFO - Processing /home/airflow/.local/lib/python3.12/site-packages/airflow/example_dags/example_branch_datetime_operator.py took 0.122 seconds
[2024-07-13T01:41:41.717+0000] {processor.py:161} INFO - Started process (PID=1601) to work on /home/airflow/.local/lib/python3.12/site-packages/airflow/example_dags/example_branch_datetime_operator.py
[2024-07-13T01:41:41.719+0000] {processor.py:830} INFO - Processing file /home/airflow/.local/lib/python3.12/site-packages/airflow/example_dags/example_branch_datetime_operator.py for tasks to queue
[2024-07-13T01:41:41.722+0000] {logging_mixin.py:188} INFO - [2024-07-13T01:41:41.721+0000] {dagbag.py:545} INFO - Filling up the DagBag from /home/airflow/.local/lib/python3.12/site-packages/airflow/example_dags/example_branch_datetime_operator.py
[2024-07-13T01:41:41.735+0000] {processor.py:840} INFO - DAG(s) 'example_branch_datetime_operator_2', 'example_branch_datetime_operator_3', 'example_branch_datetime_operator' retrieved from /home/airflow/.local/lib/python3.12/site-packages/airflow/example_dags/example_branch_datetime_operator.py
[2024-07-13T01:41:41.778+0000] {logging_mixin.py:188} INFO - [2024-07-13T01:41:41.778+0000] {dag.py:3096} INFO - Sync 3 DAGs
[2024-07-13T01:41:41.812+0000] {logging_mixin.py:188} INFO - [2024-07-13T01:41:41.811+0000] {dag.py:3954} INFO - Setting next_dagrun for example_branch_datetime_operator to 2024-07-12 00:00:00+00:00, run_after=2024-07-13 00:00:00+00:00
[2024-07-13T01:41:41.835+0000] {logging_mixin.py:188} INFO - [2024-07-13T01:41:41.835+0000] {dag.py:3954} INFO - Setting next_dagrun for example_branch_datetime_operator_2 to 2024-07-12 00:00:00+00:00, run_after=2024-07-13 00:00:00+00:00
[2024-07-13T01:41:41.842+0000] {logging_mixin.py:188} INFO - [2024-07-13T01:41:41.842+0000] {dag.py:3954} INFO - Setting next_dagrun for example_branch_datetime_operator_3 to 2024-07-12 00:00:00+00:00, run_after=2024-07-13 00:00:00+00:00
[2024-07-13T01:41:41.916+0000] {processor.py:183} INFO - Processing /home/airflow/.local/lib/python3.12/site-packages/airflow/example_dags/example_branch_datetime_operator.py took 0.205 seconds
[2024-07-13T01:42:12.175+0000] {processor.py:161} INFO - Started process (PID=1659) to work on /home/airflow/.local/lib/python3.12/site-packages/airflow/example_dags/example_branch_datetime_operator.py
[2024-07-13T01:42:12.176+0000] {processor.py:830} INFO - Processing file /home/airflow/.local/lib/python3.12/site-packages/airflow/example_dags/example_branch_datetime_operator.py for tasks to queue
[2024-07-13T01:42:12.178+0000] {logging_mixin.py:188} INFO - [2024-07-13T01:42:12.178+0000] {dagbag.py:545} INFO - Filling up the DagBag from /home/airflow/.local/lib/python3.12/site-packages/airflow/example_dags/example_branch_datetime_operator.py
[2024-07-13T01:42:12.193+0000] {processor.py:840} INFO - DAG(s) 'example_branch_datetime_operator', 'example_branch_datetime_operator_2', 'example_branch_datetime_operator_3' retrieved from /home/airflow/.local/lib/python3.12/site-packages/airflow/example_dags/example_branch_datetime_operator.py
[2024-07-13T01:42:12.236+0000] {logging_mixin.py:188} INFO - [2024-07-13T01:42:12.235+0000] {dag.py:3096} INFO - Sync 3 DAGs
[2024-07-13T01:42:12.270+0000] {logging_mixin.py:188} INFO - [2024-07-13T01:42:12.270+0000] {dag.py:3954} INFO - Setting next_dagrun for example_branch_datetime_operator to 2024-07-12 00:00:00+00:00, run_after=2024-07-13 00:00:00+00:00
[2024-07-13T01:42:12.278+0000] {logging_mixin.py:188} INFO - [2024-07-13T01:42:12.277+0000] {dag.py:3954} INFO - Setting next_dagrun for example_branch_datetime_operator_2 to 2024-07-12 00:00:00+00:00, run_after=2024-07-13 00:00:00+00:00
[2024-07-13T01:42:12.280+0000] {logging_mixin.py:188} INFO - [2024-07-13T01:42:12.280+0000] {dag.py:3954} INFO - Setting next_dagrun for example_branch_datetime_operator_3 to 2024-07-12 00:00:00+00:00, run_after=2024-07-13 00:00:00+00:00
[2024-07-13T01:42:12.302+0000] {processor.py:183} INFO - Processing /home/airflow/.local/lib/python3.12/site-packages/airflow/example_dags/example_branch_datetime_operator.py took 0.134 seconds
[2024-07-13T01:42:42.444+0000] {processor.py:161} INFO - Started process (PID=1717) to work on /home/airflow/.local/lib/python3.12/site-packages/airflow/example_dags/example_branch_datetime_operator.py
[2024-07-13T01:42:42.447+0000] {processor.py:830} INFO - Processing file /home/airflow/.local/lib/python3.12/site-packages/airflow/example_dags/example_branch_datetime_operator.py for tasks to queue
[2024-07-13T01:42:42.449+0000] {logging_mixin.py:188} INFO - [2024-07-13T01:42:42.449+0000] {dagbag.py:545} INFO - Filling up the DagBag from /home/airflow/.local/lib/python3.12/site-packages/airflow/example_dags/example_branch_datetime_operator.py
[2024-07-13T01:42:42.462+0000] {processor.py:840} INFO - DAG(s) 'example_branch_datetime_operator_3', 'example_branch_datetime_operator_2', 'example_branch_datetime_operator' retrieved from /home/airflow/.local/lib/python3.12/site-packages/airflow/example_dags/example_branch_datetime_operator.py
[2024-07-13T01:42:42.499+0000] {logging_mixin.py:188} INFO - [2024-07-13T01:42:42.498+0000] {dag.py:3096} INFO - Sync 3 DAGs
[2024-07-13T01:42:42.531+0000] {logging_mixin.py:188} INFO - [2024-07-13T01:42:42.531+0000] {dag.py:3954} INFO - Setting next_dagrun for example_branch_datetime_operator to 2024-07-12 00:00:00+00:00, run_after=2024-07-13 00:00:00+00:00
[2024-07-13T01:42:42.538+0000] {logging_mixin.py:188} INFO - [2024-07-13T01:42:42.538+0000] {dag.py:3954} INFO - Setting next_dagrun for example_branch_datetime_operator_2 to 2024-07-12 00:00:00+00:00, run_after=2024-07-13 00:00:00+00:00
[2024-07-13T01:42:42.541+0000] {logging_mixin.py:188} INFO - [2024-07-13T01:42:42.541+0000] {dag.py:3954} INFO - Setting next_dagrun for example_branch_datetime_operator_3 to 2024-07-12 00:00:00+00:00, run_after=2024-07-13 00:00:00+00:00
[2024-07-13T01:42:42.701+0000] {processor.py:183} INFO - Processing /home/airflow/.local/lib/python3.12/site-packages/airflow/example_dags/example_branch_datetime_operator.py took 0.264 seconds
[2024-07-13T01:43:13.070+0000] {processor.py:161} INFO - Started process (PID=1775) to work on /home/airflow/.local/lib/python3.12/site-packages/airflow/example_dags/example_branch_datetime_operator.py
[2024-07-13T01:43:13.071+0000] {processor.py:830} INFO - Processing file /home/airflow/.local/lib/python3.12/site-packages/airflow/example_dags/example_branch_datetime_operator.py for tasks to queue
[2024-07-13T01:43:13.074+0000] {logging_mixin.py:188} INFO - [2024-07-13T01:43:13.073+0000] {dagbag.py:545} INFO - Filling up the DagBag from /home/airflow/.local/lib/python3.12/site-packages/airflow/example_dags/example_branch_datetime_operator.py
[2024-07-13T01:43:13.086+0000] {processor.py:840} INFO - DAG(s) 'example_branch_datetime_operator', 'example_branch_datetime_operator_3', 'example_branch_datetime_operator_2' retrieved from /home/airflow/.local/lib/python3.12/site-packages/airflow/example_dags/example_branch_datetime_operator.py
[2024-07-13T01:43:13.121+0000] {logging_mixin.py:188} INFO - [2024-07-13T01:43:13.121+0000] {dag.py:3096} INFO - Sync 3 DAGs
[2024-07-13T01:43:13.152+0000] {logging_mixin.py:188} INFO - [2024-07-13T01:43:13.152+0000] {dag.py:3954} INFO - Setting next_dagrun for example_branch_datetime_operator to 2024-07-12 00:00:00+00:00, run_after=2024-07-13 00:00:00+00:00
[2024-07-13T01:43:13.162+0000] {logging_mixin.py:188} INFO - [2024-07-13T01:43:13.162+0000] {dag.py:3954} INFO - Setting next_dagrun for example_branch_datetime_operator_2 to 2024-07-12 00:00:00+00:00, run_after=2024-07-13 00:00:00+00:00
[2024-07-13T01:43:13.166+0000] {logging_mixin.py:188} INFO - [2024-07-13T01:43:13.166+0000] {dag.py:3954} INFO - Setting next_dagrun for example_branch_datetime_operator_3 to 2024-07-12 00:00:00+00:00, run_after=2024-07-13 00:00:00+00:00
[2024-07-13T01:43:13.190+0000] {processor.py:183} INFO - Processing /home/airflow/.local/lib/python3.12/site-packages/airflow/example_dags/example_branch_datetime_operator.py took 0.127 seconds
