[2024-07-13T01:28:13.164+0000] {processor.py:161} INFO - Started process (PID=62) to work on /home/airflow/.local/lib/python3.12/site-packages/airflow/example_dags/example_sla_dag.py
[2024-07-13T01:28:13.164+0000] {processor.py:830} INFO - Processing file /home/airflow/.local/lib/python3.12/site-packages/airflow/example_dags/example_sla_dag.py for tasks to queue
[2024-07-13T01:28:13.170+0000] {logging_mixin.py:188} INFO - [2024-07-13T01:28:13.170+0000] {dagbag.py:545} INFO - Filling up the DagBag from /home/airflow/.local/lib/python3.12/site-packages/airflow/example_dags/example_sla_dag.py
[2024-07-13T01:28:13.183+0000] {processor.py:840} INFO - DAG(s) 'example_sla_dag' retrieved from /home/airflow/.local/lib/python3.12/site-packages/airflow/example_dags/example_sla_dag.py
[2024-07-13T01:28:13.318+0000] {logging_mixin.py:188} INFO - [2024-07-13T01:28:13.317+0000] {dag.py:3096} INFO - Sync 1 DAGs
[2024-07-13T01:28:13.345+0000] {logging_mixin.py:188} INFO - [2024-07-13T01:28:13.344+0000] {dag.py:3954} INFO - Setting next_dagrun for example_sla_dag to 2024-07-13 01:26:00+00:00, run_after=2024-07-13 01:28:00+00:00
[2024-07-13T01:28:13.378+0000] {processor.py:183} INFO - Processing /home/airflow/.local/lib/python3.12/site-packages/airflow/example_dags/example_sla_dag.py took 0.221 seconds
[2024-07-13T01:28:43.683+0000] {processor.py:161} INFO - Started process (PID=119) to work on /home/airflow/.local/lib/python3.12/site-packages/airflow/example_dags/example_sla_dag.py
[2024-07-13T01:28:43.684+0000] {processor.py:830} INFO - Processing file /home/airflow/.local/lib/python3.12/site-packages/airflow/example_dags/example_sla_dag.py for tasks to queue
[2024-07-13T01:28:43.686+0000] {logging_mixin.py:188} INFO - [2024-07-13T01:28:43.685+0000] {dagbag.py:545} INFO - Filling up the DagBag from /home/airflow/.local/lib/python3.12/site-packages/airflow/example_dags/example_sla_dag.py
[2024-07-13T01:28:43.696+0000] {processor.py:840} INFO - DAG(s) 'example_sla_dag' retrieved from /home/airflow/.local/lib/python3.12/site-packages/airflow/example_dags/example_sla_dag.py
[2024-07-13T01:28:43.717+0000] {logging_mixin.py:188} INFO - [2024-07-13T01:28:43.717+0000] {dag.py:3096} INFO - Sync 1 DAGs
[2024-07-13T01:28:43.746+0000] {logging_mixin.py:188} INFO - [2024-07-13T01:28:43.745+0000] {dag.py:3954} INFO - Setting next_dagrun for example_sla_dag to 2024-07-13 01:26:00+00:00, run_after=2024-07-13 01:28:00+00:00
[2024-07-13T01:28:43.770+0000] {processor.py:183} INFO - Processing /home/airflow/.local/lib/python3.12/site-packages/airflow/example_dags/example_sla_dag.py took 0.093 seconds
[2024-07-13T01:29:14.100+0000] {processor.py:161} INFO - Started process (PID=177) to work on /home/airflow/.local/lib/python3.12/site-packages/airflow/example_dags/example_sla_dag.py
[2024-07-13T01:29:14.102+0000] {processor.py:830} INFO - Processing file /home/airflow/.local/lib/python3.12/site-packages/airflow/example_dags/example_sla_dag.py for tasks to queue
[2024-07-13T01:29:14.103+0000] {logging_mixin.py:188} INFO - [2024-07-13T01:29:14.103+0000] {dagbag.py:545} INFO - Filling up the DagBag from /home/airflow/.local/lib/python3.12/site-packages/airflow/example_dags/example_sla_dag.py
[2024-07-13T01:29:14.114+0000] {processor.py:840} INFO - DAG(s) 'example_sla_dag' retrieved from /home/airflow/.local/lib/python3.12/site-packages/airflow/example_dags/example_sla_dag.py
[2024-07-13T01:29:14.138+0000] {logging_mixin.py:188} INFO - [2024-07-13T01:29:14.137+0000] {dag.py:3096} INFO - Sync 1 DAGs
[2024-07-13T01:29:14.169+0000] {logging_mixin.py:188} INFO - [2024-07-13T01:29:14.169+0000] {dag.py:3954} INFO - Setting next_dagrun for example_sla_dag to 2024-07-13 01:26:00+00:00, run_after=2024-07-13 01:28:00+00:00
[2024-07-13T01:29:14.195+0000] {processor.py:183} INFO - Processing /home/airflow/.local/lib/python3.12/site-packages/airflow/example_dags/example_sla_dag.py took 0.101 seconds
[2024-07-13T01:29:44.256+0000] {processor.py:161} INFO - Started process (PID=235) to work on /home/airflow/.local/lib/python3.12/site-packages/airflow/example_dags/example_sla_dag.py
[2024-07-13T01:29:44.258+0000] {processor.py:830} INFO - Processing file /home/airflow/.local/lib/python3.12/site-packages/airflow/example_dags/example_sla_dag.py for tasks to queue
[2024-07-13T01:29:44.260+0000] {logging_mixin.py:188} INFO - [2024-07-13T01:29:44.260+0000] {dagbag.py:545} INFO - Filling up the DagBag from /home/airflow/.local/lib/python3.12/site-packages/airflow/example_dags/example_sla_dag.py
[2024-07-13T01:29:44.270+0000] {processor.py:840} INFO - DAG(s) 'example_sla_dag' retrieved from /home/airflow/.local/lib/python3.12/site-packages/airflow/example_dags/example_sla_dag.py
[2024-07-13T01:29:44.292+0000] {logging_mixin.py:188} INFO - [2024-07-13T01:29:44.292+0000] {dag.py:3096} INFO - Sync 1 DAGs
[2024-07-13T01:29:44.319+0000] {logging_mixin.py:188} INFO - [2024-07-13T01:29:44.319+0000] {dag.py:3954} INFO - Setting next_dagrun for example_sla_dag to 2024-07-13 01:26:00+00:00, run_after=2024-07-13 01:28:00+00:00
[2024-07-13T01:29:44.340+0000] {processor.py:183} INFO - Processing /home/airflow/.local/lib/python3.12/site-packages/airflow/example_dags/example_sla_dag.py took 0.091 seconds
[2024-07-13T01:30:14.463+0000] {processor.py:161} INFO - Started process (PID=292) to work on /home/airflow/.local/lib/python3.12/site-packages/airflow/example_dags/example_sla_dag.py
[2024-07-13T01:30:14.464+0000] {processor.py:830} INFO - Processing file /home/airflow/.local/lib/python3.12/site-packages/airflow/example_dags/example_sla_dag.py for tasks to queue
[2024-07-13T01:30:14.466+0000] {logging_mixin.py:188} INFO - [2024-07-13T01:30:14.466+0000] {dagbag.py:545} INFO - Filling up the DagBag from /home/airflow/.local/lib/python3.12/site-packages/airflow/example_dags/example_sla_dag.py
[2024-07-13T01:30:14.476+0000] {processor.py:840} INFO - DAG(s) 'example_sla_dag' retrieved from /home/airflow/.local/lib/python3.12/site-packages/airflow/example_dags/example_sla_dag.py
[2024-07-13T01:30:14.503+0000] {logging_mixin.py:188} INFO - [2024-07-13T01:30:14.502+0000] {dag.py:3096} INFO - Sync 1 DAGs
[2024-07-13T01:30:14.554+0000] {logging_mixin.py:188} INFO - [2024-07-13T01:30:14.554+0000] {dag.py:3954} INFO - Setting next_dagrun for example_sla_dag to 2024-07-13 01:28:00+00:00, run_after=2024-07-13 01:30:00+00:00
[2024-07-13T01:30:14.598+0000] {processor.py:183} INFO - Processing /home/airflow/.local/lib/python3.12/site-packages/airflow/example_dags/example_sla_dag.py took 0.141 seconds
[2024-07-13T01:30:45.186+0000] {processor.py:161} INFO - Started process (PID=356) to work on /home/airflow/.local/lib/python3.12/site-packages/airflow/example_dags/example_sla_dag.py
[2024-07-13T01:30:45.186+0000] {processor.py:830} INFO - Processing file /home/airflow/.local/lib/python3.12/site-packages/airflow/example_dags/example_sla_dag.py for tasks to queue
[2024-07-13T01:30:45.189+0000] {logging_mixin.py:188} INFO - [2024-07-13T01:30:45.189+0000] {dagbag.py:545} INFO - Filling up the DagBag from /home/airflow/.local/lib/python3.12/site-packages/airflow/example_dags/example_sla_dag.py
[2024-07-13T01:30:45.199+0000] {processor.py:840} INFO - DAG(s) 'example_sla_dag' retrieved from /home/airflow/.local/lib/python3.12/site-packages/airflow/example_dags/example_sla_dag.py
[2024-07-13T01:30:45.222+0000] {logging_mixin.py:188} INFO - [2024-07-13T01:30:45.221+0000] {dag.py:3096} INFO - Sync 1 DAGs
[2024-07-13T01:30:45.249+0000] {logging_mixin.py:188} INFO - [2024-07-13T01:30:45.249+0000] {dag.py:3954} INFO - Setting next_dagrun for example_sla_dag to 2024-07-13 01:28:00+00:00, run_after=2024-07-13 01:30:00+00:00
[2024-07-13T01:30:45.271+0000] {processor.py:183} INFO - Processing /home/airflow/.local/lib/python3.12/site-packages/airflow/example_dags/example_sla_dag.py took 0.092 seconds
[2024-07-13T01:31:15.551+0000] {processor.py:161} INFO - Started process (PID=414) to work on /home/airflow/.local/lib/python3.12/site-packages/airflow/example_dags/example_sla_dag.py
[2024-07-13T01:31:15.553+0000] {processor.py:830} INFO - Processing file /home/airflow/.local/lib/python3.12/site-packages/airflow/example_dags/example_sla_dag.py for tasks to queue
[2024-07-13T01:31:15.555+0000] {logging_mixin.py:188} INFO - [2024-07-13T01:31:15.555+0000] {dagbag.py:545} INFO - Filling up the DagBag from /home/airflow/.local/lib/python3.12/site-packages/airflow/example_dags/example_sla_dag.py
[2024-07-13T01:31:15.571+0000] {processor.py:840} INFO - DAG(s) 'example_sla_dag' retrieved from /home/airflow/.local/lib/python3.12/site-packages/airflow/example_dags/example_sla_dag.py
[2024-07-13T01:31:15.593+0000] {logging_mixin.py:188} INFO - [2024-07-13T01:31:15.592+0000] {dag.py:3096} INFO - Sync 1 DAGs
[2024-07-13T01:31:15.638+0000] {logging_mixin.py:188} INFO - [2024-07-13T01:31:15.637+0000] {dag.py:3954} INFO - Setting next_dagrun for example_sla_dag to 2024-07-13 01:28:00+00:00, run_after=2024-07-13 01:30:00+00:00
[2024-07-13T01:31:15.661+0000] {processor.py:183} INFO - Processing /home/airflow/.local/lib/python3.12/site-packages/airflow/example_dags/example_sla_dag.py took 0.117 seconds
[2024-07-13T01:31:45.801+0000] {processor.py:161} INFO - Started process (PID=473) to work on /home/airflow/.local/lib/python3.12/site-packages/airflow/example_dags/example_sla_dag.py
[2024-07-13T01:31:45.802+0000] {processor.py:830} INFO - Processing file /home/airflow/.local/lib/python3.12/site-packages/airflow/example_dags/example_sla_dag.py for tasks to queue
[2024-07-13T01:31:45.804+0000] {logging_mixin.py:188} INFO - [2024-07-13T01:31:45.804+0000] {dagbag.py:545} INFO - Filling up the DagBag from /home/airflow/.local/lib/python3.12/site-packages/airflow/example_dags/example_sla_dag.py
[2024-07-13T01:31:45.819+0000] {processor.py:840} INFO - DAG(s) 'example_sla_dag' retrieved from /home/airflow/.local/lib/python3.12/site-packages/airflow/example_dags/example_sla_dag.py
[2024-07-13T01:31:45.841+0000] {logging_mixin.py:188} INFO - [2024-07-13T01:31:45.841+0000] {dag.py:3096} INFO - Sync 1 DAGs
[2024-07-13T01:31:45.870+0000] {logging_mixin.py:188} INFO - [2024-07-13T01:31:45.870+0000] {dag.py:3954} INFO - Setting next_dagrun for example_sla_dag to 2024-07-13 01:28:00+00:00, run_after=2024-07-13 01:30:00+00:00
[2024-07-13T01:31:45.897+0000] {processor.py:183} INFO - Processing /home/airflow/.local/lib/python3.12/site-packages/airflow/example_dags/example_sla_dag.py took 0.103 seconds
[2024-07-13T01:32:16.053+0000] {processor.py:161} INFO - Started process (PID=531) to work on /home/airflow/.local/lib/python3.12/site-packages/airflow/example_dags/example_sla_dag.py
[2024-07-13T01:32:16.054+0000] {processor.py:830} INFO - Processing file /home/airflow/.local/lib/python3.12/site-packages/airflow/example_dags/example_sla_dag.py for tasks to queue
[2024-07-13T01:32:16.056+0000] {logging_mixin.py:188} INFO - [2024-07-13T01:32:16.056+0000] {dagbag.py:545} INFO - Filling up the DagBag from /home/airflow/.local/lib/python3.12/site-packages/airflow/example_dags/example_sla_dag.py
[2024-07-13T01:32:16.065+0000] {processor.py:840} INFO - DAG(s) 'example_sla_dag' retrieved from /home/airflow/.local/lib/python3.12/site-packages/airflow/example_dags/example_sla_dag.py
[2024-07-13T01:32:16.091+0000] {logging_mixin.py:188} INFO - [2024-07-13T01:32:16.091+0000] {dag.py:3096} INFO - Sync 1 DAGs
[2024-07-13T01:32:16.119+0000] {logging_mixin.py:188} INFO - [2024-07-13T01:32:16.119+0000] {dag.py:3954} INFO - Setting next_dagrun for example_sla_dag to 2024-07-13 01:30:00+00:00, run_after=2024-07-13 01:32:00+00:00
[2024-07-13T01:32:16.151+0000] {processor.py:183} INFO - Processing /home/airflow/.local/lib/python3.12/site-packages/airflow/example_dags/example_sla_dag.py took 0.104 seconds
[2024-07-13T01:32:46.248+0000] {processor.py:161} INFO - Started process (PID=589) to work on /home/airflow/.local/lib/python3.12/site-packages/airflow/example_dags/example_sla_dag.py
[2024-07-13T01:32:46.249+0000] {processor.py:830} INFO - Processing file /home/airflow/.local/lib/python3.12/site-packages/airflow/example_dags/example_sla_dag.py for tasks to queue
[2024-07-13T01:32:46.251+0000] {logging_mixin.py:188} INFO - [2024-07-13T01:32:46.250+0000] {dagbag.py:545} INFO - Filling up the DagBag from /home/airflow/.local/lib/python3.12/site-packages/airflow/example_dags/example_sla_dag.py
[2024-07-13T01:32:46.261+0000] {processor.py:840} INFO - DAG(s) 'example_sla_dag' retrieved from /home/airflow/.local/lib/python3.12/site-packages/airflow/example_dags/example_sla_dag.py
[2024-07-13T01:32:46.285+0000] {logging_mixin.py:188} INFO - [2024-07-13T01:32:46.284+0000] {dag.py:3096} INFO - Sync 1 DAGs
[2024-07-13T01:32:46.316+0000] {logging_mixin.py:188} INFO - [2024-07-13T01:32:46.316+0000] {dag.py:3954} INFO - Setting next_dagrun for example_sla_dag to 2024-07-13 01:30:00+00:00, run_after=2024-07-13 01:32:00+00:00
[2024-07-13T01:32:46.345+0000] {processor.py:183} INFO - Processing /home/airflow/.local/lib/python3.12/site-packages/airflow/example_dags/example_sla_dag.py took 0.104 seconds
[2024-07-13T01:33:16.766+0000] {processor.py:161} INFO - Started process (PID=648) to work on /home/airflow/.local/lib/python3.12/site-packages/airflow/example_dags/example_sla_dag.py
[2024-07-13T01:33:16.767+0000] {processor.py:830} INFO - Processing file /home/airflow/.local/lib/python3.12/site-packages/airflow/example_dags/example_sla_dag.py for tasks to queue
[2024-07-13T01:33:16.769+0000] {logging_mixin.py:188} INFO - [2024-07-13T01:33:16.769+0000] {dagbag.py:545} INFO - Filling up the DagBag from /home/airflow/.local/lib/python3.12/site-packages/airflow/example_dags/example_sla_dag.py
[2024-07-13T01:33:16.778+0000] {processor.py:840} INFO - DAG(s) 'example_sla_dag' retrieved from /home/airflow/.local/lib/python3.12/site-packages/airflow/example_dags/example_sla_dag.py
[2024-07-13T01:33:16.801+0000] {logging_mixin.py:188} INFO - [2024-07-13T01:33:16.801+0000] {dag.py:3096} INFO - Sync 1 DAGs
[2024-07-13T01:33:16.834+0000] {logging_mixin.py:188} INFO - [2024-07-13T01:33:16.834+0000] {dag.py:3954} INFO - Setting next_dagrun for example_sla_dag to 2024-07-13 01:30:00+00:00, run_after=2024-07-13 01:32:00+00:00
[2024-07-13T01:33:16.869+0000] {processor.py:183} INFO - Processing /home/airflow/.local/lib/python3.12/site-packages/airflow/example_dags/example_sla_dag.py took 0.109 seconds
[2024-07-13T01:33:46.979+0000] {processor.py:161} INFO - Started process (PID=706) to work on /home/airflow/.local/lib/python3.12/site-packages/airflow/example_dags/example_sla_dag.py
[2024-07-13T01:33:46.981+0000] {processor.py:830} INFO - Processing file /home/airflow/.local/lib/python3.12/site-packages/airflow/example_dags/example_sla_dag.py for tasks to queue
[2024-07-13T01:33:46.984+0000] {logging_mixin.py:188} INFO - [2024-07-13T01:33:46.984+0000] {dagbag.py:545} INFO - Filling up the DagBag from /home/airflow/.local/lib/python3.12/site-packages/airflow/example_dags/example_sla_dag.py
[2024-07-13T01:33:46.993+0000] {processor.py:840} INFO - DAG(s) 'example_sla_dag' retrieved from /home/airflow/.local/lib/python3.12/site-packages/airflow/example_dags/example_sla_dag.py
[2024-07-13T01:33:47.017+0000] {logging_mixin.py:188} INFO - [2024-07-13T01:33:47.016+0000] {dag.py:3096} INFO - Sync 1 DAGs
[2024-07-13T01:33:47.043+0000] {logging_mixin.py:188} INFO - [2024-07-13T01:33:47.043+0000] {dag.py:3954} INFO - Setting next_dagrun for example_sla_dag to 2024-07-13 01:30:00+00:00, run_after=2024-07-13 01:32:00+00:00
[2024-07-13T01:33:47.081+0000] {processor.py:183} INFO - Processing /home/airflow/.local/lib/python3.12/site-packages/airflow/example_dags/example_sla_dag.py took 0.109 seconds
[2024-07-13T01:34:17.410+0000] {processor.py:161} INFO - Started process (PID=764) to work on /home/airflow/.local/lib/python3.12/site-packages/airflow/example_dags/example_sla_dag.py
[2024-07-13T01:34:17.411+0000] {processor.py:830} INFO - Processing file /home/airflow/.local/lib/python3.12/site-packages/airflow/example_dags/example_sla_dag.py for tasks to queue
[2024-07-13T01:34:17.414+0000] {logging_mixin.py:188} INFO - [2024-07-13T01:34:17.413+0000] {dagbag.py:545} INFO - Filling up the DagBag from /home/airflow/.local/lib/python3.12/site-packages/airflow/example_dags/example_sla_dag.py
[2024-07-13T01:34:17.425+0000] {processor.py:840} INFO - DAG(s) 'example_sla_dag' retrieved from /home/airflow/.local/lib/python3.12/site-packages/airflow/example_dags/example_sla_dag.py
[2024-07-13T01:34:17.452+0000] {logging_mixin.py:188} INFO - [2024-07-13T01:34:17.452+0000] {dag.py:3096} INFO - Sync 1 DAGs
[2024-07-13T01:34:17.488+0000] {logging_mixin.py:188} INFO - [2024-07-13T01:34:17.487+0000] {dag.py:3954} INFO - Setting next_dagrun for example_sla_dag to 2024-07-13 01:32:00+00:00, run_after=2024-07-13 01:34:00+00:00
[2024-07-13T01:34:17.513+0000] {processor.py:183} INFO - Processing /home/airflow/.local/lib/python3.12/site-packages/airflow/example_dags/example_sla_dag.py took 0.111 seconds
[2024-07-13T01:34:47.614+0000] {processor.py:161} INFO - Started process (PID=822) to work on /home/airflow/.local/lib/python3.12/site-packages/airflow/example_dags/example_sla_dag.py
[2024-07-13T01:34:47.615+0000] {processor.py:830} INFO - Processing file /home/airflow/.local/lib/python3.12/site-packages/airflow/example_dags/example_sla_dag.py for tasks to queue
[2024-07-13T01:34:47.617+0000] {logging_mixin.py:188} INFO - [2024-07-13T01:34:47.617+0000] {dagbag.py:545} INFO - Filling up the DagBag from /home/airflow/.local/lib/python3.12/site-packages/airflow/example_dags/example_sla_dag.py
[2024-07-13T01:34:47.626+0000] {processor.py:840} INFO - DAG(s) 'example_sla_dag' retrieved from /home/airflow/.local/lib/python3.12/site-packages/airflow/example_dags/example_sla_dag.py
[2024-07-13T01:34:47.648+0000] {logging_mixin.py:188} INFO - [2024-07-13T01:34:47.647+0000] {dag.py:3096} INFO - Sync 1 DAGs
[2024-07-13T01:34:47.675+0000] {logging_mixin.py:188} INFO - [2024-07-13T01:34:47.674+0000] {dag.py:3954} INFO - Setting next_dagrun for example_sla_dag to 2024-07-13 01:32:00+00:00, run_after=2024-07-13 01:34:00+00:00
[2024-07-13T01:34:47.701+0000] {processor.py:183} INFO - Processing /home/airflow/.local/lib/python3.12/site-packages/airflow/example_dags/example_sla_dag.py took 0.094 seconds
[2024-07-13T01:35:18.116+0000] {processor.py:161} INFO - Started process (PID=880) to work on /home/airflow/.local/lib/python3.12/site-packages/airflow/example_dags/example_sla_dag.py
[2024-07-13T01:35:18.117+0000] {processor.py:830} INFO - Processing file /home/airflow/.local/lib/python3.12/site-packages/airflow/example_dags/example_sla_dag.py for tasks to queue
[2024-07-13T01:35:18.119+0000] {logging_mixin.py:188} INFO - [2024-07-13T01:35:18.119+0000] {dagbag.py:545} INFO - Filling up the DagBag from /home/airflow/.local/lib/python3.12/site-packages/airflow/example_dags/example_sla_dag.py
[2024-07-13T01:35:18.130+0000] {processor.py:840} INFO - DAG(s) 'example_sla_dag' retrieved from /home/airflow/.local/lib/python3.12/site-packages/airflow/example_dags/example_sla_dag.py
[2024-07-13T01:35:18.152+0000] {logging_mixin.py:188} INFO - [2024-07-13T01:35:18.152+0000] {dag.py:3096} INFO - Sync 1 DAGs
[2024-07-13T01:35:18.182+0000] {logging_mixin.py:188} INFO - [2024-07-13T01:35:18.181+0000] {dag.py:3954} INFO - Setting next_dagrun for example_sla_dag to 2024-07-13 01:32:00+00:00, run_after=2024-07-13 01:34:00+00:00
[2024-07-13T01:35:18.212+0000] {processor.py:183} INFO - Processing /home/airflow/.local/lib/python3.12/site-packages/airflow/example_dags/example_sla_dag.py took 0.102 seconds
[2024-07-13T01:35:48.674+0000] {processor.py:161} INFO - Started process (PID=937) to work on /home/airflow/.local/lib/python3.12/site-packages/airflow/example_dags/example_sla_dag.py
[2024-07-13T01:35:48.676+0000] {processor.py:830} INFO - Processing file /home/airflow/.local/lib/python3.12/site-packages/airflow/example_dags/example_sla_dag.py for tasks to queue
[2024-07-13T01:35:48.683+0000] {logging_mixin.py:188} INFO - [2024-07-13T01:35:48.682+0000] {dagbag.py:545} INFO - Filling up the DagBag from /home/airflow/.local/lib/python3.12/site-packages/airflow/example_dags/example_sla_dag.py
[2024-07-13T01:35:48.693+0000] {processor.py:840} INFO - DAG(s) 'example_sla_dag' retrieved from /home/airflow/.local/lib/python3.12/site-packages/airflow/example_dags/example_sla_dag.py
[2024-07-13T01:35:48.736+0000] {logging_mixin.py:188} INFO - [2024-07-13T01:35:48.735+0000] {dag.py:3096} INFO - Sync 1 DAGs
[2024-07-13T01:35:48.786+0000] {logging_mixin.py:188} INFO - [2024-07-13T01:35:48.785+0000] {dag.py:3954} INFO - Setting next_dagrun for example_sla_dag to 2024-07-13 01:32:00+00:00, run_after=2024-07-13 01:34:00+00:00
[2024-07-13T01:35:48.832+0000] {processor.py:183} INFO - Processing /home/airflow/.local/lib/python3.12/site-packages/airflow/example_dags/example_sla_dag.py took 0.166 seconds
[2024-07-13T01:36:19.007+0000] {processor.py:161} INFO - Started process (PID=995) to work on /home/airflow/.local/lib/python3.12/site-packages/airflow/example_dags/example_sla_dag.py
[2024-07-13T01:36:19.008+0000] {processor.py:830} INFO - Processing file /home/airflow/.local/lib/python3.12/site-packages/airflow/example_dags/example_sla_dag.py for tasks to queue
[2024-07-13T01:36:19.010+0000] {logging_mixin.py:188} INFO - [2024-07-13T01:36:19.010+0000] {dagbag.py:545} INFO - Filling up the DagBag from /home/airflow/.local/lib/python3.12/site-packages/airflow/example_dags/example_sla_dag.py
[2024-07-13T01:36:19.020+0000] {processor.py:840} INFO - DAG(s) 'example_sla_dag' retrieved from /home/airflow/.local/lib/python3.12/site-packages/airflow/example_dags/example_sla_dag.py
[2024-07-13T01:36:19.041+0000] {logging_mixin.py:188} INFO - [2024-07-13T01:36:19.041+0000] {dag.py:3096} INFO - Sync 1 DAGs
[2024-07-13T01:36:19.072+0000] {logging_mixin.py:188} INFO - [2024-07-13T01:36:19.071+0000] {dag.py:3954} INFO - Setting next_dagrun for example_sla_dag to 2024-07-13 01:34:00+00:00, run_after=2024-07-13 01:36:00+00:00
[2024-07-13T01:36:19.096+0000] {processor.py:183} INFO - Processing /home/airflow/.local/lib/python3.12/site-packages/airflow/example_dags/example_sla_dag.py took 0.095 seconds
[2024-07-13T01:36:49.249+0000] {processor.py:161} INFO - Started process (PID=1053) to work on /home/airflow/.local/lib/python3.12/site-packages/airflow/example_dags/example_sla_dag.py
[2024-07-13T01:36:49.252+0000] {processor.py:830} INFO - Processing file /home/airflow/.local/lib/python3.12/site-packages/airflow/example_dags/example_sla_dag.py for tasks to queue
[2024-07-13T01:36:49.254+0000] {logging_mixin.py:188} INFO - [2024-07-13T01:36:49.254+0000] {dagbag.py:545} INFO - Filling up the DagBag from /home/airflow/.local/lib/python3.12/site-packages/airflow/example_dags/example_sla_dag.py
[2024-07-13T01:36:49.266+0000] {processor.py:840} INFO - DAG(s) 'example_sla_dag' retrieved from /home/airflow/.local/lib/python3.12/site-packages/airflow/example_dags/example_sla_dag.py
[2024-07-13T01:36:49.292+0000] {logging_mixin.py:188} INFO - [2024-07-13T01:36:49.292+0000] {dag.py:3096} INFO - Sync 1 DAGs
[2024-07-13T01:36:49.340+0000] {logging_mixin.py:188} INFO - [2024-07-13T01:36:49.340+0000] {dag.py:3954} INFO - Setting next_dagrun for example_sla_dag to 2024-07-13 01:34:00+00:00, run_after=2024-07-13 01:36:00+00:00
[2024-07-13T01:36:49.371+0000] {processor.py:183} INFO - Processing /home/airflow/.local/lib/python3.12/site-packages/airflow/example_dags/example_sla_dag.py took 0.132 seconds
[2024-07-13T01:37:19.553+0000] {processor.py:161} INFO - Started process (PID=1112) to work on /home/airflow/.local/lib/python3.12/site-packages/airflow/example_dags/example_sla_dag.py
[2024-07-13T01:37:19.555+0000] {processor.py:830} INFO - Processing file /home/airflow/.local/lib/python3.12/site-packages/airflow/example_dags/example_sla_dag.py for tasks to queue
[2024-07-13T01:37:19.559+0000] {logging_mixin.py:188} INFO - [2024-07-13T01:37:19.558+0000] {dagbag.py:545} INFO - Filling up the DagBag from /home/airflow/.local/lib/python3.12/site-packages/airflow/example_dags/example_sla_dag.py
[2024-07-13T01:37:19.571+0000] {processor.py:840} INFO - DAG(s) 'example_sla_dag' retrieved from /home/airflow/.local/lib/python3.12/site-packages/airflow/example_dags/example_sla_dag.py
[2024-07-13T01:37:19.599+0000] {logging_mixin.py:188} INFO - [2024-07-13T01:37:19.598+0000] {dag.py:3096} INFO - Sync 1 DAGs
[2024-07-13T01:37:19.630+0000] {logging_mixin.py:188} INFO - [2024-07-13T01:37:19.630+0000] {dag.py:3954} INFO - Setting next_dagrun for example_sla_dag to 2024-07-13 01:34:00+00:00, run_after=2024-07-13 01:36:00+00:00
[2024-07-13T01:37:19.657+0000] {processor.py:183} INFO - Processing /home/airflow/.local/lib/python3.12/site-packages/airflow/example_dags/example_sla_dag.py took 0.112 seconds
[2024-07-13T01:37:49.883+0000] {processor.py:161} INFO - Started process (PID=1170) to work on /home/airflow/.local/lib/python3.12/site-packages/airflow/example_dags/example_sla_dag.py
[2024-07-13T01:37:49.884+0000] {processor.py:830} INFO - Processing file /home/airflow/.local/lib/python3.12/site-packages/airflow/example_dags/example_sla_dag.py for tasks to queue
[2024-07-13T01:37:49.886+0000] {logging_mixin.py:188} INFO - [2024-07-13T01:37:49.886+0000] {dagbag.py:545} INFO - Filling up the DagBag from /home/airflow/.local/lib/python3.12/site-packages/airflow/example_dags/example_sla_dag.py
[2024-07-13T01:37:49.897+0000] {processor.py:840} INFO - DAG(s) 'example_sla_dag' retrieved from /home/airflow/.local/lib/python3.12/site-packages/airflow/example_dags/example_sla_dag.py
[2024-07-13T01:37:49.919+0000] {logging_mixin.py:188} INFO - [2024-07-13T01:37:49.919+0000] {dag.py:3096} INFO - Sync 1 DAGs
[2024-07-13T01:37:49.947+0000] {logging_mixin.py:188} INFO - [2024-07-13T01:37:49.947+0000] {dag.py:3954} INFO - Setting next_dagrun for example_sla_dag to 2024-07-13 01:34:00+00:00, run_after=2024-07-13 01:36:00+00:00
[2024-07-13T01:37:49.975+0000] {processor.py:183} INFO - Processing /home/airflow/.local/lib/python3.12/site-packages/airflow/example_dags/example_sla_dag.py took 0.099 seconds
[2024-07-13T01:38:20.141+0000] {processor.py:161} INFO - Started process (PID=1228) to work on /home/airflow/.local/lib/python3.12/site-packages/airflow/example_dags/example_sla_dag.py
[2024-07-13T01:38:20.143+0000] {processor.py:830} INFO - Processing file /home/airflow/.local/lib/python3.12/site-packages/airflow/example_dags/example_sla_dag.py for tasks to queue
[2024-07-13T01:38:20.145+0000] {logging_mixin.py:188} INFO - [2024-07-13T01:38:20.144+0000] {dagbag.py:545} INFO - Filling up the DagBag from /home/airflow/.local/lib/python3.12/site-packages/airflow/example_dags/example_sla_dag.py
[2024-07-13T01:38:20.155+0000] {processor.py:840} INFO - DAG(s) 'example_sla_dag' retrieved from /home/airflow/.local/lib/python3.12/site-packages/airflow/example_dags/example_sla_dag.py
[2024-07-13T01:38:20.178+0000] {logging_mixin.py:188} INFO - [2024-07-13T01:38:20.178+0000] {dag.py:3096} INFO - Sync 1 DAGs
[2024-07-13T01:38:20.206+0000] {logging_mixin.py:188} INFO - [2024-07-13T01:38:20.206+0000] {dag.py:3954} INFO - Setting next_dagrun for example_sla_dag to 2024-07-13 01:36:00+00:00, run_after=2024-07-13 01:38:00+00:00
[2024-07-13T01:38:20.229+0000] {processor.py:183} INFO - Processing /home/airflow/.local/lib/python3.12/site-packages/airflow/example_dags/example_sla_dag.py took 0.095 seconds
[2024-07-13T01:38:50.547+0000] {processor.py:161} INFO - Started process (PID=1286) to work on /home/airflow/.local/lib/python3.12/site-packages/airflow/example_dags/example_sla_dag.py
[2024-07-13T01:38:50.548+0000] {processor.py:830} INFO - Processing file /home/airflow/.local/lib/python3.12/site-packages/airflow/example_dags/example_sla_dag.py for tasks to queue
[2024-07-13T01:38:50.550+0000] {logging_mixin.py:188} INFO - [2024-07-13T01:38:50.550+0000] {dagbag.py:545} INFO - Filling up the DagBag from /home/airflow/.local/lib/python3.12/site-packages/airflow/example_dags/example_sla_dag.py
[2024-07-13T01:38:50.560+0000] {processor.py:840} INFO - DAG(s) 'example_sla_dag' retrieved from /home/airflow/.local/lib/python3.12/site-packages/airflow/example_dags/example_sla_dag.py
[2024-07-13T01:38:50.582+0000] {logging_mixin.py:188} INFO - [2024-07-13T01:38:50.582+0000] {dag.py:3096} INFO - Sync 1 DAGs
[2024-07-13T01:38:50.609+0000] {logging_mixin.py:188} INFO - [2024-07-13T01:38:50.609+0000] {dag.py:3954} INFO - Setting next_dagrun for example_sla_dag to 2024-07-13 01:36:00+00:00, run_after=2024-07-13 01:38:00+00:00
[2024-07-13T01:38:50.634+0000] {processor.py:183} INFO - Processing /home/airflow/.local/lib/python3.12/site-packages/airflow/example_dags/example_sla_dag.py took 0.093 seconds
[2024-07-13T01:39:20.731+0000] {processor.py:161} INFO - Started process (PID=1344) to work on /home/airflow/.local/lib/python3.12/site-packages/airflow/example_dags/example_sla_dag.py
[2024-07-13T01:39:20.732+0000] {processor.py:830} INFO - Processing file /home/airflow/.local/lib/python3.12/site-packages/airflow/example_dags/example_sla_dag.py for tasks to queue
[2024-07-13T01:39:20.735+0000] {logging_mixin.py:188} INFO - [2024-07-13T01:39:20.734+0000] {dagbag.py:545} INFO - Filling up the DagBag from /home/airflow/.local/lib/python3.12/site-packages/airflow/example_dags/example_sla_dag.py
[2024-07-13T01:39:20.745+0000] {processor.py:840} INFO - DAG(s) 'example_sla_dag' retrieved from /home/airflow/.local/lib/python3.12/site-packages/airflow/example_dags/example_sla_dag.py
[2024-07-13T01:39:20.771+0000] {logging_mixin.py:188} INFO - [2024-07-13T01:39:20.770+0000] {dag.py:3096} INFO - Sync 1 DAGs
[2024-07-13T01:39:20.799+0000] {logging_mixin.py:188} INFO - [2024-07-13T01:39:20.799+0000] {dag.py:3954} INFO - Setting next_dagrun for example_sla_dag to 2024-07-13 01:36:00+00:00, run_after=2024-07-13 01:38:00+00:00
[2024-07-13T01:39:20.820+0000] {processor.py:183} INFO - Processing /home/airflow/.local/lib/python3.12/site-packages/airflow/example_dags/example_sla_dag.py took 0.097 seconds
[2024-07-13T01:39:51.358+0000] {processor.py:161} INFO - Started process (PID=1402) to work on /home/airflow/.local/lib/python3.12/site-packages/airflow/example_dags/example_sla_dag.py
[2024-07-13T01:39:51.360+0000] {processor.py:830} INFO - Processing file /home/airflow/.local/lib/python3.12/site-packages/airflow/example_dags/example_sla_dag.py for tasks to queue
[2024-07-13T01:39:51.362+0000] {logging_mixin.py:188} INFO - [2024-07-13T01:39:51.361+0000] {dagbag.py:545} INFO - Filling up the DagBag from /home/airflow/.local/lib/python3.12/site-packages/airflow/example_dags/example_sla_dag.py
[2024-07-13T01:39:51.372+0000] {processor.py:840} INFO - DAG(s) 'example_sla_dag' retrieved from /home/airflow/.local/lib/python3.12/site-packages/airflow/example_dags/example_sla_dag.py
[2024-07-13T01:39:51.396+0000] {logging_mixin.py:188} INFO - [2024-07-13T01:39:51.395+0000] {dag.py:3096} INFO - Sync 1 DAGs
[2024-07-13T01:39:51.425+0000] {logging_mixin.py:188} INFO - [2024-07-13T01:39:51.424+0000] {dag.py:3954} INFO - Setting next_dagrun for example_sla_dag to 2024-07-13 01:36:00+00:00, run_after=2024-07-13 01:38:00+00:00
[2024-07-13T01:39:51.448+0000] {processor.py:183} INFO - Processing /home/airflow/.local/lib/python3.12/site-packages/airflow/example_dags/example_sla_dag.py took 0.096 seconds
[2024-07-13T01:40:22.169+0000] {processor.py:161} INFO - Started process (PID=1460) to work on /home/airflow/.local/lib/python3.12/site-packages/airflow/example_dags/example_sla_dag.py
[2024-07-13T01:40:22.170+0000] {processor.py:830} INFO - Processing file /home/airflow/.local/lib/python3.12/site-packages/airflow/example_dags/example_sla_dag.py for tasks to queue
[2024-07-13T01:40:22.173+0000] {logging_mixin.py:188} INFO - [2024-07-13T01:40:22.172+0000] {dagbag.py:545} INFO - Filling up the DagBag from /home/airflow/.local/lib/python3.12/site-packages/airflow/example_dags/example_sla_dag.py
[2024-07-13T01:40:22.185+0000] {processor.py:840} INFO - DAG(s) 'example_sla_dag' retrieved from /home/airflow/.local/lib/python3.12/site-packages/airflow/example_dags/example_sla_dag.py
[2024-07-13T01:40:22.212+0000] {logging_mixin.py:188} INFO - [2024-07-13T01:40:22.212+0000] {dag.py:3096} INFO - Sync 1 DAGs
[2024-07-13T01:40:22.270+0000] {logging_mixin.py:188} INFO - [2024-07-13T01:40:22.270+0000] {dag.py:3954} INFO - Setting next_dagrun for example_sla_dag to 2024-07-13 01:38:00+00:00, run_after=2024-07-13 01:40:00+00:00
[2024-07-13T01:40:22.299+0000] {processor.py:183} INFO - Processing /home/airflow/.local/lib/python3.12/site-packages/airflow/example_dags/example_sla_dag.py took 0.143 seconds
[2024-07-13T01:40:52.384+0000] {processor.py:161} INFO - Started process (PID=1518) to work on /home/airflow/.local/lib/python3.12/site-packages/airflow/example_dags/example_sla_dag.py
[2024-07-13T01:40:52.386+0000] {processor.py:830} INFO - Processing file /home/airflow/.local/lib/python3.12/site-packages/airflow/example_dags/example_sla_dag.py for tasks to queue
[2024-07-13T01:40:52.388+0000] {logging_mixin.py:188} INFO - [2024-07-13T01:40:52.387+0000] {dagbag.py:545} INFO - Filling up the DagBag from /home/airflow/.local/lib/python3.12/site-packages/airflow/example_dags/example_sla_dag.py
[2024-07-13T01:40:52.398+0000] {processor.py:840} INFO - DAG(s) 'example_sla_dag' retrieved from /home/airflow/.local/lib/python3.12/site-packages/airflow/example_dags/example_sla_dag.py
[2024-07-13T01:40:52.421+0000] {logging_mixin.py:188} INFO - [2024-07-13T01:40:52.421+0000] {dag.py:3096} INFO - Sync 1 DAGs
[2024-07-13T01:40:52.452+0000] {logging_mixin.py:188} INFO - [2024-07-13T01:40:52.452+0000] {dag.py:3954} INFO - Setting next_dagrun for example_sla_dag to 2024-07-13 01:38:00+00:00, run_after=2024-07-13 01:40:00+00:00
[2024-07-13T01:40:52.478+0000] {processor.py:183} INFO - Processing /home/airflow/.local/lib/python3.12/site-packages/airflow/example_dags/example_sla_dag.py took 0.101 seconds
[2024-07-13T01:41:22.722+0000] {processor.py:161} INFO - Started process (PID=1576) to work on /home/airflow/.local/lib/python3.12/site-packages/airflow/example_dags/example_sla_dag.py
[2024-07-13T01:41:22.723+0000] {processor.py:830} INFO - Processing file /home/airflow/.local/lib/python3.12/site-packages/airflow/example_dags/example_sla_dag.py for tasks to queue
[2024-07-13T01:41:22.725+0000] {logging_mixin.py:188} INFO - [2024-07-13T01:41:22.725+0000] {dagbag.py:545} INFO - Filling up the DagBag from /home/airflow/.local/lib/python3.12/site-packages/airflow/example_dags/example_sla_dag.py
[2024-07-13T01:41:22.735+0000] {processor.py:840} INFO - DAG(s) 'example_sla_dag' retrieved from /home/airflow/.local/lib/python3.12/site-packages/airflow/example_dags/example_sla_dag.py
[2024-07-13T01:41:22.762+0000] {logging_mixin.py:188} INFO - [2024-07-13T01:41:22.762+0000] {dag.py:3096} INFO - Sync 1 DAGs
[2024-07-13T01:41:22.799+0000] {logging_mixin.py:188} INFO - [2024-07-13T01:41:22.798+0000] {dag.py:3954} INFO - Setting next_dagrun for example_sla_dag to 2024-07-13 01:38:00+00:00, run_after=2024-07-13 01:40:00+00:00
[2024-07-13T01:41:22.821+0000] {processor.py:183} INFO - Processing /home/airflow/.local/lib/python3.12/site-packages/airflow/example_dags/example_sla_dag.py took 0.106 seconds
[2024-07-13T01:41:53.104+0000] {processor.py:161} INFO - Started process (PID=1634) to work on /home/airflow/.local/lib/python3.12/site-packages/airflow/example_dags/example_sla_dag.py
[2024-07-13T01:41:53.106+0000] {processor.py:830} INFO - Processing file /home/airflow/.local/lib/python3.12/site-packages/airflow/example_dags/example_sla_dag.py for tasks to queue
[2024-07-13T01:41:53.108+0000] {logging_mixin.py:188} INFO - [2024-07-13T01:41:53.108+0000] {dagbag.py:545} INFO - Filling up the DagBag from /home/airflow/.local/lib/python3.12/site-packages/airflow/example_dags/example_sla_dag.py
[2024-07-13T01:41:53.127+0000] {processor.py:840} INFO - DAG(s) 'example_sla_dag' retrieved from /home/airflow/.local/lib/python3.12/site-packages/airflow/example_dags/example_sla_dag.py
[2024-07-13T01:41:53.179+0000] {logging_mixin.py:188} INFO - [2024-07-13T01:41:53.178+0000] {dag.py:3096} INFO - Sync 1 DAGs
[2024-07-13T01:41:53.252+0000] {logging_mixin.py:188} INFO - [2024-07-13T01:41:53.252+0000] {dag.py:3954} INFO - Setting next_dagrun for example_sla_dag to 2024-07-13 01:38:00+00:00, run_after=2024-07-13 01:40:00+00:00
[2024-07-13T01:41:53.314+0000] {processor.py:183} INFO - Processing /home/airflow/.local/lib/python3.12/site-packages/airflow/example_dags/example_sla_dag.py took 0.224 seconds
[2024-07-13T01:42:23.456+0000] {processor.py:161} INFO - Started process (PID=1692) to work on /home/airflow/.local/lib/python3.12/site-packages/airflow/example_dags/example_sla_dag.py
[2024-07-13T01:42:23.457+0000] {processor.py:830} INFO - Processing file /home/airflow/.local/lib/python3.12/site-packages/airflow/example_dags/example_sla_dag.py for tasks to queue
[2024-07-13T01:42:23.459+0000] {logging_mixin.py:188} INFO - [2024-07-13T01:42:23.458+0000] {dagbag.py:545} INFO - Filling up the DagBag from /home/airflow/.local/lib/python3.12/site-packages/airflow/example_dags/example_sla_dag.py
[2024-07-13T01:42:23.468+0000] {processor.py:840} INFO - DAG(s) 'example_sla_dag' retrieved from /home/airflow/.local/lib/python3.12/site-packages/airflow/example_dags/example_sla_dag.py
[2024-07-13T01:42:23.493+0000] {logging_mixin.py:188} INFO - [2024-07-13T01:42:23.492+0000] {dag.py:3096} INFO - Sync 1 DAGs
[2024-07-13T01:42:23.521+0000] {logging_mixin.py:188} INFO - [2024-07-13T01:42:23.520+0000] {dag.py:3954} INFO - Setting next_dagrun for example_sla_dag to 2024-07-13 01:40:00+00:00, run_after=2024-07-13 01:42:00+00:00
[2024-07-13T01:42:23.543+0000] {processor.py:183} INFO - Processing /home/airflow/.local/lib/python3.12/site-packages/airflow/example_dags/example_sla_dag.py took 0.095 seconds
[2024-07-13T01:42:54.199+0000] {processor.py:161} INFO - Started process (PID=1750) to work on /home/airflow/.local/lib/python3.12/site-packages/airflow/example_dags/example_sla_dag.py
[2024-07-13T01:42:54.200+0000] {processor.py:830} INFO - Processing file /home/airflow/.local/lib/python3.12/site-packages/airflow/example_dags/example_sla_dag.py for tasks to queue
[2024-07-13T01:42:54.203+0000] {logging_mixin.py:188} INFO - [2024-07-13T01:42:54.202+0000] {dagbag.py:545} INFO - Filling up the DagBag from /home/airflow/.local/lib/python3.12/site-packages/airflow/example_dags/example_sla_dag.py
[2024-07-13T01:42:54.213+0000] {processor.py:840} INFO - DAG(s) 'example_sla_dag' retrieved from /home/airflow/.local/lib/python3.12/site-packages/airflow/example_dags/example_sla_dag.py
[2024-07-13T01:42:54.235+0000] {logging_mixin.py:188} INFO - [2024-07-13T01:42:54.235+0000] {dag.py:3096} INFO - Sync 1 DAGs
[2024-07-13T01:42:54.265+0000] {logging_mixin.py:188} INFO - [2024-07-13T01:42:54.265+0000] {dag.py:3954} INFO - Setting next_dagrun for example_sla_dag to 2024-07-13 01:40:00+00:00, run_after=2024-07-13 01:42:00+00:00
[2024-07-13T01:42:54.290+0000] {processor.py:183} INFO - Processing /home/airflow/.local/lib/python3.12/site-packages/airflow/example_dags/example_sla_dag.py took 0.098 seconds
[2024-07-13T01:43:25.636+0000] {processor.py:161} INFO - Started process (PID=1808) to work on /home/airflow/.local/lib/python3.12/site-packages/airflow/example_dags/example_sla_dag.py
[2024-07-13T01:43:25.637+0000] {processor.py:830} INFO - Processing file /home/airflow/.local/lib/python3.12/site-packages/airflow/example_dags/example_sla_dag.py for tasks to queue
[2024-07-13T01:43:25.639+0000] {logging_mixin.py:188} INFO - [2024-07-13T01:43:25.638+0000] {dagbag.py:545} INFO - Filling up the DagBag from /home/airflow/.local/lib/python3.12/site-packages/airflow/example_dags/example_sla_dag.py
[2024-07-13T01:43:25.648+0000] {processor.py:840} INFO - DAG(s) 'example_sla_dag' retrieved from /home/airflow/.local/lib/python3.12/site-packages/airflow/example_dags/example_sla_dag.py
[2024-07-13T01:43:25.671+0000] {logging_mixin.py:188} INFO - [2024-07-13T01:43:25.671+0000] {dag.py:3096} INFO - Sync 1 DAGs
[2024-07-13T01:43:25.857+0000] {logging_mixin.py:188} INFO - [2024-07-13T01:43:25.856+0000] {dag.py:3954} INFO - Setting next_dagrun for example_sla_dag to 2024-07-13 01:40:00+00:00, run_after=2024-07-13 01:42:00+00:00
[2024-07-13T01:43:25.883+0000] {processor.py:183} INFO - Processing /home/airflow/.local/lib/python3.12/site-packages/airflow/example_dags/example_sla_dag.py took 0.254 seconds
