[2024-07-13T01:28:04.313+0000] {processor.py:161} INFO - Started process (PID=41) to work on /home/airflow/.local/lib/python3.12/site-packages/airflow/example_dags/example_display_name.py
[2024-07-13T01:28:04.314+0000] {processor.py:830} INFO - Processing file /home/airflow/.local/lib/python3.12/site-packages/airflow/example_dags/example_display_name.py for tasks to queue
[2024-07-13T01:28:04.345+0000] {logging_mixin.py:188} INFO - [2024-07-13T01:28:04.344+0000] {dagbag.py:545} INFO - Filling up the DagBag from /home/airflow/.local/lib/python3.12/site-packages/airflow/example_dags/example_display_name.py
[2024-07-13T01:28:04.395+0000] {processor.py:840} INFO - DAG(s) 'example_display_name' retrieved from /home/airflow/.local/lib/python3.12/site-packages/airflow/example_dags/example_display_name.py
[2024-07-13T01:28:05.927+0000] {logging_mixin.py:188} INFO - [2024-07-13T01:28:05.926+0000] {dag.py:3096} INFO - Sync 1 DAGs
[2024-07-13T01:28:06.204+0000] {logging_mixin.py:188} INFO - [2024-07-13T01:28:06.203+0000] {dag.py:3954} INFO - Setting next_dagrun for example_display_name to None, run_after=None
[2024-07-13T01:28:06.442+0000] {processor.py:183} INFO - Processing /home/airflow/.local/lib/python3.12/site-packages/airflow/example_dags/example_display_name.py took 2.189 seconds
[2024-07-13T01:28:37.424+0000] {processor.py:161} INFO - Started process (PID=98) to work on /home/airflow/.local/lib/python3.12/site-packages/airflow/example_dags/example_display_name.py
[2024-07-13T01:28:37.438+0000] {processor.py:830} INFO - Processing file /home/airflow/.local/lib/python3.12/site-packages/airflow/example_dags/example_display_name.py for tasks to queue
[2024-07-13T01:28:37.440+0000] {logging_mixin.py:188} INFO - [2024-07-13T01:28:37.440+0000] {dagbag.py:545} INFO - Filling up the DagBag from /home/airflow/.local/lib/python3.12/site-packages/airflow/example_dags/example_display_name.py
[2024-07-13T01:28:37.446+0000] {processor.py:840} INFO - DAG(s) 'example_display_name' retrieved from /home/airflow/.local/lib/python3.12/site-packages/airflow/example_dags/example_display_name.py
[2024-07-13T01:28:37.470+0000] {logging_mixin.py:188} INFO - [2024-07-13T01:28:37.470+0000] {dag.py:3096} INFO - Sync 1 DAGs
[2024-07-13T01:28:37.485+0000] {logging_mixin.py:188} INFO - [2024-07-13T01:28:37.484+0000] {dag.py:3954} INFO - Setting next_dagrun for example_display_name to None, run_after=None
[2024-07-13T01:28:37.511+0000] {processor.py:183} INFO - Processing /home/airflow/.local/lib/python3.12/site-packages/airflow/example_dags/example_display_name.py took 0.093 seconds
[2024-07-13T01:29:08.480+0000] {processor.py:161} INFO - Started process (PID=156) to work on /home/airflow/.local/lib/python3.12/site-packages/airflow/example_dags/example_display_name.py
[2024-07-13T01:29:08.485+0000] {processor.py:830} INFO - Processing file /home/airflow/.local/lib/python3.12/site-packages/airflow/example_dags/example_display_name.py for tasks to queue
[2024-07-13T01:29:08.487+0000] {logging_mixin.py:188} INFO - [2024-07-13T01:29:08.487+0000] {dagbag.py:545} INFO - Filling up the DagBag from /home/airflow/.local/lib/python3.12/site-packages/airflow/example_dags/example_display_name.py
[2024-07-13T01:29:08.504+0000] {processor.py:840} INFO - DAG(s) 'example_display_name' retrieved from /home/airflow/.local/lib/python3.12/site-packages/airflow/example_dags/example_display_name.py
[2024-07-13T01:29:08.542+0000] {logging_mixin.py:188} INFO - [2024-07-13T01:29:08.541+0000] {dag.py:3096} INFO - Sync 1 DAGs
[2024-07-13T01:29:08.561+0000] {logging_mixin.py:188} INFO - [2024-07-13T01:29:08.561+0000] {dag.py:3954} INFO - Setting next_dagrun for example_display_name to None, run_after=None
[2024-07-13T01:29:08.594+0000] {processor.py:183} INFO - Processing /home/airflow/.local/lib/python3.12/site-packages/airflow/example_dags/example_display_name.py took 0.153 seconds
[2024-07-13T01:29:38.671+0000] {processor.py:161} INFO - Started process (PID=214) to work on /home/airflow/.local/lib/python3.12/site-packages/airflow/example_dags/example_display_name.py
[2024-07-13T01:29:38.679+0000] {processor.py:830} INFO - Processing file /home/airflow/.local/lib/python3.12/site-packages/airflow/example_dags/example_display_name.py for tasks to queue
[2024-07-13T01:29:38.683+0000] {logging_mixin.py:188} INFO - [2024-07-13T01:29:38.683+0000] {dagbag.py:545} INFO - Filling up the DagBag from /home/airflow/.local/lib/python3.12/site-packages/airflow/example_dags/example_display_name.py
[2024-07-13T01:29:38.697+0000] {processor.py:840} INFO - DAG(s) 'example_display_name' retrieved from /home/airflow/.local/lib/python3.12/site-packages/airflow/example_dags/example_display_name.py
[2024-07-13T01:29:38.723+0000] {logging_mixin.py:188} INFO - [2024-07-13T01:29:38.722+0000] {dag.py:3096} INFO - Sync 1 DAGs
[2024-07-13T01:29:38.740+0000] {logging_mixin.py:188} INFO - [2024-07-13T01:29:38.740+0000] {dag.py:3954} INFO - Setting next_dagrun for example_display_name to None, run_after=None
[2024-07-13T01:29:38.774+0000] {processor.py:183} INFO - Processing /home/airflow/.local/lib/python3.12/site-packages/airflow/example_dags/example_display_name.py took 0.111 seconds
[2024-07-13T01:30:09.059+0000] {processor.py:161} INFO - Started process (PID=271) to work on /home/airflow/.local/lib/python3.12/site-packages/airflow/example_dags/example_display_name.py
[2024-07-13T01:30:09.066+0000] {processor.py:830} INFO - Processing file /home/airflow/.local/lib/python3.12/site-packages/airflow/example_dags/example_display_name.py for tasks to queue
[2024-07-13T01:30:09.069+0000] {logging_mixin.py:188} INFO - [2024-07-13T01:30:09.069+0000] {dagbag.py:545} INFO - Filling up the DagBag from /home/airflow/.local/lib/python3.12/site-packages/airflow/example_dags/example_display_name.py
[2024-07-13T01:30:09.075+0000] {processor.py:840} INFO - DAG(s) 'example_display_name' retrieved from /home/airflow/.local/lib/python3.12/site-packages/airflow/example_dags/example_display_name.py
[2024-07-13T01:30:09.097+0000] {logging_mixin.py:188} INFO - [2024-07-13T01:30:09.096+0000] {dag.py:3096} INFO - Sync 1 DAGs
[2024-07-13T01:30:09.112+0000] {logging_mixin.py:188} INFO - [2024-07-13T01:30:09.112+0000] {dag.py:3954} INFO - Setting next_dagrun for example_display_name to None, run_after=None
[2024-07-13T01:30:09.136+0000] {processor.py:183} INFO - Processing /home/airflow/.local/lib/python3.12/site-packages/airflow/example_dags/example_display_name.py took 0.084 seconds
[2024-07-13T01:30:39.481+0000] {processor.py:161} INFO - Started process (PID=329) to work on /home/airflow/.local/lib/python3.12/site-packages/airflow/example_dags/example_display_name.py
[2024-07-13T01:30:39.481+0000] {processor.py:830} INFO - Processing file /home/airflow/.local/lib/python3.12/site-packages/airflow/example_dags/example_display_name.py for tasks to queue
[2024-07-13T01:30:39.484+0000] {logging_mixin.py:188} INFO - [2024-07-13T01:30:39.484+0000] {dagbag.py:545} INFO - Filling up the DagBag from /home/airflow/.local/lib/python3.12/site-packages/airflow/example_dags/example_display_name.py
[2024-07-13T01:30:39.491+0000] {processor.py:840} INFO - DAG(s) 'example_display_name' retrieved from /home/airflow/.local/lib/python3.12/site-packages/airflow/example_dags/example_display_name.py
[2024-07-13T01:30:39.512+0000] {logging_mixin.py:188} INFO - [2024-07-13T01:30:39.512+0000] {dag.py:3096} INFO - Sync 1 DAGs
[2024-07-13T01:30:39.528+0000] {logging_mixin.py:188} INFO - [2024-07-13T01:30:39.528+0000] {dag.py:3954} INFO - Setting next_dagrun for example_display_name to None, run_after=None
[2024-07-13T01:30:39.551+0000] {processor.py:183} INFO - Processing /home/airflow/.local/lib/python3.12/site-packages/airflow/example_dags/example_display_name.py took 0.078 seconds
[2024-07-13T01:31:09.866+0000] {processor.py:161} INFO - Started process (PID=387) to work on /home/airflow/.local/lib/python3.12/site-packages/airflow/example_dags/example_display_name.py
[2024-07-13T01:31:09.874+0000] {processor.py:830} INFO - Processing file /home/airflow/.local/lib/python3.12/site-packages/airflow/example_dags/example_display_name.py for tasks to queue
[2024-07-13T01:31:09.877+0000] {logging_mixin.py:188} INFO - [2024-07-13T01:31:09.876+0000] {dagbag.py:545} INFO - Filling up the DagBag from /home/airflow/.local/lib/python3.12/site-packages/airflow/example_dags/example_display_name.py
[2024-07-13T01:31:09.883+0000] {processor.py:840} INFO - DAG(s) 'example_display_name' retrieved from /home/airflow/.local/lib/python3.12/site-packages/airflow/example_dags/example_display_name.py
[2024-07-13T01:31:09.907+0000] {logging_mixin.py:188} INFO - [2024-07-13T01:31:09.907+0000] {dag.py:3096} INFO - Sync 1 DAGs
[2024-07-13T01:31:09.924+0000] {logging_mixin.py:188} INFO - [2024-07-13T01:31:09.923+0000] {dag.py:3954} INFO - Setting next_dagrun for example_display_name to None, run_after=None
[2024-07-13T01:31:09.956+0000] {processor.py:183} INFO - Processing /home/airflow/.local/lib/python3.12/site-packages/airflow/example_dags/example_display_name.py took 0.096 seconds
[2024-07-13T01:31:40.541+0000] {processor.py:161} INFO - Started process (PID=445) to work on /home/airflow/.local/lib/python3.12/site-packages/airflow/example_dags/example_display_name.py
[2024-07-13T01:31:40.542+0000] {processor.py:830} INFO - Processing file /home/airflow/.local/lib/python3.12/site-packages/airflow/example_dags/example_display_name.py for tasks to queue
[2024-07-13T01:31:40.545+0000] {logging_mixin.py:188} INFO - [2024-07-13T01:31:40.544+0000] {dagbag.py:545} INFO - Filling up the DagBag from /home/airflow/.local/lib/python3.12/site-packages/airflow/example_dags/example_display_name.py
[2024-07-13T01:31:40.553+0000] {processor.py:840} INFO - DAG(s) 'example_display_name' retrieved from /home/airflow/.local/lib/python3.12/site-packages/airflow/example_dags/example_display_name.py
[2024-07-13T01:31:40.577+0000] {logging_mixin.py:188} INFO - [2024-07-13T01:31:40.577+0000] {dag.py:3096} INFO - Sync 1 DAGs
[2024-07-13T01:31:40.592+0000] {logging_mixin.py:188} INFO - [2024-07-13T01:31:40.592+0000] {dag.py:3954} INFO - Setting next_dagrun for example_display_name to None, run_after=None
[2024-07-13T01:31:40.628+0000] {processor.py:183} INFO - Processing /home/airflow/.local/lib/python3.12/site-packages/airflow/example_dags/example_display_name.py took 0.093 seconds
[2024-07-13T01:32:10.711+0000] {processor.py:161} INFO - Started process (PID=504) to work on /home/airflow/.local/lib/python3.12/site-packages/airflow/example_dags/example_display_name.py
[2024-07-13T01:32:10.719+0000] {processor.py:830} INFO - Processing file /home/airflow/.local/lib/python3.12/site-packages/airflow/example_dags/example_display_name.py for tasks to queue
[2024-07-13T01:32:10.721+0000] {logging_mixin.py:188} INFO - [2024-07-13T01:32:10.720+0000] {dagbag.py:545} INFO - Filling up the DagBag from /home/airflow/.local/lib/python3.12/site-packages/airflow/example_dags/example_display_name.py
[2024-07-13T01:32:10.734+0000] {processor.py:840} INFO - DAG(s) 'example_display_name' retrieved from /home/airflow/.local/lib/python3.12/site-packages/airflow/example_dags/example_display_name.py
[2024-07-13T01:32:10.778+0000] {logging_mixin.py:188} INFO - [2024-07-13T01:32:10.778+0000] {dag.py:3096} INFO - Sync 1 DAGs
[2024-07-13T01:32:10.795+0000] {logging_mixin.py:188} INFO - [2024-07-13T01:32:10.794+0000] {dag.py:3954} INFO - Setting next_dagrun for example_display_name to None, run_after=None
[2024-07-13T01:32:10.819+0000] {processor.py:183} INFO - Processing /home/airflow/.local/lib/python3.12/site-packages/airflow/example_dags/example_display_name.py took 0.115 seconds
[2024-07-13T01:32:41.013+0000] {processor.py:161} INFO - Started process (PID=563) to work on /home/airflow/.local/lib/python3.12/site-packages/airflow/example_dags/example_display_name.py
[2024-07-13T01:32:41.028+0000] {processor.py:830} INFO - Processing file /home/airflow/.local/lib/python3.12/site-packages/airflow/example_dags/example_display_name.py for tasks to queue
[2024-07-13T01:32:41.031+0000] {logging_mixin.py:188} INFO - [2024-07-13T01:32:41.031+0000] {dagbag.py:545} INFO - Filling up the DagBag from /home/airflow/.local/lib/python3.12/site-packages/airflow/example_dags/example_display_name.py
[2024-07-13T01:32:41.047+0000] {processor.py:840} INFO - DAG(s) 'example_display_name' retrieved from /home/airflow/.local/lib/python3.12/site-packages/airflow/example_dags/example_display_name.py
[2024-07-13T01:32:41.085+0000] {logging_mixin.py:188} INFO - [2024-07-13T01:32:41.083+0000] {dag.py:3096} INFO - Sync 1 DAGs
[2024-07-13T01:32:41.105+0000] {logging_mixin.py:188} INFO - [2024-07-13T01:32:41.105+0000] {dag.py:3954} INFO - Setting next_dagrun for example_display_name to None, run_after=None
[2024-07-13T01:32:41.129+0000] {processor.py:183} INFO - Processing /home/airflow/.local/lib/python3.12/site-packages/airflow/example_dags/example_display_name.py took 0.128 seconds
[2024-07-13T01:33:11.267+0000] {processor.py:161} INFO - Started process (PID=621) to work on /home/airflow/.local/lib/python3.12/site-packages/airflow/example_dags/example_display_name.py
[2024-07-13T01:33:11.268+0000] {processor.py:830} INFO - Processing file /home/airflow/.local/lib/python3.12/site-packages/airflow/example_dags/example_display_name.py for tasks to queue
[2024-07-13T01:33:11.270+0000] {logging_mixin.py:188} INFO - [2024-07-13T01:33:11.270+0000] {dagbag.py:545} INFO - Filling up the DagBag from /home/airflow/.local/lib/python3.12/site-packages/airflow/example_dags/example_display_name.py
[2024-07-13T01:33:11.278+0000] {processor.py:840} INFO - DAG(s) 'example_display_name' retrieved from /home/airflow/.local/lib/python3.12/site-packages/airflow/example_dags/example_display_name.py
[2024-07-13T01:33:11.310+0000] {logging_mixin.py:188} INFO - [2024-07-13T01:33:11.310+0000] {dag.py:3096} INFO - Sync 1 DAGs
[2024-07-13T01:33:11.329+0000] {logging_mixin.py:188} INFO - [2024-07-13T01:33:11.329+0000] {dag.py:3954} INFO - Setting next_dagrun for example_display_name to None, run_after=None
[2024-07-13T01:33:11.382+0000] {processor.py:183} INFO - Processing /home/airflow/.local/lib/python3.12/site-packages/airflow/example_dags/example_display_name.py took 0.123 seconds
[2024-07-13T01:33:41.729+0000] {processor.py:161} INFO - Started process (PID=680) to work on /home/airflow/.local/lib/python3.12/site-packages/airflow/example_dags/example_display_name.py
[2024-07-13T01:33:41.731+0000] {processor.py:830} INFO - Processing file /home/airflow/.local/lib/python3.12/site-packages/airflow/example_dags/example_display_name.py for tasks to queue
[2024-07-13T01:33:41.734+0000] {logging_mixin.py:188} INFO - [2024-07-13T01:33:41.733+0000] {dagbag.py:545} INFO - Filling up the DagBag from /home/airflow/.local/lib/python3.12/site-packages/airflow/example_dags/example_display_name.py
[2024-07-13T01:33:41.741+0000] {processor.py:840} INFO - DAG(s) 'example_display_name' retrieved from /home/airflow/.local/lib/python3.12/site-packages/airflow/example_dags/example_display_name.py
[2024-07-13T01:33:41.767+0000] {logging_mixin.py:188} INFO - [2024-07-13T01:33:41.766+0000] {dag.py:3096} INFO - Sync 1 DAGs
[2024-07-13T01:33:41.783+0000] {logging_mixin.py:188} INFO - [2024-07-13T01:33:41.783+0000] {dag.py:3954} INFO - Setting next_dagrun for example_display_name to None, run_after=None
[2024-07-13T01:33:41.808+0000] {processor.py:183} INFO - Processing /home/airflow/.local/lib/python3.12/site-packages/airflow/example_dags/example_display_name.py took 0.087 seconds
[2024-07-13T01:34:12.049+0000] {processor.py:161} INFO - Started process (PID=738) to work on /home/airflow/.local/lib/python3.12/site-packages/airflow/example_dags/example_display_name.py
[2024-07-13T01:34:12.050+0000] {processor.py:830} INFO - Processing file /home/airflow/.local/lib/python3.12/site-packages/airflow/example_dags/example_display_name.py for tasks to queue
[2024-07-13T01:34:12.053+0000] {logging_mixin.py:188} INFO - [2024-07-13T01:34:12.053+0000] {dagbag.py:545} INFO - Filling up the DagBag from /home/airflow/.local/lib/python3.12/site-packages/airflow/example_dags/example_display_name.py
[2024-07-13T01:34:12.060+0000] {processor.py:840} INFO - DAG(s) 'example_display_name' retrieved from /home/airflow/.local/lib/python3.12/site-packages/airflow/example_dags/example_display_name.py
[2024-07-13T01:34:12.083+0000] {logging_mixin.py:188} INFO - [2024-07-13T01:34:12.082+0000] {dag.py:3096} INFO - Sync 1 DAGs
[2024-07-13T01:34:12.098+0000] {logging_mixin.py:188} INFO - [2024-07-13T01:34:12.098+0000] {dag.py:3954} INFO - Setting next_dagrun for example_display_name to None, run_after=None
[2024-07-13T01:34:12.132+0000] {processor.py:183} INFO - Processing /home/airflow/.local/lib/python3.12/site-packages/airflow/example_dags/example_display_name.py took 0.091 seconds
[2024-07-13T01:34:42.377+0000] {processor.py:161} INFO - Started process (PID=796) to work on /home/airflow/.local/lib/python3.12/site-packages/airflow/example_dags/example_display_name.py
[2024-07-13T01:34:42.385+0000] {processor.py:830} INFO - Processing file /home/airflow/.local/lib/python3.12/site-packages/airflow/example_dags/example_display_name.py for tasks to queue
[2024-07-13T01:34:42.388+0000] {logging_mixin.py:188} INFO - [2024-07-13T01:34:42.387+0000] {dagbag.py:545} INFO - Filling up the DagBag from /home/airflow/.local/lib/python3.12/site-packages/airflow/example_dags/example_display_name.py
[2024-07-13T01:34:42.394+0000] {processor.py:840} INFO - DAG(s) 'example_display_name' retrieved from /home/airflow/.local/lib/python3.12/site-packages/airflow/example_dags/example_display_name.py
[2024-07-13T01:34:42.419+0000] {logging_mixin.py:188} INFO - [2024-07-13T01:34:42.419+0000] {dag.py:3096} INFO - Sync 1 DAGs
[2024-07-13T01:34:42.434+0000] {logging_mixin.py:188} INFO - [2024-07-13T01:34:42.434+0000] {dag.py:3954} INFO - Setting next_dagrun for example_display_name to None, run_after=None
[2024-07-13T01:34:42.466+0000] {processor.py:183} INFO - Processing /home/airflow/.local/lib/python3.12/site-packages/airflow/example_dags/example_display_name.py took 0.096 seconds
[2024-07-13T01:35:12.817+0000] {processor.py:161} INFO - Started process (PID=854) to work on /home/airflow/.local/lib/python3.12/site-packages/airflow/example_dags/example_display_name.py
[2024-07-13T01:35:12.818+0000] {processor.py:830} INFO - Processing file /home/airflow/.local/lib/python3.12/site-packages/airflow/example_dags/example_display_name.py for tasks to queue
[2024-07-13T01:35:12.820+0000] {logging_mixin.py:188} INFO - [2024-07-13T01:35:12.820+0000] {dagbag.py:545} INFO - Filling up the DagBag from /home/airflow/.local/lib/python3.12/site-packages/airflow/example_dags/example_display_name.py
[2024-07-13T01:35:12.827+0000] {processor.py:840} INFO - DAG(s) 'example_display_name' retrieved from /home/airflow/.local/lib/python3.12/site-packages/airflow/example_dags/example_display_name.py
[2024-07-13T01:35:12.851+0000] {logging_mixin.py:188} INFO - [2024-07-13T01:35:12.851+0000] {dag.py:3096} INFO - Sync 1 DAGs
[2024-07-13T01:35:12.866+0000] {logging_mixin.py:188} INFO - [2024-07-13T01:35:12.866+0000] {dag.py:3954} INFO - Setting next_dagrun for example_display_name to None, run_after=None
[2024-07-13T01:35:12.888+0000] {processor.py:183} INFO - Processing /home/airflow/.local/lib/python3.12/site-packages/airflow/example_dags/example_display_name.py took 0.078 seconds
[2024-07-13T01:35:43.144+0000] {processor.py:161} INFO - Started process (PID=912) to work on /home/airflow/.local/lib/python3.12/site-packages/airflow/example_dags/example_display_name.py
[2024-07-13T01:35:43.146+0000] {processor.py:830} INFO - Processing file /home/airflow/.local/lib/python3.12/site-packages/airflow/example_dags/example_display_name.py for tasks to queue
[2024-07-13T01:35:43.149+0000] {logging_mixin.py:188} INFO - [2024-07-13T01:35:43.148+0000] {dagbag.py:545} INFO - Filling up the DagBag from /home/airflow/.local/lib/python3.12/site-packages/airflow/example_dags/example_display_name.py
[2024-07-13T01:35:43.156+0000] {processor.py:840} INFO - DAG(s) 'example_display_name' retrieved from /home/airflow/.local/lib/python3.12/site-packages/airflow/example_dags/example_display_name.py
[2024-07-13T01:35:43.214+0000] {logging_mixin.py:188} INFO - [2024-07-13T01:35:43.214+0000] {dag.py:3096} INFO - Sync 1 DAGs
[2024-07-13T01:35:43.236+0000] {logging_mixin.py:188} INFO - [2024-07-13T01:35:43.235+0000] {dag.py:3954} INFO - Setting next_dagrun for example_display_name to None, run_after=None
[2024-07-13T01:35:43.320+0000] {processor.py:183} INFO - Processing /home/airflow/.local/lib/python3.12/site-packages/airflow/example_dags/example_display_name.py took 0.197 seconds
[2024-07-13T01:36:13.393+0000] {processor.py:161} INFO - Started process (PID=969) to work on /home/airflow/.local/lib/python3.12/site-packages/airflow/example_dags/example_display_name.py
[2024-07-13T01:36:13.394+0000] {processor.py:830} INFO - Processing file /home/airflow/.local/lib/python3.12/site-packages/airflow/example_dags/example_display_name.py for tasks to queue
[2024-07-13T01:36:13.397+0000] {logging_mixin.py:188} INFO - [2024-07-13T01:36:13.396+0000] {dagbag.py:545} INFO - Filling up the DagBag from /home/airflow/.local/lib/python3.12/site-packages/airflow/example_dags/example_display_name.py
[2024-07-13T01:36:13.402+0000] {processor.py:840} INFO - DAG(s) 'example_display_name' retrieved from /home/airflow/.local/lib/python3.12/site-packages/airflow/example_dags/example_display_name.py
[2024-07-13T01:36:13.425+0000] {logging_mixin.py:188} INFO - [2024-07-13T01:36:13.425+0000] {dag.py:3096} INFO - Sync 1 DAGs
[2024-07-13T01:36:13.442+0000] {logging_mixin.py:188} INFO - [2024-07-13T01:36:13.441+0000] {dag.py:3954} INFO - Setting next_dagrun for example_display_name to None, run_after=None
[2024-07-13T01:36:13.488+0000] {processor.py:183} INFO - Processing /home/airflow/.local/lib/python3.12/site-packages/airflow/example_dags/example_display_name.py took 0.102 seconds
[2024-07-13T01:36:43.873+0000] {processor.py:161} INFO - Started process (PID=1027) to work on /home/airflow/.local/lib/python3.12/site-packages/airflow/example_dags/example_display_name.py
[2024-07-13T01:36:43.881+0000] {processor.py:830} INFO - Processing file /home/airflow/.local/lib/python3.12/site-packages/airflow/example_dags/example_display_name.py for tasks to queue
[2024-07-13T01:36:43.884+0000] {logging_mixin.py:188} INFO - [2024-07-13T01:36:43.884+0000] {dagbag.py:545} INFO - Filling up the DagBag from /home/airflow/.local/lib/python3.12/site-packages/airflow/example_dags/example_display_name.py
[2024-07-13T01:36:43.890+0000] {processor.py:840} INFO - DAG(s) 'example_display_name' retrieved from /home/airflow/.local/lib/python3.12/site-packages/airflow/example_dags/example_display_name.py
[2024-07-13T01:36:43.916+0000] {logging_mixin.py:188} INFO - [2024-07-13T01:36:43.916+0000] {dag.py:3096} INFO - Sync 1 DAGs
[2024-07-13T01:36:43.932+0000] {logging_mixin.py:188} INFO - [2024-07-13T01:36:43.931+0000] {dag.py:3954} INFO - Setting next_dagrun for example_display_name to None, run_after=None
[2024-07-13T01:36:43.959+0000] {processor.py:183} INFO - Processing /home/airflow/.local/lib/python3.12/site-packages/airflow/example_dags/example_display_name.py took 0.094 seconds
[2024-07-13T01:37:14.285+0000] {processor.py:161} INFO - Started process (PID=1085) to work on /home/airflow/.local/lib/python3.12/site-packages/airflow/example_dags/example_display_name.py
[2024-07-13T01:37:14.287+0000] {processor.py:830} INFO - Processing file /home/airflow/.local/lib/python3.12/site-packages/airflow/example_dags/example_display_name.py for tasks to queue
[2024-07-13T01:37:14.289+0000] {logging_mixin.py:188} INFO - [2024-07-13T01:37:14.289+0000] {dagbag.py:545} INFO - Filling up the DagBag from /home/airflow/.local/lib/python3.12/site-packages/airflow/example_dags/example_display_name.py
[2024-07-13T01:37:14.295+0000] {processor.py:840} INFO - DAG(s) 'example_display_name' retrieved from /home/airflow/.local/lib/python3.12/site-packages/airflow/example_dags/example_display_name.py
[2024-07-13T01:37:14.319+0000] {logging_mixin.py:188} INFO - [2024-07-13T01:37:14.319+0000] {dag.py:3096} INFO - Sync 1 DAGs
[2024-07-13T01:37:14.335+0000] {logging_mixin.py:188} INFO - [2024-07-13T01:37:14.334+0000] {dag.py:3954} INFO - Setting next_dagrun for example_display_name to None, run_after=None
[2024-07-13T01:37:14.359+0000] {processor.py:183} INFO - Processing /home/airflow/.local/lib/python3.12/site-packages/airflow/example_dags/example_display_name.py took 0.081 seconds
[2024-07-13T01:37:44.757+0000] {processor.py:161} INFO - Started process (PID=1144) to work on /home/airflow/.local/lib/python3.12/site-packages/airflow/example_dags/example_display_name.py
[2024-07-13T01:37:44.772+0000] {processor.py:830} INFO - Processing file /home/airflow/.local/lib/python3.12/site-packages/airflow/example_dags/example_display_name.py for tasks to queue
[2024-07-13T01:37:44.775+0000] {logging_mixin.py:188} INFO - [2024-07-13T01:37:44.775+0000] {dagbag.py:545} INFO - Filling up the DagBag from /home/airflow/.local/lib/python3.12/site-packages/airflow/example_dags/example_display_name.py
[2024-07-13T01:37:44.792+0000] {processor.py:840} INFO - DAG(s) 'example_display_name' retrieved from /home/airflow/.local/lib/python3.12/site-packages/airflow/example_dags/example_display_name.py
[2024-07-13T01:37:44.829+0000] {logging_mixin.py:188} INFO - [2024-07-13T01:37:44.829+0000] {dag.py:3096} INFO - Sync 1 DAGs
[2024-07-13T01:37:44.847+0000] {logging_mixin.py:188} INFO - [2024-07-13T01:37:44.847+0000] {dag.py:3954} INFO - Setting next_dagrun for example_display_name to None, run_after=None
[2024-07-13T01:37:44.881+0000] {processor.py:183} INFO - Processing /home/airflow/.local/lib/python3.12/site-packages/airflow/example_dags/example_display_name.py took 0.131 seconds
[2024-07-13T01:38:15.082+0000] {processor.py:161} INFO - Started process (PID=1202) to work on /home/airflow/.local/lib/python3.12/site-packages/airflow/example_dags/example_display_name.py
[2024-07-13T01:38:15.090+0000] {processor.py:830} INFO - Processing file /home/airflow/.local/lib/python3.12/site-packages/airflow/example_dags/example_display_name.py for tasks to queue
[2024-07-13T01:38:15.093+0000] {logging_mixin.py:188} INFO - [2024-07-13T01:38:15.092+0000] {dagbag.py:545} INFO - Filling up the DagBag from /home/airflow/.local/lib/python3.12/site-packages/airflow/example_dags/example_display_name.py
[2024-07-13T01:38:15.100+0000] {processor.py:840} INFO - DAG(s) 'example_display_name' retrieved from /home/airflow/.local/lib/python3.12/site-packages/airflow/example_dags/example_display_name.py
[2024-07-13T01:38:15.129+0000] {logging_mixin.py:188} INFO - [2024-07-13T01:38:15.129+0000] {dag.py:3096} INFO - Sync 1 DAGs
[2024-07-13T01:38:15.150+0000] {logging_mixin.py:188} INFO - [2024-07-13T01:38:15.150+0000] {dag.py:3954} INFO - Setting next_dagrun for example_display_name to None, run_after=None
[2024-07-13T01:38:15.185+0000] {processor.py:183} INFO - Processing /home/airflow/.local/lib/python3.12/site-packages/airflow/example_dags/example_display_name.py took 0.111 seconds
[2024-07-13T01:38:45.416+0000] {processor.py:161} INFO - Started process (PID=1260) to work on /home/airflow/.local/lib/python3.12/site-packages/airflow/example_dags/example_display_name.py
[2024-07-13T01:38:45.417+0000] {processor.py:830} INFO - Processing file /home/airflow/.local/lib/python3.12/site-packages/airflow/example_dags/example_display_name.py for tasks to queue
[2024-07-13T01:38:45.419+0000] {logging_mixin.py:188} INFO - [2024-07-13T01:38:45.419+0000] {dagbag.py:545} INFO - Filling up the DagBag from /home/airflow/.local/lib/python3.12/site-packages/airflow/example_dags/example_display_name.py
[2024-07-13T01:38:45.426+0000] {processor.py:840} INFO - DAG(s) 'example_display_name' retrieved from /home/airflow/.local/lib/python3.12/site-packages/airflow/example_dags/example_display_name.py
[2024-07-13T01:38:45.450+0000] {logging_mixin.py:188} INFO - [2024-07-13T01:38:45.450+0000] {dag.py:3096} INFO - Sync 1 DAGs
[2024-07-13T01:38:45.470+0000] {logging_mixin.py:188} INFO - [2024-07-13T01:38:45.470+0000] {dag.py:3954} INFO - Setting next_dagrun for example_display_name to None, run_after=None
[2024-07-13T01:38:45.495+0000] {processor.py:183} INFO - Processing /home/airflow/.local/lib/python3.12/site-packages/airflow/example_dags/example_display_name.py took 0.087 seconds
[2024-07-13T01:39:15.623+0000] {processor.py:161} INFO - Started process (PID=1318) to work on /home/airflow/.local/lib/python3.12/site-packages/airflow/example_dags/example_display_name.py
[2024-07-13T01:39:15.631+0000] {processor.py:830} INFO - Processing file /home/airflow/.local/lib/python3.12/site-packages/airflow/example_dags/example_display_name.py for tasks to queue
[2024-07-13T01:39:15.633+0000] {logging_mixin.py:188} INFO - [2024-07-13T01:39:15.633+0000] {dagbag.py:545} INFO - Filling up the DagBag from /home/airflow/.local/lib/python3.12/site-packages/airflow/example_dags/example_display_name.py
[2024-07-13T01:39:15.641+0000] {processor.py:840} INFO - DAG(s) 'example_display_name' retrieved from /home/airflow/.local/lib/python3.12/site-packages/airflow/example_dags/example_display_name.py
[2024-07-13T01:39:15.668+0000] {logging_mixin.py:188} INFO - [2024-07-13T01:39:15.667+0000] {dag.py:3096} INFO - Sync 1 DAGs
[2024-07-13T01:39:15.687+0000] {logging_mixin.py:188} INFO - [2024-07-13T01:39:15.686+0000] {dag.py:3954} INFO - Setting next_dagrun for example_display_name to None, run_after=None
[2024-07-13T01:39:15.716+0000] {processor.py:183} INFO - Processing /home/airflow/.local/lib/python3.12/site-packages/airflow/example_dags/example_display_name.py took 0.101 seconds
[2024-07-13T01:39:46.112+0000] {processor.py:161} INFO - Started process (PID=1382) to work on /home/airflow/.local/lib/python3.12/site-packages/airflow/example_dags/example_display_name.py
[2024-07-13T01:39:46.117+0000] {processor.py:830} INFO - Processing file /home/airflow/.local/lib/python3.12/site-packages/airflow/example_dags/example_display_name.py for tasks to queue
[2024-07-13T01:39:46.119+0000] {logging_mixin.py:188} INFO - [2024-07-13T01:39:46.119+0000] {dagbag.py:545} INFO - Filling up the DagBag from /home/airflow/.local/lib/python3.12/site-packages/airflow/example_dags/example_display_name.py
[2024-07-13T01:39:46.128+0000] {processor.py:840} INFO - DAG(s) 'example_display_name' retrieved from /home/airflow/.local/lib/python3.12/site-packages/airflow/example_dags/example_display_name.py
[2024-07-13T01:39:46.157+0000] {logging_mixin.py:188} INFO - [2024-07-13T01:39:46.156+0000] {dag.py:3096} INFO - Sync 1 DAGs
[2024-07-13T01:39:46.173+0000] {logging_mixin.py:188} INFO - [2024-07-13T01:39:46.173+0000] {dag.py:3954} INFO - Setting next_dagrun for example_display_name to None, run_after=None
[2024-07-13T01:39:46.197+0000] {processor.py:183} INFO - Processing /home/airflow/.local/lib/python3.12/site-packages/airflow/example_dags/example_display_name.py took 0.097 seconds
[2024-07-13T01:40:16.625+0000] {processor.py:161} INFO - Started process (PID=1440) to work on /home/airflow/.local/lib/python3.12/site-packages/airflow/example_dags/example_display_name.py
[2024-07-13T01:40:16.627+0000] {processor.py:830} INFO - Processing file /home/airflow/.local/lib/python3.12/site-packages/airflow/example_dags/example_display_name.py for tasks to queue
[2024-07-13T01:40:16.632+0000] {logging_mixin.py:188} INFO - [2024-07-13T01:40:16.630+0000] {dagbag.py:545} INFO - Filling up the DagBag from /home/airflow/.local/lib/python3.12/site-packages/airflow/example_dags/example_display_name.py
[2024-07-13T01:40:16.645+0000] {processor.py:840} INFO - DAG(s) 'example_display_name' retrieved from /home/airflow/.local/lib/python3.12/site-packages/airflow/example_dags/example_display_name.py
[2024-07-13T01:40:16.688+0000] {logging_mixin.py:188} INFO - [2024-07-13T01:40:16.688+0000] {dag.py:3096} INFO - Sync 1 DAGs
[2024-07-13T01:40:16.718+0000] {logging_mixin.py:188} INFO - [2024-07-13T01:40:16.717+0000] {dag.py:3954} INFO - Setting next_dagrun for example_display_name to None, run_after=None
[2024-07-13T01:40:16.752+0000] {processor.py:183} INFO - Processing /home/airflow/.local/lib/python3.12/site-packages/airflow/example_dags/example_display_name.py took 0.136 seconds
[2024-07-13T01:40:46.834+0000] {processor.py:161} INFO - Started process (PID=1498) to work on /home/airflow/.local/lib/python3.12/site-packages/airflow/example_dags/example_display_name.py
[2024-07-13T01:40:46.836+0000] {processor.py:830} INFO - Processing file /home/airflow/.local/lib/python3.12/site-packages/airflow/example_dags/example_display_name.py for tasks to queue
[2024-07-13T01:40:46.838+0000] {logging_mixin.py:188} INFO - [2024-07-13T01:40:46.838+0000] {dagbag.py:545} INFO - Filling up the DagBag from /home/airflow/.local/lib/python3.12/site-packages/airflow/example_dags/example_display_name.py
[2024-07-13T01:40:46.845+0000] {processor.py:840} INFO - DAG(s) 'example_display_name' retrieved from /home/airflow/.local/lib/python3.12/site-packages/airflow/example_dags/example_display_name.py
[2024-07-13T01:40:46.867+0000] {logging_mixin.py:188} INFO - [2024-07-13T01:40:46.866+0000] {dag.py:3096} INFO - Sync 1 DAGs
[2024-07-13T01:40:46.881+0000] {logging_mixin.py:188} INFO - [2024-07-13T01:40:46.880+0000] {dag.py:3954} INFO - Setting next_dagrun for example_display_name to None, run_after=None
[2024-07-13T01:40:46.903+0000] {processor.py:183} INFO - Processing /home/airflow/.local/lib/python3.12/site-packages/airflow/example_dags/example_display_name.py took 0.077 seconds
[2024-07-13T01:41:17.242+0000] {processor.py:161} INFO - Started process (PID=1556) to work on /home/airflow/.local/lib/python3.12/site-packages/airflow/example_dags/example_display_name.py
[2024-07-13T01:41:17.243+0000] {processor.py:830} INFO - Processing file /home/airflow/.local/lib/python3.12/site-packages/airflow/example_dags/example_display_name.py for tasks to queue
[2024-07-13T01:41:17.251+0000] {logging_mixin.py:188} INFO - [2024-07-13T01:41:17.250+0000] {dagbag.py:545} INFO - Filling up the DagBag from /home/airflow/.local/lib/python3.12/site-packages/airflow/example_dags/example_display_name.py
[2024-07-13T01:41:17.266+0000] {processor.py:840} INFO - DAG(s) 'example_display_name' retrieved from /home/airflow/.local/lib/python3.12/site-packages/airflow/example_dags/example_display_name.py
[2024-07-13T01:41:17.295+0000] {logging_mixin.py:188} INFO - [2024-07-13T01:41:17.294+0000] {dag.py:3096} INFO - Sync 1 DAGs
[2024-07-13T01:41:17.323+0000] {logging_mixin.py:188} INFO - [2024-07-13T01:41:17.323+0000] {dag.py:3954} INFO - Setting next_dagrun for example_display_name to None, run_after=None
[2024-07-13T01:41:17.365+0000] {processor.py:183} INFO - Processing /home/airflow/.local/lib/python3.12/site-packages/airflow/example_dags/example_display_name.py took 0.131 seconds
[2024-07-13T01:41:48.172+0000] {processor.py:161} INFO - Started process (PID=1612) to work on /home/airflow/.local/lib/python3.12/site-packages/airflow/example_dags/example_display_name.py
[2024-07-13T01:41:48.176+0000] {processor.py:830} INFO - Processing file /home/airflow/.local/lib/python3.12/site-packages/airflow/example_dags/example_display_name.py for tasks to queue
[2024-07-13T01:41:48.178+0000] {logging_mixin.py:188} INFO - [2024-07-13T01:41:48.178+0000] {dagbag.py:545} INFO - Filling up the DagBag from /home/airflow/.local/lib/python3.12/site-packages/airflow/example_dags/example_display_name.py
[2024-07-13T01:41:48.187+0000] {processor.py:840} INFO - DAG(s) 'example_display_name' retrieved from /home/airflow/.local/lib/python3.12/site-packages/airflow/example_dags/example_display_name.py
[2024-07-13T01:41:48.211+0000] {logging_mixin.py:188} INFO - [2024-07-13T01:41:48.211+0000] {dag.py:3096} INFO - Sync 1 DAGs
[2024-07-13T01:41:48.227+0000] {logging_mixin.py:188} INFO - [2024-07-13T01:41:48.227+0000] {dag.py:3954} INFO - Setting next_dagrun for example_display_name to None, run_after=None
[2024-07-13T01:41:48.257+0000] {processor.py:183} INFO - Processing /home/airflow/.local/lib/python3.12/site-packages/airflow/example_dags/example_display_name.py took 0.093 seconds
[2024-07-13T01:42:18.492+0000] {processor.py:161} INFO - Started process (PID=1670) to work on /home/airflow/.local/lib/python3.12/site-packages/airflow/example_dags/example_display_name.py
[2024-07-13T01:42:18.493+0000] {processor.py:830} INFO - Processing file /home/airflow/.local/lib/python3.12/site-packages/airflow/example_dags/example_display_name.py for tasks to queue
[2024-07-13T01:42:18.496+0000] {logging_mixin.py:188} INFO - [2024-07-13T01:42:18.496+0000] {dagbag.py:545} INFO - Filling up the DagBag from /home/airflow/.local/lib/python3.12/site-packages/airflow/example_dags/example_display_name.py
[2024-07-13T01:42:18.504+0000] {processor.py:840} INFO - DAG(s) 'example_display_name' retrieved from /home/airflow/.local/lib/python3.12/site-packages/airflow/example_dags/example_display_name.py
[2024-07-13T01:42:18.535+0000] {logging_mixin.py:188} INFO - [2024-07-13T01:42:18.535+0000] {dag.py:3096} INFO - Sync 1 DAGs
[2024-07-13T01:42:18.552+0000] {logging_mixin.py:188} INFO - [2024-07-13T01:42:18.552+0000] {dag.py:3954} INFO - Setting next_dagrun for example_display_name to None, run_after=None
[2024-07-13T01:42:18.584+0000] {processor.py:183} INFO - Processing /home/airflow/.local/lib/python3.12/site-packages/airflow/example_dags/example_display_name.py took 0.100 seconds
[2024-07-13T01:42:49.149+0000] {processor.py:161} INFO - Started process (PID=1728) to work on /home/airflow/.local/lib/python3.12/site-packages/airflow/example_dags/example_display_name.py
[2024-07-13T01:42:49.157+0000] {processor.py:830} INFO - Processing file /home/airflow/.local/lib/python3.12/site-packages/airflow/example_dags/example_display_name.py for tasks to queue
[2024-07-13T01:42:49.160+0000] {logging_mixin.py:188} INFO - [2024-07-13T01:42:49.160+0000] {dagbag.py:545} INFO - Filling up the DagBag from /home/airflow/.local/lib/python3.12/site-packages/airflow/example_dags/example_display_name.py
[2024-07-13T01:42:49.169+0000] {processor.py:840} INFO - DAG(s) 'example_display_name' retrieved from /home/airflow/.local/lib/python3.12/site-packages/airflow/example_dags/example_display_name.py
[2024-07-13T01:42:49.215+0000] {logging_mixin.py:188} INFO - [2024-07-13T01:42:49.214+0000] {dag.py:3096} INFO - Sync 1 DAGs
[2024-07-13T01:42:49.234+0000] {logging_mixin.py:188} INFO - [2024-07-13T01:42:49.233+0000] {dag.py:3954} INFO - Setting next_dagrun for example_display_name to None, run_after=None
[2024-07-13T01:42:49.261+0000] {processor.py:183} INFO - Processing /home/airflow/.local/lib/python3.12/site-packages/airflow/example_dags/example_display_name.py took 0.122 seconds
[2024-07-13T01:43:19.485+0000] {processor.py:161} INFO - Started process (PID=1786) to work on /home/airflow/.local/lib/python3.12/site-packages/airflow/example_dags/example_display_name.py
[2024-07-13T01:43:19.485+0000] {processor.py:830} INFO - Processing file /home/airflow/.local/lib/python3.12/site-packages/airflow/example_dags/example_display_name.py for tasks to queue
[2024-07-13T01:43:19.488+0000] {logging_mixin.py:188} INFO - [2024-07-13T01:43:19.487+0000] {dagbag.py:545} INFO - Filling up the DagBag from /home/airflow/.local/lib/python3.12/site-packages/airflow/example_dags/example_display_name.py
[2024-07-13T01:43:19.495+0000] {processor.py:840} INFO - DAG(s) 'example_display_name' retrieved from /home/airflow/.local/lib/python3.12/site-packages/airflow/example_dags/example_display_name.py
[2024-07-13T01:43:19.523+0000] {logging_mixin.py:188} INFO - [2024-07-13T01:43:19.523+0000] {dag.py:3096} INFO - Sync 1 DAGs
[2024-07-13T01:43:19.541+0000] {logging_mixin.py:188} INFO - [2024-07-13T01:43:19.541+0000] {dag.py:3954} INFO - Setting next_dagrun for example_display_name to None, run_after=None
[2024-07-13T01:43:19.581+0000] {processor.py:183} INFO - Processing /home/airflow/.local/lib/python3.12/site-packages/airflow/example_dags/example_display_name.py took 0.106 seconds
