[2024-07-13T01:28:02.449+0000] {processor.py:161} INFO - Started process (PID=39) to work on /home/airflow/.local/lib/python3.12/site-packages/airflow/example_dags/example_branch_labels.py
[2024-07-13T01:28:02.451+0000] {processor.py:830} INFO - Processing file /home/airflow/.local/lib/python3.12/site-packages/airflow/example_dags/example_branch_labels.py for tasks to queue
[2024-07-13T01:28:02.465+0000] {logging_mixin.py:188} INFO - [2024-07-13T01:28:02.464+0000] {dagbag.py:545} INFO - Filling up the DagBag from /home/airflow/.local/lib/python3.12/site-packages/airflow/example_dags/example_branch_labels.py
[2024-07-13T01:28:02.527+0000] {processor.py:840} INFO - DAG(s) 'example_branch_labels' retrieved from /home/airflow/.local/lib/python3.12/site-packages/airflow/example_dags/example_branch_labels.py
[2024-07-13T01:28:03.610+0000] {logging_mixin.py:188} INFO - [2024-07-13T01:28:03.609+0000] {dag.py:3096} INFO - Sync 1 DAGs
[2024-07-13T01:28:03.945+0000] {logging_mixin.py:188} INFO - [2024-07-13T01:28:03.945+0000] {dag.py:3954} INFO - Setting next_dagrun for example_branch_labels to 2024-07-12 00:00:00+00:00, run_after=2024-07-13 00:00:00+00:00
[2024-07-13T01:28:04.133+0000] {processor.py:183} INFO - Processing /home/airflow/.local/lib/python3.12/site-packages/airflow/example_dags/example_branch_labels.py took 1.710 seconds
[2024-07-13T01:28:34.295+0000] {processor.py:161} INFO - Started process (PID=96) to work on /home/airflow/.local/lib/python3.12/site-packages/airflow/example_dags/example_branch_labels.py
[2024-07-13T01:28:34.296+0000] {processor.py:830} INFO - Processing file /home/airflow/.local/lib/python3.12/site-packages/airflow/example_dags/example_branch_labels.py for tasks to queue
[2024-07-13T01:28:34.299+0000] {logging_mixin.py:188} INFO - [2024-07-13T01:28:34.298+0000] {dagbag.py:545} INFO - Filling up the DagBag from /home/airflow/.local/lib/python3.12/site-packages/airflow/example_dags/example_branch_labels.py
[2024-07-13T01:28:34.308+0000] {processor.py:840} INFO - DAG(s) 'example_branch_labels' retrieved from /home/airflow/.local/lib/python3.12/site-packages/airflow/example_dags/example_branch_labels.py
[2024-07-13T01:28:34.335+0000] {logging_mixin.py:188} INFO - [2024-07-13T01:28:34.335+0000] {dag.py:3096} INFO - Sync 1 DAGs
[2024-07-13T01:28:34.361+0000] {logging_mixin.py:188} INFO - [2024-07-13T01:28:34.361+0000] {dag.py:3954} INFO - Setting next_dagrun for example_branch_labels to 2024-07-12 00:00:00+00:00, run_after=2024-07-13 00:00:00+00:00
[2024-07-13T01:28:34.385+0000] {processor.py:183} INFO - Processing /home/airflow/.local/lib/python3.12/site-packages/airflow/example_dags/example_branch_labels.py took 0.097 seconds
[2024-07-13T01:29:05.276+0000] {processor.py:161} INFO - Started process (PID=154) to work on /home/airflow/.local/lib/python3.12/site-packages/airflow/example_dags/example_branch_labels.py
[2024-07-13T01:29:05.283+0000] {processor.py:830} INFO - Processing file /home/airflow/.local/lib/python3.12/site-packages/airflow/example_dags/example_branch_labels.py for tasks to queue
[2024-07-13T01:29:05.286+0000] {logging_mixin.py:188} INFO - [2024-07-13T01:29:05.286+0000] {dagbag.py:545} INFO - Filling up the DagBag from /home/airflow/.local/lib/python3.12/site-packages/airflow/example_dags/example_branch_labels.py
[2024-07-13T01:29:05.296+0000] {processor.py:840} INFO - DAG(s) 'example_branch_labels' retrieved from /home/airflow/.local/lib/python3.12/site-packages/airflow/example_dags/example_branch_labels.py
[2024-07-13T01:29:05.321+0000] {logging_mixin.py:188} INFO - [2024-07-13T01:29:05.321+0000] {dag.py:3096} INFO - Sync 1 DAGs
[2024-07-13T01:29:05.348+0000] {logging_mixin.py:188} INFO - [2024-07-13T01:29:05.348+0000] {dag.py:3954} INFO - Setting next_dagrun for example_branch_labels to 2024-07-12 00:00:00+00:00, run_after=2024-07-13 00:00:00+00:00
[2024-07-13T01:29:05.381+0000] {processor.py:183} INFO - Processing /home/airflow/.local/lib/python3.12/site-packages/airflow/example_dags/example_branch_labels.py took 0.113 seconds
[2024-07-13T01:29:35.637+0000] {processor.py:161} INFO - Started process (PID=212) to work on /home/airflow/.local/lib/python3.12/site-packages/airflow/example_dags/example_branch_labels.py
[2024-07-13T01:29:35.645+0000] {processor.py:830} INFO - Processing file /home/airflow/.local/lib/python3.12/site-packages/airflow/example_dags/example_branch_labels.py for tasks to queue
[2024-07-13T01:29:35.648+0000] {logging_mixin.py:188} INFO - [2024-07-13T01:29:35.647+0000] {dagbag.py:545} INFO - Filling up the DagBag from /home/airflow/.local/lib/python3.12/site-packages/airflow/example_dags/example_branch_labels.py
[2024-07-13T01:29:35.657+0000] {processor.py:840} INFO - DAG(s) 'example_branch_labels' retrieved from /home/airflow/.local/lib/python3.12/site-packages/airflow/example_dags/example_branch_labels.py
[2024-07-13T01:29:35.682+0000] {logging_mixin.py:188} INFO - [2024-07-13T01:29:35.681+0000] {dag.py:3096} INFO - Sync 1 DAGs
[2024-07-13T01:29:35.715+0000] {logging_mixin.py:188} INFO - [2024-07-13T01:29:35.715+0000] {dag.py:3954} INFO - Setting next_dagrun for example_branch_labels to 2024-07-12 00:00:00+00:00, run_after=2024-07-13 00:00:00+00:00
[2024-07-13T01:29:35.756+0000] {processor.py:183} INFO - Processing /home/airflow/.local/lib/python3.12/site-packages/airflow/example_dags/example_branch_labels.py took 0.125 seconds
[2024-07-13T01:30:05.903+0000] {processor.py:161} INFO - Started process (PID=269) to work on /home/airflow/.local/lib/python3.12/site-packages/airflow/example_dags/example_branch_labels.py
[2024-07-13T01:30:05.912+0000] {processor.py:830} INFO - Processing file /home/airflow/.local/lib/python3.12/site-packages/airflow/example_dags/example_branch_labels.py for tasks to queue
[2024-07-13T01:30:05.914+0000] {logging_mixin.py:188} INFO - [2024-07-13T01:30:05.914+0000] {dagbag.py:545} INFO - Filling up the DagBag from /home/airflow/.local/lib/python3.12/site-packages/airflow/example_dags/example_branch_labels.py
[2024-07-13T01:30:05.926+0000] {processor.py:840} INFO - DAG(s) 'example_branch_labels' retrieved from /home/airflow/.local/lib/python3.12/site-packages/airflow/example_dags/example_branch_labels.py
[2024-07-13T01:30:05.958+0000] {logging_mixin.py:188} INFO - [2024-07-13T01:30:05.958+0000] {dag.py:3096} INFO - Sync 1 DAGs
[2024-07-13T01:30:05.988+0000] {logging_mixin.py:188} INFO - [2024-07-13T01:30:05.988+0000] {dag.py:3954} INFO - Setting next_dagrun for example_branch_labels to 2024-07-12 00:00:00+00:00, run_after=2024-07-13 00:00:00+00:00
[2024-07-13T01:30:06.022+0000] {processor.py:183} INFO - Processing /home/airflow/.local/lib/python3.12/site-packages/airflow/example_dags/example_branch_labels.py took 0.127 seconds
[2024-07-13T01:30:36.347+0000] {processor.py:161} INFO - Started process (PID=327) to work on /home/airflow/.local/lib/python3.12/site-packages/airflow/example_dags/example_branch_labels.py
[2024-07-13T01:30:36.348+0000] {processor.py:830} INFO - Processing file /home/airflow/.local/lib/python3.12/site-packages/airflow/example_dags/example_branch_labels.py for tasks to queue
[2024-07-13T01:30:36.350+0000] {logging_mixin.py:188} INFO - [2024-07-13T01:30:36.350+0000] {dagbag.py:545} INFO - Filling up the DagBag from /home/airflow/.local/lib/python3.12/site-packages/airflow/example_dags/example_branch_labels.py
[2024-07-13T01:30:36.359+0000] {processor.py:840} INFO - DAG(s) 'example_branch_labels' retrieved from /home/airflow/.local/lib/python3.12/site-packages/airflow/example_dags/example_branch_labels.py
[2024-07-13T01:30:36.387+0000] {logging_mixin.py:188} INFO - [2024-07-13T01:30:36.387+0000] {dag.py:3096} INFO - Sync 1 DAGs
[2024-07-13T01:30:36.413+0000] {logging_mixin.py:188} INFO - [2024-07-13T01:30:36.412+0000] {dag.py:3954} INFO - Setting next_dagrun for example_branch_labels to 2024-07-12 00:00:00+00:00, run_after=2024-07-13 00:00:00+00:00
[2024-07-13T01:30:36.442+0000] {processor.py:183} INFO - Processing /home/airflow/.local/lib/python3.12/site-packages/airflow/example_dags/example_branch_labels.py took 0.101 seconds
[2024-07-13T01:31:06.730+0000] {processor.py:161} INFO - Started process (PID=385) to work on /home/airflow/.local/lib/python3.12/site-packages/airflow/example_dags/example_branch_labels.py
[2024-07-13T01:31:06.738+0000] {processor.py:830} INFO - Processing file /home/airflow/.local/lib/python3.12/site-packages/airflow/example_dags/example_branch_labels.py for tasks to queue
[2024-07-13T01:31:06.740+0000] {logging_mixin.py:188} INFO - [2024-07-13T01:31:06.740+0000] {dagbag.py:545} INFO - Filling up the DagBag from /home/airflow/.local/lib/python3.12/site-packages/airflow/example_dags/example_branch_labels.py
[2024-07-13T01:31:06.748+0000] {processor.py:840} INFO - DAG(s) 'example_branch_labels' retrieved from /home/airflow/.local/lib/python3.12/site-packages/airflow/example_dags/example_branch_labels.py
[2024-07-13T01:31:06.772+0000] {logging_mixin.py:188} INFO - [2024-07-13T01:31:06.772+0000] {dag.py:3096} INFO - Sync 1 DAGs
[2024-07-13T01:31:06.798+0000] {logging_mixin.py:188} INFO - [2024-07-13T01:31:06.797+0000] {dag.py:3954} INFO - Setting next_dagrun for example_branch_labels to 2024-07-12 00:00:00+00:00, run_after=2024-07-13 00:00:00+00:00
[2024-07-13T01:31:06.829+0000] {processor.py:183} INFO - Processing /home/airflow/.local/lib/python3.12/site-packages/airflow/example_dags/example_branch_labels.py took 0.106 seconds
[2024-07-13T01:31:37.405+0000] {processor.py:161} INFO - Started process (PID=443) to work on /home/airflow/.local/lib/python3.12/site-packages/airflow/example_dags/example_branch_labels.py
[2024-07-13T01:31:37.413+0000] {processor.py:830} INFO - Processing file /home/airflow/.local/lib/python3.12/site-packages/airflow/example_dags/example_branch_labels.py for tasks to queue
[2024-07-13T01:31:37.416+0000] {logging_mixin.py:188} INFO - [2024-07-13T01:31:37.415+0000] {dagbag.py:545} INFO - Filling up the DagBag from /home/airflow/.local/lib/python3.12/site-packages/airflow/example_dags/example_branch_labels.py
[2024-07-13T01:31:37.425+0000] {processor.py:840} INFO - DAG(s) 'example_branch_labels' retrieved from /home/airflow/.local/lib/python3.12/site-packages/airflow/example_dags/example_branch_labels.py
[2024-07-13T01:31:37.448+0000] {logging_mixin.py:188} INFO - [2024-07-13T01:31:37.448+0000] {dag.py:3096} INFO - Sync 1 DAGs
[2024-07-13T01:31:37.475+0000] {logging_mixin.py:188} INFO - [2024-07-13T01:31:37.474+0000] {dag.py:3954} INFO - Setting next_dagrun for example_branch_labels to 2024-07-12 00:00:00+00:00, run_after=2024-07-13 00:00:00+00:00
[2024-07-13T01:31:37.504+0000] {processor.py:183} INFO - Processing /home/airflow/.local/lib/python3.12/site-packages/airflow/example_dags/example_branch_labels.py took 0.105 seconds
[2024-07-13T01:32:07.558+0000] {processor.py:161} INFO - Started process (PID=502) to work on /home/airflow/.local/lib/python3.12/site-packages/airflow/example_dags/example_branch_labels.py
[2024-07-13T01:32:07.558+0000] {processor.py:830} INFO - Processing file /home/airflow/.local/lib/python3.12/site-packages/airflow/example_dags/example_branch_labels.py for tasks to queue
[2024-07-13T01:32:07.560+0000] {logging_mixin.py:188} INFO - [2024-07-13T01:32:07.560+0000] {dagbag.py:545} INFO - Filling up the DagBag from /home/airflow/.local/lib/python3.12/site-packages/airflow/example_dags/example_branch_labels.py
[2024-07-13T01:32:07.569+0000] {processor.py:840} INFO - DAG(s) 'example_branch_labels' retrieved from /home/airflow/.local/lib/python3.12/site-packages/airflow/example_dags/example_branch_labels.py
[2024-07-13T01:32:07.602+0000] {logging_mixin.py:188} INFO - [2024-07-13T01:32:07.602+0000] {dag.py:3096} INFO - Sync 1 DAGs
[2024-07-13T01:32:07.642+0000] {logging_mixin.py:188} INFO - [2024-07-13T01:32:07.642+0000] {dag.py:3954} INFO - Setting next_dagrun for example_branch_labels to 2024-07-12 00:00:00+00:00, run_after=2024-07-13 00:00:00+00:00
[2024-07-13T01:32:07.678+0000] {processor.py:183} INFO - Processing /home/airflow/.local/lib/python3.12/site-packages/airflow/example_dags/example_branch_labels.py took 0.128 seconds
[2024-07-13T01:32:37.857+0000] {processor.py:161} INFO - Started process (PID=561) to work on /home/airflow/.local/lib/python3.12/site-packages/airflow/example_dags/example_branch_labels.py
[2024-07-13T01:32:37.865+0000] {processor.py:830} INFO - Processing file /home/airflow/.local/lib/python3.12/site-packages/airflow/example_dags/example_branch_labels.py for tasks to queue
[2024-07-13T01:32:37.868+0000] {logging_mixin.py:188} INFO - [2024-07-13T01:32:37.867+0000] {dagbag.py:545} INFO - Filling up the DagBag from /home/airflow/.local/lib/python3.12/site-packages/airflow/example_dags/example_branch_labels.py
[2024-07-13T01:32:37.880+0000] {processor.py:840} INFO - DAG(s) 'example_branch_labels' retrieved from /home/airflow/.local/lib/python3.12/site-packages/airflow/example_dags/example_branch_labels.py
[2024-07-13T01:32:37.908+0000] {logging_mixin.py:188} INFO - [2024-07-13T01:32:37.908+0000] {dag.py:3096} INFO - Sync 1 DAGs
[2024-07-13T01:32:37.935+0000] {logging_mixin.py:188} INFO - [2024-07-13T01:32:37.935+0000] {dag.py:3954} INFO - Setting next_dagrun for example_branch_labels to 2024-07-12 00:00:00+00:00, run_after=2024-07-13 00:00:00+00:00
[2024-07-13T01:32:37.961+0000] {processor.py:183} INFO - Processing /home/airflow/.local/lib/python3.12/site-packages/airflow/example_dags/example_branch_labels.py took 0.110 seconds
[2024-07-13T01:33:08.123+0000] {processor.py:161} INFO - Started process (PID=619) to work on /home/airflow/.local/lib/python3.12/site-packages/airflow/example_dags/example_branch_labels.py
[2024-07-13T01:33:08.123+0000] {processor.py:830} INFO - Processing file /home/airflow/.local/lib/python3.12/site-packages/airflow/example_dags/example_branch_labels.py for tasks to queue
[2024-07-13T01:33:08.125+0000] {logging_mixin.py:188} INFO - [2024-07-13T01:33:08.125+0000] {dagbag.py:545} INFO - Filling up the DagBag from /home/airflow/.local/lib/python3.12/site-packages/airflow/example_dags/example_branch_labels.py
[2024-07-13T01:33:08.134+0000] {processor.py:840} INFO - DAG(s) 'example_branch_labels' retrieved from /home/airflow/.local/lib/python3.12/site-packages/airflow/example_dags/example_branch_labels.py
[2024-07-13T01:33:08.161+0000] {logging_mixin.py:188} INFO - [2024-07-13T01:33:08.160+0000] {dag.py:3096} INFO - Sync 1 DAGs
[2024-07-13T01:33:08.190+0000] {logging_mixin.py:188} INFO - [2024-07-13T01:33:08.190+0000] {dag.py:3954} INFO - Setting next_dagrun for example_branch_labels to 2024-07-12 00:00:00+00:00, run_after=2024-07-13 00:00:00+00:00
[2024-07-13T01:33:08.218+0000] {processor.py:183} INFO - Processing /home/airflow/.local/lib/python3.12/site-packages/airflow/example_dags/example_branch_labels.py took 0.101 seconds
[2024-07-13T01:33:38.708+0000] {processor.py:161} INFO - Started process (PID=678) to work on /home/airflow/.local/lib/python3.12/site-packages/airflow/example_dags/example_branch_labels.py
[2024-07-13T01:33:38.711+0000] {processor.py:830} INFO - Processing file /home/airflow/.local/lib/python3.12/site-packages/airflow/example_dags/example_branch_labels.py for tasks to queue
[2024-07-13T01:33:38.713+0000] {logging_mixin.py:188} INFO - [2024-07-13T01:33:38.713+0000] {dagbag.py:545} INFO - Filling up the DagBag from /home/airflow/.local/lib/python3.12/site-packages/airflow/example_dags/example_branch_labels.py
[2024-07-13T01:33:38.728+0000] {processor.py:840} INFO - DAG(s) 'example_branch_labels' retrieved from /home/airflow/.local/lib/python3.12/site-packages/airflow/example_dags/example_branch_labels.py
[2024-07-13T01:33:38.755+0000] {logging_mixin.py:188} INFO - [2024-07-13T01:33:38.755+0000] {dag.py:3096} INFO - Sync 1 DAGs
[2024-07-13T01:33:38.782+0000] {logging_mixin.py:188} INFO - [2024-07-13T01:33:38.782+0000] {dag.py:3954} INFO - Setting next_dagrun for example_branch_labels to 2024-07-12 00:00:00+00:00, run_after=2024-07-13 00:00:00+00:00
[2024-07-13T01:33:38.815+0000] {processor.py:183} INFO - Processing /home/airflow/.local/lib/python3.12/site-packages/airflow/example_dags/example_branch_labels.py took 0.120 seconds
[2024-07-13T01:34:08.856+0000] {processor.py:161} INFO - Started process (PID=736) to work on /home/airflow/.local/lib/python3.12/site-packages/airflow/example_dags/example_branch_labels.py
[2024-07-13T01:34:08.857+0000] {processor.py:830} INFO - Processing file /home/airflow/.local/lib/python3.12/site-packages/airflow/example_dags/example_branch_labels.py for tasks to queue
[2024-07-13T01:34:08.860+0000] {logging_mixin.py:188} INFO - [2024-07-13T01:34:08.860+0000] {dagbag.py:545} INFO - Filling up the DagBag from /home/airflow/.local/lib/python3.12/site-packages/airflow/example_dags/example_branch_labels.py
[2024-07-13T01:34:08.871+0000] {processor.py:840} INFO - DAG(s) 'example_branch_labels' retrieved from /home/airflow/.local/lib/python3.12/site-packages/airflow/example_dags/example_branch_labels.py
[2024-07-13T01:34:08.952+0000] {logging_mixin.py:188} INFO - [2024-07-13T01:34:08.952+0000] {dag.py:3096} INFO - Sync 1 DAGs
[2024-07-13T01:34:08.984+0000] {logging_mixin.py:188} INFO - [2024-07-13T01:34:08.984+0000] {dag.py:3954} INFO - Setting next_dagrun for example_branch_labels to 2024-07-12 00:00:00+00:00, run_after=2024-07-13 00:00:00+00:00
[2024-07-13T01:34:09.007+0000] {processor.py:183} INFO - Processing /home/airflow/.local/lib/python3.12/site-packages/airflow/example_dags/example_branch_labels.py took 0.157 seconds
[2024-07-13T01:34:39.350+0000] {processor.py:161} INFO - Started process (PID=794) to work on /home/airflow/.local/lib/python3.12/site-packages/airflow/example_dags/example_branch_labels.py
[2024-07-13T01:34:39.358+0000] {processor.py:830} INFO - Processing file /home/airflow/.local/lib/python3.12/site-packages/airflow/example_dags/example_branch_labels.py for tasks to queue
[2024-07-13T01:34:39.361+0000] {logging_mixin.py:188} INFO - [2024-07-13T01:34:39.361+0000] {dagbag.py:545} INFO - Filling up the DagBag from /home/airflow/.local/lib/python3.12/site-packages/airflow/example_dags/example_branch_labels.py
[2024-07-13T01:34:39.373+0000] {processor.py:840} INFO - DAG(s) 'example_branch_labels' retrieved from /home/airflow/.local/lib/python3.12/site-packages/airflow/example_dags/example_branch_labels.py
[2024-07-13T01:34:39.399+0000] {logging_mixin.py:188} INFO - [2024-07-13T01:34:39.399+0000] {dag.py:3096} INFO - Sync 1 DAGs
[2024-07-13T01:34:39.435+0000] {logging_mixin.py:188} INFO - [2024-07-13T01:34:39.434+0000] {dag.py:3954} INFO - Setting next_dagrun for example_branch_labels to 2024-07-12 00:00:00+00:00, run_after=2024-07-13 00:00:00+00:00
[2024-07-13T01:34:39.472+0000] {processor.py:183} INFO - Processing /home/airflow/.local/lib/python3.12/site-packages/airflow/example_dags/example_branch_labels.py took 0.131 seconds
[2024-07-13T01:35:09.681+0000] {processor.py:161} INFO - Started process (PID=852) to work on /home/airflow/.local/lib/python3.12/site-packages/airflow/example_dags/example_branch_labels.py
[2024-07-13T01:35:09.681+0000] {processor.py:830} INFO - Processing file /home/airflow/.local/lib/python3.12/site-packages/airflow/example_dags/example_branch_labels.py for tasks to queue
[2024-07-13T01:35:09.685+0000] {logging_mixin.py:188} INFO - [2024-07-13T01:35:09.684+0000] {dagbag.py:545} INFO - Filling up the DagBag from /home/airflow/.local/lib/python3.12/site-packages/airflow/example_dags/example_branch_labels.py
[2024-07-13T01:35:09.693+0000] {processor.py:840} INFO - DAG(s) 'example_branch_labels' retrieved from /home/airflow/.local/lib/python3.12/site-packages/airflow/example_dags/example_branch_labels.py
[2024-07-13T01:35:09.720+0000] {logging_mixin.py:188} INFO - [2024-07-13T01:35:09.720+0000] {dag.py:3096} INFO - Sync 1 DAGs
[2024-07-13T01:35:09.746+0000] {logging_mixin.py:188} INFO - [2024-07-13T01:35:09.745+0000] {dag.py:3954} INFO - Setting next_dagrun for example_branch_labels to 2024-07-12 00:00:00+00:00, run_after=2024-07-13 00:00:00+00:00
[2024-07-13T01:35:09.777+0000] {processor.py:183} INFO - Processing /home/airflow/.local/lib/python3.12/site-packages/airflow/example_dags/example_branch_labels.py took 0.103 seconds
[2024-07-13T01:35:39.961+0000] {processor.py:161} INFO - Started process (PID=910) to work on /home/airflow/.local/lib/python3.12/site-packages/airflow/example_dags/example_branch_labels.py
[2024-07-13T01:35:39.963+0000] {processor.py:830} INFO - Processing file /home/airflow/.local/lib/python3.12/site-packages/airflow/example_dags/example_branch_labels.py for tasks to queue
[2024-07-13T01:35:39.965+0000] {logging_mixin.py:188} INFO - [2024-07-13T01:35:39.964+0000] {dagbag.py:545} INFO - Filling up the DagBag from /home/airflow/.local/lib/python3.12/site-packages/airflow/example_dags/example_branch_labels.py
[2024-07-13T01:35:39.973+0000] {processor.py:840} INFO - DAG(s) 'example_branch_labels' retrieved from /home/airflow/.local/lib/python3.12/site-packages/airflow/example_dags/example_branch_labels.py
[2024-07-13T01:35:39.999+0000] {logging_mixin.py:188} INFO - [2024-07-13T01:35:39.999+0000] {dag.py:3096} INFO - Sync 1 DAGs
[2024-07-13T01:35:40.026+0000] {logging_mixin.py:188} INFO - [2024-07-13T01:35:40.026+0000] {dag.py:3954} INFO - Setting next_dagrun for example_branch_labels to 2024-07-12 00:00:00+00:00, run_after=2024-07-13 00:00:00+00:00
[2024-07-13T01:35:40.062+0000] {processor.py:183} INFO - Processing /home/airflow/.local/lib/python3.12/site-packages/airflow/example_dags/example_branch_labels.py took 0.107 seconds
[2024-07-13T01:36:10.144+0000] {processor.py:161} INFO - Started process (PID=967) to work on /home/airflow/.local/lib/python3.12/site-packages/airflow/example_dags/example_branch_labels.py
[2024-07-13T01:36:10.145+0000] {processor.py:830} INFO - Processing file /home/airflow/.local/lib/python3.12/site-packages/airflow/example_dags/example_branch_labels.py for tasks to queue
[2024-07-13T01:36:10.147+0000] {logging_mixin.py:188} INFO - [2024-07-13T01:36:10.146+0000] {dagbag.py:545} INFO - Filling up the DagBag from /home/airflow/.local/lib/python3.12/site-packages/airflow/example_dags/example_branch_labels.py
[2024-07-13T01:36:10.156+0000] {processor.py:840} INFO - DAG(s) 'example_branch_labels' retrieved from /home/airflow/.local/lib/python3.12/site-packages/airflow/example_dags/example_branch_labels.py
[2024-07-13T01:36:10.180+0000] {logging_mixin.py:188} INFO - [2024-07-13T01:36:10.180+0000] {dag.py:3096} INFO - Sync 1 DAGs
[2024-07-13T01:36:10.206+0000] {logging_mixin.py:188} INFO - [2024-07-13T01:36:10.205+0000] {dag.py:3954} INFO - Setting next_dagrun for example_branch_labels to 2024-07-12 00:00:00+00:00, run_after=2024-07-13 00:00:00+00:00
[2024-07-13T01:36:10.236+0000] {processor.py:183} INFO - Processing /home/airflow/.local/lib/python3.12/site-packages/airflow/example_dags/example_branch_labels.py took 0.098 seconds
[2024-07-13T01:36:40.717+0000] {processor.py:161} INFO - Started process (PID=1025) to work on /home/airflow/.local/lib/python3.12/site-packages/airflow/example_dags/example_branch_labels.py
[2024-07-13T01:36:40.726+0000] {processor.py:830} INFO - Processing file /home/airflow/.local/lib/python3.12/site-packages/airflow/example_dags/example_branch_labels.py for tasks to queue
[2024-07-13T01:36:40.727+0000] {logging_mixin.py:188} INFO - [2024-07-13T01:36:40.727+0000] {dagbag.py:545} INFO - Filling up the DagBag from /home/airflow/.local/lib/python3.12/site-packages/airflow/example_dags/example_branch_labels.py
[2024-07-13T01:36:40.739+0000] {processor.py:840} INFO - DAG(s) 'example_branch_labels' retrieved from /home/airflow/.local/lib/python3.12/site-packages/airflow/example_dags/example_branch_labels.py
[2024-07-13T01:36:40.768+0000] {logging_mixin.py:188} INFO - [2024-07-13T01:36:40.768+0000] {dag.py:3096} INFO - Sync 1 DAGs
[2024-07-13T01:36:40.798+0000] {logging_mixin.py:188} INFO - [2024-07-13T01:36:40.798+0000] {dag.py:3954} INFO - Setting next_dagrun for example_branch_labels to 2024-07-12 00:00:00+00:00, run_after=2024-07-13 00:00:00+00:00
[2024-07-13T01:36:40.834+0000] {processor.py:183} INFO - Processing /home/airflow/.local/lib/python3.12/site-packages/airflow/example_dags/example_branch_labels.py took 0.127 seconds
[2024-07-13T01:37:11.138+0000] {processor.py:161} INFO - Started process (PID=1083) to work on /home/airflow/.local/lib/python3.12/site-packages/airflow/example_dags/example_branch_labels.py
[2024-07-13T01:37:11.146+0000] {processor.py:830} INFO - Processing file /home/airflow/.local/lib/python3.12/site-packages/airflow/example_dags/example_branch_labels.py for tasks to queue
[2024-07-13T01:37:11.148+0000] {logging_mixin.py:188} INFO - [2024-07-13T01:37:11.147+0000] {dagbag.py:545} INFO - Filling up the DagBag from /home/airflow/.local/lib/python3.12/site-packages/airflow/example_dags/example_branch_labels.py
[2024-07-13T01:37:11.156+0000] {processor.py:840} INFO - DAG(s) 'example_branch_labels' retrieved from /home/airflow/.local/lib/python3.12/site-packages/airflow/example_dags/example_branch_labels.py
[2024-07-13T01:37:11.180+0000] {logging_mixin.py:188} INFO - [2024-07-13T01:37:11.180+0000] {dag.py:3096} INFO - Sync 1 DAGs
[2024-07-13T01:37:11.206+0000] {logging_mixin.py:188} INFO - [2024-07-13T01:37:11.206+0000] {dag.py:3954} INFO - Setting next_dagrun for example_branch_labels to 2024-07-12 00:00:00+00:00, run_after=2024-07-13 00:00:00+00:00
[2024-07-13T01:37:11.244+0000] {processor.py:183} INFO - Processing /home/airflow/.local/lib/python3.12/site-packages/airflow/example_dags/example_branch_labels.py took 0.113 seconds
[2024-07-13T01:37:41.626+0000] {processor.py:161} INFO - Started process (PID=1142) to work on /home/airflow/.local/lib/python3.12/site-packages/airflow/example_dags/example_branch_labels.py
[2024-07-13T01:37:41.628+0000] {processor.py:830} INFO - Processing file /home/airflow/.local/lib/python3.12/site-packages/airflow/example_dags/example_branch_labels.py for tasks to queue
[2024-07-13T01:37:41.630+0000] {logging_mixin.py:188} INFO - [2024-07-13T01:37:41.629+0000] {dagbag.py:545} INFO - Filling up the DagBag from /home/airflow/.local/lib/python3.12/site-packages/airflow/example_dags/example_branch_labels.py
[2024-07-13T01:37:41.638+0000] {processor.py:840} INFO - DAG(s) 'example_branch_labels' retrieved from /home/airflow/.local/lib/python3.12/site-packages/airflow/example_dags/example_branch_labels.py
[2024-07-13T01:37:41.662+0000] {logging_mixin.py:188} INFO - [2024-07-13T01:37:41.662+0000] {dag.py:3096} INFO - Sync 1 DAGs
[2024-07-13T01:37:41.687+0000] {logging_mixin.py:188} INFO - [2024-07-13T01:37:41.687+0000] {dag.py:3954} INFO - Setting next_dagrun for example_branch_labels to 2024-07-12 00:00:00+00:00, run_after=2024-07-13 00:00:00+00:00
[2024-07-13T01:37:41.716+0000] {processor.py:183} INFO - Processing /home/airflow/.local/lib/python3.12/site-packages/airflow/example_dags/example_branch_labels.py took 0.096 seconds
[2024-07-13T01:38:12.051+0000] {processor.py:161} INFO - Started process (PID=1200) to work on /home/airflow/.local/lib/python3.12/site-packages/airflow/example_dags/example_branch_labels.py
[2024-07-13T01:38:12.059+0000] {processor.py:830} INFO - Processing file /home/airflow/.local/lib/python3.12/site-packages/airflow/example_dags/example_branch_labels.py for tasks to queue
[2024-07-13T01:38:12.061+0000] {logging_mixin.py:188} INFO - [2024-07-13T01:38:12.061+0000] {dagbag.py:545} INFO - Filling up the DagBag from /home/airflow/.local/lib/python3.12/site-packages/airflow/example_dags/example_branch_labels.py
[2024-07-13T01:38:12.069+0000] {processor.py:840} INFO - DAG(s) 'example_branch_labels' retrieved from /home/airflow/.local/lib/python3.12/site-packages/airflow/example_dags/example_branch_labels.py
[2024-07-13T01:38:12.094+0000] {logging_mixin.py:188} INFO - [2024-07-13T01:38:12.094+0000] {dag.py:3096} INFO - Sync 1 DAGs
[2024-07-13T01:38:12.128+0000] {logging_mixin.py:188} INFO - [2024-07-13T01:38:12.128+0000] {dag.py:3954} INFO - Setting next_dagrun for example_branch_labels to 2024-07-12 00:00:00+00:00, run_after=2024-07-13 00:00:00+00:00
[2024-07-13T01:38:12.162+0000] {processor.py:183} INFO - Processing /home/airflow/.local/lib/python3.12/site-packages/airflow/example_dags/example_branch_labels.py took 0.117 seconds
[2024-07-13T01:38:42.278+0000] {processor.py:161} INFO - Started process (PID=1258) to work on /home/airflow/.local/lib/python3.12/site-packages/airflow/example_dags/example_branch_labels.py
[2024-07-13T01:38:42.280+0000] {processor.py:830} INFO - Processing file /home/airflow/.local/lib/python3.12/site-packages/airflow/example_dags/example_branch_labels.py for tasks to queue
[2024-07-13T01:38:42.282+0000] {logging_mixin.py:188} INFO - [2024-07-13T01:38:42.282+0000] {dagbag.py:545} INFO - Filling up the DagBag from /home/airflow/.local/lib/python3.12/site-packages/airflow/example_dags/example_branch_labels.py
[2024-07-13T01:38:42.290+0000] {processor.py:840} INFO - DAG(s) 'example_branch_labels' retrieved from /home/airflow/.local/lib/python3.12/site-packages/airflow/example_dags/example_branch_labels.py
[2024-07-13T01:38:42.317+0000] {logging_mixin.py:188} INFO - [2024-07-13T01:38:42.317+0000] {dag.py:3096} INFO - Sync 1 DAGs
[2024-07-13T01:38:42.344+0000] {logging_mixin.py:188} INFO - [2024-07-13T01:38:42.343+0000] {dag.py:3954} INFO - Setting next_dagrun for example_branch_labels to 2024-07-12 00:00:00+00:00, run_after=2024-07-13 00:00:00+00:00
[2024-07-13T01:38:42.373+0000] {processor.py:183} INFO - Processing /home/airflow/.local/lib/python3.12/site-packages/airflow/example_dags/example_branch_labels.py took 0.102 seconds
[2024-07-13T01:39:12.483+0000] {processor.py:161} INFO - Started process (PID=1316) to work on /home/airflow/.local/lib/python3.12/site-packages/airflow/example_dags/example_branch_labels.py
[2024-07-13T01:39:12.492+0000] {processor.py:830} INFO - Processing file /home/airflow/.local/lib/python3.12/site-packages/airflow/example_dags/example_branch_labels.py for tasks to queue
[2024-07-13T01:39:12.494+0000] {logging_mixin.py:188} INFO - [2024-07-13T01:39:12.493+0000] {dagbag.py:545} INFO - Filling up the DagBag from /home/airflow/.local/lib/python3.12/site-packages/airflow/example_dags/example_branch_labels.py
[2024-07-13T01:39:12.502+0000] {processor.py:840} INFO - DAG(s) 'example_branch_labels' retrieved from /home/airflow/.local/lib/python3.12/site-packages/airflow/example_dags/example_branch_labels.py
[2024-07-13T01:39:12.532+0000] {logging_mixin.py:188} INFO - [2024-07-13T01:39:12.531+0000] {dag.py:3096} INFO - Sync 1 DAGs
[2024-07-13T01:39:12.557+0000] {logging_mixin.py:188} INFO - [2024-07-13T01:39:12.557+0000] {dag.py:3954} INFO - Setting next_dagrun for example_branch_labels to 2024-07-12 00:00:00+00:00, run_after=2024-07-13 00:00:00+00:00
[2024-07-13T01:39:12.581+0000] {processor.py:183} INFO - Processing /home/airflow/.local/lib/python3.12/site-packages/airflow/example_dags/example_branch_labels.py took 0.106 seconds
[2024-07-13T01:39:42.953+0000] {processor.py:161} INFO - Started process (PID=1372) to work on /home/airflow/.local/lib/python3.12/site-packages/airflow/example_dags/example_branch_labels.py
[2024-07-13T01:39:42.960+0000] {processor.py:830} INFO - Processing file /home/airflow/.local/lib/python3.12/site-packages/airflow/example_dags/example_branch_labels.py for tasks to queue
[2024-07-13T01:39:42.962+0000] {logging_mixin.py:188} INFO - [2024-07-13T01:39:42.961+0000] {dagbag.py:545} INFO - Filling up the DagBag from /home/airflow/.local/lib/python3.12/site-packages/airflow/example_dags/example_branch_labels.py
[2024-07-13T01:39:42.971+0000] {processor.py:840} INFO - DAG(s) 'example_branch_labels' retrieved from /home/airflow/.local/lib/python3.12/site-packages/airflow/example_dags/example_branch_labels.py
[2024-07-13T01:39:43.001+0000] {logging_mixin.py:188} INFO - [2024-07-13T01:39:43.000+0000] {dag.py:3096} INFO - Sync 1 DAGs
[2024-07-13T01:39:43.028+0000] {logging_mixin.py:188} INFO - [2024-07-13T01:39:43.028+0000] {dag.py:3954} INFO - Setting next_dagrun for example_branch_labels to 2024-07-12 00:00:00+00:00, run_after=2024-07-13 00:00:00+00:00
[2024-07-13T01:39:43.055+0000] {processor.py:183} INFO - Processing /home/airflow/.local/lib/python3.12/site-packages/airflow/example_dags/example_branch_labels.py took 0.109 seconds
[2024-07-13T01:40:13.366+0000] {processor.py:161} INFO - Started process (PID=1430) to work on /home/airflow/.local/lib/python3.12/site-packages/airflow/example_dags/example_branch_labels.py
[2024-07-13T01:40:13.368+0000] {processor.py:830} INFO - Processing file /home/airflow/.local/lib/python3.12/site-packages/airflow/example_dags/example_branch_labels.py for tasks to queue
[2024-07-13T01:40:13.370+0000] {logging_mixin.py:188} INFO - [2024-07-13T01:40:13.370+0000] {dagbag.py:545} INFO - Filling up the DagBag from /home/airflow/.local/lib/python3.12/site-packages/airflow/example_dags/example_branch_labels.py
[2024-07-13T01:40:13.381+0000] {processor.py:840} INFO - DAG(s) 'example_branch_labels' retrieved from /home/airflow/.local/lib/python3.12/site-packages/airflow/example_dags/example_branch_labels.py
[2024-07-13T01:40:13.413+0000] {logging_mixin.py:188} INFO - [2024-07-13T01:40:13.412+0000] {dag.py:3096} INFO - Sync 1 DAGs
[2024-07-13T01:40:13.446+0000] {logging_mixin.py:188} INFO - [2024-07-13T01:40:13.446+0000] {dag.py:3954} INFO - Setting next_dagrun for example_branch_labels to 2024-07-12 00:00:00+00:00, run_after=2024-07-13 00:00:00+00:00
[2024-07-13T01:40:13.474+0000] {processor.py:183} INFO - Processing /home/airflow/.local/lib/python3.12/site-packages/airflow/example_dags/example_branch_labels.py took 0.115 seconds
[2024-07-13T01:40:44.066+0000] {processor.py:161} INFO - Started process (PID=1488) to work on /home/airflow/.local/lib/python3.12/site-packages/airflow/example_dags/example_branch_labels.py
[2024-07-13T01:40:44.077+0000] {processor.py:830} INFO - Processing file /home/airflow/.local/lib/python3.12/site-packages/airflow/example_dags/example_branch_labels.py for tasks to queue
[2024-07-13T01:40:44.080+0000] {logging_mixin.py:188} INFO - [2024-07-13T01:40:44.079+0000] {dagbag.py:545} INFO - Filling up the DagBag from /home/airflow/.local/lib/python3.12/site-packages/airflow/example_dags/example_branch_labels.py
[2024-07-13T01:40:44.114+0000] {processor.py:840} INFO - DAG(s) 'example_branch_labels' retrieved from /home/airflow/.local/lib/python3.12/site-packages/airflow/example_dags/example_branch_labels.py
[2024-07-13T01:40:44.207+0000] {logging_mixin.py:188} INFO - [2024-07-13T01:40:44.207+0000] {dag.py:3096} INFO - Sync 1 DAGs
[2024-07-13T01:40:44.267+0000] {logging_mixin.py:188} INFO - [2024-07-13T01:40:44.267+0000] {dag.py:3954} INFO - Setting next_dagrun for example_branch_labels to 2024-07-12 00:00:00+00:00, run_after=2024-07-13 00:00:00+00:00
[2024-07-13T01:40:44.325+0000] {processor.py:183} INFO - Processing /home/airflow/.local/lib/python3.12/site-packages/airflow/example_dags/example_branch_labels.py took 0.284 seconds
[2024-07-13T01:41:14.423+0000] {processor.py:161} INFO - Started process (PID=1546) to work on /home/airflow/.local/lib/python3.12/site-packages/airflow/example_dags/example_branch_labels.py
[2024-07-13T01:41:14.425+0000] {processor.py:830} INFO - Processing file /home/airflow/.local/lib/python3.12/site-packages/airflow/example_dags/example_branch_labels.py for tasks to queue
[2024-07-13T01:41:14.427+0000] {logging_mixin.py:188} INFO - [2024-07-13T01:41:14.427+0000] {dagbag.py:545} INFO - Filling up the DagBag from /home/airflow/.local/lib/python3.12/site-packages/airflow/example_dags/example_branch_labels.py
[2024-07-13T01:41:14.437+0000] {processor.py:840} INFO - DAG(s) 'example_branch_labels' retrieved from /home/airflow/.local/lib/python3.12/site-packages/airflow/example_dags/example_branch_labels.py
[2024-07-13T01:41:14.463+0000] {logging_mixin.py:188} INFO - [2024-07-13T01:41:14.462+0000] {dag.py:3096} INFO - Sync 1 DAGs
[2024-07-13T01:41:14.488+0000] {logging_mixin.py:188} INFO - [2024-07-13T01:41:14.488+0000] {dag.py:3954} INFO - Setting next_dagrun for example_branch_labels to 2024-07-12 00:00:00+00:00, run_after=2024-07-13 00:00:00+00:00
[2024-07-13T01:41:14.519+0000] {processor.py:183} INFO - Processing /home/airflow/.local/lib/python3.12/site-packages/airflow/example_dags/example_branch_labels.py took 0.103 seconds
[2024-07-13T01:41:45.033+0000] {processor.py:161} INFO - Started process (PID=1604) to work on /home/airflow/.local/lib/python3.12/site-packages/airflow/example_dags/example_branch_labels.py
[2024-07-13T01:41:45.041+0000] {processor.py:830} INFO - Processing file /home/airflow/.local/lib/python3.12/site-packages/airflow/example_dags/example_branch_labels.py for tasks to queue
[2024-07-13T01:41:45.044+0000] {logging_mixin.py:188} INFO - [2024-07-13T01:41:45.043+0000] {dagbag.py:545} INFO - Filling up the DagBag from /home/airflow/.local/lib/python3.12/site-packages/airflow/example_dags/example_branch_labels.py
[2024-07-13T01:41:45.052+0000] {processor.py:840} INFO - DAG(s) 'example_branch_labels' retrieved from /home/airflow/.local/lib/python3.12/site-packages/airflow/example_dags/example_branch_labels.py
[2024-07-13T01:41:45.076+0000] {logging_mixin.py:188} INFO - [2024-07-13T01:41:45.075+0000] {dag.py:3096} INFO - Sync 1 DAGs
[2024-07-13T01:41:45.102+0000] {logging_mixin.py:188} INFO - [2024-07-13T01:41:45.102+0000] {dag.py:3954} INFO - Setting next_dagrun for example_branch_labels to 2024-07-12 00:00:00+00:00, run_after=2024-07-13 00:00:00+00:00
[2024-07-13T01:41:45.132+0000] {processor.py:183} INFO - Processing /home/airflow/.local/lib/python3.12/site-packages/airflow/example_dags/example_branch_labels.py took 0.106 seconds
[2024-07-13T01:42:15.344+0000] {processor.py:161} INFO - Started process (PID=1662) to work on /home/airflow/.local/lib/python3.12/site-packages/airflow/example_dags/example_branch_labels.py
[2024-07-13T01:42:15.345+0000] {processor.py:830} INFO - Processing file /home/airflow/.local/lib/python3.12/site-packages/airflow/example_dags/example_branch_labels.py for tasks to queue
[2024-07-13T01:42:15.348+0000] {logging_mixin.py:188} INFO - [2024-07-13T01:42:15.347+0000] {dagbag.py:545} INFO - Filling up the DagBag from /home/airflow/.local/lib/python3.12/site-packages/airflow/example_dags/example_branch_labels.py
[2024-07-13T01:42:15.358+0000] {processor.py:840} INFO - DAG(s) 'example_branch_labels' retrieved from /home/airflow/.local/lib/python3.12/site-packages/airflow/example_dags/example_branch_labels.py
[2024-07-13T01:42:15.385+0000] {logging_mixin.py:188} INFO - [2024-07-13T01:42:15.385+0000] {dag.py:3096} INFO - Sync 1 DAGs
[2024-07-13T01:42:15.417+0000] {logging_mixin.py:188} INFO - [2024-07-13T01:42:15.417+0000] {dag.py:3954} INFO - Setting next_dagrun for example_branch_labels to 2024-07-12 00:00:00+00:00, run_after=2024-07-13 00:00:00+00:00
[2024-07-13T01:42:15.450+0000] {processor.py:183} INFO - Processing /home/airflow/.local/lib/python3.12/site-packages/airflow/example_dags/example_branch_labels.py took 0.116 seconds
[2024-07-13T01:42:45.849+0000] {processor.py:161} INFO - Started process (PID=1720) to work on /home/airflow/.local/lib/python3.12/site-packages/airflow/example_dags/example_branch_labels.py
[2024-07-13T01:42:45.857+0000] {processor.py:830} INFO - Processing file /home/airflow/.local/lib/python3.12/site-packages/airflow/example_dags/example_branch_labels.py for tasks to queue
[2024-07-13T01:42:45.859+0000] {logging_mixin.py:188} INFO - [2024-07-13T01:42:45.859+0000] {dagbag.py:545} INFO - Filling up the DagBag from /home/airflow/.local/lib/python3.12/site-packages/airflow/example_dags/example_branch_labels.py
[2024-07-13T01:42:45.868+0000] {processor.py:840} INFO - DAG(s) 'example_branch_labels' retrieved from /home/airflow/.local/lib/python3.12/site-packages/airflow/example_dags/example_branch_labels.py
[2024-07-13T01:42:45.892+0000] {logging_mixin.py:188} INFO - [2024-07-13T01:42:45.892+0000] {dag.py:3096} INFO - Sync 1 DAGs
[2024-07-13T01:42:45.917+0000] {logging_mixin.py:188} INFO - [2024-07-13T01:42:45.916+0000] {dag.py:3954} INFO - Setting next_dagrun for example_branch_labels to 2024-07-12 00:00:00+00:00, run_after=2024-07-13 00:00:00+00:00
[2024-07-13T01:42:46.102+0000] {processor.py:183} INFO - Processing /home/airflow/.local/lib/python3.12/site-packages/airflow/example_dags/example_branch_labels.py took 0.260 seconds
[2024-07-13T01:43:16.341+0000] {processor.py:161} INFO - Started process (PID=1778) to work on /home/airflow/.local/lib/python3.12/site-packages/airflow/example_dags/example_branch_labels.py
[2024-07-13T01:43:16.342+0000] {processor.py:830} INFO - Processing file /home/airflow/.local/lib/python3.12/site-packages/airflow/example_dags/example_branch_labels.py for tasks to queue
[2024-07-13T01:43:16.345+0000] {logging_mixin.py:188} INFO - [2024-07-13T01:43:16.343+0000] {dagbag.py:545} INFO - Filling up the DagBag from /home/airflow/.local/lib/python3.12/site-packages/airflow/example_dags/example_branch_labels.py
[2024-07-13T01:43:16.358+0000] {processor.py:840} INFO - DAG(s) 'example_branch_labels' retrieved from /home/airflow/.local/lib/python3.12/site-packages/airflow/example_dags/example_branch_labels.py
[2024-07-13T01:43:16.385+0000] {logging_mixin.py:188} INFO - [2024-07-13T01:43:16.384+0000] {dag.py:3096} INFO - Sync 1 DAGs
[2024-07-13T01:43:16.410+0000] {logging_mixin.py:188} INFO - [2024-07-13T01:43:16.409+0000] {dag.py:3954} INFO - Setting next_dagrun for example_branch_labels to 2024-07-12 00:00:00+00:00, run_after=2024-07-13 00:00:00+00:00
[2024-07-13T01:43:16.439+0000] {processor.py:183} INFO - Processing /home/airflow/.local/lib/python3.12/site-packages/airflow/example_dags/example_branch_labels.py took 0.105 seconds
