[2024-07-13T01:28:09.214+0000] {processor.py:161} INFO - Started process (PID=47) to work on /home/airflow/.local/lib/python3.12/site-packages/airflow/example_dags/example_complex.py
[2024-07-13T01:28:09.214+0000] {processor.py:830} INFO - Processing file /home/airflow/.local/lib/python3.12/site-packages/airflow/example_dags/example_complex.py for tasks to queue
[2024-07-13T01:28:09.217+0000] {logging_mixin.py:188} INFO - [2024-07-13T01:28:09.216+0000] {dagbag.py:545} INFO - Filling up the DagBag from /home/airflow/.local/lib/python3.12/site-packages/airflow/example_dags/example_complex.py
[2024-07-13T01:28:09.267+0000] {processor.py:840} INFO - DAG(s) 'example_complex' retrieved from /home/airflow/.local/lib/python3.12/site-packages/airflow/example_dags/example_complex.py
[2024-07-13T01:28:09.763+0000] {logging_mixin.py:188} INFO - [2024-07-13T01:28:09.763+0000] {dag.py:3096} INFO - Sync 1 DAGs
[2024-07-13T01:28:09.863+0000] {logging_mixin.py:188} INFO - [2024-07-13T01:28:09.863+0000] {dag.py:3954} INFO - Setting next_dagrun for example_complex to None, run_after=None
[2024-07-13T01:28:10.014+0000] {processor.py:183} INFO - Processing /home/airflow/.local/lib/python3.12/site-packages/airflow/example_dags/example_complex.py took 0.856 seconds
[2024-07-13T01:28:40.797+0000] {processor.py:161} INFO - Started process (PID=104) to work on /home/airflow/.local/lib/python3.12/site-packages/airflow/example_dags/example_complex.py
[2024-07-13T01:28:40.804+0000] {processor.py:830} INFO - Processing file /home/airflow/.local/lib/python3.12/site-packages/airflow/example_dags/example_complex.py for tasks to queue
[2024-07-13T01:28:40.807+0000] {logging_mixin.py:188} INFO - [2024-07-13T01:28:40.807+0000] {dagbag.py:545} INFO - Filling up the DagBag from /home/airflow/.local/lib/python3.12/site-packages/airflow/example_dags/example_complex.py
[2024-07-13T01:28:40.820+0000] {processor.py:840} INFO - DAG(s) 'example_complex' retrieved from /home/airflow/.local/lib/python3.12/site-packages/airflow/example_dags/example_complex.py
[2024-07-13T01:28:40.860+0000] {logging_mixin.py:188} INFO - [2024-07-13T01:28:40.860+0000] {dag.py:3096} INFO - Sync 1 DAGs
[2024-07-13T01:28:40.875+0000] {logging_mixin.py:188} INFO - [2024-07-13T01:28:40.875+0000] {dag.py:3954} INFO - Setting next_dagrun for example_complex to None, run_after=None
[2024-07-13T01:28:40.902+0000] {processor.py:183} INFO - Processing /home/airflow/.local/lib/python3.12/site-packages/airflow/example_dags/example_complex.py took 0.112 seconds
[2024-07-13T01:29:11.014+0000] {processor.py:161} INFO - Started process (PID=162) to work on /home/airflow/.local/lib/python3.12/site-packages/airflow/example_dags/example_complex.py
[2024-07-13T01:29:11.019+0000] {processor.py:830} INFO - Processing file /home/airflow/.local/lib/python3.12/site-packages/airflow/example_dags/example_complex.py for tasks to queue
[2024-07-13T01:29:11.021+0000] {logging_mixin.py:188} INFO - [2024-07-13T01:29:11.020+0000] {dagbag.py:545} INFO - Filling up the DagBag from /home/airflow/.local/lib/python3.12/site-packages/airflow/example_dags/example_complex.py
[2024-07-13T01:29:11.034+0000] {processor.py:840} INFO - DAG(s) 'example_complex' retrieved from /home/airflow/.local/lib/python3.12/site-packages/airflow/example_dags/example_complex.py
[2024-07-13T01:29:11.082+0000] {logging_mixin.py:188} INFO - [2024-07-13T01:29:11.082+0000] {dag.py:3096} INFO - Sync 1 DAGs
[2024-07-13T01:29:11.101+0000] {logging_mixin.py:188} INFO - [2024-07-13T01:29:11.101+0000] {dag.py:3954} INFO - Setting next_dagrun for example_complex to None, run_after=None
[2024-07-13T01:29:11.127+0000] {processor.py:183} INFO - Processing /home/airflow/.local/lib/python3.12/site-packages/airflow/example_dags/example_complex.py took 0.121 seconds
[2024-07-13T01:29:41.241+0000] {processor.py:161} INFO - Started process (PID=220) to work on /home/airflow/.local/lib/python3.12/site-packages/airflow/example_dags/example_complex.py
[2024-07-13T01:29:41.248+0000] {processor.py:830} INFO - Processing file /home/airflow/.local/lib/python3.12/site-packages/airflow/example_dags/example_complex.py for tasks to queue
[2024-07-13T01:29:41.250+0000] {logging_mixin.py:188} INFO - [2024-07-13T01:29:41.250+0000] {dagbag.py:545} INFO - Filling up the DagBag from /home/airflow/.local/lib/python3.12/site-packages/airflow/example_dags/example_complex.py
[2024-07-13T01:29:41.263+0000] {processor.py:840} INFO - DAG(s) 'example_complex' retrieved from /home/airflow/.local/lib/python3.12/site-packages/airflow/example_dags/example_complex.py
[2024-07-13T01:29:41.303+0000] {logging_mixin.py:188} INFO - [2024-07-13T01:29:41.302+0000] {dag.py:3096} INFO - Sync 1 DAGs
[2024-07-13T01:29:41.317+0000] {logging_mixin.py:188} INFO - [2024-07-13T01:29:41.317+0000] {dag.py:3954} INFO - Setting next_dagrun for example_complex to None, run_after=None
[2024-07-13T01:29:41.346+0000] {processor.py:183} INFO - Processing /home/airflow/.local/lib/python3.12/site-packages/airflow/example_dags/example_complex.py took 0.112 seconds
[2024-07-13T01:30:11.494+0000] {processor.py:161} INFO - Started process (PID=277) to work on /home/airflow/.local/lib/python3.12/site-packages/airflow/example_dags/example_complex.py
[2024-07-13T01:30:11.508+0000] {processor.py:830} INFO - Processing file /home/airflow/.local/lib/python3.12/site-packages/airflow/example_dags/example_complex.py for tasks to queue
[2024-07-13T01:30:11.510+0000] {logging_mixin.py:188} INFO - [2024-07-13T01:30:11.509+0000] {dagbag.py:545} INFO - Filling up the DagBag from /home/airflow/.local/lib/python3.12/site-packages/airflow/example_dags/example_complex.py
[2024-07-13T01:30:11.522+0000] {processor.py:840} INFO - DAG(s) 'example_complex' retrieved from /home/airflow/.local/lib/python3.12/site-packages/airflow/example_dags/example_complex.py
[2024-07-13T01:30:11.562+0000] {logging_mixin.py:188} INFO - [2024-07-13T01:30:11.562+0000] {dag.py:3096} INFO - Sync 1 DAGs
[2024-07-13T01:30:11.576+0000] {logging_mixin.py:188} INFO - [2024-07-13T01:30:11.576+0000] {dag.py:3954} INFO - Setting next_dagrun for example_complex to None, run_after=None
[2024-07-13T01:30:11.605+0000] {processor.py:183} INFO - Processing /home/airflow/.local/lib/python3.12/site-packages/airflow/example_dags/example_complex.py took 0.118 seconds
[2024-07-13T01:30:41.958+0000] {processor.py:161} INFO - Started process (PID=335) to work on /home/airflow/.local/lib/python3.12/site-packages/airflow/example_dags/example_complex.py
[2024-07-13T01:30:41.962+0000] {processor.py:830} INFO - Processing file /home/airflow/.local/lib/python3.12/site-packages/airflow/example_dags/example_complex.py for tasks to queue
[2024-07-13T01:30:41.966+0000] {logging_mixin.py:188} INFO - [2024-07-13T01:30:41.966+0000] {dagbag.py:545} INFO - Filling up the DagBag from /home/airflow/.local/lib/python3.12/site-packages/airflow/example_dags/example_complex.py
[2024-07-13T01:30:42.041+0000] {processor.py:840} INFO - DAG(s) 'example_complex' retrieved from /home/airflow/.local/lib/python3.12/site-packages/airflow/example_dags/example_complex.py
[2024-07-13T01:30:42.086+0000] {logging_mixin.py:188} INFO - [2024-07-13T01:30:42.086+0000] {dag.py:3096} INFO - Sync 1 DAGs
[2024-07-13T01:30:42.103+0000] {logging_mixin.py:188} INFO - [2024-07-13T01:30:42.102+0000] {dag.py:3954} INFO - Setting next_dagrun for example_complex to None, run_after=None
[2024-07-13T01:30:42.139+0000] {processor.py:183} INFO - Processing /home/airflow/.local/lib/python3.12/site-packages/airflow/example_dags/example_complex.py took 0.192 seconds
[2024-07-13T01:31:12.176+0000] {processor.py:161} INFO - Started process (PID=393) to work on /home/airflow/.local/lib/python3.12/site-packages/airflow/example_dags/example_complex.py
[2024-07-13T01:31:12.183+0000] {processor.py:830} INFO - Processing file /home/airflow/.local/lib/python3.12/site-packages/airflow/example_dags/example_complex.py for tasks to queue
[2024-07-13T01:31:12.186+0000] {logging_mixin.py:188} INFO - [2024-07-13T01:31:12.185+0000] {dagbag.py:545} INFO - Filling up the DagBag from /home/airflow/.local/lib/python3.12/site-packages/airflow/example_dags/example_complex.py
[2024-07-13T01:31:12.198+0000] {processor.py:840} INFO - DAG(s) 'example_complex' retrieved from /home/airflow/.local/lib/python3.12/site-packages/airflow/example_dags/example_complex.py
[2024-07-13T01:31:12.237+0000] {logging_mixin.py:188} INFO - [2024-07-13T01:31:12.237+0000] {dag.py:3096} INFO - Sync 1 DAGs
[2024-07-13T01:31:12.252+0000] {logging_mixin.py:188} INFO - [2024-07-13T01:31:12.252+0000] {dag.py:3954} INFO - Setting next_dagrun for example_complex to None, run_after=None
[2024-07-13T01:31:12.285+0000] {processor.py:183} INFO - Processing /home/airflow/.local/lib/python3.12/site-packages/airflow/example_dags/example_complex.py took 0.117 seconds
[2024-07-13T01:31:42.799+0000] {processor.py:161} INFO - Started process (PID=451) to work on /home/airflow/.local/lib/python3.12/site-packages/airflow/example_dags/example_complex.py
[2024-07-13T01:31:42.809+0000] {processor.py:830} INFO - Processing file /home/airflow/.local/lib/python3.12/site-packages/airflow/example_dags/example_complex.py for tasks to queue
[2024-07-13T01:31:42.811+0000] {logging_mixin.py:188} INFO - [2024-07-13T01:31:42.810+0000] {dagbag.py:545} INFO - Filling up the DagBag from /home/airflow/.local/lib/python3.12/site-packages/airflow/example_dags/example_complex.py
[2024-07-13T01:31:42.825+0000] {processor.py:840} INFO - DAG(s) 'example_complex' retrieved from /home/airflow/.local/lib/python3.12/site-packages/airflow/example_dags/example_complex.py
[2024-07-13T01:31:42.865+0000] {logging_mixin.py:188} INFO - [2024-07-13T01:31:42.865+0000] {dag.py:3096} INFO - Sync 1 DAGs
[2024-07-13T01:31:42.881+0000] {logging_mixin.py:188} INFO - [2024-07-13T01:31:42.880+0000] {dag.py:3954} INFO - Setting next_dagrun for example_complex to None, run_after=None
[2024-07-13T01:31:42.909+0000] {processor.py:183} INFO - Processing /home/airflow/.local/lib/python3.12/site-packages/airflow/example_dags/example_complex.py took 0.116 seconds
[2024-07-13T01:32:13.153+0000] {processor.py:161} INFO - Started process (PID=510) to work on /home/airflow/.local/lib/python3.12/site-packages/airflow/example_dags/example_complex.py
[2024-07-13T01:32:13.161+0000] {processor.py:830} INFO - Processing file /home/airflow/.local/lib/python3.12/site-packages/airflow/example_dags/example_complex.py for tasks to queue
[2024-07-13T01:32:13.163+0000] {logging_mixin.py:188} INFO - [2024-07-13T01:32:13.163+0000] {dagbag.py:545} INFO - Filling up the DagBag from /home/airflow/.local/lib/python3.12/site-packages/airflow/example_dags/example_complex.py
[2024-07-13T01:32:13.175+0000] {processor.py:840} INFO - DAG(s) 'example_complex' retrieved from /home/airflow/.local/lib/python3.12/site-packages/airflow/example_dags/example_complex.py
[2024-07-13T01:32:13.215+0000] {logging_mixin.py:188} INFO - [2024-07-13T01:32:13.214+0000] {dag.py:3096} INFO - Sync 1 DAGs
[2024-07-13T01:32:13.231+0000] {logging_mixin.py:188} INFO - [2024-07-13T01:32:13.231+0000] {dag.py:3954} INFO - Setting next_dagrun for example_complex to None, run_after=None
[2024-07-13T01:32:13.263+0000] {processor.py:183} INFO - Processing /home/airflow/.local/lib/python3.12/site-packages/airflow/example_dags/example_complex.py took 0.117 seconds
[2024-07-13T01:32:43.444+0000] {processor.py:161} INFO - Started process (PID=569) to work on /home/airflow/.local/lib/python3.12/site-packages/airflow/example_dags/example_complex.py
[2024-07-13T01:32:43.453+0000] {processor.py:830} INFO - Processing file /home/airflow/.local/lib/python3.12/site-packages/airflow/example_dags/example_complex.py for tasks to queue
[2024-07-13T01:32:43.456+0000] {logging_mixin.py:188} INFO - [2024-07-13T01:32:43.455+0000] {dagbag.py:545} INFO - Filling up the DagBag from /home/airflow/.local/lib/python3.12/site-packages/airflow/example_dags/example_complex.py
[2024-07-13T01:32:43.469+0000] {processor.py:840} INFO - DAG(s) 'example_complex' retrieved from /home/airflow/.local/lib/python3.12/site-packages/airflow/example_dags/example_complex.py
[2024-07-13T01:32:43.509+0000] {logging_mixin.py:188} INFO - [2024-07-13T01:32:43.509+0000] {dag.py:3096} INFO - Sync 1 DAGs
[2024-07-13T01:32:43.524+0000] {logging_mixin.py:188} INFO - [2024-07-13T01:32:43.523+0000] {dag.py:3954} INFO - Setting next_dagrun for example_complex to None, run_after=None
[2024-07-13T01:32:43.554+0000] {processor.py:183} INFO - Processing /home/airflow/.local/lib/python3.12/site-packages/airflow/example_dags/example_complex.py took 0.117 seconds
[2024-07-13T01:33:13.784+0000] {processor.py:161} INFO - Started process (PID=627) to work on /home/airflow/.local/lib/python3.12/site-packages/airflow/example_dags/example_complex.py
[2024-07-13T01:33:13.785+0000] {processor.py:830} INFO - Processing file /home/airflow/.local/lib/python3.12/site-packages/airflow/example_dags/example_complex.py for tasks to queue
[2024-07-13T01:33:13.787+0000] {logging_mixin.py:188} INFO - [2024-07-13T01:33:13.787+0000] {dagbag.py:545} INFO - Filling up the DagBag from /home/airflow/.local/lib/python3.12/site-packages/airflow/example_dags/example_complex.py
[2024-07-13T01:33:13.802+0000] {processor.py:840} INFO - DAG(s) 'example_complex' retrieved from /home/airflow/.local/lib/python3.12/site-packages/airflow/example_dags/example_complex.py
[2024-07-13T01:33:13.846+0000] {logging_mixin.py:188} INFO - [2024-07-13T01:33:13.845+0000] {dag.py:3096} INFO - Sync 1 DAGs
[2024-07-13T01:33:13.861+0000] {logging_mixin.py:188} INFO - [2024-07-13T01:33:13.861+0000] {dag.py:3954} INFO - Setting next_dagrun for example_complex to None, run_after=None
[2024-07-13T01:33:13.894+0000] {processor.py:183} INFO - Processing /home/airflow/.local/lib/python3.12/site-packages/airflow/example_dags/example_complex.py took 0.118 seconds
[2024-07-13T01:33:44.036+0000] {processor.py:161} INFO - Started process (PID=686) to work on /home/airflow/.local/lib/python3.12/site-packages/airflow/example_dags/example_complex.py
[2024-07-13T01:33:44.049+0000] {processor.py:830} INFO - Processing file /home/airflow/.local/lib/python3.12/site-packages/airflow/example_dags/example_complex.py for tasks to queue
[2024-07-13T01:33:44.051+0000] {logging_mixin.py:188} INFO - [2024-07-13T01:33:44.051+0000] {dagbag.py:545} INFO - Filling up the DagBag from /home/airflow/.local/lib/python3.12/site-packages/airflow/example_dags/example_complex.py
[2024-07-13T01:33:44.064+0000] {processor.py:840} INFO - DAG(s) 'example_complex' retrieved from /home/airflow/.local/lib/python3.12/site-packages/airflow/example_dags/example_complex.py
[2024-07-13T01:33:44.103+0000] {logging_mixin.py:188} INFO - [2024-07-13T01:33:44.102+0000] {dag.py:3096} INFO - Sync 1 DAGs
[2024-07-13T01:33:44.117+0000] {logging_mixin.py:188} INFO - [2024-07-13T01:33:44.117+0000] {dag.py:3954} INFO - Setting next_dagrun for example_complex to None, run_after=None
[2024-07-13T01:33:44.146+0000] {processor.py:183} INFO - Processing /home/airflow/.local/lib/python3.12/site-packages/airflow/example_dags/example_complex.py took 0.116 seconds
[2024-07-13T01:34:14.416+0000] {processor.py:161} INFO - Started process (PID=744) to work on /home/airflow/.local/lib/python3.12/site-packages/airflow/example_dags/example_complex.py
[2024-07-13T01:34:14.417+0000] {processor.py:830} INFO - Processing file /home/airflow/.local/lib/python3.12/site-packages/airflow/example_dags/example_complex.py for tasks to queue
[2024-07-13T01:34:14.419+0000] {logging_mixin.py:188} INFO - [2024-07-13T01:34:14.418+0000] {dagbag.py:545} INFO - Filling up the DagBag from /home/airflow/.local/lib/python3.12/site-packages/airflow/example_dags/example_complex.py
[2024-07-13T01:34:14.431+0000] {processor.py:840} INFO - DAG(s) 'example_complex' retrieved from /home/airflow/.local/lib/python3.12/site-packages/airflow/example_dags/example_complex.py
[2024-07-13T01:34:14.487+0000] {logging_mixin.py:188} INFO - [2024-07-13T01:34:14.487+0000] {dag.py:3096} INFO - Sync 1 DAGs
[2024-07-13T01:34:14.524+0000] {logging_mixin.py:188} INFO - [2024-07-13T01:34:14.523+0000] {dag.py:3954} INFO - Setting next_dagrun for example_complex to None, run_after=None
[2024-07-13T01:34:14.574+0000] {processor.py:183} INFO - Processing /home/airflow/.local/lib/python3.12/site-packages/airflow/example_dags/example_complex.py took 0.165 seconds
[2024-07-13T01:34:44.664+0000] {processor.py:161} INFO - Started process (PID=802) to work on /home/airflow/.local/lib/python3.12/site-packages/airflow/example_dags/example_complex.py
[2024-07-13T01:34:44.671+0000] {processor.py:830} INFO - Processing file /home/airflow/.local/lib/python3.12/site-packages/airflow/example_dags/example_complex.py for tasks to queue
[2024-07-13T01:34:44.674+0000] {logging_mixin.py:188} INFO - [2024-07-13T01:34:44.673+0000] {dagbag.py:545} INFO - Filling up the DagBag from /home/airflow/.local/lib/python3.12/site-packages/airflow/example_dags/example_complex.py
[2024-07-13T01:34:44.687+0000] {processor.py:840} INFO - DAG(s) 'example_complex' retrieved from /home/airflow/.local/lib/python3.12/site-packages/airflow/example_dags/example_complex.py
[2024-07-13T01:34:44.728+0000] {logging_mixin.py:188} INFO - [2024-07-13T01:34:44.728+0000] {dag.py:3096} INFO - Sync 1 DAGs
[2024-07-13T01:34:44.743+0000] {logging_mixin.py:188} INFO - [2024-07-13T01:34:44.743+0000] {dag.py:3954} INFO - Setting next_dagrun for example_complex to None, run_after=None
[2024-07-13T01:34:44.770+0000] {processor.py:183} INFO - Processing /home/airflow/.local/lib/python3.12/site-packages/airflow/example_dags/example_complex.py took 0.116 seconds
[2024-07-13T01:35:15.200+0000] {processor.py:161} INFO - Started process (PID=860) to work on /home/airflow/.local/lib/python3.12/site-packages/airflow/example_dags/example_complex.py
[2024-07-13T01:35:15.201+0000] {processor.py:830} INFO - Processing file /home/airflow/.local/lib/python3.12/site-packages/airflow/example_dags/example_complex.py for tasks to queue
[2024-07-13T01:35:15.203+0000] {logging_mixin.py:188} INFO - [2024-07-13T01:35:15.203+0000] {dagbag.py:545} INFO - Filling up the DagBag from /home/airflow/.local/lib/python3.12/site-packages/airflow/example_dags/example_complex.py
[2024-07-13T01:35:15.218+0000] {processor.py:840} INFO - DAG(s) 'example_complex' retrieved from /home/airflow/.local/lib/python3.12/site-packages/airflow/example_dags/example_complex.py
[2024-07-13T01:35:15.266+0000] {logging_mixin.py:188} INFO - [2024-07-13T01:35:15.265+0000] {dag.py:3096} INFO - Sync 1 DAGs
[2024-07-13T01:35:15.282+0000] {logging_mixin.py:188} INFO - [2024-07-13T01:35:15.281+0000] {dag.py:3954} INFO - Setting next_dagrun for example_complex to None, run_after=None
[2024-07-13T01:35:15.324+0000] {processor.py:183} INFO - Processing /home/airflow/.local/lib/python3.12/site-packages/airflow/example_dags/example_complex.py took 0.132 seconds
[2024-07-13T01:35:45.622+0000] {processor.py:161} INFO - Started process (PID=923) to work on /home/airflow/.local/lib/python3.12/site-packages/airflow/example_dags/example_complex.py
[2024-07-13T01:35:45.635+0000] {processor.py:830} INFO - Processing file /home/airflow/.local/lib/python3.12/site-packages/airflow/example_dags/example_complex.py for tasks to queue
[2024-07-13T01:35:45.638+0000] {logging_mixin.py:188} INFO - [2024-07-13T01:35:45.638+0000] {dagbag.py:545} INFO - Filling up the DagBag from /home/airflow/.local/lib/python3.12/site-packages/airflow/example_dags/example_complex.py
[2024-07-13T01:35:45.675+0000] {processor.py:840} INFO - DAG(s) 'example_complex' retrieved from /home/airflow/.local/lib/python3.12/site-packages/airflow/example_dags/example_complex.py
[2024-07-13T01:35:45.747+0000] {logging_mixin.py:188} INFO - [2024-07-13T01:35:45.746+0000] {dag.py:3096} INFO - Sync 1 DAGs
[2024-07-13T01:35:45.762+0000] {logging_mixin.py:188} INFO - [2024-07-13T01:35:45.762+0000] {dag.py:3954} INFO - Setting next_dagrun for example_complex to None, run_after=None
[2024-07-13T01:35:45.790+0000] {processor.py:183} INFO - Processing /home/airflow/.local/lib/python3.12/site-packages/airflow/example_dags/example_complex.py took 0.179 seconds
[2024-07-13T01:36:15.937+0000] {processor.py:161} INFO - Started process (PID=981) to work on /home/airflow/.local/lib/python3.12/site-packages/airflow/example_dags/example_complex.py
[2024-07-13T01:36:15.942+0000] {processor.py:830} INFO - Processing file /home/airflow/.local/lib/python3.12/site-packages/airflow/example_dags/example_complex.py for tasks to queue
[2024-07-13T01:36:15.944+0000] {logging_mixin.py:188} INFO - [2024-07-13T01:36:15.944+0000] {dagbag.py:545} INFO - Filling up the DagBag from /home/airflow/.local/lib/python3.12/site-packages/airflow/example_dags/example_complex.py
[2024-07-13T01:36:15.992+0000] {processor.py:840} INFO - DAG(s) 'example_complex' retrieved from /home/airflow/.local/lib/python3.12/site-packages/airflow/example_dags/example_complex.py
[2024-07-13T01:36:16.086+0000] {logging_mixin.py:188} INFO - [2024-07-13T01:36:16.085+0000] {dag.py:3096} INFO - Sync 1 DAGs
[2024-07-13T01:36:16.115+0000] {logging_mixin.py:188} INFO - [2024-07-13T01:36:16.115+0000] {dag.py:3954} INFO - Setting next_dagrun for example_complex to None, run_after=None
[2024-07-13T01:36:16.166+0000] {processor.py:183} INFO - Processing /home/airflow/.local/lib/python3.12/site-packages/airflow/example_dags/example_complex.py took 0.244 seconds
[2024-07-13T01:36:46.278+0000] {processor.py:161} INFO - Started process (PID=1039) to work on /home/airflow/.local/lib/python3.12/site-packages/airflow/example_dags/example_complex.py
[2024-07-13T01:36:46.280+0000] {processor.py:830} INFO - Processing file /home/airflow/.local/lib/python3.12/site-packages/airflow/example_dags/example_complex.py for tasks to queue
[2024-07-13T01:36:46.282+0000] {logging_mixin.py:188} INFO - [2024-07-13T01:36:46.281+0000] {dagbag.py:545} INFO - Filling up the DagBag from /home/airflow/.local/lib/python3.12/site-packages/airflow/example_dags/example_complex.py
[2024-07-13T01:36:46.296+0000] {processor.py:840} INFO - DAG(s) 'example_complex' retrieved from /home/airflow/.local/lib/python3.12/site-packages/airflow/example_dags/example_complex.py
[2024-07-13T01:36:46.337+0000] {logging_mixin.py:188} INFO - [2024-07-13T01:36:46.337+0000] {dag.py:3096} INFO - Sync 1 DAGs
[2024-07-13T01:36:46.353+0000] {logging_mixin.py:188} INFO - [2024-07-13T01:36:46.352+0000] {dag.py:3954} INFO - Setting next_dagrun for example_complex to None, run_after=None
[2024-07-13T01:36:46.382+0000] {processor.py:183} INFO - Processing /home/airflow/.local/lib/python3.12/site-packages/airflow/example_dags/example_complex.py took 0.111 seconds
[2024-07-13T01:37:16.672+0000] {processor.py:161} INFO - Started process (PID=1098) to work on /home/airflow/.local/lib/python3.12/site-packages/airflow/example_dags/example_complex.py
[2024-07-13T01:37:16.681+0000] {processor.py:830} INFO - Processing file /home/airflow/.local/lib/python3.12/site-packages/airflow/example_dags/example_complex.py for tasks to queue
[2024-07-13T01:37:16.683+0000] {logging_mixin.py:188} INFO - [2024-07-13T01:37:16.682+0000] {dagbag.py:545} INFO - Filling up the DagBag from /home/airflow/.local/lib/python3.12/site-packages/airflow/example_dags/example_complex.py
[2024-07-13T01:37:16.697+0000] {processor.py:840} INFO - DAG(s) 'example_complex' retrieved from /home/airflow/.local/lib/python3.12/site-packages/airflow/example_dags/example_complex.py
[2024-07-13T01:37:16.740+0000] {logging_mixin.py:188} INFO - [2024-07-13T01:37:16.740+0000] {dag.py:3096} INFO - Sync 1 DAGs
[2024-07-13T01:37:16.756+0000] {logging_mixin.py:188} INFO - [2024-07-13T01:37:16.755+0000] {dag.py:3954} INFO - Setting next_dagrun for example_complex to None, run_after=None
[2024-07-13T01:37:16.785+0000] {processor.py:183} INFO - Processing /home/airflow/.local/lib/python3.12/site-packages/airflow/example_dags/example_complex.py took 0.120 seconds
[2024-07-13T01:37:47.074+0000] {processor.py:161} INFO - Started process (PID=1156) to work on /home/airflow/.local/lib/python3.12/site-packages/airflow/example_dags/example_complex.py
[2024-07-13T01:37:47.075+0000] {processor.py:830} INFO - Processing file /home/airflow/.local/lib/python3.12/site-packages/airflow/example_dags/example_complex.py for tasks to queue
[2024-07-13T01:37:47.077+0000] {logging_mixin.py:188} INFO - [2024-07-13T01:37:47.077+0000] {dagbag.py:545} INFO - Filling up the DagBag from /home/airflow/.local/lib/python3.12/site-packages/airflow/example_dags/example_complex.py
[2024-07-13T01:37:47.090+0000] {processor.py:840} INFO - DAG(s) 'example_complex' retrieved from /home/airflow/.local/lib/python3.12/site-packages/airflow/example_dags/example_complex.py
[2024-07-13T01:37:47.135+0000] {logging_mixin.py:188} INFO - [2024-07-13T01:37:47.135+0000] {dag.py:3096} INFO - Sync 1 DAGs
[2024-07-13T01:37:47.152+0000] {logging_mixin.py:188} INFO - [2024-07-13T01:37:47.152+0000] {dag.py:3954} INFO - Setting next_dagrun for example_complex to None, run_after=None
[2024-07-13T01:37:47.197+0000] {processor.py:183} INFO - Processing /home/airflow/.local/lib/python3.12/site-packages/airflow/example_dags/example_complex.py took 0.130 seconds
[2024-07-13T01:38:17.391+0000] {processor.py:161} INFO - Started process (PID=1214) to work on /home/airflow/.local/lib/python3.12/site-packages/airflow/example_dags/example_complex.py
[2024-07-13T01:38:17.398+0000] {processor.py:830} INFO - Processing file /home/airflow/.local/lib/python3.12/site-packages/airflow/example_dags/example_complex.py for tasks to queue
[2024-07-13T01:38:17.400+0000] {logging_mixin.py:188} INFO - [2024-07-13T01:38:17.400+0000] {dagbag.py:545} INFO - Filling up the DagBag from /home/airflow/.local/lib/python3.12/site-packages/airflow/example_dags/example_complex.py
[2024-07-13T01:38:17.412+0000] {processor.py:840} INFO - DAG(s) 'example_complex' retrieved from /home/airflow/.local/lib/python3.12/site-packages/airflow/example_dags/example_complex.py
[2024-07-13T01:38:17.455+0000] {logging_mixin.py:188} INFO - [2024-07-13T01:38:17.454+0000] {dag.py:3096} INFO - Sync 1 DAGs
[2024-07-13T01:38:17.469+0000] {logging_mixin.py:188} INFO - [2024-07-13T01:38:17.469+0000] {dag.py:3954} INFO - Setting next_dagrun for example_complex to None, run_after=None
[2024-07-13T01:38:17.495+0000] {processor.py:183} INFO - Processing /home/airflow/.local/lib/python3.12/site-packages/airflow/example_dags/example_complex.py took 0.112 seconds
[2024-07-13T01:38:47.788+0000] {processor.py:161} INFO - Started process (PID=1272) to work on /home/airflow/.local/lib/python3.12/site-packages/airflow/example_dags/example_complex.py
[2024-07-13T01:38:47.789+0000] {processor.py:830} INFO - Processing file /home/airflow/.local/lib/python3.12/site-packages/airflow/example_dags/example_complex.py for tasks to queue
[2024-07-13T01:38:47.791+0000] {logging_mixin.py:188} INFO - [2024-07-13T01:38:47.791+0000] {dagbag.py:545} INFO - Filling up the DagBag from /home/airflow/.local/lib/python3.12/site-packages/airflow/example_dags/example_complex.py
[2024-07-13T01:38:47.804+0000] {processor.py:840} INFO - DAG(s) 'example_complex' retrieved from /home/airflow/.local/lib/python3.12/site-packages/airflow/example_dags/example_complex.py
[2024-07-13T01:38:47.845+0000] {logging_mixin.py:188} INFO - [2024-07-13T01:38:47.845+0000] {dag.py:3096} INFO - Sync 1 DAGs
[2024-07-13T01:38:47.860+0000] {logging_mixin.py:188} INFO - [2024-07-13T01:38:47.860+0000] {dag.py:3954} INFO - Setting next_dagrun for example_complex to None, run_after=None
[2024-07-13T01:38:47.891+0000] {processor.py:183} INFO - Processing /home/airflow/.local/lib/python3.12/site-packages/airflow/example_dags/example_complex.py took 0.110 seconds
[2024-07-13T01:39:17.940+0000] {processor.py:161} INFO - Started process (PID=1330) to work on /home/airflow/.local/lib/python3.12/site-packages/airflow/example_dags/example_complex.py
[2024-07-13T01:39:17.949+0000] {processor.py:830} INFO - Processing file /home/airflow/.local/lib/python3.12/site-packages/airflow/example_dags/example_complex.py for tasks to queue
[2024-07-13T01:39:17.951+0000] {logging_mixin.py:188} INFO - [2024-07-13T01:39:17.951+0000] {dagbag.py:545} INFO - Filling up the DagBag from /home/airflow/.local/lib/python3.12/site-packages/airflow/example_dags/example_complex.py
[2024-07-13T01:39:17.964+0000] {processor.py:840} INFO - DAG(s) 'example_complex' retrieved from /home/airflow/.local/lib/python3.12/site-packages/airflow/example_dags/example_complex.py
[2024-07-13T01:39:18.009+0000] {logging_mixin.py:188} INFO - [2024-07-13T01:39:18.009+0000] {dag.py:3096} INFO - Sync 1 DAGs
[2024-07-13T01:39:18.026+0000] {logging_mixin.py:188} INFO - [2024-07-13T01:39:18.025+0000] {dag.py:3954} INFO - Setting next_dagrun for example_complex to None, run_after=None
[2024-07-13T01:39:18.064+0000] {processor.py:183} INFO - Processing /home/airflow/.local/lib/python3.12/site-packages/airflow/example_dags/example_complex.py took 0.131 seconds
[2024-07-13T01:39:48.552+0000] {processor.py:161} INFO - Started process (PID=1388) to work on /home/airflow/.local/lib/python3.12/site-packages/airflow/example_dags/example_complex.py
[2024-07-13T01:39:48.560+0000] {processor.py:830} INFO - Processing file /home/airflow/.local/lib/python3.12/site-packages/airflow/example_dags/example_complex.py for tasks to queue
[2024-07-13T01:39:48.562+0000] {logging_mixin.py:188} INFO - [2024-07-13T01:39:48.562+0000] {dagbag.py:545} INFO - Filling up the DagBag from /home/airflow/.local/lib/python3.12/site-packages/airflow/example_dags/example_complex.py
[2024-07-13T01:39:48.575+0000] {processor.py:840} INFO - DAG(s) 'example_complex' retrieved from /home/airflow/.local/lib/python3.12/site-packages/airflow/example_dags/example_complex.py
[2024-07-13T01:39:48.617+0000] {logging_mixin.py:188} INFO - [2024-07-13T01:39:48.616+0000] {dag.py:3096} INFO - Sync 1 DAGs
[2024-07-13T01:39:48.632+0000] {logging_mixin.py:188} INFO - [2024-07-13T01:39:48.631+0000] {dag.py:3954} INFO - Setting next_dagrun for example_complex to None, run_after=None
[2024-07-13T01:39:48.661+0000] {processor.py:183} INFO - Processing /home/airflow/.local/lib/python3.12/site-packages/airflow/example_dags/example_complex.py took 0.115 seconds
[2024-07-13T01:40:19.063+0000] {processor.py:161} INFO - Started process (PID=1446) to work on /home/airflow/.local/lib/python3.12/site-packages/airflow/example_dags/example_complex.py
[2024-07-13T01:40:19.064+0000] {processor.py:830} INFO - Processing file /home/airflow/.local/lib/python3.12/site-packages/airflow/example_dags/example_complex.py for tasks to queue
[2024-07-13T01:40:19.066+0000] {logging_mixin.py:188} INFO - [2024-07-13T01:40:19.066+0000] {dagbag.py:545} INFO - Filling up the DagBag from /home/airflow/.local/lib/python3.12/site-packages/airflow/example_dags/example_complex.py
[2024-07-13T01:40:19.079+0000] {processor.py:840} INFO - DAG(s) 'example_complex' retrieved from /home/airflow/.local/lib/python3.12/site-packages/airflow/example_dags/example_complex.py
[2024-07-13T01:40:19.121+0000] {logging_mixin.py:188} INFO - [2024-07-13T01:40:19.121+0000] {dag.py:3096} INFO - Sync 1 DAGs
[2024-07-13T01:40:19.138+0000] {logging_mixin.py:188} INFO - [2024-07-13T01:40:19.138+0000] {dag.py:3954} INFO - Setting next_dagrun for example_complex to None, run_after=None
[2024-07-13T01:40:19.164+0000] {processor.py:183} INFO - Processing /home/airflow/.local/lib/python3.12/site-packages/airflow/example_dags/example_complex.py took 0.109 seconds
[2024-07-13T01:40:49.201+0000] {processor.py:161} INFO - Started process (PID=1504) to work on /home/airflow/.local/lib/python3.12/site-packages/airflow/example_dags/example_complex.py
[2024-07-13T01:40:49.205+0000] {processor.py:830} INFO - Processing file /home/airflow/.local/lib/python3.12/site-packages/airflow/example_dags/example_complex.py for tasks to queue
[2024-07-13T01:40:49.207+0000] {logging_mixin.py:188} INFO - [2024-07-13T01:40:49.207+0000] {dagbag.py:545} INFO - Filling up the DagBag from /home/airflow/.local/lib/python3.12/site-packages/airflow/example_dags/example_complex.py
[2024-07-13T01:40:49.222+0000] {processor.py:840} INFO - DAG(s) 'example_complex' retrieved from /home/airflow/.local/lib/python3.12/site-packages/airflow/example_dags/example_complex.py
[2024-07-13T01:40:49.271+0000] {logging_mixin.py:188} INFO - [2024-07-13T01:40:49.271+0000] {dag.py:3096} INFO - Sync 1 DAGs
[2024-07-13T01:40:49.293+0000] {logging_mixin.py:188} INFO - [2024-07-13T01:40:49.293+0000] {dag.py:3954} INFO - Setting next_dagrun for example_complex to None, run_after=None
[2024-07-13T01:40:49.337+0000] {processor.py:183} INFO - Processing /home/airflow/.local/lib/python3.12/site-packages/airflow/example_dags/example_complex.py took 0.146 seconds
[2024-07-13T01:41:19.637+0000] {processor.py:161} INFO - Started process (PID=1562) to work on /home/airflow/.local/lib/python3.12/site-packages/airflow/example_dags/example_complex.py
[2024-07-13T01:41:19.639+0000] {processor.py:830} INFO - Processing file /home/airflow/.local/lib/python3.12/site-packages/airflow/example_dags/example_complex.py for tasks to queue
[2024-07-13T01:41:19.641+0000] {logging_mixin.py:188} INFO - [2024-07-13T01:41:19.640+0000] {dagbag.py:545} INFO - Filling up the DagBag from /home/airflow/.local/lib/python3.12/site-packages/airflow/example_dags/example_complex.py
[2024-07-13T01:41:19.664+0000] {processor.py:840} INFO - DAG(s) 'example_complex' retrieved from /home/airflow/.local/lib/python3.12/site-packages/airflow/example_dags/example_complex.py
[2024-07-13T01:41:19.740+0000] {logging_mixin.py:188} INFO - [2024-07-13T01:41:19.740+0000] {dag.py:3096} INFO - Sync 1 DAGs
[2024-07-13T01:41:19.757+0000] {logging_mixin.py:188} INFO - [2024-07-13T01:41:19.757+0000] {dag.py:3954} INFO - Setting next_dagrun for example_complex to None, run_after=None
[2024-07-13T01:41:19.784+0000] {processor.py:183} INFO - Processing /home/airflow/.local/lib/python3.12/site-packages/airflow/example_dags/example_complex.py took 0.154 seconds
[2024-07-13T01:41:50.216+0000] {processor.py:161} INFO - Started process (PID=1620) to work on /home/airflow/.local/lib/python3.12/site-packages/airflow/example_dags/example_complex.py
[2024-07-13T01:41:50.224+0000] {processor.py:830} INFO - Processing file /home/airflow/.local/lib/python3.12/site-packages/airflow/example_dags/example_complex.py for tasks to queue
[2024-07-13T01:41:50.226+0000] {logging_mixin.py:188} INFO - [2024-07-13T01:41:50.225+0000] {dagbag.py:545} INFO - Filling up the DagBag from /home/airflow/.local/lib/python3.12/site-packages/airflow/example_dags/example_complex.py
[2024-07-13T01:41:50.238+0000] {processor.py:840} INFO - DAG(s) 'example_complex' retrieved from /home/airflow/.local/lib/python3.12/site-packages/airflow/example_dags/example_complex.py
[2024-07-13T01:41:50.279+0000] {logging_mixin.py:188} INFO - [2024-07-13T01:41:50.279+0000] {dag.py:3096} INFO - Sync 1 DAGs
[2024-07-13T01:41:50.296+0000] {logging_mixin.py:188} INFO - [2024-07-13T01:41:50.295+0000] {dag.py:3954} INFO - Setting next_dagrun for example_complex to None, run_after=None
[2024-07-13T01:41:50.335+0000] {processor.py:183} INFO - Processing /home/airflow/.local/lib/python3.12/site-packages/airflow/example_dags/example_complex.py took 0.127 seconds
[2024-07-13T01:42:20.523+0000] {processor.py:161} INFO - Started process (PID=1678) to work on /home/airflow/.local/lib/python3.12/site-packages/airflow/example_dags/example_complex.py
[2024-07-13T01:42:20.524+0000] {processor.py:830} INFO - Processing file /home/airflow/.local/lib/python3.12/site-packages/airflow/example_dags/example_complex.py for tasks to queue
[2024-07-13T01:42:20.526+0000] {logging_mixin.py:188} INFO - [2024-07-13T01:42:20.526+0000] {dagbag.py:545} INFO - Filling up the DagBag from /home/airflow/.local/lib/python3.12/site-packages/airflow/example_dags/example_complex.py
[2024-07-13T01:42:20.538+0000] {processor.py:840} INFO - DAG(s) 'example_complex' retrieved from /home/airflow/.local/lib/python3.12/site-packages/airflow/example_dags/example_complex.py
[2024-07-13T01:42:20.580+0000] {logging_mixin.py:188} INFO - [2024-07-13T01:42:20.580+0000] {dag.py:3096} INFO - Sync 1 DAGs
[2024-07-13T01:42:20.595+0000] {logging_mixin.py:188} INFO - [2024-07-13T01:42:20.595+0000] {dag.py:3954} INFO - Setting next_dagrun for example_complex to None, run_after=None
[2024-07-13T01:42:20.620+0000] {processor.py:183} INFO - Processing /home/airflow/.local/lib/python3.12/site-packages/airflow/example_dags/example_complex.py took 0.104 seconds
[2024-07-13T01:42:51.488+0000] {processor.py:161} INFO - Started process (PID=1736) to work on /home/airflow/.local/lib/python3.12/site-packages/airflow/example_dags/example_complex.py
[2024-07-13T01:42:51.497+0000] {processor.py:830} INFO - Processing file /home/airflow/.local/lib/python3.12/site-packages/airflow/example_dags/example_complex.py for tasks to queue
[2024-07-13T01:42:51.499+0000] {logging_mixin.py:188} INFO - [2024-07-13T01:42:51.499+0000] {dagbag.py:545} INFO - Filling up the DagBag from /home/airflow/.local/lib/python3.12/site-packages/airflow/example_dags/example_complex.py
[2024-07-13T01:42:51.512+0000] {processor.py:840} INFO - DAG(s) 'example_complex' retrieved from /home/airflow/.local/lib/python3.12/site-packages/airflow/example_dags/example_complex.py
[2024-07-13T01:42:51.558+0000] {logging_mixin.py:188} INFO - [2024-07-13T01:42:51.558+0000] {dag.py:3096} INFO - Sync 1 DAGs
[2024-07-13T01:42:51.719+0000] {logging_mixin.py:188} INFO - [2024-07-13T01:42:51.719+0000] {dag.py:3954} INFO - Setting next_dagrun for example_complex to None, run_after=None
[2024-07-13T01:42:51.752+0000] {processor.py:183} INFO - Processing /home/airflow/.local/lib/python3.12/site-packages/airflow/example_dags/example_complex.py took 0.272 seconds
[2024-07-13T01:43:22.283+0000] {processor.py:161} INFO - Started process (PID=1792) to work on /home/airflow/.local/lib/python3.12/site-packages/airflow/example_dags/example_complex.py
[2024-07-13T01:43:22.287+0000] {processor.py:830} INFO - Processing file /home/airflow/.local/lib/python3.12/site-packages/airflow/example_dags/example_complex.py for tasks to queue
[2024-07-13T01:43:22.289+0000] {logging_mixin.py:188} INFO - [2024-07-13T01:43:22.288+0000] {dagbag.py:545} INFO - Filling up the DagBag from /home/airflow/.local/lib/python3.12/site-packages/airflow/example_dags/example_complex.py
[2024-07-13T01:43:22.307+0000] {processor.py:840} INFO - DAG(s) 'example_complex' retrieved from /home/airflow/.local/lib/python3.12/site-packages/airflow/example_dags/example_complex.py
[2024-07-13T01:43:22.385+0000] {logging_mixin.py:188} INFO - [2024-07-13T01:43:22.374+0000] {dag.py:3096} INFO - Sync 1 DAGs
[2024-07-13T01:43:22.441+0000] {logging_mixin.py:188} INFO - [2024-07-13T01:43:22.440+0000] {dag.py:3954} INFO - Setting next_dagrun for example_complex to None, run_after=None
[2024-07-13T01:43:22.890+0000] {processor.py:183} INFO - Processing /home/airflow/.local/lib/python3.12/site-packages/airflow/example_dags/example_complex.py took 0.640 seconds
