[2024-07-13T01:28:10.746+0000] {processor.py:161} INFO - Started process (PID=51) to work on /home/airflow/.local/lib/python3.12/site-packages/airflow/example_dags/example_subdag_operator.py
[2024-07-13T01:28:10.747+0000] {processor.py:830} INFO - Processing file /home/airflow/.local/lib/python3.12/site-packages/airflow/example_dags/example_subdag_operator.py for tasks to queue
[2024-07-13T01:28:10.750+0000] {logging_mixin.py:188} INFO - [2024-07-13T01:28:10.749+0000] {dagbag.py:545} INFO - Filling up the DagBag from /home/airflow/.local/lib/python3.12/site-packages/airflow/example_dags/example_subdag_operator.py
[2024-07-13T01:28:10.851+0000] {processor.py:840} INFO - DAG(s) 'example_subdag_operator.section-1', 'example_subdag_operator.section-2', 'example_subdag_operator' retrieved from /home/airflow/.local/lib/python3.12/site-packages/airflow/example_dags/example_subdag_operator.py
[2024-07-13T01:28:11.193+0000] {logging_mixin.py:188} INFO - [2024-07-13T01:28:11.193+0000] {dag.py:3096} INFO - Sync 3 DAGs
[2024-07-13T01:28:11.234+0000] {logging_mixin.py:188} INFO - [2024-07-13T01:28:11.234+0000] {dag.py:3954} INFO - Setting next_dagrun for example_subdag_operator to 2022-01-01 00:00:00+00:00, run_after=2022-01-01 00:00:00+00:00
[2024-07-13T01:28:11.242+0000] {logging_mixin.py:188} INFO - [2024-07-13T01:28:11.241+0000] {dag.py:3954} INFO - Setting next_dagrun for example_subdag_operator.section-1 to None, run_after=None
[2024-07-13T01:28:11.246+0000] {logging_mixin.py:188} INFO - [2024-07-13T01:28:11.245+0000] {dag.py:3954} INFO - Setting next_dagrun for example_subdag_operator.section-2 to None, run_after=None
[2024-07-13T01:28:11.262+0000] {logging_mixin.py:188} INFO - [2024-07-13T01:28:11.262+0000] {dag.py:3096} INFO - Sync 2 DAGs
[2024-07-13T01:28:11.269+0000] {logging_mixin.py:188} INFO - [2024-07-13T01:28:11.269+0000] {dag.py:3954} INFO - Setting next_dagrun for example_subdag_operator.section-1 to None, run_after=None
[2024-07-13T01:28:11.270+0000] {logging_mixin.py:188} INFO - [2024-07-13T01:28:11.270+0000] {dag.py:3954} INFO - Setting next_dagrun for example_subdag_operator.section-2 to None, run_after=None
[2024-07-13T01:28:11.315+0000] {processor.py:183} INFO - Processing /home/airflow/.local/lib/python3.12/site-packages/airflow/example_dags/example_subdag_operator.py took 0.586 seconds
[2024-07-13T01:28:41.938+0000] {processor.py:161} INFO - Started process (PID=108) to work on /home/airflow/.local/lib/python3.12/site-packages/airflow/example_dags/example_subdag_operator.py
[2024-07-13T01:28:41.938+0000] {processor.py:830} INFO - Processing file /home/airflow/.local/lib/python3.12/site-packages/airflow/example_dags/example_subdag_operator.py for tasks to queue
[2024-07-13T01:28:41.940+0000] {logging_mixin.py:188} INFO - [2024-07-13T01:28:41.940+0000] {dagbag.py:545} INFO - Filling up the DagBag from /home/airflow/.local/lib/python3.12/site-packages/airflow/example_dags/example_subdag_operator.py
[2024-07-13T01:28:41.968+0000] {processor.py:840} INFO - DAG(s) 'example_subdag_operator.section-1', 'example_subdag_operator.section-2', 'example_subdag_operator' retrieved from /home/airflow/.local/lib/python3.12/site-packages/airflow/example_dags/example_subdag_operator.py
[2024-07-13T01:28:41.987+0000] {logging_mixin.py:188} INFO - [2024-07-13T01:28:41.987+0000] {dag.py:3096} INFO - Sync 3 DAGs
[2024-07-13T01:28:42.017+0000] {logging_mixin.py:188} INFO - [2024-07-13T01:28:42.017+0000] {dag.py:3954} INFO - Setting next_dagrun for example_subdag_operator to 2022-01-01 00:00:00+00:00, run_after=2022-01-01 00:00:00+00:00
[2024-07-13T01:28:42.022+0000] {logging_mixin.py:188} INFO - [2024-07-13T01:28:42.022+0000] {dag.py:3954} INFO - Setting next_dagrun for example_subdag_operator.section-1 to None, run_after=None
[2024-07-13T01:28:42.024+0000] {logging_mixin.py:188} INFO - [2024-07-13T01:28:42.024+0000] {dag.py:3954} INFO - Setting next_dagrun for example_subdag_operator.section-2 to None, run_after=None
[2024-07-13T01:28:42.032+0000] {logging_mixin.py:188} INFO - [2024-07-13T01:28:42.032+0000] {dag.py:3096} INFO - Sync 2 DAGs
[2024-07-13T01:28:42.037+0000] {logging_mixin.py:188} INFO - [2024-07-13T01:28:42.037+0000] {dag.py:3954} INFO - Setting next_dagrun for example_subdag_operator.section-1 to None, run_after=None
[2024-07-13T01:28:42.038+0000] {logging_mixin.py:188} INFO - [2024-07-13T01:28:42.037+0000] {dag.py:3954} INFO - Setting next_dagrun for example_subdag_operator.section-2 to None, run_after=None
[2024-07-13T01:28:42.052+0000] {processor.py:183} INFO - Processing /home/airflow/.local/lib/python3.12/site-packages/airflow/example_dags/example_subdag_operator.py took 0.122 seconds
[2024-07-13T01:29:12.207+0000] {processor.py:161} INFO - Started process (PID=166) to work on /home/airflow/.local/lib/python3.12/site-packages/airflow/example_dags/example_subdag_operator.py
[2024-07-13T01:29:12.208+0000] {processor.py:830} INFO - Processing file /home/airflow/.local/lib/python3.12/site-packages/airflow/example_dags/example_subdag_operator.py for tasks to queue
[2024-07-13T01:29:12.211+0000] {logging_mixin.py:188} INFO - [2024-07-13T01:29:12.211+0000] {dagbag.py:545} INFO - Filling up the DagBag from /home/airflow/.local/lib/python3.12/site-packages/airflow/example_dags/example_subdag_operator.py
[2024-07-13T01:29:12.241+0000] {processor.py:840} INFO - DAG(s) 'example_subdag_operator.section-1', 'example_subdag_operator.section-2', 'example_subdag_operator' retrieved from /home/airflow/.local/lib/python3.12/site-packages/airflow/example_dags/example_subdag_operator.py
[2024-07-13T01:29:12.261+0000] {logging_mixin.py:188} INFO - [2024-07-13T01:29:12.261+0000] {dag.py:3096} INFO - Sync 3 DAGs
[2024-07-13T01:29:12.290+0000] {logging_mixin.py:188} INFO - [2024-07-13T01:29:12.290+0000] {dag.py:3954} INFO - Setting next_dagrun for example_subdag_operator to 2022-01-01 00:00:00+00:00, run_after=2022-01-01 00:00:00+00:00
[2024-07-13T01:29:12.295+0000] {logging_mixin.py:188} INFO - [2024-07-13T01:29:12.294+0000] {dag.py:3954} INFO - Setting next_dagrun for example_subdag_operator.section-1 to None, run_after=None
[2024-07-13T01:29:12.296+0000] {logging_mixin.py:188} INFO - [2024-07-13T01:29:12.296+0000] {dag.py:3954} INFO - Setting next_dagrun for example_subdag_operator.section-2 to None, run_after=None
[2024-07-13T01:29:12.307+0000] {logging_mixin.py:188} INFO - [2024-07-13T01:29:12.307+0000] {dag.py:3096} INFO - Sync 2 DAGs
[2024-07-13T01:29:12.314+0000] {logging_mixin.py:188} INFO - [2024-07-13T01:29:12.314+0000] {dag.py:3954} INFO - Setting next_dagrun for example_subdag_operator.section-1 to None, run_after=None
[2024-07-13T01:29:12.315+0000] {logging_mixin.py:188} INFO - [2024-07-13T01:29:12.314+0000] {dag.py:3954} INFO - Setting next_dagrun for example_subdag_operator.section-2 to None, run_after=None
[2024-07-13T01:29:12.333+0000] {processor.py:183} INFO - Processing /home/airflow/.local/lib/python3.12/site-packages/airflow/example_dags/example_subdag_operator.py took 0.134 seconds
[2024-07-13T01:29:42.386+0000] {processor.py:161} INFO - Started process (PID=224) to work on /home/airflow/.local/lib/python3.12/site-packages/airflow/example_dags/example_subdag_operator.py
[2024-07-13T01:29:42.392+0000] {processor.py:830} INFO - Processing file /home/airflow/.local/lib/python3.12/site-packages/airflow/example_dags/example_subdag_operator.py for tasks to queue
[2024-07-13T01:29:42.394+0000] {logging_mixin.py:188} INFO - [2024-07-13T01:29:42.393+0000] {dagbag.py:545} INFO - Filling up the DagBag from /home/airflow/.local/lib/python3.12/site-packages/airflow/example_dags/example_subdag_operator.py
[2024-07-13T01:29:42.449+0000] {processor.py:840} INFO - DAG(s) 'example_subdag_operator.section-1', 'example_subdag_operator.section-2', 'example_subdag_operator' retrieved from /home/airflow/.local/lib/python3.12/site-packages/airflow/example_dags/example_subdag_operator.py
[2024-07-13T01:29:42.478+0000] {logging_mixin.py:188} INFO - [2024-07-13T01:29:42.478+0000] {dag.py:3096} INFO - Sync 3 DAGs
[2024-07-13T01:29:42.511+0000] {logging_mixin.py:188} INFO - [2024-07-13T01:29:42.511+0000] {dag.py:3954} INFO - Setting next_dagrun for example_subdag_operator to 2022-01-01 00:00:00+00:00, run_after=2022-01-01 00:00:00+00:00
[2024-07-13T01:29:42.517+0000] {logging_mixin.py:188} INFO - [2024-07-13T01:29:42.517+0000] {dag.py:3954} INFO - Setting next_dagrun for example_subdag_operator.section-1 to None, run_after=None
[2024-07-13T01:29:42.519+0000] {logging_mixin.py:188} INFO - [2024-07-13T01:29:42.519+0000] {dag.py:3954} INFO - Setting next_dagrun for example_subdag_operator.section-2 to None, run_after=None
[2024-07-13T01:29:42.528+0000] {logging_mixin.py:188} INFO - [2024-07-13T01:29:42.528+0000] {dag.py:3096} INFO - Sync 2 DAGs
[2024-07-13T01:29:42.535+0000] {logging_mixin.py:188} INFO - [2024-07-13T01:29:42.535+0000] {dag.py:3954} INFO - Setting next_dagrun for example_subdag_operator.section-1 to None, run_after=None
[2024-07-13T01:29:42.536+0000] {logging_mixin.py:188} INFO - [2024-07-13T01:29:42.536+0000] {dag.py:3954} INFO - Setting next_dagrun for example_subdag_operator.section-2 to None, run_after=None
[2024-07-13T01:29:42.549+0000] {processor.py:183} INFO - Processing /home/airflow/.local/lib/python3.12/site-packages/airflow/example_dags/example_subdag_operator.py took 0.172 seconds
[2024-07-13T01:30:12.640+0000] {processor.py:161} INFO - Started process (PID=281) to work on /home/airflow/.local/lib/python3.12/site-packages/airflow/example_dags/example_subdag_operator.py
[2024-07-13T01:30:12.644+0000] {processor.py:830} INFO - Processing file /home/airflow/.local/lib/python3.12/site-packages/airflow/example_dags/example_subdag_operator.py for tasks to queue
[2024-07-13T01:30:12.646+0000] {logging_mixin.py:188} INFO - [2024-07-13T01:30:12.646+0000] {dagbag.py:545} INFO - Filling up the DagBag from /home/airflow/.local/lib/python3.12/site-packages/airflow/example_dags/example_subdag_operator.py
[2024-07-13T01:30:12.686+0000] {processor.py:840} INFO - DAG(s) 'example_subdag_operator.section-1', 'example_subdag_operator.section-2', 'example_subdag_operator' retrieved from /home/airflow/.local/lib/python3.12/site-packages/airflow/example_dags/example_subdag_operator.py
[2024-07-13T01:30:12.709+0000] {logging_mixin.py:188} INFO - [2024-07-13T01:30:12.709+0000] {dag.py:3096} INFO - Sync 3 DAGs
[2024-07-13T01:30:12.741+0000] {logging_mixin.py:188} INFO - [2024-07-13T01:30:12.741+0000] {dag.py:3954} INFO - Setting next_dagrun for example_subdag_operator to 2022-01-01 00:00:00+00:00, run_after=2022-01-01 00:00:00+00:00
[2024-07-13T01:30:12.747+0000] {logging_mixin.py:188} INFO - [2024-07-13T01:30:12.746+0000] {dag.py:3954} INFO - Setting next_dagrun for example_subdag_operator.section-1 to None, run_after=None
[2024-07-13T01:30:12.749+0000] {logging_mixin.py:188} INFO - [2024-07-13T01:30:12.748+0000] {dag.py:3954} INFO - Setting next_dagrun for example_subdag_operator.section-2 to None, run_after=None
[2024-07-13T01:30:12.758+0000] {logging_mixin.py:188} INFO - [2024-07-13T01:30:12.758+0000] {dag.py:3096} INFO - Sync 2 DAGs
[2024-07-13T01:30:12.765+0000] {logging_mixin.py:188} INFO - [2024-07-13T01:30:12.764+0000] {dag.py:3954} INFO - Setting next_dagrun for example_subdag_operator.section-1 to None, run_after=None
[2024-07-13T01:30:12.765+0000] {logging_mixin.py:188} INFO - [2024-07-13T01:30:12.765+0000] {dag.py:3954} INFO - Setting next_dagrun for example_subdag_operator.section-2 to None, run_after=None
[2024-07-13T01:30:12.779+0000] {processor.py:183} INFO - Processing /home/airflow/.local/lib/python3.12/site-packages/airflow/example_dags/example_subdag_operator.py took 0.147 seconds
[2024-07-13T01:30:43.213+0000] {processor.py:161} INFO - Started process (PID=339) to work on /home/airflow/.local/lib/python3.12/site-packages/airflow/example_dags/example_subdag_operator.py
[2024-07-13T01:30:43.213+0000] {processor.py:830} INFO - Processing file /home/airflow/.local/lib/python3.12/site-packages/airflow/example_dags/example_subdag_operator.py for tasks to queue
[2024-07-13T01:30:43.215+0000] {logging_mixin.py:188} INFO - [2024-07-13T01:30:43.215+0000] {dagbag.py:545} INFO - Filling up the DagBag from /home/airflow/.local/lib/python3.12/site-packages/airflow/example_dags/example_subdag_operator.py
[2024-07-13T01:30:43.242+0000] {processor.py:840} INFO - DAG(s) 'example_subdag_operator.section-1', 'example_subdag_operator.section-2', 'example_subdag_operator' retrieved from /home/airflow/.local/lib/python3.12/site-packages/airflow/example_dags/example_subdag_operator.py
[2024-07-13T01:30:43.261+0000] {logging_mixin.py:188} INFO - [2024-07-13T01:30:43.261+0000] {dag.py:3096} INFO - Sync 3 DAGs
[2024-07-13T01:30:43.292+0000] {logging_mixin.py:188} INFO - [2024-07-13T01:30:43.291+0000] {dag.py:3954} INFO - Setting next_dagrun for example_subdag_operator to 2022-01-01 00:00:00+00:00, run_after=2022-01-01 00:00:00+00:00
[2024-07-13T01:30:43.296+0000] {logging_mixin.py:188} INFO - [2024-07-13T01:30:43.296+0000] {dag.py:3954} INFO - Setting next_dagrun for example_subdag_operator.section-1 to None, run_after=None
[2024-07-13T01:30:43.298+0000] {logging_mixin.py:188} INFO - [2024-07-13T01:30:43.298+0000] {dag.py:3954} INFO - Setting next_dagrun for example_subdag_operator.section-2 to None, run_after=None
[2024-07-13T01:30:43.308+0000] {logging_mixin.py:188} INFO - [2024-07-13T01:30:43.307+0000] {dag.py:3096} INFO - Sync 2 DAGs
[2024-07-13T01:30:43.314+0000] {logging_mixin.py:188} INFO - [2024-07-13T01:30:43.314+0000] {dag.py:3954} INFO - Setting next_dagrun for example_subdag_operator.section-1 to None, run_after=None
[2024-07-13T01:30:43.315+0000] {logging_mixin.py:188} INFO - [2024-07-13T01:30:43.315+0000] {dag.py:3954} INFO - Setting next_dagrun for example_subdag_operator.section-2 to None, run_after=None
[2024-07-13T01:30:43.330+0000] {processor.py:183} INFO - Processing /home/airflow/.local/lib/python3.12/site-packages/airflow/example_dags/example_subdag_operator.py took 0.125 seconds
[2024-07-13T01:31:13.448+0000] {processor.py:161} INFO - Started process (PID=397) to work on /home/airflow/.local/lib/python3.12/site-packages/airflow/example_dags/example_subdag_operator.py
[2024-07-13T01:31:13.458+0000] {processor.py:830} INFO - Processing file /home/airflow/.local/lib/python3.12/site-packages/airflow/example_dags/example_subdag_operator.py for tasks to queue
[2024-07-13T01:31:13.460+0000] {logging_mixin.py:188} INFO - [2024-07-13T01:31:13.460+0000] {dagbag.py:545} INFO - Filling up the DagBag from /home/airflow/.local/lib/python3.12/site-packages/airflow/example_dags/example_subdag_operator.py
[2024-07-13T01:31:13.488+0000] {processor.py:840} INFO - DAG(s) 'example_subdag_operator.section-1', 'example_subdag_operator.section-2', 'example_subdag_operator' retrieved from /home/airflow/.local/lib/python3.12/site-packages/airflow/example_dags/example_subdag_operator.py
[2024-07-13T01:31:13.507+0000] {logging_mixin.py:188} INFO - [2024-07-13T01:31:13.506+0000] {dag.py:3096} INFO - Sync 3 DAGs
[2024-07-13T01:31:13.535+0000] {logging_mixin.py:188} INFO - [2024-07-13T01:31:13.535+0000] {dag.py:3954} INFO - Setting next_dagrun for example_subdag_operator to 2022-01-01 00:00:00+00:00, run_after=2022-01-01 00:00:00+00:00
[2024-07-13T01:31:13.540+0000] {logging_mixin.py:188} INFO - [2024-07-13T01:31:13.539+0000] {dag.py:3954} INFO - Setting next_dagrun for example_subdag_operator.section-1 to None, run_after=None
[2024-07-13T01:31:13.542+0000] {logging_mixin.py:188} INFO - [2024-07-13T01:31:13.542+0000] {dag.py:3954} INFO - Setting next_dagrun for example_subdag_operator.section-2 to None, run_after=None
[2024-07-13T01:31:13.551+0000] {logging_mixin.py:188} INFO - [2024-07-13T01:31:13.550+0000] {dag.py:3096} INFO - Sync 2 DAGs
[2024-07-13T01:31:13.557+0000] {logging_mixin.py:188} INFO - [2024-07-13T01:31:13.557+0000] {dag.py:3954} INFO - Setting next_dagrun for example_subdag_operator.section-1 to None, run_after=None
[2024-07-13T01:31:13.558+0000] {logging_mixin.py:188} INFO - [2024-07-13T01:31:13.558+0000] {dag.py:3954} INFO - Setting next_dagrun for example_subdag_operator.section-2 to None, run_after=None
[2024-07-13T01:31:13.572+0000] {processor.py:183} INFO - Processing /home/airflow/.local/lib/python3.12/site-packages/airflow/example_dags/example_subdag_operator.py took 0.131 seconds
[2024-07-13T01:31:43.945+0000] {processor.py:161} INFO - Started process (PID=455) to work on /home/airflow/.local/lib/python3.12/site-packages/airflow/example_dags/example_subdag_operator.py
[2024-07-13T01:31:43.946+0000] {processor.py:830} INFO - Processing file /home/airflow/.local/lib/python3.12/site-packages/airflow/example_dags/example_subdag_operator.py for tasks to queue
[2024-07-13T01:31:43.948+0000] {logging_mixin.py:188} INFO - [2024-07-13T01:31:43.948+0000] {dagbag.py:545} INFO - Filling up the DagBag from /home/airflow/.local/lib/python3.12/site-packages/airflow/example_dags/example_subdag_operator.py
[2024-07-13T01:31:43.977+0000] {processor.py:840} INFO - DAG(s) 'example_subdag_operator.section-1', 'example_subdag_operator.section-2', 'example_subdag_operator' retrieved from /home/airflow/.local/lib/python3.12/site-packages/airflow/example_dags/example_subdag_operator.py
[2024-07-13T01:31:43.996+0000] {logging_mixin.py:188} INFO - [2024-07-13T01:31:43.995+0000] {dag.py:3096} INFO - Sync 3 DAGs
[2024-07-13T01:31:44.025+0000] {logging_mixin.py:188} INFO - [2024-07-13T01:31:44.025+0000] {dag.py:3954} INFO - Setting next_dagrun for example_subdag_operator to 2022-01-01 00:00:00+00:00, run_after=2022-01-01 00:00:00+00:00
[2024-07-13T01:31:44.030+0000] {logging_mixin.py:188} INFO - [2024-07-13T01:31:44.030+0000] {dag.py:3954} INFO - Setting next_dagrun for example_subdag_operator.section-1 to None, run_after=None
[2024-07-13T01:31:44.032+0000] {logging_mixin.py:188} INFO - [2024-07-13T01:31:44.031+0000] {dag.py:3954} INFO - Setting next_dagrun for example_subdag_operator.section-2 to None, run_after=None
[2024-07-13T01:31:44.040+0000] {logging_mixin.py:188} INFO - [2024-07-13T01:31:44.040+0000] {dag.py:3096} INFO - Sync 2 DAGs
[2024-07-13T01:31:44.047+0000] {logging_mixin.py:188} INFO - [2024-07-13T01:31:44.046+0000] {dag.py:3954} INFO - Setting next_dagrun for example_subdag_operator.section-1 to None, run_after=None
[2024-07-13T01:31:44.047+0000] {logging_mixin.py:188} INFO - [2024-07-13T01:31:44.047+0000] {dag.py:3954} INFO - Setting next_dagrun for example_subdag_operator.section-2 to None, run_after=None
[2024-07-13T01:31:44.061+0000] {processor.py:183} INFO - Processing /home/airflow/.local/lib/python3.12/site-packages/airflow/example_dags/example_subdag_operator.py took 0.123 seconds
[2024-07-13T01:32:14.316+0000] {processor.py:161} INFO - Started process (PID=514) to work on /home/airflow/.local/lib/python3.12/site-packages/airflow/example_dags/example_subdag_operator.py
[2024-07-13T01:32:14.320+0000] {processor.py:830} INFO - Processing file /home/airflow/.local/lib/python3.12/site-packages/airflow/example_dags/example_subdag_operator.py for tasks to queue
[2024-07-13T01:32:14.322+0000] {logging_mixin.py:188} INFO - [2024-07-13T01:32:14.322+0000] {dagbag.py:545} INFO - Filling up the DagBag from /home/airflow/.local/lib/python3.12/site-packages/airflow/example_dags/example_subdag_operator.py
[2024-07-13T01:32:14.355+0000] {processor.py:840} INFO - DAG(s) 'example_subdag_operator.section-1', 'example_subdag_operator.section-2', 'example_subdag_operator' retrieved from /home/airflow/.local/lib/python3.12/site-packages/airflow/example_dags/example_subdag_operator.py
[2024-07-13T01:32:14.377+0000] {logging_mixin.py:188} INFO - [2024-07-13T01:32:14.377+0000] {dag.py:3096} INFO - Sync 3 DAGs
[2024-07-13T01:32:14.406+0000] {logging_mixin.py:188} INFO - [2024-07-13T01:32:14.406+0000] {dag.py:3954} INFO - Setting next_dagrun for example_subdag_operator to 2022-01-01 00:00:00+00:00, run_after=2022-01-01 00:00:00+00:00
[2024-07-13T01:32:14.411+0000] {logging_mixin.py:188} INFO - [2024-07-13T01:32:14.411+0000] {dag.py:3954} INFO - Setting next_dagrun for example_subdag_operator.section-1 to None, run_after=None
[2024-07-13T01:32:14.413+0000] {logging_mixin.py:188} INFO - [2024-07-13T01:32:14.413+0000] {dag.py:3954} INFO - Setting next_dagrun for example_subdag_operator.section-2 to None, run_after=None
[2024-07-13T01:32:14.422+0000] {logging_mixin.py:188} INFO - [2024-07-13T01:32:14.421+0000] {dag.py:3096} INFO - Sync 2 DAGs
[2024-07-13T01:32:14.428+0000] {logging_mixin.py:188} INFO - [2024-07-13T01:32:14.428+0000] {dag.py:3954} INFO - Setting next_dagrun for example_subdag_operator.section-1 to None, run_after=None
[2024-07-13T01:32:14.429+0000] {logging_mixin.py:188} INFO - [2024-07-13T01:32:14.429+0000] {dag.py:3954} INFO - Setting next_dagrun for example_subdag_operator.section-2 to None, run_after=None
[2024-07-13T01:32:14.442+0000] {processor.py:183} INFO - Processing /home/airflow/.local/lib/python3.12/site-packages/airflow/example_dags/example_subdag_operator.py took 0.136 seconds
[2024-07-13T01:32:44.592+0000] {processor.py:161} INFO - Started process (PID=573) to work on /home/airflow/.local/lib/python3.12/site-packages/airflow/example_dags/example_subdag_operator.py
[2024-07-13T01:32:44.594+0000] {processor.py:830} INFO - Processing file /home/airflow/.local/lib/python3.12/site-packages/airflow/example_dags/example_subdag_operator.py for tasks to queue
[2024-07-13T01:32:44.596+0000] {logging_mixin.py:188} INFO - [2024-07-13T01:32:44.596+0000] {dagbag.py:545} INFO - Filling up the DagBag from /home/airflow/.local/lib/python3.12/site-packages/airflow/example_dags/example_subdag_operator.py
[2024-07-13T01:32:44.627+0000] {processor.py:840} INFO - DAG(s) 'example_subdag_operator.section-1', 'example_subdag_operator.section-2', 'example_subdag_operator' retrieved from /home/airflow/.local/lib/python3.12/site-packages/airflow/example_dags/example_subdag_operator.py
[2024-07-13T01:32:44.648+0000] {logging_mixin.py:188} INFO - [2024-07-13T01:32:44.648+0000] {dag.py:3096} INFO - Sync 3 DAGs
[2024-07-13T01:32:44.676+0000] {logging_mixin.py:188} INFO - [2024-07-13T01:32:44.676+0000] {dag.py:3954} INFO - Setting next_dagrun for example_subdag_operator to 2022-01-01 00:00:00+00:00, run_after=2022-01-01 00:00:00+00:00
[2024-07-13T01:32:44.682+0000] {logging_mixin.py:188} INFO - [2024-07-13T01:32:44.682+0000] {dag.py:3954} INFO - Setting next_dagrun for example_subdag_operator.section-1 to None, run_after=None
[2024-07-13T01:32:44.684+0000] {logging_mixin.py:188} INFO - [2024-07-13T01:32:44.684+0000] {dag.py:3954} INFO - Setting next_dagrun for example_subdag_operator.section-2 to None, run_after=None
[2024-07-13T01:32:44.693+0000] {logging_mixin.py:188} INFO - [2024-07-13T01:32:44.693+0000] {dag.py:3096} INFO - Sync 2 DAGs
[2024-07-13T01:32:44.699+0000] {logging_mixin.py:188} INFO - [2024-07-13T01:32:44.699+0000] {dag.py:3954} INFO - Setting next_dagrun for example_subdag_operator.section-1 to None, run_after=None
[2024-07-13T01:32:44.700+0000] {logging_mixin.py:188} INFO - [2024-07-13T01:32:44.700+0000] {dag.py:3954} INFO - Setting next_dagrun for example_subdag_operator.section-2 to None, run_after=None
[2024-07-13T01:32:44.716+0000] {processor.py:183} INFO - Processing /home/airflow/.local/lib/python3.12/site-packages/airflow/example_dags/example_subdag_operator.py took 0.131 seconds
[2024-07-13T01:33:14.934+0000] {processor.py:161} INFO - Started process (PID=631) to work on /home/airflow/.local/lib/python3.12/site-packages/airflow/example_dags/example_subdag_operator.py
[2024-07-13T01:33:14.935+0000] {processor.py:830} INFO - Processing file /home/airflow/.local/lib/python3.12/site-packages/airflow/example_dags/example_subdag_operator.py for tasks to queue
[2024-07-13T01:33:14.937+0000] {logging_mixin.py:188} INFO - [2024-07-13T01:33:14.937+0000] {dagbag.py:545} INFO - Filling up the DagBag from /home/airflow/.local/lib/python3.12/site-packages/airflow/example_dags/example_subdag_operator.py
[2024-07-13T01:33:14.965+0000] {processor.py:840} INFO - DAG(s) 'example_subdag_operator.section-1', 'example_subdag_operator.section-2', 'example_subdag_operator' retrieved from /home/airflow/.local/lib/python3.12/site-packages/airflow/example_dags/example_subdag_operator.py
[2024-07-13T01:33:14.983+0000] {logging_mixin.py:188} INFO - [2024-07-13T01:33:14.983+0000] {dag.py:3096} INFO - Sync 3 DAGs
[2024-07-13T01:33:15.032+0000] {logging_mixin.py:188} INFO - [2024-07-13T01:33:15.032+0000] {dag.py:3954} INFO - Setting next_dagrun for example_subdag_operator to 2022-01-01 00:00:00+00:00, run_after=2022-01-01 00:00:00+00:00
[2024-07-13T01:33:15.047+0000] {logging_mixin.py:188} INFO - [2024-07-13T01:33:15.047+0000] {dag.py:3954} INFO - Setting next_dagrun for example_subdag_operator.section-1 to None, run_after=None
[2024-07-13T01:33:15.049+0000] {logging_mixin.py:188} INFO - [2024-07-13T01:33:15.049+0000] {dag.py:3954} INFO - Setting next_dagrun for example_subdag_operator.section-2 to None, run_after=None
[2024-07-13T01:33:15.073+0000] {logging_mixin.py:188} INFO - [2024-07-13T01:33:15.073+0000] {dag.py:3096} INFO - Sync 2 DAGs
[2024-07-13T01:33:15.093+0000] {logging_mixin.py:188} INFO - [2024-07-13T01:33:15.093+0000] {dag.py:3954} INFO - Setting next_dagrun for example_subdag_operator.section-1 to None, run_after=None
[2024-07-13T01:33:15.094+0000] {logging_mixin.py:188} INFO - [2024-07-13T01:33:15.093+0000] {dag.py:3954} INFO - Setting next_dagrun for example_subdag_operator.section-2 to None, run_after=None
[2024-07-13T01:33:15.108+0000] {processor.py:183} INFO - Processing /home/airflow/.local/lib/python3.12/site-packages/airflow/example_dags/example_subdag_operator.py took 0.181 seconds
[2024-07-13T01:33:45.185+0000] {processor.py:161} INFO - Started process (PID=696) to work on /home/airflow/.local/lib/python3.12/site-packages/airflow/example_dags/example_subdag_operator.py
[2024-07-13T01:33:45.186+0000] {processor.py:830} INFO - Processing file /home/airflow/.local/lib/python3.12/site-packages/airflow/example_dags/example_subdag_operator.py for tasks to queue
[2024-07-13T01:33:45.188+0000] {logging_mixin.py:188} INFO - [2024-07-13T01:33:45.187+0000] {dagbag.py:545} INFO - Filling up the DagBag from /home/airflow/.local/lib/python3.12/site-packages/airflow/example_dags/example_subdag_operator.py
[2024-07-13T01:33:45.213+0000] {processor.py:840} INFO - DAG(s) 'example_subdag_operator.section-1', 'example_subdag_operator.section-2', 'example_subdag_operator' retrieved from /home/airflow/.local/lib/python3.12/site-packages/airflow/example_dags/example_subdag_operator.py
[2024-07-13T01:33:45.232+0000] {logging_mixin.py:188} INFO - [2024-07-13T01:33:45.232+0000] {dag.py:3096} INFO - Sync 3 DAGs
[2024-07-13T01:33:45.257+0000] {logging_mixin.py:188} INFO - [2024-07-13T01:33:45.257+0000] {dag.py:3954} INFO - Setting next_dagrun for example_subdag_operator to 2022-01-01 00:00:00+00:00, run_after=2022-01-01 00:00:00+00:00
[2024-07-13T01:33:45.264+0000] {logging_mixin.py:188} INFO - [2024-07-13T01:33:45.263+0000] {dag.py:3954} INFO - Setting next_dagrun for example_subdag_operator.section-1 to None, run_after=None
[2024-07-13T01:33:45.265+0000] {logging_mixin.py:188} INFO - [2024-07-13T01:33:45.265+0000] {dag.py:3954} INFO - Setting next_dagrun for example_subdag_operator.section-2 to None, run_after=None
[2024-07-13T01:33:45.279+0000] {logging_mixin.py:188} INFO - [2024-07-13T01:33:45.279+0000] {dag.py:3096} INFO - Sync 2 DAGs
[2024-07-13T01:33:45.291+0000] {logging_mixin.py:188} INFO - [2024-07-13T01:33:45.291+0000] {dag.py:3954} INFO - Setting next_dagrun for example_subdag_operator.section-1 to None, run_after=None
[2024-07-13T01:33:45.292+0000] {logging_mixin.py:188} INFO - [2024-07-13T01:33:45.292+0000] {dag.py:3954} INFO - Setting next_dagrun for example_subdag_operator.section-2 to None, run_after=None
[2024-07-13T01:33:45.319+0000] {processor.py:183} INFO - Processing /home/airflow/.local/lib/python3.12/site-packages/airflow/example_dags/example_subdag_operator.py took 0.142 seconds
[2024-07-13T01:34:15.620+0000] {processor.py:161} INFO - Started process (PID=754) to work on /home/airflow/.local/lib/python3.12/site-packages/airflow/example_dags/example_subdag_operator.py
[2024-07-13T01:34:15.622+0000] {processor.py:830} INFO - Processing file /home/airflow/.local/lib/python3.12/site-packages/airflow/example_dags/example_subdag_operator.py for tasks to queue
[2024-07-13T01:34:15.624+0000] {logging_mixin.py:188} INFO - [2024-07-13T01:34:15.623+0000] {dagbag.py:545} INFO - Filling up the DagBag from /home/airflow/.local/lib/python3.12/site-packages/airflow/example_dags/example_subdag_operator.py
[2024-07-13T01:34:15.653+0000] {processor.py:840} INFO - DAG(s) 'example_subdag_operator.section-1', 'example_subdag_operator.section-2', 'example_subdag_operator' retrieved from /home/airflow/.local/lib/python3.12/site-packages/airflow/example_dags/example_subdag_operator.py
[2024-07-13T01:34:15.676+0000] {logging_mixin.py:188} INFO - [2024-07-13T01:34:15.676+0000] {dag.py:3096} INFO - Sync 3 DAGs
[2024-07-13T01:34:15.705+0000] {logging_mixin.py:188} INFO - [2024-07-13T01:34:15.704+0000] {dag.py:3954} INFO - Setting next_dagrun for example_subdag_operator to 2022-01-01 00:00:00+00:00, run_after=2022-01-01 00:00:00+00:00
[2024-07-13T01:34:15.710+0000] {logging_mixin.py:188} INFO - [2024-07-13T01:34:15.710+0000] {dag.py:3954} INFO - Setting next_dagrun for example_subdag_operator.section-1 to None, run_after=None
[2024-07-13T01:34:15.716+0000] {logging_mixin.py:188} INFO - [2024-07-13T01:34:15.715+0000] {dag.py:3954} INFO - Setting next_dagrun for example_subdag_operator.section-2 to None, run_after=None
[2024-07-13T01:34:15.729+0000] {logging_mixin.py:188} INFO - [2024-07-13T01:34:15.728+0000] {dag.py:3096} INFO - Sync 2 DAGs
[2024-07-13T01:34:15.741+0000] {logging_mixin.py:188} INFO - [2024-07-13T01:34:15.740+0000] {dag.py:3954} INFO - Setting next_dagrun for example_subdag_operator.section-1 to None, run_after=None
[2024-07-13T01:34:15.741+0000] {logging_mixin.py:188} INFO - [2024-07-13T01:34:15.741+0000] {dag.py:3954} INFO - Setting next_dagrun for example_subdag_operator.section-2 to None, run_after=None
[2024-07-13T01:34:15.758+0000] {processor.py:183} INFO - Processing /home/airflow/.local/lib/python3.12/site-packages/airflow/example_dags/example_subdag_operator.py took 0.148 seconds
[2024-07-13T01:34:45.807+0000] {processor.py:161} INFO - Started process (PID=812) to work on /home/airflow/.local/lib/python3.12/site-packages/airflow/example_dags/example_subdag_operator.py
[2024-07-13T01:34:45.808+0000] {processor.py:830} INFO - Processing file /home/airflow/.local/lib/python3.12/site-packages/airflow/example_dags/example_subdag_operator.py for tasks to queue
[2024-07-13T01:34:45.810+0000] {logging_mixin.py:188} INFO - [2024-07-13T01:34:45.810+0000] {dagbag.py:545} INFO - Filling up the DagBag from /home/airflow/.local/lib/python3.12/site-packages/airflow/example_dags/example_subdag_operator.py
[2024-07-13T01:34:45.840+0000] {processor.py:840} INFO - DAG(s) 'example_subdag_operator.section-1', 'example_subdag_operator.section-2', 'example_subdag_operator' retrieved from /home/airflow/.local/lib/python3.12/site-packages/airflow/example_dags/example_subdag_operator.py
[2024-07-13T01:34:45.861+0000] {logging_mixin.py:188} INFO - [2024-07-13T01:34:45.861+0000] {dag.py:3096} INFO - Sync 3 DAGs
[2024-07-13T01:34:45.894+0000] {logging_mixin.py:188} INFO - [2024-07-13T01:34:45.894+0000] {dag.py:3954} INFO - Setting next_dagrun for example_subdag_operator to 2022-01-01 00:00:00+00:00, run_after=2022-01-01 00:00:00+00:00
[2024-07-13T01:34:45.903+0000] {logging_mixin.py:188} INFO - [2024-07-13T01:34:45.902+0000] {dag.py:3954} INFO - Setting next_dagrun for example_subdag_operator.section-1 to None, run_after=None
[2024-07-13T01:34:45.906+0000] {logging_mixin.py:188} INFO - [2024-07-13T01:34:45.906+0000] {dag.py:3954} INFO - Setting next_dagrun for example_subdag_operator.section-2 to None, run_after=None
[2024-07-13T01:34:45.920+0000] {logging_mixin.py:188} INFO - [2024-07-13T01:34:45.919+0000] {dag.py:3096} INFO - Sync 2 DAGs
[2024-07-13T01:34:45.930+0000] {logging_mixin.py:188} INFO - [2024-07-13T01:34:45.929+0000] {dag.py:3954} INFO - Setting next_dagrun for example_subdag_operator.section-1 to None, run_after=None
[2024-07-13T01:34:45.930+0000] {logging_mixin.py:188} INFO - [2024-07-13T01:34:45.930+0000] {dag.py:3954} INFO - Setting next_dagrun for example_subdag_operator.section-2 to None, run_after=None
[2024-07-13T01:34:45.949+0000] {processor.py:183} INFO - Processing /home/airflow/.local/lib/python3.12/site-packages/airflow/example_dags/example_subdag_operator.py took 0.150 seconds
[2024-07-13T01:35:16.374+0000] {processor.py:161} INFO - Started process (PID=870) to work on /home/airflow/.local/lib/python3.12/site-packages/airflow/example_dags/example_subdag_operator.py
[2024-07-13T01:35:16.375+0000] {processor.py:830} INFO - Processing file /home/airflow/.local/lib/python3.12/site-packages/airflow/example_dags/example_subdag_operator.py for tasks to queue
[2024-07-13T01:35:16.378+0000] {logging_mixin.py:188} INFO - [2024-07-13T01:35:16.377+0000] {dagbag.py:545} INFO - Filling up the DagBag from /home/airflow/.local/lib/python3.12/site-packages/airflow/example_dags/example_subdag_operator.py
[2024-07-13T01:35:16.412+0000] {processor.py:840} INFO - DAG(s) 'example_subdag_operator.section-1', 'example_subdag_operator.section-2', 'example_subdag_operator' retrieved from /home/airflow/.local/lib/python3.12/site-packages/airflow/example_dags/example_subdag_operator.py
[2024-07-13T01:35:16.432+0000] {logging_mixin.py:188} INFO - [2024-07-13T01:35:16.432+0000] {dag.py:3096} INFO - Sync 3 DAGs
[2024-07-13T01:35:16.460+0000] {logging_mixin.py:188} INFO - [2024-07-13T01:35:16.460+0000] {dag.py:3954} INFO - Setting next_dagrun for example_subdag_operator to 2022-01-01 00:00:00+00:00, run_after=2022-01-01 00:00:00+00:00
[2024-07-13T01:35:16.465+0000] {logging_mixin.py:188} INFO - [2024-07-13T01:35:16.465+0000] {dag.py:3954} INFO - Setting next_dagrun for example_subdag_operator.section-1 to None, run_after=None
[2024-07-13T01:35:16.467+0000] {logging_mixin.py:188} INFO - [2024-07-13T01:35:16.467+0000] {dag.py:3954} INFO - Setting next_dagrun for example_subdag_operator.section-2 to None, run_after=None
[2024-07-13T01:35:16.475+0000] {logging_mixin.py:188} INFO - [2024-07-13T01:35:16.475+0000] {dag.py:3096} INFO - Sync 2 DAGs
[2024-07-13T01:35:16.482+0000] {logging_mixin.py:188} INFO - [2024-07-13T01:35:16.482+0000] {dag.py:3954} INFO - Setting next_dagrun for example_subdag_operator.section-1 to None, run_after=None
[2024-07-13T01:35:16.483+0000] {logging_mixin.py:188} INFO - [2024-07-13T01:35:16.483+0000] {dag.py:3954} INFO - Setting next_dagrun for example_subdag_operator.section-2 to None, run_after=None
[2024-07-13T01:35:16.500+0000] {processor.py:183} INFO - Processing /home/airflow/.local/lib/python3.12/site-packages/airflow/example_dags/example_subdag_operator.py took 0.134 seconds
[2024-07-13T01:35:46.832+0000] {processor.py:161} INFO - Started process (PID=927) to work on /home/airflow/.local/lib/python3.12/site-packages/airflow/example_dags/example_subdag_operator.py
[2024-07-13T01:35:46.833+0000] {processor.py:830} INFO - Processing file /home/airflow/.local/lib/python3.12/site-packages/airflow/example_dags/example_subdag_operator.py for tasks to queue
[2024-07-13T01:35:46.835+0000] {logging_mixin.py:188} INFO - [2024-07-13T01:35:46.835+0000] {dagbag.py:545} INFO - Filling up the DagBag from /home/airflow/.local/lib/python3.12/site-packages/airflow/example_dags/example_subdag_operator.py
[2024-07-13T01:35:46.864+0000] {processor.py:840} INFO - DAG(s) 'example_subdag_operator.section-1', 'example_subdag_operator.section-2', 'example_subdag_operator' retrieved from /home/airflow/.local/lib/python3.12/site-packages/airflow/example_dags/example_subdag_operator.py
[2024-07-13T01:35:46.884+0000] {logging_mixin.py:188} INFO - [2024-07-13T01:35:46.884+0000] {dag.py:3096} INFO - Sync 3 DAGs
[2024-07-13T01:35:46.915+0000] {logging_mixin.py:188} INFO - [2024-07-13T01:35:46.915+0000] {dag.py:3954} INFO - Setting next_dagrun for example_subdag_operator to 2022-01-01 00:00:00+00:00, run_after=2022-01-01 00:00:00+00:00
[2024-07-13T01:35:46.921+0000] {logging_mixin.py:188} INFO - [2024-07-13T01:35:46.920+0000] {dag.py:3954} INFO - Setting next_dagrun for example_subdag_operator.section-1 to None, run_after=None
[2024-07-13T01:35:46.925+0000] {logging_mixin.py:188} INFO - [2024-07-13T01:35:46.925+0000] {dag.py:3954} INFO - Setting next_dagrun for example_subdag_operator.section-2 to None, run_after=None
[2024-07-13T01:35:46.934+0000] {logging_mixin.py:188} INFO - [2024-07-13T01:35:46.933+0000] {dag.py:3096} INFO - Sync 2 DAGs
[2024-07-13T01:35:46.940+0000] {logging_mixin.py:188} INFO - [2024-07-13T01:35:46.940+0000] {dag.py:3954} INFO - Setting next_dagrun for example_subdag_operator.section-1 to None, run_after=None
[2024-07-13T01:35:46.940+0000] {logging_mixin.py:188} INFO - [2024-07-13T01:35:46.940+0000] {dag.py:3954} INFO - Setting next_dagrun for example_subdag_operator.section-2 to None, run_after=None
[2024-07-13T01:35:46.955+0000] {processor.py:183} INFO - Processing /home/airflow/.local/lib/python3.12/site-packages/airflow/example_dags/example_subdag_operator.py took 0.131 seconds
[2024-07-13T01:36:17.219+0000] {processor.py:161} INFO - Started process (PID=985) to work on /home/airflow/.local/lib/python3.12/site-packages/airflow/example_dags/example_subdag_operator.py
[2024-07-13T01:36:17.222+0000] {processor.py:830} INFO - Processing file /home/airflow/.local/lib/python3.12/site-packages/airflow/example_dags/example_subdag_operator.py for tasks to queue
[2024-07-13T01:36:17.224+0000] {logging_mixin.py:188} INFO - [2024-07-13T01:36:17.224+0000] {dagbag.py:545} INFO - Filling up the DagBag from /home/airflow/.local/lib/python3.12/site-packages/airflow/example_dags/example_subdag_operator.py
[2024-07-13T01:36:17.256+0000] {processor.py:840} INFO - DAG(s) 'example_subdag_operator.section-1', 'example_subdag_operator.section-2', 'example_subdag_operator' retrieved from /home/airflow/.local/lib/python3.12/site-packages/airflow/example_dags/example_subdag_operator.py
[2024-07-13T01:36:17.279+0000] {logging_mixin.py:188} INFO - [2024-07-13T01:36:17.279+0000] {dag.py:3096} INFO - Sync 3 DAGs
[2024-07-13T01:36:17.310+0000] {logging_mixin.py:188} INFO - [2024-07-13T01:36:17.309+0000] {dag.py:3954} INFO - Setting next_dagrun for example_subdag_operator to 2022-01-01 00:00:00+00:00, run_after=2022-01-01 00:00:00+00:00
[2024-07-13T01:36:17.315+0000] {logging_mixin.py:188} INFO - [2024-07-13T01:36:17.315+0000] {dag.py:3954} INFO - Setting next_dagrun for example_subdag_operator.section-1 to None, run_after=None
[2024-07-13T01:36:17.317+0000] {logging_mixin.py:188} INFO - [2024-07-13T01:36:17.317+0000] {dag.py:3954} INFO - Setting next_dagrun for example_subdag_operator.section-2 to None, run_after=None
[2024-07-13T01:36:17.330+0000] {logging_mixin.py:188} INFO - [2024-07-13T01:36:17.329+0000] {dag.py:3096} INFO - Sync 2 DAGs
[2024-07-13T01:36:17.341+0000] {logging_mixin.py:188} INFO - [2024-07-13T01:36:17.341+0000] {dag.py:3954} INFO - Setting next_dagrun for example_subdag_operator.section-1 to None, run_after=None
[2024-07-13T01:36:17.344+0000] {logging_mixin.py:188} INFO - [2024-07-13T01:36:17.342+0000] {dag.py:3954} INFO - Setting next_dagrun for example_subdag_operator.section-2 to None, run_after=None
[2024-07-13T01:36:17.368+0000] {processor.py:183} INFO - Processing /home/airflow/.local/lib/python3.12/site-packages/airflow/example_dags/example_subdag_operator.py took 0.157 seconds
[2024-07-13T01:36:47.424+0000] {processor.py:161} INFO - Started process (PID=1043) to work on /home/airflow/.local/lib/python3.12/site-packages/airflow/example_dags/example_subdag_operator.py
[2024-07-13T01:36:47.425+0000] {processor.py:830} INFO - Processing file /home/airflow/.local/lib/python3.12/site-packages/airflow/example_dags/example_subdag_operator.py for tasks to queue
[2024-07-13T01:36:47.427+0000] {logging_mixin.py:188} INFO - [2024-07-13T01:36:47.427+0000] {dagbag.py:545} INFO - Filling up the DagBag from /home/airflow/.local/lib/python3.12/site-packages/airflow/example_dags/example_subdag_operator.py
[2024-07-13T01:36:47.454+0000] {processor.py:840} INFO - DAG(s) 'example_subdag_operator.section-1', 'example_subdag_operator.section-2', 'example_subdag_operator' retrieved from /home/airflow/.local/lib/python3.12/site-packages/airflow/example_dags/example_subdag_operator.py
[2024-07-13T01:36:47.472+0000] {logging_mixin.py:188} INFO - [2024-07-13T01:36:47.472+0000] {dag.py:3096} INFO - Sync 3 DAGs
[2024-07-13T01:36:47.507+0000] {logging_mixin.py:188} INFO - [2024-07-13T01:36:47.506+0000] {dag.py:3954} INFO - Setting next_dagrun for example_subdag_operator to 2022-01-01 00:00:00+00:00, run_after=2022-01-01 00:00:00+00:00
[2024-07-13T01:36:47.511+0000] {logging_mixin.py:188} INFO - [2024-07-13T01:36:47.511+0000] {dag.py:3954} INFO - Setting next_dagrun for example_subdag_operator.section-1 to None, run_after=None
[2024-07-13T01:36:47.513+0000] {logging_mixin.py:188} INFO - [2024-07-13T01:36:47.513+0000] {dag.py:3954} INFO - Setting next_dagrun for example_subdag_operator.section-2 to None, run_after=None
[2024-07-13T01:36:47.522+0000] {logging_mixin.py:188} INFO - [2024-07-13T01:36:47.521+0000] {dag.py:3096} INFO - Sync 2 DAGs
[2024-07-13T01:36:47.530+0000] {logging_mixin.py:188} INFO - [2024-07-13T01:36:47.529+0000] {dag.py:3954} INFO - Setting next_dagrun for example_subdag_operator.section-1 to None, run_after=None
[2024-07-13T01:36:47.530+0000] {logging_mixin.py:188} INFO - [2024-07-13T01:36:47.530+0000] {dag.py:3954} INFO - Setting next_dagrun for example_subdag_operator.section-2 to None, run_after=None
[2024-07-13T01:36:47.546+0000] {processor.py:183} INFO - Processing /home/airflow/.local/lib/python3.12/site-packages/airflow/example_dags/example_subdag_operator.py took 0.129 seconds
[2024-07-13T01:37:17.823+0000] {processor.py:161} INFO - Started process (PID=1102) to work on /home/airflow/.local/lib/python3.12/site-packages/airflow/example_dags/example_subdag_operator.py
[2024-07-13T01:37:17.825+0000] {processor.py:830} INFO - Processing file /home/airflow/.local/lib/python3.12/site-packages/airflow/example_dags/example_subdag_operator.py for tasks to queue
[2024-07-13T01:37:17.827+0000] {logging_mixin.py:188} INFO - [2024-07-13T01:37:17.827+0000] {dagbag.py:545} INFO - Filling up the DagBag from /home/airflow/.local/lib/python3.12/site-packages/airflow/example_dags/example_subdag_operator.py
[2024-07-13T01:37:17.870+0000] {processor.py:840} INFO - DAG(s) 'example_subdag_operator.section-1', 'example_subdag_operator.section-2', 'example_subdag_operator' retrieved from /home/airflow/.local/lib/python3.12/site-packages/airflow/example_dags/example_subdag_operator.py
[2024-07-13T01:37:17.893+0000] {logging_mixin.py:188} INFO - [2024-07-13T01:37:17.893+0000] {dag.py:3096} INFO - Sync 3 DAGs
[2024-07-13T01:37:17.930+0000] {logging_mixin.py:188} INFO - [2024-07-13T01:37:17.930+0000] {dag.py:3954} INFO - Setting next_dagrun for example_subdag_operator to 2022-01-01 00:00:00+00:00, run_after=2022-01-01 00:00:00+00:00
[2024-07-13T01:37:17.936+0000] {logging_mixin.py:188} INFO - [2024-07-13T01:37:17.936+0000] {dag.py:3954} INFO - Setting next_dagrun for example_subdag_operator.section-1 to None, run_after=None
[2024-07-13T01:37:17.938+0000] {logging_mixin.py:188} INFO - [2024-07-13T01:37:17.938+0000] {dag.py:3954} INFO - Setting next_dagrun for example_subdag_operator.section-2 to None, run_after=None
[2024-07-13T01:37:17.950+0000] {logging_mixin.py:188} INFO - [2024-07-13T01:37:17.950+0000] {dag.py:3096} INFO - Sync 2 DAGs
[2024-07-13T01:37:17.961+0000] {logging_mixin.py:188} INFO - [2024-07-13T01:37:17.960+0000] {dag.py:3954} INFO - Setting next_dagrun for example_subdag_operator.section-1 to None, run_after=None
[2024-07-13T01:37:17.961+0000] {logging_mixin.py:188} INFO - [2024-07-13T01:37:17.961+0000] {dag.py:3954} INFO - Setting next_dagrun for example_subdag_operator.section-2 to None, run_after=None
[2024-07-13T01:37:17.979+0000] {processor.py:183} INFO - Processing /home/airflow/.local/lib/python3.12/site-packages/airflow/example_dags/example_subdag_operator.py took 0.164 seconds
[2024-07-13T01:37:48.245+0000] {processor.py:161} INFO - Started process (PID=1160) to work on /home/airflow/.local/lib/python3.12/site-packages/airflow/example_dags/example_subdag_operator.py
[2024-07-13T01:37:48.248+0000] {processor.py:830} INFO - Processing file /home/airflow/.local/lib/python3.12/site-packages/airflow/example_dags/example_subdag_operator.py for tasks to queue
[2024-07-13T01:37:48.250+0000] {logging_mixin.py:188} INFO - [2024-07-13T01:37:48.250+0000] {dagbag.py:545} INFO - Filling up the DagBag from /home/airflow/.local/lib/python3.12/site-packages/airflow/example_dags/example_subdag_operator.py
[2024-07-13T01:37:48.281+0000] {processor.py:840} INFO - DAG(s) 'example_subdag_operator.section-1', 'example_subdag_operator.section-2', 'example_subdag_operator' retrieved from /home/airflow/.local/lib/python3.12/site-packages/airflow/example_dags/example_subdag_operator.py
[2024-07-13T01:37:48.302+0000] {logging_mixin.py:188} INFO - [2024-07-13T01:37:48.302+0000] {dag.py:3096} INFO - Sync 3 DAGs
[2024-07-13T01:37:48.329+0000] {logging_mixin.py:188} INFO - [2024-07-13T01:37:48.329+0000] {dag.py:3954} INFO - Setting next_dagrun for example_subdag_operator to 2022-01-01 00:00:00+00:00, run_after=2022-01-01 00:00:00+00:00
[2024-07-13T01:37:48.335+0000] {logging_mixin.py:188} INFO - [2024-07-13T01:37:48.335+0000] {dag.py:3954} INFO - Setting next_dagrun for example_subdag_operator.section-1 to None, run_after=None
[2024-07-13T01:37:48.338+0000] {logging_mixin.py:188} INFO - [2024-07-13T01:37:48.337+0000] {dag.py:3954} INFO - Setting next_dagrun for example_subdag_operator.section-2 to None, run_after=None
[2024-07-13T01:37:48.348+0000] {logging_mixin.py:188} INFO - [2024-07-13T01:37:48.348+0000] {dag.py:3096} INFO - Sync 2 DAGs
[2024-07-13T01:37:48.357+0000] {logging_mixin.py:188} INFO - [2024-07-13T01:37:48.356+0000] {dag.py:3954} INFO - Setting next_dagrun for example_subdag_operator.section-1 to None, run_after=None
[2024-07-13T01:37:48.357+0000] {logging_mixin.py:188} INFO - [2024-07-13T01:37:48.357+0000] {dag.py:3954} INFO - Setting next_dagrun for example_subdag_operator.section-2 to None, run_after=None
[2024-07-13T01:37:48.373+0000] {processor.py:183} INFO - Processing /home/airflow/.local/lib/python3.12/site-packages/airflow/example_dags/example_subdag_operator.py took 0.135 seconds
[2024-07-13T01:38:18.530+0000] {processor.py:161} INFO - Started process (PID=1218) to work on /home/airflow/.local/lib/python3.12/site-packages/airflow/example_dags/example_subdag_operator.py
[2024-07-13T01:38:18.533+0000] {processor.py:830} INFO - Processing file /home/airflow/.local/lib/python3.12/site-packages/airflow/example_dags/example_subdag_operator.py for tasks to queue
[2024-07-13T01:38:18.535+0000] {logging_mixin.py:188} INFO - [2024-07-13T01:38:18.534+0000] {dagbag.py:545} INFO - Filling up the DagBag from /home/airflow/.local/lib/python3.12/site-packages/airflow/example_dags/example_subdag_operator.py
[2024-07-13T01:38:18.565+0000] {processor.py:840} INFO - DAG(s) 'example_subdag_operator.section-1', 'example_subdag_operator.section-2', 'example_subdag_operator' retrieved from /home/airflow/.local/lib/python3.12/site-packages/airflow/example_dags/example_subdag_operator.py
[2024-07-13T01:38:18.584+0000] {logging_mixin.py:188} INFO - [2024-07-13T01:38:18.584+0000] {dag.py:3096} INFO - Sync 3 DAGs
[2024-07-13T01:38:18.618+0000] {logging_mixin.py:188} INFO - [2024-07-13T01:38:18.618+0000] {dag.py:3954} INFO - Setting next_dagrun for example_subdag_operator to 2022-01-01 00:00:00+00:00, run_after=2022-01-01 00:00:00+00:00
[2024-07-13T01:38:18.623+0000] {logging_mixin.py:188} INFO - [2024-07-13T01:38:18.623+0000] {dag.py:3954} INFO - Setting next_dagrun for example_subdag_operator.section-1 to None, run_after=None
[2024-07-13T01:38:18.625+0000] {logging_mixin.py:188} INFO - [2024-07-13T01:38:18.625+0000] {dag.py:3954} INFO - Setting next_dagrun for example_subdag_operator.section-2 to None, run_after=None
[2024-07-13T01:38:18.636+0000] {logging_mixin.py:188} INFO - [2024-07-13T01:38:18.635+0000] {dag.py:3096} INFO - Sync 2 DAGs
[2024-07-13T01:38:18.644+0000] {logging_mixin.py:188} INFO - [2024-07-13T01:38:18.644+0000] {dag.py:3954} INFO - Setting next_dagrun for example_subdag_operator.section-1 to None, run_after=None
[2024-07-13T01:38:18.645+0000] {logging_mixin.py:188} INFO - [2024-07-13T01:38:18.645+0000] {dag.py:3954} INFO - Setting next_dagrun for example_subdag_operator.section-2 to None, run_after=None
[2024-07-13T01:38:18.663+0000] {processor.py:183} INFO - Processing /home/airflow/.local/lib/python3.12/site-packages/airflow/example_dags/example_subdag_operator.py took 0.140 seconds
[2024-07-13T01:38:48.929+0000] {processor.py:161} INFO - Started process (PID=1276) to work on /home/airflow/.local/lib/python3.12/site-packages/airflow/example_dags/example_subdag_operator.py
[2024-07-13T01:38:48.930+0000] {processor.py:830} INFO - Processing file /home/airflow/.local/lib/python3.12/site-packages/airflow/example_dags/example_subdag_operator.py for tasks to queue
[2024-07-13T01:38:48.932+0000] {logging_mixin.py:188} INFO - [2024-07-13T01:38:48.932+0000] {dagbag.py:545} INFO - Filling up the DagBag from /home/airflow/.local/lib/python3.12/site-packages/airflow/example_dags/example_subdag_operator.py
[2024-07-13T01:38:48.962+0000] {processor.py:840} INFO - DAG(s) 'example_subdag_operator.section-1', 'example_subdag_operator.section-2', 'example_subdag_operator' retrieved from /home/airflow/.local/lib/python3.12/site-packages/airflow/example_dags/example_subdag_operator.py
[2024-07-13T01:38:48.981+0000] {logging_mixin.py:188} INFO - [2024-07-13T01:38:48.981+0000] {dag.py:3096} INFO - Sync 3 DAGs
[2024-07-13T01:38:49.007+0000] {logging_mixin.py:188} INFO - [2024-07-13T01:38:49.007+0000] {dag.py:3954} INFO - Setting next_dagrun for example_subdag_operator to 2022-01-01 00:00:00+00:00, run_after=2022-01-01 00:00:00+00:00
[2024-07-13T01:38:49.013+0000] {logging_mixin.py:188} INFO - [2024-07-13T01:38:49.012+0000] {dag.py:3954} INFO - Setting next_dagrun for example_subdag_operator.section-1 to None, run_after=None
[2024-07-13T01:38:49.015+0000] {logging_mixin.py:188} INFO - [2024-07-13T01:38:49.014+0000] {dag.py:3954} INFO - Setting next_dagrun for example_subdag_operator.section-2 to None, run_after=None
[2024-07-13T01:38:49.024+0000] {logging_mixin.py:188} INFO - [2024-07-13T01:38:49.024+0000] {dag.py:3096} INFO - Sync 2 DAGs
[2024-07-13T01:38:49.031+0000] {logging_mixin.py:188} INFO - [2024-07-13T01:38:49.031+0000] {dag.py:3954} INFO - Setting next_dagrun for example_subdag_operator.section-1 to None, run_after=None
[2024-07-13T01:38:49.032+0000] {logging_mixin.py:188} INFO - [2024-07-13T01:38:49.032+0000] {dag.py:3954} INFO - Setting next_dagrun for example_subdag_operator.section-2 to None, run_after=None
[2024-07-13T01:38:49.048+0000] {processor.py:183} INFO - Processing /home/airflow/.local/lib/python3.12/site-packages/airflow/example_dags/example_subdag_operator.py took 0.127 seconds
[2024-07-13T01:39:19.111+0000] {processor.py:161} INFO - Started process (PID=1334) to work on /home/airflow/.local/lib/python3.12/site-packages/airflow/example_dags/example_subdag_operator.py
[2024-07-13T01:39:19.112+0000] {processor.py:830} INFO - Processing file /home/airflow/.local/lib/python3.12/site-packages/airflow/example_dags/example_subdag_operator.py for tasks to queue
[2024-07-13T01:39:19.115+0000] {logging_mixin.py:188} INFO - [2024-07-13T01:39:19.114+0000] {dagbag.py:545} INFO - Filling up the DagBag from /home/airflow/.local/lib/python3.12/site-packages/airflow/example_dags/example_subdag_operator.py
[2024-07-13T01:39:19.150+0000] {processor.py:840} INFO - DAG(s) 'example_subdag_operator.section-1', 'example_subdag_operator.section-2', 'example_subdag_operator' retrieved from /home/airflow/.local/lib/python3.12/site-packages/airflow/example_dags/example_subdag_operator.py
[2024-07-13T01:39:19.170+0000] {logging_mixin.py:188} INFO - [2024-07-13T01:39:19.170+0000] {dag.py:3096} INFO - Sync 3 DAGs
[2024-07-13T01:39:19.197+0000] {logging_mixin.py:188} INFO - [2024-07-13T01:39:19.197+0000] {dag.py:3954} INFO - Setting next_dagrun for example_subdag_operator to 2022-01-01 00:00:00+00:00, run_after=2022-01-01 00:00:00+00:00
[2024-07-13T01:39:19.202+0000] {logging_mixin.py:188} INFO - [2024-07-13T01:39:19.202+0000] {dag.py:3954} INFO - Setting next_dagrun for example_subdag_operator.section-1 to None, run_after=None
[2024-07-13T01:39:19.204+0000] {logging_mixin.py:188} INFO - [2024-07-13T01:39:19.204+0000] {dag.py:3954} INFO - Setting next_dagrun for example_subdag_operator.section-2 to None, run_after=None
[2024-07-13T01:39:19.213+0000] {logging_mixin.py:188} INFO - [2024-07-13T01:39:19.213+0000] {dag.py:3096} INFO - Sync 2 DAGs
[2024-07-13T01:39:19.220+0000] {logging_mixin.py:188} INFO - [2024-07-13T01:39:19.219+0000] {dag.py:3954} INFO - Setting next_dagrun for example_subdag_operator.section-1 to None, run_after=None
[2024-07-13T01:39:19.220+0000] {logging_mixin.py:188} INFO - [2024-07-13T01:39:19.220+0000] {dag.py:3954} INFO - Setting next_dagrun for example_subdag_operator.section-2 to None, run_after=None
[2024-07-13T01:39:19.235+0000] {processor.py:183} INFO - Processing /home/airflow/.local/lib/python3.12/site-packages/airflow/example_dags/example_subdag_operator.py took 0.132 seconds
[2024-07-13T01:39:49.705+0000] {processor.py:161} INFO - Started process (PID=1392) to work on /home/airflow/.local/lib/python3.12/site-packages/airflow/example_dags/example_subdag_operator.py
[2024-07-13T01:39:49.706+0000] {processor.py:830} INFO - Processing file /home/airflow/.local/lib/python3.12/site-packages/airflow/example_dags/example_subdag_operator.py for tasks to queue
[2024-07-13T01:39:49.709+0000] {logging_mixin.py:188} INFO - [2024-07-13T01:39:49.708+0000] {dagbag.py:545} INFO - Filling up the DagBag from /home/airflow/.local/lib/python3.12/site-packages/airflow/example_dags/example_subdag_operator.py
[2024-07-13T01:39:49.739+0000] {processor.py:840} INFO - DAG(s) 'example_subdag_operator.section-1', 'example_subdag_operator.section-2', 'example_subdag_operator' retrieved from /home/airflow/.local/lib/python3.12/site-packages/airflow/example_dags/example_subdag_operator.py
[2024-07-13T01:39:49.758+0000] {logging_mixin.py:188} INFO - [2024-07-13T01:39:49.757+0000] {dag.py:3096} INFO - Sync 3 DAGs
[2024-07-13T01:39:49.786+0000] {logging_mixin.py:188} INFO - [2024-07-13T01:39:49.786+0000] {dag.py:3954} INFO - Setting next_dagrun for example_subdag_operator to 2022-01-01 00:00:00+00:00, run_after=2022-01-01 00:00:00+00:00
[2024-07-13T01:39:49.792+0000] {logging_mixin.py:188} INFO - [2024-07-13T01:39:49.792+0000] {dag.py:3954} INFO - Setting next_dagrun for example_subdag_operator.section-1 to None, run_after=None
[2024-07-13T01:39:49.795+0000] {logging_mixin.py:188} INFO - [2024-07-13T01:39:49.794+0000] {dag.py:3954} INFO - Setting next_dagrun for example_subdag_operator.section-2 to None, run_after=None
[2024-07-13T01:39:49.803+0000] {logging_mixin.py:188} INFO - [2024-07-13T01:39:49.802+0000] {dag.py:3096} INFO - Sync 2 DAGs
[2024-07-13T01:39:49.809+0000] {logging_mixin.py:188} INFO - [2024-07-13T01:39:49.809+0000] {dag.py:3954} INFO - Setting next_dagrun for example_subdag_operator.section-1 to None, run_after=None
[2024-07-13T01:39:49.809+0000] {logging_mixin.py:188} INFO - [2024-07-13T01:39:49.809+0000] {dag.py:3954} INFO - Setting next_dagrun for example_subdag_operator.section-2 to None, run_after=None
[2024-07-13T01:39:49.826+0000] {processor.py:183} INFO - Processing /home/airflow/.local/lib/python3.12/site-packages/airflow/example_dags/example_subdag_operator.py took 0.130 seconds
[2024-07-13T01:40:20.204+0000] {processor.py:161} INFO - Started process (PID=1450) to work on /home/airflow/.local/lib/python3.12/site-packages/airflow/example_dags/example_subdag_operator.py
[2024-07-13T01:40:20.205+0000] {processor.py:830} INFO - Processing file /home/airflow/.local/lib/python3.12/site-packages/airflow/example_dags/example_subdag_operator.py for tasks to queue
[2024-07-13T01:40:20.207+0000] {logging_mixin.py:188} INFO - [2024-07-13T01:40:20.207+0000] {dagbag.py:545} INFO - Filling up the DagBag from /home/airflow/.local/lib/python3.12/site-packages/airflow/example_dags/example_subdag_operator.py
[2024-07-13T01:40:20.236+0000] {processor.py:840} INFO - DAG(s) 'example_subdag_operator.section-1', 'example_subdag_operator.section-2', 'example_subdag_operator' retrieved from /home/airflow/.local/lib/python3.12/site-packages/airflow/example_dags/example_subdag_operator.py
[2024-07-13T01:40:20.254+0000] {logging_mixin.py:188} INFO - [2024-07-13T01:40:20.254+0000] {dag.py:3096} INFO - Sync 3 DAGs
[2024-07-13T01:40:20.284+0000] {logging_mixin.py:188} INFO - [2024-07-13T01:40:20.284+0000] {dag.py:3954} INFO - Setting next_dagrun for example_subdag_operator to 2022-01-01 00:00:00+00:00, run_after=2022-01-01 00:00:00+00:00
[2024-07-13T01:40:20.290+0000] {logging_mixin.py:188} INFO - [2024-07-13T01:40:20.289+0000] {dag.py:3954} INFO - Setting next_dagrun for example_subdag_operator.section-1 to None, run_after=None
[2024-07-13T01:40:20.292+0000] {logging_mixin.py:188} INFO - [2024-07-13T01:40:20.291+0000] {dag.py:3954} INFO - Setting next_dagrun for example_subdag_operator.section-2 to None, run_after=None
[2024-07-13T01:40:20.301+0000] {logging_mixin.py:188} INFO - [2024-07-13T01:40:20.300+0000] {dag.py:3096} INFO - Sync 2 DAGs
[2024-07-13T01:40:20.307+0000] {logging_mixin.py:188} INFO - [2024-07-13T01:40:20.307+0000] {dag.py:3954} INFO - Setting next_dagrun for example_subdag_operator.section-1 to None, run_after=None
[2024-07-13T01:40:20.308+0000] {logging_mixin.py:188} INFO - [2024-07-13T01:40:20.308+0000] {dag.py:3954} INFO - Setting next_dagrun for example_subdag_operator.section-2 to None, run_after=None
[2024-07-13T01:40:20.325+0000] {processor.py:183} INFO - Processing /home/airflow/.local/lib/python3.12/site-packages/airflow/example_dags/example_subdag_operator.py took 0.129 seconds
[2024-07-13T01:40:50.535+0000] {processor.py:161} INFO - Started process (PID=1508) to work on /home/airflow/.local/lib/python3.12/site-packages/airflow/example_dags/example_subdag_operator.py
[2024-07-13T01:40:50.536+0000] {processor.py:830} INFO - Processing file /home/airflow/.local/lib/python3.12/site-packages/airflow/example_dags/example_subdag_operator.py for tasks to queue
[2024-07-13T01:40:50.538+0000] {logging_mixin.py:188} INFO - [2024-07-13T01:40:50.537+0000] {dagbag.py:545} INFO - Filling up the DagBag from /home/airflow/.local/lib/python3.12/site-packages/airflow/example_dags/example_subdag_operator.py
[2024-07-13T01:40:50.569+0000] {processor.py:840} INFO - DAG(s) 'example_subdag_operator.section-1', 'example_subdag_operator.section-2', 'example_subdag_operator' retrieved from /home/airflow/.local/lib/python3.12/site-packages/airflow/example_dags/example_subdag_operator.py
[2024-07-13T01:40:50.591+0000] {logging_mixin.py:188} INFO - [2024-07-13T01:40:50.591+0000] {dag.py:3096} INFO - Sync 3 DAGs
[2024-07-13T01:40:50.626+0000] {logging_mixin.py:188} INFO - [2024-07-13T01:40:50.625+0000] {dag.py:3954} INFO - Setting next_dagrun for example_subdag_operator to 2022-01-01 00:00:00+00:00, run_after=2022-01-01 00:00:00+00:00
[2024-07-13T01:40:50.637+0000] {logging_mixin.py:188} INFO - [2024-07-13T01:40:50.636+0000] {dag.py:3954} INFO - Setting next_dagrun for example_subdag_operator.section-1 to None, run_after=None
[2024-07-13T01:40:50.638+0000] {logging_mixin.py:188} INFO - [2024-07-13T01:40:50.638+0000] {dag.py:3954} INFO - Setting next_dagrun for example_subdag_operator.section-2 to None, run_after=None
[2024-07-13T01:40:50.651+0000] {logging_mixin.py:188} INFO - [2024-07-13T01:40:50.650+0000] {dag.py:3096} INFO - Sync 2 DAGs
[2024-07-13T01:40:50.829+0000] {logging_mixin.py:188} INFO - [2024-07-13T01:40:50.829+0000] {dag.py:3954} INFO - Setting next_dagrun for example_subdag_operator.section-1 to None, run_after=None
[2024-07-13T01:40:50.833+0000] {logging_mixin.py:188} INFO - [2024-07-13T01:40:50.833+0000] {dag.py:3954} INFO - Setting next_dagrun for example_subdag_operator.section-2 to None, run_after=None
[2024-07-13T01:40:50.859+0000] {processor.py:183} INFO - Processing /home/airflow/.local/lib/python3.12/site-packages/airflow/example_dags/example_subdag_operator.py took 0.333 seconds
[2024-07-13T01:41:20.933+0000] {processor.py:161} INFO - Started process (PID=1566) to work on /home/airflow/.local/lib/python3.12/site-packages/airflow/example_dags/example_subdag_operator.py
[2024-07-13T01:41:20.934+0000] {processor.py:830} INFO - Processing file /home/airflow/.local/lib/python3.12/site-packages/airflow/example_dags/example_subdag_operator.py for tasks to queue
[2024-07-13T01:41:20.937+0000] {logging_mixin.py:188} INFO - [2024-07-13T01:41:20.936+0000] {dagbag.py:545} INFO - Filling up the DagBag from /home/airflow/.local/lib/python3.12/site-packages/airflow/example_dags/example_subdag_operator.py
[2024-07-13T01:41:20.968+0000] {processor.py:840} INFO - DAG(s) 'example_subdag_operator.section-1', 'example_subdag_operator.section-2', 'example_subdag_operator' retrieved from /home/airflow/.local/lib/python3.12/site-packages/airflow/example_dags/example_subdag_operator.py
[2024-07-13T01:41:20.986+0000] {logging_mixin.py:188} INFO - [2024-07-13T01:41:20.986+0000] {dag.py:3096} INFO - Sync 3 DAGs
[2024-07-13T01:41:21.012+0000] {logging_mixin.py:188} INFO - [2024-07-13T01:41:21.011+0000] {dag.py:3954} INFO - Setting next_dagrun for example_subdag_operator to 2022-01-01 00:00:00+00:00, run_after=2022-01-01 00:00:00+00:00
[2024-07-13T01:41:21.018+0000] {logging_mixin.py:188} INFO - [2024-07-13T01:41:21.018+0000] {dag.py:3954} INFO - Setting next_dagrun for example_subdag_operator.section-1 to None, run_after=None
[2024-07-13T01:41:21.020+0000] {logging_mixin.py:188} INFO - [2024-07-13T01:41:21.020+0000] {dag.py:3954} INFO - Setting next_dagrun for example_subdag_operator.section-2 to None, run_after=None
[2024-07-13T01:41:21.031+0000] {logging_mixin.py:188} INFO - [2024-07-13T01:41:21.031+0000] {dag.py:3096} INFO - Sync 2 DAGs
[2024-07-13T01:41:21.039+0000] {logging_mixin.py:188} INFO - [2024-07-13T01:41:21.039+0000] {dag.py:3954} INFO - Setting next_dagrun for example_subdag_operator.section-1 to None, run_after=None
[2024-07-13T01:41:21.040+0000] {logging_mixin.py:188} INFO - [2024-07-13T01:41:21.040+0000] {dag.py:3954} INFO - Setting next_dagrun for example_subdag_operator.section-2 to None, run_after=None
[2024-07-13T01:41:21.062+0000] {processor.py:183} INFO - Processing /home/airflow/.local/lib/python3.12/site-packages/airflow/example_dags/example_subdag_operator.py took 0.136 seconds
[2024-07-13T01:41:51.385+0000] {processor.py:161} INFO - Started process (PID=1624) to work on /home/airflow/.local/lib/python3.12/site-packages/airflow/example_dags/example_subdag_operator.py
[2024-07-13T01:41:51.386+0000] {processor.py:830} INFO - Processing file /home/airflow/.local/lib/python3.12/site-packages/airflow/example_dags/example_subdag_operator.py for tasks to queue
[2024-07-13T01:41:51.388+0000] {logging_mixin.py:188} INFO - [2024-07-13T01:41:51.388+0000] {dagbag.py:545} INFO - Filling up the DagBag from /home/airflow/.local/lib/python3.12/site-packages/airflow/example_dags/example_subdag_operator.py
[2024-07-13T01:41:51.414+0000] {processor.py:840} INFO - DAG(s) 'example_subdag_operator.section-1', 'example_subdag_operator.section-2', 'example_subdag_operator' retrieved from /home/airflow/.local/lib/python3.12/site-packages/airflow/example_dags/example_subdag_operator.py
[2024-07-13T01:41:51.434+0000] {logging_mixin.py:188} INFO - [2024-07-13T01:41:51.433+0000] {dag.py:3096} INFO - Sync 3 DAGs
[2024-07-13T01:41:51.462+0000] {logging_mixin.py:188} INFO - [2024-07-13T01:41:51.461+0000] {dag.py:3954} INFO - Setting next_dagrun for example_subdag_operator to 2022-01-01 00:00:00+00:00, run_after=2022-01-01 00:00:00+00:00
[2024-07-13T01:41:51.469+0000] {logging_mixin.py:188} INFO - [2024-07-13T01:41:51.469+0000] {dag.py:3954} INFO - Setting next_dagrun for example_subdag_operator.section-1 to None, run_after=None
[2024-07-13T01:41:51.471+0000] {logging_mixin.py:188} INFO - [2024-07-13T01:41:51.471+0000] {dag.py:3954} INFO - Setting next_dagrun for example_subdag_operator.section-2 to None, run_after=None
[2024-07-13T01:41:51.480+0000] {logging_mixin.py:188} INFO - [2024-07-13T01:41:51.480+0000] {dag.py:3096} INFO - Sync 2 DAGs
[2024-07-13T01:41:51.488+0000] {logging_mixin.py:188} INFO - [2024-07-13T01:41:51.487+0000] {dag.py:3954} INFO - Setting next_dagrun for example_subdag_operator.section-1 to None, run_after=None
[2024-07-13T01:41:51.488+0000] {logging_mixin.py:188} INFO - [2024-07-13T01:41:51.488+0000] {dag.py:3954} INFO - Setting next_dagrun for example_subdag_operator.section-2 to None, run_after=None
[2024-07-13T01:41:51.509+0000] {processor.py:183} INFO - Processing /home/airflow/.local/lib/python3.12/site-packages/airflow/example_dags/example_subdag_operator.py took 0.131 seconds
[2024-07-13T01:42:21.664+0000] {processor.py:161} INFO - Started process (PID=1682) to work on /home/airflow/.local/lib/python3.12/site-packages/airflow/example_dags/example_subdag_operator.py
[2024-07-13T01:42:21.665+0000] {processor.py:830} INFO - Processing file /home/airflow/.local/lib/python3.12/site-packages/airflow/example_dags/example_subdag_operator.py for tasks to queue
[2024-07-13T01:42:21.667+0000] {logging_mixin.py:188} INFO - [2024-07-13T01:42:21.667+0000] {dagbag.py:545} INFO - Filling up the DagBag from /home/airflow/.local/lib/python3.12/site-packages/airflow/example_dags/example_subdag_operator.py
[2024-07-13T01:42:21.697+0000] {processor.py:840} INFO - DAG(s) 'example_subdag_operator.section-1', 'example_subdag_operator.section-2', 'example_subdag_operator' retrieved from /home/airflow/.local/lib/python3.12/site-packages/airflow/example_dags/example_subdag_operator.py
[2024-07-13T01:42:21.719+0000] {logging_mixin.py:188} INFO - [2024-07-13T01:42:21.719+0000] {dag.py:3096} INFO - Sync 3 DAGs
[2024-07-13T01:42:21.756+0000] {logging_mixin.py:188} INFO - [2024-07-13T01:42:21.755+0000] {dag.py:3954} INFO - Setting next_dagrun for example_subdag_operator to 2022-01-01 00:00:00+00:00, run_after=2022-01-01 00:00:00+00:00
[2024-07-13T01:42:21.762+0000] {logging_mixin.py:188} INFO - [2024-07-13T01:42:21.762+0000] {dag.py:3954} INFO - Setting next_dagrun for example_subdag_operator.section-1 to None, run_after=None
[2024-07-13T01:42:21.766+0000] {logging_mixin.py:188} INFO - [2024-07-13T01:42:21.765+0000] {dag.py:3954} INFO - Setting next_dagrun for example_subdag_operator.section-2 to None, run_after=None
[2024-07-13T01:42:21.785+0000] {logging_mixin.py:188} INFO - [2024-07-13T01:42:21.783+0000] {dag.py:3096} INFO - Sync 2 DAGs
[2024-07-13T01:42:21.793+0000] {logging_mixin.py:188} INFO - [2024-07-13T01:42:21.793+0000] {dag.py:3954} INFO - Setting next_dagrun for example_subdag_operator.section-1 to None, run_after=None
[2024-07-13T01:42:21.794+0000] {logging_mixin.py:188} INFO - [2024-07-13T01:42:21.794+0000] {dag.py:3954} INFO - Setting next_dagrun for example_subdag_operator.section-2 to None, run_after=None
[2024-07-13T01:42:21.816+0000] {processor.py:183} INFO - Processing /home/airflow/.local/lib/python3.12/site-packages/airflow/example_dags/example_subdag_operator.py took 0.161 seconds
[2024-07-13T01:42:52.084+0000] {processor.py:161} INFO - Started process (PID=1740) to work on /home/airflow/.local/lib/python3.12/site-packages/airflow/example_dags/example_subdag_operator.py
[2024-07-13T01:42:52.085+0000] {processor.py:830} INFO - Processing file /home/airflow/.local/lib/python3.12/site-packages/airflow/example_dags/example_subdag_operator.py for tasks to queue
[2024-07-13T01:42:52.087+0000] {logging_mixin.py:188} INFO - [2024-07-13T01:42:52.087+0000] {dagbag.py:545} INFO - Filling up the DagBag from /home/airflow/.local/lib/python3.12/site-packages/airflow/example_dags/example_subdag_operator.py
[2024-07-13T01:42:52.118+0000] {processor.py:840} INFO - DAG(s) 'example_subdag_operator.section-1', 'example_subdag_operator.section-2', 'example_subdag_operator' retrieved from /home/airflow/.local/lib/python3.12/site-packages/airflow/example_dags/example_subdag_operator.py
[2024-07-13T01:42:52.145+0000] {logging_mixin.py:188} INFO - [2024-07-13T01:42:52.144+0000] {dag.py:3096} INFO - Sync 3 DAGs
[2024-07-13T01:42:52.346+0000] {logging_mixin.py:188} INFO - [2024-07-13T01:42:52.346+0000] {dag.py:3954} INFO - Setting next_dagrun for example_subdag_operator to 2022-01-01 00:00:00+00:00, run_after=2022-01-01 00:00:00+00:00
[2024-07-13T01:42:52.353+0000] {logging_mixin.py:188} INFO - [2024-07-13T01:42:52.352+0000] {dag.py:3954} INFO - Setting next_dagrun for example_subdag_operator.section-1 to None, run_after=None
[2024-07-13T01:42:52.355+0000] {logging_mixin.py:188} INFO - [2024-07-13T01:42:52.355+0000] {dag.py:3954} INFO - Setting next_dagrun for example_subdag_operator.section-2 to None, run_after=None
[2024-07-13T01:42:52.365+0000] {logging_mixin.py:188} INFO - [2024-07-13T01:42:52.365+0000] {dag.py:3096} INFO - Sync 2 DAGs
[2024-07-13T01:42:52.372+0000] {logging_mixin.py:188} INFO - [2024-07-13T01:42:52.372+0000] {dag.py:3954} INFO - Setting next_dagrun for example_subdag_operator.section-1 to None, run_after=None
[2024-07-13T01:42:52.372+0000] {logging_mixin.py:188} INFO - [2024-07-13T01:42:52.372+0000] {dag.py:3954} INFO - Setting next_dagrun for example_subdag_operator.section-2 to None, run_after=None
[2024-07-13T01:42:52.397+0000] {processor.py:183} INFO - Processing /home/airflow/.local/lib/python3.12/site-packages/airflow/example_dags/example_subdag_operator.py took 0.321 seconds
[2024-07-13T01:43:23.807+0000] {processor.py:161} INFO - Started process (PID=1798) to work on /home/airflow/.local/lib/python3.12/site-packages/airflow/example_dags/example_subdag_operator.py
[2024-07-13T01:43:23.820+0000] {processor.py:830} INFO - Processing file /home/airflow/.local/lib/python3.12/site-packages/airflow/example_dags/example_subdag_operator.py for tasks to queue
[2024-07-13T01:43:23.829+0000] {logging_mixin.py:188} INFO - [2024-07-13T01:43:23.828+0000] {dagbag.py:545} INFO - Filling up the DagBag from /home/airflow/.local/lib/python3.12/site-packages/airflow/example_dags/example_subdag_operator.py
[2024-07-13T01:43:23.879+0000] {processor.py:840} INFO - DAG(s) 'example_subdag_operator.section-1', 'example_subdag_operator.section-2', 'example_subdag_operator' retrieved from /home/airflow/.local/lib/python3.12/site-packages/airflow/example_dags/example_subdag_operator.py
[2024-07-13T01:43:23.914+0000] {logging_mixin.py:188} INFO - [2024-07-13T01:43:23.914+0000] {dag.py:3096} INFO - Sync 3 DAGs
[2024-07-13T01:43:23.955+0000] {logging_mixin.py:188} INFO - [2024-07-13T01:43:23.955+0000] {dag.py:3954} INFO - Setting next_dagrun for example_subdag_operator to 2022-01-01 00:00:00+00:00, run_after=2022-01-01 00:00:00+00:00
[2024-07-13T01:43:24.150+0000] {logging_mixin.py:188} INFO - [2024-07-13T01:43:24.150+0000] {dag.py:3954} INFO - Setting next_dagrun for example_subdag_operator.section-1 to None, run_after=None
[2024-07-13T01:43:24.153+0000] {logging_mixin.py:188} INFO - [2024-07-13T01:43:24.153+0000] {dag.py:3954} INFO - Setting next_dagrun for example_subdag_operator.section-2 to None, run_after=None
[2024-07-13T01:43:24.162+0000] {logging_mixin.py:188} INFO - [2024-07-13T01:43:24.162+0000] {dag.py:3096} INFO - Sync 2 DAGs
[2024-07-13T01:43:24.172+0000] {logging_mixin.py:188} INFO - [2024-07-13T01:43:24.172+0000] {dag.py:3954} INFO - Setting next_dagrun for example_subdag_operator.section-1 to None, run_after=None
[2024-07-13T01:43:24.173+0000] {logging_mixin.py:188} INFO - [2024-07-13T01:43:24.172+0000] {dag.py:3954} INFO - Setting next_dagrun for example_subdag_operator.section-2 to None, run_after=None
[2024-07-13T01:43:24.196+0000] {processor.py:183} INFO - Processing /home/airflow/.local/lib/python3.12/site-packages/airflow/example_dags/example_subdag_operator.py took 0.407 seconds
