[2024-07-13T01:28:02.938+0000] {processor.py:161} INFO - Started process (PID=40) to work on /home/airflow/.local/lib/python3.12/site-packages/airflow/example_dags/example_short_circuit_operator.py
[2024-07-13T01:28:02.950+0000] {processor.py:830} INFO - Processing file /home/airflow/.local/lib/python3.12/site-packages/airflow/example_dags/example_short_circuit_operator.py for tasks to queue
[2024-07-13T01:28:02.952+0000] {logging_mixin.py:188} INFO - [2024-07-13T01:28:02.952+0000] {dagbag.py:545} INFO - Filling up the DagBag from /home/airflow/.local/lib/python3.12/site-packages/airflow/example_dags/example_short_circuit_operator.py
[2024-07-13T01:28:03.015+0000] {processor.py:840} INFO - DAG(s) 'example_short_circuit_operator' retrieved from /home/airflow/.local/lib/python3.12/site-packages/airflow/example_dags/example_short_circuit_operator.py
[2024-07-13T01:28:04.026+0000] {logging_mixin.py:188} INFO - [2024-07-13T01:28:04.026+0000] {dag.py:3096} INFO - Sync 1 DAGs
[2024-07-13T01:28:04.154+0000] {logging_mixin.py:188} INFO - [2024-07-13T01:28:04.153+0000] {dag.py:3954} INFO - Setting next_dagrun for example_short_circuit_operator to 2024-07-12 00:00:00+00:00, run_after=2024-07-13 00:00:00+00:00
[2024-07-13T01:28:04.505+0000] {processor.py:183} INFO - Processing /home/airflow/.local/lib/python3.12/site-packages/airflow/example_dags/example_short_circuit_operator.py took 1.586 seconds
[2024-07-13T01:28:35.304+0000] {processor.py:161} INFO - Started process (PID=97) to work on /home/airflow/.local/lib/python3.12/site-packages/airflow/example_dags/example_short_circuit_operator.py
[2024-07-13T01:28:35.312+0000] {processor.py:830} INFO - Processing file /home/airflow/.local/lib/python3.12/site-packages/airflow/example_dags/example_short_circuit_operator.py for tasks to queue
[2024-07-13T01:28:35.314+0000] {logging_mixin.py:188} INFO - [2024-07-13T01:28:35.314+0000] {dagbag.py:545} INFO - Filling up the DagBag from /home/airflow/.local/lib/python3.12/site-packages/airflow/example_dags/example_short_circuit_operator.py
[2024-07-13T01:28:35.322+0000] {processor.py:840} INFO - DAG(s) 'example_short_circuit_operator' retrieved from /home/airflow/.local/lib/python3.12/site-packages/airflow/example_dags/example_short_circuit_operator.py
[2024-07-13T01:28:35.353+0000] {logging_mixin.py:188} INFO - [2024-07-13T01:28:35.353+0000] {dag.py:3096} INFO - Sync 1 DAGs
[2024-07-13T01:28:35.379+0000] {logging_mixin.py:188} INFO - [2024-07-13T01:28:35.378+0000] {dag.py:3954} INFO - Setting next_dagrun for example_short_circuit_operator to 2024-07-12 00:00:00+00:00, run_after=2024-07-13 00:00:00+00:00
[2024-07-13T01:28:35.406+0000] {processor.py:183} INFO - Processing /home/airflow/.local/lib/python3.12/site-packages/airflow/example_dags/example_short_circuit_operator.py took 0.108 seconds
[2024-07-13T01:29:06.305+0000] {processor.py:161} INFO - Started process (PID=155) to work on /home/airflow/.local/lib/python3.12/site-packages/airflow/example_dags/example_short_circuit_operator.py
[2024-07-13T01:29:06.312+0000] {processor.py:830} INFO - Processing file /home/airflow/.local/lib/python3.12/site-packages/airflow/example_dags/example_short_circuit_operator.py for tasks to queue
[2024-07-13T01:29:06.314+0000] {logging_mixin.py:188} INFO - [2024-07-13T01:29:06.314+0000] {dagbag.py:545} INFO - Filling up the DagBag from /home/airflow/.local/lib/python3.12/site-packages/airflow/example_dags/example_short_circuit_operator.py
[2024-07-13T01:29:06.322+0000] {processor.py:840} INFO - DAG(s) 'example_short_circuit_operator' retrieved from /home/airflow/.local/lib/python3.12/site-packages/airflow/example_dags/example_short_circuit_operator.py
[2024-07-13T01:29:06.352+0000] {logging_mixin.py:188} INFO - [2024-07-13T01:29:06.352+0000] {dag.py:3096} INFO - Sync 1 DAGs
[2024-07-13T01:29:06.375+0000] {logging_mixin.py:188} INFO - [2024-07-13T01:29:06.375+0000] {dag.py:3954} INFO - Setting next_dagrun for example_short_circuit_operator to 2024-07-12 00:00:00+00:00, run_after=2024-07-13 00:00:00+00:00
[2024-07-13T01:29:06.400+0000] {processor.py:183} INFO - Processing /home/airflow/.local/lib/python3.12/site-packages/airflow/example_dags/example_short_circuit_operator.py took 0.101 seconds
[2024-07-13T01:29:36.653+0000] {processor.py:161} INFO - Started process (PID=213) to work on /home/airflow/.local/lib/python3.12/site-packages/airflow/example_dags/example_short_circuit_operator.py
[2024-07-13T01:29:36.661+0000] {processor.py:830} INFO - Processing file /home/airflow/.local/lib/python3.12/site-packages/airflow/example_dags/example_short_circuit_operator.py for tasks to queue
[2024-07-13T01:29:36.664+0000] {logging_mixin.py:188} INFO - [2024-07-13T01:29:36.663+0000] {dagbag.py:545} INFO - Filling up the DagBag from /home/airflow/.local/lib/python3.12/site-packages/airflow/example_dags/example_short_circuit_operator.py
[2024-07-13T01:29:36.672+0000] {processor.py:840} INFO - DAG(s) 'example_short_circuit_operator' retrieved from /home/airflow/.local/lib/python3.12/site-packages/airflow/example_dags/example_short_circuit_operator.py
[2024-07-13T01:29:36.700+0000] {logging_mixin.py:188} INFO - [2024-07-13T01:29:36.699+0000] {dag.py:3096} INFO - Sync 1 DAGs
[2024-07-13T01:29:36.728+0000] {logging_mixin.py:188} INFO - [2024-07-13T01:29:36.727+0000] {dag.py:3954} INFO - Setting next_dagrun for example_short_circuit_operator to 2024-07-12 00:00:00+00:00, run_after=2024-07-13 00:00:00+00:00
[2024-07-13T01:29:36.763+0000] {processor.py:183} INFO - Processing /home/airflow/.local/lib/python3.12/site-packages/airflow/example_dags/example_short_circuit_operator.py took 0.116 seconds
[2024-07-13T01:30:06.928+0000] {processor.py:161} INFO - Started process (PID=270) to work on /home/airflow/.local/lib/python3.12/site-packages/airflow/example_dags/example_short_circuit_operator.py
[2024-07-13T01:30:06.930+0000] {processor.py:830} INFO - Processing file /home/airflow/.local/lib/python3.12/site-packages/airflow/example_dags/example_short_circuit_operator.py for tasks to queue
[2024-07-13T01:30:06.932+0000] {logging_mixin.py:188} INFO - [2024-07-13T01:30:06.932+0000] {dagbag.py:545} INFO - Filling up the DagBag from /home/airflow/.local/lib/python3.12/site-packages/airflow/example_dags/example_short_circuit_operator.py
[2024-07-13T01:30:06.942+0000] {processor.py:840} INFO - DAG(s) 'example_short_circuit_operator' retrieved from /home/airflow/.local/lib/python3.12/site-packages/airflow/example_dags/example_short_circuit_operator.py
[2024-07-13T01:30:06.974+0000] {logging_mixin.py:188} INFO - [2024-07-13T01:30:06.973+0000] {dag.py:3096} INFO - Sync 1 DAGs
[2024-07-13T01:30:07.003+0000] {logging_mixin.py:188} INFO - [2024-07-13T01:30:07.002+0000] {dag.py:3954} INFO - Setting next_dagrun for example_short_circuit_operator to 2024-07-12 00:00:00+00:00, run_after=2024-07-13 00:00:00+00:00
[2024-07-13T01:30:07.037+0000] {processor.py:183} INFO - Processing /home/airflow/.local/lib/python3.12/site-packages/airflow/example_dags/example_short_circuit_operator.py took 0.116 seconds
[2024-07-13T01:30:37.376+0000] {processor.py:161} INFO - Started process (PID=328) to work on /home/airflow/.local/lib/python3.12/site-packages/airflow/example_dags/example_short_circuit_operator.py
[2024-07-13T01:30:37.377+0000] {processor.py:830} INFO - Processing file /home/airflow/.local/lib/python3.12/site-packages/airflow/example_dags/example_short_circuit_operator.py for tasks to queue
[2024-07-13T01:30:37.382+0000] {logging_mixin.py:188} INFO - [2024-07-13T01:30:37.381+0000] {dagbag.py:545} INFO - Filling up the DagBag from /home/airflow/.local/lib/python3.12/site-packages/airflow/example_dags/example_short_circuit_operator.py
[2024-07-13T01:30:37.391+0000] {processor.py:840} INFO - DAG(s) 'example_short_circuit_operator' retrieved from /home/airflow/.local/lib/python3.12/site-packages/airflow/example_dags/example_short_circuit_operator.py
[2024-07-13T01:30:37.428+0000] {logging_mixin.py:188} INFO - [2024-07-13T01:30:37.428+0000] {dag.py:3096} INFO - Sync 1 DAGs
[2024-07-13T01:30:37.459+0000] {logging_mixin.py:188} INFO - [2024-07-13T01:30:37.458+0000] {dag.py:3954} INFO - Setting next_dagrun for example_short_circuit_operator to 2024-07-12 00:00:00+00:00, run_after=2024-07-13 00:00:00+00:00
[2024-07-13T01:30:37.530+0000] {processor.py:183} INFO - Processing /home/airflow/.local/lib/python3.12/site-packages/airflow/example_dags/example_short_circuit_operator.py took 0.162 seconds
[2024-07-13T01:31:07.746+0000] {processor.py:161} INFO - Started process (PID=386) to work on /home/airflow/.local/lib/python3.12/site-packages/airflow/example_dags/example_short_circuit_operator.py
[2024-07-13T01:31:07.747+0000] {processor.py:830} INFO - Processing file /home/airflow/.local/lib/python3.12/site-packages/airflow/example_dags/example_short_circuit_operator.py for tasks to queue
[2024-07-13T01:31:07.750+0000] {logging_mixin.py:188} INFO - [2024-07-13T01:31:07.749+0000] {dagbag.py:545} INFO - Filling up the DagBag from /home/airflow/.local/lib/python3.12/site-packages/airflow/example_dags/example_short_circuit_operator.py
[2024-07-13T01:31:07.758+0000] {processor.py:840} INFO - DAG(s) 'example_short_circuit_operator' retrieved from /home/airflow/.local/lib/python3.12/site-packages/airflow/example_dags/example_short_circuit_operator.py
[2024-07-13T01:31:07.785+0000] {logging_mixin.py:188} INFO - [2024-07-13T01:31:07.785+0000] {dag.py:3096} INFO - Sync 1 DAGs
[2024-07-13T01:31:07.809+0000] {logging_mixin.py:188} INFO - [2024-07-13T01:31:07.809+0000] {dag.py:3954} INFO - Setting next_dagrun for example_short_circuit_operator to 2024-07-12 00:00:00+00:00, run_after=2024-07-13 00:00:00+00:00
[2024-07-13T01:31:07.841+0000] {processor.py:183} INFO - Processing /home/airflow/.local/lib/python3.12/site-packages/airflow/example_dags/example_short_circuit_operator.py took 0.102 seconds
[2024-07-13T01:31:38.420+0000] {processor.py:161} INFO - Started process (PID=444) to work on /home/airflow/.local/lib/python3.12/site-packages/airflow/example_dags/example_short_circuit_operator.py
[2024-07-13T01:31:38.420+0000] {processor.py:830} INFO - Processing file /home/airflow/.local/lib/python3.12/site-packages/airflow/example_dags/example_short_circuit_operator.py for tasks to queue
[2024-07-13T01:31:38.422+0000] {logging_mixin.py:188} INFO - [2024-07-13T01:31:38.422+0000] {dagbag.py:545} INFO - Filling up the DagBag from /home/airflow/.local/lib/python3.12/site-packages/airflow/example_dags/example_short_circuit_operator.py
[2024-07-13T01:31:38.432+0000] {processor.py:840} INFO - DAG(s) 'example_short_circuit_operator' retrieved from /home/airflow/.local/lib/python3.12/site-packages/airflow/example_dags/example_short_circuit_operator.py
[2024-07-13T01:31:38.459+0000] {logging_mixin.py:188} INFO - [2024-07-13T01:31:38.458+0000] {dag.py:3096} INFO - Sync 1 DAGs
[2024-07-13T01:31:38.483+0000] {logging_mixin.py:188} INFO - [2024-07-13T01:31:38.483+0000] {dag.py:3954} INFO - Setting next_dagrun for example_short_circuit_operator to 2024-07-12 00:00:00+00:00, run_after=2024-07-13 00:00:00+00:00
[2024-07-13T01:31:38.514+0000] {processor.py:183} INFO - Processing /home/airflow/.local/lib/python3.12/site-packages/airflow/example_dags/example_short_circuit_operator.py took 0.101 seconds
[2024-07-13T01:32:08.677+0000] {processor.py:161} INFO - Started process (PID=503) to work on /home/airflow/.local/lib/python3.12/site-packages/airflow/example_dags/example_short_circuit_operator.py
[2024-07-13T01:32:08.679+0000] {processor.py:830} INFO - Processing file /home/airflow/.local/lib/python3.12/site-packages/airflow/example_dags/example_short_circuit_operator.py for tasks to queue
[2024-07-13T01:32:08.681+0000] {logging_mixin.py:188} INFO - [2024-07-13T01:32:08.681+0000] {dagbag.py:545} INFO - Filling up the DagBag from /home/airflow/.local/lib/python3.12/site-packages/airflow/example_dags/example_short_circuit_operator.py
[2024-07-13T01:32:08.689+0000] {processor.py:840} INFO - DAG(s) 'example_short_circuit_operator' retrieved from /home/airflow/.local/lib/python3.12/site-packages/airflow/example_dags/example_short_circuit_operator.py
[2024-07-13T01:32:08.715+0000] {logging_mixin.py:188} INFO - [2024-07-13T01:32:08.715+0000] {dag.py:3096} INFO - Sync 1 DAGs
[2024-07-13T01:32:08.739+0000] {logging_mixin.py:188} INFO - [2024-07-13T01:32:08.739+0000] {dag.py:3954} INFO - Setting next_dagrun for example_short_circuit_operator to 2024-07-12 00:00:00+00:00, run_after=2024-07-13 00:00:00+00:00
[2024-07-13T01:32:08.770+0000] {processor.py:183} INFO - Processing /home/airflow/.local/lib/python3.12/site-packages/airflow/example_dags/example_short_circuit_operator.py took 0.100 seconds
[2024-07-13T01:32:38.877+0000] {processor.py:161} INFO - Started process (PID=562) to work on /home/airflow/.local/lib/python3.12/site-packages/airflow/example_dags/example_short_circuit_operator.py
[2024-07-13T01:32:38.881+0000] {processor.py:830} INFO - Processing file /home/airflow/.local/lib/python3.12/site-packages/airflow/example_dags/example_short_circuit_operator.py for tasks to queue
[2024-07-13T01:32:38.884+0000] {logging_mixin.py:188} INFO - [2024-07-13T01:32:38.883+0000] {dagbag.py:545} INFO - Filling up the DagBag from /home/airflow/.local/lib/python3.12/site-packages/airflow/example_dags/example_short_circuit_operator.py
[2024-07-13T01:32:38.893+0000] {processor.py:840} INFO - DAG(s) 'example_short_circuit_operator' retrieved from /home/airflow/.local/lib/python3.12/site-packages/airflow/example_dags/example_short_circuit_operator.py
[2024-07-13T01:32:38.922+0000] {logging_mixin.py:188} INFO - [2024-07-13T01:32:38.922+0000] {dag.py:3096} INFO - Sync 1 DAGs
[2024-07-13T01:32:38.947+0000] {logging_mixin.py:188} INFO - [2024-07-13T01:32:38.947+0000] {dag.py:3954} INFO - Setting next_dagrun for example_short_circuit_operator to 2024-07-12 00:00:00+00:00, run_after=2024-07-13 00:00:00+00:00
[2024-07-13T01:32:38.978+0000] {processor.py:183} INFO - Processing /home/airflow/.local/lib/python3.12/site-packages/airflow/example_dags/example_short_circuit_operator.py took 0.109 seconds
[2024-07-13T01:33:09.135+0000] {processor.py:161} INFO - Started process (PID=620) to work on /home/airflow/.local/lib/python3.12/site-packages/airflow/example_dags/example_short_circuit_operator.py
[2024-07-13T01:33:09.136+0000] {processor.py:830} INFO - Processing file /home/airflow/.local/lib/python3.12/site-packages/airflow/example_dags/example_short_circuit_operator.py for tasks to queue
[2024-07-13T01:33:09.138+0000] {logging_mixin.py:188} INFO - [2024-07-13T01:33:09.138+0000] {dagbag.py:545} INFO - Filling up the DagBag from /home/airflow/.local/lib/python3.12/site-packages/airflow/example_dags/example_short_circuit_operator.py
[2024-07-13T01:33:09.147+0000] {processor.py:840} INFO - DAG(s) 'example_short_circuit_operator' retrieved from /home/airflow/.local/lib/python3.12/site-packages/airflow/example_dags/example_short_circuit_operator.py
[2024-07-13T01:33:09.178+0000] {logging_mixin.py:188} INFO - [2024-07-13T01:33:09.177+0000] {dag.py:3096} INFO - Sync 1 DAGs
[2024-07-13T01:33:09.219+0000] {logging_mixin.py:188} INFO - [2024-07-13T01:33:09.216+0000] {dag.py:3954} INFO - Setting next_dagrun for example_short_circuit_operator to 2024-07-12 00:00:00+00:00, run_after=2024-07-13 00:00:00+00:00
[2024-07-13T01:33:09.298+0000] {processor.py:183} INFO - Processing /home/airflow/.local/lib/python3.12/site-packages/airflow/example_dags/example_short_circuit_operator.py took 0.170 seconds
[2024-07-13T01:33:39.714+0000] {processor.py:161} INFO - Started process (PID=679) to work on /home/airflow/.local/lib/python3.12/site-packages/airflow/example_dags/example_short_circuit_operator.py
[2024-07-13T01:33:39.722+0000] {processor.py:830} INFO - Processing file /home/airflow/.local/lib/python3.12/site-packages/airflow/example_dags/example_short_circuit_operator.py for tasks to queue
[2024-07-13T01:33:39.724+0000] {logging_mixin.py:188} INFO - [2024-07-13T01:33:39.724+0000] {dagbag.py:545} INFO - Filling up the DagBag from /home/airflow/.local/lib/python3.12/site-packages/airflow/example_dags/example_short_circuit_operator.py
[2024-07-13T01:33:39.732+0000] {processor.py:840} INFO - DAG(s) 'example_short_circuit_operator' retrieved from /home/airflow/.local/lib/python3.12/site-packages/airflow/example_dags/example_short_circuit_operator.py
[2024-07-13T01:33:39.759+0000] {logging_mixin.py:188} INFO - [2024-07-13T01:33:39.758+0000] {dag.py:3096} INFO - Sync 1 DAGs
[2024-07-13T01:33:39.783+0000] {logging_mixin.py:188} INFO - [2024-07-13T01:33:39.783+0000] {dag.py:3954} INFO - Setting next_dagrun for example_short_circuit_operator to 2024-07-12 00:00:00+00:00, run_after=2024-07-13 00:00:00+00:00
[2024-07-13T01:33:39.809+0000] {processor.py:183} INFO - Processing /home/airflow/.local/lib/python3.12/site-packages/airflow/example_dags/example_short_circuit_operator.py took 0.102 seconds
[2024-07-13T01:34:09.963+0000] {processor.py:161} INFO - Started process (PID=737) to work on /home/airflow/.local/lib/python3.12/site-packages/airflow/example_dags/example_short_circuit_operator.py
[2024-07-13T01:34:09.964+0000] {processor.py:830} INFO - Processing file /home/airflow/.local/lib/python3.12/site-packages/airflow/example_dags/example_short_circuit_operator.py for tasks to queue
[2024-07-13T01:34:09.966+0000] {logging_mixin.py:188} INFO - [2024-07-13T01:34:09.966+0000] {dagbag.py:545} INFO - Filling up the DagBag from /home/airflow/.local/lib/python3.12/site-packages/airflow/example_dags/example_short_circuit_operator.py
[2024-07-13T01:34:09.975+0000] {processor.py:840} INFO - DAG(s) 'example_short_circuit_operator' retrieved from /home/airflow/.local/lib/python3.12/site-packages/airflow/example_dags/example_short_circuit_operator.py
[2024-07-13T01:34:10.010+0000] {logging_mixin.py:188} INFO - [2024-07-13T01:34:10.010+0000] {dag.py:3096} INFO - Sync 1 DAGs
[2024-07-13T01:34:10.042+0000] {logging_mixin.py:188} INFO - [2024-07-13T01:34:10.041+0000] {dag.py:3954} INFO - Setting next_dagrun for example_short_circuit_operator to 2024-07-12 00:00:00+00:00, run_after=2024-07-13 00:00:00+00:00
[2024-07-13T01:34:10.074+0000] {processor.py:183} INFO - Processing /home/airflow/.local/lib/python3.12/site-packages/airflow/example_dags/example_short_circuit_operator.py took 0.119 seconds
[2024-07-13T01:34:40.363+0000] {processor.py:161} INFO - Started process (PID=795) to work on /home/airflow/.local/lib/python3.12/site-packages/airflow/example_dags/example_short_circuit_operator.py
[2024-07-13T01:34:40.371+0000] {processor.py:830} INFO - Processing file /home/airflow/.local/lib/python3.12/site-packages/airflow/example_dags/example_short_circuit_operator.py for tasks to queue
[2024-07-13T01:34:40.374+0000] {logging_mixin.py:188} INFO - [2024-07-13T01:34:40.373+0000] {dagbag.py:545} INFO - Filling up the DagBag from /home/airflow/.local/lib/python3.12/site-packages/airflow/example_dags/example_short_circuit_operator.py
[2024-07-13T01:34:40.383+0000] {processor.py:840} INFO - DAG(s) 'example_short_circuit_operator' retrieved from /home/airflow/.local/lib/python3.12/site-packages/airflow/example_dags/example_short_circuit_operator.py
[2024-07-13T01:34:40.418+0000] {logging_mixin.py:188} INFO - [2024-07-13T01:34:40.418+0000] {dag.py:3096} INFO - Sync 1 DAGs
[2024-07-13T01:34:40.444+0000] {logging_mixin.py:188} INFO - [2024-07-13T01:34:40.444+0000] {dag.py:3954} INFO - Setting next_dagrun for example_short_circuit_operator to 2024-07-12 00:00:00+00:00, run_after=2024-07-13 00:00:00+00:00
[2024-07-13T01:34:40.478+0000] {processor.py:183} INFO - Processing /home/airflow/.local/lib/python3.12/site-packages/airflow/example_dags/example_short_circuit_operator.py took 0.121 seconds
[2024-07-13T01:35:10.695+0000] {processor.py:161} INFO - Started process (PID=853) to work on /home/airflow/.local/lib/python3.12/site-packages/airflow/example_dags/example_short_circuit_operator.py
[2024-07-13T01:35:10.711+0000] {processor.py:830} INFO - Processing file /home/airflow/.local/lib/python3.12/site-packages/airflow/example_dags/example_short_circuit_operator.py for tasks to queue
[2024-07-13T01:35:10.713+0000] {logging_mixin.py:188} INFO - [2024-07-13T01:35:10.713+0000] {dagbag.py:545} INFO - Filling up the DagBag from /home/airflow/.local/lib/python3.12/site-packages/airflow/example_dags/example_short_circuit_operator.py
[2024-07-13T01:35:10.727+0000] {processor.py:840} INFO - DAG(s) 'example_short_circuit_operator' retrieved from /home/airflow/.local/lib/python3.12/site-packages/airflow/example_dags/example_short_circuit_operator.py
[2024-07-13T01:35:10.758+0000] {logging_mixin.py:188} INFO - [2024-07-13T01:35:10.758+0000] {dag.py:3096} INFO - Sync 1 DAGs
[2024-07-13T01:35:10.787+0000] {logging_mixin.py:188} INFO - [2024-07-13T01:35:10.787+0000] {dag.py:3954} INFO - Setting next_dagrun for example_short_circuit_operator to 2024-07-12 00:00:00+00:00, run_after=2024-07-13 00:00:00+00:00
[2024-07-13T01:35:10.813+0000] {processor.py:183} INFO - Processing /home/airflow/.local/lib/python3.12/site-packages/airflow/example_dags/example_short_circuit_operator.py took 0.124 seconds
[2024-07-13T01:35:40.979+0000] {processor.py:161} INFO - Started process (PID=911) to work on /home/airflow/.local/lib/python3.12/site-packages/airflow/example_dags/example_short_circuit_operator.py
[2024-07-13T01:35:40.992+0000] {processor.py:830} INFO - Processing file /home/airflow/.local/lib/python3.12/site-packages/airflow/example_dags/example_short_circuit_operator.py for tasks to queue
[2024-07-13T01:35:40.995+0000] {logging_mixin.py:188} INFO - [2024-07-13T01:35:40.995+0000] {dagbag.py:545} INFO - Filling up the DagBag from /home/airflow/.local/lib/python3.12/site-packages/airflow/example_dags/example_short_circuit_operator.py
[2024-07-13T01:35:41.004+0000] {processor.py:840} INFO - DAG(s) 'example_short_circuit_operator' retrieved from /home/airflow/.local/lib/python3.12/site-packages/airflow/example_dags/example_short_circuit_operator.py
[2024-07-13T01:35:41.038+0000] {logging_mixin.py:188} INFO - [2024-07-13T01:35:41.038+0000] {dag.py:3096} INFO - Sync 1 DAGs
[2024-07-13T01:35:41.098+0000] {logging_mixin.py:188} INFO - [2024-07-13T01:35:41.097+0000] {dag.py:3954} INFO - Setting next_dagrun for example_short_circuit_operator to 2024-07-12 00:00:00+00:00, run_after=2024-07-13 00:00:00+00:00
[2024-07-13T01:35:41.147+0000] {processor.py:183} INFO - Processing /home/airflow/.local/lib/python3.12/site-packages/airflow/example_dags/example_short_circuit_operator.py took 0.176 seconds
[2024-07-13T01:36:11.268+0000] {processor.py:161} INFO - Started process (PID=968) to work on /home/airflow/.local/lib/python3.12/site-packages/airflow/example_dags/example_short_circuit_operator.py
[2024-07-13T01:36:11.269+0000] {processor.py:830} INFO - Processing file /home/airflow/.local/lib/python3.12/site-packages/airflow/example_dags/example_short_circuit_operator.py for tasks to queue
[2024-07-13T01:36:11.271+0000] {logging_mixin.py:188} INFO - [2024-07-13T01:36:11.271+0000] {dagbag.py:545} INFO - Filling up the DagBag from /home/airflow/.local/lib/python3.12/site-packages/airflow/example_dags/example_short_circuit_operator.py
[2024-07-13T01:36:11.279+0000] {processor.py:840} INFO - DAG(s) 'example_short_circuit_operator' retrieved from /home/airflow/.local/lib/python3.12/site-packages/airflow/example_dags/example_short_circuit_operator.py
[2024-07-13T01:36:11.306+0000] {logging_mixin.py:188} INFO - [2024-07-13T01:36:11.306+0000] {dag.py:3096} INFO - Sync 1 DAGs
[2024-07-13T01:36:11.330+0000] {logging_mixin.py:188} INFO - [2024-07-13T01:36:11.330+0000] {dag.py:3954} INFO - Setting next_dagrun for example_short_circuit_operator to 2024-07-12 00:00:00+00:00, run_after=2024-07-13 00:00:00+00:00
[2024-07-13T01:36:11.361+0000] {processor.py:183} INFO - Processing /home/airflow/.local/lib/python3.12/site-packages/airflow/example_dags/example_short_circuit_operator.py took 0.101 seconds
[2024-07-13T01:36:41.734+0000] {processor.py:161} INFO - Started process (PID=1026) to work on /home/airflow/.local/lib/python3.12/site-packages/airflow/example_dags/example_short_circuit_operator.py
[2024-07-13T01:36:41.735+0000] {processor.py:830} INFO - Processing file /home/airflow/.local/lib/python3.12/site-packages/airflow/example_dags/example_short_circuit_operator.py for tasks to queue
[2024-07-13T01:36:41.737+0000] {logging_mixin.py:188} INFO - [2024-07-13T01:36:41.737+0000] {dagbag.py:545} INFO - Filling up the DagBag from /home/airflow/.local/lib/python3.12/site-packages/airflow/example_dags/example_short_circuit_operator.py
[2024-07-13T01:36:41.745+0000] {processor.py:840} INFO - DAG(s) 'example_short_circuit_operator' retrieved from /home/airflow/.local/lib/python3.12/site-packages/airflow/example_dags/example_short_circuit_operator.py
[2024-07-13T01:36:41.775+0000] {logging_mixin.py:188} INFO - [2024-07-13T01:36:41.775+0000] {dag.py:3096} INFO - Sync 1 DAGs
[2024-07-13T01:36:41.805+0000] {logging_mixin.py:188} INFO - [2024-07-13T01:36:41.804+0000] {dag.py:3954} INFO - Setting next_dagrun for example_short_circuit_operator to 2024-07-12 00:00:00+00:00, run_after=2024-07-13 00:00:00+00:00
[2024-07-13T01:36:41.854+0000] {processor.py:183} INFO - Processing /home/airflow/.local/lib/python3.12/site-packages/airflow/example_dags/example_short_circuit_operator.py took 0.128 seconds
[2024-07-13T01:37:12.260+0000] {processor.py:161} INFO - Started process (PID=1084) to work on /home/airflow/.local/lib/python3.12/site-packages/airflow/example_dags/example_short_circuit_operator.py
[2024-07-13T01:37:12.262+0000] {processor.py:830} INFO - Processing file /home/airflow/.local/lib/python3.12/site-packages/airflow/example_dags/example_short_circuit_operator.py for tasks to queue
[2024-07-13T01:37:12.264+0000] {logging_mixin.py:188} INFO - [2024-07-13T01:37:12.264+0000] {dagbag.py:545} INFO - Filling up the DagBag from /home/airflow/.local/lib/python3.12/site-packages/airflow/example_dags/example_short_circuit_operator.py
[2024-07-13T01:37:12.272+0000] {processor.py:840} INFO - DAG(s) 'example_short_circuit_operator' retrieved from /home/airflow/.local/lib/python3.12/site-packages/airflow/example_dags/example_short_circuit_operator.py
[2024-07-13T01:37:12.299+0000] {logging_mixin.py:188} INFO - [2024-07-13T01:37:12.298+0000] {dag.py:3096} INFO - Sync 1 DAGs
[2024-07-13T01:37:12.322+0000] {logging_mixin.py:188} INFO - [2024-07-13T01:37:12.322+0000] {dag.py:3954} INFO - Setting next_dagrun for example_short_circuit_operator to 2024-07-12 00:00:00+00:00, run_after=2024-07-13 00:00:00+00:00
[2024-07-13T01:37:12.355+0000] {processor.py:183} INFO - Processing /home/airflow/.local/lib/python3.12/site-packages/airflow/example_dags/example_short_circuit_operator.py took 0.103 seconds
[2024-07-13T01:37:42.643+0000] {processor.py:161} INFO - Started process (PID=1143) to work on /home/airflow/.local/lib/python3.12/site-packages/airflow/example_dags/example_short_circuit_operator.py
[2024-07-13T01:37:42.651+0000] {processor.py:830} INFO - Processing file /home/airflow/.local/lib/python3.12/site-packages/airflow/example_dags/example_short_circuit_operator.py for tasks to queue
[2024-07-13T01:37:42.653+0000] {logging_mixin.py:188} INFO - [2024-07-13T01:37:42.653+0000] {dagbag.py:545} INFO - Filling up the DagBag from /home/airflow/.local/lib/python3.12/site-packages/airflow/example_dags/example_short_circuit_operator.py
[2024-07-13T01:37:42.661+0000] {processor.py:840} INFO - DAG(s) 'example_short_circuit_operator' retrieved from /home/airflow/.local/lib/python3.12/site-packages/airflow/example_dags/example_short_circuit_operator.py
[2024-07-13T01:37:42.688+0000] {logging_mixin.py:188} INFO - [2024-07-13T01:37:42.688+0000] {dag.py:3096} INFO - Sync 1 DAGs
[2024-07-13T01:37:42.712+0000] {logging_mixin.py:188} INFO - [2024-07-13T01:37:42.711+0000] {dag.py:3954} INFO - Setting next_dagrun for example_short_circuit_operator to 2024-07-12 00:00:00+00:00, run_after=2024-07-13 00:00:00+00:00
[2024-07-13T01:37:42.742+0000] {processor.py:183} INFO - Processing /home/airflow/.local/lib/python3.12/site-packages/airflow/example_dags/example_short_circuit_operator.py took 0.105 seconds
[2024-07-13T01:38:13.066+0000] {processor.py:161} INFO - Started process (PID=1201) to work on /home/airflow/.local/lib/python3.12/site-packages/airflow/example_dags/example_short_circuit_operator.py
[2024-07-13T01:38:13.074+0000] {processor.py:830} INFO - Processing file /home/airflow/.local/lib/python3.12/site-packages/airflow/example_dags/example_short_circuit_operator.py for tasks to queue
[2024-07-13T01:38:13.076+0000] {logging_mixin.py:188} INFO - [2024-07-13T01:38:13.076+0000] {dagbag.py:545} INFO - Filling up the DagBag from /home/airflow/.local/lib/python3.12/site-packages/airflow/example_dags/example_short_circuit_operator.py
[2024-07-13T01:38:13.084+0000] {processor.py:840} INFO - DAG(s) 'example_short_circuit_operator' retrieved from /home/airflow/.local/lib/python3.12/site-packages/airflow/example_dags/example_short_circuit_operator.py
[2024-07-13T01:38:13.113+0000] {logging_mixin.py:188} INFO - [2024-07-13T01:38:13.113+0000] {dag.py:3096} INFO - Sync 1 DAGs
[2024-07-13T01:38:13.137+0000] {logging_mixin.py:188} INFO - [2024-07-13T01:38:13.137+0000] {dag.py:3954} INFO - Setting next_dagrun for example_short_circuit_operator to 2024-07-12 00:00:00+00:00, run_after=2024-07-13 00:00:00+00:00
[2024-07-13T01:38:13.167+0000] {processor.py:183} INFO - Processing /home/airflow/.local/lib/python3.12/site-packages/airflow/example_dags/example_short_circuit_operator.py took 0.106 seconds
[2024-07-13T01:38:43.292+0000] {processor.py:161} INFO - Started process (PID=1259) to work on /home/airflow/.local/lib/python3.12/site-packages/airflow/example_dags/example_short_circuit_operator.py
[2024-07-13T01:38:43.301+0000] {processor.py:830} INFO - Processing file /home/airflow/.local/lib/python3.12/site-packages/airflow/example_dags/example_short_circuit_operator.py for tasks to queue
[2024-07-13T01:38:43.303+0000] {logging_mixin.py:188} INFO - [2024-07-13T01:38:43.303+0000] {dagbag.py:545} INFO - Filling up the DagBag from /home/airflow/.local/lib/python3.12/site-packages/airflow/example_dags/example_short_circuit_operator.py
[2024-07-13T01:38:43.311+0000] {processor.py:840} INFO - DAG(s) 'example_short_circuit_operator' retrieved from /home/airflow/.local/lib/python3.12/site-packages/airflow/example_dags/example_short_circuit_operator.py
[2024-07-13T01:38:43.341+0000] {logging_mixin.py:188} INFO - [2024-07-13T01:38:43.340+0000] {dag.py:3096} INFO - Sync 1 DAGs
[2024-07-13T01:38:43.366+0000] {logging_mixin.py:188} INFO - [2024-07-13T01:38:43.366+0000] {dag.py:3954} INFO - Setting next_dagrun for example_short_circuit_operator to 2024-07-12 00:00:00+00:00, run_after=2024-07-13 00:00:00+00:00
[2024-07-13T01:38:43.399+0000] {processor.py:183} INFO - Processing /home/airflow/.local/lib/python3.12/site-packages/airflow/example_dags/example_short_circuit_operator.py took 0.113 seconds
[2024-07-13T01:39:13.490+0000] {processor.py:161} INFO - Started process (PID=1317) to work on /home/airflow/.local/lib/python3.12/site-packages/airflow/example_dags/example_short_circuit_operator.py
[2024-07-13T01:39:13.498+0000] {processor.py:830} INFO - Processing file /home/airflow/.local/lib/python3.12/site-packages/airflow/example_dags/example_short_circuit_operator.py for tasks to queue
[2024-07-13T01:39:13.500+0000] {logging_mixin.py:188} INFO - [2024-07-13T01:39:13.500+0000] {dagbag.py:545} INFO - Filling up the DagBag from /home/airflow/.local/lib/python3.12/site-packages/airflow/example_dags/example_short_circuit_operator.py
[2024-07-13T01:39:13.509+0000] {processor.py:840} INFO - DAG(s) 'example_short_circuit_operator' retrieved from /home/airflow/.local/lib/python3.12/site-packages/airflow/example_dags/example_short_circuit_operator.py
[2024-07-13T01:39:13.535+0000] {logging_mixin.py:188} INFO - [2024-07-13T01:39:13.535+0000] {dag.py:3096} INFO - Sync 1 DAGs
[2024-07-13T01:39:13.560+0000] {logging_mixin.py:188} INFO - [2024-07-13T01:39:13.559+0000] {dag.py:3954} INFO - Setting next_dagrun for example_short_circuit_operator to 2024-07-12 00:00:00+00:00, run_after=2024-07-13 00:00:00+00:00
[2024-07-13T01:39:13.593+0000] {processor.py:183} INFO - Processing /home/airflow/.local/lib/python3.12/site-packages/airflow/example_dags/example_short_circuit_operator.py took 0.109 seconds
[2024-07-13T01:39:44.083+0000] {processor.py:161} INFO - Started process (PID=1375) to work on /home/airflow/.local/lib/python3.12/site-packages/airflow/example_dags/example_short_circuit_operator.py
[2024-07-13T01:39:44.091+0000] {processor.py:830} INFO - Processing file /home/airflow/.local/lib/python3.12/site-packages/airflow/example_dags/example_short_circuit_operator.py for tasks to queue
[2024-07-13T01:39:44.093+0000] {logging_mixin.py:188} INFO - [2024-07-13T01:39:44.093+0000] {dagbag.py:545} INFO - Filling up the DagBag from /home/airflow/.local/lib/python3.12/site-packages/airflow/example_dags/example_short_circuit_operator.py
[2024-07-13T01:39:44.101+0000] {processor.py:840} INFO - DAG(s) 'example_short_circuit_operator' retrieved from /home/airflow/.local/lib/python3.12/site-packages/airflow/example_dags/example_short_circuit_operator.py
[2024-07-13T01:39:44.128+0000] {logging_mixin.py:188} INFO - [2024-07-13T01:39:44.127+0000] {dag.py:3096} INFO - Sync 1 DAGs
[2024-07-13T01:39:44.152+0000] {logging_mixin.py:188} INFO - [2024-07-13T01:39:44.152+0000] {dag.py:3954} INFO - Setting next_dagrun for example_short_circuit_operator to 2024-07-12 00:00:00+00:00, run_after=2024-07-13 00:00:00+00:00
[2024-07-13T01:39:44.185+0000] {processor.py:183} INFO - Processing /home/airflow/.local/lib/python3.12/site-packages/airflow/example_dags/example_short_circuit_operator.py took 0.108 seconds
[2024-07-13T01:40:14.478+0000] {processor.py:161} INFO - Started process (PID=1431) to work on /home/airflow/.local/lib/python3.12/site-packages/airflow/example_dags/example_short_circuit_operator.py
[2024-07-13T01:40:14.479+0000] {processor.py:830} INFO - Processing file /home/airflow/.local/lib/python3.12/site-packages/airflow/example_dags/example_short_circuit_operator.py for tasks to queue
[2024-07-13T01:40:14.481+0000] {logging_mixin.py:188} INFO - [2024-07-13T01:40:14.481+0000] {dagbag.py:545} INFO - Filling up the DagBag from /home/airflow/.local/lib/python3.12/site-packages/airflow/example_dags/example_short_circuit_operator.py
[2024-07-13T01:40:14.492+0000] {processor.py:840} INFO - DAG(s) 'example_short_circuit_operator' retrieved from /home/airflow/.local/lib/python3.12/site-packages/airflow/example_dags/example_short_circuit_operator.py
[2024-07-13T01:40:14.526+0000] {logging_mixin.py:188} INFO - [2024-07-13T01:40:14.526+0000] {dag.py:3096} INFO - Sync 1 DAGs
[2024-07-13T01:40:14.551+0000] {logging_mixin.py:188} INFO - [2024-07-13T01:40:14.551+0000] {dag.py:3954} INFO - Setting next_dagrun for example_short_circuit_operator to 2024-07-12 00:00:00+00:00, run_after=2024-07-13 00:00:00+00:00
[2024-07-13T01:40:14.583+0000] {processor.py:183} INFO - Processing /home/airflow/.local/lib/python3.12/site-packages/airflow/example_dags/example_short_circuit_operator.py took 0.114 seconds
[2024-07-13T01:40:45.139+0000] {processor.py:161} INFO - Started process (PID=1489) to work on /home/airflow/.local/lib/python3.12/site-packages/airflow/example_dags/example_short_circuit_operator.py
[2024-07-13T01:40:45.162+0000] {processor.py:830} INFO - Processing file /home/airflow/.local/lib/python3.12/site-packages/airflow/example_dags/example_short_circuit_operator.py for tasks to queue
[2024-07-13T01:40:45.166+0000] {logging_mixin.py:188} INFO - [2024-07-13T01:40:45.166+0000] {dagbag.py:545} INFO - Filling up the DagBag from /home/airflow/.local/lib/python3.12/site-packages/airflow/example_dags/example_short_circuit_operator.py
[2024-07-13T01:40:45.176+0000] {processor.py:840} INFO - DAG(s) 'example_short_circuit_operator' retrieved from /home/airflow/.local/lib/python3.12/site-packages/airflow/example_dags/example_short_circuit_operator.py
[2024-07-13T01:40:45.226+0000] {logging_mixin.py:188} INFO - [2024-07-13T01:40:45.226+0000] {dag.py:3096} INFO - Sync 1 DAGs
[2024-07-13T01:40:45.274+0000] {logging_mixin.py:188} INFO - [2024-07-13T01:40:45.274+0000] {dag.py:3954} INFO - Setting next_dagrun for example_short_circuit_operator to 2024-07-12 00:00:00+00:00, run_after=2024-07-13 00:00:00+00:00
[2024-07-13T01:40:45.350+0000] {processor.py:183} INFO - Processing /home/airflow/.local/lib/python3.12/site-packages/airflow/example_dags/example_short_circuit_operator.py took 0.219 seconds
[2024-07-13T01:41:15.433+0000] {processor.py:161} INFO - Started process (PID=1547) to work on /home/airflow/.local/lib/python3.12/site-packages/airflow/example_dags/example_short_circuit_operator.py
[2024-07-13T01:41:15.442+0000] {processor.py:830} INFO - Processing file /home/airflow/.local/lib/python3.12/site-packages/airflow/example_dags/example_short_circuit_operator.py for tasks to queue
[2024-07-13T01:41:15.444+0000] {logging_mixin.py:188} INFO - [2024-07-13T01:41:15.444+0000] {dagbag.py:545} INFO - Filling up the DagBag from /home/airflow/.local/lib/python3.12/site-packages/airflow/example_dags/example_short_circuit_operator.py
[2024-07-13T01:41:15.453+0000] {processor.py:840} INFO - DAG(s) 'example_short_circuit_operator' retrieved from /home/airflow/.local/lib/python3.12/site-packages/airflow/example_dags/example_short_circuit_operator.py
[2024-07-13T01:41:15.480+0000] {logging_mixin.py:188} INFO - [2024-07-13T01:41:15.480+0000] {dag.py:3096} INFO - Sync 1 DAGs
[2024-07-13T01:41:15.505+0000] {logging_mixin.py:188} INFO - [2024-07-13T01:41:15.505+0000] {dag.py:3954} INFO - Setting next_dagrun for example_short_circuit_operator to 2024-07-12 00:00:00+00:00, run_after=2024-07-13 00:00:00+00:00
[2024-07-13T01:41:15.537+0000] {processor.py:183} INFO - Processing /home/airflow/.local/lib/python3.12/site-packages/airflow/example_dags/example_short_circuit_operator.py took 0.110 seconds
[2024-07-13T01:41:46.052+0000] {processor.py:161} INFO - Started process (PID=1605) to work on /home/airflow/.local/lib/python3.12/site-packages/airflow/example_dags/example_short_circuit_operator.py
[2024-07-13T01:41:46.059+0000] {processor.py:830} INFO - Processing file /home/airflow/.local/lib/python3.12/site-packages/airflow/example_dags/example_short_circuit_operator.py for tasks to queue
[2024-07-13T01:41:46.061+0000] {logging_mixin.py:188} INFO - [2024-07-13T01:41:46.061+0000] {dagbag.py:545} INFO - Filling up the DagBag from /home/airflow/.local/lib/python3.12/site-packages/airflow/example_dags/example_short_circuit_operator.py
[2024-07-13T01:41:46.070+0000] {processor.py:840} INFO - DAG(s) 'example_short_circuit_operator' retrieved from /home/airflow/.local/lib/python3.12/site-packages/airflow/example_dags/example_short_circuit_operator.py
[2024-07-13T01:41:46.105+0000] {logging_mixin.py:188} INFO - [2024-07-13T01:41:46.104+0000] {dag.py:3096} INFO - Sync 1 DAGs
[2024-07-13T01:41:46.132+0000] {logging_mixin.py:188} INFO - [2024-07-13T01:41:46.131+0000] {dag.py:3954} INFO - Setting next_dagrun for example_short_circuit_operator to 2024-07-12 00:00:00+00:00, run_after=2024-07-13 00:00:00+00:00
[2024-07-13T01:41:46.164+0000] {processor.py:183} INFO - Processing /home/airflow/.local/lib/python3.12/site-packages/airflow/example_dags/example_short_circuit_operator.py took 0.119 seconds
[2024-07-13T01:42:16.441+0000] {processor.py:161} INFO - Started process (PID=1663) to work on /home/airflow/.local/lib/python3.12/site-packages/airflow/example_dags/example_short_circuit_operator.py
[2024-07-13T01:42:16.442+0000] {processor.py:830} INFO - Processing file /home/airflow/.local/lib/python3.12/site-packages/airflow/example_dags/example_short_circuit_operator.py for tasks to queue
[2024-07-13T01:42:16.445+0000] {logging_mixin.py:188} INFO - [2024-07-13T01:42:16.445+0000] {dagbag.py:545} INFO - Filling up the DagBag from /home/airflow/.local/lib/python3.12/site-packages/airflow/example_dags/example_short_circuit_operator.py
[2024-07-13T01:42:16.454+0000] {processor.py:840} INFO - DAG(s) 'example_short_circuit_operator' retrieved from /home/airflow/.local/lib/python3.12/site-packages/airflow/example_dags/example_short_circuit_operator.py
[2024-07-13T01:42:16.494+0000] {logging_mixin.py:188} INFO - [2024-07-13T01:42:16.494+0000] {dag.py:3096} INFO - Sync 1 DAGs
[2024-07-13T01:42:16.551+0000] {logging_mixin.py:188} INFO - [2024-07-13T01:42:16.548+0000] {dag.py:3954} INFO - Setting next_dagrun for example_short_circuit_operator to 2024-07-12 00:00:00+00:00, run_after=2024-07-13 00:00:00+00:00
[2024-07-13T01:42:16.592+0000] {processor.py:183} INFO - Processing /home/airflow/.local/lib/python3.12/site-packages/airflow/example_dags/example_short_circuit_operator.py took 0.159 seconds
[2024-07-13T01:42:46.868+0000] {processor.py:161} INFO - Started process (PID=1727) to work on /home/airflow/.local/lib/python3.12/site-packages/airflow/example_dags/example_short_circuit_operator.py
[2024-07-13T01:42:46.876+0000] {processor.py:830} INFO - Processing file /home/airflow/.local/lib/python3.12/site-packages/airflow/example_dags/example_short_circuit_operator.py for tasks to queue
[2024-07-13T01:42:46.878+0000] {logging_mixin.py:188} INFO - [2024-07-13T01:42:46.878+0000] {dagbag.py:545} INFO - Filling up the DagBag from /home/airflow/.local/lib/python3.12/site-packages/airflow/example_dags/example_short_circuit_operator.py
[2024-07-13T01:42:46.886+0000] {processor.py:840} INFO - DAG(s) 'example_short_circuit_operator' retrieved from /home/airflow/.local/lib/python3.12/site-packages/airflow/example_dags/example_short_circuit_operator.py
[2024-07-13T01:42:46.915+0000] {logging_mixin.py:188} INFO - [2024-07-13T01:42:46.914+0000] {dag.py:3096} INFO - Sync 1 DAGs
[2024-07-13T01:42:46.939+0000] {logging_mixin.py:188} INFO - [2024-07-13T01:42:46.939+0000] {dag.py:3954} INFO - Setting next_dagrun for example_short_circuit_operator to 2024-07-12 00:00:00+00:00, run_after=2024-07-13 00:00:00+00:00
[2024-07-13T01:42:47.169+0000] {processor.py:183} INFO - Processing /home/airflow/.local/lib/python3.12/site-packages/airflow/example_dags/example_short_circuit_operator.py took 0.307 seconds
[2024-07-13T01:43:17.361+0000] {processor.py:161} INFO - Started process (PID=1785) to work on /home/airflow/.local/lib/python3.12/site-packages/airflow/example_dags/example_short_circuit_operator.py
[2024-07-13T01:43:17.369+0000] {processor.py:830} INFO - Processing file /home/airflow/.local/lib/python3.12/site-packages/airflow/example_dags/example_short_circuit_operator.py for tasks to queue
[2024-07-13T01:43:17.371+0000] {logging_mixin.py:188} INFO - [2024-07-13T01:43:17.370+0000] {dagbag.py:545} INFO - Filling up the DagBag from /home/airflow/.local/lib/python3.12/site-packages/airflow/example_dags/example_short_circuit_operator.py
[2024-07-13T01:43:17.380+0000] {processor.py:840} INFO - DAG(s) 'example_short_circuit_operator' retrieved from /home/airflow/.local/lib/python3.12/site-packages/airflow/example_dags/example_short_circuit_operator.py
[2024-07-13T01:43:17.406+0000] {logging_mixin.py:188} INFO - [2024-07-13T01:43:17.406+0000] {dag.py:3096} INFO - Sync 1 DAGs
[2024-07-13T01:43:17.431+0000] {logging_mixin.py:188} INFO - [2024-07-13T01:43:17.430+0000] {dag.py:3954} INFO - Setting next_dagrun for example_short_circuit_operator to 2024-07-12 00:00:00+00:00, run_after=2024-07-13 00:00:00+00:00
[2024-07-13T01:43:17.473+0000] {processor.py:183} INFO - Processing /home/airflow/.local/lib/python3.12/site-packages/airflow/example_dags/example_short_circuit_operator.py took 0.120 seconds
