[2024-07-13T01:28:14.323+0000] {processor.py:161} INFO - Started process (PID=72) to work on /home/airflow/.local/lib/python3.12/site-packages/airflow/example_dags/example_sensors.py
[2024-07-13T01:28:14.324+0000] {processor.py:830} INFO - Processing file /home/airflow/.local/lib/python3.12/site-packages/airflow/example_dags/example_sensors.py for tasks to queue
[2024-07-13T01:28:14.327+0000] {logging_mixin.py:188} INFO - [2024-07-13T01:28:14.326+0000] {dagbag.py:545} INFO - Filling up the DagBag from /home/airflow/.local/lib/python3.12/site-packages/airflow/example_dags/example_sensors.py
[2024-07-13T01:28:14.341+0000] {processor.py:840} INFO - DAG(s) 'example_sensors' retrieved from /home/airflow/.local/lib/python3.12/site-packages/airflow/example_dags/example_sensors.py
[2024-07-13T01:28:14.496+0000] {logging_mixin.py:188} INFO - [2024-07-13T01:28:14.496+0000] {dag.py:3096} INFO - Sync 1 DAGs
[2024-07-13T01:28:14.509+0000] {logging_mixin.py:188} INFO - [2024-07-13T01:28:14.508+0000] {dag.py:3954} INFO - Setting next_dagrun for example_sensors to None, run_after=None
[2024-07-13T01:28:14.547+0000] {processor.py:183} INFO - Processing /home/airflow/.local/lib/python3.12/site-packages/airflow/example_dags/example_sensors.py took 0.232 seconds
[2024-07-13T01:28:45.085+0000] {processor.py:161} INFO - Started process (PID=130) to work on /home/airflow/.local/lib/python3.12/site-packages/airflow/example_dags/example_sensors.py
[2024-07-13T01:28:45.086+0000] {processor.py:830} INFO - Processing file /home/airflow/.local/lib/python3.12/site-packages/airflow/example_dags/example_sensors.py for tasks to queue
[2024-07-13T01:28:45.088+0000] {logging_mixin.py:188} INFO - [2024-07-13T01:28:45.087+0000] {dagbag.py:545} INFO - Filling up the DagBag from /home/airflow/.local/lib/python3.12/site-packages/airflow/example_dags/example_sensors.py
[2024-07-13T01:28:45.101+0000] {processor.py:840} INFO - DAG(s) 'example_sensors' retrieved from /home/airflow/.local/lib/python3.12/site-packages/airflow/example_dags/example_sensors.py
[2024-07-13T01:28:45.131+0000] {logging_mixin.py:188} INFO - [2024-07-13T01:28:45.131+0000] {dag.py:3096} INFO - Sync 1 DAGs
[2024-07-13T01:28:45.144+0000] {logging_mixin.py:188} INFO - [2024-07-13T01:28:45.144+0000] {dag.py:3954} INFO - Setting next_dagrun for example_sensors to None, run_after=None
[2024-07-13T01:28:45.174+0000] {processor.py:183} INFO - Processing /home/airflow/.local/lib/python3.12/site-packages/airflow/example_dags/example_sensors.py took 0.096 seconds
[2024-07-13T01:29:15.599+0000] {processor.py:161} INFO - Started process (PID=188) to work on /home/airflow/.local/lib/python3.12/site-packages/airflow/example_dags/example_sensors.py
[2024-07-13T01:29:15.600+0000] {processor.py:830} INFO - Processing file /home/airflow/.local/lib/python3.12/site-packages/airflow/example_dags/example_sensors.py for tasks to queue
[2024-07-13T01:29:15.603+0000] {logging_mixin.py:188} INFO - [2024-07-13T01:29:15.602+0000] {dagbag.py:545} INFO - Filling up the DagBag from /home/airflow/.local/lib/python3.12/site-packages/airflow/example_dags/example_sensors.py
[2024-07-13T01:29:15.614+0000] {processor.py:840} INFO - DAG(s) 'example_sensors' retrieved from /home/airflow/.local/lib/python3.12/site-packages/airflow/example_dags/example_sensors.py
[2024-07-13T01:29:15.643+0000] {logging_mixin.py:188} INFO - [2024-07-13T01:29:15.643+0000] {dag.py:3096} INFO - Sync 1 DAGs
[2024-07-13T01:29:15.661+0000] {logging_mixin.py:188} INFO - [2024-07-13T01:29:15.660+0000] {dag.py:3954} INFO - Setting next_dagrun for example_sensors to None, run_after=None
[2024-07-13T01:29:15.684+0000] {processor.py:183} INFO - Processing /home/airflow/.local/lib/python3.12/site-packages/airflow/example_dags/example_sensors.py took 0.091 seconds
[2024-07-13T01:29:46.741+0000] {processor.py:161} INFO - Started process (PID=245) to work on /home/airflow/.local/lib/python3.12/site-packages/airflow/example_dags/example_sensors.py
[2024-07-13T01:29:46.743+0000] {processor.py:830} INFO - Processing file /home/airflow/.local/lib/python3.12/site-packages/airflow/example_dags/example_sensors.py for tasks to queue
[2024-07-13T01:29:46.745+0000] {logging_mixin.py:188} INFO - [2024-07-13T01:29:46.745+0000] {dagbag.py:545} INFO - Filling up the DagBag from /home/airflow/.local/lib/python3.12/site-packages/airflow/example_dags/example_sensors.py
[2024-07-13T01:29:46.766+0000] {processor.py:840} INFO - DAG(s) 'example_sensors' retrieved from /home/airflow/.local/lib/python3.12/site-packages/airflow/example_dags/example_sensors.py
[2024-07-13T01:29:46.816+0000] {logging_mixin.py:188} INFO - [2024-07-13T01:29:46.816+0000] {dag.py:3096} INFO - Sync 1 DAGs
[2024-07-13T01:29:46.836+0000] {logging_mixin.py:188} INFO - [2024-07-13T01:29:46.836+0000] {dag.py:3954} INFO - Setting next_dagrun for example_sensors to None, run_after=None
[2024-07-13T01:29:46.916+0000] {processor.py:183} INFO - Processing /home/airflow/.local/lib/python3.12/site-packages/airflow/example_dags/example_sensors.py took 0.194 seconds
[2024-07-13T01:30:17.928+0000] {processor.py:161} INFO - Started process (PID=303) to work on /home/airflow/.local/lib/python3.12/site-packages/airflow/example_dags/example_sensors.py
[2024-07-13T01:30:17.937+0000] {processor.py:830} INFO - Processing file /home/airflow/.local/lib/python3.12/site-packages/airflow/example_dags/example_sensors.py for tasks to queue
[2024-07-13T01:30:17.940+0000] {logging_mixin.py:188} INFO - [2024-07-13T01:30:17.939+0000] {dagbag.py:545} INFO - Filling up the DagBag from /home/airflow/.local/lib/python3.12/site-packages/airflow/example_dags/example_sensors.py
[2024-07-13T01:30:17.952+0000] {processor.py:840} INFO - DAG(s) 'example_sensors' retrieved from /home/airflow/.local/lib/python3.12/site-packages/airflow/example_dags/example_sensors.py
[2024-07-13T01:30:17.982+0000] {logging_mixin.py:188} INFO - [2024-07-13T01:30:17.982+0000] {dag.py:3096} INFO - Sync 1 DAGs
[2024-07-13T01:30:17.997+0000] {logging_mixin.py:188} INFO - [2024-07-13T01:30:17.997+0000] {dag.py:3954} INFO - Setting next_dagrun for example_sensors to None, run_after=None
[2024-07-13T01:30:18.034+0000] {processor.py:183} INFO - Processing /home/airflow/.local/lib/python3.12/site-packages/airflow/example_dags/example_sensors.py took 0.114 seconds
[2024-07-13T01:30:48.415+0000] {processor.py:161} INFO - Started process (PID=361) to work on /home/airflow/.local/lib/python3.12/site-packages/airflow/example_dags/example_sensors.py
[2024-07-13T01:30:48.416+0000] {processor.py:830} INFO - Processing file /home/airflow/.local/lib/python3.12/site-packages/airflow/example_dags/example_sensors.py for tasks to queue
[2024-07-13T01:30:48.418+0000] {logging_mixin.py:188} INFO - [2024-07-13T01:30:48.418+0000] {dagbag.py:545} INFO - Filling up the DagBag from /home/airflow/.local/lib/python3.12/site-packages/airflow/example_dags/example_sensors.py
[2024-07-13T01:30:48.431+0000] {processor.py:840} INFO - DAG(s) 'example_sensors' retrieved from /home/airflow/.local/lib/python3.12/site-packages/airflow/example_dags/example_sensors.py
[2024-07-13T01:30:48.487+0000] {logging_mixin.py:188} INFO - [2024-07-13T01:30:48.486+0000] {dag.py:3096} INFO - Sync 1 DAGs
[2024-07-13T01:30:48.509+0000] {logging_mixin.py:188} INFO - [2024-07-13T01:30:48.508+0000] {dag.py:3954} INFO - Setting next_dagrun for example_sensors to None, run_after=None
[2024-07-13T01:30:48.535+0000] {processor.py:183} INFO - Processing /home/airflow/.local/lib/python3.12/site-packages/airflow/example_dags/example_sensors.py took 0.131 seconds
[2024-07-13T01:31:18.933+0000] {processor.py:161} INFO - Started process (PID=419) to work on /home/airflow/.local/lib/python3.12/site-packages/airflow/example_dags/example_sensors.py
[2024-07-13T01:31:18.941+0000] {processor.py:830} INFO - Processing file /home/airflow/.local/lib/python3.12/site-packages/airflow/example_dags/example_sensors.py for tasks to queue
[2024-07-13T01:31:18.943+0000] {logging_mixin.py:188} INFO - [2024-07-13T01:31:18.943+0000] {dagbag.py:545} INFO - Filling up the DagBag from /home/airflow/.local/lib/python3.12/site-packages/airflow/example_dags/example_sensors.py
[2024-07-13T01:31:18.954+0000] {processor.py:840} INFO - DAG(s) 'example_sensors' retrieved from /home/airflow/.local/lib/python3.12/site-packages/airflow/example_dags/example_sensors.py
[2024-07-13T01:31:18.987+0000] {logging_mixin.py:188} INFO - [2024-07-13T01:31:18.987+0000] {dag.py:3096} INFO - Sync 1 DAGs
[2024-07-13T01:31:19.003+0000] {logging_mixin.py:188} INFO - [2024-07-13T01:31:19.003+0000] {dag.py:3954} INFO - Setting next_dagrun for example_sensors to None, run_after=None
[2024-07-13T01:31:19.030+0000] {processor.py:183} INFO - Processing /home/airflow/.local/lib/python3.12/site-packages/airflow/example_dags/example_sensors.py took 0.104 seconds
[2024-07-13T01:31:49.203+0000] {processor.py:161} INFO - Started process (PID=478) to work on /home/airflow/.local/lib/python3.12/site-packages/airflow/example_dags/example_sensors.py
[2024-07-13T01:31:49.204+0000] {processor.py:830} INFO - Processing file /home/airflow/.local/lib/python3.12/site-packages/airflow/example_dags/example_sensors.py for tasks to queue
[2024-07-13T01:31:49.207+0000] {logging_mixin.py:188} INFO - [2024-07-13T01:31:49.207+0000] {dagbag.py:545} INFO - Filling up the DagBag from /home/airflow/.local/lib/python3.12/site-packages/airflow/example_dags/example_sensors.py
[2024-07-13T01:31:49.218+0000] {processor.py:840} INFO - DAG(s) 'example_sensors' retrieved from /home/airflow/.local/lib/python3.12/site-packages/airflow/example_dags/example_sensors.py
[2024-07-13T01:31:49.255+0000] {logging_mixin.py:188} INFO - [2024-07-13T01:31:49.255+0000] {dag.py:3096} INFO - Sync 1 DAGs
[2024-07-13T01:31:49.275+0000] {logging_mixin.py:188} INFO - [2024-07-13T01:31:49.274+0000] {dag.py:3954} INFO - Setting next_dagrun for example_sensors to None, run_after=None
[2024-07-13T01:31:49.307+0000] {processor.py:183} INFO - Processing /home/airflow/.local/lib/python3.12/site-packages/airflow/example_dags/example_sensors.py took 0.113 seconds
[2024-07-13T01:32:19.374+0000] {processor.py:161} INFO - Started process (PID=537) to work on /home/airflow/.local/lib/python3.12/site-packages/airflow/example_dags/example_sensors.py
[2024-07-13T01:32:19.382+0000] {processor.py:830} INFO - Processing file /home/airflow/.local/lib/python3.12/site-packages/airflow/example_dags/example_sensors.py for tasks to queue
[2024-07-13T01:32:19.384+0000] {logging_mixin.py:188} INFO - [2024-07-13T01:32:19.384+0000] {dagbag.py:545} INFO - Filling up the DagBag from /home/airflow/.local/lib/python3.12/site-packages/airflow/example_dags/example_sensors.py
[2024-07-13T01:32:19.395+0000] {processor.py:840} INFO - DAG(s) 'example_sensors' retrieved from /home/airflow/.local/lib/python3.12/site-packages/airflow/example_dags/example_sensors.py
[2024-07-13T01:32:19.444+0000] {logging_mixin.py:188} INFO - [2024-07-13T01:32:19.444+0000] {dag.py:3096} INFO - Sync 1 DAGs
[2024-07-13T01:32:19.459+0000] {logging_mixin.py:188} INFO - [2024-07-13T01:32:19.459+0000] {dag.py:3954} INFO - Setting next_dagrun for example_sensors to None, run_after=None
[2024-07-13T01:32:19.488+0000] {processor.py:183} INFO - Processing /home/airflow/.local/lib/python3.12/site-packages/airflow/example_dags/example_sensors.py took 0.120 seconds
[2024-07-13T01:32:49.793+0000] {processor.py:161} INFO - Started process (PID=595) to work on /home/airflow/.local/lib/python3.12/site-packages/airflow/example_dags/example_sensors.py
[2024-07-13T01:32:49.801+0000] {processor.py:830} INFO - Processing file /home/airflow/.local/lib/python3.12/site-packages/airflow/example_dags/example_sensors.py for tasks to queue
[2024-07-13T01:32:49.803+0000] {logging_mixin.py:188} INFO - [2024-07-13T01:32:49.802+0000] {dagbag.py:545} INFO - Filling up the DagBag from /home/airflow/.local/lib/python3.12/site-packages/airflow/example_dags/example_sensors.py
[2024-07-13T01:32:49.815+0000] {processor.py:840} INFO - DAG(s) 'example_sensors' retrieved from /home/airflow/.local/lib/python3.12/site-packages/airflow/example_dags/example_sensors.py
[2024-07-13T01:32:49.846+0000] {logging_mixin.py:188} INFO - [2024-07-13T01:32:49.846+0000] {dag.py:3096} INFO - Sync 1 DAGs
[2024-07-13T01:32:49.861+0000] {logging_mixin.py:188} INFO - [2024-07-13T01:32:49.861+0000] {dag.py:3954} INFO - Setting next_dagrun for example_sensors to None, run_after=None
[2024-07-13T01:32:49.891+0000] {processor.py:183} INFO - Processing /home/airflow/.local/lib/python3.12/site-packages/airflow/example_dags/example_sensors.py took 0.107 seconds
[2024-07-13T01:33:20.278+0000] {processor.py:161} INFO - Started process (PID=654) to work on /home/airflow/.local/lib/python3.12/site-packages/airflow/example_dags/example_sensors.py
[2024-07-13T01:33:20.281+0000] {processor.py:830} INFO - Processing file /home/airflow/.local/lib/python3.12/site-packages/airflow/example_dags/example_sensors.py for tasks to queue
[2024-07-13T01:33:20.288+0000] {logging_mixin.py:188} INFO - [2024-07-13T01:33:20.287+0000] {dagbag.py:545} INFO - Filling up the DagBag from /home/airflow/.local/lib/python3.12/site-packages/airflow/example_dags/example_sensors.py
[2024-07-13T01:33:20.299+0000] {processor.py:840} INFO - DAG(s) 'example_sensors' retrieved from /home/airflow/.local/lib/python3.12/site-packages/airflow/example_dags/example_sensors.py
[2024-07-13T01:33:20.336+0000] {logging_mixin.py:188} INFO - [2024-07-13T01:33:20.336+0000] {dag.py:3096} INFO - Sync 1 DAGs
[2024-07-13T01:33:20.368+0000] {logging_mixin.py:188} INFO - [2024-07-13T01:33:20.367+0000] {dag.py:3954} INFO - Setting next_dagrun for example_sensors to None, run_after=None
[2024-07-13T01:33:20.397+0000] {processor.py:183} INFO - Processing /home/airflow/.local/lib/python3.12/site-packages/airflow/example_dags/example_sensors.py took 0.127 seconds
[2024-07-13T01:33:50.658+0000] {processor.py:161} INFO - Started process (PID=712) to work on /home/airflow/.local/lib/python3.12/site-packages/airflow/example_dags/example_sensors.py
[2024-07-13T01:33:50.666+0000] {processor.py:830} INFO - Processing file /home/airflow/.local/lib/python3.12/site-packages/airflow/example_dags/example_sensors.py for tasks to queue
[2024-07-13T01:33:50.669+0000] {logging_mixin.py:188} INFO - [2024-07-13T01:33:50.668+0000] {dagbag.py:545} INFO - Filling up the DagBag from /home/airflow/.local/lib/python3.12/site-packages/airflow/example_dags/example_sensors.py
[2024-07-13T01:33:50.679+0000] {processor.py:840} INFO - DAG(s) 'example_sensors' retrieved from /home/airflow/.local/lib/python3.12/site-packages/airflow/example_dags/example_sensors.py
[2024-07-13T01:33:50.713+0000] {logging_mixin.py:188} INFO - [2024-07-13T01:33:50.713+0000] {dag.py:3096} INFO - Sync 1 DAGs
[2024-07-13T01:33:50.731+0000] {logging_mixin.py:188} INFO - [2024-07-13T01:33:50.731+0000] {dag.py:3954} INFO - Setting next_dagrun for example_sensors to None, run_after=None
[2024-07-13T01:33:50.770+0000] {processor.py:183} INFO - Processing /home/airflow/.local/lib/python3.12/site-packages/airflow/example_dags/example_sensors.py took 0.119 seconds
[2024-07-13T01:34:20.883+0000] {processor.py:161} INFO - Started process (PID=770) to work on /home/airflow/.local/lib/python3.12/site-packages/airflow/example_dags/example_sensors.py
[2024-07-13T01:34:20.884+0000] {processor.py:830} INFO - Processing file /home/airflow/.local/lib/python3.12/site-packages/airflow/example_dags/example_sensors.py for tasks to queue
[2024-07-13T01:34:20.886+0000] {logging_mixin.py:188} INFO - [2024-07-13T01:34:20.886+0000] {dagbag.py:545} INFO - Filling up the DagBag from /home/airflow/.local/lib/python3.12/site-packages/airflow/example_dags/example_sensors.py
[2024-07-13T01:34:20.900+0000] {processor.py:840} INFO - DAG(s) 'example_sensors' retrieved from /home/airflow/.local/lib/python3.12/site-packages/airflow/example_dags/example_sensors.py
[2024-07-13T01:34:20.939+0000] {logging_mixin.py:188} INFO - [2024-07-13T01:34:20.939+0000] {dag.py:3096} INFO - Sync 1 DAGs
[2024-07-13T01:34:20.956+0000] {logging_mixin.py:188} INFO - [2024-07-13T01:34:20.956+0000] {dag.py:3954} INFO - Setting next_dagrun for example_sensors to None, run_after=None
[2024-07-13T01:34:20.984+0000] {processor.py:183} INFO - Processing /home/airflow/.local/lib/python3.12/site-packages/airflow/example_dags/example_sensors.py took 0.114 seconds
[2024-07-13T01:34:51.085+0000] {processor.py:161} INFO - Started process (PID=828) to work on /home/airflow/.local/lib/python3.12/site-packages/airflow/example_dags/example_sensors.py
[2024-07-13T01:34:51.098+0000] {processor.py:830} INFO - Processing file /home/airflow/.local/lib/python3.12/site-packages/airflow/example_dags/example_sensors.py for tasks to queue
[2024-07-13T01:34:51.100+0000] {logging_mixin.py:188} INFO - [2024-07-13T01:34:51.100+0000] {dagbag.py:545} INFO - Filling up the DagBag from /home/airflow/.local/lib/python3.12/site-packages/airflow/example_dags/example_sensors.py
[2024-07-13T01:34:51.112+0000] {processor.py:840} INFO - DAG(s) 'example_sensors' retrieved from /home/airflow/.local/lib/python3.12/site-packages/airflow/example_dags/example_sensors.py
[2024-07-13T01:34:51.145+0000] {logging_mixin.py:188} INFO - [2024-07-13T01:34:51.145+0000] {dag.py:3096} INFO - Sync 1 DAGs
[2024-07-13T01:34:51.160+0000] {logging_mixin.py:188} INFO - [2024-07-13T01:34:51.160+0000] {dag.py:3954} INFO - Setting next_dagrun for example_sensors to None, run_after=None
[2024-07-13T01:34:51.187+0000] {processor.py:183} INFO - Processing /home/airflow/.local/lib/python3.12/site-packages/airflow/example_dags/example_sensors.py took 0.109 seconds
[2024-07-13T01:35:21.597+0000] {processor.py:161} INFO - Started process (PID=886) to work on /home/airflow/.local/lib/python3.12/site-packages/airflow/example_dags/example_sensors.py
[2024-07-13T01:35:21.599+0000] {processor.py:830} INFO - Processing file /home/airflow/.local/lib/python3.12/site-packages/airflow/example_dags/example_sensors.py for tasks to queue
[2024-07-13T01:35:21.601+0000] {logging_mixin.py:188} INFO - [2024-07-13T01:35:21.601+0000] {dagbag.py:545} INFO - Filling up the DagBag from /home/airflow/.local/lib/python3.12/site-packages/airflow/example_dags/example_sensors.py
[2024-07-13T01:35:21.612+0000] {processor.py:840} INFO - DAG(s) 'example_sensors' retrieved from /home/airflow/.local/lib/python3.12/site-packages/airflow/example_dags/example_sensors.py
[2024-07-13T01:35:21.648+0000] {logging_mixin.py:188} INFO - [2024-07-13T01:35:21.647+0000] {dag.py:3096} INFO - Sync 1 DAGs
[2024-07-13T01:35:21.662+0000] {logging_mixin.py:188} INFO - [2024-07-13T01:35:21.661+0000] {dag.py:3954} INFO - Setting next_dagrun for example_sensors to None, run_after=None
[2024-07-13T01:35:21.690+0000] {processor.py:183} INFO - Processing /home/airflow/.local/lib/python3.12/site-packages/airflow/example_dags/example_sensors.py took 0.099 seconds
[2024-07-13T01:35:52.274+0000] {processor.py:161} INFO - Started process (PID=943) to work on /home/airflow/.local/lib/python3.12/site-packages/airflow/example_dags/example_sensors.py
[2024-07-13T01:35:52.276+0000] {processor.py:830} INFO - Processing file /home/airflow/.local/lib/python3.12/site-packages/airflow/example_dags/example_sensors.py for tasks to queue
[2024-07-13T01:35:52.278+0000] {logging_mixin.py:188} INFO - [2024-07-13T01:35:52.277+0000] {dagbag.py:545} INFO - Filling up the DagBag from /home/airflow/.local/lib/python3.12/site-packages/airflow/example_dags/example_sensors.py
[2024-07-13T01:35:52.288+0000] {processor.py:840} INFO - DAG(s) 'example_sensors' retrieved from /home/airflow/.local/lib/python3.12/site-packages/airflow/example_dags/example_sensors.py
[2024-07-13T01:35:52.324+0000] {logging_mixin.py:188} INFO - [2024-07-13T01:35:52.323+0000] {dag.py:3096} INFO - Sync 1 DAGs
[2024-07-13T01:35:52.339+0000] {logging_mixin.py:188} INFO - [2024-07-13T01:35:52.338+0000] {dag.py:3954} INFO - Setting next_dagrun for example_sensors to None, run_after=None
[2024-07-13T01:35:52.369+0000] {processor.py:183} INFO - Processing /home/airflow/.local/lib/python3.12/site-packages/airflow/example_dags/example_sensors.py took 0.101 seconds
[2024-07-13T01:36:22.696+0000] {processor.py:161} INFO - Started process (PID=1001) to work on /home/airflow/.local/lib/python3.12/site-packages/airflow/example_dags/example_sensors.py
[2024-07-13T01:36:22.697+0000] {processor.py:830} INFO - Processing file /home/airflow/.local/lib/python3.12/site-packages/airflow/example_dags/example_sensors.py for tasks to queue
[2024-07-13T01:36:22.700+0000] {logging_mixin.py:188} INFO - [2024-07-13T01:36:22.699+0000] {dagbag.py:545} INFO - Filling up the DagBag from /home/airflow/.local/lib/python3.12/site-packages/airflow/example_dags/example_sensors.py
[2024-07-13T01:36:22.710+0000] {processor.py:840} INFO - DAG(s) 'example_sensors' retrieved from /home/airflow/.local/lib/python3.12/site-packages/airflow/example_dags/example_sensors.py
[2024-07-13T01:36:22.744+0000] {logging_mixin.py:188} INFO - [2024-07-13T01:36:22.744+0000] {dag.py:3096} INFO - Sync 1 DAGs
[2024-07-13T01:36:22.759+0000] {logging_mixin.py:188} INFO - [2024-07-13T01:36:22.759+0000] {dag.py:3954} INFO - Setting next_dagrun for example_sensors to None, run_after=None
[2024-07-13T01:36:22.792+0000] {processor.py:183} INFO - Processing /home/airflow/.local/lib/python3.12/site-packages/airflow/example_dags/example_sensors.py took 0.103 seconds
[2024-07-13T01:36:53.678+0000] {processor.py:161} INFO - Started process (PID=1059) to work on /home/airflow/.local/lib/python3.12/site-packages/airflow/example_dags/example_sensors.py
[2024-07-13T01:36:53.685+0000] {processor.py:830} INFO - Processing file /home/airflow/.local/lib/python3.12/site-packages/airflow/example_dags/example_sensors.py for tasks to queue
[2024-07-13T01:36:53.688+0000] {logging_mixin.py:188} INFO - [2024-07-13T01:36:53.687+0000] {dagbag.py:545} INFO - Filling up the DagBag from /home/airflow/.local/lib/python3.12/site-packages/airflow/example_dags/example_sensors.py
[2024-07-13T01:36:53.702+0000] {processor.py:840} INFO - DAG(s) 'example_sensors' retrieved from /home/airflow/.local/lib/python3.12/site-packages/airflow/example_dags/example_sensors.py
[2024-07-13T01:36:53.739+0000] {logging_mixin.py:188} INFO - [2024-07-13T01:36:53.739+0000] {dag.py:3096} INFO - Sync 1 DAGs
[2024-07-13T01:36:53.756+0000] {logging_mixin.py:188} INFO - [2024-07-13T01:36:53.756+0000] {dag.py:3954} INFO - Setting next_dagrun for example_sensors to None, run_after=None
[2024-07-13T01:36:53.794+0000] {processor.py:183} INFO - Processing /home/airflow/.local/lib/python3.12/site-packages/airflow/example_dags/example_sensors.py took 0.123 seconds
[2024-07-13T01:37:24.188+0000] {processor.py:161} INFO - Started process (PID=1118) to work on /home/airflow/.local/lib/python3.12/site-packages/airflow/example_dags/example_sensors.py
[2024-07-13T01:37:24.193+0000] {processor.py:830} INFO - Processing file /home/airflow/.local/lib/python3.12/site-packages/airflow/example_dags/example_sensors.py for tasks to queue
[2024-07-13T01:37:24.196+0000] {logging_mixin.py:188} INFO - [2024-07-13T01:37:24.196+0000] {dagbag.py:545} INFO - Filling up the DagBag from /home/airflow/.local/lib/python3.12/site-packages/airflow/example_dags/example_sensors.py
[2024-07-13T01:37:24.208+0000] {processor.py:840} INFO - DAG(s) 'example_sensors' retrieved from /home/airflow/.local/lib/python3.12/site-packages/airflow/example_dags/example_sensors.py
[2024-07-13T01:37:24.242+0000] {logging_mixin.py:188} INFO - [2024-07-13T01:37:24.241+0000] {dag.py:3096} INFO - Sync 1 DAGs
[2024-07-13T01:37:24.276+0000] {logging_mixin.py:188} INFO - [2024-07-13T01:37:24.276+0000] {dag.py:3954} INFO - Setting next_dagrun for example_sensors to None, run_after=None
[2024-07-13T01:37:24.300+0000] {processor.py:183} INFO - Processing /home/airflow/.local/lib/python3.12/site-packages/airflow/example_dags/example_sensors.py took 0.121 seconds
[2024-07-13T01:37:54.402+0000] {processor.py:161} INFO - Started process (PID=1176) to work on /home/airflow/.local/lib/python3.12/site-packages/airflow/example_dags/example_sensors.py
[2024-07-13T01:37:54.414+0000] {processor.py:830} INFO - Processing file /home/airflow/.local/lib/python3.12/site-packages/airflow/example_dags/example_sensors.py for tasks to queue
[2024-07-13T01:37:54.416+0000] {logging_mixin.py:188} INFO - [2024-07-13T01:37:54.416+0000] {dagbag.py:545} INFO - Filling up the DagBag from /home/airflow/.local/lib/python3.12/site-packages/airflow/example_dags/example_sensors.py
[2024-07-13T01:37:54.430+0000] {processor.py:840} INFO - DAG(s) 'example_sensors' retrieved from /home/airflow/.local/lib/python3.12/site-packages/airflow/example_dags/example_sensors.py
[2024-07-13T01:37:54.465+0000] {logging_mixin.py:188} INFO - [2024-07-13T01:37:54.465+0000] {dag.py:3096} INFO - Sync 1 DAGs
[2024-07-13T01:37:54.484+0000] {logging_mixin.py:188} INFO - [2024-07-13T01:37:54.484+0000] {dag.py:3954} INFO - Setting next_dagrun for example_sensors to None, run_after=None
[2024-07-13T01:37:54.520+0000] {processor.py:183} INFO - Processing /home/airflow/.local/lib/python3.12/site-packages/airflow/example_dags/example_sensors.py took 0.129 seconds
[2024-07-13T01:38:24.690+0000] {processor.py:161} INFO - Started process (PID=1235) to work on /home/airflow/.local/lib/python3.12/site-packages/airflow/example_dags/example_sensors.py
[2024-07-13T01:38:24.691+0000] {processor.py:830} INFO - Processing file /home/airflow/.local/lib/python3.12/site-packages/airflow/example_dags/example_sensors.py for tasks to queue
[2024-07-13T01:38:24.693+0000] {logging_mixin.py:188} INFO - [2024-07-13T01:38:24.693+0000] {dagbag.py:545} INFO - Filling up the DagBag from /home/airflow/.local/lib/python3.12/site-packages/airflow/example_dags/example_sensors.py
[2024-07-13T01:38:24.704+0000] {processor.py:840} INFO - DAG(s) 'example_sensors' retrieved from /home/airflow/.local/lib/python3.12/site-packages/airflow/example_dags/example_sensors.py
[2024-07-13T01:38:24.735+0000] {logging_mixin.py:188} INFO - [2024-07-13T01:38:24.734+0000] {dag.py:3096} INFO - Sync 1 DAGs
[2024-07-13T01:38:24.754+0000] {logging_mixin.py:188} INFO - [2024-07-13T01:38:24.754+0000] {dag.py:3954} INFO - Setting next_dagrun for example_sensors to None, run_after=None
[2024-07-13T01:38:24.783+0000] {processor.py:183} INFO - Processing /home/airflow/.local/lib/python3.12/site-packages/airflow/example_dags/example_sensors.py took 0.101 seconds
[2024-07-13T01:38:54.924+0000] {processor.py:161} INFO - Started process (PID=1291) to work on /home/airflow/.local/lib/python3.12/site-packages/airflow/example_dags/example_sensors.py
[2024-07-13T01:38:54.927+0000] {processor.py:830} INFO - Processing file /home/airflow/.local/lib/python3.12/site-packages/airflow/example_dags/example_sensors.py for tasks to queue
[2024-07-13T01:38:54.929+0000] {logging_mixin.py:188} INFO - [2024-07-13T01:38:54.929+0000] {dagbag.py:545} INFO - Filling up the DagBag from /home/airflow/.local/lib/python3.12/site-packages/airflow/example_dags/example_sensors.py
[2024-07-13T01:38:54.942+0000] {processor.py:840} INFO - DAG(s) 'example_sensors' retrieved from /home/airflow/.local/lib/python3.12/site-packages/airflow/example_dags/example_sensors.py
[2024-07-13T01:38:54.981+0000] {logging_mixin.py:188} INFO - [2024-07-13T01:38:54.981+0000] {dag.py:3096} INFO - Sync 1 DAGs
[2024-07-13T01:38:54.997+0000] {logging_mixin.py:188} INFO - [2024-07-13T01:38:54.996+0000] {dag.py:3954} INFO - Setting next_dagrun for example_sensors to None, run_after=None
[2024-07-13T01:38:55.036+0000] {processor.py:183} INFO - Processing /home/airflow/.local/lib/python3.12/site-packages/airflow/example_dags/example_sensors.py took 0.119 seconds
[2024-07-13T01:39:25.104+0000] {processor.py:161} INFO - Started process (PID=1349) to work on /home/airflow/.local/lib/python3.12/site-packages/airflow/example_dags/example_sensors.py
[2024-07-13T01:39:25.112+0000] {processor.py:830} INFO - Processing file /home/airflow/.local/lib/python3.12/site-packages/airflow/example_dags/example_sensors.py for tasks to queue
[2024-07-13T01:39:25.115+0000] {logging_mixin.py:188} INFO - [2024-07-13T01:39:25.114+0000] {dagbag.py:545} INFO - Filling up the DagBag from /home/airflow/.local/lib/python3.12/site-packages/airflow/example_dags/example_sensors.py
[2024-07-13T01:39:25.126+0000] {processor.py:840} INFO - DAG(s) 'example_sensors' retrieved from /home/airflow/.local/lib/python3.12/site-packages/airflow/example_dags/example_sensors.py
[2024-07-13T01:39:25.174+0000] {logging_mixin.py:188} INFO - [2024-07-13T01:39:25.174+0000] {dag.py:3096} INFO - Sync 1 DAGs
[2024-07-13T01:39:25.189+0000] {logging_mixin.py:188} INFO - [2024-07-13T01:39:25.188+0000] {dag.py:3954} INFO - Setting next_dagrun for example_sensors to None, run_after=None
[2024-07-13T01:39:25.215+0000] {processor.py:183} INFO - Processing /home/airflow/.local/lib/python3.12/site-packages/airflow/example_dags/example_sensors.py took 0.118 seconds
[2024-07-13T01:39:55.667+0000] {processor.py:161} INFO - Started process (PID=1407) to work on /home/airflow/.local/lib/python3.12/site-packages/airflow/example_dags/example_sensors.py
[2024-07-13T01:39:55.669+0000] {processor.py:830} INFO - Processing file /home/airflow/.local/lib/python3.12/site-packages/airflow/example_dags/example_sensors.py for tasks to queue
[2024-07-13T01:39:55.671+0000] {logging_mixin.py:188} INFO - [2024-07-13T01:39:55.671+0000] {dagbag.py:545} INFO - Filling up the DagBag from /home/airflow/.local/lib/python3.12/site-packages/airflow/example_dags/example_sensors.py
[2024-07-13T01:39:55.682+0000] {processor.py:840} INFO - DAG(s) 'example_sensors' retrieved from /home/airflow/.local/lib/python3.12/site-packages/airflow/example_dags/example_sensors.py
[2024-07-13T01:39:55.717+0000] {logging_mixin.py:188} INFO - [2024-07-13T01:39:55.717+0000] {dag.py:3096} INFO - Sync 1 DAGs
[2024-07-13T01:39:55.732+0000] {logging_mixin.py:188} INFO - [2024-07-13T01:39:55.731+0000] {dag.py:3954} INFO - Setting next_dagrun for example_sensors to None, run_after=None
[2024-07-13T01:39:55.758+0000] {processor.py:183} INFO - Processing /home/airflow/.local/lib/python3.12/site-packages/airflow/example_dags/example_sensors.py took 0.098 seconds
[2024-07-13T01:40:26.511+0000] {processor.py:161} INFO - Started process (PID=1465) to work on /home/airflow/.local/lib/python3.12/site-packages/airflow/example_dags/example_sensors.py
[2024-07-13T01:40:26.519+0000] {processor.py:830} INFO - Processing file /home/airflow/.local/lib/python3.12/site-packages/airflow/example_dags/example_sensors.py for tasks to queue
[2024-07-13T01:40:26.522+0000] {logging_mixin.py:188} INFO - [2024-07-13T01:40:26.521+0000] {dagbag.py:545} INFO - Filling up the DagBag from /home/airflow/.local/lib/python3.12/site-packages/airflow/example_dags/example_sensors.py
[2024-07-13T01:40:26.532+0000] {processor.py:840} INFO - DAG(s) 'example_sensors' retrieved from /home/airflow/.local/lib/python3.12/site-packages/airflow/example_dags/example_sensors.py
[2024-07-13T01:40:26.566+0000] {logging_mixin.py:188} INFO - [2024-07-13T01:40:26.565+0000] {dag.py:3096} INFO - Sync 1 DAGs
[2024-07-13T01:40:26.581+0000] {logging_mixin.py:188} INFO - [2024-07-13T01:40:26.581+0000] {dag.py:3954} INFO - Setting next_dagrun for example_sensors to None, run_after=None
[2024-07-13T01:40:26.609+0000] {processor.py:183} INFO - Processing /home/airflow/.local/lib/python3.12/site-packages/airflow/example_dags/example_sensors.py took 0.104 seconds
[2024-07-13T01:40:56.811+0000] {processor.py:161} INFO - Started process (PID=1523) to work on /home/airflow/.local/lib/python3.12/site-packages/airflow/example_dags/example_sensors.py
[2024-07-13T01:40:56.812+0000] {processor.py:830} INFO - Processing file /home/airflow/.local/lib/python3.12/site-packages/airflow/example_dags/example_sensors.py for tasks to queue
[2024-07-13T01:40:56.814+0000] {logging_mixin.py:188} INFO - [2024-07-13T01:40:56.814+0000] {dagbag.py:545} INFO - Filling up the DagBag from /home/airflow/.local/lib/python3.12/site-packages/airflow/example_dags/example_sensors.py
[2024-07-13T01:40:56.825+0000] {processor.py:840} INFO - DAG(s) 'example_sensors' retrieved from /home/airflow/.local/lib/python3.12/site-packages/airflow/example_dags/example_sensors.py
[2024-07-13T01:40:56.857+0000] {logging_mixin.py:188} INFO - [2024-07-13T01:40:56.857+0000] {dag.py:3096} INFO - Sync 1 DAGs
[2024-07-13T01:40:56.872+0000] {logging_mixin.py:188} INFO - [2024-07-13T01:40:56.872+0000] {dag.py:3954} INFO - Setting next_dagrun for example_sensors to None, run_after=None
[2024-07-13T01:40:56.905+0000] {processor.py:183} INFO - Processing /home/airflow/.local/lib/python3.12/site-packages/airflow/example_dags/example_sensors.py took 0.101 seconds
[2024-07-13T01:41:27.023+0000] {processor.py:161} INFO - Started process (PID=1581) to work on /home/airflow/.local/lib/python3.12/site-packages/airflow/example_dags/example_sensors.py
[2024-07-13T01:41:27.031+0000] {processor.py:830} INFO - Processing file /home/airflow/.local/lib/python3.12/site-packages/airflow/example_dags/example_sensors.py for tasks to queue
[2024-07-13T01:41:27.034+0000] {logging_mixin.py:188} INFO - [2024-07-13T01:41:27.033+0000] {dagbag.py:545} INFO - Filling up the DagBag from /home/airflow/.local/lib/python3.12/site-packages/airflow/example_dags/example_sensors.py
[2024-07-13T01:41:27.045+0000] {processor.py:840} INFO - DAG(s) 'example_sensors' retrieved from /home/airflow/.local/lib/python3.12/site-packages/airflow/example_dags/example_sensors.py
[2024-07-13T01:41:27.078+0000] {logging_mixin.py:188} INFO - [2024-07-13T01:41:27.078+0000] {dag.py:3096} INFO - Sync 1 DAGs
[2024-07-13T01:41:27.093+0000] {logging_mixin.py:188} INFO - [2024-07-13T01:41:27.093+0000] {dag.py:3954} INFO - Setting next_dagrun for example_sensors to None, run_after=None
[2024-07-13T01:41:27.276+0000] {processor.py:183} INFO - Processing /home/airflow/.local/lib/python3.12/site-packages/airflow/example_dags/example_sensors.py took 0.260 seconds
[2024-07-13T01:41:57.662+0000] {processor.py:161} INFO - Started process (PID=1639) to work on /home/airflow/.local/lib/python3.12/site-packages/airflow/example_dags/example_sensors.py
[2024-07-13T01:41:57.675+0000] {processor.py:830} INFO - Processing file /home/airflow/.local/lib/python3.12/site-packages/airflow/example_dags/example_sensors.py for tasks to queue
[2024-07-13T01:41:57.677+0000] {logging_mixin.py:188} INFO - [2024-07-13T01:41:57.677+0000] {dagbag.py:545} INFO - Filling up the DagBag from /home/airflow/.local/lib/python3.12/site-packages/airflow/example_dags/example_sensors.py
[2024-07-13T01:41:57.691+0000] {processor.py:840} INFO - DAG(s) 'example_sensors' retrieved from /home/airflow/.local/lib/python3.12/site-packages/airflow/example_dags/example_sensors.py
[2024-07-13T01:41:57.729+0000] {logging_mixin.py:188} INFO - [2024-07-13T01:41:57.728+0000] {dag.py:3096} INFO - Sync 1 DAGs
[2024-07-13T01:41:57.743+0000] {logging_mixin.py:188} INFO - [2024-07-13T01:41:57.743+0000] {dag.py:3954} INFO - Setting next_dagrun for example_sensors to None, run_after=None
[2024-07-13T01:41:57.775+0000] {processor.py:183} INFO - Processing /home/airflow/.local/lib/python3.12/site-packages/airflow/example_dags/example_sensors.py took 0.121 seconds
[2024-07-13T01:42:27.889+0000] {processor.py:161} INFO - Started process (PID=1697) to work on /home/airflow/.local/lib/python3.12/site-packages/airflow/example_dags/example_sensors.py
[2024-07-13T01:42:27.890+0000] {processor.py:830} INFO - Processing file /home/airflow/.local/lib/python3.12/site-packages/airflow/example_dags/example_sensors.py for tasks to queue
[2024-07-13T01:42:27.892+0000] {logging_mixin.py:188} INFO - [2024-07-13T01:42:27.891+0000] {dagbag.py:545} INFO - Filling up the DagBag from /home/airflow/.local/lib/python3.12/site-packages/airflow/example_dags/example_sensors.py
[2024-07-13T01:42:27.902+0000] {processor.py:840} INFO - DAG(s) 'example_sensors' retrieved from /home/airflow/.local/lib/python3.12/site-packages/airflow/example_dags/example_sensors.py
[2024-07-13T01:42:27.937+0000] {logging_mixin.py:188} INFO - [2024-07-13T01:42:27.936+0000] {dag.py:3096} INFO - Sync 1 DAGs
[2024-07-13T01:42:27.951+0000] {logging_mixin.py:188} INFO - [2024-07-13T01:42:27.951+0000] {dag.py:3954} INFO - Setting next_dagrun for example_sensors to None, run_after=None
[2024-07-13T01:42:27.979+0000] {processor.py:183} INFO - Processing /home/airflow/.local/lib/python3.12/site-packages/airflow/example_dags/example_sensors.py took 0.097 seconds
[2024-07-13T01:42:58.610+0000] {processor.py:161} INFO - Started process (PID=1755) to work on /home/airflow/.local/lib/python3.12/site-packages/airflow/example_dags/example_sensors.py
[2024-07-13T01:42:58.615+0000] {processor.py:830} INFO - Processing file /home/airflow/.local/lib/python3.12/site-packages/airflow/example_dags/example_sensors.py for tasks to queue
[2024-07-13T01:42:58.618+0000] {logging_mixin.py:188} INFO - [2024-07-13T01:42:58.618+0000] {dagbag.py:545} INFO - Filling up the DagBag from /home/airflow/.local/lib/python3.12/site-packages/airflow/example_dags/example_sensors.py
[2024-07-13T01:42:58.629+0000] {processor.py:840} INFO - DAG(s) 'example_sensors' retrieved from /home/airflow/.local/lib/python3.12/site-packages/airflow/example_dags/example_sensors.py
[2024-07-13T01:42:58.672+0000] {logging_mixin.py:188} INFO - [2024-07-13T01:42:58.672+0000] {dag.py:3096} INFO - Sync 1 DAGs
[2024-07-13T01:42:58.687+0000] {logging_mixin.py:188} INFO - [2024-07-13T01:42:58.686+0000] {dag.py:3954} INFO - Setting next_dagrun for example_sensors to None, run_after=None
[2024-07-13T01:42:58.726+0000] {processor.py:183} INFO - Processing /home/airflow/.local/lib/python3.12/site-packages/airflow/example_dags/example_sensors.py took 0.124 seconds
[2024-07-13T01:43:29.550+0000] {processor.py:161} INFO - Started process (PID=1813) to work on /home/airflow/.local/lib/python3.12/site-packages/airflow/example_dags/example_sensors.py
[2024-07-13T01:43:29.551+0000] {processor.py:830} INFO - Processing file /home/airflow/.local/lib/python3.12/site-packages/airflow/example_dags/example_sensors.py for tasks to queue
[2024-07-13T01:43:29.553+0000] {logging_mixin.py:188} INFO - [2024-07-13T01:43:29.553+0000] {dagbag.py:545} INFO - Filling up the DagBag from /home/airflow/.local/lib/python3.12/site-packages/airflow/example_dags/example_sensors.py
[2024-07-13T01:43:29.566+0000] {processor.py:840} INFO - DAG(s) 'example_sensors' retrieved from /home/airflow/.local/lib/python3.12/site-packages/airflow/example_dags/example_sensors.py
[2024-07-13T01:43:29.768+0000] {logging_mixin.py:188} INFO - [2024-07-13T01:43:29.768+0000] {dag.py:3096} INFO - Sync 1 DAGs
[2024-07-13T01:43:29.782+0000] {logging_mixin.py:188} INFO - [2024-07-13T01:43:29.782+0000] {dag.py:3954} INFO - Setting next_dagrun for example_sensors to None, run_after=None
[2024-07-13T01:43:29.813+0000] {processor.py:183} INFO - Processing /home/airflow/.local/lib/python3.12/site-packages/airflow/example_dags/example_sensors.py took 0.271 seconds
