[2024-07-13T01:28:10.097+0000] {processor.py:161} INFO - Started process (PID=50) to work on /home/airflow/.local/lib/python3.12/site-packages/airflow/example_dags/example_python_operator.py
[2024-07-13T01:28:10.108+0000] {processor.py:830} INFO - Processing file /home/airflow/.local/lib/python3.12/site-packages/airflow/example_dags/example_python_operator.py for tasks to queue
[2024-07-13T01:28:10.111+0000] {logging_mixin.py:188} INFO - [2024-07-13T01:28:10.110+0000] {dagbag.py:545} INFO - Filling up the DagBag from /home/airflow/.local/lib/python3.12/site-packages/airflow/example_dags/example_python_operator.py
[2024-07-13T01:28:10.164+0000] {processor.py:840} INFO - DAG(s) 'example_python_operator' retrieved from /home/airflow/.local/lib/python3.12/site-packages/airflow/example_dags/example_python_operator.py
[2024-07-13T01:28:10.850+0000] {logging_mixin.py:188} INFO - [2024-07-13T01:28:10.850+0000] {dag.py:3096} INFO - Sync 1 DAGs
[2024-07-13T01:28:10.894+0000] {logging_mixin.py:188} INFO - [2024-07-13T01:28:10.894+0000] {dag.py:3954} INFO - Setting next_dagrun for example_python_operator to None, run_after=None
[2024-07-13T01:28:11.010+0000] {processor.py:183} INFO - Processing /home/airflow/.local/lib/python3.12/site-packages/airflow/example_dags/example_python_operator.py took 0.950 seconds
[2024-07-13T01:28:41.931+0000] {processor.py:161} INFO - Started process (PID=107) to work on /home/airflow/.local/lib/python3.12/site-packages/airflow/example_dags/example_python_operator.py
[2024-07-13T01:28:41.932+0000] {processor.py:830} INFO - Processing file /home/airflow/.local/lib/python3.12/site-packages/airflow/example_dags/example_python_operator.py for tasks to queue
[2024-07-13T01:28:41.935+0000] {logging_mixin.py:188} INFO - [2024-07-13T01:28:41.934+0000] {dagbag.py:545} INFO - Filling up the DagBag from /home/airflow/.local/lib/python3.12/site-packages/airflow/example_dags/example_python_operator.py
[2024-07-13T01:28:41.947+0000] {processor.py:840} INFO - DAG(s) 'example_python_operator' retrieved from /home/airflow/.local/lib/python3.12/site-packages/airflow/example_dags/example_python_operator.py
[2024-07-13T01:28:41.975+0000] {logging_mixin.py:188} INFO - [2024-07-13T01:28:41.975+0000] {dag.py:3096} INFO - Sync 1 DAGs
[2024-07-13T01:28:41.990+0000] {logging_mixin.py:188} INFO - [2024-07-13T01:28:41.989+0000] {dag.py:3954} INFO - Setting next_dagrun for example_python_operator to None, run_after=None
[2024-07-13T01:28:42.016+0000] {processor.py:183} INFO - Processing /home/airflow/.local/lib/python3.12/site-packages/airflow/example_dags/example_python_operator.py took 0.091 seconds
[2024-07-13T01:29:12.200+0000] {processor.py:161} INFO - Started process (PID=165) to work on /home/airflow/.local/lib/python3.12/site-packages/airflow/example_dags/example_python_operator.py
[2024-07-13T01:29:12.202+0000] {processor.py:830} INFO - Processing file /home/airflow/.local/lib/python3.12/site-packages/airflow/example_dags/example_python_operator.py for tasks to queue
[2024-07-13T01:29:12.205+0000] {logging_mixin.py:188} INFO - [2024-07-13T01:29:12.204+0000] {dagbag.py:545} INFO - Filling up the DagBag from /home/airflow/.local/lib/python3.12/site-packages/airflow/example_dags/example_python_operator.py
[2024-07-13T01:29:12.220+0000] {processor.py:840} INFO - DAG(s) 'example_python_operator' retrieved from /home/airflow/.local/lib/python3.12/site-packages/airflow/example_dags/example_python_operator.py
[2024-07-13T01:29:12.258+0000] {logging_mixin.py:188} INFO - [2024-07-13T01:29:12.257+0000] {dag.py:3096} INFO - Sync 1 DAGs
[2024-07-13T01:29:12.275+0000] {logging_mixin.py:188} INFO - [2024-07-13T01:29:12.274+0000] {dag.py:3954} INFO - Setting next_dagrun for example_python_operator to None, run_after=None
[2024-07-13T01:29:12.307+0000] {processor.py:183} INFO - Processing /home/airflow/.local/lib/python3.12/site-packages/airflow/example_dags/example_python_operator.py took 0.114 seconds
[2024-07-13T01:29:42.378+0000] {processor.py:161} INFO - Started process (PID=223) to work on /home/airflow/.local/lib/python3.12/site-packages/airflow/example_dags/example_python_operator.py
[2024-07-13T01:29:42.391+0000] {processor.py:830} INFO - Processing file /home/airflow/.local/lib/python3.12/site-packages/airflow/example_dags/example_python_operator.py for tasks to queue
[2024-07-13T01:29:42.394+0000] {logging_mixin.py:188} INFO - [2024-07-13T01:29:42.393+0000] {dagbag.py:545} INFO - Filling up the DagBag from /home/airflow/.local/lib/python3.12/site-packages/airflow/example_dags/example_python_operator.py
[2024-07-13T01:29:42.408+0000] {processor.py:840} INFO - DAG(s) 'example_python_operator' retrieved from /home/airflow/.local/lib/python3.12/site-packages/airflow/example_dags/example_python_operator.py
[2024-07-13T01:29:42.461+0000] {logging_mixin.py:188} INFO - [2024-07-13T01:29:42.460+0000] {dag.py:3096} INFO - Sync 1 DAGs
[2024-07-13T01:29:42.481+0000] {logging_mixin.py:188} INFO - [2024-07-13T01:29:42.481+0000] {dag.py:3954} INFO - Setting next_dagrun for example_python_operator to None, run_after=None
[2024-07-13T01:29:42.522+0000] {processor.py:183} INFO - Processing /home/airflow/.local/lib/python3.12/site-packages/airflow/example_dags/example_python_operator.py took 0.152 seconds
[2024-07-13T01:30:12.633+0000] {processor.py:161} INFO - Started process (PID=280) to work on /home/airflow/.local/lib/python3.12/site-packages/airflow/example_dags/example_python_operator.py
[2024-07-13T01:30:12.643+0000] {processor.py:830} INFO - Processing file /home/airflow/.local/lib/python3.12/site-packages/airflow/example_dags/example_python_operator.py for tasks to queue
[2024-07-13T01:30:12.646+0000] {logging_mixin.py:188} INFO - [2024-07-13T01:30:12.645+0000] {dagbag.py:545} INFO - Filling up the DagBag from /home/airflow/.local/lib/python3.12/site-packages/airflow/example_dags/example_python_operator.py
[2024-07-13T01:30:12.660+0000] {processor.py:840} INFO - DAG(s) 'example_python_operator' retrieved from /home/airflow/.local/lib/python3.12/site-packages/airflow/example_dags/example_python_operator.py
[2024-07-13T01:30:12.693+0000] {logging_mixin.py:188} INFO - [2024-07-13T01:30:12.693+0000] {dag.py:3096} INFO - Sync 1 DAGs
[2024-07-13T01:30:12.709+0000] {logging_mixin.py:188} INFO - [2024-07-13T01:30:12.709+0000] {dag.py:3954} INFO - Setting next_dagrun for example_python_operator to None, run_after=None
[2024-07-13T01:30:12.742+0000] {processor.py:183} INFO - Processing /home/airflow/.local/lib/python3.12/site-packages/airflow/example_dags/example_python_operator.py took 0.117 seconds
[2024-07-13T01:30:43.205+0000] {processor.py:161} INFO - Started process (PID=338) to work on /home/airflow/.local/lib/python3.12/site-packages/airflow/example_dags/example_python_operator.py
[2024-07-13T01:30:43.206+0000] {processor.py:830} INFO - Processing file /home/airflow/.local/lib/python3.12/site-packages/airflow/example_dags/example_python_operator.py for tasks to queue
[2024-07-13T01:30:43.208+0000] {logging_mixin.py:188} INFO - [2024-07-13T01:30:43.208+0000] {dagbag.py:545} INFO - Filling up the DagBag from /home/airflow/.local/lib/python3.12/site-packages/airflow/example_dags/example_python_operator.py
[2024-07-13T01:30:43.220+0000] {processor.py:840} INFO - DAG(s) 'example_python_operator' retrieved from /home/airflow/.local/lib/python3.12/site-packages/airflow/example_dags/example_python_operator.py
[2024-07-13T01:30:43.251+0000] {logging_mixin.py:188} INFO - [2024-07-13T01:30:43.250+0000] {dag.py:3096} INFO - Sync 1 DAGs
[2024-07-13T01:30:43.266+0000] {logging_mixin.py:188} INFO - [2024-07-13T01:30:43.266+0000] {dag.py:3954} INFO - Setting next_dagrun for example_python_operator to None, run_after=None
[2024-07-13T01:30:43.300+0000] {processor.py:183} INFO - Processing /home/airflow/.local/lib/python3.12/site-packages/airflow/example_dags/example_python_operator.py took 0.102 seconds
[2024-07-13T01:31:13.441+0000] {processor.py:161} INFO - Started process (PID=396) to work on /home/airflow/.local/lib/python3.12/site-packages/airflow/example_dags/example_python_operator.py
[2024-07-13T01:31:13.448+0000] {processor.py:830} INFO - Processing file /home/airflow/.local/lib/python3.12/site-packages/airflow/example_dags/example_python_operator.py for tasks to queue
[2024-07-13T01:31:13.451+0000] {logging_mixin.py:188} INFO - [2024-07-13T01:31:13.450+0000] {dagbag.py:545} INFO - Filling up the DagBag from /home/airflow/.local/lib/python3.12/site-packages/airflow/example_dags/example_python_operator.py
[2024-07-13T01:31:13.463+0000] {processor.py:840} INFO - DAG(s) 'example_python_operator' retrieved from /home/airflow/.local/lib/python3.12/site-packages/airflow/example_dags/example_python_operator.py
[2024-07-13T01:31:13.492+0000] {logging_mixin.py:188} INFO - [2024-07-13T01:31:13.491+0000] {dag.py:3096} INFO - Sync 1 DAGs
[2024-07-13T01:31:13.507+0000] {logging_mixin.py:188} INFO - [2024-07-13T01:31:13.506+0000] {dag.py:3954} INFO - Setting next_dagrun for example_python_operator to None, run_after=None
[2024-07-13T01:31:13.538+0000] {processor.py:183} INFO - Processing /home/airflow/.local/lib/python3.12/site-packages/airflow/example_dags/example_python_operator.py took 0.104 seconds
[2024-07-13T01:31:43.939+0000] {processor.py:161} INFO - Started process (PID=454) to work on /home/airflow/.local/lib/python3.12/site-packages/airflow/example_dags/example_python_operator.py
[2024-07-13T01:31:43.940+0000] {processor.py:830} INFO - Processing file /home/airflow/.local/lib/python3.12/site-packages/airflow/example_dags/example_python_operator.py for tasks to queue
[2024-07-13T01:31:43.943+0000] {logging_mixin.py:188} INFO - [2024-07-13T01:31:43.942+0000] {dagbag.py:545} INFO - Filling up the DagBag from /home/airflow/.local/lib/python3.12/site-packages/airflow/example_dags/example_python_operator.py
[2024-07-13T01:31:43.954+0000] {processor.py:840} INFO - DAG(s) 'example_python_operator' retrieved from /home/airflow/.local/lib/python3.12/site-packages/airflow/example_dags/example_python_operator.py
[2024-07-13T01:31:43.983+0000] {logging_mixin.py:188} INFO - [2024-07-13T01:31:43.983+0000] {dag.py:3096} INFO - Sync 1 DAGs
[2024-07-13T01:31:43.998+0000] {logging_mixin.py:188} INFO - [2024-07-13T01:31:43.997+0000] {dag.py:3954} INFO - Setting next_dagrun for example_python_operator to None, run_after=None
[2024-07-13T01:31:44.023+0000] {processor.py:183} INFO - Processing /home/airflow/.local/lib/python3.12/site-packages/airflow/example_dags/example_python_operator.py took 0.090 seconds
[2024-07-13T01:32:14.300+0000] {processor.py:161} INFO - Started process (PID=513) to work on /home/airflow/.local/lib/python3.12/site-packages/airflow/example_dags/example_python_operator.py
[2024-07-13T01:32:14.313+0000] {processor.py:830} INFO - Processing file /home/airflow/.local/lib/python3.12/site-packages/airflow/example_dags/example_python_operator.py for tasks to queue
[2024-07-13T01:32:14.315+0000] {logging_mixin.py:188} INFO - [2024-07-13T01:32:14.315+0000] {dagbag.py:545} INFO - Filling up the DagBag from /home/airflow/.local/lib/python3.12/site-packages/airflow/example_dags/example_python_operator.py
[2024-07-13T01:32:14.330+0000] {processor.py:840} INFO - DAG(s) 'example_python_operator' retrieved from /home/airflow/.local/lib/python3.12/site-packages/airflow/example_dags/example_python_operator.py
[2024-07-13T01:32:14.364+0000] {logging_mixin.py:188} INFO - [2024-07-13T01:32:14.364+0000] {dag.py:3096} INFO - Sync 1 DAGs
[2024-07-13T01:32:14.380+0000] {logging_mixin.py:188} INFO - [2024-07-13T01:32:14.380+0000] {dag.py:3954} INFO - Setting next_dagrun for example_python_operator to None, run_after=None
[2024-07-13T01:32:14.412+0000] {processor.py:183} INFO - Processing /home/airflow/.local/lib/python3.12/site-packages/airflow/example_dags/example_python_operator.py took 0.119 seconds
[2024-07-13T01:32:44.586+0000] {processor.py:161} INFO - Started process (PID=572) to work on /home/airflow/.local/lib/python3.12/site-packages/airflow/example_dags/example_python_operator.py
[2024-07-13T01:32:44.594+0000] {processor.py:830} INFO - Processing file /home/airflow/.local/lib/python3.12/site-packages/airflow/example_dags/example_python_operator.py for tasks to queue
[2024-07-13T01:32:44.596+0000] {logging_mixin.py:188} INFO - [2024-07-13T01:32:44.596+0000] {dagbag.py:545} INFO - Filling up the DagBag from /home/airflow/.local/lib/python3.12/site-packages/airflow/example_dags/example_python_operator.py
[2024-07-13T01:32:44.610+0000] {processor.py:840} INFO - DAG(s) 'example_python_operator' retrieved from /home/airflow/.local/lib/python3.12/site-packages/airflow/example_dags/example_python_operator.py
[2024-07-13T01:32:44.641+0000] {logging_mixin.py:188} INFO - [2024-07-13T01:32:44.640+0000] {dag.py:3096} INFO - Sync 1 DAGs
[2024-07-13T01:32:44.658+0000] {logging_mixin.py:188} INFO - [2024-07-13T01:32:44.657+0000] {dag.py:3954} INFO - Setting next_dagrun for example_python_operator to None, run_after=None
[2024-07-13T01:32:44.692+0000] {processor.py:183} INFO - Processing /home/airflow/.local/lib/python3.12/site-packages/airflow/example_dags/example_python_operator.py took 0.114 seconds
[2024-07-13T01:33:14.928+0000] {processor.py:161} INFO - Started process (PID=630) to work on /home/airflow/.local/lib/python3.12/site-packages/airflow/example_dags/example_python_operator.py
[2024-07-13T01:33:14.929+0000] {processor.py:830} INFO - Processing file /home/airflow/.local/lib/python3.12/site-packages/airflow/example_dags/example_python_operator.py for tasks to queue
[2024-07-13T01:33:14.931+0000] {logging_mixin.py:188} INFO - [2024-07-13T01:33:14.931+0000] {dagbag.py:545} INFO - Filling up the DagBag from /home/airflow/.local/lib/python3.12/site-packages/airflow/example_dags/example_python_operator.py
[2024-07-13T01:33:14.944+0000] {processor.py:840} INFO - DAG(s) 'example_python_operator' retrieved from /home/airflow/.local/lib/python3.12/site-packages/airflow/example_dags/example_python_operator.py
[2024-07-13T01:33:14.972+0000] {logging_mixin.py:188} INFO - [2024-07-13T01:33:14.971+0000] {dag.py:3096} INFO - Sync 1 DAGs
[2024-07-13T01:33:14.987+0000] {logging_mixin.py:188} INFO - [2024-07-13T01:33:14.987+0000] {dag.py:3954} INFO - Setting next_dagrun for example_python_operator to None, run_after=None
[2024-07-13T01:33:15.041+0000] {processor.py:183} INFO - Processing /home/airflow/.local/lib/python3.12/site-packages/airflow/example_dags/example_python_operator.py took 0.119 seconds
[2024-07-13T01:33:45.178+0000] {processor.py:161} INFO - Started process (PID=695) to work on /home/airflow/.local/lib/python3.12/site-packages/airflow/example_dags/example_python_operator.py
[2024-07-13T01:33:45.179+0000] {processor.py:830} INFO - Processing file /home/airflow/.local/lib/python3.12/site-packages/airflow/example_dags/example_python_operator.py for tasks to queue
[2024-07-13T01:33:45.181+0000] {logging_mixin.py:188} INFO - [2024-07-13T01:33:45.181+0000] {dagbag.py:545} INFO - Filling up the DagBag from /home/airflow/.local/lib/python3.12/site-packages/airflow/example_dags/example_python_operator.py
[2024-07-13T01:33:45.193+0000] {processor.py:840} INFO - DAG(s) 'example_python_operator' retrieved from /home/airflow/.local/lib/python3.12/site-packages/airflow/example_dags/example_python_operator.py
[2024-07-13T01:33:45.220+0000] {logging_mixin.py:188} INFO - [2024-07-13T01:33:45.220+0000] {dag.py:3096} INFO - Sync 1 DAGs
[2024-07-13T01:33:45.234+0000] {logging_mixin.py:188} INFO - [2024-07-13T01:33:45.234+0000] {dag.py:3954} INFO - Setting next_dagrun for example_python_operator to None, run_after=None
[2024-07-13T01:33:45.256+0000] {processor.py:183} INFO - Processing /home/airflow/.local/lib/python3.12/site-packages/airflow/example_dags/example_python_operator.py took 0.086 seconds
[2024-07-13T01:34:15.611+0000] {processor.py:161} INFO - Started process (PID=753) to work on /home/airflow/.local/lib/python3.12/site-packages/airflow/example_dags/example_python_operator.py
[2024-07-13T01:34:15.619+0000] {processor.py:830} INFO - Processing file /home/airflow/.local/lib/python3.12/site-packages/airflow/example_dags/example_python_operator.py for tasks to queue
[2024-07-13T01:34:15.621+0000] {logging_mixin.py:188} INFO - [2024-07-13T01:34:15.621+0000] {dagbag.py:545} INFO - Filling up the DagBag from /home/airflow/.local/lib/python3.12/site-packages/airflow/example_dags/example_python_operator.py
[2024-07-13T01:34:15.635+0000] {processor.py:840} INFO - DAG(s) 'example_python_operator' retrieved from /home/airflow/.local/lib/python3.12/site-packages/airflow/example_dags/example_python_operator.py
[2024-07-13T01:34:15.664+0000] {logging_mixin.py:188} INFO - [2024-07-13T01:34:15.663+0000] {dag.py:3096} INFO - Sync 1 DAGs
[2024-07-13T01:34:15.680+0000] {logging_mixin.py:188} INFO - [2024-07-13T01:34:15.680+0000] {dag.py:3954} INFO - Setting next_dagrun for example_python_operator to None, run_after=None
[2024-07-13T01:34:15.710+0000] {processor.py:183} INFO - Processing /home/airflow/.local/lib/python3.12/site-packages/airflow/example_dags/example_python_operator.py took 0.108 seconds
[2024-07-13T01:34:45.801+0000] {processor.py:161} INFO - Started process (PID=811) to work on /home/airflow/.local/lib/python3.12/site-packages/airflow/example_dags/example_python_operator.py
[2024-07-13T01:34:45.802+0000] {processor.py:830} INFO - Processing file /home/airflow/.local/lib/python3.12/site-packages/airflow/example_dags/example_python_operator.py for tasks to queue
[2024-07-13T01:34:45.805+0000] {logging_mixin.py:188} INFO - [2024-07-13T01:34:45.805+0000] {dagbag.py:545} INFO - Filling up the DagBag from /home/airflow/.local/lib/python3.12/site-packages/airflow/example_dags/example_python_operator.py
[2024-07-13T01:34:45.818+0000] {processor.py:840} INFO - DAG(s) 'example_python_operator' retrieved from /home/airflow/.local/lib/python3.12/site-packages/airflow/example_dags/example_python_operator.py
[2024-07-13T01:34:45.849+0000] {logging_mixin.py:188} INFO - [2024-07-13T01:34:45.849+0000] {dag.py:3096} INFO - Sync 1 DAGs
[2024-07-13T01:34:45.869+0000] {logging_mixin.py:188} INFO - [2024-07-13T01:34:45.869+0000] {dag.py:3954} INFO - Setting next_dagrun for example_python_operator to None, run_after=None
[2024-07-13T01:34:45.911+0000] {processor.py:183} INFO - Processing /home/airflow/.local/lib/python3.12/site-packages/airflow/example_dags/example_python_operator.py took 0.118 seconds
[2024-07-13T01:35:16.368+0000] {processor.py:161} INFO - Started process (PID=869) to work on /home/airflow/.local/lib/python3.12/site-packages/airflow/example_dags/example_python_operator.py
[2024-07-13T01:35:16.375+0000] {processor.py:830} INFO - Processing file /home/airflow/.local/lib/python3.12/site-packages/airflow/example_dags/example_python_operator.py for tasks to queue
[2024-07-13T01:35:16.378+0000] {logging_mixin.py:188} INFO - [2024-07-13T01:35:16.377+0000] {dagbag.py:545} INFO - Filling up the DagBag from /home/airflow/.local/lib/python3.12/site-packages/airflow/example_dags/example_python_operator.py
[2024-07-13T01:35:16.391+0000] {processor.py:840} INFO - DAG(s) 'example_python_operator' retrieved from /home/airflow/.local/lib/python3.12/site-packages/airflow/example_dags/example_python_operator.py
[2024-07-13T01:35:16.421+0000] {logging_mixin.py:188} INFO - [2024-07-13T01:35:16.421+0000] {dag.py:3096} INFO - Sync 1 DAGs
[2024-07-13T01:35:16.435+0000] {logging_mixin.py:188} INFO - [2024-07-13T01:35:16.435+0000] {dag.py:3954} INFO - Setting next_dagrun for example_python_operator to None, run_after=None
[2024-07-13T01:35:16.463+0000] {processor.py:183} INFO - Processing /home/airflow/.local/lib/python3.12/site-packages/airflow/example_dags/example_python_operator.py took 0.102 seconds
[2024-07-13T01:35:46.824+0000] {processor.py:161} INFO - Started process (PID=926) to work on /home/airflow/.local/lib/python3.12/site-packages/airflow/example_dags/example_python_operator.py
[2024-07-13T01:35:46.825+0000] {processor.py:830} INFO - Processing file /home/airflow/.local/lib/python3.12/site-packages/airflow/example_dags/example_python_operator.py for tasks to queue
[2024-07-13T01:35:46.827+0000] {logging_mixin.py:188} INFO - [2024-07-13T01:35:46.827+0000] {dagbag.py:545} INFO - Filling up the DagBag from /home/airflow/.local/lib/python3.12/site-packages/airflow/example_dags/example_python_operator.py
[2024-07-13T01:35:46.843+0000] {processor.py:840} INFO - DAG(s) 'example_python_operator' retrieved from /home/airflow/.local/lib/python3.12/site-packages/airflow/example_dags/example_python_operator.py
[2024-07-13T01:35:46.873+0000] {logging_mixin.py:188} INFO - [2024-07-13T01:35:46.872+0000] {dag.py:3096} INFO - Sync 1 DAGs
[2024-07-13T01:35:46.889+0000] {logging_mixin.py:188} INFO - [2024-07-13T01:35:46.889+0000] {dag.py:3954} INFO - Setting next_dagrun for example_python_operator to None, run_after=None
[2024-07-13T01:35:46.922+0000] {processor.py:183} INFO - Processing /home/airflow/.local/lib/python3.12/site-packages/airflow/example_dags/example_python_operator.py took 0.104 seconds
[2024-07-13T01:36:17.208+0000] {processor.py:161} INFO - Started process (PID=984) to work on /home/airflow/.local/lib/python3.12/site-packages/airflow/example_dags/example_python_operator.py
[2024-07-13T01:36:17.210+0000] {processor.py:830} INFO - Processing file /home/airflow/.local/lib/python3.12/site-packages/airflow/example_dags/example_python_operator.py for tasks to queue
[2024-07-13T01:36:17.212+0000] {logging_mixin.py:188} INFO - [2024-07-13T01:36:17.212+0000] {dagbag.py:545} INFO - Filling up the DagBag from /home/airflow/.local/lib/python3.12/site-packages/airflow/example_dags/example_python_operator.py
[2024-07-13T01:36:17.226+0000] {processor.py:840} INFO - DAG(s) 'example_python_operator' retrieved from /home/airflow/.local/lib/python3.12/site-packages/airflow/example_dags/example_python_operator.py
[2024-07-13T01:36:17.261+0000] {logging_mixin.py:188} INFO - [2024-07-13T01:36:17.261+0000] {dag.py:3096} INFO - Sync 1 DAGs
[2024-07-13T01:36:17.278+0000] {logging_mixin.py:188} INFO - [2024-07-13T01:36:17.277+0000] {dag.py:3954} INFO - Setting next_dagrun for example_python_operator to None, run_after=None
[2024-07-13T01:36:17.310+0000] {processor.py:183} INFO - Processing /home/airflow/.local/lib/python3.12/site-packages/airflow/example_dags/example_python_operator.py took 0.112 seconds
[2024-07-13T01:36:47.417+0000] {processor.py:161} INFO - Started process (PID=1042) to work on /home/airflow/.local/lib/python3.12/site-packages/airflow/example_dags/example_python_operator.py
[2024-07-13T01:36:47.417+0000] {processor.py:830} INFO - Processing file /home/airflow/.local/lib/python3.12/site-packages/airflow/example_dags/example_python_operator.py for tasks to queue
[2024-07-13T01:36:47.420+0000] {logging_mixin.py:188} INFO - [2024-07-13T01:36:47.420+0000] {dagbag.py:545} INFO - Filling up the DagBag from /home/airflow/.local/lib/python3.12/site-packages/airflow/example_dags/example_python_operator.py
[2024-07-13T01:36:47.432+0000] {processor.py:840} INFO - DAG(s) 'example_python_operator' retrieved from /home/airflow/.local/lib/python3.12/site-packages/airflow/example_dags/example_python_operator.py
[2024-07-13T01:36:47.461+0000] {logging_mixin.py:188} INFO - [2024-07-13T01:36:47.460+0000] {dag.py:3096} INFO - Sync 1 DAGs
[2024-07-13T01:36:47.475+0000] {logging_mixin.py:188} INFO - [2024-07-13T01:36:47.475+0000] {dag.py:3954} INFO - Setting next_dagrun for example_python_operator to None, run_after=None
[2024-07-13T01:36:47.506+0000] {processor.py:183} INFO - Processing /home/airflow/.local/lib/python3.12/site-packages/airflow/example_dags/example_python_operator.py took 0.097 seconds
[2024-07-13T01:37:17.817+0000] {processor.py:161} INFO - Started process (PID=1101) to work on /home/airflow/.local/lib/python3.12/site-packages/airflow/example_dags/example_python_operator.py
[2024-07-13T01:37:17.825+0000] {processor.py:830} INFO - Processing file /home/airflow/.local/lib/python3.12/site-packages/airflow/example_dags/example_python_operator.py for tasks to queue
[2024-07-13T01:37:17.827+0000] {logging_mixin.py:188} INFO - [2024-07-13T01:37:17.827+0000] {dagbag.py:545} INFO - Filling up the DagBag from /home/airflow/.local/lib/python3.12/site-packages/airflow/example_dags/example_python_operator.py
[2024-07-13T01:37:17.846+0000] {processor.py:840} INFO - DAG(s) 'example_python_operator' retrieved from /home/airflow/.local/lib/python3.12/site-packages/airflow/example_dags/example_python_operator.py
[2024-07-13T01:37:17.884+0000] {logging_mixin.py:188} INFO - [2024-07-13T01:37:17.884+0000] {dag.py:3096} INFO - Sync 1 DAGs
[2024-07-13T01:37:17.902+0000] {logging_mixin.py:188} INFO - [2024-07-13T01:37:17.901+0000] {dag.py:3954} INFO - Setting next_dagrun for example_python_operator to None, run_after=None
[2024-07-13T01:37:17.938+0000] {processor.py:183} INFO - Processing /home/airflow/.local/lib/python3.12/site-packages/airflow/example_dags/example_python_operator.py took 0.128 seconds
[2024-07-13T01:37:48.239+0000] {processor.py:161} INFO - Started process (PID=1159) to work on /home/airflow/.local/lib/python3.12/site-packages/airflow/example_dags/example_python_operator.py
[2024-07-13T01:37:48.248+0000] {processor.py:830} INFO - Processing file /home/airflow/.local/lib/python3.12/site-packages/airflow/example_dags/example_python_operator.py for tasks to queue
[2024-07-13T01:37:48.250+0000] {logging_mixin.py:188} INFO - [2024-07-13T01:37:48.250+0000] {dagbag.py:545} INFO - Filling up the DagBag from /home/airflow/.local/lib/python3.12/site-packages/airflow/example_dags/example_python_operator.py
[2024-07-13T01:37:48.263+0000] {processor.py:840} INFO - DAG(s) 'example_python_operator' retrieved from /home/airflow/.local/lib/python3.12/site-packages/airflow/example_dags/example_python_operator.py
[2024-07-13T01:37:48.294+0000] {logging_mixin.py:188} INFO - [2024-07-13T01:37:48.293+0000] {dag.py:3096} INFO - Sync 1 DAGs
[2024-07-13T01:37:48.310+0000] {logging_mixin.py:188} INFO - [2024-07-13T01:37:48.309+0000] {dag.py:3954} INFO - Setting next_dagrun for example_python_operator to None, run_after=None
[2024-07-13T01:37:48.344+0000] {processor.py:183} INFO - Processing /home/airflow/.local/lib/python3.12/site-packages/airflow/example_dags/example_python_operator.py took 0.111 seconds
[2024-07-13T01:38:18.525+0000] {processor.py:161} INFO - Started process (PID=1217) to work on /home/airflow/.local/lib/python3.12/site-packages/airflow/example_dags/example_python_operator.py
[2024-07-13T01:38:18.533+0000] {processor.py:830} INFO - Processing file /home/airflow/.local/lib/python3.12/site-packages/airflow/example_dags/example_python_operator.py for tasks to queue
[2024-07-13T01:38:18.535+0000] {logging_mixin.py:188} INFO - [2024-07-13T01:38:18.534+0000] {dagbag.py:545} INFO - Filling up the DagBag from /home/airflow/.local/lib/python3.12/site-packages/airflow/example_dags/example_python_operator.py
[2024-07-13T01:38:18.548+0000] {processor.py:840} INFO - DAG(s) 'example_python_operator' retrieved from /home/airflow/.local/lib/python3.12/site-packages/airflow/example_dags/example_python_operator.py
[2024-07-13T01:38:18.575+0000] {logging_mixin.py:188} INFO - [2024-07-13T01:38:18.574+0000] {dag.py:3096} INFO - Sync 1 DAGs
[2024-07-13T01:38:18.591+0000] {logging_mixin.py:188} INFO - [2024-07-13T01:38:18.591+0000] {dag.py:3954} INFO - Setting next_dagrun for example_python_operator to None, run_after=None
[2024-07-13T01:38:18.622+0000] {processor.py:183} INFO - Processing /home/airflow/.local/lib/python3.12/site-packages/airflow/example_dags/example_python_operator.py took 0.103 seconds
[2024-07-13T01:38:48.923+0000] {processor.py:161} INFO - Started process (PID=1275) to work on /home/airflow/.local/lib/python3.12/site-packages/airflow/example_dags/example_python_operator.py
[2024-07-13T01:38:48.923+0000] {processor.py:830} INFO - Processing file /home/airflow/.local/lib/python3.12/site-packages/airflow/example_dags/example_python_operator.py for tasks to queue
[2024-07-13T01:38:48.926+0000] {logging_mixin.py:188} INFO - [2024-07-13T01:38:48.925+0000] {dagbag.py:545} INFO - Filling up the DagBag from /home/airflow/.local/lib/python3.12/site-packages/airflow/example_dags/example_python_operator.py
[2024-07-13T01:38:48.938+0000] {processor.py:840} INFO - DAG(s) 'example_python_operator' retrieved from /home/airflow/.local/lib/python3.12/site-packages/airflow/example_dags/example_python_operator.py
[2024-07-13T01:38:48.968+0000] {logging_mixin.py:188} INFO - [2024-07-13T01:38:48.968+0000] {dag.py:3096} INFO - Sync 1 DAGs
[2024-07-13T01:38:48.983+0000] {logging_mixin.py:188} INFO - [2024-07-13T01:38:48.982+0000] {dag.py:3954} INFO - Setting next_dagrun for example_python_operator to None, run_after=None
[2024-07-13T01:38:49.015+0000] {processor.py:183} INFO - Processing /home/airflow/.local/lib/python3.12/site-packages/airflow/example_dags/example_python_operator.py took 0.099 seconds
[2024-07-13T01:39:19.101+0000] {processor.py:161} INFO - Started process (PID=1333) to work on /home/airflow/.local/lib/python3.12/site-packages/airflow/example_dags/example_python_operator.py
[2024-07-13T01:39:19.102+0000] {processor.py:830} INFO - Processing file /home/airflow/.local/lib/python3.12/site-packages/airflow/example_dags/example_python_operator.py for tasks to queue
[2024-07-13T01:39:19.105+0000] {logging_mixin.py:188} INFO - [2024-07-13T01:39:19.104+0000] {dagbag.py:545} INFO - Filling up the DagBag from /home/airflow/.local/lib/python3.12/site-packages/airflow/example_dags/example_python_operator.py
[2024-07-13T01:39:19.118+0000] {processor.py:840} INFO - DAG(s) 'example_python_operator' retrieved from /home/airflow/.local/lib/python3.12/site-packages/airflow/example_dags/example_python_operator.py
[2024-07-13T01:39:19.158+0000] {logging_mixin.py:188} INFO - [2024-07-13T01:39:19.158+0000] {dag.py:3096} INFO - Sync 1 DAGs
[2024-07-13T01:39:19.173+0000] {logging_mixin.py:188} INFO - [2024-07-13T01:39:19.173+0000] {dag.py:3954} INFO - Setting next_dagrun for example_python_operator to None, run_after=None
[2024-07-13T01:39:19.205+0000] {processor.py:183} INFO - Processing /home/airflow/.local/lib/python3.12/site-packages/airflow/example_dags/example_python_operator.py took 0.111 seconds
[2024-07-13T01:39:49.697+0000] {processor.py:161} INFO - Started process (PID=1391) to work on /home/airflow/.local/lib/python3.12/site-packages/airflow/example_dags/example_python_operator.py
[2024-07-13T01:39:49.705+0000] {processor.py:830} INFO - Processing file /home/airflow/.local/lib/python3.12/site-packages/airflow/example_dags/example_python_operator.py for tasks to queue
[2024-07-13T01:39:49.708+0000] {logging_mixin.py:188} INFO - [2024-07-13T01:39:49.708+0000] {dagbag.py:545} INFO - Filling up the DagBag from /home/airflow/.local/lib/python3.12/site-packages/airflow/example_dags/example_python_operator.py
[2024-07-13T01:39:49.724+0000] {processor.py:840} INFO - DAG(s) 'example_python_operator' retrieved from /home/airflow/.local/lib/python3.12/site-packages/airflow/example_dags/example_python_operator.py
[2024-07-13T01:39:49.751+0000] {logging_mixin.py:188} INFO - [2024-07-13T01:39:49.751+0000] {dag.py:3096} INFO - Sync 1 DAGs
[2024-07-13T01:39:49.765+0000] {logging_mixin.py:188} INFO - [2024-07-13T01:39:49.765+0000] {dag.py:3954} INFO - Setting next_dagrun for example_python_operator to None, run_after=None
[2024-07-13T01:39:49.798+0000] {processor.py:183} INFO - Processing /home/airflow/.local/lib/python3.12/site-packages/airflow/example_dags/example_python_operator.py took 0.109 seconds
[2024-07-13T01:40:20.198+0000] {processor.py:161} INFO - Started process (PID=1449) to work on /home/airflow/.local/lib/python3.12/site-packages/airflow/example_dags/example_python_operator.py
[2024-07-13T01:40:20.199+0000] {processor.py:830} INFO - Processing file /home/airflow/.local/lib/python3.12/site-packages/airflow/example_dags/example_python_operator.py for tasks to queue
[2024-07-13T01:40:20.201+0000] {logging_mixin.py:188} INFO - [2024-07-13T01:40:20.201+0000] {dagbag.py:545} INFO - Filling up the DagBag from /home/airflow/.local/lib/python3.12/site-packages/airflow/example_dags/example_python_operator.py
[2024-07-13T01:40:20.213+0000] {processor.py:840} INFO - DAG(s) 'example_python_operator' retrieved from /home/airflow/.local/lib/python3.12/site-packages/airflow/example_dags/example_python_operator.py
[2024-07-13T01:40:20.242+0000] {logging_mixin.py:188} INFO - [2024-07-13T01:40:20.242+0000] {dag.py:3096} INFO - Sync 1 DAGs
[2024-07-13T01:40:20.257+0000] {logging_mixin.py:188} INFO - [2024-07-13T01:40:20.257+0000] {dag.py:3954} INFO - Setting next_dagrun for example_python_operator to None, run_after=None
[2024-07-13T01:40:20.283+0000] {processor.py:183} INFO - Processing /home/airflow/.local/lib/python3.12/site-packages/airflow/example_dags/example_python_operator.py took 0.092 seconds
[2024-07-13T01:40:50.527+0000] {processor.py:161} INFO - Started process (PID=1507) to work on /home/airflow/.local/lib/python3.12/site-packages/airflow/example_dags/example_python_operator.py
[2024-07-13T01:40:50.528+0000] {processor.py:830} INFO - Processing file /home/airflow/.local/lib/python3.12/site-packages/airflow/example_dags/example_python_operator.py for tasks to queue
[2024-07-13T01:40:50.533+0000] {logging_mixin.py:188} INFO - [2024-07-13T01:40:50.532+0000] {dagbag.py:545} INFO - Filling up the DagBag from /home/airflow/.local/lib/python3.12/site-packages/airflow/example_dags/example_python_operator.py
[2024-07-13T01:40:50.545+0000] {processor.py:840} INFO - DAG(s) 'example_python_operator' retrieved from /home/airflow/.local/lib/python3.12/site-packages/airflow/example_dags/example_python_operator.py
[2024-07-13T01:40:50.578+0000] {logging_mixin.py:188} INFO - [2024-07-13T01:40:50.578+0000] {dag.py:3096} INFO - Sync 1 DAGs
[2024-07-13T01:40:50.598+0000] {logging_mixin.py:188} INFO - [2024-07-13T01:40:50.598+0000] {dag.py:3954} INFO - Setting next_dagrun for example_python_operator to None, run_after=None
[2024-07-13T01:40:50.641+0000] {processor.py:183} INFO - Processing /home/airflow/.local/lib/python3.12/site-packages/airflow/example_dags/example_python_operator.py took 0.122 seconds
[2024-07-13T01:41:20.814+0000] {processor.py:161} INFO - Started process (PID=1565) to work on /home/airflow/.local/lib/python3.12/site-packages/airflow/example_dags/example_python_operator.py
[2024-07-13T01:41:20.822+0000] {processor.py:830} INFO - Processing file /home/airflow/.local/lib/python3.12/site-packages/airflow/example_dags/example_python_operator.py for tasks to queue
[2024-07-13T01:41:20.824+0000] {logging_mixin.py:188} INFO - [2024-07-13T01:41:20.824+0000] {dagbag.py:545} INFO - Filling up the DagBag from /home/airflow/.local/lib/python3.12/site-packages/airflow/example_dags/example_python_operator.py
[2024-07-13T01:41:20.840+0000] {processor.py:840} INFO - DAG(s) 'example_python_operator' retrieved from /home/airflow/.local/lib/python3.12/site-packages/airflow/example_dags/example_python_operator.py
[2024-07-13T01:41:20.867+0000] {logging_mixin.py:188} INFO - [2024-07-13T01:41:20.867+0000] {dag.py:3096} INFO - Sync 1 DAGs
[2024-07-13T01:41:20.881+0000] {logging_mixin.py:188} INFO - [2024-07-13T01:41:20.881+0000] {dag.py:3954} INFO - Setting next_dagrun for example_python_operator to None, run_after=None
[2024-07-13T01:41:20.908+0000] {processor.py:183} INFO - Processing /home/airflow/.local/lib/python3.12/site-packages/airflow/example_dags/example_python_operator.py took 0.100 seconds
[2024-07-13T01:41:51.376+0000] {processor.py:161} INFO - Started process (PID=1623) to work on /home/airflow/.local/lib/python3.12/site-packages/airflow/example_dags/example_python_operator.py
[2024-07-13T01:41:51.384+0000] {processor.py:830} INFO - Processing file /home/airflow/.local/lib/python3.12/site-packages/airflow/example_dags/example_python_operator.py for tasks to queue
[2024-07-13T01:41:51.387+0000] {logging_mixin.py:188} INFO - [2024-07-13T01:41:51.386+0000] {dagbag.py:545} INFO - Filling up the DagBag from /home/airflow/.local/lib/python3.12/site-packages/airflow/example_dags/example_python_operator.py
[2024-07-13T01:41:51.399+0000] {processor.py:840} INFO - DAG(s) 'example_python_operator' retrieved from /home/airflow/.local/lib/python3.12/site-packages/airflow/example_dags/example_python_operator.py
[2024-07-13T01:41:51.425+0000] {logging_mixin.py:188} INFO - [2024-07-13T01:41:51.424+0000] {dag.py:3096} INFO - Sync 1 DAGs
[2024-07-13T01:41:51.439+0000] {logging_mixin.py:188} INFO - [2024-07-13T01:41:51.439+0000] {dag.py:3954} INFO - Setting next_dagrun for example_python_operator to None, run_after=None
[2024-07-13T01:41:51.473+0000] {processor.py:183} INFO - Processing /home/airflow/.local/lib/python3.12/site-packages/airflow/example_dags/example_python_operator.py took 0.104 seconds
[2024-07-13T01:42:21.657+0000] {processor.py:161} INFO - Started process (PID=1681) to work on /home/airflow/.local/lib/python3.12/site-packages/airflow/example_dags/example_python_operator.py
[2024-07-13T01:42:21.658+0000] {processor.py:830} INFO - Processing file /home/airflow/.local/lib/python3.12/site-packages/airflow/example_dags/example_python_operator.py for tasks to queue
[2024-07-13T01:42:21.661+0000] {logging_mixin.py:188} INFO - [2024-07-13T01:42:21.661+0000] {dagbag.py:545} INFO - Filling up the DagBag from /home/airflow/.local/lib/python3.12/site-packages/airflow/example_dags/example_python_operator.py
[2024-07-13T01:42:21.674+0000] {processor.py:840} INFO - DAG(s) 'example_python_operator' retrieved from /home/airflow/.local/lib/python3.12/site-packages/airflow/example_dags/example_python_operator.py
[2024-07-13T01:42:21.705+0000] {logging_mixin.py:188} INFO - [2024-07-13T01:42:21.705+0000] {dag.py:3096} INFO - Sync 1 DAGs
[2024-07-13T01:42:21.722+0000] {logging_mixin.py:188} INFO - [2024-07-13T01:42:21.722+0000] {dag.py:3954} INFO - Setting next_dagrun for example_python_operator to None, run_after=None
[2024-07-13T01:42:21.763+0000] {processor.py:183} INFO - Processing /home/airflow/.local/lib/python3.12/site-packages/airflow/example_dags/example_python_operator.py took 0.113 seconds
[2024-07-13T01:42:52.077+0000] {processor.py:161} INFO - Started process (PID=1739) to work on /home/airflow/.local/lib/python3.12/site-packages/airflow/example_dags/example_python_operator.py
[2024-07-13T01:42:52.079+0000] {processor.py:830} INFO - Processing file /home/airflow/.local/lib/python3.12/site-packages/airflow/example_dags/example_python_operator.py for tasks to queue
[2024-07-13T01:42:52.081+0000] {logging_mixin.py:188} INFO - [2024-07-13T01:42:52.081+0000] {dagbag.py:545} INFO - Filling up the DagBag from /home/airflow/.local/lib/python3.12/site-packages/airflow/example_dags/example_python_operator.py
[2024-07-13T01:42:52.093+0000] {processor.py:840} INFO - DAG(s) 'example_python_operator' retrieved from /home/airflow/.local/lib/python3.12/site-packages/airflow/example_dags/example_python_operator.py
[2024-07-13T01:42:52.129+0000] {logging_mixin.py:188} INFO - [2024-07-13T01:42:52.129+0000] {dag.py:3096} INFO - Sync 1 DAGs
[2024-07-13T01:42:52.311+0000] {logging_mixin.py:188} INFO - [2024-07-13T01:42:52.310+0000] {dag.py:3954} INFO - Setting next_dagrun for example_python_operator to None, run_after=None
[2024-07-13T01:42:52.350+0000] {processor.py:183} INFO - Processing /home/airflow/.local/lib/python3.12/site-packages/airflow/example_dags/example_python_operator.py took 0.279 seconds
[2024-07-13T01:43:23.358+0000] {processor.py:161} INFO - Started process (PID=1796) to work on /home/airflow/.local/lib/python3.12/site-packages/airflow/example_dags/example_python_operator.py
[2024-07-13T01:43:23.360+0000] {processor.py:830} INFO - Processing file /home/airflow/.local/lib/python3.12/site-packages/airflow/example_dags/example_python_operator.py for tasks to queue
[2024-07-13T01:43:23.362+0000] {logging_mixin.py:188} INFO - [2024-07-13T01:43:23.362+0000] {dagbag.py:545} INFO - Filling up the DagBag from /home/airflow/.local/lib/python3.12/site-packages/airflow/example_dags/example_python_operator.py
[2024-07-13T01:43:23.381+0000] {processor.py:840} INFO - DAG(s) 'example_python_operator' retrieved from /home/airflow/.local/lib/python3.12/site-packages/airflow/example_dags/example_python_operator.py
[2024-07-13T01:43:23.419+0000] {logging_mixin.py:188} INFO - [2024-07-13T01:43:23.418+0000] {dag.py:3096} INFO - Sync 1 DAGs
[2024-07-13T01:43:23.442+0000] {logging_mixin.py:188} INFO - [2024-07-13T01:43:23.441+0000] {dag.py:3954} INFO - Setting next_dagrun for example_python_operator to None, run_after=None
[2024-07-13T01:43:23.752+0000] {processor.py:183} INFO - Processing /home/airflow/.local/lib/python3.12/site-packages/airflow/example_dags/example_python_operator.py took 0.404 seconds
