[2024-07-13T01:28:14.582+0000] {processor.py:161} INFO - Started process (PID=74) to work on /home/airflow/.local/lib/python3.12/site-packages/airflow/example_dags/example_time_delta_sensor_async.py
[2024-07-13T01:28:14.583+0000] {processor.py:830} INFO - Processing file /home/airflow/.local/lib/python3.12/site-packages/airflow/example_dags/example_time_delta_sensor_async.py for tasks to queue
[2024-07-13T01:28:14.585+0000] {logging_mixin.py:188} INFO - [2024-07-13T01:28:14.585+0000] {dagbag.py:545} INFO - Filling up the DagBag from /home/airflow/.local/lib/python3.12/site-packages/airflow/example_dags/example_time_delta_sensor_async.py
[2024-07-13T01:28:14.591+0000] {processor.py:840} INFO - DAG(s) 'example_time_delta_sensor_async' retrieved from /home/airflow/.local/lib/python3.12/site-packages/airflow/example_dags/example_time_delta_sensor_async.py
[2024-07-13T01:28:14.733+0000] {logging_mixin.py:188} INFO - [2024-07-13T01:28:14.732+0000] {dag.py:3096} INFO - Sync 1 DAGs
[2024-07-13T01:28:14.745+0000] {logging_mixin.py:188} INFO - [2024-07-13T01:28:14.745+0000] {dag.py:3954} INFO - Setting next_dagrun for example_time_delta_sensor_async to None, run_after=None
[2024-07-13T01:28:14.775+0000] {processor.py:183} INFO - Processing /home/airflow/.local/lib/python3.12/site-packages/airflow/example_dags/example_time_delta_sensor_async.py took 0.199 seconds
[2024-07-13T01:28:45.202+0000] {processor.py:161} INFO - Started process (PID=132) to work on /home/airflow/.local/lib/python3.12/site-packages/airflow/example_dags/example_time_delta_sensor_async.py
[2024-07-13T01:28:45.203+0000] {processor.py:830} INFO - Processing file /home/airflow/.local/lib/python3.12/site-packages/airflow/example_dags/example_time_delta_sensor_async.py for tasks to queue
[2024-07-13T01:28:45.205+0000] {logging_mixin.py:188} INFO - [2024-07-13T01:28:45.205+0000] {dagbag.py:545} INFO - Filling up the DagBag from /home/airflow/.local/lib/python3.12/site-packages/airflow/example_dags/example_time_delta_sensor_async.py
[2024-07-13T01:28:45.210+0000] {processor.py:840} INFO - DAG(s) 'example_time_delta_sensor_async' retrieved from /home/airflow/.local/lib/python3.12/site-packages/airflow/example_dags/example_time_delta_sensor_async.py
[2024-07-13T01:28:45.237+0000] {logging_mixin.py:188} INFO - [2024-07-13T01:28:45.237+0000] {dag.py:3096} INFO - Sync 1 DAGs
[2024-07-13T01:28:45.250+0000] {logging_mixin.py:188} INFO - [2024-07-13T01:28:45.250+0000] {dag.py:3954} INFO - Setting next_dagrun for example_time_delta_sensor_async to None, run_after=None
[2024-07-13T01:28:45.279+0000] {processor.py:183} INFO - Processing /home/airflow/.local/lib/python3.12/site-packages/airflow/example_dags/example_time_delta_sensor_async.py took 0.084 seconds
[2024-07-13T01:29:15.715+0000] {processor.py:161} INFO - Started process (PID=190) to work on /home/airflow/.local/lib/python3.12/site-packages/airflow/example_dags/example_time_delta_sensor_async.py
[2024-07-13T01:29:15.717+0000] {processor.py:830} INFO - Processing file /home/airflow/.local/lib/python3.12/site-packages/airflow/example_dags/example_time_delta_sensor_async.py for tasks to queue
[2024-07-13T01:29:15.721+0000] {logging_mixin.py:188} INFO - [2024-07-13T01:29:15.720+0000] {dagbag.py:545} INFO - Filling up the DagBag from /home/airflow/.local/lib/python3.12/site-packages/airflow/example_dags/example_time_delta_sensor_async.py
[2024-07-13T01:29:15.727+0000] {processor.py:840} INFO - DAG(s) 'example_time_delta_sensor_async' retrieved from /home/airflow/.local/lib/python3.12/site-packages/airflow/example_dags/example_time_delta_sensor_async.py
[2024-07-13T01:29:15.790+0000] {logging_mixin.py:188} INFO - [2024-07-13T01:29:15.789+0000] {dag.py:3096} INFO - Sync 1 DAGs
[2024-07-13T01:29:15.811+0000] {logging_mixin.py:188} INFO - [2024-07-13T01:29:15.810+0000] {dag.py:3954} INFO - Setting next_dagrun for example_time_delta_sensor_async to None, run_after=None
[2024-07-13T01:29:15.883+0000] {processor.py:183} INFO - Processing /home/airflow/.local/lib/python3.12/site-packages/airflow/example_dags/example_time_delta_sensor_async.py took 0.178 seconds
[2024-07-13T01:29:46.954+0000] {processor.py:161} INFO - Started process (PID=247) to work on /home/airflow/.local/lib/python3.12/site-packages/airflow/example_dags/example_time_delta_sensor_async.py
[2024-07-13T01:29:46.955+0000] {processor.py:830} INFO - Processing file /home/airflow/.local/lib/python3.12/site-packages/airflow/example_dags/example_time_delta_sensor_async.py for tasks to queue
[2024-07-13T01:29:46.960+0000] {logging_mixin.py:188} INFO - [2024-07-13T01:29:46.960+0000] {dagbag.py:545} INFO - Filling up the DagBag from /home/airflow/.local/lib/python3.12/site-packages/airflow/example_dags/example_time_delta_sensor_async.py
[2024-07-13T01:29:46.966+0000] {processor.py:840} INFO - DAG(s) 'example_time_delta_sensor_async' retrieved from /home/airflow/.local/lib/python3.12/site-packages/airflow/example_dags/example_time_delta_sensor_async.py
[2024-07-13T01:29:47.006+0000] {logging_mixin.py:188} INFO - [2024-07-13T01:29:47.005+0000] {dag.py:3096} INFO - Sync 1 DAGs
[2024-07-13T01:29:47.024+0000] {logging_mixin.py:188} INFO - [2024-07-13T01:29:47.024+0000] {dag.py:3954} INFO - Setting next_dagrun for example_time_delta_sensor_async to None, run_after=None
[2024-07-13T01:29:47.075+0000] {processor.py:183} INFO - Processing /home/airflow/.local/lib/python3.12/site-packages/airflow/example_dags/example_time_delta_sensor_async.py took 0.130 seconds
[2024-07-13T01:30:18.070+0000] {processor.py:161} INFO - Started process (PID=305) to work on /home/airflow/.local/lib/python3.12/site-packages/airflow/example_dags/example_time_delta_sensor_async.py
[2024-07-13T01:30:18.073+0000] {processor.py:830} INFO - Processing file /home/airflow/.local/lib/python3.12/site-packages/airflow/example_dags/example_time_delta_sensor_async.py for tasks to queue
[2024-07-13T01:30:18.076+0000] {logging_mixin.py:188} INFO - [2024-07-13T01:30:18.075+0000] {dagbag.py:545} INFO - Filling up the DagBag from /home/airflow/.local/lib/python3.12/site-packages/airflow/example_dags/example_time_delta_sensor_async.py
[2024-07-13T01:30:18.082+0000] {processor.py:840} INFO - DAG(s) 'example_time_delta_sensor_async' retrieved from /home/airflow/.local/lib/python3.12/site-packages/airflow/example_dags/example_time_delta_sensor_async.py
[2024-07-13T01:30:18.107+0000] {logging_mixin.py:188} INFO - [2024-07-13T01:30:18.107+0000] {dag.py:3096} INFO - Sync 1 DAGs
[2024-07-13T01:30:18.121+0000] {logging_mixin.py:188} INFO - [2024-07-13T01:30:18.121+0000] {dag.py:3954} INFO - Setting next_dagrun for example_time_delta_sensor_async to None, run_after=None
[2024-07-13T01:30:18.142+0000] {processor.py:183} INFO - Processing /home/airflow/.local/lib/python3.12/site-packages/airflow/example_dags/example_time_delta_sensor_async.py took 0.079 seconds
[2024-07-13T01:30:48.553+0000] {processor.py:161} INFO - Started process (PID=363) to work on /home/airflow/.local/lib/python3.12/site-packages/airflow/example_dags/example_time_delta_sensor_async.py
[2024-07-13T01:30:48.554+0000] {processor.py:830} INFO - Processing file /home/airflow/.local/lib/python3.12/site-packages/airflow/example_dags/example_time_delta_sensor_async.py for tasks to queue
[2024-07-13T01:30:48.556+0000] {logging_mixin.py:188} INFO - [2024-07-13T01:30:48.556+0000] {dagbag.py:545} INFO - Filling up the DagBag from /home/airflow/.local/lib/python3.12/site-packages/airflow/example_dags/example_time_delta_sensor_async.py
[2024-07-13T01:30:48.561+0000] {processor.py:840} INFO - DAG(s) 'example_time_delta_sensor_async' retrieved from /home/airflow/.local/lib/python3.12/site-packages/airflow/example_dags/example_time_delta_sensor_async.py
[2024-07-13T01:30:48.583+0000] {logging_mixin.py:188} INFO - [2024-07-13T01:30:48.583+0000] {dag.py:3096} INFO - Sync 1 DAGs
[2024-07-13T01:30:48.597+0000] {logging_mixin.py:188} INFO - [2024-07-13T01:30:48.597+0000] {dag.py:3954} INFO - Setting next_dagrun for example_time_delta_sensor_async to None, run_after=None
[2024-07-13T01:30:48.639+0000] {processor.py:183} INFO - Processing /home/airflow/.local/lib/python3.12/site-packages/airflow/example_dags/example_time_delta_sensor_async.py took 0.093 seconds
[2024-07-13T01:31:19.052+0000] {processor.py:161} INFO - Started process (PID=421) to work on /home/airflow/.local/lib/python3.12/site-packages/airflow/example_dags/example_time_delta_sensor_async.py
[2024-07-13T01:31:19.053+0000] {processor.py:830} INFO - Processing file /home/airflow/.local/lib/python3.12/site-packages/airflow/example_dags/example_time_delta_sensor_async.py for tasks to queue
[2024-07-13T01:31:19.055+0000] {logging_mixin.py:188} INFO - [2024-07-13T01:31:19.055+0000] {dagbag.py:545} INFO - Filling up the DagBag from /home/airflow/.local/lib/python3.12/site-packages/airflow/example_dags/example_time_delta_sensor_async.py
[2024-07-13T01:31:19.061+0000] {processor.py:840} INFO - DAG(s) 'example_time_delta_sensor_async' retrieved from /home/airflow/.local/lib/python3.12/site-packages/airflow/example_dags/example_time_delta_sensor_async.py
[2024-07-13T01:31:19.091+0000] {logging_mixin.py:188} INFO - [2024-07-13T01:31:19.090+0000] {dag.py:3096} INFO - Sync 1 DAGs
[2024-07-13T01:31:19.106+0000] {logging_mixin.py:188} INFO - [2024-07-13T01:31:19.106+0000] {dag.py:3954} INFO - Setting next_dagrun for example_time_delta_sensor_async to None, run_after=None
[2024-07-13T01:31:19.138+0000] {processor.py:183} INFO - Processing /home/airflow/.local/lib/python3.12/site-packages/airflow/example_dags/example_time_delta_sensor_async.py took 0.092 seconds
[2024-07-13T01:31:49.331+0000] {processor.py:161} INFO - Started process (PID=480) to work on /home/airflow/.local/lib/python3.12/site-packages/airflow/example_dags/example_time_delta_sensor_async.py
[2024-07-13T01:31:49.331+0000] {processor.py:830} INFO - Processing file /home/airflow/.local/lib/python3.12/site-packages/airflow/example_dags/example_time_delta_sensor_async.py for tasks to queue
[2024-07-13T01:31:49.334+0000] {logging_mixin.py:188} INFO - [2024-07-13T01:31:49.333+0000] {dagbag.py:545} INFO - Filling up the DagBag from /home/airflow/.local/lib/python3.12/site-packages/airflow/example_dags/example_time_delta_sensor_async.py
[2024-07-13T01:31:49.339+0000] {processor.py:840} INFO - DAG(s) 'example_time_delta_sensor_async' retrieved from /home/airflow/.local/lib/python3.12/site-packages/airflow/example_dags/example_time_delta_sensor_async.py
[2024-07-13T01:31:49.361+0000] {logging_mixin.py:188} INFO - [2024-07-13T01:31:49.361+0000] {dag.py:3096} INFO - Sync 1 DAGs
[2024-07-13T01:31:49.375+0000] {logging_mixin.py:188} INFO - [2024-07-13T01:31:49.375+0000] {dag.py:3954} INFO - Setting next_dagrun for example_time_delta_sensor_async to None, run_after=None
[2024-07-13T01:31:49.397+0000] {processor.py:183} INFO - Processing /home/airflow/.local/lib/python3.12/site-packages/airflow/example_dags/example_time_delta_sensor_async.py took 0.073 seconds
[2024-07-13T01:32:19.501+0000] {processor.py:161} INFO - Started process (PID=539) to work on /home/airflow/.local/lib/python3.12/site-packages/airflow/example_dags/example_time_delta_sensor_async.py
[2024-07-13T01:32:19.502+0000] {processor.py:830} INFO - Processing file /home/airflow/.local/lib/python3.12/site-packages/airflow/example_dags/example_time_delta_sensor_async.py for tasks to queue
[2024-07-13T01:32:19.504+0000] {logging_mixin.py:188} INFO - [2024-07-13T01:32:19.503+0000] {dagbag.py:545} INFO - Filling up the DagBag from /home/airflow/.local/lib/python3.12/site-packages/airflow/example_dags/example_time_delta_sensor_async.py
[2024-07-13T01:32:19.509+0000] {processor.py:840} INFO - DAG(s) 'example_time_delta_sensor_async' retrieved from /home/airflow/.local/lib/python3.12/site-packages/airflow/example_dags/example_time_delta_sensor_async.py
[2024-07-13T01:32:19.530+0000] {logging_mixin.py:188} INFO - [2024-07-13T01:32:19.530+0000] {dag.py:3096} INFO - Sync 1 DAGs
[2024-07-13T01:32:19.544+0000] {logging_mixin.py:188} INFO - [2024-07-13T01:32:19.544+0000] {dag.py:3954} INFO - Setting next_dagrun for example_time_delta_sensor_async to None, run_after=None
[2024-07-13T01:32:19.567+0000] {processor.py:183} INFO - Processing /home/airflow/.local/lib/python3.12/site-packages/airflow/example_dags/example_time_delta_sensor_async.py took 0.073 seconds
[2024-07-13T01:32:49.914+0000] {processor.py:161} INFO - Started process (PID=597) to work on /home/airflow/.local/lib/python3.12/site-packages/airflow/example_dags/example_time_delta_sensor_async.py
[2024-07-13T01:32:49.915+0000] {processor.py:830} INFO - Processing file /home/airflow/.local/lib/python3.12/site-packages/airflow/example_dags/example_time_delta_sensor_async.py for tasks to queue
[2024-07-13T01:32:49.917+0000] {logging_mixin.py:188} INFO - [2024-07-13T01:32:49.917+0000] {dagbag.py:545} INFO - Filling up the DagBag from /home/airflow/.local/lib/python3.12/site-packages/airflow/example_dags/example_time_delta_sensor_async.py
[2024-07-13T01:32:49.922+0000] {processor.py:840} INFO - DAG(s) 'example_time_delta_sensor_async' retrieved from /home/airflow/.local/lib/python3.12/site-packages/airflow/example_dags/example_time_delta_sensor_async.py
[2024-07-13T01:32:49.944+0000] {logging_mixin.py:188} INFO - [2024-07-13T01:32:49.944+0000] {dag.py:3096} INFO - Sync 1 DAGs
[2024-07-13T01:32:49.959+0000] {logging_mixin.py:188} INFO - [2024-07-13T01:32:49.958+0000] {dag.py:3954} INFO - Setting next_dagrun for example_time_delta_sensor_async to None, run_after=None
[2024-07-13T01:32:49.984+0000] {processor.py:183} INFO - Processing /home/airflow/.local/lib/python3.12/site-packages/airflow/example_dags/example_time_delta_sensor_async.py took 0.076 seconds
[2024-07-13T01:33:20.422+0000] {processor.py:161} INFO - Started process (PID=656) to work on /home/airflow/.local/lib/python3.12/site-packages/airflow/example_dags/example_time_delta_sensor_async.py
[2024-07-13T01:33:20.423+0000] {processor.py:830} INFO - Processing file /home/airflow/.local/lib/python3.12/site-packages/airflow/example_dags/example_time_delta_sensor_async.py for tasks to queue
[2024-07-13T01:33:20.425+0000] {logging_mixin.py:188} INFO - [2024-07-13T01:33:20.425+0000] {dagbag.py:545} INFO - Filling up the DagBag from /home/airflow/.local/lib/python3.12/site-packages/airflow/example_dags/example_time_delta_sensor_async.py
[2024-07-13T01:33:20.430+0000] {processor.py:840} INFO - DAG(s) 'example_time_delta_sensor_async' retrieved from /home/airflow/.local/lib/python3.12/site-packages/airflow/example_dags/example_time_delta_sensor_async.py
[2024-07-13T01:33:20.452+0000] {logging_mixin.py:188} INFO - [2024-07-13T01:33:20.452+0000] {dag.py:3096} INFO - Sync 1 DAGs
[2024-07-13T01:33:20.466+0000] {logging_mixin.py:188} INFO - [2024-07-13T01:33:20.466+0000] {dag.py:3954} INFO - Setting next_dagrun for example_time_delta_sensor_async to None, run_after=None
[2024-07-13T01:33:20.489+0000] {processor.py:183} INFO - Processing /home/airflow/.local/lib/python3.12/site-packages/airflow/example_dags/example_time_delta_sensor_async.py took 0.073 seconds
[2024-07-13T01:33:50.793+0000] {processor.py:161} INFO - Started process (PID=714) to work on /home/airflow/.local/lib/python3.12/site-packages/airflow/example_dags/example_time_delta_sensor_async.py
[2024-07-13T01:33:50.794+0000] {processor.py:830} INFO - Processing file /home/airflow/.local/lib/python3.12/site-packages/airflow/example_dags/example_time_delta_sensor_async.py for tasks to queue
[2024-07-13T01:33:50.796+0000] {logging_mixin.py:188} INFO - [2024-07-13T01:33:50.796+0000] {dagbag.py:545} INFO - Filling up the DagBag from /home/airflow/.local/lib/python3.12/site-packages/airflow/example_dags/example_time_delta_sensor_async.py
[2024-07-13T01:33:50.801+0000] {processor.py:840} INFO - DAG(s) 'example_time_delta_sensor_async' retrieved from /home/airflow/.local/lib/python3.12/site-packages/airflow/example_dags/example_time_delta_sensor_async.py
[2024-07-13T01:33:50.830+0000] {logging_mixin.py:188} INFO - [2024-07-13T01:33:50.830+0000] {dag.py:3096} INFO - Sync 1 DAGs
[2024-07-13T01:33:50.848+0000] {logging_mixin.py:188} INFO - [2024-07-13T01:33:50.847+0000] {dag.py:3954} INFO - Setting next_dagrun for example_time_delta_sensor_async to None, run_after=None
[2024-07-13T01:33:50.870+0000] {processor.py:183} INFO - Processing /home/airflow/.local/lib/python3.12/site-packages/airflow/example_dags/example_time_delta_sensor_async.py took 0.083 seconds
[2024-07-13T01:34:21.015+0000] {processor.py:161} INFO - Started process (PID=772) to work on /home/airflow/.local/lib/python3.12/site-packages/airflow/example_dags/example_time_delta_sensor_async.py
[2024-07-13T01:34:21.016+0000] {processor.py:830} INFO - Processing file /home/airflow/.local/lib/python3.12/site-packages/airflow/example_dags/example_time_delta_sensor_async.py for tasks to queue
[2024-07-13T01:34:21.018+0000] {logging_mixin.py:188} INFO - [2024-07-13T01:34:21.018+0000] {dagbag.py:545} INFO - Filling up the DagBag from /home/airflow/.local/lib/python3.12/site-packages/airflow/example_dags/example_time_delta_sensor_async.py
[2024-07-13T01:34:21.023+0000] {processor.py:840} INFO - DAG(s) 'example_time_delta_sensor_async' retrieved from /home/airflow/.local/lib/python3.12/site-packages/airflow/example_dags/example_time_delta_sensor_async.py
[2024-07-13T01:34:21.048+0000] {logging_mixin.py:188} INFO - [2024-07-13T01:34:21.047+0000] {dag.py:3096} INFO - Sync 1 DAGs
[2024-07-13T01:34:21.064+0000] {logging_mixin.py:188} INFO - [2024-07-13T01:34:21.064+0000] {dag.py:3954} INFO - Setting next_dagrun for example_time_delta_sensor_async to None, run_after=None
[2024-07-13T01:34:21.089+0000] {processor.py:183} INFO - Processing /home/airflow/.local/lib/python3.12/site-packages/airflow/example_dags/example_time_delta_sensor_async.py took 0.081 seconds
[2024-07-13T01:34:51.213+0000] {processor.py:161} INFO - Started process (PID=830) to work on /home/airflow/.local/lib/python3.12/site-packages/airflow/example_dags/example_time_delta_sensor_async.py
[2024-07-13T01:34:51.214+0000] {processor.py:830} INFO - Processing file /home/airflow/.local/lib/python3.12/site-packages/airflow/example_dags/example_time_delta_sensor_async.py for tasks to queue
[2024-07-13T01:34:51.216+0000] {logging_mixin.py:188} INFO - [2024-07-13T01:34:51.216+0000] {dagbag.py:545} INFO - Filling up the DagBag from /home/airflow/.local/lib/python3.12/site-packages/airflow/example_dags/example_time_delta_sensor_async.py
[2024-07-13T01:34:51.222+0000] {processor.py:840} INFO - DAG(s) 'example_time_delta_sensor_async' retrieved from /home/airflow/.local/lib/python3.12/site-packages/airflow/example_dags/example_time_delta_sensor_async.py
[2024-07-13T01:34:51.248+0000] {logging_mixin.py:188} INFO - [2024-07-13T01:34:51.248+0000] {dag.py:3096} INFO - Sync 1 DAGs
[2024-07-13T01:34:51.264+0000] {logging_mixin.py:188} INFO - [2024-07-13T01:34:51.264+0000] {dag.py:3954} INFO - Setting next_dagrun for example_time_delta_sensor_async to None, run_after=None
[2024-07-13T01:34:51.296+0000] {processor.py:183} INFO - Processing /home/airflow/.local/lib/python3.12/site-packages/airflow/example_dags/example_time_delta_sensor_async.py took 0.089 seconds
[2024-07-13T01:35:21.719+0000] {processor.py:161} INFO - Started process (PID=888) to work on /home/airflow/.local/lib/python3.12/site-packages/airflow/example_dags/example_time_delta_sensor_async.py
[2024-07-13T01:35:21.720+0000] {processor.py:830} INFO - Processing file /home/airflow/.local/lib/python3.12/site-packages/airflow/example_dags/example_time_delta_sensor_async.py for tasks to queue
[2024-07-13T01:35:21.722+0000] {logging_mixin.py:188} INFO - [2024-07-13T01:35:21.722+0000] {dagbag.py:545} INFO - Filling up the DagBag from /home/airflow/.local/lib/python3.12/site-packages/airflow/example_dags/example_time_delta_sensor_async.py
[2024-07-13T01:35:21.734+0000] {processor.py:840} INFO - DAG(s) 'example_time_delta_sensor_async' retrieved from /home/airflow/.local/lib/python3.12/site-packages/airflow/example_dags/example_time_delta_sensor_async.py
[2024-07-13T01:35:21.760+0000] {logging_mixin.py:188} INFO - [2024-07-13T01:35:21.760+0000] {dag.py:3096} INFO - Sync 1 DAGs
[2024-07-13T01:35:21.775+0000] {logging_mixin.py:188} INFO - [2024-07-13T01:35:21.775+0000] {dag.py:3954} INFO - Setting next_dagrun for example_time_delta_sensor_async to None, run_after=None
[2024-07-13T01:35:21.806+0000] {processor.py:183} INFO - Processing /home/airflow/.local/lib/python3.12/site-packages/airflow/example_dags/example_time_delta_sensor_async.py took 0.094 seconds
[2024-07-13T01:35:52.392+0000] {processor.py:161} INFO - Started process (PID=945) to work on /home/airflow/.local/lib/python3.12/site-packages/airflow/example_dags/example_time_delta_sensor_async.py
[2024-07-13T01:35:52.394+0000] {processor.py:830} INFO - Processing file /home/airflow/.local/lib/python3.12/site-packages/airflow/example_dags/example_time_delta_sensor_async.py for tasks to queue
[2024-07-13T01:35:52.396+0000] {logging_mixin.py:188} INFO - [2024-07-13T01:35:52.396+0000] {dagbag.py:545} INFO - Filling up the DagBag from /home/airflow/.local/lib/python3.12/site-packages/airflow/example_dags/example_time_delta_sensor_async.py
[2024-07-13T01:35:52.400+0000] {processor.py:840} INFO - DAG(s) 'example_time_delta_sensor_async' retrieved from /home/airflow/.local/lib/python3.12/site-packages/airflow/example_dags/example_time_delta_sensor_async.py
[2024-07-13T01:35:52.427+0000] {logging_mixin.py:188} INFO - [2024-07-13T01:35:52.426+0000] {dag.py:3096} INFO - Sync 1 DAGs
[2024-07-13T01:35:52.441+0000] {logging_mixin.py:188} INFO - [2024-07-13T01:35:52.441+0000] {dag.py:3954} INFO - Setting next_dagrun for example_time_delta_sensor_async to None, run_after=None
[2024-07-13T01:35:52.464+0000] {processor.py:183} INFO - Processing /home/airflow/.local/lib/python3.12/site-packages/airflow/example_dags/example_time_delta_sensor_async.py took 0.078 seconds
[2024-07-13T01:36:22.816+0000] {processor.py:161} INFO - Started process (PID=1003) to work on /home/airflow/.local/lib/python3.12/site-packages/airflow/example_dags/example_time_delta_sensor_async.py
[2024-07-13T01:36:22.817+0000] {processor.py:830} INFO - Processing file /home/airflow/.local/lib/python3.12/site-packages/airflow/example_dags/example_time_delta_sensor_async.py for tasks to queue
[2024-07-13T01:36:22.820+0000] {logging_mixin.py:188} INFO - [2024-07-13T01:36:22.820+0000] {dagbag.py:545} INFO - Filling up the DagBag from /home/airflow/.local/lib/python3.12/site-packages/airflow/example_dags/example_time_delta_sensor_async.py
[2024-07-13T01:36:22.827+0000] {processor.py:840} INFO - DAG(s) 'example_time_delta_sensor_async' retrieved from /home/airflow/.local/lib/python3.12/site-packages/airflow/example_dags/example_time_delta_sensor_async.py
[2024-07-13T01:36:22.856+0000] {logging_mixin.py:188} INFO - [2024-07-13T01:36:22.856+0000] {dag.py:3096} INFO - Sync 1 DAGs
[2024-07-13T01:36:22.874+0000] {logging_mixin.py:188} INFO - [2024-07-13T01:36:22.874+0000] {dag.py:3954} INFO - Setting next_dagrun for example_time_delta_sensor_async to None, run_after=None
[2024-07-13T01:36:22.906+0000] {processor.py:183} INFO - Processing /home/airflow/.local/lib/python3.12/site-packages/airflow/example_dags/example_time_delta_sensor_async.py took 0.097 seconds
[2024-07-13T01:36:53.819+0000] {processor.py:161} INFO - Started process (PID=1061) to work on /home/airflow/.local/lib/python3.12/site-packages/airflow/example_dags/example_time_delta_sensor_async.py
[2024-07-13T01:36:53.820+0000] {processor.py:830} INFO - Processing file /home/airflow/.local/lib/python3.12/site-packages/airflow/example_dags/example_time_delta_sensor_async.py for tasks to queue
[2024-07-13T01:36:53.822+0000] {logging_mixin.py:188} INFO - [2024-07-13T01:36:53.822+0000] {dagbag.py:545} INFO - Filling up the DagBag from /home/airflow/.local/lib/python3.12/site-packages/airflow/example_dags/example_time_delta_sensor_async.py
[2024-07-13T01:36:53.828+0000] {processor.py:840} INFO - DAG(s) 'example_time_delta_sensor_async' retrieved from /home/airflow/.local/lib/python3.12/site-packages/airflow/example_dags/example_time_delta_sensor_async.py
[2024-07-13T01:36:53.851+0000] {logging_mixin.py:188} INFO - [2024-07-13T01:36:53.850+0000] {dag.py:3096} INFO - Sync 1 DAGs
[2024-07-13T01:36:53.866+0000] {logging_mixin.py:188} INFO - [2024-07-13T01:36:53.865+0000] {dag.py:3954} INFO - Setting next_dagrun for example_time_delta_sensor_async to None, run_after=None
[2024-07-13T01:36:53.897+0000] {processor.py:183} INFO - Processing /home/airflow/.local/lib/python3.12/site-packages/airflow/example_dags/example_time_delta_sensor_async.py took 0.087 seconds
[2024-07-13T01:37:24.332+0000] {processor.py:161} INFO - Started process (PID=1120) to work on /home/airflow/.local/lib/python3.12/site-packages/airflow/example_dags/example_time_delta_sensor_async.py
[2024-07-13T01:37:24.334+0000] {processor.py:830} INFO - Processing file /home/airflow/.local/lib/python3.12/site-packages/airflow/example_dags/example_time_delta_sensor_async.py for tasks to queue
[2024-07-13T01:37:24.336+0000] {logging_mixin.py:188} INFO - [2024-07-13T01:37:24.336+0000] {dagbag.py:545} INFO - Filling up the DagBag from /home/airflow/.local/lib/python3.12/site-packages/airflow/example_dags/example_time_delta_sensor_async.py
[2024-07-13T01:37:24.341+0000] {processor.py:840} INFO - DAG(s) 'example_time_delta_sensor_async' retrieved from /home/airflow/.local/lib/python3.12/site-packages/airflow/example_dags/example_time_delta_sensor_async.py
[2024-07-13T01:37:24.366+0000] {logging_mixin.py:188} INFO - [2024-07-13T01:37:24.366+0000] {dag.py:3096} INFO - Sync 1 DAGs
[2024-07-13T01:37:24.382+0000] {logging_mixin.py:188} INFO - [2024-07-13T01:37:24.382+0000] {dag.py:3954} INFO - Setting next_dagrun for example_time_delta_sensor_async to None, run_after=None
[2024-07-13T01:37:24.405+0000] {processor.py:183} INFO - Processing /home/airflow/.local/lib/python3.12/site-packages/airflow/example_dags/example_time_delta_sensor_async.py took 0.080 seconds
[2024-07-13T01:37:54.541+0000] {processor.py:161} INFO - Started process (PID=1178) to work on /home/airflow/.local/lib/python3.12/site-packages/airflow/example_dags/example_time_delta_sensor_async.py
[2024-07-13T01:37:54.542+0000] {processor.py:830} INFO - Processing file /home/airflow/.local/lib/python3.12/site-packages/airflow/example_dags/example_time_delta_sensor_async.py for tasks to queue
[2024-07-13T01:37:54.544+0000] {logging_mixin.py:188} INFO - [2024-07-13T01:37:54.543+0000] {dagbag.py:545} INFO - Filling up the DagBag from /home/airflow/.local/lib/python3.12/site-packages/airflow/example_dags/example_time_delta_sensor_async.py
[2024-07-13T01:37:54.551+0000] {processor.py:840} INFO - DAG(s) 'example_time_delta_sensor_async' retrieved from /home/airflow/.local/lib/python3.12/site-packages/airflow/example_dags/example_time_delta_sensor_async.py
[2024-07-13T01:37:54.577+0000] {logging_mixin.py:188} INFO - [2024-07-13T01:37:54.577+0000] {dag.py:3096} INFO - Sync 1 DAGs
[2024-07-13T01:37:54.595+0000] {logging_mixin.py:188} INFO - [2024-07-13T01:37:54.595+0000] {dag.py:3954} INFO - Setting next_dagrun for example_time_delta_sensor_async to None, run_after=None
[2024-07-13T01:37:54.622+0000] {processor.py:183} INFO - Processing /home/airflow/.local/lib/python3.12/site-packages/airflow/example_dags/example_time_delta_sensor_async.py took 0.089 seconds
[2024-07-13T01:38:24.816+0000] {processor.py:161} INFO - Started process (PID=1236) to work on /home/airflow/.local/lib/python3.12/site-packages/airflow/example_dags/example_time_delta_sensor_async.py
[2024-07-13T01:38:24.818+0000] {processor.py:830} INFO - Processing file /home/airflow/.local/lib/python3.12/site-packages/airflow/example_dags/example_time_delta_sensor_async.py for tasks to queue
[2024-07-13T01:38:24.820+0000] {logging_mixin.py:188} INFO - [2024-07-13T01:38:24.820+0000] {dagbag.py:545} INFO - Filling up the DagBag from /home/airflow/.local/lib/python3.12/site-packages/airflow/example_dags/example_time_delta_sensor_async.py
[2024-07-13T01:38:24.825+0000] {processor.py:840} INFO - DAG(s) 'example_time_delta_sensor_async' retrieved from /home/airflow/.local/lib/python3.12/site-packages/airflow/example_dags/example_time_delta_sensor_async.py
[2024-07-13T01:38:24.849+0000] {logging_mixin.py:188} INFO - [2024-07-13T01:38:24.849+0000] {dag.py:3096} INFO - Sync 1 DAGs
[2024-07-13T01:38:24.864+0000] {logging_mixin.py:188} INFO - [2024-07-13T01:38:24.863+0000] {dag.py:3954} INFO - Setting next_dagrun for example_time_delta_sensor_async to None, run_after=None
[2024-07-13T01:38:24.888+0000] {processor.py:183} INFO - Processing /home/airflow/.local/lib/python3.12/site-packages/airflow/example_dags/example_time_delta_sensor_async.py took 0.079 seconds
[2024-07-13T01:38:55.059+0000] {processor.py:161} INFO - Started process (PID=1293) to work on /home/airflow/.local/lib/python3.12/site-packages/airflow/example_dags/example_time_delta_sensor_async.py
[2024-07-13T01:38:55.060+0000] {processor.py:830} INFO - Processing file /home/airflow/.local/lib/python3.12/site-packages/airflow/example_dags/example_time_delta_sensor_async.py for tasks to queue
[2024-07-13T01:38:55.062+0000] {logging_mixin.py:188} INFO - [2024-07-13T01:38:55.062+0000] {dagbag.py:545} INFO - Filling up the DagBag from /home/airflow/.local/lib/python3.12/site-packages/airflow/example_dags/example_time_delta_sensor_async.py
[2024-07-13T01:38:55.067+0000] {processor.py:840} INFO - DAG(s) 'example_time_delta_sensor_async' retrieved from /home/airflow/.local/lib/python3.12/site-packages/airflow/example_dags/example_time_delta_sensor_async.py
[2024-07-13T01:38:55.092+0000] {logging_mixin.py:188} INFO - [2024-07-13T01:38:55.092+0000] {dag.py:3096} INFO - Sync 1 DAGs
[2024-07-13T01:38:55.108+0000] {logging_mixin.py:188} INFO - [2024-07-13T01:38:55.108+0000] {dag.py:3954} INFO - Setting next_dagrun for example_time_delta_sensor_async to None, run_after=None
[2024-07-13T01:38:55.130+0000] {processor.py:183} INFO - Processing /home/airflow/.local/lib/python3.12/site-packages/airflow/example_dags/example_time_delta_sensor_async.py took 0.077 seconds
[2024-07-13T01:39:25.231+0000] {processor.py:161} INFO - Started process (PID=1351) to work on /home/airflow/.local/lib/python3.12/site-packages/airflow/example_dags/example_time_delta_sensor_async.py
[2024-07-13T01:39:25.233+0000] {processor.py:830} INFO - Processing file /home/airflow/.local/lib/python3.12/site-packages/airflow/example_dags/example_time_delta_sensor_async.py for tasks to queue
[2024-07-13T01:39:25.235+0000] {logging_mixin.py:188} INFO - [2024-07-13T01:39:25.234+0000] {dagbag.py:545} INFO - Filling up the DagBag from /home/airflow/.local/lib/python3.12/site-packages/airflow/example_dags/example_time_delta_sensor_async.py
[2024-07-13T01:39:25.240+0000] {processor.py:840} INFO - DAG(s) 'example_time_delta_sensor_async' retrieved from /home/airflow/.local/lib/python3.12/site-packages/airflow/example_dags/example_time_delta_sensor_async.py
[2024-07-13T01:39:25.262+0000] {logging_mixin.py:188} INFO - [2024-07-13T01:39:25.262+0000] {dag.py:3096} INFO - Sync 1 DAGs
[2024-07-13T01:39:25.278+0000] {logging_mixin.py:188} INFO - [2024-07-13T01:39:25.277+0000] {dag.py:3954} INFO - Setting next_dagrun for example_time_delta_sensor_async to None, run_after=None
[2024-07-13T01:39:25.305+0000] {processor.py:183} INFO - Processing /home/airflow/.local/lib/python3.12/site-packages/airflow/example_dags/example_time_delta_sensor_async.py took 0.080 seconds
[2024-07-13T01:39:55.782+0000] {processor.py:161} INFO - Started process (PID=1409) to work on /home/airflow/.local/lib/python3.12/site-packages/airflow/example_dags/example_time_delta_sensor_async.py
[2024-07-13T01:39:55.783+0000] {processor.py:830} INFO - Processing file /home/airflow/.local/lib/python3.12/site-packages/airflow/example_dags/example_time_delta_sensor_async.py for tasks to queue
[2024-07-13T01:39:55.785+0000] {logging_mixin.py:188} INFO - [2024-07-13T01:39:55.784+0000] {dagbag.py:545} INFO - Filling up the DagBag from /home/airflow/.local/lib/python3.12/site-packages/airflow/example_dags/example_time_delta_sensor_async.py
[2024-07-13T01:39:55.789+0000] {processor.py:840} INFO - DAG(s) 'example_time_delta_sensor_async' retrieved from /home/airflow/.local/lib/python3.12/site-packages/airflow/example_dags/example_time_delta_sensor_async.py
[2024-07-13T01:39:55.812+0000] {logging_mixin.py:188} INFO - [2024-07-13T01:39:55.812+0000] {dag.py:3096} INFO - Sync 1 DAGs
[2024-07-13T01:39:55.825+0000] {logging_mixin.py:188} INFO - [2024-07-13T01:39:55.825+0000] {dag.py:3954} INFO - Setting next_dagrun for example_time_delta_sensor_async to None, run_after=None
[2024-07-13T01:39:55.848+0000] {processor.py:183} INFO - Processing /home/airflow/.local/lib/python3.12/site-packages/airflow/example_dags/example_time_delta_sensor_async.py took 0.073 seconds
[2024-07-13T01:40:26.632+0000] {processor.py:161} INFO - Started process (PID=1467) to work on /home/airflow/.local/lib/python3.12/site-packages/airflow/example_dags/example_time_delta_sensor_async.py
[2024-07-13T01:40:26.633+0000] {processor.py:830} INFO - Processing file /home/airflow/.local/lib/python3.12/site-packages/airflow/example_dags/example_time_delta_sensor_async.py for tasks to queue
[2024-07-13T01:40:26.636+0000] {logging_mixin.py:188} INFO - [2024-07-13T01:40:26.635+0000] {dagbag.py:545} INFO - Filling up the DagBag from /home/airflow/.local/lib/python3.12/site-packages/airflow/example_dags/example_time_delta_sensor_async.py
[2024-07-13T01:40:26.641+0000] {processor.py:840} INFO - DAG(s) 'example_time_delta_sensor_async' retrieved from /home/airflow/.local/lib/python3.12/site-packages/airflow/example_dags/example_time_delta_sensor_async.py
[2024-07-13T01:40:26.666+0000] {logging_mixin.py:188} INFO - [2024-07-13T01:40:26.666+0000] {dag.py:3096} INFO - Sync 1 DAGs
[2024-07-13T01:40:26.681+0000] {logging_mixin.py:188} INFO - [2024-07-13T01:40:26.681+0000] {dag.py:3954} INFO - Setting next_dagrun for example_time_delta_sensor_async to None, run_after=None
[2024-07-13T01:40:26.707+0000] {processor.py:183} INFO - Processing /home/airflow/.local/lib/python3.12/site-packages/airflow/example_dags/example_time_delta_sensor_async.py took 0.081 seconds
[2024-07-13T01:40:56.928+0000] {processor.py:161} INFO - Started process (PID=1525) to work on /home/airflow/.local/lib/python3.12/site-packages/airflow/example_dags/example_time_delta_sensor_async.py
[2024-07-13T01:40:56.929+0000] {processor.py:830} INFO - Processing file /home/airflow/.local/lib/python3.12/site-packages/airflow/example_dags/example_time_delta_sensor_async.py for tasks to queue
[2024-07-13T01:40:56.931+0000] {logging_mixin.py:188} INFO - [2024-07-13T01:40:56.930+0000] {dagbag.py:545} INFO - Filling up the DagBag from /home/airflow/.local/lib/python3.12/site-packages/airflow/example_dags/example_time_delta_sensor_async.py
[2024-07-13T01:40:56.935+0000] {processor.py:840} INFO - DAG(s) 'example_time_delta_sensor_async' retrieved from /home/airflow/.local/lib/python3.12/site-packages/airflow/example_dags/example_time_delta_sensor_async.py
[2024-07-13T01:40:56.958+0000] {logging_mixin.py:188} INFO - [2024-07-13T01:40:56.958+0000] {dag.py:3096} INFO - Sync 1 DAGs
[2024-07-13T01:40:56.972+0000] {logging_mixin.py:188} INFO - [2024-07-13T01:40:56.972+0000] {dag.py:3954} INFO - Setting next_dagrun for example_time_delta_sensor_async to None, run_after=None
[2024-07-13T01:40:56.995+0000] {processor.py:183} INFO - Processing /home/airflow/.local/lib/python3.12/site-packages/airflow/example_dags/example_time_delta_sensor_async.py took 0.073 seconds
[2024-07-13T01:41:27.311+0000] {processor.py:161} INFO - Started process (PID=1583) to work on /home/airflow/.local/lib/python3.12/site-packages/airflow/example_dags/example_time_delta_sensor_async.py
[2024-07-13T01:41:27.312+0000] {processor.py:830} INFO - Processing file /home/airflow/.local/lib/python3.12/site-packages/airflow/example_dags/example_time_delta_sensor_async.py for tasks to queue
[2024-07-13T01:41:27.314+0000] {logging_mixin.py:188} INFO - [2024-07-13T01:41:27.314+0000] {dagbag.py:545} INFO - Filling up the DagBag from /home/airflow/.local/lib/python3.12/site-packages/airflow/example_dags/example_time_delta_sensor_async.py
[2024-07-13T01:41:27.319+0000] {processor.py:840} INFO - DAG(s) 'example_time_delta_sensor_async' retrieved from /home/airflow/.local/lib/python3.12/site-packages/airflow/example_dags/example_time_delta_sensor_async.py
[2024-07-13T01:41:27.343+0000] {logging_mixin.py:188} INFO - [2024-07-13T01:41:27.343+0000] {dag.py:3096} INFO - Sync 1 DAGs
[2024-07-13T01:41:27.357+0000] {logging_mixin.py:188} INFO - [2024-07-13T01:41:27.357+0000] {dag.py:3954} INFO - Setting next_dagrun for example_time_delta_sensor_async to None, run_after=None
[2024-07-13T01:41:27.380+0000] {processor.py:183} INFO - Processing /home/airflow/.local/lib/python3.12/site-packages/airflow/example_dags/example_time_delta_sensor_async.py took 0.078 seconds
[2024-07-13T01:41:57.798+0000] {processor.py:161} INFO - Started process (PID=1641) to work on /home/airflow/.local/lib/python3.12/site-packages/airflow/example_dags/example_time_delta_sensor_async.py
[2024-07-13T01:41:57.799+0000] {processor.py:830} INFO - Processing file /home/airflow/.local/lib/python3.12/site-packages/airflow/example_dags/example_time_delta_sensor_async.py for tasks to queue
[2024-07-13T01:41:57.801+0000] {logging_mixin.py:188} INFO - [2024-07-13T01:41:57.801+0000] {dagbag.py:545} INFO - Filling up the DagBag from /home/airflow/.local/lib/python3.12/site-packages/airflow/example_dags/example_time_delta_sensor_async.py
[2024-07-13T01:41:57.806+0000] {processor.py:840} INFO - DAG(s) 'example_time_delta_sensor_async' retrieved from /home/airflow/.local/lib/python3.12/site-packages/airflow/example_dags/example_time_delta_sensor_async.py
[2024-07-13T01:41:57.831+0000] {logging_mixin.py:188} INFO - [2024-07-13T01:41:57.831+0000] {dag.py:3096} INFO - Sync 1 DAGs
[2024-07-13T01:41:57.846+0000] {logging_mixin.py:188} INFO - [2024-07-13T01:41:57.845+0000] {dag.py:3954} INFO - Setting next_dagrun for example_time_delta_sensor_async to None, run_after=None
[2024-07-13T01:41:57.868+0000] {processor.py:183} INFO - Processing /home/airflow/.local/lib/python3.12/site-packages/airflow/example_dags/example_time_delta_sensor_async.py took 0.076 seconds
[2024-07-13T01:42:28.005+0000] {processor.py:161} INFO - Started process (PID=1699) to work on /home/airflow/.local/lib/python3.12/site-packages/airflow/example_dags/example_time_delta_sensor_async.py
[2024-07-13T01:42:28.006+0000] {processor.py:830} INFO - Processing file /home/airflow/.local/lib/python3.12/site-packages/airflow/example_dags/example_time_delta_sensor_async.py for tasks to queue
[2024-07-13T01:42:28.007+0000] {logging_mixin.py:188} INFO - [2024-07-13T01:42:28.007+0000] {dagbag.py:545} INFO - Filling up the DagBag from /home/airflow/.local/lib/python3.12/site-packages/airflow/example_dags/example_time_delta_sensor_async.py
[2024-07-13T01:42:28.012+0000] {processor.py:840} INFO - DAG(s) 'example_time_delta_sensor_async' retrieved from /home/airflow/.local/lib/python3.12/site-packages/airflow/example_dags/example_time_delta_sensor_async.py
[2024-07-13T01:42:28.034+0000] {logging_mixin.py:188} INFO - [2024-07-13T01:42:28.034+0000] {dag.py:3096} INFO - Sync 1 DAGs
[2024-07-13T01:42:28.048+0000] {logging_mixin.py:188} INFO - [2024-07-13T01:42:28.048+0000] {dag.py:3954} INFO - Setting next_dagrun for example_time_delta_sensor_async to None, run_after=None
[2024-07-13T01:42:28.072+0000] {processor.py:183} INFO - Processing /home/airflow/.local/lib/python3.12/site-packages/airflow/example_dags/example_time_delta_sensor_async.py took 0.074 seconds
[2024-07-13T01:42:58.751+0000] {processor.py:161} INFO - Started process (PID=1757) to work on /home/airflow/.local/lib/python3.12/site-packages/airflow/example_dags/example_time_delta_sensor_async.py
[2024-07-13T01:42:58.752+0000] {processor.py:830} INFO - Processing file /home/airflow/.local/lib/python3.12/site-packages/airflow/example_dags/example_time_delta_sensor_async.py for tasks to queue
[2024-07-13T01:42:58.754+0000] {logging_mixin.py:188} INFO - [2024-07-13T01:42:58.754+0000] {dagbag.py:545} INFO - Filling up the DagBag from /home/airflow/.local/lib/python3.12/site-packages/airflow/example_dags/example_time_delta_sensor_async.py
[2024-07-13T01:42:58.759+0000] {processor.py:840} INFO - DAG(s) 'example_time_delta_sensor_async' retrieved from /home/airflow/.local/lib/python3.12/site-packages/airflow/example_dags/example_time_delta_sensor_async.py
[2024-07-13T01:42:58.781+0000] {logging_mixin.py:188} INFO - [2024-07-13T01:42:58.780+0000] {dag.py:3096} INFO - Sync 1 DAGs
[2024-07-13T01:42:58.795+0000] {logging_mixin.py:188} INFO - [2024-07-13T01:42:58.795+0000] {dag.py:3954} INFO - Setting next_dagrun for example_time_delta_sensor_async to None, run_after=None
[2024-07-13T01:42:58.816+0000] {processor.py:183} INFO - Processing /home/airflow/.local/lib/python3.12/site-packages/airflow/example_dags/example_time_delta_sensor_async.py took 0.072 seconds
[2024-07-13T01:43:29.843+0000] {processor.py:161} INFO - Started process (PID=1815) to work on /home/airflow/.local/lib/python3.12/site-packages/airflow/example_dags/example_time_delta_sensor_async.py
[2024-07-13T01:43:29.844+0000] {processor.py:830} INFO - Processing file /home/airflow/.local/lib/python3.12/site-packages/airflow/example_dags/example_time_delta_sensor_async.py for tasks to queue
[2024-07-13T01:43:29.847+0000] {logging_mixin.py:188} INFO - [2024-07-13T01:43:29.846+0000] {dagbag.py:545} INFO - Filling up the DagBag from /home/airflow/.local/lib/python3.12/site-packages/airflow/example_dags/example_time_delta_sensor_async.py
[2024-07-13T01:43:29.851+0000] {processor.py:840} INFO - DAG(s) 'example_time_delta_sensor_async' retrieved from /home/airflow/.local/lib/python3.12/site-packages/airflow/example_dags/example_time_delta_sensor_async.py
[2024-07-13T01:43:29.877+0000] {logging_mixin.py:188} INFO - [2024-07-13T01:43:29.877+0000] {dag.py:3096} INFO - Sync 1 DAGs
[2024-07-13T01:43:30.062+0000] {logging_mixin.py:188} INFO - [2024-07-13T01:43:30.062+0000] {dag.py:3954} INFO - Setting next_dagrun for example_time_delta_sensor_async to None, run_after=None
[2024-07-13T01:43:30.091+0000] {processor.py:183} INFO - Processing /home/airflow/.local/lib/python3.12/site-packages/airflow/example_dags/example_time_delta_sensor_async.py took 0.257 seconds
