[2024-07-13T01:28:11.505+0000] {processor.py:161} INFO - Started process (PID=54) to work on /home/airflow/.local/lib/python3.12/site-packages/airflow/example_dags/example_xcomargs.py
[2024-07-13T01:28:11.506+0000] {processor.py:830} INFO - Processing file /home/airflow/.local/lib/python3.12/site-packages/airflow/example_dags/example_xcomargs.py for tasks to queue
[2024-07-13T01:28:11.514+0000] {logging_mixin.py:188} INFO - [2024-07-13T01:28:11.508+0000] {dagbag.py:545} INFO - Filling up the DagBag from /home/airflow/.local/lib/python3.12/site-packages/airflow/example_dags/example_xcomargs.py
[2024-07-13T01:28:11.526+0000] {processor.py:840} INFO - DAG(s) 'example_xcom_args_with_operators', 'example_xcom_args' retrieved from /home/airflow/.local/lib/python3.12/site-packages/airflow/example_dags/example_xcomargs.py
[2024-07-13T01:28:11.898+0000] {logging_mixin.py:188} INFO - [2024-07-13T01:28:11.886+0000] {dag.py:3096} INFO - Sync 2 DAGs
[2024-07-13T01:28:11.925+0000] {logging_mixin.py:188} INFO - [2024-07-13T01:28:11.925+0000] {dag.py:3954} INFO - Setting next_dagrun for example_xcom_args to None, run_after=None
[2024-07-13T01:28:11.934+0000] {logging_mixin.py:188} INFO - [2024-07-13T01:28:11.933+0000] {dag.py:3954} INFO - Setting next_dagrun for example_xcom_args_with_operators to None, run_after=None
[2024-07-13T01:28:11.973+0000] {processor.py:183} INFO - Processing /home/airflow/.local/lib/python3.12/site-packages/airflow/example_dags/example_xcomargs.py took 0.483 seconds
[2024-07-13T01:28:42.199+0000] {processor.py:161} INFO - Started process (PID=111) to work on /home/airflow/.local/lib/python3.12/site-packages/airflow/example_dags/example_xcomargs.py
[2024-07-13T01:28:42.200+0000] {processor.py:830} INFO - Processing file /home/airflow/.local/lib/python3.12/site-packages/airflow/example_dags/example_xcomargs.py for tasks to queue
[2024-07-13T01:28:42.202+0000] {logging_mixin.py:188} INFO - [2024-07-13T01:28:42.202+0000] {dagbag.py:545} INFO - Filling up the DagBag from /home/airflow/.local/lib/python3.12/site-packages/airflow/example_dags/example_xcomargs.py
[2024-07-13T01:28:42.211+0000] {processor.py:840} INFO - DAG(s) 'example_xcom_args_with_operators', 'example_xcom_args' retrieved from /home/airflow/.local/lib/python3.12/site-packages/airflow/example_dags/example_xcomargs.py
[2024-07-13T01:28:42.240+0000] {logging_mixin.py:188} INFO - [2024-07-13T01:28:42.240+0000] {dag.py:3096} INFO - Sync 2 DAGs
[2024-07-13T01:28:42.255+0000] {logging_mixin.py:188} INFO - [2024-07-13T01:28:42.254+0000] {dag.py:3954} INFO - Setting next_dagrun for example_xcom_args to None, run_after=None
[2024-07-13T01:28:42.259+0000] {logging_mixin.py:188} INFO - [2024-07-13T01:28:42.259+0000] {dag.py:3954} INFO - Setting next_dagrun for example_xcom_args_with_operators to None, run_after=None
[2024-07-13T01:28:42.286+0000] {processor.py:183} INFO - Processing /home/airflow/.local/lib/python3.12/site-packages/airflow/example_dags/example_xcomargs.py took 0.094 seconds
[2024-07-13T01:29:12.509+0000] {processor.py:161} INFO - Started process (PID=169) to work on /home/airflow/.local/lib/python3.12/site-packages/airflow/example_dags/example_xcomargs.py
[2024-07-13T01:29:12.511+0000] {processor.py:830} INFO - Processing file /home/airflow/.local/lib/python3.12/site-packages/airflow/example_dags/example_xcomargs.py for tasks to queue
[2024-07-13T01:29:12.514+0000] {logging_mixin.py:188} INFO - [2024-07-13T01:29:12.513+0000] {dagbag.py:545} INFO - Filling up the DagBag from /home/airflow/.local/lib/python3.12/site-packages/airflow/example_dags/example_xcomargs.py
[2024-07-13T01:29:12.526+0000] {processor.py:840} INFO - DAG(s) 'example_xcom_args', 'example_xcom_args_with_operators' retrieved from /home/airflow/.local/lib/python3.12/site-packages/airflow/example_dags/example_xcomargs.py
[2024-07-13T01:29:12.560+0000] {logging_mixin.py:188} INFO - [2024-07-13T01:29:12.559+0000] {dag.py:3096} INFO - Sync 2 DAGs
[2024-07-13T01:29:12.577+0000] {logging_mixin.py:188} INFO - [2024-07-13T01:29:12.576+0000] {dag.py:3954} INFO - Setting next_dagrun for example_xcom_args to None, run_after=None
[2024-07-13T01:29:12.582+0000] {logging_mixin.py:188} INFO - [2024-07-13T01:29:12.582+0000] {dag.py:3954} INFO - Setting next_dagrun for example_xcom_args_with_operators to None, run_after=None
[2024-07-13T01:29:12.608+0000] {processor.py:183} INFO - Processing /home/airflow/.local/lib/python3.12/site-packages/airflow/example_dags/example_xcomargs.py took 0.109 seconds
[2024-07-13T01:29:42.669+0000] {processor.py:161} INFO - Started process (PID=227) to work on /home/airflow/.local/lib/python3.12/site-packages/airflow/example_dags/example_xcomargs.py
[2024-07-13T01:29:42.676+0000] {processor.py:830} INFO - Processing file /home/airflow/.local/lib/python3.12/site-packages/airflow/example_dags/example_xcomargs.py for tasks to queue
[2024-07-13T01:29:42.679+0000] {logging_mixin.py:188} INFO - [2024-07-13T01:29:42.678+0000] {dagbag.py:545} INFO - Filling up the DagBag from /home/airflow/.local/lib/python3.12/site-packages/airflow/example_dags/example_xcomargs.py
[2024-07-13T01:29:42.690+0000] {processor.py:840} INFO - DAG(s) 'example_xcom_args_with_operators', 'example_xcom_args' retrieved from /home/airflow/.local/lib/python3.12/site-packages/airflow/example_dags/example_xcomargs.py
[2024-07-13T01:29:42.726+0000] {logging_mixin.py:188} INFO - [2024-07-13T01:29:42.726+0000] {dag.py:3096} INFO - Sync 2 DAGs
[2024-07-13T01:29:42.743+0000] {logging_mixin.py:188} INFO - [2024-07-13T01:29:42.743+0000] {dag.py:3954} INFO - Setting next_dagrun for example_xcom_args to None, run_after=None
[2024-07-13T01:29:42.748+0000] {logging_mixin.py:188} INFO - [2024-07-13T01:29:42.747+0000] {dag.py:3954} INFO - Setting next_dagrun for example_xcom_args_with_operators to None, run_after=None
[2024-07-13T01:29:42.769+0000] {processor.py:183} INFO - Processing /home/airflow/.local/lib/python3.12/site-packages/airflow/example_dags/example_xcomargs.py took 0.108 seconds
[2024-07-13T01:30:12.886+0000] {processor.py:161} INFO - Started process (PID=284) to work on /home/airflow/.local/lib/python3.12/site-packages/airflow/example_dags/example_xcomargs.py
[2024-07-13T01:30:12.889+0000] {processor.py:830} INFO - Processing file /home/airflow/.local/lib/python3.12/site-packages/airflow/example_dags/example_xcomargs.py for tasks to queue
[2024-07-13T01:30:12.892+0000] {logging_mixin.py:188} INFO - [2024-07-13T01:30:12.892+0000] {dagbag.py:545} INFO - Filling up the DagBag from /home/airflow/.local/lib/python3.12/site-packages/airflow/example_dags/example_xcomargs.py
[2024-07-13T01:30:12.903+0000] {processor.py:840} INFO - DAG(s) 'example_xcom_args_with_operators', 'example_xcom_args' retrieved from /home/airflow/.local/lib/python3.12/site-packages/airflow/example_dags/example_xcomargs.py
[2024-07-13T01:30:12.933+0000] {logging_mixin.py:188} INFO - [2024-07-13T01:30:12.933+0000] {dag.py:3096} INFO - Sync 2 DAGs
[2024-07-13T01:30:12.948+0000] {logging_mixin.py:188} INFO - [2024-07-13T01:30:12.948+0000] {dag.py:3954} INFO - Setting next_dagrun for example_xcom_args to None, run_after=None
[2024-07-13T01:30:12.953+0000] {logging_mixin.py:188} INFO - [2024-07-13T01:30:12.953+0000] {dag.py:3954} INFO - Setting next_dagrun for example_xcom_args_with_operators to None, run_after=None
[2024-07-13T01:30:12.976+0000] {processor.py:183} INFO - Processing /home/airflow/.local/lib/python3.12/site-packages/airflow/example_dags/example_xcomargs.py took 0.098 seconds
[2024-07-13T01:30:43.465+0000] {processor.py:161} INFO - Started process (PID=342) to work on /home/airflow/.local/lib/python3.12/site-packages/airflow/example_dags/example_xcomargs.py
[2024-07-13T01:30:43.466+0000] {processor.py:830} INFO - Processing file /home/airflow/.local/lib/python3.12/site-packages/airflow/example_dags/example_xcomargs.py for tasks to queue
[2024-07-13T01:30:43.468+0000] {logging_mixin.py:188} INFO - [2024-07-13T01:30:43.468+0000] {dagbag.py:545} INFO - Filling up the DagBag from /home/airflow/.local/lib/python3.12/site-packages/airflow/example_dags/example_xcomargs.py
[2024-07-13T01:30:43.478+0000] {processor.py:840} INFO - DAG(s) 'example_xcom_args', 'example_xcom_args_with_operators' retrieved from /home/airflow/.local/lib/python3.12/site-packages/airflow/example_dags/example_xcomargs.py
[2024-07-13T01:30:43.515+0000] {logging_mixin.py:188} INFO - [2024-07-13T01:30:43.515+0000] {dag.py:3096} INFO - Sync 2 DAGs
[2024-07-13T01:30:43.533+0000] {logging_mixin.py:188} INFO - [2024-07-13T01:30:43.533+0000] {dag.py:3954} INFO - Setting next_dagrun for example_xcom_args to None, run_after=None
[2024-07-13T01:30:43.539+0000] {logging_mixin.py:188} INFO - [2024-07-13T01:30:43.539+0000] {dag.py:3954} INFO - Setting next_dagrun for example_xcom_args_with_operators to None, run_after=None
[2024-07-13T01:30:43.561+0000] {processor.py:183} INFO - Processing /home/airflow/.local/lib/python3.12/site-packages/airflow/example_dags/example_xcomargs.py took 0.103 seconds
[2024-07-13T01:31:13.729+0000] {processor.py:161} INFO - Started process (PID=400) to work on /home/airflow/.local/lib/python3.12/site-packages/airflow/example_dags/example_xcomargs.py
[2024-07-13T01:31:13.730+0000] {processor.py:830} INFO - Processing file /home/airflow/.local/lib/python3.12/site-packages/airflow/example_dags/example_xcomargs.py for tasks to queue
[2024-07-13T01:31:13.732+0000] {logging_mixin.py:188} INFO - [2024-07-13T01:31:13.732+0000] {dagbag.py:545} INFO - Filling up the DagBag from /home/airflow/.local/lib/python3.12/site-packages/airflow/example_dags/example_xcomargs.py
[2024-07-13T01:31:13.742+0000] {processor.py:840} INFO - DAG(s) 'example_xcom_args_with_operators', 'example_xcom_args' retrieved from /home/airflow/.local/lib/python3.12/site-packages/airflow/example_dags/example_xcomargs.py
[2024-07-13T01:31:13.770+0000] {logging_mixin.py:188} INFO - [2024-07-13T01:31:13.770+0000] {dag.py:3096} INFO - Sync 2 DAGs
[2024-07-13T01:31:13.786+0000] {logging_mixin.py:188} INFO - [2024-07-13T01:31:13.786+0000] {dag.py:3954} INFO - Setting next_dagrun for example_xcom_args to None, run_after=None
[2024-07-13T01:31:13.790+0000] {logging_mixin.py:188} INFO - [2024-07-13T01:31:13.790+0000] {dag.py:3954} INFO - Setting next_dagrun for example_xcom_args_with_operators to None, run_after=None
[2024-07-13T01:31:13.814+0000] {processor.py:183} INFO - Processing /home/airflow/.local/lib/python3.12/site-packages/airflow/example_dags/example_xcomargs.py took 0.092 seconds
[2024-07-13T01:31:44.163+0000] {processor.py:161} INFO - Started process (PID=458) to work on /home/airflow/.local/lib/python3.12/site-packages/airflow/example_dags/example_xcomargs.py
[2024-07-13T01:31:44.164+0000] {processor.py:830} INFO - Processing file /home/airflow/.local/lib/python3.12/site-packages/airflow/example_dags/example_xcomargs.py for tasks to queue
[2024-07-13T01:31:44.166+0000] {logging_mixin.py:188} INFO - [2024-07-13T01:31:44.165+0000] {dagbag.py:545} INFO - Filling up the DagBag from /home/airflow/.local/lib/python3.12/site-packages/airflow/example_dags/example_xcomargs.py
[2024-07-13T01:31:44.175+0000] {processor.py:840} INFO - DAG(s) 'example_xcom_args_with_operators', 'example_xcom_args' retrieved from /home/airflow/.local/lib/python3.12/site-packages/airflow/example_dags/example_xcomargs.py
[2024-07-13T01:31:44.204+0000] {logging_mixin.py:188} INFO - [2024-07-13T01:31:44.203+0000] {dag.py:3096} INFO - Sync 2 DAGs
[2024-07-13T01:31:44.219+0000] {logging_mixin.py:188} INFO - [2024-07-13T01:31:44.219+0000] {dag.py:3954} INFO - Setting next_dagrun for example_xcom_args to None, run_after=None
[2024-07-13T01:31:44.227+0000] {logging_mixin.py:188} INFO - [2024-07-13T01:31:44.226+0000] {dag.py:3954} INFO - Setting next_dagrun for example_xcom_args_with_operators to None, run_after=None
[2024-07-13T01:31:44.249+0000] {processor.py:183} INFO - Processing /home/airflow/.local/lib/python3.12/site-packages/airflow/example_dags/example_xcomargs.py took 0.093 seconds
[2024-07-13T01:32:14.559+0000] {processor.py:161} INFO - Started process (PID=517) to work on /home/airflow/.local/lib/python3.12/site-packages/airflow/example_dags/example_xcomargs.py
[2024-07-13T01:32:14.560+0000] {processor.py:830} INFO - Processing file /home/airflow/.local/lib/python3.12/site-packages/airflow/example_dags/example_xcomargs.py for tasks to queue
[2024-07-13T01:32:14.562+0000] {logging_mixin.py:188} INFO - [2024-07-13T01:32:14.561+0000] {dagbag.py:545} INFO - Filling up the DagBag from /home/airflow/.local/lib/python3.12/site-packages/airflow/example_dags/example_xcomargs.py
[2024-07-13T01:32:14.572+0000] {processor.py:840} INFO - DAG(s) 'example_xcom_args', 'example_xcom_args_with_operators' retrieved from /home/airflow/.local/lib/python3.12/site-packages/airflow/example_dags/example_xcomargs.py
[2024-07-13T01:32:14.600+0000] {logging_mixin.py:188} INFO - [2024-07-13T01:32:14.600+0000] {dag.py:3096} INFO - Sync 2 DAGs
[2024-07-13T01:32:14.617+0000] {logging_mixin.py:188} INFO - [2024-07-13T01:32:14.617+0000] {dag.py:3954} INFO - Setting next_dagrun for example_xcom_args to None, run_after=None
[2024-07-13T01:32:14.622+0000] {logging_mixin.py:188} INFO - [2024-07-13T01:32:14.622+0000] {dag.py:3954} INFO - Setting next_dagrun for example_xcom_args_with_operators to None, run_after=None
[2024-07-13T01:32:14.648+0000] {processor.py:183} INFO - Processing /home/airflow/.local/lib/python3.12/site-packages/airflow/example_dags/example_xcomargs.py took 0.096 seconds
[2024-07-13T01:32:44.837+0000] {processor.py:161} INFO - Started process (PID=576) to work on /home/airflow/.local/lib/python3.12/site-packages/airflow/example_dags/example_xcomargs.py
[2024-07-13T01:32:44.838+0000] {processor.py:830} INFO - Processing file /home/airflow/.local/lib/python3.12/site-packages/airflow/example_dags/example_xcomargs.py for tasks to queue
[2024-07-13T01:32:44.840+0000] {logging_mixin.py:188} INFO - [2024-07-13T01:32:44.840+0000] {dagbag.py:545} INFO - Filling up the DagBag from /home/airflow/.local/lib/python3.12/site-packages/airflow/example_dags/example_xcomargs.py
[2024-07-13T01:32:44.849+0000] {processor.py:840} INFO - DAG(s) 'example_xcom_args', 'example_xcom_args_with_operators' retrieved from /home/airflow/.local/lib/python3.12/site-packages/airflow/example_dags/example_xcomargs.py
[2024-07-13T01:32:44.877+0000] {logging_mixin.py:188} INFO - [2024-07-13T01:32:44.877+0000] {dag.py:3096} INFO - Sync 2 DAGs
[2024-07-13T01:32:44.894+0000] {logging_mixin.py:188} INFO - [2024-07-13T01:32:44.894+0000] {dag.py:3954} INFO - Setting next_dagrun for example_xcom_args to None, run_after=None
[2024-07-13T01:32:44.898+0000] {logging_mixin.py:188} INFO - [2024-07-13T01:32:44.898+0000] {dag.py:3954} INFO - Setting next_dagrun for example_xcom_args_with_operators to None, run_after=None
[2024-07-13T01:32:44.944+0000] {processor.py:183} INFO - Processing /home/airflow/.local/lib/python3.12/site-packages/airflow/example_dags/example_xcomargs.py took 0.115 seconds
[2024-07-13T01:33:15.270+0000] {processor.py:161} INFO - Started process (PID=641) to work on /home/airflow/.local/lib/python3.12/site-packages/airflow/example_dags/example_xcomargs.py
[2024-07-13T01:33:15.272+0000] {processor.py:830} INFO - Processing file /home/airflow/.local/lib/python3.12/site-packages/airflow/example_dags/example_xcomargs.py for tasks to queue
[2024-07-13T01:33:15.278+0000] {logging_mixin.py:188} INFO - [2024-07-13T01:33:15.277+0000] {dagbag.py:545} INFO - Filling up the DagBag from /home/airflow/.local/lib/python3.12/site-packages/airflow/example_dags/example_xcomargs.py
[2024-07-13T01:33:15.289+0000] {processor.py:840} INFO - DAG(s) 'example_xcom_args_with_operators', 'example_xcom_args' retrieved from /home/airflow/.local/lib/python3.12/site-packages/airflow/example_dags/example_xcomargs.py
[2024-07-13T01:33:15.321+0000] {logging_mixin.py:188} INFO - [2024-07-13T01:33:15.321+0000] {dag.py:3096} INFO - Sync 2 DAGs
[2024-07-13T01:33:15.338+0000] {logging_mixin.py:188} INFO - [2024-07-13T01:33:15.338+0000] {dag.py:3954} INFO - Setting next_dagrun for example_xcom_args to None, run_after=None
[2024-07-13T01:33:15.343+0000] {logging_mixin.py:188} INFO - [2024-07-13T01:33:15.343+0000] {dag.py:3954} INFO - Setting next_dagrun for example_xcom_args_with_operators to None, run_after=None
[2024-07-13T01:33:15.364+0000] {processor.py:183} INFO - Processing /home/airflow/.local/lib/python3.12/site-packages/airflow/example_dags/example_xcomargs.py took 0.103 seconds
[2024-07-13T01:33:45.460+0000] {processor.py:161} INFO - Started process (PID=699) to work on /home/airflow/.local/lib/python3.12/site-packages/airflow/example_dags/example_xcomargs.py
[2024-07-13T01:33:45.461+0000] {processor.py:830} INFO - Processing file /home/airflow/.local/lib/python3.12/site-packages/airflow/example_dags/example_xcomargs.py for tasks to queue
[2024-07-13T01:33:45.463+0000] {logging_mixin.py:188} INFO - [2024-07-13T01:33:45.463+0000] {dagbag.py:545} INFO - Filling up the DagBag from /home/airflow/.local/lib/python3.12/site-packages/airflow/example_dags/example_xcomargs.py
[2024-07-13T01:33:45.473+0000] {processor.py:840} INFO - DAG(s) 'example_xcom_args_with_operators', 'example_xcom_args' retrieved from /home/airflow/.local/lib/python3.12/site-packages/airflow/example_dags/example_xcomargs.py
[2024-07-13T01:33:45.501+0000] {logging_mixin.py:188} INFO - [2024-07-13T01:33:45.500+0000] {dag.py:3096} INFO - Sync 2 DAGs
[2024-07-13T01:33:45.516+0000] {logging_mixin.py:188} INFO - [2024-07-13T01:33:45.515+0000] {dag.py:3954} INFO - Setting next_dagrun for example_xcom_args to None, run_after=None
[2024-07-13T01:33:45.520+0000] {logging_mixin.py:188} INFO - [2024-07-13T01:33:45.520+0000] {dag.py:3954} INFO - Setting next_dagrun for example_xcom_args_with_operators to None, run_after=None
[2024-07-13T01:33:45.539+0000] {processor.py:183} INFO - Processing /home/airflow/.local/lib/python3.12/site-packages/airflow/example_dags/example_xcomargs.py took 0.087 seconds
[2024-07-13T01:34:15.902+0000] {processor.py:161} INFO - Started process (PID=757) to work on /home/airflow/.local/lib/python3.12/site-packages/airflow/example_dags/example_xcomargs.py
[2024-07-13T01:34:15.903+0000] {processor.py:830} INFO - Processing file /home/airflow/.local/lib/python3.12/site-packages/airflow/example_dags/example_xcomargs.py for tasks to queue
[2024-07-13T01:34:15.907+0000] {logging_mixin.py:188} INFO - [2024-07-13T01:34:15.907+0000] {dagbag.py:545} INFO - Filling up the DagBag from /home/airflow/.local/lib/python3.12/site-packages/airflow/example_dags/example_xcomargs.py
[2024-07-13T01:34:15.919+0000] {processor.py:840} INFO - DAG(s) 'example_xcom_args', 'example_xcom_args_with_operators' retrieved from /home/airflow/.local/lib/python3.12/site-packages/airflow/example_dags/example_xcomargs.py
[2024-07-13T01:34:15.949+0000] {logging_mixin.py:188} INFO - [2024-07-13T01:34:15.948+0000] {dag.py:3096} INFO - Sync 2 DAGs
[2024-07-13T01:34:15.967+0000] {logging_mixin.py:188} INFO - [2024-07-13T01:34:15.967+0000] {dag.py:3954} INFO - Setting next_dagrun for example_xcom_args to None, run_after=None
[2024-07-13T01:34:15.971+0000] {logging_mixin.py:188} INFO - [2024-07-13T01:34:15.971+0000] {dag.py:3954} INFO - Setting next_dagrun for example_xcom_args_with_operators to None, run_after=None
[2024-07-13T01:34:15.991+0000] {processor.py:183} INFO - Processing /home/airflow/.local/lib/python3.12/site-packages/airflow/example_dags/example_xcomargs.py took 0.100 seconds
[2024-07-13T01:34:46.094+0000] {processor.py:161} INFO - Started process (PID=815) to work on /home/airflow/.local/lib/python3.12/site-packages/airflow/example_dags/example_xcomargs.py
[2024-07-13T01:34:46.095+0000] {processor.py:830} INFO - Processing file /home/airflow/.local/lib/python3.12/site-packages/airflow/example_dags/example_xcomargs.py for tasks to queue
[2024-07-13T01:34:46.097+0000] {logging_mixin.py:188} INFO - [2024-07-13T01:34:46.097+0000] {dagbag.py:545} INFO - Filling up the DagBag from /home/airflow/.local/lib/python3.12/site-packages/airflow/example_dags/example_xcomargs.py
[2024-07-13T01:34:46.109+0000] {processor.py:840} INFO - DAG(s) 'example_xcom_args', 'example_xcom_args_with_operators' retrieved from /home/airflow/.local/lib/python3.12/site-packages/airflow/example_dags/example_xcomargs.py
[2024-07-13T01:34:46.146+0000] {logging_mixin.py:188} INFO - [2024-07-13T01:34:46.145+0000] {dag.py:3096} INFO - Sync 2 DAGs
[2024-07-13T01:34:46.164+0000] {logging_mixin.py:188} INFO - [2024-07-13T01:34:46.163+0000] {dag.py:3954} INFO - Setting next_dagrun for example_xcom_args to None, run_after=None
[2024-07-13T01:34:46.169+0000] {logging_mixin.py:188} INFO - [2024-07-13T01:34:46.168+0000] {dag.py:3954} INFO - Setting next_dagrun for example_xcom_args_with_operators to None, run_after=None
[2024-07-13T01:34:46.194+0000] {processor.py:183} INFO - Processing /home/airflow/.local/lib/python3.12/site-packages/airflow/example_dags/example_xcomargs.py took 0.108 seconds
[2024-07-13T01:35:16.624+0000] {processor.py:161} INFO - Started process (PID=873) to work on /home/airflow/.local/lib/python3.12/site-packages/airflow/example_dags/example_xcomargs.py
[2024-07-13T01:35:16.625+0000] {processor.py:830} INFO - Processing file /home/airflow/.local/lib/python3.12/site-packages/airflow/example_dags/example_xcomargs.py for tasks to queue
[2024-07-13T01:35:16.627+0000] {logging_mixin.py:188} INFO - [2024-07-13T01:35:16.626+0000] {dagbag.py:545} INFO - Filling up the DagBag from /home/airflow/.local/lib/python3.12/site-packages/airflow/example_dags/example_xcomargs.py
[2024-07-13T01:35:16.636+0000] {processor.py:840} INFO - DAG(s) 'example_xcom_args_with_operators', 'example_xcom_args' retrieved from /home/airflow/.local/lib/python3.12/site-packages/airflow/example_dags/example_xcomargs.py
[2024-07-13T01:35:16.664+0000] {logging_mixin.py:188} INFO - [2024-07-13T01:35:16.663+0000] {dag.py:3096} INFO - Sync 2 DAGs
[2024-07-13T01:35:16.679+0000] {logging_mixin.py:188} INFO - [2024-07-13T01:35:16.679+0000] {dag.py:3954} INFO - Setting next_dagrun for example_xcom_args to None, run_after=None
[2024-07-13T01:35:16.684+0000] {logging_mixin.py:188} INFO - [2024-07-13T01:35:16.684+0000] {dag.py:3954} INFO - Setting next_dagrun for example_xcom_args_with_operators to None, run_after=None
[2024-07-13T01:35:16.713+0000] {processor.py:183} INFO - Processing /home/airflow/.local/lib/python3.12/site-packages/airflow/example_dags/example_xcomargs.py took 0.096 seconds
[2024-07-13T01:35:47.061+0000] {processor.py:161} INFO - Started process (PID=930) to work on /home/airflow/.local/lib/python3.12/site-packages/airflow/example_dags/example_xcomargs.py
[2024-07-13T01:35:47.063+0000] {processor.py:830} INFO - Processing file /home/airflow/.local/lib/python3.12/site-packages/airflow/example_dags/example_xcomargs.py for tasks to queue
[2024-07-13T01:35:47.065+0000] {logging_mixin.py:188} INFO - [2024-07-13T01:35:47.065+0000] {dagbag.py:545} INFO - Filling up the DagBag from /home/airflow/.local/lib/python3.12/site-packages/airflow/example_dags/example_xcomargs.py
[2024-07-13T01:35:47.075+0000] {processor.py:840} INFO - DAG(s) 'example_xcom_args_with_operators', 'example_xcom_args' retrieved from /home/airflow/.local/lib/python3.12/site-packages/airflow/example_dags/example_xcomargs.py
[2024-07-13T01:35:47.105+0000] {logging_mixin.py:188} INFO - [2024-07-13T01:35:47.105+0000] {dag.py:3096} INFO - Sync 2 DAGs
[2024-07-13T01:35:47.130+0000] {logging_mixin.py:188} INFO - [2024-07-13T01:35:47.129+0000] {dag.py:3954} INFO - Setting next_dagrun for example_xcom_args to None, run_after=None
[2024-07-13T01:35:47.134+0000] {logging_mixin.py:188} INFO - [2024-07-13T01:35:47.134+0000] {dag.py:3954} INFO - Setting next_dagrun for example_xcom_args_with_operators to None, run_after=None
[2024-07-13T01:35:47.155+0000] {processor.py:183} INFO - Processing /home/airflow/.local/lib/python3.12/site-packages/airflow/example_dags/example_xcomargs.py took 0.101 seconds
[2024-07-13T01:36:17.494+0000] {processor.py:161} INFO - Started process (PID=988) to work on /home/airflow/.local/lib/python3.12/site-packages/airflow/example_dags/example_xcomargs.py
[2024-07-13T01:36:17.495+0000] {processor.py:830} INFO - Processing file /home/airflow/.local/lib/python3.12/site-packages/airflow/example_dags/example_xcomargs.py for tasks to queue
[2024-07-13T01:36:17.499+0000] {logging_mixin.py:188} INFO - [2024-07-13T01:36:17.498+0000] {dagbag.py:545} INFO - Filling up the DagBag from /home/airflow/.local/lib/python3.12/site-packages/airflow/example_dags/example_xcomargs.py
[2024-07-13T01:36:17.509+0000] {processor.py:840} INFO - DAG(s) 'example_xcom_args', 'example_xcom_args_with_operators' retrieved from /home/airflow/.local/lib/python3.12/site-packages/airflow/example_dags/example_xcomargs.py
[2024-07-13T01:36:17.540+0000] {logging_mixin.py:188} INFO - [2024-07-13T01:36:17.540+0000] {dag.py:3096} INFO - Sync 2 DAGs
[2024-07-13T01:36:17.558+0000] {logging_mixin.py:188} INFO - [2024-07-13T01:36:17.558+0000] {dag.py:3954} INFO - Setting next_dagrun for example_xcom_args to None, run_after=None
[2024-07-13T01:36:17.564+0000] {logging_mixin.py:188} INFO - [2024-07-13T01:36:17.564+0000] {dag.py:3954} INFO - Setting next_dagrun for example_xcom_args_with_operators to None, run_after=None
[2024-07-13T01:36:17.591+0000] {processor.py:183} INFO - Processing /home/airflow/.local/lib/python3.12/site-packages/airflow/example_dags/example_xcomargs.py took 0.103 seconds
[2024-07-13T01:36:47.689+0000] {processor.py:161} INFO - Started process (PID=1046) to work on /home/airflow/.local/lib/python3.12/site-packages/airflow/example_dags/example_xcomargs.py
[2024-07-13T01:36:47.693+0000] {processor.py:830} INFO - Processing file /home/airflow/.local/lib/python3.12/site-packages/airflow/example_dags/example_xcomargs.py for tasks to queue
[2024-07-13T01:36:47.695+0000] {logging_mixin.py:188} INFO - [2024-07-13T01:36:47.695+0000] {dagbag.py:545} INFO - Filling up the DagBag from /home/airflow/.local/lib/python3.12/site-packages/airflow/example_dags/example_xcomargs.py
[2024-07-13T01:36:47.705+0000] {processor.py:840} INFO - DAG(s) 'example_xcom_args_with_operators', 'example_xcom_args' retrieved from /home/airflow/.local/lib/python3.12/site-packages/airflow/example_dags/example_xcomargs.py
[2024-07-13T01:36:47.750+0000] {logging_mixin.py:188} INFO - [2024-07-13T01:36:47.750+0000] {dag.py:3096} INFO - Sync 2 DAGs
[2024-07-13T01:36:47.766+0000] {logging_mixin.py:188} INFO - [2024-07-13T01:36:47.766+0000] {dag.py:3954} INFO - Setting next_dagrun for example_xcom_args to None, run_after=None
[2024-07-13T01:36:47.771+0000] {logging_mixin.py:188} INFO - [2024-07-13T01:36:47.771+0000] {dag.py:3954} INFO - Setting next_dagrun for example_xcom_args_with_operators to None, run_after=None
[2024-07-13T01:36:47.794+0000] {processor.py:183} INFO - Processing /home/airflow/.local/lib/python3.12/site-packages/airflow/example_dags/example_xcomargs.py took 0.112 seconds
[2024-07-13T01:37:18.105+0000] {processor.py:161} INFO - Started process (PID=1105) to work on /home/airflow/.local/lib/python3.12/site-packages/airflow/example_dags/example_xcomargs.py
[2024-07-13T01:37:18.107+0000] {processor.py:830} INFO - Processing file /home/airflow/.local/lib/python3.12/site-packages/airflow/example_dags/example_xcomargs.py for tasks to queue
[2024-07-13T01:37:18.109+0000] {logging_mixin.py:188} INFO - [2024-07-13T01:37:18.109+0000] {dagbag.py:545} INFO - Filling up the DagBag from /home/airflow/.local/lib/python3.12/site-packages/airflow/example_dags/example_xcomargs.py
[2024-07-13T01:37:18.119+0000] {processor.py:840} INFO - DAG(s) 'example_xcom_args_with_operators', 'example_xcom_args' retrieved from /home/airflow/.local/lib/python3.12/site-packages/airflow/example_dags/example_xcomargs.py
[2024-07-13T01:37:18.150+0000] {logging_mixin.py:188} INFO - [2024-07-13T01:37:18.149+0000] {dag.py:3096} INFO - Sync 2 DAGs
[2024-07-13T01:37:18.168+0000] {logging_mixin.py:188} INFO - [2024-07-13T01:37:18.168+0000] {dag.py:3954} INFO - Setting next_dagrun for example_xcom_args to None, run_after=None
[2024-07-13T01:37:18.174+0000] {logging_mixin.py:188} INFO - [2024-07-13T01:37:18.174+0000] {dag.py:3954} INFO - Setting next_dagrun for example_xcom_args_with_operators to None, run_after=None
[2024-07-13T01:37:18.201+0000] {processor.py:183} INFO - Processing /home/airflow/.local/lib/python3.12/site-packages/airflow/example_dags/example_xcomargs.py took 0.103 seconds
[2024-07-13T01:37:48.492+0000] {processor.py:161} INFO - Started process (PID=1163) to work on /home/airflow/.local/lib/python3.12/site-packages/airflow/example_dags/example_xcomargs.py
[2024-07-13T01:37:48.494+0000] {processor.py:830} INFO - Processing file /home/airflow/.local/lib/python3.12/site-packages/airflow/example_dags/example_xcomargs.py for tasks to queue
[2024-07-13T01:37:48.496+0000] {logging_mixin.py:188} INFO - [2024-07-13T01:37:48.495+0000] {dagbag.py:545} INFO - Filling up the DagBag from /home/airflow/.local/lib/python3.12/site-packages/airflow/example_dags/example_xcomargs.py
[2024-07-13T01:37:48.506+0000] {processor.py:840} INFO - DAG(s) 'example_xcom_args', 'example_xcom_args_with_operators' retrieved from /home/airflow/.local/lib/python3.12/site-packages/airflow/example_dags/example_xcomargs.py
[2024-07-13T01:37:48.548+0000] {logging_mixin.py:188} INFO - [2024-07-13T01:37:48.547+0000] {dag.py:3096} INFO - Sync 2 DAGs
[2024-07-13T01:37:48.565+0000] {logging_mixin.py:188} INFO - [2024-07-13T01:37:48.565+0000] {dag.py:3954} INFO - Setting next_dagrun for example_xcom_args to None, run_after=None
[2024-07-13T01:37:48.570+0000] {logging_mixin.py:188} INFO - [2024-07-13T01:37:48.570+0000] {dag.py:3954} INFO - Setting next_dagrun for example_xcom_args_with_operators to None, run_after=None
[2024-07-13T01:37:48.593+0000] {processor.py:183} INFO - Processing /home/airflow/.local/lib/python3.12/site-packages/airflow/example_dags/example_xcomargs.py took 0.108 seconds
[2024-07-13T01:38:18.772+0000] {processor.py:161} INFO - Started process (PID=1221) to work on /home/airflow/.local/lib/python3.12/site-packages/airflow/example_dags/example_xcomargs.py
[2024-07-13T01:38:18.774+0000] {processor.py:830} INFO - Processing file /home/airflow/.local/lib/python3.12/site-packages/airflow/example_dags/example_xcomargs.py for tasks to queue
[2024-07-13T01:38:18.776+0000] {logging_mixin.py:188} INFO - [2024-07-13T01:38:18.775+0000] {dagbag.py:545} INFO - Filling up the DagBag from /home/airflow/.local/lib/python3.12/site-packages/airflow/example_dags/example_xcomargs.py
[2024-07-13T01:38:18.786+0000] {processor.py:840} INFO - DAG(s) 'example_xcom_args', 'example_xcom_args_with_operators' retrieved from /home/airflow/.local/lib/python3.12/site-packages/airflow/example_dags/example_xcomargs.py
[2024-07-13T01:38:18.815+0000] {logging_mixin.py:188} INFO - [2024-07-13T01:38:18.815+0000] {dag.py:3096} INFO - Sync 2 DAGs
[2024-07-13T01:38:18.830+0000] {logging_mixin.py:188} INFO - [2024-07-13T01:38:18.830+0000] {dag.py:3954} INFO - Setting next_dagrun for example_xcom_args to None, run_after=None
[2024-07-13T01:38:18.834+0000] {logging_mixin.py:188} INFO - [2024-07-13T01:38:18.834+0000] {dag.py:3954} INFO - Setting next_dagrun for example_xcom_args_with_operators to None, run_after=None
[2024-07-13T01:38:18.854+0000] {processor.py:183} INFO - Processing /home/airflow/.local/lib/python3.12/site-packages/airflow/example_dags/example_xcomargs.py took 0.089 seconds
[2024-07-13T01:38:49.155+0000] {processor.py:161} INFO - Started process (PID=1279) to work on /home/airflow/.local/lib/python3.12/site-packages/airflow/example_dags/example_xcomargs.py
[2024-07-13T01:38:49.156+0000] {processor.py:830} INFO - Processing file /home/airflow/.local/lib/python3.12/site-packages/airflow/example_dags/example_xcomargs.py for tasks to queue
[2024-07-13T01:38:49.158+0000] {logging_mixin.py:188} INFO - [2024-07-13T01:38:49.157+0000] {dagbag.py:545} INFO - Filling up the DagBag from /home/airflow/.local/lib/python3.12/site-packages/airflow/example_dags/example_xcomargs.py
[2024-07-13T01:38:49.170+0000] {processor.py:840} INFO - DAG(s) 'example_xcom_args', 'example_xcom_args_with_operators' retrieved from /home/airflow/.local/lib/python3.12/site-packages/airflow/example_dags/example_xcomargs.py
[2024-07-13T01:38:49.200+0000] {logging_mixin.py:188} INFO - [2024-07-13T01:38:49.200+0000] {dag.py:3096} INFO - Sync 2 DAGs
[2024-07-13T01:38:49.220+0000] {logging_mixin.py:188} INFO - [2024-07-13T01:38:49.219+0000] {dag.py:3954} INFO - Setting next_dagrun for example_xcom_args to None, run_after=None
[2024-07-13T01:38:49.224+0000] {logging_mixin.py:188} INFO - [2024-07-13T01:38:49.224+0000] {dag.py:3954} INFO - Setting next_dagrun for example_xcom_args_with_operators to None, run_after=None
[2024-07-13T01:38:49.246+0000] {processor.py:183} INFO - Processing /home/airflow/.local/lib/python3.12/site-packages/airflow/example_dags/example_xcomargs.py took 0.098 seconds
[2024-07-13T01:39:19.355+0000] {processor.py:161} INFO - Started process (PID=1337) to work on /home/airflow/.local/lib/python3.12/site-packages/airflow/example_dags/example_xcomargs.py
[2024-07-13T01:39:19.356+0000] {processor.py:830} INFO - Processing file /home/airflow/.local/lib/python3.12/site-packages/airflow/example_dags/example_xcomargs.py for tasks to queue
[2024-07-13T01:39:19.358+0000] {logging_mixin.py:188} INFO - [2024-07-13T01:39:19.358+0000] {dagbag.py:545} INFO - Filling up the DagBag from /home/airflow/.local/lib/python3.12/site-packages/airflow/example_dags/example_xcomargs.py
[2024-07-13T01:39:19.368+0000] {processor.py:840} INFO - DAG(s) 'example_xcom_args_with_operators', 'example_xcom_args' retrieved from /home/airflow/.local/lib/python3.12/site-packages/airflow/example_dags/example_xcomargs.py
[2024-07-13T01:39:19.399+0000] {logging_mixin.py:188} INFO - [2024-07-13T01:39:19.398+0000] {dag.py:3096} INFO - Sync 2 DAGs
[2024-07-13T01:39:19.414+0000] {logging_mixin.py:188} INFO - [2024-07-13T01:39:19.414+0000] {dag.py:3954} INFO - Setting next_dagrun for example_xcom_args to None, run_after=None
[2024-07-13T01:39:19.418+0000] {logging_mixin.py:188} INFO - [2024-07-13T01:39:19.418+0000] {dag.py:3954} INFO - Setting next_dagrun for example_xcom_args_with_operators to None, run_after=None
[2024-07-13T01:39:19.440+0000] {processor.py:183} INFO - Processing /home/airflow/.local/lib/python3.12/site-packages/airflow/example_dags/example_xcomargs.py took 0.092 seconds
[2024-07-13T01:39:49.984+0000] {processor.py:161} INFO - Started process (PID=1395) to work on /home/airflow/.local/lib/python3.12/site-packages/airflow/example_dags/example_xcomargs.py
[2024-07-13T01:39:49.985+0000] {processor.py:830} INFO - Processing file /home/airflow/.local/lib/python3.12/site-packages/airflow/example_dags/example_xcomargs.py for tasks to queue
[2024-07-13T01:39:49.987+0000] {logging_mixin.py:188} INFO - [2024-07-13T01:39:49.987+0000] {dagbag.py:545} INFO - Filling up the DagBag from /home/airflow/.local/lib/python3.12/site-packages/airflow/example_dags/example_xcomargs.py
[2024-07-13T01:39:49.999+0000] {processor.py:840} INFO - DAG(s) 'example_xcom_args_with_operators', 'example_xcom_args' retrieved from /home/airflow/.local/lib/python3.12/site-packages/airflow/example_dags/example_xcomargs.py
[2024-07-13T01:39:50.028+0000] {logging_mixin.py:188} INFO - [2024-07-13T01:39:50.028+0000] {dag.py:3096} INFO - Sync 2 DAGs
[2024-07-13T01:39:50.044+0000] {logging_mixin.py:188} INFO - [2024-07-13T01:39:50.043+0000] {dag.py:3954} INFO - Setting next_dagrun for example_xcom_args to None, run_after=None
[2024-07-13T01:39:50.048+0000] {logging_mixin.py:188} INFO - [2024-07-13T01:39:50.048+0000] {dag.py:3954} INFO - Setting next_dagrun for example_xcom_args_with_operators to None, run_after=None
[2024-07-13T01:39:50.067+0000] {processor.py:183} INFO - Processing /home/airflow/.local/lib/python3.12/site-packages/airflow/example_dags/example_xcomargs.py took 0.090 seconds
[2024-07-13T01:40:20.471+0000] {processor.py:161} INFO - Started process (PID=1453) to work on /home/airflow/.local/lib/python3.12/site-packages/airflow/example_dags/example_xcomargs.py
[2024-07-13T01:40:20.472+0000] {processor.py:830} INFO - Processing file /home/airflow/.local/lib/python3.12/site-packages/airflow/example_dags/example_xcomargs.py for tasks to queue
[2024-07-13T01:40:20.474+0000] {logging_mixin.py:188} INFO - [2024-07-13T01:40:20.473+0000] {dagbag.py:545} INFO - Filling up the DagBag from /home/airflow/.local/lib/python3.12/site-packages/airflow/example_dags/example_xcomargs.py
[2024-07-13T01:40:20.484+0000] {processor.py:840} INFO - DAG(s) 'example_xcom_args_with_operators', 'example_xcom_args' retrieved from /home/airflow/.local/lib/python3.12/site-packages/airflow/example_dags/example_xcomargs.py
[2024-07-13T01:40:20.515+0000] {logging_mixin.py:188} INFO - [2024-07-13T01:40:20.515+0000] {dag.py:3096} INFO - Sync 2 DAGs
[2024-07-13T01:40:20.533+0000] {logging_mixin.py:188} INFO - [2024-07-13T01:40:20.532+0000] {dag.py:3954} INFO - Setting next_dagrun for example_xcom_args to None, run_after=None
[2024-07-13T01:40:20.538+0000] {logging_mixin.py:188} INFO - [2024-07-13T01:40:20.538+0000] {dag.py:3954} INFO - Setting next_dagrun for example_xcom_args_with_operators to None, run_after=None
[2024-07-13T01:40:20.569+0000] {processor.py:183} INFO - Processing /home/airflow/.local/lib/python3.12/site-packages/airflow/example_dags/example_xcomargs.py took 0.106 seconds
[2024-07-13T01:40:50.989+0000] {processor.py:161} INFO - Started process (PID=1511) to work on /home/airflow/.local/lib/python3.12/site-packages/airflow/example_dags/example_xcomargs.py
[2024-07-13T01:40:50.997+0000] {processor.py:830} INFO - Processing file /home/airflow/.local/lib/python3.12/site-packages/airflow/example_dags/example_xcomargs.py for tasks to queue
[2024-07-13T01:40:51.000+0000] {logging_mixin.py:188} INFO - [2024-07-13T01:40:51.000+0000] {dagbag.py:545} INFO - Filling up the DagBag from /home/airflow/.local/lib/python3.12/site-packages/airflow/example_dags/example_xcomargs.py
[2024-07-13T01:40:51.010+0000] {processor.py:840} INFO - DAG(s) 'example_xcom_args', 'example_xcom_args_with_operators' retrieved from /home/airflow/.local/lib/python3.12/site-packages/airflow/example_dags/example_xcomargs.py
[2024-07-13T01:40:51.043+0000] {logging_mixin.py:188} INFO - [2024-07-13T01:40:51.042+0000] {dag.py:3096} INFO - Sync 2 DAGs
[2024-07-13T01:40:51.061+0000] {logging_mixin.py:188} INFO - [2024-07-13T01:40:51.061+0000] {dag.py:3954} INFO - Setting next_dagrun for example_xcom_args to None, run_after=None
[2024-07-13T01:40:51.068+0000] {logging_mixin.py:188} INFO - [2024-07-13T01:40:51.068+0000] {dag.py:3954} INFO - Setting next_dagrun for example_xcom_args_with_operators to None, run_after=None
[2024-07-13T01:40:51.091+0000] {processor.py:183} INFO - Processing /home/airflow/.local/lib/python3.12/site-packages/airflow/example_dags/example_xcomargs.py took 0.110 seconds
[2024-07-13T01:41:21.207+0000] {processor.py:161} INFO - Started process (PID=1569) to work on /home/airflow/.local/lib/python3.12/site-packages/airflow/example_dags/example_xcomargs.py
[2024-07-13T01:41:21.208+0000] {processor.py:830} INFO - Processing file /home/airflow/.local/lib/python3.12/site-packages/airflow/example_dags/example_xcomargs.py for tasks to queue
[2024-07-13T01:41:21.211+0000] {logging_mixin.py:188} INFO - [2024-07-13T01:41:21.210+0000] {dagbag.py:545} INFO - Filling up the DagBag from /home/airflow/.local/lib/python3.12/site-packages/airflow/example_dags/example_xcomargs.py
[2024-07-13T01:41:21.220+0000] {processor.py:840} INFO - DAG(s) 'example_xcom_args_with_operators', 'example_xcom_args' retrieved from /home/airflow/.local/lib/python3.12/site-packages/airflow/example_dags/example_xcomargs.py
[2024-07-13T01:41:21.249+0000] {logging_mixin.py:188} INFO - [2024-07-13T01:41:21.249+0000] {dag.py:3096} INFO - Sync 2 DAGs
[2024-07-13T01:41:21.267+0000] {logging_mixin.py:188} INFO - [2024-07-13T01:41:21.267+0000] {dag.py:3954} INFO - Setting next_dagrun for example_xcom_args to None, run_after=None
[2024-07-13T01:41:21.272+0000] {logging_mixin.py:188} INFO - [2024-07-13T01:41:21.271+0000] {dag.py:3954} INFO - Setting next_dagrun for example_xcom_args_with_operators to None, run_after=None
[2024-07-13T01:41:21.293+0000] {processor.py:183} INFO - Processing /home/airflow/.local/lib/python3.12/site-packages/airflow/example_dags/example_xcomargs.py took 0.093 seconds
[2024-07-13T01:41:51.637+0000] {processor.py:161} INFO - Started process (PID=1627) to work on /home/airflow/.local/lib/python3.12/site-packages/airflow/example_dags/example_xcomargs.py
[2024-07-13T01:41:51.646+0000] {processor.py:830} INFO - Processing file /home/airflow/.local/lib/python3.12/site-packages/airflow/example_dags/example_xcomargs.py for tasks to queue
[2024-07-13T01:41:51.648+0000] {logging_mixin.py:188} INFO - [2024-07-13T01:41:51.647+0000] {dagbag.py:545} INFO - Filling up the DagBag from /home/airflow/.local/lib/python3.12/site-packages/airflow/example_dags/example_xcomargs.py
[2024-07-13T01:41:51.659+0000] {processor.py:840} INFO - DAG(s) 'example_xcom_args_with_operators', 'example_xcom_args' retrieved from /home/airflow/.local/lib/python3.12/site-packages/airflow/example_dags/example_xcomargs.py
[2024-07-13T01:41:51.687+0000] {logging_mixin.py:188} INFO - [2024-07-13T01:41:51.687+0000] {dag.py:3096} INFO - Sync 2 DAGs
[2024-07-13T01:41:51.712+0000] {logging_mixin.py:188} INFO - [2024-07-13T01:41:51.712+0000] {dag.py:3954} INFO - Setting next_dagrun for example_xcom_args to None, run_after=None
[2024-07-13T01:41:51.717+0000] {logging_mixin.py:188} INFO - [2024-07-13T01:41:51.716+0000] {dag.py:3954} INFO - Setting next_dagrun for example_xcom_args_with_operators to None, run_after=None
[2024-07-13T01:41:51.740+0000] {processor.py:183} INFO - Processing /home/airflow/.local/lib/python3.12/site-packages/airflow/example_dags/example_xcomargs.py took 0.110 seconds
[2024-07-13T01:42:21.941+0000] {processor.py:161} INFO - Started process (PID=1685) to work on /home/airflow/.local/lib/python3.12/site-packages/airflow/example_dags/example_xcomargs.py
[2024-07-13T01:42:21.944+0000] {processor.py:830} INFO - Processing file /home/airflow/.local/lib/python3.12/site-packages/airflow/example_dags/example_xcomargs.py for tasks to queue
[2024-07-13T01:42:21.946+0000] {logging_mixin.py:188} INFO - [2024-07-13T01:42:21.945+0000] {dagbag.py:545} INFO - Filling up the DagBag from /home/airflow/.local/lib/python3.12/site-packages/airflow/example_dags/example_xcomargs.py
[2024-07-13T01:42:21.956+0000] {processor.py:840} INFO - DAG(s) 'example_xcom_args_with_operators', 'example_xcom_args' retrieved from /home/airflow/.local/lib/python3.12/site-packages/airflow/example_dags/example_xcomargs.py
[2024-07-13T01:42:21.986+0000] {logging_mixin.py:188} INFO - [2024-07-13T01:42:21.986+0000] {dag.py:3096} INFO - Sync 2 DAGs
[2024-07-13T01:42:22.004+0000] {logging_mixin.py:188} INFO - [2024-07-13T01:42:22.004+0000] {dag.py:3954} INFO - Setting next_dagrun for example_xcom_args to None, run_after=None
[2024-07-13T01:42:22.009+0000] {logging_mixin.py:188} INFO - [2024-07-13T01:42:22.008+0000] {dag.py:3954} INFO - Setting next_dagrun for example_xcom_args_with_operators to None, run_after=None
[2024-07-13T01:42:22.031+0000] {processor.py:183} INFO - Processing /home/airflow/.local/lib/python3.12/site-packages/airflow/example_dags/example_xcomargs.py took 0.097 seconds
[2024-07-13T01:42:52.636+0000] {processor.py:161} INFO - Started process (PID=1743) to work on /home/airflow/.local/lib/python3.12/site-packages/airflow/example_dags/example_xcomargs.py
[2024-07-13T01:42:52.640+0000] {processor.py:830} INFO - Processing file /home/airflow/.local/lib/python3.12/site-packages/airflow/example_dags/example_xcomargs.py for tasks to queue
[2024-07-13T01:42:52.644+0000] {logging_mixin.py:188} INFO - [2024-07-13T01:42:52.642+0000] {dagbag.py:545} INFO - Filling up the DagBag from /home/airflow/.local/lib/python3.12/site-packages/airflow/example_dags/example_xcomargs.py
[2024-07-13T01:42:52.659+0000] {processor.py:840} INFO - DAG(s) 'example_xcom_args', 'example_xcom_args_with_operators' retrieved from /home/airflow/.local/lib/python3.12/site-packages/airflow/example_dags/example_xcomargs.py
[2024-07-13T01:42:52.863+0000] {logging_mixin.py:188} INFO - [2024-07-13T01:42:52.863+0000] {dag.py:3096} INFO - Sync 2 DAGs
[2024-07-13T01:42:52.876+0000] {logging_mixin.py:188} INFO - [2024-07-13T01:42:52.876+0000] {dag.py:3954} INFO - Setting next_dagrun for example_xcom_args to None, run_after=None
[2024-07-13T01:42:52.881+0000] {logging_mixin.py:188} INFO - [2024-07-13T01:42:52.881+0000] {dag.py:3954} INFO - Setting next_dagrun for example_xcom_args_with_operators to None, run_after=None
[2024-07-13T01:42:52.921+0000] {processor.py:183} INFO - Processing /home/airflow/.local/lib/python3.12/site-packages/airflow/example_dags/example_xcomargs.py took 0.292 seconds
[2024-07-13T01:43:24.609+0000] {processor.py:161} INFO - Started process (PID=1801) to work on /home/airflow/.local/lib/python3.12/site-packages/airflow/example_dags/example_xcomargs.py
[2024-07-13T01:43:24.610+0000] {processor.py:830} INFO - Processing file /home/airflow/.local/lib/python3.12/site-packages/airflow/example_dags/example_xcomargs.py for tasks to queue
[2024-07-13T01:43:24.613+0000] {logging_mixin.py:188} INFO - [2024-07-13T01:43:24.612+0000] {dagbag.py:545} INFO - Filling up the DagBag from /home/airflow/.local/lib/python3.12/site-packages/airflow/example_dags/example_xcomargs.py
[2024-07-13T01:43:24.626+0000] {processor.py:840} INFO - DAG(s) 'example_xcom_args', 'example_xcom_args_with_operators' retrieved from /home/airflow/.local/lib/python3.12/site-packages/airflow/example_dags/example_xcomargs.py
[2024-07-13T01:43:24.685+0000] {logging_mixin.py:188} INFO - [2024-07-13T01:43:24.684+0000] {dag.py:3096} INFO - Sync 2 DAGs
[2024-07-13T01:43:24.911+0000] {logging_mixin.py:188} INFO - [2024-07-13T01:43:24.911+0000] {dag.py:3954} INFO - Setting next_dagrun for example_xcom_args to None, run_after=None
[2024-07-13T01:43:24.917+0000] {logging_mixin.py:188} INFO - [2024-07-13T01:43:24.916+0000] {dag.py:3954} INFO - Setting next_dagrun for example_xcom_args_with_operators to None, run_after=None
[2024-07-13T01:43:24.944+0000] {processor.py:183} INFO - Processing /home/airflow/.local/lib/python3.12/site-packages/airflow/example_dags/example_xcomargs.py took 0.346 seconds
