[2024-07-13T01:28:12.310+0000] {processor.py:161} INFO - Started process (PID=57) to work on /home/airflow/.local/lib/python3.12/site-packages/airflow/example_dags/example_nested_branch_dag.py
[2024-07-13T01:28:12.311+0000] {processor.py:830} INFO - Processing file /home/airflow/.local/lib/python3.12/site-packages/airflow/example_dags/example_nested_branch_dag.py for tasks to queue
[2024-07-13T01:28:12.314+0000] {logging_mixin.py:188} INFO - [2024-07-13T01:28:12.313+0000] {dagbag.py:545} INFO - Filling up the DagBag from /home/airflow/.local/lib/python3.12/site-packages/airflow/example_dags/example_nested_branch_dag.py
[2024-07-13T01:28:12.326+0000] {processor.py:840} INFO - DAG(s) 'example_nested_branch_dag' retrieved from /home/airflow/.local/lib/python3.12/site-packages/airflow/example_dags/example_nested_branch_dag.py
[2024-07-13T01:28:12.481+0000] {logging_mixin.py:188} INFO - [2024-07-13T01:28:12.481+0000] {dag.py:3096} INFO - Sync 1 DAGs
[2024-07-13T01:28:12.509+0000] {logging_mixin.py:188} INFO - [2024-07-13T01:28:12.509+0000] {dag.py:3954} INFO - Setting next_dagrun for example_nested_branch_dag to 2024-07-12 00:00:00+00:00, run_after=2024-07-13 00:00:00+00:00
[2024-07-13T01:28:12.551+0000] {processor.py:183} INFO - Processing /home/airflow/.local/lib/python3.12/site-packages/airflow/example_dags/example_nested_branch_dag.py took 0.248 seconds
[2024-07-13T01:28:43.344+0000] {processor.py:161} INFO - Started process (PID=114) to work on /home/airflow/.local/lib/python3.12/site-packages/airflow/example_dags/example_nested_branch_dag.py
[2024-07-13T01:28:43.344+0000] {processor.py:830} INFO - Processing file /home/airflow/.local/lib/python3.12/site-packages/airflow/example_dags/example_nested_branch_dag.py for tasks to queue
[2024-07-13T01:28:43.347+0000] {logging_mixin.py:188} INFO - [2024-07-13T01:28:43.346+0000] {dagbag.py:545} INFO - Filling up the DagBag from /home/airflow/.local/lib/python3.12/site-packages/airflow/example_dags/example_nested_branch_dag.py
[2024-07-13T01:28:43.358+0000] {processor.py:840} INFO - DAG(s) 'example_nested_branch_dag' retrieved from /home/airflow/.local/lib/python3.12/site-packages/airflow/example_dags/example_nested_branch_dag.py
[2024-07-13T01:28:43.384+0000] {logging_mixin.py:188} INFO - [2024-07-13T01:28:43.384+0000] {dag.py:3096} INFO - Sync 1 DAGs
[2024-07-13T01:28:43.412+0000] {logging_mixin.py:188} INFO - [2024-07-13T01:28:43.412+0000] {dag.py:3954} INFO - Setting next_dagrun for example_nested_branch_dag to 2024-07-12 00:00:00+00:00, run_after=2024-07-13 00:00:00+00:00
[2024-07-13T01:28:43.443+0000] {processor.py:183} INFO - Processing /home/airflow/.local/lib/python3.12/site-packages/airflow/example_dags/example_nested_branch_dag.py took 0.106 seconds
[2024-07-13T01:29:13.660+0000] {processor.py:161} INFO - Started process (PID=172) to work on /home/airflow/.local/lib/python3.12/site-packages/airflow/example_dags/example_nested_branch_dag.py
[2024-07-13T01:29:13.663+0000] {processor.py:830} INFO - Processing file /home/airflow/.local/lib/python3.12/site-packages/airflow/example_dags/example_nested_branch_dag.py for tasks to queue
[2024-07-13T01:29:13.665+0000] {logging_mixin.py:188} INFO - [2024-07-13T01:29:13.665+0000] {dagbag.py:545} INFO - Filling up the DagBag from /home/airflow/.local/lib/python3.12/site-packages/airflow/example_dags/example_nested_branch_dag.py
[2024-07-13T01:29:13.679+0000] {processor.py:840} INFO - DAG(s) 'example_nested_branch_dag' retrieved from /home/airflow/.local/lib/python3.12/site-packages/airflow/example_dags/example_nested_branch_dag.py
[2024-07-13T01:29:13.710+0000] {logging_mixin.py:188} INFO - [2024-07-13T01:29:13.709+0000] {dag.py:3096} INFO - Sync 1 DAGs
[2024-07-13T01:29:13.735+0000] {logging_mixin.py:188} INFO - [2024-07-13T01:29:13.734+0000] {dag.py:3954} INFO - Setting next_dagrun for example_nested_branch_dag to 2024-07-12 00:00:00+00:00, run_after=2024-07-13 00:00:00+00:00
[2024-07-13T01:29:13.762+0000] {processor.py:183} INFO - Processing /home/airflow/.local/lib/python3.12/site-packages/airflow/example_dags/example_nested_branch_dag.py took 0.110 seconds
[2024-07-13T01:29:43.799+0000] {processor.py:161} INFO - Started process (PID=229) to work on /home/airflow/.local/lib/python3.12/site-packages/airflow/example_dags/example_nested_branch_dag.py
[2024-07-13T01:29:43.808+0000] {processor.py:830} INFO - Processing file /home/airflow/.local/lib/python3.12/site-packages/airflow/example_dags/example_nested_branch_dag.py for tasks to queue
[2024-07-13T01:29:43.809+0000] {logging_mixin.py:188} INFO - [2024-07-13T01:29:43.809+0000] {dagbag.py:545} INFO - Filling up the DagBag from /home/airflow/.local/lib/python3.12/site-packages/airflow/example_dags/example_nested_branch_dag.py
[2024-07-13T01:29:43.820+0000] {processor.py:840} INFO - DAG(s) 'example_nested_branch_dag' retrieved from /home/airflow/.local/lib/python3.12/site-packages/airflow/example_dags/example_nested_branch_dag.py
[2024-07-13T01:29:43.847+0000] {logging_mixin.py:188} INFO - [2024-07-13T01:29:43.847+0000] {dag.py:3096} INFO - Sync 1 DAGs
[2024-07-13T01:29:43.873+0000] {logging_mixin.py:188} INFO - [2024-07-13T01:29:43.873+0000] {dag.py:3954} INFO - Setting next_dagrun for example_nested_branch_dag to 2024-07-12 00:00:00+00:00, run_after=2024-07-13 00:00:00+00:00
[2024-07-13T01:29:43.902+0000] {processor.py:183} INFO - Processing /home/airflow/.local/lib/python3.12/site-packages/airflow/example_dags/example_nested_branch_dag.py took 0.109 seconds
[2024-07-13T01:30:14.006+0000] {processor.py:161} INFO - Started process (PID=286) to work on /home/airflow/.local/lib/python3.12/site-packages/airflow/example_dags/example_nested_branch_dag.py
[2024-07-13T01:30:14.014+0000] {processor.py:830} INFO - Processing file /home/airflow/.local/lib/python3.12/site-packages/airflow/example_dags/example_nested_branch_dag.py for tasks to queue
[2024-07-13T01:30:14.017+0000] {logging_mixin.py:188} INFO - [2024-07-13T01:30:14.016+0000] {dagbag.py:545} INFO - Filling up the DagBag from /home/airflow/.local/lib/python3.12/site-packages/airflow/example_dags/example_nested_branch_dag.py
[2024-07-13T01:30:14.027+0000] {processor.py:840} INFO - DAG(s) 'example_nested_branch_dag' retrieved from /home/airflow/.local/lib/python3.12/site-packages/airflow/example_dags/example_nested_branch_dag.py
[2024-07-13T01:30:14.054+0000] {logging_mixin.py:188} INFO - [2024-07-13T01:30:14.054+0000] {dag.py:3096} INFO - Sync 1 DAGs
[2024-07-13T01:30:14.082+0000] {logging_mixin.py:188} INFO - [2024-07-13T01:30:14.081+0000] {dag.py:3954} INFO - Setting next_dagrun for example_nested_branch_dag to 2024-07-12 00:00:00+00:00, run_after=2024-07-13 00:00:00+00:00
[2024-07-13T01:30:14.112+0000] {processor.py:183} INFO - Processing /home/airflow/.local/lib/python3.12/site-packages/airflow/example_dags/example_nested_branch_dag.py took 0.112 seconds
[2024-07-13T01:30:44.647+0000] {processor.py:161} INFO - Started process (PID=351) to work on /home/airflow/.local/lib/python3.12/site-packages/airflow/example_dags/example_nested_branch_dag.py
[2024-07-13T01:30:44.648+0000] {processor.py:830} INFO - Processing file /home/airflow/.local/lib/python3.12/site-packages/airflow/example_dags/example_nested_branch_dag.py for tasks to queue
[2024-07-13T01:30:44.653+0000] {logging_mixin.py:188} INFO - [2024-07-13T01:30:44.653+0000] {dagbag.py:545} INFO - Filling up the DagBag from /home/airflow/.local/lib/python3.12/site-packages/airflow/example_dags/example_nested_branch_dag.py
[2024-07-13T01:30:44.667+0000] {processor.py:840} INFO - DAG(s) 'example_nested_branch_dag' retrieved from /home/airflow/.local/lib/python3.12/site-packages/airflow/example_dags/example_nested_branch_dag.py
[2024-07-13T01:30:44.741+0000] {logging_mixin.py:188} INFO - [2024-07-13T01:30:44.740+0000] {dag.py:3096} INFO - Sync 1 DAGs
[2024-07-13T01:30:44.785+0000] {logging_mixin.py:188} INFO - [2024-07-13T01:30:44.785+0000] {dag.py:3954} INFO - Setting next_dagrun for example_nested_branch_dag to 2024-07-12 00:00:00+00:00, run_after=2024-07-13 00:00:00+00:00
[2024-07-13T01:30:44.811+0000] {processor.py:183} INFO - Processing /home/airflow/.local/lib/python3.12/site-packages/airflow/example_dags/example_nested_branch_dag.py took 0.178 seconds
[2024-07-13T01:31:14.874+0000] {processor.py:161} INFO - Started process (PID=408) to work on /home/airflow/.local/lib/python3.12/site-packages/airflow/example_dags/example_nested_branch_dag.py
[2024-07-13T01:31:14.882+0000] {processor.py:830} INFO - Processing file /home/airflow/.local/lib/python3.12/site-packages/airflow/example_dags/example_nested_branch_dag.py for tasks to queue
[2024-07-13T01:31:14.886+0000] {logging_mixin.py:188} INFO - [2024-07-13T01:31:14.885+0000] {dagbag.py:545} INFO - Filling up the DagBag from /home/airflow/.local/lib/python3.12/site-packages/airflow/example_dags/example_nested_branch_dag.py
[2024-07-13T01:31:14.913+0000] {processor.py:840} INFO - DAG(s) 'example_nested_branch_dag' retrieved from /home/airflow/.local/lib/python3.12/site-packages/airflow/example_dags/example_nested_branch_dag.py
[2024-07-13T01:31:14.950+0000] {logging_mixin.py:188} INFO - [2024-07-13T01:31:14.950+0000] {dag.py:3096} INFO - Sync 1 DAGs
[2024-07-13T01:31:14.982+0000] {logging_mixin.py:188} INFO - [2024-07-13T01:31:14.982+0000] {dag.py:3954} INFO - Setting next_dagrun for example_nested_branch_dag to 2024-07-12 00:00:00+00:00, run_after=2024-07-13 00:00:00+00:00
[2024-07-13T01:31:15.032+0000] {processor.py:183} INFO - Processing /home/airflow/.local/lib/python3.12/site-packages/airflow/example_dags/example_nested_branch_dag.py took 0.166 seconds
[2024-07-13T01:31:45.283+0000] {processor.py:161} INFO - Started process (PID=467) to work on /home/airflow/.local/lib/python3.12/site-packages/airflow/example_dags/example_nested_branch_dag.py
[2024-07-13T01:31:45.285+0000] {processor.py:830} INFO - Processing file /home/airflow/.local/lib/python3.12/site-packages/airflow/example_dags/example_nested_branch_dag.py for tasks to queue
[2024-07-13T01:31:45.287+0000] {logging_mixin.py:188} INFO - [2024-07-13T01:31:45.287+0000] {dagbag.py:545} INFO - Filling up the DagBag from /home/airflow/.local/lib/python3.12/site-packages/airflow/example_dags/example_nested_branch_dag.py
[2024-07-13T01:31:45.300+0000] {processor.py:840} INFO - DAG(s) 'example_nested_branch_dag' retrieved from /home/airflow/.local/lib/python3.12/site-packages/airflow/example_dags/example_nested_branch_dag.py
[2024-07-13T01:31:45.330+0000] {logging_mixin.py:188} INFO - [2024-07-13T01:31:45.330+0000] {dag.py:3096} INFO - Sync 1 DAGs
[2024-07-13T01:31:45.357+0000] {logging_mixin.py:188} INFO - [2024-07-13T01:31:45.357+0000] {dag.py:3954} INFO - Setting next_dagrun for example_nested_branch_dag to 2024-07-12 00:00:00+00:00, run_after=2024-07-13 00:00:00+00:00
[2024-07-13T01:31:45.382+0000] {processor.py:183} INFO - Processing /home/airflow/.local/lib/python3.12/site-packages/airflow/example_dags/example_nested_branch_dag.py took 0.106 seconds
[2024-07-13T01:32:15.679+0000] {processor.py:161} INFO - Started process (PID=526) to work on /home/airflow/.local/lib/python3.12/site-packages/airflow/example_dags/example_nested_branch_dag.py
[2024-07-13T01:32:15.690+0000] {processor.py:830} INFO - Processing file /home/airflow/.local/lib/python3.12/site-packages/airflow/example_dags/example_nested_branch_dag.py for tasks to queue
[2024-07-13T01:32:15.695+0000] {logging_mixin.py:188} INFO - [2024-07-13T01:32:15.695+0000] {dagbag.py:545} INFO - Filling up the DagBag from /home/airflow/.local/lib/python3.12/site-packages/airflow/example_dags/example_nested_branch_dag.py
[2024-07-13T01:32:15.709+0000] {processor.py:840} INFO - DAG(s) 'example_nested_branch_dag' retrieved from /home/airflow/.local/lib/python3.12/site-packages/airflow/example_dags/example_nested_branch_dag.py
[2024-07-13T01:32:15.737+0000] {logging_mixin.py:188} INFO - [2024-07-13T01:32:15.736+0000] {dag.py:3096} INFO - Sync 1 DAGs
[2024-07-13T01:32:15.767+0000] {logging_mixin.py:188} INFO - [2024-07-13T01:32:15.766+0000] {dag.py:3954} INFO - Setting next_dagrun for example_nested_branch_dag to 2024-07-12 00:00:00+00:00, run_after=2024-07-13 00:00:00+00:00
[2024-07-13T01:32:15.795+0000] {processor.py:183} INFO - Processing /home/airflow/.local/lib/python3.12/site-packages/airflow/example_dags/example_nested_branch_dag.py took 0.123 seconds
[2024-07-13T01:32:45.974+0000] {processor.py:161} INFO - Started process (PID=584) to work on /home/airflow/.local/lib/python3.12/site-packages/airflow/example_dags/example_nested_branch_dag.py
[2024-07-13T01:32:45.985+0000] {processor.py:830} INFO - Processing file /home/airflow/.local/lib/python3.12/site-packages/airflow/example_dags/example_nested_branch_dag.py for tasks to queue
[2024-07-13T01:32:45.987+0000] {logging_mixin.py:188} INFO - [2024-07-13T01:32:45.986+0000] {dagbag.py:545} INFO - Filling up the DagBag from /home/airflow/.local/lib/python3.12/site-packages/airflow/example_dags/example_nested_branch_dag.py
[2024-07-13T01:32:45.998+0000] {processor.py:840} INFO - DAG(s) 'example_nested_branch_dag' retrieved from /home/airflow/.local/lib/python3.12/site-packages/airflow/example_dags/example_nested_branch_dag.py
[2024-07-13T01:32:46.025+0000] {logging_mixin.py:188} INFO - [2024-07-13T01:32:46.025+0000] {dag.py:3096} INFO - Sync 1 DAGs
[2024-07-13T01:32:46.062+0000] {logging_mixin.py:188} INFO - [2024-07-13T01:32:46.062+0000] {dag.py:3954} INFO - Setting next_dagrun for example_nested_branch_dag to 2024-07-12 00:00:00+00:00, run_after=2024-07-13 00:00:00+00:00
[2024-07-13T01:32:46.097+0000] {processor.py:183} INFO - Processing /home/airflow/.local/lib/python3.12/site-packages/airflow/example_dags/example_nested_branch_dag.py took 0.130 seconds
[2024-07-13T01:33:16.400+0000] {processor.py:161} INFO - Started process (PID=643) to work on /home/airflow/.local/lib/python3.12/site-packages/airflow/example_dags/example_nested_branch_dag.py
[2024-07-13T01:33:16.401+0000] {processor.py:830} INFO - Processing file /home/airflow/.local/lib/python3.12/site-packages/airflow/example_dags/example_nested_branch_dag.py for tasks to queue
[2024-07-13T01:33:16.403+0000] {logging_mixin.py:188} INFO - [2024-07-13T01:33:16.402+0000] {dagbag.py:545} INFO - Filling up the DagBag from /home/airflow/.local/lib/python3.12/site-packages/airflow/example_dags/example_nested_branch_dag.py
[2024-07-13T01:33:16.416+0000] {processor.py:840} INFO - DAG(s) 'example_nested_branch_dag' retrieved from /home/airflow/.local/lib/python3.12/site-packages/airflow/example_dags/example_nested_branch_dag.py
[2024-07-13T01:33:16.448+0000] {logging_mixin.py:188} INFO - [2024-07-13T01:33:16.447+0000] {dag.py:3096} INFO - Sync 1 DAGs
[2024-07-13T01:33:16.475+0000] {logging_mixin.py:188} INFO - [2024-07-13T01:33:16.474+0000] {dag.py:3954} INFO - Setting next_dagrun for example_nested_branch_dag to 2024-07-12 00:00:00+00:00, run_after=2024-07-13 00:00:00+00:00
[2024-07-13T01:33:16.514+0000] {processor.py:183} INFO - Processing /home/airflow/.local/lib/python3.12/site-packages/airflow/example_dags/example_nested_branch_dag.py took 0.124 seconds
[2024-07-13T01:33:46.571+0000] {processor.py:161} INFO - Started process (PID=701) to work on /home/airflow/.local/lib/python3.12/site-packages/airflow/example_dags/example_nested_branch_dag.py
[2024-07-13T01:33:46.581+0000] {processor.py:830} INFO - Processing file /home/airflow/.local/lib/python3.12/site-packages/airflow/example_dags/example_nested_branch_dag.py for tasks to queue
[2024-07-13T01:33:46.595+0000] {logging_mixin.py:188} INFO - [2024-07-13T01:33:46.595+0000] {dagbag.py:545} INFO - Filling up the DagBag from /home/airflow/.local/lib/python3.12/site-packages/airflow/example_dags/example_nested_branch_dag.py
[2024-07-13T01:33:46.608+0000] {processor.py:840} INFO - DAG(s) 'example_nested_branch_dag' retrieved from /home/airflow/.local/lib/python3.12/site-packages/airflow/example_dags/example_nested_branch_dag.py
[2024-07-13T01:33:46.646+0000] {logging_mixin.py:188} INFO - [2024-07-13T01:33:46.645+0000] {dag.py:3096} INFO - Sync 1 DAGs
[2024-07-13T01:33:46.682+0000] {logging_mixin.py:188} INFO - [2024-07-13T01:33:46.681+0000] {dag.py:3954} INFO - Setting next_dagrun for example_nested_branch_dag to 2024-07-12 00:00:00+00:00, run_after=2024-07-13 00:00:00+00:00
[2024-07-13T01:33:46.717+0000] {processor.py:183} INFO - Processing /home/airflow/.local/lib/python3.12/site-packages/airflow/example_dags/example_nested_branch_dag.py took 0.155 seconds
[2024-07-13T01:34:17.020+0000] {processor.py:161} INFO - Started process (PID=759) to work on /home/airflow/.local/lib/python3.12/site-packages/airflow/example_dags/example_nested_branch_dag.py
[2024-07-13T01:34:17.021+0000] {processor.py:830} INFO - Processing file /home/airflow/.local/lib/python3.12/site-packages/airflow/example_dags/example_nested_branch_dag.py for tasks to queue
[2024-07-13T01:34:17.023+0000] {logging_mixin.py:188} INFO - [2024-07-13T01:34:17.023+0000] {dagbag.py:545} INFO - Filling up the DagBag from /home/airflow/.local/lib/python3.12/site-packages/airflow/example_dags/example_nested_branch_dag.py
[2024-07-13T01:34:17.038+0000] {processor.py:840} INFO - DAG(s) 'example_nested_branch_dag' retrieved from /home/airflow/.local/lib/python3.12/site-packages/airflow/example_dags/example_nested_branch_dag.py
[2024-07-13T01:34:17.069+0000] {logging_mixin.py:188} INFO - [2024-07-13T01:34:17.069+0000] {dag.py:3096} INFO - Sync 1 DAGs
[2024-07-13T01:34:17.104+0000] {logging_mixin.py:188} INFO - [2024-07-13T01:34:17.103+0000] {dag.py:3954} INFO - Setting next_dagrun for example_nested_branch_dag to 2024-07-12 00:00:00+00:00, run_after=2024-07-13 00:00:00+00:00
[2024-07-13T01:34:17.129+0000] {processor.py:183} INFO - Processing /home/airflow/.local/lib/python3.12/site-packages/airflow/example_dags/example_nested_branch_dag.py took 0.115 seconds
[2024-07-13T01:34:47.224+0000] {processor.py:161} INFO - Started process (PID=817) to work on /home/airflow/.local/lib/python3.12/site-packages/airflow/example_dags/example_nested_branch_dag.py
[2024-07-13T01:34:47.239+0000] {processor.py:830} INFO - Processing file /home/airflow/.local/lib/python3.12/site-packages/airflow/example_dags/example_nested_branch_dag.py for tasks to queue
[2024-07-13T01:34:47.241+0000] {logging_mixin.py:188} INFO - [2024-07-13T01:34:47.241+0000] {dagbag.py:545} INFO - Filling up the DagBag from /home/airflow/.local/lib/python3.12/site-packages/airflow/example_dags/example_nested_branch_dag.py
[2024-07-13T01:34:47.253+0000] {processor.py:840} INFO - DAG(s) 'example_nested_branch_dag' retrieved from /home/airflow/.local/lib/python3.12/site-packages/airflow/example_dags/example_nested_branch_dag.py
[2024-07-13T01:34:47.280+0000] {logging_mixin.py:188} INFO - [2024-07-13T01:34:47.280+0000] {dag.py:3096} INFO - Sync 1 DAGs
[2024-07-13T01:34:47.313+0000] {logging_mixin.py:188} INFO - [2024-07-13T01:34:47.312+0000] {dag.py:3954} INFO - Setting next_dagrun for example_nested_branch_dag to 2024-07-12 00:00:00+00:00, run_after=2024-07-13 00:00:00+00:00
[2024-07-13T01:34:47.343+0000] {processor.py:183} INFO - Processing /home/airflow/.local/lib/python3.12/site-packages/airflow/example_dags/example_nested_branch_dag.py took 0.125 seconds
[2024-07-13T01:35:17.749+0000] {processor.py:161} INFO - Started process (PID=875) to work on /home/airflow/.local/lib/python3.12/site-packages/airflow/example_dags/example_nested_branch_dag.py
[2024-07-13T01:35:17.751+0000] {processor.py:830} INFO - Processing file /home/airflow/.local/lib/python3.12/site-packages/airflow/example_dags/example_nested_branch_dag.py for tasks to queue
[2024-07-13T01:35:17.753+0000] {logging_mixin.py:188} INFO - [2024-07-13T01:35:17.752+0000] {dagbag.py:545} INFO - Filling up the DagBag from /home/airflow/.local/lib/python3.12/site-packages/airflow/example_dags/example_nested_branch_dag.py
[2024-07-13T01:35:17.768+0000] {processor.py:840} INFO - DAG(s) 'example_nested_branch_dag' retrieved from /home/airflow/.local/lib/python3.12/site-packages/airflow/example_dags/example_nested_branch_dag.py
[2024-07-13T01:35:17.794+0000] {logging_mixin.py:188} INFO - [2024-07-13T01:35:17.793+0000] {dag.py:3096} INFO - Sync 1 DAGs
[2024-07-13T01:35:17.823+0000] {logging_mixin.py:188} INFO - [2024-07-13T01:35:17.823+0000] {dag.py:3954} INFO - Setting next_dagrun for example_nested_branch_dag to 2024-07-12 00:00:00+00:00, run_after=2024-07-13 00:00:00+00:00
[2024-07-13T01:35:17.852+0000] {processor.py:183} INFO - Processing /home/airflow/.local/lib/python3.12/site-packages/airflow/example_dags/example_nested_branch_dag.py took 0.113 seconds
[2024-07-13T01:35:48.196+0000] {processor.py:161} INFO - Started process (PID=932) to work on /home/airflow/.local/lib/python3.12/site-packages/airflow/example_dags/example_nested_branch_dag.py
[2024-07-13T01:35:48.209+0000] {processor.py:830} INFO - Processing file /home/airflow/.local/lib/python3.12/site-packages/airflow/example_dags/example_nested_branch_dag.py for tasks to queue
[2024-07-13T01:35:48.211+0000] {logging_mixin.py:188} INFO - [2024-07-13T01:35:48.211+0000] {dagbag.py:545} INFO - Filling up the DagBag from /home/airflow/.local/lib/python3.12/site-packages/airflow/example_dags/example_nested_branch_dag.py
[2024-07-13T01:35:48.235+0000] {processor.py:840} INFO - DAG(s) 'example_nested_branch_dag' retrieved from /home/airflow/.local/lib/python3.12/site-packages/airflow/example_dags/example_nested_branch_dag.py
[2024-07-13T01:35:48.313+0000] {logging_mixin.py:188} INFO - [2024-07-13T01:35:48.312+0000] {dag.py:3096} INFO - Sync 1 DAGs
[2024-07-13T01:35:48.349+0000] {logging_mixin.py:188} INFO - [2024-07-13T01:35:48.348+0000] {dag.py:3954} INFO - Setting next_dagrun for example_nested_branch_dag to 2024-07-12 00:00:00+00:00, run_after=2024-07-13 00:00:00+00:00
[2024-07-13T01:35:48.388+0000] {processor.py:183} INFO - Processing /home/airflow/.local/lib/python3.12/site-packages/airflow/example_dags/example_nested_branch_dag.py took 0.199 seconds
[2024-07-13T01:36:18.625+0000] {processor.py:161} INFO - Started process (PID=990) to work on /home/airflow/.local/lib/python3.12/site-packages/airflow/example_dags/example_nested_branch_dag.py
[2024-07-13T01:36:18.626+0000] {processor.py:830} INFO - Processing file /home/airflow/.local/lib/python3.12/site-packages/airflow/example_dags/example_nested_branch_dag.py for tasks to queue
[2024-07-13T01:36:18.628+0000] {logging_mixin.py:188} INFO - [2024-07-13T01:36:18.628+0000] {dagbag.py:545} INFO - Filling up the DagBag from /home/airflow/.local/lib/python3.12/site-packages/airflow/example_dags/example_nested_branch_dag.py
[2024-07-13T01:36:18.644+0000] {processor.py:840} INFO - DAG(s) 'example_nested_branch_dag' retrieved from /home/airflow/.local/lib/python3.12/site-packages/airflow/example_dags/example_nested_branch_dag.py
[2024-07-13T01:36:18.679+0000] {logging_mixin.py:188} INFO - [2024-07-13T01:36:18.679+0000] {dag.py:3096} INFO - Sync 1 DAGs
[2024-07-13T01:36:18.716+0000] {logging_mixin.py:188} INFO - [2024-07-13T01:36:18.714+0000] {dag.py:3954} INFO - Setting next_dagrun for example_nested_branch_dag to 2024-07-12 00:00:00+00:00, run_after=2024-07-13 00:00:00+00:00
[2024-07-13T01:36:18.749+0000] {processor.py:183} INFO - Processing /home/airflow/.local/lib/python3.12/site-packages/airflow/example_dags/example_nested_branch_dag.py took 0.132 seconds
[2024-07-13T01:36:48.824+0000] {processor.py:161} INFO - Started process (PID=1048) to work on /home/airflow/.local/lib/python3.12/site-packages/airflow/example_dags/example_nested_branch_dag.py
[2024-07-13T01:36:48.832+0000] {processor.py:830} INFO - Processing file /home/airflow/.local/lib/python3.12/site-packages/airflow/example_dags/example_nested_branch_dag.py for tasks to queue
[2024-07-13T01:36:48.835+0000] {logging_mixin.py:188} INFO - [2024-07-13T01:36:48.834+0000] {dagbag.py:545} INFO - Filling up the DagBag from /home/airflow/.local/lib/python3.12/site-packages/airflow/example_dags/example_nested_branch_dag.py
[2024-07-13T01:36:48.870+0000] {processor.py:840} INFO - DAG(s) 'example_nested_branch_dag' retrieved from /home/airflow/.local/lib/python3.12/site-packages/airflow/example_dags/example_nested_branch_dag.py
[2024-07-13T01:36:48.921+0000] {logging_mixin.py:188} INFO - [2024-07-13T01:36:48.921+0000] {dag.py:3096} INFO - Sync 1 DAGs
[2024-07-13T01:36:48.955+0000] {logging_mixin.py:188} INFO - [2024-07-13T01:36:48.954+0000] {dag.py:3954} INFO - Setting next_dagrun for example_nested_branch_dag to 2024-07-12 00:00:00+00:00, run_after=2024-07-13 00:00:00+00:00
[2024-07-13T01:36:48.978+0000] {processor.py:183} INFO - Processing /home/airflow/.local/lib/python3.12/site-packages/airflow/example_dags/example_nested_branch_dag.py took 0.160 seconds
[2024-07-13T01:37:19.240+0000] {processor.py:161} INFO - Started process (PID=1107) to work on /home/airflow/.local/lib/python3.12/site-packages/airflow/example_dags/example_nested_branch_dag.py
[2024-07-13T01:37:19.248+0000] {processor.py:830} INFO - Processing file /home/airflow/.local/lib/python3.12/site-packages/airflow/example_dags/example_nested_branch_dag.py for tasks to queue
[2024-07-13T01:37:19.250+0000] {logging_mixin.py:188} INFO - [2024-07-13T01:37:19.250+0000] {dagbag.py:545} INFO - Filling up the DagBag from /home/airflow/.local/lib/python3.12/site-packages/airflow/example_dags/example_nested_branch_dag.py
[2024-07-13T01:37:19.265+0000] {processor.py:840} INFO - DAG(s) 'example_nested_branch_dag' retrieved from /home/airflow/.local/lib/python3.12/site-packages/airflow/example_dags/example_nested_branch_dag.py
[2024-07-13T01:37:19.306+0000] {logging_mixin.py:188} INFO - [2024-07-13T01:37:19.305+0000] {dag.py:3096} INFO - Sync 1 DAGs
[2024-07-13T01:37:19.353+0000] {logging_mixin.py:188} INFO - [2024-07-13T01:37:19.353+0000] {dag.py:3954} INFO - Setting next_dagrun for example_nested_branch_dag to 2024-07-12 00:00:00+00:00, run_after=2024-07-13 00:00:00+00:00
[2024-07-13T01:37:19.386+0000] {processor.py:183} INFO - Processing /home/airflow/.local/lib/python3.12/site-packages/airflow/example_dags/example_nested_branch_dag.py took 0.155 seconds
[2024-07-13T01:37:49.625+0000] {processor.py:161} INFO - Started process (PID=1165) to work on /home/airflow/.local/lib/python3.12/site-packages/airflow/example_dags/example_nested_branch_dag.py
[2024-07-13T01:37:49.633+0000] {processor.py:830} INFO - Processing file /home/airflow/.local/lib/python3.12/site-packages/airflow/example_dags/example_nested_branch_dag.py for tasks to queue
[2024-07-13T01:37:49.636+0000] {logging_mixin.py:188} INFO - [2024-07-13T01:37:49.635+0000] {dagbag.py:545} INFO - Filling up the DagBag from /home/airflow/.local/lib/python3.12/site-packages/airflow/example_dags/example_nested_branch_dag.py
[2024-07-13T01:37:49.654+0000] {processor.py:840} INFO - DAG(s) 'example_nested_branch_dag' retrieved from /home/airflow/.local/lib/python3.12/site-packages/airflow/example_dags/example_nested_branch_dag.py
[2024-07-13T01:37:49.685+0000] {logging_mixin.py:188} INFO - [2024-07-13T01:37:49.684+0000] {dag.py:3096} INFO - Sync 1 DAGs
[2024-07-13T01:37:49.717+0000] {logging_mixin.py:188} INFO - [2024-07-13T01:37:49.717+0000] {dag.py:3954} INFO - Setting next_dagrun for example_nested_branch_dag to 2024-07-12 00:00:00+00:00, run_after=2024-07-13 00:00:00+00:00
[2024-07-13T01:37:49.743+0000] {processor.py:183} INFO - Processing /home/airflow/.local/lib/python3.12/site-packages/airflow/example_dags/example_nested_branch_dag.py took 0.125 seconds
[2024-07-13T01:38:19.887+0000] {processor.py:161} INFO - Started process (PID=1223) to work on /home/airflow/.local/lib/python3.12/site-packages/airflow/example_dags/example_nested_branch_dag.py
[2024-07-13T01:38:19.895+0000] {processor.py:830} INFO - Processing file /home/airflow/.local/lib/python3.12/site-packages/airflow/example_dags/example_nested_branch_dag.py for tasks to queue
[2024-07-13T01:38:19.898+0000] {logging_mixin.py:188} INFO - [2024-07-13T01:38:19.897+0000] {dagbag.py:545} INFO - Filling up the DagBag from /home/airflow/.local/lib/python3.12/site-packages/airflow/example_dags/example_nested_branch_dag.py
[2024-07-13T01:38:19.917+0000] {processor.py:840} INFO - DAG(s) 'example_nested_branch_dag' retrieved from /home/airflow/.local/lib/python3.12/site-packages/airflow/example_dags/example_nested_branch_dag.py
[2024-07-13T01:38:19.944+0000] {logging_mixin.py:188} INFO - [2024-07-13T01:38:19.944+0000] {dag.py:3096} INFO - Sync 1 DAGs
[2024-07-13T01:38:19.972+0000] {logging_mixin.py:188} INFO - [2024-07-13T01:38:19.971+0000] {dag.py:3954} INFO - Setting next_dagrun for example_nested_branch_dag to 2024-07-12 00:00:00+00:00, run_after=2024-07-13 00:00:00+00:00
[2024-07-13T01:38:19.997+0000] {processor.py:183} INFO - Processing /home/airflow/.local/lib/python3.12/site-packages/airflow/example_dags/example_nested_branch_dag.py took 0.118 seconds
[2024-07-13T01:38:50.281+0000] {processor.py:161} INFO - Started process (PID=1281) to work on /home/airflow/.local/lib/python3.12/site-packages/airflow/example_dags/example_nested_branch_dag.py
[2024-07-13T01:38:50.282+0000] {processor.py:830} INFO - Processing file /home/airflow/.local/lib/python3.12/site-packages/airflow/example_dags/example_nested_branch_dag.py for tasks to queue
[2024-07-13T01:38:50.285+0000] {logging_mixin.py:188} INFO - [2024-07-13T01:38:50.285+0000] {dagbag.py:545} INFO - Filling up the DagBag from /home/airflow/.local/lib/python3.12/site-packages/airflow/example_dags/example_nested_branch_dag.py
[2024-07-13T01:38:50.303+0000] {processor.py:840} INFO - DAG(s) 'example_nested_branch_dag' retrieved from /home/airflow/.local/lib/python3.12/site-packages/airflow/example_dags/example_nested_branch_dag.py
[2024-07-13T01:38:50.334+0000] {logging_mixin.py:188} INFO - [2024-07-13T01:38:50.333+0000] {dag.py:3096} INFO - Sync 1 DAGs
[2024-07-13T01:38:50.368+0000] {logging_mixin.py:188} INFO - [2024-07-13T01:38:50.367+0000] {dag.py:3954} INFO - Setting next_dagrun for example_nested_branch_dag to 2024-07-12 00:00:00+00:00, run_after=2024-07-13 00:00:00+00:00
[2024-07-13T01:38:50.403+0000] {processor.py:183} INFO - Processing /home/airflow/.local/lib/python3.12/site-packages/airflow/example_dags/example_nested_branch_dag.py took 0.129 seconds
[2024-07-13T01:39:20.470+0000] {processor.py:161} INFO - Started process (PID=1339) to work on /home/airflow/.local/lib/python3.12/site-packages/airflow/example_dags/example_nested_branch_dag.py
[2024-07-13T01:39:20.478+0000] {processor.py:830} INFO - Processing file /home/airflow/.local/lib/python3.12/site-packages/airflow/example_dags/example_nested_branch_dag.py for tasks to queue
[2024-07-13T01:39:20.481+0000] {logging_mixin.py:188} INFO - [2024-07-13T01:39:20.480+0000] {dagbag.py:545} INFO - Filling up the DagBag from /home/airflow/.local/lib/python3.12/site-packages/airflow/example_dags/example_nested_branch_dag.py
[2024-07-13T01:39:20.493+0000] {processor.py:840} INFO - DAG(s) 'example_nested_branch_dag' retrieved from /home/airflow/.local/lib/python3.12/site-packages/airflow/example_dags/example_nested_branch_dag.py
[2024-07-13T01:39:20.521+0000] {logging_mixin.py:188} INFO - [2024-07-13T01:39:20.521+0000] {dag.py:3096} INFO - Sync 1 DAGs
[2024-07-13T01:39:20.548+0000] {logging_mixin.py:188} INFO - [2024-07-13T01:39:20.548+0000] {dag.py:3954} INFO - Setting next_dagrun for example_nested_branch_dag to 2024-07-12 00:00:00+00:00, run_after=2024-07-13 00:00:00+00:00
[2024-07-13T01:39:20.590+0000] {processor.py:183} INFO - Processing /home/airflow/.local/lib/python3.12/site-packages/airflow/example_dags/example_nested_branch_dag.py took 0.126 seconds
[2024-07-13T01:39:51.098+0000] {processor.py:161} INFO - Started process (PID=1397) to work on /home/airflow/.local/lib/python3.12/site-packages/airflow/example_dags/example_nested_branch_dag.py
[2024-07-13T01:39:51.102+0000] {processor.py:830} INFO - Processing file /home/airflow/.local/lib/python3.12/site-packages/airflow/example_dags/example_nested_branch_dag.py for tasks to queue
[2024-07-13T01:39:51.107+0000] {logging_mixin.py:188} INFO - [2024-07-13T01:39:51.106+0000] {dagbag.py:545} INFO - Filling up the DagBag from /home/airflow/.local/lib/python3.12/site-packages/airflow/example_dags/example_nested_branch_dag.py
[2024-07-13T01:39:51.131+0000] {processor.py:840} INFO - DAG(s) 'example_nested_branch_dag' retrieved from /home/airflow/.local/lib/python3.12/site-packages/airflow/example_dags/example_nested_branch_dag.py
[2024-07-13T01:39:51.170+0000] {logging_mixin.py:188} INFO - [2024-07-13T01:39:51.170+0000] {dag.py:3096} INFO - Sync 1 DAGs
[2024-07-13T01:39:51.198+0000] {logging_mixin.py:188} INFO - [2024-07-13T01:39:51.198+0000] {dag.py:3954} INFO - Setting next_dagrun for example_nested_branch_dag to 2024-07-12 00:00:00+00:00, run_after=2024-07-13 00:00:00+00:00
[2024-07-13T01:39:51.222+0000] {processor.py:183} INFO - Processing /home/airflow/.local/lib/python3.12/site-packages/airflow/example_dags/example_nested_branch_dag.py took 0.132 seconds
[2024-07-13T01:40:21.604+0000] {processor.py:161} INFO - Started process (PID=1455) to work on /home/airflow/.local/lib/python3.12/site-packages/airflow/example_dags/example_nested_branch_dag.py
[2024-07-13T01:40:21.607+0000] {processor.py:830} INFO - Processing file /home/airflow/.local/lib/python3.12/site-packages/airflow/example_dags/example_nested_branch_dag.py for tasks to queue
[2024-07-13T01:40:21.609+0000] {logging_mixin.py:188} INFO - [2024-07-13T01:40:21.609+0000] {dagbag.py:545} INFO - Filling up the DagBag from /home/airflow/.local/lib/python3.12/site-packages/airflow/example_dags/example_nested_branch_dag.py
[2024-07-13T01:40:21.624+0000] {processor.py:840} INFO - DAG(s) 'example_nested_branch_dag' retrieved from /home/airflow/.local/lib/python3.12/site-packages/airflow/example_dags/example_nested_branch_dag.py
[2024-07-13T01:40:21.658+0000] {logging_mixin.py:188} INFO - [2024-07-13T01:40:21.658+0000] {dag.py:3096} INFO - Sync 1 DAGs
[2024-07-13T01:40:21.692+0000] {logging_mixin.py:188} INFO - [2024-07-13T01:40:21.691+0000] {dag.py:3954} INFO - Setting next_dagrun for example_nested_branch_dag to 2024-07-12 00:00:00+00:00, run_after=2024-07-13 00:00:00+00:00
[2024-07-13T01:40:21.722+0000] {processor.py:183} INFO - Processing /home/airflow/.local/lib/python3.12/site-packages/airflow/example_dags/example_nested_branch_dag.py took 0.125 seconds
[2024-07-13T01:40:52.123+0000] {processor.py:161} INFO - Started process (PID=1513) to work on /home/airflow/.local/lib/python3.12/site-packages/airflow/example_dags/example_nested_branch_dag.py
[2024-07-13T01:40:52.137+0000] {processor.py:830} INFO - Processing file /home/airflow/.local/lib/python3.12/site-packages/airflow/example_dags/example_nested_branch_dag.py for tasks to queue
[2024-07-13T01:40:52.139+0000] {logging_mixin.py:188} INFO - [2024-07-13T01:40:52.139+0000] {dagbag.py:545} INFO - Filling up the DagBag from /home/airflow/.local/lib/python3.12/site-packages/airflow/example_dags/example_nested_branch_dag.py
[2024-07-13T01:40:52.156+0000] {processor.py:840} INFO - DAG(s) 'example_nested_branch_dag' retrieved from /home/airflow/.local/lib/python3.12/site-packages/airflow/example_dags/example_nested_branch_dag.py
[2024-07-13T01:40:52.189+0000] {logging_mixin.py:188} INFO - [2024-07-13T01:40:52.189+0000] {dag.py:3096} INFO - Sync 1 DAGs
[2024-07-13T01:40:52.222+0000] {logging_mixin.py:188} INFO - [2024-07-13T01:40:52.221+0000] {dag.py:3954} INFO - Setting next_dagrun for example_nested_branch_dag to 2024-07-12 00:00:00+00:00, run_after=2024-07-13 00:00:00+00:00
[2024-07-13T01:40:52.246+0000] {processor.py:183} INFO - Processing /home/airflow/.local/lib/python3.12/site-packages/airflow/example_dags/example_nested_branch_dag.py took 0.130 seconds
[2024-07-13T01:41:22.323+0000] {processor.py:161} INFO - Started process (PID=1571) to work on /home/airflow/.local/lib/python3.12/site-packages/airflow/example_dags/example_nested_branch_dag.py
[2024-07-13T01:41:22.324+0000] {processor.py:830} INFO - Processing file /home/airflow/.local/lib/python3.12/site-packages/airflow/example_dags/example_nested_branch_dag.py for tasks to queue
[2024-07-13T01:41:22.326+0000] {logging_mixin.py:188} INFO - [2024-07-13T01:41:22.325+0000] {dagbag.py:545} INFO - Filling up the DagBag from /home/airflow/.local/lib/python3.12/site-packages/airflow/example_dags/example_nested_branch_dag.py
[2024-07-13T01:41:22.337+0000] {processor.py:840} INFO - DAG(s) 'example_nested_branch_dag' retrieved from /home/airflow/.local/lib/python3.12/site-packages/airflow/example_dags/example_nested_branch_dag.py
[2024-07-13T01:41:22.363+0000] {logging_mixin.py:188} INFO - [2024-07-13T01:41:22.363+0000] {dag.py:3096} INFO - Sync 1 DAGs
[2024-07-13T01:41:22.390+0000] {logging_mixin.py:188} INFO - [2024-07-13T01:41:22.390+0000] {dag.py:3954} INFO - Setting next_dagrun for example_nested_branch_dag to 2024-07-12 00:00:00+00:00, run_after=2024-07-13 00:00:00+00:00
[2024-07-13T01:41:22.429+0000] {processor.py:183} INFO - Processing /home/airflow/.local/lib/python3.12/site-packages/airflow/example_dags/example_nested_branch_dag.py took 0.113 seconds
[2024-07-13T01:41:52.786+0000] {processor.py:161} INFO - Started process (PID=1629) to work on /home/airflow/.local/lib/python3.12/site-packages/airflow/example_dags/example_nested_branch_dag.py
[2024-07-13T01:41:52.797+0000] {processor.py:830} INFO - Processing file /home/airflow/.local/lib/python3.12/site-packages/airflow/example_dags/example_nested_branch_dag.py for tasks to queue
[2024-07-13T01:41:52.799+0000] {logging_mixin.py:188} INFO - [2024-07-13T01:41:52.799+0000] {dagbag.py:545} INFO - Filling up the DagBag from /home/airflow/.local/lib/python3.12/site-packages/airflow/example_dags/example_nested_branch_dag.py
[2024-07-13T01:41:52.812+0000] {processor.py:840} INFO - DAG(s) 'example_nested_branch_dag' retrieved from /home/airflow/.local/lib/python3.12/site-packages/airflow/example_dags/example_nested_branch_dag.py
[2024-07-13T01:41:52.850+0000] {logging_mixin.py:188} INFO - [2024-07-13T01:41:52.850+0000] {dag.py:3096} INFO - Sync 1 DAGs
[2024-07-13T01:41:52.884+0000] {logging_mixin.py:188} INFO - [2024-07-13T01:41:52.884+0000] {dag.py:3954} INFO - Setting next_dagrun for example_nested_branch_dag to 2024-07-12 00:00:00+00:00, run_after=2024-07-13 00:00:00+00:00
[2024-07-13T01:41:52.932+0000] {processor.py:183} INFO - Processing /home/airflow/.local/lib/python3.12/site-packages/airflow/example_dags/example_nested_branch_dag.py took 0.155 seconds
[2024-07-13T01:42:23.062+0000] {processor.py:161} INFO - Started process (PID=1687) to work on /home/airflow/.local/lib/python3.12/site-packages/airflow/example_dags/example_nested_branch_dag.py
[2024-07-13T01:42:23.063+0000] {processor.py:830} INFO - Processing file /home/airflow/.local/lib/python3.12/site-packages/airflow/example_dags/example_nested_branch_dag.py for tasks to queue
[2024-07-13T01:42:23.065+0000] {logging_mixin.py:188} INFO - [2024-07-13T01:42:23.065+0000] {dagbag.py:545} INFO - Filling up the DagBag from /home/airflow/.local/lib/python3.12/site-packages/airflow/example_dags/example_nested_branch_dag.py
[2024-07-13T01:42:23.079+0000] {processor.py:840} INFO - DAG(s) 'example_nested_branch_dag' retrieved from /home/airflow/.local/lib/python3.12/site-packages/airflow/example_dags/example_nested_branch_dag.py
[2024-07-13T01:42:23.105+0000] {logging_mixin.py:188} INFO - [2024-07-13T01:42:23.105+0000] {dag.py:3096} INFO - Sync 1 DAGs
[2024-07-13T01:42:23.132+0000] {logging_mixin.py:188} INFO - [2024-07-13T01:42:23.132+0000] {dag.py:3954} INFO - Setting next_dagrun for example_nested_branch_dag to 2024-07-12 00:00:00+00:00, run_after=2024-07-13 00:00:00+00:00
[2024-07-13T01:42:23.163+0000] {processor.py:183} INFO - Processing /home/airflow/.local/lib/python3.12/site-packages/airflow/example_dags/example_nested_branch_dag.py took 0.108 seconds
[2024-07-13T01:42:53.958+0000] {processor.py:161} INFO - Started process (PID=1745) to work on /home/airflow/.local/lib/python3.12/site-packages/airflow/example_dags/example_nested_branch_dag.py
[2024-07-13T01:42:53.966+0000] {processor.py:830} INFO - Processing file /home/airflow/.local/lib/python3.12/site-packages/airflow/example_dags/example_nested_branch_dag.py for tasks to queue
[2024-07-13T01:42:53.968+0000] {logging_mixin.py:188} INFO - [2024-07-13T01:42:53.968+0000] {dagbag.py:545} INFO - Filling up the DagBag from /home/airflow/.local/lib/python3.12/site-packages/airflow/example_dags/example_nested_branch_dag.py
[2024-07-13T01:42:53.980+0000] {processor.py:840} INFO - DAG(s) 'example_nested_branch_dag' retrieved from /home/airflow/.local/lib/python3.12/site-packages/airflow/example_dags/example_nested_branch_dag.py
[2024-07-13T01:42:54.008+0000] {logging_mixin.py:188} INFO - [2024-07-13T01:42:54.008+0000] {dag.py:3096} INFO - Sync 1 DAGs
[2024-07-13T01:42:54.035+0000] {logging_mixin.py:188} INFO - [2024-07-13T01:42:54.035+0000] {dag.py:3954} INFO - Setting next_dagrun for example_nested_branch_dag to 2024-07-12 00:00:00+00:00, run_after=2024-07-13 00:00:00+00:00
[2024-07-13T01:42:54.062+0000] {processor.py:183} INFO - Processing /home/airflow/.local/lib/python3.12/site-packages/airflow/example_dags/example_nested_branch_dag.py took 0.110 seconds
[2024-07-13T01:43:24.988+0000] {processor.py:161} INFO - Started process (PID=1803) to work on /home/airflow/.local/lib/python3.12/site-packages/airflow/example_dags/example_nested_branch_dag.py
[2024-07-13T01:43:24.989+0000] {processor.py:830} INFO - Processing file /home/airflow/.local/lib/python3.12/site-packages/airflow/example_dags/example_nested_branch_dag.py for tasks to queue
[2024-07-13T01:43:24.992+0000] {logging_mixin.py:188} INFO - [2024-07-13T01:43:24.991+0000] {dagbag.py:545} INFO - Filling up the DagBag from /home/airflow/.local/lib/python3.12/site-packages/airflow/example_dags/example_nested_branch_dag.py
[2024-07-13T01:43:25.004+0000] {processor.py:840} INFO - DAG(s) 'example_nested_branch_dag' retrieved from /home/airflow/.local/lib/python3.12/site-packages/airflow/example_dags/example_nested_branch_dag.py
[2024-07-13T01:43:25.043+0000] {logging_mixin.py:188} INFO - [2024-07-13T01:43:25.042+0000] {dag.py:3096} INFO - Sync 1 DAGs
[2024-07-13T01:43:25.244+0000] {logging_mixin.py:188} INFO - [2024-07-13T01:43:25.244+0000] {dag.py:3954} INFO - Setting next_dagrun for example_nested_branch_dag to 2024-07-12 00:00:00+00:00, run_after=2024-07-13 00:00:00+00:00
[2024-07-13T01:43:25.280+0000] {processor.py:183} INFO - Processing /home/airflow/.local/lib/python3.12/site-packages/airflow/example_dags/example_nested_branch_dag.py took 0.303 seconds
