[2024-07-13T01:28:12.050+0000] {processor.py:161} INFO - Started process (PID=56) to work on /home/airflow/.local/lib/python3.12/site-packages/airflow/example_dags/example_dag_decorator.py
[2024-07-13T01:28:12.051+0000] {processor.py:830} INFO - Processing file /home/airflow/.local/lib/python3.12/site-packages/airflow/example_dags/example_dag_decorator.py for tasks to queue
[2024-07-13T01:28:12.053+0000] {logging_mixin.py:188} INFO - [2024-07-13T01:28:12.053+0000] {dagbag.py:545} INFO - Filling up the DagBag from /home/airflow/.local/lib/python3.12/site-packages/airflow/example_dags/example_dag_decorator.py
[2024-07-13T01:28:12.371+0000] {processor.py:840} INFO - DAG(s) 'example_dag_decorator' retrieved from /home/airflow/.local/lib/python3.12/site-packages/airflow/example_dags/example_dag_decorator.py
[2024-07-13T01:28:12.539+0000] {logging_mixin.py:188} INFO - [2024-07-13T01:28:12.538+0000] {dag.py:3096} INFO - Sync 1 DAGs
[2024-07-13T01:28:12.555+0000] {logging_mixin.py:188} INFO - [2024-07-13T01:28:12.554+0000] {dag.py:3954} INFO - Setting next_dagrun for example_dag_decorator to None, run_after=None
[2024-07-13T01:28:12.583+0000] {processor.py:183} INFO - Processing /home/airflow/.local/lib/python3.12/site-packages/airflow/example_dags/example_dag_decorator.py took 0.549 seconds
[2024-07-13T01:28:43.338+0000] {processor.py:161} INFO - Started process (PID=113) to work on /home/airflow/.local/lib/python3.12/site-packages/airflow/example_dags/example_dag_decorator.py
[2024-07-13T01:28:43.339+0000] {processor.py:830} INFO - Processing file /home/airflow/.local/lib/python3.12/site-packages/airflow/example_dags/example_dag_decorator.py for tasks to queue
[2024-07-13T01:28:43.341+0000] {logging_mixin.py:188} INFO - [2024-07-13T01:28:43.341+0000] {dagbag.py:545} INFO - Filling up the DagBag from /home/airflow/.local/lib/python3.12/site-packages/airflow/example_dags/example_dag_decorator.py
[2024-07-13T01:28:43.463+0000] {processor.py:840} INFO - DAG(s) 'example_dag_decorator' retrieved from /home/airflow/.local/lib/python3.12/site-packages/airflow/example_dags/example_dag_decorator.py
[2024-07-13T01:28:43.490+0000] {logging_mixin.py:188} INFO - [2024-07-13T01:28:43.489+0000] {dag.py:3096} INFO - Sync 1 DAGs
[2024-07-13T01:28:43.506+0000] {logging_mixin.py:188} INFO - [2024-07-13T01:28:43.505+0000] {dag.py:3954} INFO - Setting next_dagrun for example_dag_decorator to None, run_after=None
[2024-07-13T01:28:43.528+0000] {processor.py:183} INFO - Processing /home/airflow/.local/lib/python3.12/site-packages/airflow/example_dags/example_dag_decorator.py took 0.197 seconds
[2024-07-13T01:29:13.653+0000] {processor.py:161} INFO - Started process (PID=171) to work on /home/airflow/.local/lib/python3.12/site-packages/airflow/example_dags/example_dag_decorator.py
[2024-07-13T01:29:13.661+0000] {processor.py:830} INFO - Processing file /home/airflow/.local/lib/python3.12/site-packages/airflow/example_dags/example_dag_decorator.py for tasks to queue
[2024-07-13T01:29:13.664+0000] {logging_mixin.py:188} INFO - [2024-07-13T01:29:13.663+0000] {dagbag.py:545} INFO - Filling up the DagBag from /home/airflow/.local/lib/python3.12/site-packages/airflow/example_dags/example_dag_decorator.py
[2024-07-13T01:29:13.781+0000] {processor.py:840} INFO - DAG(s) 'example_dag_decorator' retrieved from /home/airflow/.local/lib/python3.12/site-packages/airflow/example_dags/example_dag_decorator.py
[2024-07-13T01:29:13.809+0000] {logging_mixin.py:188} INFO - [2024-07-13T01:29:13.809+0000] {dag.py:3096} INFO - Sync 1 DAGs
[2024-07-13T01:29:13.823+0000] {logging_mixin.py:188} INFO - [2024-07-13T01:29:13.823+0000] {dag.py:3954} INFO - Setting next_dagrun for example_dag_decorator to None, run_after=None
[2024-07-13T01:29:13.849+0000] {processor.py:183} INFO - Processing /home/airflow/.local/lib/python3.12/site-packages/airflow/example_dags/example_dag_decorator.py took 0.204 seconds
[2024-07-13T01:29:43.925+0000] {processor.py:161} INFO - Started process (PID=230) to work on /home/airflow/.local/lib/python3.12/site-packages/airflow/example_dags/example_dag_decorator.py
[2024-07-13T01:29:43.926+0000] {processor.py:830} INFO - Processing file /home/airflow/.local/lib/python3.12/site-packages/airflow/example_dags/example_dag_decorator.py for tasks to queue
[2024-07-13T01:29:43.929+0000] {logging_mixin.py:188} INFO - [2024-07-13T01:29:43.928+0000] {dagbag.py:545} INFO - Filling up the DagBag from /home/airflow/.local/lib/python3.12/site-packages/airflow/example_dags/example_dag_decorator.py
[2024-07-13T01:29:44.041+0000] {processor.py:840} INFO - DAG(s) 'example_dag_decorator' retrieved from /home/airflow/.local/lib/python3.12/site-packages/airflow/example_dags/example_dag_decorator.py
[2024-07-13T01:29:44.070+0000] {logging_mixin.py:188} INFO - [2024-07-13T01:29:44.069+0000] {dag.py:3096} INFO - Sync 1 DAGs
[2024-07-13T01:29:44.087+0000] {logging_mixin.py:188} INFO - [2024-07-13T01:29:44.086+0000] {dag.py:3954} INFO - Setting next_dagrun for example_dag_decorator to None, run_after=None
[2024-07-13T01:29:44.113+0000] {processor.py:183} INFO - Processing /home/airflow/.local/lib/python3.12/site-packages/airflow/example_dags/example_dag_decorator.py took 0.195 seconds
[2024-07-13T01:30:14.141+0000] {processor.py:161} INFO - Started process (PID=288) to work on /home/airflow/.local/lib/python3.12/site-packages/airflow/example_dags/example_dag_decorator.py
[2024-07-13T01:30:14.143+0000] {processor.py:830} INFO - Processing file /home/airflow/.local/lib/python3.12/site-packages/airflow/example_dags/example_dag_decorator.py for tasks to queue
[2024-07-13T01:30:14.145+0000] {logging_mixin.py:188} INFO - [2024-07-13T01:30:14.145+0000] {dagbag.py:545} INFO - Filling up the DagBag from /home/airflow/.local/lib/python3.12/site-packages/airflow/example_dags/example_dag_decorator.py
[2024-07-13T01:30:14.272+0000] {processor.py:840} INFO - DAG(s) 'example_dag_decorator' retrieved from /home/airflow/.local/lib/python3.12/site-packages/airflow/example_dags/example_dag_decorator.py
[2024-07-13T01:30:14.399+0000] {logging_mixin.py:188} INFO - [2024-07-13T01:30:14.399+0000] {dag.py:3096} INFO - Sync 1 DAGs
[2024-07-13T01:30:14.411+0000] {logging_mixin.py:188} INFO - [2024-07-13T01:30:14.411+0000] {dag.py:3954} INFO - Setting next_dagrun for example_dag_decorator to None, run_after=None
[2024-07-13T01:30:14.434+0000] {processor.py:183} INFO - Processing /home/airflow/.local/lib/python3.12/site-packages/airflow/example_dags/example_dag_decorator.py took 0.302 seconds
[2024-07-13T01:30:44.623+0000] {processor.py:161} INFO - Started process (PID=344) to work on /home/airflow/.local/lib/python3.12/site-packages/airflow/example_dags/example_dag_decorator.py
[2024-07-13T01:30:44.624+0000] {processor.py:830} INFO - Processing file /home/airflow/.local/lib/python3.12/site-packages/airflow/example_dags/example_dag_decorator.py for tasks to queue
[2024-07-13T01:30:44.632+0000] {logging_mixin.py:188} INFO - [2024-07-13T01:30:44.630+0000] {dagbag.py:545} INFO - Filling up the DagBag from /home/airflow/.local/lib/python3.12/site-packages/airflow/example_dags/example_dag_decorator.py
[2024-07-13T01:30:44.848+0000] {processor.py:840} INFO - DAG(s) 'example_dag_decorator' retrieved from /home/airflow/.local/lib/python3.12/site-packages/airflow/example_dags/example_dag_decorator.py
[2024-07-13T01:30:45.004+0000] {logging_mixin.py:188} INFO - [2024-07-13T01:30:45.003+0000] {dag.py:3096} INFO - Sync 1 DAGs
[2024-07-13T01:30:45.017+0000] {logging_mixin.py:188} INFO - [2024-07-13T01:30:45.016+0000] {dag.py:3954} INFO - Setting next_dagrun for example_dag_decorator to None, run_after=None
[2024-07-13T01:30:45.039+0000] {processor.py:183} INFO - Processing /home/airflow/.local/lib/python3.12/site-packages/airflow/example_dags/example_dag_decorator.py took 0.425 seconds
[2024-07-13T01:31:15.180+0000] {processor.py:161} INFO - Started process (PID=410) to work on /home/airflow/.local/lib/python3.12/site-packages/airflow/example_dags/example_dag_decorator.py
[2024-07-13T01:31:15.181+0000] {processor.py:830} INFO - Processing file /home/airflow/.local/lib/python3.12/site-packages/airflow/example_dags/example_dag_decorator.py for tasks to queue
[2024-07-13T01:31:15.184+0000] {logging_mixin.py:188} INFO - [2024-07-13T01:31:15.184+0000] {dagbag.py:545} INFO - Filling up the DagBag from /home/airflow/.local/lib/python3.12/site-packages/airflow/example_dags/example_dag_decorator.py
[2024-07-13T01:31:15.324+0000] {processor.py:840} INFO - DAG(s) 'example_dag_decorator' retrieved from /home/airflow/.local/lib/python3.12/site-packages/airflow/example_dags/example_dag_decorator.py
[2024-07-13T01:31:15.484+0000] {logging_mixin.py:188} INFO - [2024-07-13T01:31:15.484+0000] {dag.py:3096} INFO - Sync 1 DAGs
[2024-07-13T01:31:15.497+0000] {logging_mixin.py:188} INFO - [2024-07-13T01:31:15.497+0000] {dag.py:3954} INFO - Setting next_dagrun for example_dag_decorator to None, run_after=None
[2024-07-13T01:31:15.523+0000] {processor.py:183} INFO - Processing /home/airflow/.local/lib/python3.12/site-packages/airflow/example_dags/example_dag_decorator.py took 0.351 seconds
[2024-07-13T01:31:45.605+0000] {processor.py:161} INFO - Started process (PID=471) to work on /home/airflow/.local/lib/python3.12/site-packages/airflow/example_dags/example_dag_decorator.py
[2024-07-13T01:31:45.605+0000] {processor.py:830} INFO - Processing file /home/airflow/.local/lib/python3.12/site-packages/airflow/example_dags/example_dag_decorator.py for tasks to queue
[2024-07-13T01:31:45.607+0000] {logging_mixin.py:188} INFO - [2024-07-13T01:31:45.607+0000] {dagbag.py:545} INFO - Filling up the DagBag from /home/airflow/.local/lib/python3.12/site-packages/airflow/example_dags/example_dag_decorator.py
[2024-07-13T01:31:45.775+0000] {processor.py:840} INFO - DAG(s) 'example_dag_decorator' retrieved from /home/airflow/.local/lib/python3.12/site-packages/airflow/example_dags/example_dag_decorator.py
[2024-07-13T01:31:45.909+0000] {logging_mixin.py:188} INFO - [2024-07-13T01:31:45.909+0000] {dag.py:3096} INFO - Sync 1 DAGs
[2024-07-13T01:31:45.921+0000] {logging_mixin.py:188} INFO - [2024-07-13T01:31:45.921+0000] {dag.py:3954} INFO - Setting next_dagrun for example_dag_decorator to None, run_after=None
[2024-07-13T01:31:45.944+0000] {processor.py:183} INFO - Processing /home/airflow/.local/lib/python3.12/site-packages/airflow/example_dags/example_dag_decorator.py took 0.346 seconds
[2024-07-13T01:32:16.177+0000] {processor.py:161} INFO - Started process (PID=532) to work on /home/airflow/.local/lib/python3.12/site-packages/airflow/example_dags/example_dag_decorator.py
[2024-07-13T01:32:16.179+0000] {processor.py:830} INFO - Processing file /home/airflow/.local/lib/python3.12/site-packages/airflow/example_dags/example_dag_decorator.py for tasks to queue
[2024-07-13T01:32:16.181+0000] {logging_mixin.py:188} INFO - [2024-07-13T01:32:16.180+0000] {dagbag.py:545} INFO - Filling up the DagBag from /home/airflow/.local/lib/python3.12/site-packages/airflow/example_dags/example_dag_decorator.py
[2024-07-13T01:32:16.284+0000] {processor.py:840} INFO - DAG(s) 'example_dag_decorator' retrieved from /home/airflow/.local/lib/python3.12/site-packages/airflow/example_dags/example_dag_decorator.py
[2024-07-13T01:32:16.427+0000] {logging_mixin.py:188} INFO - [2024-07-13T01:32:16.426+0000] {dag.py:3096} INFO - Sync 1 DAGs
[2024-07-13T01:32:16.443+0000] {logging_mixin.py:188} INFO - [2024-07-13T01:32:16.443+0000] {dag.py:3954} INFO - Setting next_dagrun for example_dag_decorator to None, run_after=None
[2024-07-13T01:32:16.498+0000] {processor.py:183} INFO - Processing /home/airflow/.local/lib/python3.12/site-packages/airflow/example_dags/example_dag_decorator.py took 0.329 seconds
[2024-07-13T01:32:47.337+0000] {processor.py:161} INFO - Started process (PID=590) to work on /home/airflow/.local/lib/python3.12/site-packages/airflow/example_dags/example_dag_decorator.py
[2024-07-13T01:32:47.345+0000] {processor.py:830} INFO - Processing file /home/airflow/.local/lib/python3.12/site-packages/airflow/example_dags/example_dag_decorator.py for tasks to queue
[2024-07-13T01:32:47.348+0000] {logging_mixin.py:188} INFO - [2024-07-13T01:32:47.347+0000] {dagbag.py:545} INFO - Filling up the DagBag from /home/airflow/.local/lib/python3.12/site-packages/airflow/example_dags/example_dag_decorator.py
[2024-07-13T01:32:47.475+0000] {processor.py:840} INFO - DAG(s) 'example_dag_decorator' retrieved from /home/airflow/.local/lib/python3.12/site-packages/airflow/example_dags/example_dag_decorator.py
[2024-07-13T01:32:47.610+0000] {logging_mixin.py:188} INFO - [2024-07-13T01:32:47.610+0000] {dag.py:3096} INFO - Sync 1 DAGs
[2024-07-13T01:32:47.626+0000] {logging_mixin.py:188} INFO - [2024-07-13T01:32:47.625+0000] {dag.py:3954} INFO - Setting next_dagrun for example_dag_decorator to None, run_after=None
[2024-07-13T01:32:47.652+0000] {processor.py:183} INFO - Processing /home/airflow/.local/lib/python3.12/site-packages/airflow/example_dags/example_dag_decorator.py took 0.323 seconds
[2024-07-13T01:33:17.777+0000] {processor.py:161} INFO - Started process (PID=649) to work on /home/airflow/.local/lib/python3.12/site-packages/airflow/example_dags/example_dag_decorator.py
[2024-07-13T01:33:17.778+0000] {processor.py:830} INFO - Processing file /home/airflow/.local/lib/python3.12/site-packages/airflow/example_dags/example_dag_decorator.py for tasks to queue
[2024-07-13T01:33:17.780+0000] {logging_mixin.py:188} INFO - [2024-07-13T01:33:17.780+0000] {dagbag.py:545} INFO - Filling up the DagBag from /home/airflow/.local/lib/python3.12/site-packages/airflow/example_dags/example_dag_decorator.py
[2024-07-13T01:33:17.904+0000] {processor.py:840} INFO - DAG(s) 'example_dag_decorator' retrieved from /home/airflow/.local/lib/python3.12/site-packages/airflow/example_dags/example_dag_decorator.py
[2024-07-13T01:33:18.096+0000] {logging_mixin.py:188} INFO - [2024-07-13T01:33:18.095+0000] {dag.py:3096} INFO - Sync 1 DAGs
[2024-07-13T01:33:18.112+0000] {logging_mixin.py:188} INFO - [2024-07-13T01:33:18.112+0000] {dag.py:3954} INFO - Setting next_dagrun for example_dag_decorator to None, run_after=None
[2024-07-13T01:33:18.145+0000] {processor.py:183} INFO - Processing /home/airflow/.local/lib/python3.12/site-packages/airflow/example_dags/example_dag_decorator.py took 0.375 seconds
[2024-07-13T01:33:48.173+0000] {processor.py:161} INFO - Started process (PID=709) to work on /home/airflow/.local/lib/python3.12/site-packages/airflow/example_dags/example_dag_decorator.py
[2024-07-13T01:33:48.175+0000] {processor.py:830} INFO - Processing file /home/airflow/.local/lib/python3.12/site-packages/airflow/example_dags/example_dag_decorator.py for tasks to queue
[2024-07-13T01:33:48.177+0000] {logging_mixin.py:188} INFO - [2024-07-13T01:33:48.177+0000] {dagbag.py:545} INFO - Filling up the DagBag from /home/airflow/.local/lib/python3.12/site-packages/airflow/example_dags/example_dag_decorator.py
[2024-07-13T01:33:48.293+0000] {processor.py:840} INFO - DAG(s) 'example_dag_decorator' retrieved from /home/airflow/.local/lib/python3.12/site-packages/airflow/example_dags/example_dag_decorator.py
[2024-07-13T01:33:48.424+0000] {logging_mixin.py:188} INFO - [2024-07-13T01:33:48.423+0000] {dag.py:3096} INFO - Sync 1 DAGs
[2024-07-13T01:33:48.436+0000] {logging_mixin.py:188} INFO - [2024-07-13T01:33:48.436+0000] {dag.py:3954} INFO - Setting next_dagrun for example_dag_decorator to None, run_after=None
[2024-07-13T01:33:48.470+0000] {processor.py:183} INFO - Processing /home/airflow/.local/lib/python3.12/site-packages/airflow/example_dags/example_dag_decorator.py took 0.304 seconds
[2024-07-13T01:34:18.533+0000] {processor.py:161} INFO - Started process (PID=767) to work on /home/airflow/.local/lib/python3.12/site-packages/airflow/example_dags/example_dag_decorator.py
[2024-07-13T01:34:18.534+0000] {processor.py:830} INFO - Processing file /home/airflow/.local/lib/python3.12/site-packages/airflow/example_dags/example_dag_decorator.py for tasks to queue
[2024-07-13T01:34:18.536+0000] {logging_mixin.py:188} INFO - [2024-07-13T01:34:18.536+0000] {dagbag.py:545} INFO - Filling up the DagBag from /home/airflow/.local/lib/python3.12/site-packages/airflow/example_dags/example_dag_decorator.py
[2024-07-13T01:34:18.657+0000] {processor.py:840} INFO - DAG(s) 'example_dag_decorator' retrieved from /home/airflow/.local/lib/python3.12/site-packages/airflow/example_dags/example_dag_decorator.py
[2024-07-13T01:34:18.781+0000] {logging_mixin.py:188} INFO - [2024-07-13T01:34:18.780+0000] {dag.py:3096} INFO - Sync 1 DAGs
[2024-07-13T01:34:18.795+0000] {logging_mixin.py:188} INFO - [2024-07-13T01:34:18.795+0000] {dag.py:3954} INFO - Setting next_dagrun for example_dag_decorator to None, run_after=None
[2024-07-13T01:34:18.830+0000] {processor.py:183} INFO - Processing /home/airflow/.local/lib/python3.12/site-packages/airflow/example_dags/example_dag_decorator.py took 0.306 seconds
[2024-07-13T01:34:49.760+0000] {processor.py:161} INFO - Started process (PID=825) to work on /home/airflow/.local/lib/python3.12/site-packages/airflow/example_dags/example_dag_decorator.py
[2024-07-13T01:34:49.768+0000] {processor.py:830} INFO - Processing file /home/airflow/.local/lib/python3.12/site-packages/airflow/example_dags/example_dag_decorator.py for tasks to queue
[2024-07-13T01:34:49.770+0000] {logging_mixin.py:188} INFO - [2024-07-13T01:34:49.770+0000] {dagbag.py:545} INFO - Filling up the DagBag from /home/airflow/.local/lib/python3.12/site-packages/airflow/example_dags/example_dag_decorator.py
[2024-07-13T01:34:49.878+0000] {processor.py:840} INFO - DAG(s) 'example_dag_decorator' retrieved from /home/airflow/.local/lib/python3.12/site-packages/airflow/example_dags/example_dag_decorator.py
[2024-07-13T01:34:49.997+0000] {logging_mixin.py:188} INFO - [2024-07-13T01:34:49.996+0000] {dag.py:3096} INFO - Sync 1 DAGs
[2024-07-13T01:34:50.009+0000] {logging_mixin.py:188} INFO - [2024-07-13T01:34:50.009+0000] {dag.py:3954} INFO - Setting next_dagrun for example_dag_decorator to None, run_after=None
[2024-07-13T01:34:50.041+0000] {processor.py:183} INFO - Processing /home/airflow/.local/lib/python3.12/site-packages/airflow/example_dags/example_dag_decorator.py took 0.289 seconds
[2024-07-13T01:35:20.275+0000] {processor.py:161} INFO - Started process (PID=883) to work on /home/airflow/.local/lib/python3.12/site-packages/airflow/example_dags/example_dag_decorator.py
[2024-07-13T01:35:20.277+0000] {processor.py:830} INFO - Processing file /home/airflow/.local/lib/python3.12/site-packages/airflow/example_dags/example_dag_decorator.py for tasks to queue
[2024-07-13T01:35:20.280+0000] {logging_mixin.py:188} INFO - [2024-07-13T01:35:20.279+0000] {dagbag.py:545} INFO - Filling up the DagBag from /home/airflow/.local/lib/python3.12/site-packages/airflow/example_dags/example_dag_decorator.py
[2024-07-13T01:35:20.409+0000] {processor.py:840} INFO - DAG(s) 'example_dag_decorator' retrieved from /home/airflow/.local/lib/python3.12/site-packages/airflow/example_dags/example_dag_decorator.py
[2024-07-13T01:35:20.694+0000] {logging_mixin.py:188} INFO - [2024-07-13T01:35:20.693+0000] {dag.py:3096} INFO - Sync 1 DAGs
[2024-07-13T01:35:20.706+0000] {logging_mixin.py:188} INFO - [2024-07-13T01:35:20.706+0000] {dag.py:3954} INFO - Setting next_dagrun for example_dag_decorator to None, run_after=None
[2024-07-13T01:35:20.751+0000] {processor.py:183} INFO - Processing /home/airflow/.local/lib/python3.12/site-packages/airflow/example_dags/example_dag_decorator.py took 0.483 seconds
[2024-07-13T01:35:50.943+0000] {processor.py:161} INFO - Started process (PID=940) to work on /home/airflow/.local/lib/python3.12/site-packages/airflow/example_dags/example_dag_decorator.py
[2024-07-13T01:35:50.959+0000] {processor.py:830} INFO - Processing file /home/airflow/.local/lib/python3.12/site-packages/airflow/example_dags/example_dag_decorator.py for tasks to queue
[2024-07-13T01:35:50.961+0000] {logging_mixin.py:188} INFO - [2024-07-13T01:35:50.960+0000] {dagbag.py:545} INFO - Filling up the DagBag from /home/airflow/.local/lib/python3.12/site-packages/airflow/example_dags/example_dag_decorator.py
[2024-07-13T01:35:51.131+0000] {processor.py:840} INFO - DAG(s) 'example_dag_decorator' retrieved from /home/airflow/.local/lib/python3.12/site-packages/airflow/example_dags/example_dag_decorator.py
[2024-07-13T01:35:51.399+0000] {logging_mixin.py:188} INFO - [2024-07-13T01:35:51.399+0000] {dag.py:3096} INFO - Sync 1 DAGs
[2024-07-13T01:35:51.409+0000] {logging_mixin.py:188} INFO - [2024-07-13T01:35:51.409+0000] {dag.py:3954} INFO - Setting next_dagrun for example_dag_decorator to None, run_after=None
[2024-07-13T01:35:51.441+0000] {processor.py:183} INFO - Processing /home/airflow/.local/lib/python3.12/site-packages/airflow/example_dags/example_dag_decorator.py took 0.504 seconds
[2024-07-13T01:36:21.542+0000] {processor.py:161} INFO - Started process (PID=999) to work on /home/airflow/.local/lib/python3.12/site-packages/airflow/example_dags/example_dag_decorator.py
[2024-07-13T01:36:21.548+0000] {processor.py:830} INFO - Processing file /home/airflow/.local/lib/python3.12/site-packages/airflow/example_dags/example_dag_decorator.py for tasks to queue
[2024-07-13T01:36:21.550+0000] {logging_mixin.py:188} INFO - [2024-07-13T01:36:21.550+0000] {dagbag.py:545} INFO - Filling up the DagBag from /home/airflow/.local/lib/python3.12/site-packages/airflow/example_dags/example_dag_decorator.py
[2024-07-13T01:36:21.676+0000] {processor.py:840} INFO - DAG(s) 'example_dag_decorator' retrieved from /home/airflow/.local/lib/python3.12/site-packages/airflow/example_dags/example_dag_decorator.py
[2024-07-13T01:36:21.803+0000] {logging_mixin.py:188} INFO - [2024-07-13T01:36:21.803+0000] {dag.py:3096} INFO - Sync 1 DAGs
[2024-07-13T01:36:21.953+0000] {logging_mixin.py:188} INFO - [2024-07-13T01:36:21.953+0000] {dag.py:3954} INFO - Setting next_dagrun for example_dag_decorator to None, run_after=None
[2024-07-13T01:36:21.979+0000] {processor.py:183} INFO - Processing /home/airflow/.local/lib/python3.12/site-packages/airflow/example_dags/example_dag_decorator.py took 0.444 seconds
[2024-07-13T01:36:52.383+0000] {processor.py:161} INFO - Started process (PID=1056) to work on /home/airflow/.local/lib/python3.12/site-packages/airflow/example_dags/example_dag_decorator.py
[2024-07-13T01:36:52.384+0000] {processor.py:830} INFO - Processing file /home/airflow/.local/lib/python3.12/site-packages/airflow/example_dags/example_dag_decorator.py for tasks to queue
[2024-07-13T01:36:52.386+0000] {logging_mixin.py:188} INFO - [2024-07-13T01:36:52.385+0000] {dagbag.py:545} INFO - Filling up the DagBag from /home/airflow/.local/lib/python3.12/site-packages/airflow/example_dags/example_dag_decorator.py
[2024-07-13T01:36:52.500+0000] {processor.py:840} INFO - DAG(s) 'example_dag_decorator' retrieved from /home/airflow/.local/lib/python3.12/site-packages/airflow/example_dags/example_dag_decorator.py
[2024-07-13T01:36:52.643+0000] {logging_mixin.py:188} INFO - [2024-07-13T01:36:52.643+0000] {dag.py:3096} INFO - Sync 1 DAGs
[2024-07-13T01:36:52.656+0000] {logging_mixin.py:188} INFO - [2024-07-13T01:36:52.656+0000] {dag.py:3954} INFO - Setting next_dagrun for example_dag_decorator to None, run_after=None
[2024-07-13T01:36:52.679+0000] {processor.py:183} INFO - Processing /home/airflow/.local/lib/python3.12/site-packages/airflow/example_dags/example_dag_decorator.py took 0.303 seconds
[2024-07-13T01:37:22.802+0000] {processor.py:161} INFO - Started process (PID=1115) to work on /home/airflow/.local/lib/python3.12/site-packages/airflow/example_dags/example_dag_decorator.py
[2024-07-13T01:37:22.810+0000] {processor.py:830} INFO - Processing file /home/airflow/.local/lib/python3.12/site-packages/airflow/example_dags/example_dag_decorator.py for tasks to queue
[2024-07-13T01:37:22.812+0000] {logging_mixin.py:188} INFO - [2024-07-13T01:37:22.812+0000] {dagbag.py:545} INFO - Filling up the DagBag from /home/airflow/.local/lib/python3.12/site-packages/airflow/example_dags/example_dag_decorator.py
[2024-07-13T01:37:22.932+0000] {processor.py:840} INFO - DAG(s) 'example_dag_decorator' retrieved from /home/airflow/.local/lib/python3.12/site-packages/airflow/example_dags/example_dag_decorator.py
[2024-07-13T01:37:23.245+0000] {logging_mixin.py:188} INFO - [2024-07-13T01:37:23.244+0000] {dag.py:3096} INFO - Sync 1 DAGs
[2024-07-13T01:37:23.257+0000] {logging_mixin.py:188} INFO - [2024-07-13T01:37:23.256+0000] {dag.py:3954} INFO - Setting next_dagrun for example_dag_decorator to None, run_after=None
[2024-07-13T01:37:23.289+0000] {processor.py:183} INFO - Processing /home/airflow/.local/lib/python3.12/site-packages/airflow/example_dags/example_dag_decorator.py took 0.497 seconds
[2024-07-13T01:37:53.388+0000] {processor.py:161} INFO - Started process (PID=1175) to work on /home/airflow/.local/lib/python3.12/site-packages/airflow/example_dags/example_dag_decorator.py
[2024-07-13T01:37:53.390+0000] {processor.py:830} INFO - Processing file /home/airflow/.local/lib/python3.12/site-packages/airflow/example_dags/example_dag_decorator.py for tasks to queue
[2024-07-13T01:37:53.393+0000] {logging_mixin.py:188} INFO - [2024-07-13T01:37:53.392+0000] {dagbag.py:545} INFO - Filling up the DagBag from /home/airflow/.local/lib/python3.12/site-packages/airflow/example_dags/example_dag_decorator.py
[2024-07-13T01:37:53.508+0000] {processor.py:840} INFO - DAG(s) 'example_dag_decorator' retrieved from /home/airflow/.local/lib/python3.12/site-packages/airflow/example_dags/example_dag_decorator.py
[2024-07-13T01:37:53.778+0000] {logging_mixin.py:188} INFO - [2024-07-13T01:37:53.777+0000] {dag.py:3096} INFO - Sync 1 DAGs
[2024-07-13T01:37:53.789+0000] {logging_mixin.py:188} INFO - [2024-07-13T01:37:53.789+0000] {dag.py:3954} INFO - Setting next_dagrun for example_dag_decorator to None, run_after=None
[2024-07-13T01:37:53.817+0000] {processor.py:183} INFO - Processing /home/airflow/.local/lib/python3.12/site-packages/airflow/example_dags/example_dag_decorator.py took 0.438 seconds
[2024-07-13T01:38:24.547+0000] {processor.py:161} INFO - Started process (PID=1233) to work on /home/airflow/.local/lib/python3.12/site-packages/airflow/example_dags/example_dag_decorator.py
[2024-07-13T01:38:24.562+0000] {processor.py:830} INFO - Processing file /home/airflow/.local/lib/python3.12/site-packages/airflow/example_dags/example_dag_decorator.py for tasks to queue
[2024-07-13T01:38:24.565+0000] {logging_mixin.py:188} INFO - [2024-07-13T01:38:24.564+0000] {dagbag.py:545} INFO - Filling up the DagBag from /home/airflow/.local/lib/python3.12/site-packages/airflow/example_dags/example_dag_decorator.py
[2024-07-13T01:38:24.694+0000] {processor.py:840} INFO - DAG(s) 'example_dag_decorator' retrieved from /home/airflow/.local/lib/python3.12/site-packages/airflow/example_dags/example_dag_decorator.py
[2024-07-13T01:38:24.992+0000] {logging_mixin.py:188} INFO - [2024-07-13T01:38:24.992+0000] {dag.py:3096} INFO - Sync 1 DAGs
[2024-07-13T01:38:25.004+0000] {logging_mixin.py:188} INFO - [2024-07-13T01:38:25.003+0000] {dag.py:3954} INFO - Setting next_dagrun for example_dag_decorator to None, run_after=None
[2024-07-13T01:38:25.026+0000] {processor.py:183} INFO - Processing /home/airflow/.local/lib/python3.12/site-packages/airflow/example_dags/example_dag_decorator.py took 0.488 seconds
[2024-07-13T01:38:55.159+0000] {processor.py:161} INFO - Started process (PID=1294) to work on /home/airflow/.local/lib/python3.12/site-packages/airflow/example_dags/example_dag_decorator.py
[2024-07-13T01:38:55.160+0000] {processor.py:830} INFO - Processing file /home/airflow/.local/lib/python3.12/site-packages/airflow/example_dags/example_dag_decorator.py for tasks to queue
[2024-07-13T01:38:55.162+0000] {logging_mixin.py:188} INFO - [2024-07-13T01:38:55.162+0000] {dagbag.py:545} INFO - Filling up the DagBag from /home/airflow/.local/lib/python3.12/site-packages/airflow/example_dags/example_dag_decorator.py
[2024-07-13T01:38:55.280+0000] {processor.py:840} INFO - DAG(s) 'example_dag_decorator' retrieved from /home/airflow/.local/lib/python3.12/site-packages/airflow/example_dags/example_dag_decorator.py
[2024-07-13T01:38:55.561+0000] {logging_mixin.py:188} INFO - [2024-07-13T01:38:55.561+0000] {dag.py:3096} INFO - Sync 1 DAGs
[2024-07-13T01:38:55.572+0000] {logging_mixin.py:188} INFO - [2024-07-13T01:38:55.572+0000] {dag.py:3954} INFO - Setting next_dagrun for example_dag_decorator to None, run_after=None
[2024-07-13T01:38:55.594+0000] {processor.py:183} INFO - Processing /home/airflow/.local/lib/python3.12/site-packages/airflow/example_dags/example_dag_decorator.py took 0.447 seconds
[2024-07-13T01:39:25.722+0000] {processor.py:161} INFO - Started process (PID=1355) to work on /home/airflow/.local/lib/python3.12/site-packages/airflow/example_dags/example_dag_decorator.py
[2024-07-13T01:39:25.725+0000] {processor.py:830} INFO - Processing file /home/airflow/.local/lib/python3.12/site-packages/airflow/example_dags/example_dag_decorator.py for tasks to queue
[2024-07-13T01:39:25.727+0000] {logging_mixin.py:188} INFO - [2024-07-13T01:39:25.727+0000] {dagbag.py:545} INFO - Filling up the DagBag from /home/airflow/.local/lib/python3.12/site-packages/airflow/example_dags/example_dag_decorator.py
[2024-07-13T01:39:26.002+0000] {processor.py:840} INFO - DAG(s) 'example_dag_decorator' retrieved from /home/airflow/.local/lib/python3.12/site-packages/airflow/example_dags/example_dag_decorator.py
[2024-07-13T01:39:26.135+0000] {logging_mixin.py:188} INFO - [2024-07-13T01:39:26.135+0000] {dag.py:3096} INFO - Sync 1 DAGs
[2024-07-13T01:39:26.148+0000] {logging_mixin.py:188} INFO - [2024-07-13T01:39:26.148+0000] {dag.py:3954} INFO - Setting next_dagrun for example_dag_decorator to None, run_after=None
[2024-07-13T01:39:26.172+0000] {processor.py:183} INFO - Processing /home/airflow/.local/lib/python3.12/site-packages/airflow/example_dags/example_dag_decorator.py took 0.458 seconds
[2024-07-13T01:39:56.221+0000] {processor.py:161} INFO - Started process (PID=1415) to work on /home/airflow/.local/lib/python3.12/site-packages/airflow/example_dags/example_dag_decorator.py
[2024-07-13T01:39:56.222+0000] {processor.py:830} INFO - Processing file /home/airflow/.local/lib/python3.12/site-packages/airflow/example_dags/example_dag_decorator.py for tasks to queue
[2024-07-13T01:39:56.224+0000] {logging_mixin.py:188} INFO - [2024-07-13T01:39:56.223+0000] {dagbag.py:545} INFO - Filling up the DagBag from /home/airflow/.local/lib/python3.12/site-packages/airflow/example_dags/example_dag_decorator.py
[2024-07-13T01:39:56.333+0000] {processor.py:840} INFO - DAG(s) 'example_dag_decorator' retrieved from /home/airflow/.local/lib/python3.12/site-packages/airflow/example_dags/example_dag_decorator.py
[2024-07-13T01:39:56.620+0000] {logging_mixin.py:188} INFO - [2024-07-13T01:39:56.620+0000] {dag.py:3096} INFO - Sync 1 DAGs
[2024-07-13T01:39:56.630+0000] {logging_mixin.py:188} INFO - [2024-07-13T01:39:56.630+0000] {dag.py:3954} INFO - Setting next_dagrun for example_dag_decorator to None, run_after=None
[2024-07-13T01:39:56.651+0000] {processor.py:183} INFO - Processing /home/airflow/.local/lib/python3.12/site-packages/airflow/example_dags/example_dag_decorator.py took 0.436 seconds
[2024-07-13T01:40:26.962+0000] {processor.py:161} INFO - Started process (PID=1473) to work on /home/airflow/.local/lib/python3.12/site-packages/airflow/example_dags/example_dag_decorator.py
[2024-07-13T01:40:26.963+0000] {processor.py:830} INFO - Processing file /home/airflow/.local/lib/python3.12/site-packages/airflow/example_dags/example_dag_decorator.py for tasks to queue
[2024-07-13T01:40:26.966+0000] {logging_mixin.py:188} INFO - [2024-07-13T01:40:26.965+0000] {dagbag.py:545} INFO - Filling up the DagBag from /home/airflow/.local/lib/python3.12/site-packages/airflow/example_dags/example_dag_decorator.py
[2024-07-13T01:40:27.092+0000] {processor.py:840} INFO - DAG(s) 'example_dag_decorator' retrieved from /home/airflow/.local/lib/python3.12/site-packages/airflow/example_dags/example_dag_decorator.py
[2024-07-13T01:40:27.420+0000] {logging_mixin.py:188} INFO - [2024-07-13T01:40:27.420+0000] {dag.py:3096} INFO - Sync 1 DAGs
[2024-07-13T01:40:27.432+0000] {logging_mixin.py:188} INFO - [2024-07-13T01:40:27.432+0000] {dag.py:3954} INFO - Setting next_dagrun for example_dag_decorator to None, run_after=None
[2024-07-13T01:40:27.453+0000] {processor.py:183} INFO - Processing /home/airflow/.local/lib/python3.12/site-packages/airflow/example_dags/example_dag_decorator.py took 0.498 seconds
[2024-07-13T01:40:57.568+0000] {processor.py:161} INFO - Started process (PID=1533) to work on /home/airflow/.local/lib/python3.12/site-packages/airflow/example_dags/example_dag_decorator.py
[2024-07-13T01:40:57.570+0000] {processor.py:830} INFO - Processing file /home/airflow/.local/lib/python3.12/site-packages/airflow/example_dags/example_dag_decorator.py for tasks to queue
[2024-07-13T01:40:57.572+0000] {logging_mixin.py:188} INFO - [2024-07-13T01:40:57.571+0000] {dagbag.py:545} INFO - Filling up the DagBag from /home/airflow/.local/lib/python3.12/site-packages/airflow/example_dags/example_dag_decorator.py
[2024-07-13T01:40:57.680+0000] {processor.py:840} INFO - DAG(s) 'example_dag_decorator' retrieved from /home/airflow/.local/lib/python3.12/site-packages/airflow/example_dags/example_dag_decorator.py
[2024-07-13T01:40:57.977+0000] {logging_mixin.py:188} INFO - [2024-07-13T01:40:57.977+0000] {dag.py:3096} INFO - Sync 1 DAGs
[2024-07-13T01:40:57.988+0000] {logging_mixin.py:188} INFO - [2024-07-13T01:40:57.988+0000] {dag.py:3954} INFO - Setting next_dagrun for example_dag_decorator to None, run_after=None
[2024-07-13T01:40:58.016+0000] {processor.py:183} INFO - Processing /home/airflow/.local/lib/python3.12/site-packages/airflow/example_dags/example_dag_decorator.py took 0.455 seconds
[2024-07-13T01:41:28.115+0000] {processor.py:161} INFO - Started process (PID=1595) to work on /home/airflow/.local/lib/python3.12/site-packages/airflow/example_dags/example_dag_decorator.py
[2024-07-13T01:41:28.116+0000] {processor.py:830} INFO - Processing file /home/airflow/.local/lib/python3.12/site-packages/airflow/example_dags/example_dag_decorator.py for tasks to queue
[2024-07-13T01:41:28.118+0000] {logging_mixin.py:188} INFO - [2024-07-13T01:41:28.118+0000] {dagbag.py:545} INFO - Filling up the DagBag from /home/airflow/.local/lib/python3.12/site-packages/airflow/example_dags/example_dag_decorator.py
[2024-07-13T01:41:28.219+0000] {processor.py:840} INFO - DAG(s) 'example_dag_decorator' retrieved from /home/airflow/.local/lib/python3.12/site-packages/airflow/example_dags/example_dag_decorator.py
[2024-07-13T01:41:28.499+0000] {logging_mixin.py:188} INFO - [2024-07-13T01:41:28.499+0000] {dag.py:3096} INFO - Sync 1 DAGs
[2024-07-13T01:41:28.512+0000] {logging_mixin.py:188} INFO - [2024-07-13T01:41:28.512+0000] {dag.py:3954} INFO - Setting next_dagrun for example_dag_decorator to None, run_after=None
[2024-07-13T01:41:28.540+0000] {processor.py:183} INFO - Processing /home/airflow/.local/lib/python3.12/site-packages/airflow/example_dags/example_dag_decorator.py took 0.433 seconds
[2024-07-13T01:41:58.683+0000] {processor.py:161} INFO - Started process (PID=1653) to work on /home/airflow/.local/lib/python3.12/site-packages/airflow/example_dags/example_dag_decorator.py
[2024-07-13T01:41:58.684+0000] {processor.py:830} INFO - Processing file /home/airflow/.local/lib/python3.12/site-packages/airflow/example_dags/example_dag_decorator.py for tasks to queue
[2024-07-13T01:41:58.686+0000] {logging_mixin.py:188} INFO - [2024-07-13T01:41:58.686+0000] {dagbag.py:545} INFO - Filling up the DagBag from /home/airflow/.local/lib/python3.12/site-packages/airflow/example_dags/example_dag_decorator.py
[2024-07-13T01:41:58.941+0000] {processor.py:840} INFO - DAG(s) 'example_dag_decorator' retrieved from /home/airflow/.local/lib/python3.12/site-packages/airflow/example_dags/example_dag_decorator.py
[2024-07-13T01:41:59.051+0000] {logging_mixin.py:188} INFO - [2024-07-13T01:41:59.051+0000] {dag.py:3096} INFO - Sync 1 DAGs
[2024-07-13T01:41:59.063+0000] {logging_mixin.py:188} INFO - [2024-07-13T01:41:59.063+0000] {dag.py:3954} INFO - Setting next_dagrun for example_dag_decorator to None, run_after=None
[2024-07-13T01:41:59.085+0000] {processor.py:183} INFO - Processing /home/airflow/.local/lib/python3.12/site-packages/airflow/example_dags/example_dag_decorator.py took 0.409 seconds
[2024-07-13T01:42:29.761+0000] {processor.py:161} INFO - Started process (PID=1710) to work on /home/airflow/.local/lib/python3.12/site-packages/airflow/example_dags/example_dag_decorator.py
[2024-07-13T01:42:29.762+0000] {processor.py:830} INFO - Processing file /home/airflow/.local/lib/python3.12/site-packages/airflow/example_dags/example_dag_decorator.py for tasks to queue
[2024-07-13T01:42:29.764+0000] {logging_mixin.py:188} INFO - [2024-07-13T01:42:29.764+0000] {dagbag.py:545} INFO - Filling up the DagBag from /home/airflow/.local/lib/python3.12/site-packages/airflow/example_dags/example_dag_decorator.py
[2024-07-13T01:42:30.049+0000] {processor.py:840} INFO - DAG(s) 'example_dag_decorator' retrieved from /home/airflow/.local/lib/python3.12/site-packages/airflow/example_dags/example_dag_decorator.py
[2024-07-13T01:42:30.175+0000] {logging_mixin.py:188} INFO - [2024-07-13T01:42:30.175+0000] {dag.py:3096} INFO - Sync 1 DAGs
[2024-07-13T01:42:30.188+0000] {logging_mixin.py:188} INFO - [2024-07-13T01:42:30.188+0000] {dag.py:3954} INFO - Setting next_dagrun for example_dag_decorator to None, run_after=None
[2024-07-13T01:42:30.212+0000] {processor.py:183} INFO - Processing /home/airflow/.local/lib/python3.12/site-packages/airflow/example_dags/example_dag_decorator.py took 0.458 seconds
[2024-07-13T01:43:00.407+0000] {processor.py:161} INFO - Started process (PID=1768) to work on /home/airflow/.local/lib/python3.12/site-packages/airflow/example_dags/example_dag_decorator.py
[2024-07-13T01:43:00.414+0000] {processor.py:830} INFO - Processing file /home/airflow/.local/lib/python3.12/site-packages/airflow/example_dags/example_dag_decorator.py for tasks to queue
[2024-07-13T01:43:00.416+0000] {logging_mixin.py:188} INFO - [2024-07-13T01:43:00.416+0000] {dagbag.py:545} INFO - Filling up the DagBag from /home/airflow/.local/lib/python3.12/site-packages/airflow/example_dags/example_dag_decorator.py
[2024-07-13T01:43:00.777+0000] {processor.py:840} INFO - DAG(s) 'example_dag_decorator' retrieved from /home/airflow/.local/lib/python3.12/site-packages/airflow/example_dags/example_dag_decorator.py
[2024-07-13T01:43:00.812+0000] {logging_mixin.py:188} INFO - [2024-07-13T01:43:00.811+0000] {dag.py:3096} INFO - Sync 1 DAGs
[2024-07-13T01:43:00.836+0000] {logging_mixin.py:188} INFO - [2024-07-13T01:43:00.836+0000] {dag.py:3954} INFO - Setting next_dagrun for example_dag_decorator to None, run_after=None
[2024-07-13T01:43:00.864+0000] {processor.py:183} INFO - Processing /home/airflow/.local/lib/python3.12/site-packages/airflow/example_dags/example_dag_decorator.py took 0.464 seconds
[2024-07-13T01:43:31.747+0000] {processor.py:161} INFO - Started process (PID=1826) to work on /home/airflow/.local/lib/python3.12/site-packages/airflow/example_dags/example_dag_decorator.py
[2024-07-13T01:43:31.748+0000] {processor.py:830} INFO - Processing file /home/airflow/.local/lib/python3.12/site-packages/airflow/example_dags/example_dag_decorator.py for tasks to queue
[2024-07-13T01:43:31.750+0000] {logging_mixin.py:188} INFO - [2024-07-13T01:43:31.750+0000] {dagbag.py:545} INFO - Filling up the DagBag from /home/airflow/.local/lib/python3.12/site-packages/airflow/example_dags/example_dag_decorator.py
[2024-07-13T01:43:32.161+0000] {processor.py:840} INFO - DAG(s) 'example_dag_decorator' retrieved from /home/airflow/.local/lib/python3.12/site-packages/airflow/example_dags/example_dag_decorator.py
[2024-07-13T01:43:32.259+0000] {logging_mixin.py:188} INFO - [2024-07-13T01:43:32.258+0000] {dag.py:3096} INFO - Sync 1 DAGs
[2024-07-13T01:43:34.148+0000] {logging_mixin.py:188} WARNING - Exception ignored in: <function WeakKeyDictionary.__init__.<locals>.remove at 0x7fe1fc890ae0>
[2024-07-13T01:43:34.148+0000] {logging_mixin.py:188} WARNING - Traceback (most recent call last):
[2024-07-13T01:43:34.148+0000] {logging_mixin.py:188} WARNING -   File "/usr/local/lib/python3.12/weakref.py", line 369, in remove
[2024-07-13T01:43:34.149+0000] {logging_mixin.py:188} WARNING -     def remove(k, selfref=ref(self)):
[2024-07-13T01:43:34.149+0000] {logging_mixin.py:188} WARNING -   File "/home/airflow/.local/lib/python3.12/site-packages/airflow/dag_processing/manager.py", line 453, in _exit_gracefully
[2024-07-13T01:43:34.149+0000] {logging_mixin.py:188} WARNING -     self.log.debug("Current Stacktrace is: %s", "\n".join(map(str, inspect.stack())))
[2024-07-13T01:43:34.150+0000] {logging_mixin.py:188} WARNING -                                                                    ^^^^^^^^^^^^^^^
[2024-07-13T01:43:34.150+0000] {logging_mixin.py:188} WARNING -   File "/usr/local/lib/python3.12/inspect.py", line 1770, in stack
[2024-07-13T01:43:34.152+0000] {logging_mixin.py:188} WARNING -     return getouterframes(sys._getframe(1), context)
[2024-07-13T01:43:34.153+0000] {logging_mixin.py:188} WARNING -            ^^^^^^^^^^^^^^^^^^^^^^^^^^^^^^^^^^^^^^^^^
[2024-07-13T01:43:34.153+0000] {logging_mixin.py:188} WARNING -   File "/usr/local/lib/python3.12/inspect.py", line 1745, in getouterframes
[2024-07-13T01:43:34.155+0000] {logging_mixin.py:188} WARNING -     traceback_info = getframeinfo(frame, context)
[2024-07-13T01:43:34.155+0000] {logging_mixin.py:188} WARNING -                      ^^^^^^^^^^^^^^^^^^^^^^^^^^^^
[2024-07-13T01:43:34.155+0000] {logging_mixin.py:188} WARNING -   File "/usr/local/lib/python3.12/inspect.py", line 1707, in getframeinfo
[2024-07-13T01:43:34.162+0000] {logging_mixin.py:188} WARNING -     lines, lnum = findsource(frame)
[2024-07-13T01:43:34.162+0000] {logging_mixin.py:188} WARNING -                   ^^^^^^^^^^^^^^^^^
[2024-07-13T01:43:34.162+0000] {logging_mixin.py:188} WARNING -   File "/usr/local/lib/python3.12/inspect.py", line 1083, in findsource
[2024-07-13T01:43:34.172+0000] {logging_mixin.py:188} WARNING -     module = getmodule(object, file)
[2024-07-13T01:43:34.172+0000] {logging_mixin.py:188} WARNING -              ^^^^^^^^^^^^^^^^^^^^^^^
[2024-07-13T01:43:34.173+0000] {logging_mixin.py:188} WARNING -   File "/usr/local/lib/python3.12/inspect.py", line 1009, in getmodule
[2024-07-13T01:43:34.182+0000] {logging_mixin.py:188} WARNING -     os.path.realpath(f)] = module.__name__
[2024-07-13T01:43:34.183+0000] {logging_mixin.py:188} WARNING -     ^^^^^^^^^^^^^^^^^^^
[2024-07-13T01:43:34.183+0000] {logging_mixin.py:188} WARNING -   File "<frozen posixpath>", line 435, in realpath
[2024-07-13T01:43:34.183+0000] {logging_mixin.py:188} WARNING -   File "<frozen posixpath>", line 468, in _joinrealpath
[2024-07-13T01:43:34.183+0000] {logging_mixin.py:188} WARNING -   File "<frozen posixpath>", line 88, in join
[2024-07-13T01:43:34.183+0000] {logging_mixin.py:188} WARNING -   File "/home/airflow/.local/lib/python3.12/site-packages/airflow/dag_processing/manager.py", line 453, in _exit_gracefully
[2024-07-13T01:43:34.184+0000] {logging_mixin.py:188} WARNING -     self.log.debug("Current Stacktrace is: %s", "\n".join(map(str, inspect.stack())))
[2024-07-13T01:43:34.185+0000] {logging_mixin.py:188} WARNING -                                                                    ^^^^^^^^^^^^^^^
[2024-07-13T01:43:34.185+0000] {logging_mixin.py:188} WARNING -   File "/usr/local/lib/python3.12/inspect.py", line 1770, in stack
[2024-07-13T01:43:34.186+0000] {logging_mixin.py:188} WARNING -     return getouterframes(sys._getframe(1), context)
[2024-07-13T01:43:34.186+0000] {logging_mixin.py:188} WARNING -            ^^^^^^^^^^^^^^^^^^^^^^^^^^^^^^^^^^^^^^^^^
[2024-07-13T01:43:34.186+0000] {logging_mixin.py:188} WARNING -   File "/usr/local/lib/python3.12/inspect.py", line 1745, in getouterframes
[2024-07-13T01:43:34.187+0000] {logging_mixin.py:188} WARNING -     traceback_info = getframeinfo(frame, context)
[2024-07-13T01:43:34.187+0000] {logging_mixin.py:188} WARNING -                      ^^^^^^^^^^^^^^^^^^^^^^^^^^^^
[2024-07-13T01:43:34.188+0000] {logging_mixin.py:188} WARNING -   File "/usr/local/lib/python3.12/inspect.py", line 1707, in getframeinfo
[2024-07-13T01:43:34.190+0000] {logging_mixin.py:188} WARNING -     lines, lnum = findsource(frame)
[2024-07-13T01:43:34.190+0000] {logging_mixin.py:188} WARNING -                   ^^^^^^^^^^^^^^^^^
[2024-07-13T01:43:34.192+0000] {logging_mixin.py:188} WARNING -   File "/usr/local/lib/python3.12/inspect.py", line 1083, in findsource
[2024-07-13T01:43:34.195+0000] {logging_mixin.py:188} WARNING -     module = getmodule(object, file)
[2024-07-13T01:43:34.195+0000] {logging_mixin.py:188} WARNING -              ^^^^^^^^^^^^^^^^^^^^^^^
[2024-07-13T01:43:34.195+0000] {logging_mixin.py:188} WARNING -   File "/usr/local/lib/python3.12/inspect.py", line 1000, in getmodule
[2024-07-13T01:43:34.196+0000] {logging_mixin.py:188} WARNING -     if ismodule(module) and hasattr(module, '__file__'):
[2024-07-13T01:43:34.196+0000] {logging_mixin.py:188} WARNING -                             ^^^^^^^^^^^^^^^^^^^^^^^^^^^
[2024-07-13T01:43:34.196+0000] {logging_mixin.py:188} WARNING -   File "/home/airflow/.local/lib/python3.12/site-packages/airflow/dag_processing/manager.py", line 457, in _exit_gracefully
[2024-07-13T01:43:34.197+0000] {logging_mixin.py:188} WARNING -     sys.exit(os.EX_OK)
[2024-07-13T01:43:34.197+0000] {logging_mixin.py:188} WARNING - SystemExit: 0
[2024-07-13T01:43:34.246+0000] {logging_mixin.py:188} INFO - [2024-07-13T01:43:34.246+0000] {dag.py:3954} INFO - Setting next_dagrun for example_dag_decorator to None, run_after=None
[2024-07-13T01:43:34.369+0000] {processor.py:183} INFO - Processing /home/airflow/.local/lib/python3.12/site-packages/airflow/example_dags/example_dag_decorator.py took 2.640 seconds
