[2024-07-13T01:28:04.713+0000] {processor.py:161} INFO - Started process (PID=42) to work on /home/airflow/.local/lib/python3.12/site-packages/airflow/example_dags/example_branch_operator.py
[2024-07-13T01:28:04.714+0000] {processor.py:830} INFO - Processing file /home/airflow/.local/lib/python3.12/site-packages/airflow/example_dags/example_branch_operator.py for tasks to queue
[2024-07-13T01:28:04.727+0000] {logging_mixin.py:188} INFO - [2024-07-13T01:28:04.727+0000] {dagbag.py:545} INFO - Filling up the DagBag from /home/airflow/.local/lib/python3.12/site-packages/airflow/example_dags/example_branch_operator.py
[2024-07-13T01:28:05.064+0000] {processor.py:840} INFO - DAG(s) 'example_branch_operator' retrieved from /home/airflow/.local/lib/python3.12/site-packages/airflow/example_dags/example_branch_operator.py
[2024-07-13T01:28:06.197+0000] {logging_mixin.py:188} INFO - [2024-07-13T01:28:06.196+0000] {dag.py:3096} INFO - Sync 1 DAGs
[2024-07-13T01:28:06.379+0000] {logging_mixin.py:188} INFO - [2024-07-13T01:28:06.379+0000] {dag.py:3954} INFO - Setting next_dagrun for example_branch_operator to 2024-07-12 00:00:00+00:00, run_after=2024-07-13 00:00:00+00:00
[2024-07-13T01:28:06.523+0000] {processor.py:183} INFO - Processing /home/airflow/.local/lib/python3.12/site-packages/airflow/example_dags/example_branch_operator.py took 1.845 seconds
[2024-07-13T01:28:37.430+0000] {processor.py:161} INFO - Started process (PID=99) to work on /home/airflow/.local/lib/python3.12/site-packages/airflow/example_dags/example_branch_operator.py
[2024-07-13T01:28:37.438+0000] {processor.py:830} INFO - Processing file /home/airflow/.local/lib/python3.12/site-packages/airflow/example_dags/example_branch_operator.py for tasks to queue
[2024-07-13T01:28:37.440+0000] {logging_mixin.py:188} INFO - [2024-07-13T01:28:37.440+0000] {dagbag.py:545} INFO - Filling up the DagBag from /home/airflow/.local/lib/python3.12/site-packages/airflow/example_dags/example_branch_operator.py
[2024-07-13T01:28:37.461+0000] {processor.py:840} INFO - DAG(s) 'example_branch_operator' retrieved from /home/airflow/.local/lib/python3.12/site-packages/airflow/example_dags/example_branch_operator.py
[2024-07-13T01:28:37.495+0000] {logging_mixin.py:188} INFO - [2024-07-13T01:28:37.495+0000] {dag.py:3096} INFO - Sync 1 DAGs
[2024-07-13T01:28:37.527+0000] {logging_mixin.py:188} INFO - [2024-07-13T01:28:37.527+0000] {dag.py:3954} INFO - Setting next_dagrun for example_branch_operator to 2024-07-12 00:00:00+00:00, run_after=2024-07-13 00:00:00+00:00
[2024-07-13T01:28:37.549+0000] {processor.py:183} INFO - Processing /home/airflow/.local/lib/python3.12/site-packages/airflow/example_dags/example_branch_operator.py took 0.125 seconds
[2024-07-13T01:29:08.473+0000] {processor.py:161} INFO - Started process (PID=157) to work on /home/airflow/.local/lib/python3.12/site-packages/airflow/example_dags/example_branch_operator.py
[2024-07-13T01:29:08.486+0000] {processor.py:830} INFO - Processing file /home/airflow/.local/lib/python3.12/site-packages/airflow/example_dags/example_branch_operator.py for tasks to queue
[2024-07-13T01:29:08.498+0000] {logging_mixin.py:188} INFO - [2024-07-13T01:29:08.497+0000] {dagbag.py:545} INFO - Filling up the DagBag from /home/airflow/.local/lib/python3.12/site-packages/airflow/example_dags/example_branch_operator.py
[2024-07-13T01:29:08.540+0000] {processor.py:840} INFO - DAG(s) 'example_branch_operator' retrieved from /home/airflow/.local/lib/python3.12/site-packages/airflow/example_dags/example_branch_operator.py
[2024-07-13T01:29:08.609+0000] {logging_mixin.py:188} INFO - [2024-07-13T01:29:08.609+0000] {dag.py:3096} INFO - Sync 1 DAGs
[2024-07-13T01:29:08.644+0000] {logging_mixin.py:188} INFO - [2024-07-13T01:29:08.644+0000] {dag.py:3954} INFO - Setting next_dagrun for example_branch_operator to 2024-07-12 00:00:00+00:00, run_after=2024-07-13 00:00:00+00:00
[2024-07-13T01:29:08.672+0000] {processor.py:183} INFO - Processing /home/airflow/.local/lib/python3.12/site-packages/airflow/example_dags/example_branch_operator.py took 0.218 seconds
[2024-07-13T01:29:38.798+0000] {processor.py:161} INFO - Started process (PID=215) to work on /home/airflow/.local/lib/python3.12/site-packages/airflow/example_dags/example_branch_operator.py
[2024-07-13T01:29:38.799+0000] {processor.py:830} INFO - Processing file /home/airflow/.local/lib/python3.12/site-packages/airflow/example_dags/example_branch_operator.py for tasks to queue
[2024-07-13T01:29:38.802+0000] {logging_mixin.py:188} INFO - [2024-07-13T01:29:38.801+0000] {dagbag.py:545} INFO - Filling up the DagBag from /home/airflow/.local/lib/python3.12/site-packages/airflow/example_dags/example_branch_operator.py
[2024-07-13T01:29:38.823+0000] {processor.py:840} INFO - DAG(s) 'example_branch_operator' retrieved from /home/airflow/.local/lib/python3.12/site-packages/airflow/example_dags/example_branch_operator.py
[2024-07-13T01:29:38.868+0000] {logging_mixin.py:188} INFO - [2024-07-13T01:29:38.868+0000] {dag.py:3096} INFO - Sync 1 DAGs
[2024-07-13T01:29:38.900+0000] {logging_mixin.py:188} INFO - [2024-07-13T01:29:38.899+0000] {dag.py:3954} INFO - Setting next_dagrun for example_branch_operator to 2024-07-12 00:00:00+00:00, run_after=2024-07-13 00:00:00+00:00
[2024-07-13T01:29:38.930+0000] {processor.py:183} INFO - Processing /home/airflow/.local/lib/python3.12/site-packages/airflow/example_dags/example_branch_operator.py took 0.139 seconds
[2024-07-13T01:30:09.067+0000] {processor.py:161} INFO - Started process (PID=272) to work on /home/airflow/.local/lib/python3.12/site-packages/airflow/example_dags/example_branch_operator.py
[2024-07-13T01:30:09.069+0000] {processor.py:830} INFO - Processing file /home/airflow/.local/lib/python3.12/site-packages/airflow/example_dags/example_branch_operator.py for tasks to queue
[2024-07-13T01:30:09.071+0000] {logging_mixin.py:188} INFO - [2024-07-13T01:30:09.070+0000] {dagbag.py:545} INFO - Filling up the DagBag from /home/airflow/.local/lib/python3.12/site-packages/airflow/example_dags/example_branch_operator.py
[2024-07-13T01:30:09.090+0000] {processor.py:840} INFO - DAG(s) 'example_branch_operator' retrieved from /home/airflow/.local/lib/python3.12/site-packages/airflow/example_dags/example_branch_operator.py
[2024-07-13T01:30:09.123+0000] {logging_mixin.py:188} INFO - [2024-07-13T01:30:09.123+0000] {dag.py:3096} INFO - Sync 1 DAGs
[2024-07-13T01:30:09.154+0000] {logging_mixin.py:188} INFO - [2024-07-13T01:30:09.154+0000] {dag.py:3954} INFO - Setting next_dagrun for example_branch_operator to 2024-07-12 00:00:00+00:00, run_after=2024-07-13 00:00:00+00:00
[2024-07-13T01:30:09.198+0000] {processor.py:183} INFO - Processing /home/airflow/.local/lib/python3.12/site-packages/airflow/example_dags/example_branch_operator.py took 0.138 seconds
[2024-07-13T01:30:39.490+0000] {processor.py:161} INFO - Started process (PID=330) to work on /home/airflow/.local/lib/python3.12/site-packages/airflow/example_dags/example_branch_operator.py
[2024-07-13T01:30:39.491+0000] {processor.py:830} INFO - Processing file /home/airflow/.local/lib/python3.12/site-packages/airflow/example_dags/example_branch_operator.py for tasks to queue
[2024-07-13T01:30:39.493+0000] {logging_mixin.py:188} INFO - [2024-07-13T01:30:39.493+0000] {dagbag.py:545} INFO - Filling up the DagBag from /home/airflow/.local/lib/python3.12/site-packages/airflow/example_dags/example_branch_operator.py
[2024-07-13T01:30:39.513+0000] {processor.py:840} INFO - DAG(s) 'example_branch_operator' retrieved from /home/airflow/.local/lib/python3.12/site-packages/airflow/example_dags/example_branch_operator.py
[2024-07-13T01:30:39.549+0000] {logging_mixin.py:188} INFO - [2024-07-13T01:30:39.549+0000] {dag.py:3096} INFO - Sync 1 DAGs
[2024-07-13T01:30:39.595+0000] {logging_mixin.py:188} INFO - [2024-07-13T01:30:39.595+0000] {dag.py:3954} INFO - Setting next_dagrun for example_branch_operator to 2024-07-12 00:00:00+00:00, run_after=2024-07-13 00:00:00+00:00
[2024-07-13T01:30:39.672+0000] {processor.py:183} INFO - Processing /home/airflow/.local/lib/python3.12/site-packages/airflow/example_dags/example_branch_operator.py took 0.189 seconds
[2024-07-13T01:31:09.874+0000] {processor.py:161} INFO - Started process (PID=388) to work on /home/airflow/.local/lib/python3.12/site-packages/airflow/example_dags/example_branch_operator.py
[2024-07-13T01:31:09.879+0000] {processor.py:830} INFO - Processing file /home/airflow/.local/lib/python3.12/site-packages/airflow/example_dags/example_branch_operator.py for tasks to queue
[2024-07-13T01:31:09.881+0000] {logging_mixin.py:188} INFO - [2024-07-13T01:31:09.881+0000] {dagbag.py:545} INFO - Filling up the DagBag from /home/airflow/.local/lib/python3.12/site-packages/airflow/example_dags/example_branch_operator.py
[2024-07-13T01:31:09.902+0000] {processor.py:840} INFO - DAG(s) 'example_branch_operator' retrieved from /home/airflow/.local/lib/python3.12/site-packages/airflow/example_dags/example_branch_operator.py
[2024-07-13T01:31:09.942+0000] {logging_mixin.py:188} INFO - [2024-07-13T01:31:09.942+0000] {dag.py:3096} INFO - Sync 1 DAGs
[2024-07-13T01:31:09.979+0000] {logging_mixin.py:188} INFO - [2024-07-13T01:31:09.979+0000] {dag.py:3954} INFO - Setting next_dagrun for example_branch_operator to 2024-07-12 00:00:00+00:00, run_after=2024-07-13 00:00:00+00:00
[2024-07-13T01:31:10.004+0000] {processor.py:183} INFO - Processing /home/airflow/.local/lib/python3.12/site-packages/airflow/example_dags/example_branch_operator.py took 0.136 seconds
[2024-07-13T01:31:40.550+0000] {processor.py:161} INFO - Started process (PID=446) to work on /home/airflow/.local/lib/python3.12/site-packages/airflow/example_dags/example_branch_operator.py
[2024-07-13T01:31:40.550+0000] {processor.py:830} INFO - Processing file /home/airflow/.local/lib/python3.12/site-packages/airflow/example_dags/example_branch_operator.py for tasks to queue
[2024-07-13T01:31:40.552+0000] {logging_mixin.py:188} INFO - [2024-07-13T01:31:40.552+0000] {dagbag.py:545} INFO - Filling up the DagBag from /home/airflow/.local/lib/python3.12/site-packages/airflow/example_dags/example_branch_operator.py
[2024-07-13T01:31:40.575+0000] {processor.py:840} INFO - DAG(s) 'example_branch_operator' retrieved from /home/airflow/.local/lib/python3.12/site-packages/airflow/example_dags/example_branch_operator.py
[2024-07-13T01:31:40.610+0000] {logging_mixin.py:188} INFO - [2024-07-13T01:31:40.609+0000] {dag.py:3096} INFO - Sync 1 DAGs
[2024-07-13T01:31:40.639+0000] {logging_mixin.py:188} INFO - [2024-07-13T01:31:40.639+0000] {dag.py:3954} INFO - Setting next_dagrun for example_branch_operator to 2024-07-12 00:00:00+00:00, run_after=2024-07-13 00:00:00+00:00
[2024-07-13T01:31:40.665+0000] {processor.py:183} INFO - Processing /home/airflow/.local/lib/python3.12/site-packages/airflow/example_dags/example_branch_operator.py took 0.122 seconds
[2024-07-13T01:32:10.723+0000] {processor.py:161} INFO - Started process (PID=505) to work on /home/airflow/.local/lib/python3.12/site-packages/airflow/example_dags/example_branch_operator.py
[2024-07-13T01:32:10.732+0000] {processor.py:830} INFO - Processing file /home/airflow/.local/lib/python3.12/site-packages/airflow/example_dags/example_branch_operator.py for tasks to queue
[2024-07-13T01:32:10.744+0000] {logging_mixin.py:188} INFO - [2024-07-13T01:32:10.744+0000] {dagbag.py:545} INFO - Filling up the DagBag from /home/airflow/.local/lib/python3.12/site-packages/airflow/example_dags/example_branch_operator.py
[2024-07-13T01:32:10.777+0000] {processor.py:840} INFO - DAG(s) 'example_branch_operator' retrieved from /home/airflow/.local/lib/python3.12/site-packages/airflow/example_dags/example_branch_operator.py
[2024-07-13T01:32:10.816+0000] {logging_mixin.py:188} INFO - [2024-07-13T01:32:10.816+0000] {dag.py:3096} INFO - Sync 1 DAGs
[2024-07-13T01:32:10.843+0000] {logging_mixin.py:188} INFO - [2024-07-13T01:32:10.843+0000] {dag.py:3954} INFO - Setting next_dagrun for example_branch_operator to 2024-07-12 00:00:00+00:00, run_after=2024-07-13 00:00:00+00:00
[2024-07-13T01:32:10.868+0000] {processor.py:183} INFO - Processing /home/airflow/.local/lib/python3.12/site-packages/airflow/example_dags/example_branch_operator.py took 0.156 seconds
[2024-07-13T01:32:41.045+0000] {processor.py:161} INFO - Started process (PID=564) to work on /home/airflow/.local/lib/python3.12/site-packages/airflow/example_dags/example_branch_operator.py
[2024-07-13T01:32:41.046+0000] {processor.py:830} INFO - Processing file /home/airflow/.local/lib/python3.12/site-packages/airflow/example_dags/example_branch_operator.py for tasks to queue
[2024-07-13T01:32:41.049+0000] {logging_mixin.py:188} INFO - [2024-07-13T01:32:41.048+0000] {dagbag.py:545} INFO - Filling up the DagBag from /home/airflow/.local/lib/python3.12/site-packages/airflow/example_dags/example_branch_operator.py
[2024-07-13T01:32:41.074+0000] {processor.py:840} INFO - DAG(s) 'example_branch_operator' retrieved from /home/airflow/.local/lib/python3.12/site-packages/airflow/example_dags/example_branch_operator.py
[2024-07-13T01:32:41.117+0000] {logging_mixin.py:188} INFO - [2024-07-13T01:32:41.116+0000] {dag.py:3096} INFO - Sync 1 DAGs
[2024-07-13T01:32:41.144+0000] {logging_mixin.py:188} INFO - [2024-07-13T01:32:41.144+0000] {dag.py:3954} INFO - Setting next_dagrun for example_branch_operator to 2024-07-12 00:00:00+00:00, run_after=2024-07-13 00:00:00+00:00
[2024-07-13T01:32:41.174+0000] {processor.py:183} INFO - Processing /home/airflow/.local/lib/python3.12/site-packages/airflow/example_dags/example_branch_operator.py took 0.140 seconds
[2024-07-13T01:33:11.280+0000] {processor.py:161} INFO - Started process (PID=622) to work on /home/airflow/.local/lib/python3.12/site-packages/airflow/example_dags/example_branch_operator.py
[2024-07-13T01:33:11.281+0000] {processor.py:830} INFO - Processing file /home/airflow/.local/lib/python3.12/site-packages/airflow/example_dags/example_branch_operator.py for tasks to queue
[2024-07-13T01:33:11.284+0000] {logging_mixin.py:188} INFO - [2024-07-13T01:33:11.283+0000] {dagbag.py:545} INFO - Filling up the DagBag from /home/airflow/.local/lib/python3.12/site-packages/airflow/example_dags/example_branch_operator.py
[2024-07-13T01:33:11.324+0000] {processor.py:840} INFO - DAG(s) 'example_branch_operator' retrieved from /home/airflow/.local/lib/python3.12/site-packages/airflow/example_dags/example_branch_operator.py
[2024-07-13T01:33:11.419+0000] {logging_mixin.py:188} INFO - [2024-07-13T01:33:11.419+0000] {dag.py:3096} INFO - Sync 1 DAGs
[2024-07-13T01:33:11.488+0000] {logging_mixin.py:188} INFO - [2024-07-13T01:33:11.488+0000] {dag.py:3954} INFO - Setting next_dagrun for example_branch_operator to 2024-07-12 00:00:00+00:00, run_after=2024-07-13 00:00:00+00:00
[2024-07-13T01:33:11.530+0000] {processor.py:183} INFO - Processing /home/airflow/.local/lib/python3.12/site-packages/airflow/example_dags/example_branch_operator.py took 0.262 seconds
[2024-07-13T01:33:41.738+0000] {processor.py:161} INFO - Started process (PID=681) to work on /home/airflow/.local/lib/python3.12/site-packages/airflow/example_dags/example_branch_operator.py
[2024-07-13T01:33:41.740+0000] {processor.py:830} INFO - Processing file /home/airflow/.local/lib/python3.12/site-packages/airflow/example_dags/example_branch_operator.py for tasks to queue
[2024-07-13T01:33:41.742+0000] {logging_mixin.py:188} INFO - [2024-07-13T01:33:41.741+0000] {dagbag.py:545} INFO - Filling up the DagBag from /home/airflow/.local/lib/python3.12/site-packages/airflow/example_dags/example_branch_operator.py
[2024-07-13T01:33:41.763+0000] {processor.py:840} INFO - DAG(s) 'example_branch_operator' retrieved from /home/airflow/.local/lib/python3.12/site-packages/airflow/example_dags/example_branch_operator.py
[2024-07-13T01:33:41.802+0000] {logging_mixin.py:188} INFO - [2024-07-13T01:33:41.802+0000] {dag.py:3096} INFO - Sync 1 DAGs
[2024-07-13T01:33:41.830+0000] {logging_mixin.py:188} INFO - [2024-07-13T01:33:41.829+0000] {dag.py:3954} INFO - Setting next_dagrun for example_branch_operator to 2024-07-12 00:00:00+00:00, run_after=2024-07-13 00:00:00+00:00
[2024-07-13T01:33:41.853+0000] {processor.py:183} INFO - Processing /home/airflow/.local/lib/python3.12/site-packages/airflow/example_dags/example_branch_operator.py took 0.123 seconds
[2024-07-13T01:34:12.057+0000] {processor.py:161} INFO - Started process (PID=739) to work on /home/airflow/.local/lib/python3.12/site-packages/airflow/example_dags/example_branch_operator.py
[2024-07-13T01:34:12.058+0000] {processor.py:830} INFO - Processing file /home/airflow/.local/lib/python3.12/site-packages/airflow/example_dags/example_branch_operator.py for tasks to queue
[2024-07-13T01:34:12.061+0000] {logging_mixin.py:188} INFO - [2024-07-13T01:34:12.060+0000] {dagbag.py:545} INFO - Filling up the DagBag from /home/airflow/.local/lib/python3.12/site-packages/airflow/example_dags/example_branch_operator.py
[2024-07-13T01:34:12.080+0000] {processor.py:840} INFO - DAG(s) 'example_branch_operator' retrieved from /home/airflow/.local/lib/python3.12/site-packages/airflow/example_dags/example_branch_operator.py
[2024-07-13T01:34:12.115+0000] {logging_mixin.py:188} INFO - [2024-07-13T01:34:12.115+0000] {dag.py:3096} INFO - Sync 1 DAGs
[2024-07-13T01:34:12.144+0000] {logging_mixin.py:188} INFO - [2024-07-13T01:34:12.144+0000] {dag.py:3954} INFO - Setting next_dagrun for example_branch_operator to 2024-07-12 00:00:00+00:00, run_after=2024-07-13 00:00:00+00:00
[2024-07-13T01:34:12.169+0000] {processor.py:183} INFO - Processing /home/airflow/.local/lib/python3.12/site-packages/airflow/example_dags/example_branch_operator.py took 0.119 seconds
[2024-07-13T01:34:42.387+0000] {processor.py:161} INFO - Started process (PID=797) to work on /home/airflow/.local/lib/python3.12/site-packages/airflow/example_dags/example_branch_operator.py
[2024-07-13T01:34:42.388+0000] {processor.py:830} INFO - Processing file /home/airflow/.local/lib/python3.12/site-packages/airflow/example_dags/example_branch_operator.py for tasks to queue
[2024-07-13T01:34:42.390+0000] {logging_mixin.py:188} INFO - [2024-07-13T01:34:42.390+0000] {dagbag.py:545} INFO - Filling up the DagBag from /home/airflow/.local/lib/python3.12/site-packages/airflow/example_dags/example_branch_operator.py
[2024-07-13T01:34:42.412+0000] {processor.py:840} INFO - DAG(s) 'example_branch_operator' retrieved from /home/airflow/.local/lib/python3.12/site-packages/airflow/example_dags/example_branch_operator.py
[2024-07-13T01:34:42.450+0000] {logging_mixin.py:188} INFO - [2024-07-13T01:34:42.450+0000] {dag.py:3096} INFO - Sync 1 DAGs
[2024-07-13T01:34:42.485+0000] {logging_mixin.py:188} INFO - [2024-07-13T01:34:42.485+0000] {dag.py:3954} INFO - Setting next_dagrun for example_branch_operator to 2024-07-12 00:00:00+00:00, run_after=2024-07-13 00:00:00+00:00
[2024-07-13T01:34:42.512+0000] {processor.py:183} INFO - Processing /home/airflow/.local/lib/python3.12/site-packages/airflow/example_dags/example_branch_operator.py took 0.134 seconds
[2024-07-13T01:35:12.826+0000] {processor.py:161} INFO - Started process (PID=855) to work on /home/airflow/.local/lib/python3.12/site-packages/airflow/example_dags/example_branch_operator.py
[2024-07-13T01:35:12.827+0000] {processor.py:830} INFO - Processing file /home/airflow/.local/lib/python3.12/site-packages/airflow/example_dags/example_branch_operator.py for tasks to queue
[2024-07-13T01:35:12.829+0000] {logging_mixin.py:188} INFO - [2024-07-13T01:35:12.828+0000] {dagbag.py:545} INFO - Filling up the DagBag from /home/airflow/.local/lib/python3.12/site-packages/airflow/example_dags/example_branch_operator.py
[2024-07-13T01:35:12.850+0000] {processor.py:840} INFO - DAG(s) 'example_branch_operator' retrieved from /home/airflow/.local/lib/python3.12/site-packages/airflow/example_dags/example_branch_operator.py
[2024-07-13T01:35:12.885+0000] {logging_mixin.py:188} INFO - [2024-07-13T01:35:12.885+0000] {dag.py:3096} INFO - Sync 1 DAGs
[2024-07-13T01:35:12.921+0000] {logging_mixin.py:188} INFO - [2024-07-13T01:35:12.920+0000] {dag.py:3954} INFO - Setting next_dagrun for example_branch_operator to 2024-07-12 00:00:00+00:00, run_after=2024-07-13 00:00:00+00:00
[2024-07-13T01:35:12.951+0000] {processor.py:183} INFO - Processing /home/airflow/.local/lib/python3.12/site-packages/airflow/example_dags/example_branch_operator.py took 0.133 seconds
[2024-07-13T01:35:43.142+0000] {processor.py:161} INFO - Started process (PID=913) to work on /home/airflow/.local/lib/python3.12/site-packages/airflow/example_dags/example_branch_operator.py
[2024-07-13T01:35:43.156+0000] {processor.py:830} INFO - Processing file /home/airflow/.local/lib/python3.12/site-packages/airflow/example_dags/example_branch_operator.py for tasks to queue
[2024-07-13T01:35:43.159+0000] {logging_mixin.py:188} INFO - [2024-07-13T01:35:43.158+0000] {dagbag.py:545} INFO - Filling up the DagBag from /home/airflow/.local/lib/python3.12/site-packages/airflow/example_dags/example_branch_operator.py
[2024-07-13T01:35:43.189+0000] {processor.py:840} INFO - DAG(s) 'example_branch_operator' retrieved from /home/airflow/.local/lib/python3.12/site-packages/airflow/example_dags/example_branch_operator.py
[2024-07-13T01:35:43.264+0000] {logging_mixin.py:188} INFO - [2024-07-13T01:35:43.264+0000] {dag.py:3096} INFO - Sync 1 DAGs
[2024-07-13T01:35:43.341+0000] {logging_mixin.py:188} INFO - [2024-07-13T01:35:43.341+0000] {dag.py:3954} INFO - Setting next_dagrun for example_branch_operator to 2024-07-12 00:00:00+00:00, run_after=2024-07-13 00:00:00+00:00
[2024-07-13T01:35:43.429+0000] {processor.py:183} INFO - Processing /home/airflow/.local/lib/python3.12/site-packages/airflow/example_dags/example_branch_operator.py took 0.295 seconds
[2024-07-13T01:36:13.516+0000] {processor.py:161} INFO - Started process (PID=970) to work on /home/airflow/.local/lib/python3.12/site-packages/airflow/example_dags/example_branch_operator.py
[2024-07-13T01:36:13.517+0000] {processor.py:830} INFO - Processing file /home/airflow/.local/lib/python3.12/site-packages/airflow/example_dags/example_branch_operator.py for tasks to queue
[2024-07-13T01:36:13.519+0000] {logging_mixin.py:188} INFO - [2024-07-13T01:36:13.519+0000] {dagbag.py:545} INFO - Filling up the DagBag from /home/airflow/.local/lib/python3.12/site-packages/airflow/example_dags/example_branch_operator.py
[2024-07-13T01:36:13.539+0000] {processor.py:840} INFO - DAG(s) 'example_branch_operator' retrieved from /home/airflow/.local/lib/python3.12/site-packages/airflow/example_dags/example_branch_operator.py
[2024-07-13T01:36:13.574+0000] {logging_mixin.py:188} INFO - [2024-07-13T01:36:13.574+0000] {dag.py:3096} INFO - Sync 1 DAGs
[2024-07-13T01:36:13.603+0000] {logging_mixin.py:188} INFO - [2024-07-13T01:36:13.602+0000] {dag.py:3954} INFO - Setting next_dagrun for example_branch_operator to 2024-07-12 00:00:00+00:00, run_after=2024-07-13 00:00:00+00:00
[2024-07-13T01:36:13.631+0000] {processor.py:183} INFO - Processing /home/airflow/.local/lib/python3.12/site-packages/airflow/example_dags/example_branch_operator.py took 0.123 seconds
[2024-07-13T01:36:43.881+0000] {processor.py:161} INFO - Started process (PID=1028) to work on /home/airflow/.local/lib/python3.12/site-packages/airflow/example_dags/example_branch_operator.py
[2024-07-13T01:36:43.882+0000] {processor.py:830} INFO - Processing file /home/airflow/.local/lib/python3.12/site-packages/airflow/example_dags/example_branch_operator.py for tasks to queue
[2024-07-13T01:36:43.885+0000] {logging_mixin.py:188} INFO - [2024-07-13T01:36:43.885+0000] {dagbag.py:545} INFO - Filling up the DagBag from /home/airflow/.local/lib/python3.12/site-packages/airflow/example_dags/example_branch_operator.py
[2024-07-13T01:36:43.906+0000] {processor.py:840} INFO - DAG(s) 'example_branch_operator' retrieved from /home/airflow/.local/lib/python3.12/site-packages/airflow/example_dags/example_branch_operator.py
[2024-07-13T01:36:43.947+0000] {logging_mixin.py:188} INFO - [2024-07-13T01:36:43.946+0000] {dag.py:3096} INFO - Sync 1 DAGs
[2024-07-13T01:36:43.977+0000] {logging_mixin.py:188} INFO - [2024-07-13T01:36:43.977+0000] {dag.py:3954} INFO - Setting next_dagrun for example_branch_operator to 2024-07-12 00:00:00+00:00, run_after=2024-07-13 00:00:00+00:00
[2024-07-13T01:36:44.005+0000] {processor.py:183} INFO - Processing /home/airflow/.local/lib/python3.12/site-packages/airflow/example_dags/example_branch_operator.py took 0.132 seconds
[2024-07-13T01:37:14.293+0000] {processor.py:161} INFO - Started process (PID=1086) to work on /home/airflow/.local/lib/python3.12/site-packages/airflow/example_dags/example_branch_operator.py
[2024-07-13T01:37:14.294+0000] {processor.py:830} INFO - Processing file /home/airflow/.local/lib/python3.12/site-packages/airflow/example_dags/example_branch_operator.py for tasks to queue
[2024-07-13T01:37:14.296+0000] {logging_mixin.py:188} INFO - [2024-07-13T01:37:14.296+0000] {dagbag.py:545} INFO - Filling up the DagBag from /home/airflow/.local/lib/python3.12/site-packages/airflow/example_dags/example_branch_operator.py
[2024-07-13T01:37:14.317+0000] {processor.py:840} INFO - DAG(s) 'example_branch_operator' retrieved from /home/airflow/.local/lib/python3.12/site-packages/airflow/example_dags/example_branch_operator.py
[2024-07-13T01:37:14.354+0000] {logging_mixin.py:188} INFO - [2024-07-13T01:37:14.353+0000] {dag.py:3096} INFO - Sync 1 DAGs
[2024-07-13T01:37:14.383+0000] {logging_mixin.py:188} INFO - [2024-07-13T01:37:14.383+0000] {dag.py:3954} INFO - Setting next_dagrun for example_branch_operator to 2024-07-12 00:00:00+00:00, run_after=2024-07-13 00:00:00+00:00
[2024-07-13T01:37:14.410+0000] {processor.py:183} INFO - Processing /home/airflow/.local/lib/python3.12/site-packages/airflow/example_dags/example_branch_operator.py took 0.124 seconds
[2024-07-13T01:37:44.781+0000] {processor.py:161} INFO - Started process (PID=1145) to work on /home/airflow/.local/lib/python3.12/site-packages/airflow/example_dags/example_branch_operator.py
[2024-07-13T01:37:44.786+0000] {processor.py:830} INFO - Processing file /home/airflow/.local/lib/python3.12/site-packages/airflow/example_dags/example_branch_operator.py for tasks to queue
[2024-07-13T01:37:44.795+0000] {logging_mixin.py:188} INFO - [2024-07-13T01:37:44.794+0000] {dagbag.py:545} INFO - Filling up the DagBag from /home/airflow/.local/lib/python3.12/site-packages/airflow/example_dags/example_branch_operator.py
[2024-07-13T01:37:44.827+0000] {processor.py:840} INFO - DAG(s) 'example_branch_operator' retrieved from /home/airflow/.local/lib/python3.12/site-packages/airflow/example_dags/example_branch_operator.py
[2024-07-13T01:37:44.867+0000] {logging_mixin.py:188} INFO - [2024-07-13T01:37:44.867+0000] {dag.py:3096} INFO - Sync 1 DAGs
[2024-07-13T01:37:44.896+0000] {logging_mixin.py:188} INFO - [2024-07-13T01:37:44.896+0000] {dag.py:3954} INFO - Setting next_dagrun for example_branch_operator to 2024-07-12 00:00:00+00:00, run_after=2024-07-13 00:00:00+00:00
[2024-07-13T01:37:44.922+0000] {processor.py:183} INFO - Processing /home/airflow/.local/lib/python3.12/site-packages/airflow/example_dags/example_branch_operator.py took 0.149 seconds
[2024-07-13T01:38:15.093+0000] {processor.py:161} INFO - Started process (PID=1203) to work on /home/airflow/.local/lib/python3.12/site-packages/airflow/example_dags/example_branch_operator.py
[2024-07-13T01:38:15.096+0000] {processor.py:830} INFO - Processing file /home/airflow/.local/lib/python3.12/site-packages/airflow/example_dags/example_branch_operator.py for tasks to queue
[2024-07-13T01:38:15.098+0000] {logging_mixin.py:188} INFO - [2024-07-13T01:38:15.098+0000] {dagbag.py:545} INFO - Filling up the DagBag from /home/airflow/.local/lib/python3.12/site-packages/airflow/example_dags/example_branch_operator.py
[2024-07-13T01:38:15.123+0000] {processor.py:840} INFO - DAG(s) 'example_branch_operator' retrieved from /home/airflow/.local/lib/python3.12/site-packages/airflow/example_dags/example_branch_operator.py
[2024-07-13T01:38:15.175+0000] {logging_mixin.py:188} INFO - [2024-07-13T01:38:15.174+0000] {dag.py:3096} INFO - Sync 1 DAGs
[2024-07-13T01:38:15.209+0000] {logging_mixin.py:188} INFO - [2024-07-13T01:38:15.209+0000] {dag.py:3954} INFO - Setting next_dagrun for example_branch_operator to 2024-07-12 00:00:00+00:00, run_after=2024-07-13 00:00:00+00:00
[2024-07-13T01:38:15.234+0000] {processor.py:183} INFO - Processing /home/airflow/.local/lib/python3.12/site-packages/airflow/example_dags/example_branch_operator.py took 0.149 seconds
[2024-07-13T01:38:45.423+0000] {processor.py:161} INFO - Started process (PID=1261) to work on /home/airflow/.local/lib/python3.12/site-packages/airflow/example_dags/example_branch_operator.py
[2024-07-13T01:38:45.424+0000] {processor.py:830} INFO - Processing file /home/airflow/.local/lib/python3.12/site-packages/airflow/example_dags/example_branch_operator.py for tasks to queue
[2024-07-13T01:38:45.426+0000] {logging_mixin.py:188} INFO - [2024-07-13T01:38:45.426+0000] {dagbag.py:545} INFO - Filling up the DagBag from /home/airflow/.local/lib/python3.12/site-packages/airflow/example_dags/example_branch_operator.py
[2024-07-13T01:38:45.447+0000] {processor.py:840} INFO - DAG(s) 'example_branch_operator' retrieved from /home/airflow/.local/lib/python3.12/site-packages/airflow/example_dags/example_branch_operator.py
[2024-07-13T01:38:45.487+0000] {logging_mixin.py:188} INFO - [2024-07-13T01:38:45.487+0000] {dag.py:3096} INFO - Sync 1 DAGs
[2024-07-13T01:38:45.519+0000] {logging_mixin.py:188} INFO - [2024-07-13T01:38:45.519+0000] {dag.py:3954} INFO - Setting next_dagrun for example_branch_operator to 2024-07-12 00:00:00+00:00, run_after=2024-07-13 00:00:00+00:00
[2024-07-13T01:38:45.547+0000] {processor.py:183} INFO - Processing /home/airflow/.local/lib/python3.12/site-packages/airflow/example_dags/example_branch_operator.py took 0.131 seconds
[2024-07-13T01:39:15.630+0000] {processor.py:161} INFO - Started process (PID=1319) to work on /home/airflow/.local/lib/python3.12/site-packages/airflow/example_dags/example_branch_operator.py
[2024-07-13T01:39:15.631+0000] {processor.py:830} INFO - Processing file /home/airflow/.local/lib/python3.12/site-packages/airflow/example_dags/example_branch_operator.py for tasks to queue
[2024-07-13T01:39:15.634+0000] {logging_mixin.py:188} INFO - [2024-07-13T01:39:15.633+0000] {dagbag.py:545} INFO - Filling up the DagBag from /home/airflow/.local/lib/python3.12/site-packages/airflow/example_dags/example_branch_operator.py
[2024-07-13T01:39:15.656+0000] {processor.py:840} INFO - DAG(s) 'example_branch_operator' retrieved from /home/airflow/.local/lib/python3.12/site-packages/airflow/example_dags/example_branch_operator.py
[2024-07-13T01:39:15.697+0000] {logging_mixin.py:188} INFO - [2024-07-13T01:39:15.697+0000] {dag.py:3096} INFO - Sync 1 DAGs
[2024-07-13T01:39:15.728+0000] {logging_mixin.py:188} INFO - [2024-07-13T01:39:15.727+0000] {dag.py:3954} INFO - Setting next_dagrun for example_branch_operator to 2024-07-12 00:00:00+00:00, run_after=2024-07-13 00:00:00+00:00
[2024-07-13T01:39:15.750+0000] {processor.py:183} INFO - Processing /home/airflow/.local/lib/python3.12/site-packages/airflow/example_dags/example_branch_operator.py took 0.127 seconds
[2024-07-13T01:39:46.124+0000] {processor.py:161} INFO - Started process (PID=1383) to work on /home/airflow/.local/lib/python3.12/site-packages/airflow/example_dags/example_branch_operator.py
[2024-07-13T01:39:46.126+0000] {processor.py:830} INFO - Processing file /home/airflow/.local/lib/python3.12/site-packages/airflow/example_dags/example_branch_operator.py for tasks to queue
[2024-07-13T01:39:46.128+0000] {logging_mixin.py:188} INFO - [2024-07-13T01:39:46.128+0000] {dagbag.py:545} INFO - Filling up the DagBag from /home/airflow/.local/lib/python3.12/site-packages/airflow/example_dags/example_branch_operator.py
[2024-07-13T01:39:46.151+0000] {processor.py:840} INFO - DAG(s) 'example_branch_operator' retrieved from /home/airflow/.local/lib/python3.12/site-packages/airflow/example_dags/example_branch_operator.py
[2024-07-13T01:39:46.189+0000] {logging_mixin.py:188} INFO - [2024-07-13T01:39:46.189+0000] {dag.py:3096} INFO - Sync 1 DAGs
[2024-07-13T01:39:46.218+0000] {logging_mixin.py:188} INFO - [2024-07-13T01:39:46.218+0000] {dag.py:3954} INFO - Setting next_dagrun for example_branch_operator to 2024-07-12 00:00:00+00:00, run_after=2024-07-13 00:00:00+00:00
[2024-07-13T01:39:46.239+0000] {processor.py:183} INFO - Processing /home/airflow/.local/lib/python3.12/site-packages/airflow/example_dags/example_branch_operator.py took 0.123 seconds
[2024-07-13T01:40:16.667+0000] {processor.py:161} INFO - Started process (PID=1441) to work on /home/airflow/.local/lib/python3.12/site-packages/airflow/example_dags/example_branch_operator.py
[2024-07-13T01:40:16.668+0000] {processor.py:830} INFO - Processing file /home/airflow/.local/lib/python3.12/site-packages/airflow/example_dags/example_branch_operator.py for tasks to queue
[2024-07-13T01:40:16.670+0000] {logging_mixin.py:188} INFO - [2024-07-13T01:40:16.670+0000] {dagbag.py:545} INFO - Filling up the DagBag from /home/airflow/.local/lib/python3.12/site-packages/airflow/example_dags/example_branch_operator.py
[2024-07-13T01:40:16.695+0000] {processor.py:840} INFO - DAG(s) 'example_branch_operator' retrieved from /home/airflow/.local/lib/python3.12/site-packages/airflow/example_dags/example_branch_operator.py
[2024-07-13T01:40:16.750+0000] {logging_mixin.py:188} INFO - [2024-07-13T01:40:16.749+0000] {dag.py:3096} INFO - Sync 1 DAGs
[2024-07-13T01:40:16.784+0000] {logging_mixin.py:188} INFO - [2024-07-13T01:40:16.784+0000] {dag.py:3954} INFO - Setting next_dagrun for example_branch_operator to 2024-07-12 00:00:00+00:00, run_after=2024-07-13 00:00:00+00:00
[2024-07-13T01:40:16.813+0000] {processor.py:183} INFO - Processing /home/airflow/.local/lib/python3.12/site-packages/airflow/example_dags/example_branch_operator.py took 0.160 seconds
[2024-07-13T01:40:46.930+0000] {processor.py:161} INFO - Started process (PID=1499) to work on /home/airflow/.local/lib/python3.12/site-packages/airflow/example_dags/example_branch_operator.py
[2024-07-13T01:40:46.936+0000] {processor.py:830} INFO - Processing file /home/airflow/.local/lib/python3.12/site-packages/airflow/example_dags/example_branch_operator.py for tasks to queue
[2024-07-13T01:40:46.938+0000] {logging_mixin.py:188} INFO - [2024-07-13T01:40:46.938+0000] {dagbag.py:545} INFO - Filling up the DagBag from /home/airflow/.local/lib/python3.12/site-packages/airflow/example_dags/example_branch_operator.py
[2024-07-13T01:40:46.957+0000] {processor.py:840} INFO - DAG(s) 'example_branch_operator' retrieved from /home/airflow/.local/lib/python3.12/site-packages/airflow/example_dags/example_branch_operator.py
[2024-07-13T01:40:46.997+0000] {logging_mixin.py:188} INFO - [2024-07-13T01:40:46.997+0000] {dag.py:3096} INFO - Sync 1 DAGs
[2024-07-13T01:40:47.025+0000] {logging_mixin.py:188} INFO - [2024-07-13T01:40:47.024+0000] {dag.py:3954} INFO - Setting next_dagrun for example_branch_operator to 2024-07-12 00:00:00+00:00, run_after=2024-07-13 00:00:00+00:00
[2024-07-13T01:40:47.053+0000] {processor.py:183} INFO - Processing /home/airflow/.local/lib/python3.12/site-packages/airflow/example_dags/example_branch_operator.py took 0.130 seconds
[2024-07-13T01:41:17.259+0000] {processor.py:161} INFO - Started process (PID=1557) to work on /home/airflow/.local/lib/python3.12/site-packages/airflow/example_dags/example_branch_operator.py
[2024-07-13T01:41:17.261+0000] {processor.py:830} INFO - Processing file /home/airflow/.local/lib/python3.12/site-packages/airflow/example_dags/example_branch_operator.py for tasks to queue
[2024-07-13T01:41:17.270+0000] {logging_mixin.py:188} INFO - [2024-07-13T01:41:17.270+0000] {dagbag.py:545} INFO - Filling up the DagBag from /home/airflow/.local/lib/python3.12/site-packages/airflow/example_dags/example_branch_operator.py
[2024-07-13T01:41:17.296+0000] {processor.py:840} INFO - DAG(s) 'example_branch_operator' retrieved from /home/airflow/.local/lib/python3.12/site-packages/airflow/example_dags/example_branch_operator.py
[2024-07-13T01:41:17.351+0000] {logging_mixin.py:188} INFO - [2024-07-13T01:41:17.351+0000] {dag.py:3096} INFO - Sync 1 DAGs
[2024-07-13T01:41:17.404+0000] {logging_mixin.py:188} INFO - [2024-07-13T01:41:17.403+0000] {dag.py:3954} INFO - Setting next_dagrun for example_branch_operator to 2024-07-12 00:00:00+00:00, run_after=2024-07-13 00:00:00+00:00
[2024-07-13T01:41:17.435+0000] {processor.py:183} INFO - Processing /home/airflow/.local/lib/python3.12/site-packages/airflow/example_dags/example_branch_operator.py took 0.184 seconds
[2024-07-13T01:41:48.183+0000] {processor.py:161} INFO - Started process (PID=1613) to work on /home/airflow/.local/lib/python3.12/site-packages/airflow/example_dags/example_branch_operator.py
[2024-07-13T01:41:48.185+0000] {processor.py:830} INFO - Processing file /home/airflow/.local/lib/python3.12/site-packages/airflow/example_dags/example_branch_operator.py for tasks to queue
[2024-07-13T01:41:48.188+0000] {logging_mixin.py:188} INFO - [2024-07-13T01:41:48.187+0000] {dagbag.py:545} INFO - Filling up the DagBag from /home/airflow/.local/lib/python3.12/site-packages/airflow/example_dags/example_branch_operator.py
[2024-07-13T01:41:48.209+0000] {processor.py:840} INFO - DAG(s) 'example_branch_operator' retrieved from /home/airflow/.local/lib/python3.12/site-packages/airflow/example_dags/example_branch_operator.py
[2024-07-13T01:41:48.246+0000] {logging_mixin.py:188} INFO - [2024-07-13T01:41:48.246+0000] {dag.py:3096} INFO - Sync 1 DAGs
[2024-07-13T01:41:48.276+0000] {logging_mixin.py:188} INFO - [2024-07-13T01:41:48.276+0000] {dag.py:3954} INFO - Setting next_dagrun for example_branch_operator to 2024-07-12 00:00:00+00:00, run_after=2024-07-13 00:00:00+00:00
[2024-07-13T01:41:48.299+0000] {processor.py:183} INFO - Processing /home/airflow/.local/lib/python3.12/site-packages/airflow/example_dags/example_branch_operator.py took 0.124 seconds
[2024-07-13T01:42:18.503+0000] {processor.py:161} INFO - Started process (PID=1671) to work on /home/airflow/.local/lib/python3.12/site-packages/airflow/example_dags/example_branch_operator.py
[2024-07-13T01:42:18.505+0000] {processor.py:830} INFO - Processing file /home/airflow/.local/lib/python3.12/site-packages/airflow/example_dags/example_branch_operator.py for tasks to queue
[2024-07-13T01:42:18.507+0000] {logging_mixin.py:188} INFO - [2024-07-13T01:42:18.506+0000] {dagbag.py:545} INFO - Filling up the DagBag from /home/airflow/.local/lib/python3.12/site-packages/airflow/example_dags/example_branch_operator.py
[2024-07-13T01:42:18.532+0000] {processor.py:840} INFO - DAG(s) 'example_branch_operator' retrieved from /home/airflow/.local/lib/python3.12/site-packages/airflow/example_dags/example_branch_operator.py
[2024-07-13T01:42:18.569+0000] {logging_mixin.py:188} INFO - [2024-07-13T01:42:18.569+0000] {dag.py:3096} INFO - Sync 1 DAGs
[2024-07-13T01:42:18.601+0000] {logging_mixin.py:188} INFO - [2024-07-13T01:42:18.601+0000] {dag.py:3954} INFO - Setting next_dagrun for example_branch_operator to 2024-07-12 00:00:00+00:00, run_after=2024-07-13 00:00:00+00:00
[2024-07-13T01:42:18.627+0000] {processor.py:183} INFO - Processing /home/airflow/.local/lib/python3.12/site-packages/airflow/example_dags/example_branch_operator.py took 0.135 seconds
[2024-07-13T01:42:49.160+0000] {processor.py:161} INFO - Started process (PID=1729) to work on /home/airflow/.local/lib/python3.12/site-packages/airflow/example_dags/example_branch_operator.py
[2024-07-13T01:42:49.170+0000] {processor.py:830} INFO - Processing file /home/airflow/.local/lib/python3.12/site-packages/airflow/example_dags/example_branch_operator.py for tasks to queue
[2024-07-13T01:42:49.173+0000] {logging_mixin.py:188} INFO - [2024-07-13T01:42:49.172+0000] {dagbag.py:545} INFO - Filling up the DagBag from /home/airflow/.local/lib/python3.12/site-packages/airflow/example_dags/example_branch_operator.py
[2024-07-13T01:42:49.201+0000] {processor.py:840} INFO - DAG(s) 'example_branch_operator' retrieved from /home/airflow/.local/lib/python3.12/site-packages/airflow/example_dags/example_branch_operator.py
[2024-07-13T01:42:49.250+0000] {logging_mixin.py:188} INFO - [2024-07-13T01:42:49.250+0000] {dag.py:3096} INFO - Sync 1 DAGs
[2024-07-13T01:42:49.422+0000] {logging_mixin.py:188} INFO - [2024-07-13T01:42:49.422+0000] {dag.py:3954} INFO - Setting next_dagrun for example_branch_operator to 2024-07-12 00:00:00+00:00, run_after=2024-07-13 00:00:00+00:00
[2024-07-13T01:42:49.452+0000] {processor.py:183} INFO - Processing /home/airflow/.local/lib/python3.12/site-packages/airflow/example_dags/example_branch_operator.py took 0.303 seconds
[2024-07-13T01:43:19.492+0000] {processor.py:161} INFO - Started process (PID=1787) to work on /home/airflow/.local/lib/python3.12/site-packages/airflow/example_dags/example_branch_operator.py
[2024-07-13T01:43:19.493+0000] {processor.py:830} INFO - Processing file /home/airflow/.local/lib/python3.12/site-packages/airflow/example_dags/example_branch_operator.py for tasks to queue
[2024-07-13T01:43:19.495+0000] {logging_mixin.py:188} INFO - [2024-07-13T01:43:19.495+0000] {dagbag.py:545} INFO - Filling up the DagBag from /home/airflow/.local/lib/python3.12/site-packages/airflow/example_dags/example_branch_operator.py
[2024-07-13T01:43:19.519+0000] {processor.py:840} INFO - DAG(s) 'example_branch_operator' retrieved from /home/airflow/.local/lib/python3.12/site-packages/airflow/example_dags/example_branch_operator.py
[2024-07-13T01:43:19.558+0000] {logging_mixin.py:188} INFO - [2024-07-13T01:43:19.558+0000] {dag.py:3096} INFO - Sync 1 DAGs
[2024-07-13T01:43:19.592+0000] {logging_mixin.py:188} INFO - [2024-07-13T01:43:19.592+0000] {dag.py:3954} INFO - Setting next_dagrun for example_branch_operator to 2024-07-12 00:00:00+00:00, run_after=2024-07-13 00:00:00+00:00
[2024-07-13T01:43:19.788+0000] {processor.py:183} INFO - Processing /home/airflow/.local/lib/python3.12/site-packages/airflow/example_dags/example_branch_operator.py took 0.303 seconds
