[2024-07-13T01:28:15.013+0000] {processor.py:161} INFO - Started process (PID=77) to work on /home/airflow/.local/lib/python3.12/site-packages/airflow/example_dags/tutorial.py
[2024-07-13T01:28:15.014+0000] {processor.py:830} INFO - Processing file /home/airflow/.local/lib/python3.12/site-packages/airflow/example_dags/tutorial.py for tasks to queue
[2024-07-13T01:28:15.016+0000] {logging_mixin.py:188} INFO - [2024-07-13T01:28:15.016+0000] {dagbag.py:545} INFO - Filling up the DagBag from /home/airflow/.local/lib/python3.12/site-packages/airflow/example_dags/tutorial.py
[2024-07-13T01:28:15.026+0000] {processor.py:840} INFO - DAG(s) 'tutorial' retrieved from /home/airflow/.local/lib/python3.12/site-packages/airflow/example_dags/tutorial.py
[2024-07-13T01:28:15.152+0000] {logging_mixin.py:188} INFO - [2024-07-13T01:28:15.151+0000] {dag.py:3096} INFO - Sync 1 DAGs
[2024-07-13T01:28:15.179+0000] {logging_mixin.py:188} INFO - [2024-07-13T01:28:15.178+0000] {dag.py:3954} INFO - Setting next_dagrun for tutorial to 2024-07-12 00:00:00+00:00, run_after=2024-07-13 00:00:00+00:00
[2024-07-13T01:28:15.207+0000] {processor.py:183} INFO - Processing /home/airflow/.local/lib/python3.12/site-packages/airflow/example_dags/tutorial.py took 0.201 seconds
[2024-07-13T01:28:45.408+0000] {processor.py:161} INFO - Started process (PID=135) to work on /home/airflow/.local/lib/python3.12/site-packages/airflow/example_dags/tutorial.py
[2024-07-13T01:28:45.409+0000] {processor.py:830} INFO - Processing file /home/airflow/.local/lib/python3.12/site-packages/airflow/example_dags/tutorial.py for tasks to queue
[2024-07-13T01:28:45.411+0000] {logging_mixin.py:188} INFO - [2024-07-13T01:28:45.411+0000] {dagbag.py:545} INFO - Filling up the DagBag from /home/airflow/.local/lib/python3.12/site-packages/airflow/example_dags/tutorial.py
[2024-07-13T01:28:45.418+0000] {processor.py:840} INFO - DAG(s) 'tutorial' retrieved from /home/airflow/.local/lib/python3.12/site-packages/airflow/example_dags/tutorial.py
[2024-07-13T01:28:45.444+0000] {logging_mixin.py:188} INFO - [2024-07-13T01:28:45.444+0000] {dag.py:3096} INFO - Sync 1 DAGs
[2024-07-13T01:28:45.470+0000] {logging_mixin.py:188} INFO - [2024-07-13T01:28:45.470+0000] {dag.py:3954} INFO - Setting next_dagrun for tutorial to 2024-07-12 00:00:00+00:00, run_after=2024-07-13 00:00:00+00:00
[2024-07-13T01:28:45.512+0000] {processor.py:183} INFO - Processing /home/airflow/.local/lib/python3.12/site-packages/airflow/example_dags/tutorial.py took 0.111 seconds
[2024-07-13T01:29:15.957+0000] {processor.py:161} INFO - Started process (PID=193) to work on /home/airflow/.local/lib/python3.12/site-packages/airflow/example_dags/tutorial.py
[2024-07-13T01:29:15.960+0000] {processor.py:830} INFO - Processing file /home/airflow/.local/lib/python3.12/site-packages/airflow/example_dags/tutorial.py for tasks to queue
[2024-07-13T01:29:15.962+0000] {logging_mixin.py:188} INFO - [2024-07-13T01:29:15.962+0000] {dagbag.py:545} INFO - Filling up the DagBag from /home/airflow/.local/lib/python3.12/site-packages/airflow/example_dags/tutorial.py
[2024-07-13T01:29:15.969+0000] {processor.py:840} INFO - DAG(s) 'tutorial' retrieved from /home/airflow/.local/lib/python3.12/site-packages/airflow/example_dags/tutorial.py
[2024-07-13T01:29:15.996+0000] {logging_mixin.py:188} INFO - [2024-07-13T01:29:15.995+0000] {dag.py:3096} INFO - Sync 1 DAGs
[2024-07-13T01:29:16.033+0000] {logging_mixin.py:188} INFO - [2024-07-13T01:29:16.032+0000] {dag.py:3954} INFO - Setting next_dagrun for tutorial to 2024-07-12 00:00:00+00:00, run_after=2024-07-13 00:00:00+00:00
[2024-07-13T01:29:16.061+0000] {processor.py:183} INFO - Processing /home/airflow/.local/lib/python3.12/site-packages/airflow/example_dags/tutorial.py took 0.111 seconds
[2024-07-13T01:29:47.264+0000] {processor.py:161} INFO - Started process (PID=250) to work on /home/airflow/.local/lib/python3.12/site-packages/airflow/example_dags/tutorial.py
[2024-07-13T01:29:47.266+0000] {processor.py:830} INFO - Processing file /home/airflow/.local/lib/python3.12/site-packages/airflow/example_dags/tutorial.py for tasks to queue
[2024-07-13T01:29:47.269+0000] {logging_mixin.py:188} INFO - [2024-07-13T01:29:47.267+0000] {dagbag.py:545} INFO - Filling up the DagBag from /home/airflow/.local/lib/python3.12/site-packages/airflow/example_dags/tutorial.py
[2024-07-13T01:29:47.276+0000] {processor.py:840} INFO - DAG(s) 'tutorial' retrieved from /home/airflow/.local/lib/python3.12/site-packages/airflow/example_dags/tutorial.py
[2024-07-13T01:29:47.299+0000] {logging_mixin.py:188} INFO - [2024-07-13T01:29:47.299+0000] {dag.py:3096} INFO - Sync 1 DAGs
[2024-07-13T01:29:47.328+0000] {logging_mixin.py:188} INFO - [2024-07-13T01:29:47.327+0000] {dag.py:3954} INFO - Setting next_dagrun for tutorial to 2024-07-12 00:00:00+00:00, run_after=2024-07-13 00:00:00+00:00
[2024-07-13T01:29:47.350+0000] {processor.py:183} INFO - Processing /home/airflow/.local/lib/python3.12/site-packages/airflow/example_dags/tutorial.py took 0.092 seconds
[2024-07-13T01:30:18.283+0000] {processor.py:161} INFO - Started process (PID=308) to work on /home/airflow/.local/lib/python3.12/site-packages/airflow/example_dags/tutorial.py
[2024-07-13T01:30:18.284+0000] {processor.py:830} INFO - Processing file /home/airflow/.local/lib/python3.12/site-packages/airflow/example_dags/tutorial.py for tasks to queue
[2024-07-13T01:30:18.287+0000] {logging_mixin.py:188} INFO - [2024-07-13T01:30:18.286+0000] {dagbag.py:545} INFO - Filling up the DagBag from /home/airflow/.local/lib/python3.12/site-packages/airflow/example_dags/tutorial.py
[2024-07-13T01:30:18.293+0000] {processor.py:840} INFO - DAG(s) 'tutorial' retrieved from /home/airflow/.local/lib/python3.12/site-packages/airflow/example_dags/tutorial.py
[2024-07-13T01:30:18.316+0000] {logging_mixin.py:188} INFO - [2024-07-13T01:30:18.316+0000] {dag.py:3096} INFO - Sync 1 DAGs
[2024-07-13T01:30:18.349+0000] {logging_mixin.py:188} INFO - [2024-07-13T01:30:18.349+0000] {dag.py:3954} INFO - Setting next_dagrun for tutorial to 2024-07-12 00:00:00+00:00, run_after=2024-07-13 00:00:00+00:00
[2024-07-13T01:30:18.372+0000] {processor.py:183} INFO - Processing /home/airflow/.local/lib/python3.12/site-packages/airflow/example_dags/tutorial.py took 0.097 seconds
[2024-07-13T01:30:48.783+0000] {processor.py:161} INFO - Started process (PID=366) to work on /home/airflow/.local/lib/python3.12/site-packages/airflow/example_dags/tutorial.py
[2024-07-13T01:30:48.784+0000] {processor.py:830} INFO - Processing file /home/airflow/.local/lib/python3.12/site-packages/airflow/example_dags/tutorial.py for tasks to queue
[2024-07-13T01:30:48.786+0000] {logging_mixin.py:188} INFO - [2024-07-13T01:30:48.786+0000] {dagbag.py:545} INFO - Filling up the DagBag from /home/airflow/.local/lib/python3.12/site-packages/airflow/example_dags/tutorial.py
[2024-07-13T01:30:48.793+0000] {processor.py:840} INFO - DAG(s) 'tutorial' retrieved from /home/airflow/.local/lib/python3.12/site-packages/airflow/example_dags/tutorial.py
[2024-07-13T01:30:48.816+0000] {logging_mixin.py:188} INFO - [2024-07-13T01:30:48.816+0000] {dag.py:3096} INFO - Sync 1 DAGs
[2024-07-13T01:30:48.854+0000] {logging_mixin.py:188} INFO - [2024-07-13T01:30:48.854+0000] {dag.py:3954} INFO - Setting next_dagrun for tutorial to 2024-07-12 00:00:00+00:00, run_after=2024-07-13 00:00:00+00:00
[2024-07-13T01:30:48.882+0000] {processor.py:183} INFO - Processing /home/airflow/.local/lib/python3.12/site-packages/airflow/example_dags/tutorial.py took 0.107 seconds
[2024-07-13T01:31:19.300+0000] {processor.py:161} INFO - Started process (PID=424) to work on /home/airflow/.local/lib/python3.12/site-packages/airflow/example_dags/tutorial.py
[2024-07-13T01:31:19.312+0000] {processor.py:830} INFO - Processing file /home/airflow/.local/lib/python3.12/site-packages/airflow/example_dags/tutorial.py for tasks to queue
[2024-07-13T01:31:19.314+0000] {logging_mixin.py:188} INFO - [2024-07-13T01:31:19.314+0000] {dagbag.py:545} INFO - Filling up the DagBag from /home/airflow/.local/lib/python3.12/site-packages/airflow/example_dags/tutorial.py
[2024-07-13T01:31:19.322+0000] {processor.py:840} INFO - DAG(s) 'tutorial' retrieved from /home/airflow/.local/lib/python3.12/site-packages/airflow/example_dags/tutorial.py
[2024-07-13T01:31:19.347+0000] {logging_mixin.py:188} INFO - [2024-07-13T01:31:19.347+0000] {dag.py:3096} INFO - Sync 1 DAGs
[2024-07-13T01:31:19.378+0000] {logging_mixin.py:188} INFO - [2024-07-13T01:31:19.378+0000] {dag.py:3954} INFO - Setting next_dagrun for tutorial to 2024-07-12 00:00:00+00:00, run_after=2024-07-13 00:00:00+00:00
[2024-07-13T01:31:19.405+0000] {processor.py:183} INFO - Processing /home/airflow/.local/lib/python3.12/site-packages/airflow/example_dags/tutorial.py took 0.113 seconds
[2024-07-13T01:31:49.534+0000] {processor.py:161} INFO - Started process (PID=483) to work on /home/airflow/.local/lib/python3.12/site-packages/airflow/example_dags/tutorial.py
[2024-07-13T01:31:49.535+0000] {processor.py:830} INFO - Processing file /home/airflow/.local/lib/python3.12/site-packages/airflow/example_dags/tutorial.py for tasks to queue
[2024-07-13T01:31:49.537+0000] {logging_mixin.py:188} INFO - [2024-07-13T01:31:49.537+0000] {dagbag.py:545} INFO - Filling up the DagBag from /home/airflow/.local/lib/python3.12/site-packages/airflow/example_dags/tutorial.py
[2024-07-13T01:31:49.543+0000] {processor.py:840} INFO - DAG(s) 'tutorial' retrieved from /home/airflow/.local/lib/python3.12/site-packages/airflow/example_dags/tutorial.py
[2024-07-13T01:31:49.568+0000] {logging_mixin.py:188} INFO - [2024-07-13T01:31:49.567+0000] {dag.py:3096} INFO - Sync 1 DAGs
[2024-07-13T01:31:49.593+0000] {logging_mixin.py:188} INFO - [2024-07-13T01:31:49.593+0000] {dag.py:3954} INFO - Setting next_dagrun for tutorial to 2024-07-12 00:00:00+00:00, run_after=2024-07-13 00:00:00+00:00
[2024-07-13T01:31:49.617+0000] {processor.py:183} INFO - Processing /home/airflow/.local/lib/python3.12/site-packages/airflow/example_dags/tutorial.py took 0.090 seconds
[2024-07-13T01:32:19.704+0000] {processor.py:161} INFO - Started process (PID=542) to work on /home/airflow/.local/lib/python3.12/site-packages/airflow/example_dags/tutorial.py
[2024-07-13T01:32:19.705+0000] {processor.py:830} INFO - Processing file /home/airflow/.local/lib/python3.12/site-packages/airflow/example_dags/tutorial.py for tasks to queue
[2024-07-13T01:32:19.707+0000] {logging_mixin.py:188} INFO - [2024-07-13T01:32:19.707+0000] {dagbag.py:545} INFO - Filling up the DagBag from /home/airflow/.local/lib/python3.12/site-packages/airflow/example_dags/tutorial.py
[2024-07-13T01:32:19.714+0000] {processor.py:840} INFO - DAG(s) 'tutorial' retrieved from /home/airflow/.local/lib/python3.12/site-packages/airflow/example_dags/tutorial.py
[2024-07-13T01:32:19.738+0000] {logging_mixin.py:188} INFO - [2024-07-13T01:32:19.737+0000] {dag.py:3096} INFO - Sync 1 DAGs
[2024-07-13T01:32:19.762+0000] {logging_mixin.py:188} INFO - [2024-07-13T01:32:19.762+0000] {dag.py:3954} INFO - Setting next_dagrun for tutorial to 2024-07-12 00:00:00+00:00, run_after=2024-07-13 00:00:00+00:00
[2024-07-13T01:32:19.794+0000] {processor.py:183} INFO - Processing /home/airflow/.local/lib/python3.12/site-packages/airflow/example_dags/tutorial.py took 0.098 seconds
[2024-07-13T01:32:50.133+0000] {processor.py:161} INFO - Started process (PID=600) to work on /home/airflow/.local/lib/python3.12/site-packages/airflow/example_dags/tutorial.py
[2024-07-13T01:32:50.135+0000] {processor.py:830} INFO - Processing file /home/airflow/.local/lib/python3.12/site-packages/airflow/example_dags/tutorial.py for tasks to queue
[2024-07-13T01:32:50.137+0000] {logging_mixin.py:188} INFO - [2024-07-13T01:32:50.136+0000] {dagbag.py:545} INFO - Filling up the DagBag from /home/airflow/.local/lib/python3.12/site-packages/airflow/example_dags/tutorial.py
[2024-07-13T01:32:50.143+0000] {processor.py:840} INFO - DAG(s) 'tutorial' retrieved from /home/airflow/.local/lib/python3.12/site-packages/airflow/example_dags/tutorial.py
[2024-07-13T01:32:50.169+0000] {logging_mixin.py:188} INFO - [2024-07-13T01:32:50.168+0000] {dag.py:3096} INFO - Sync 1 DAGs
[2024-07-13T01:32:50.194+0000] {logging_mixin.py:188} INFO - [2024-07-13T01:32:50.193+0000] {dag.py:3954} INFO - Setting next_dagrun for tutorial to 2024-07-12 00:00:00+00:00, run_after=2024-07-13 00:00:00+00:00
[2024-07-13T01:32:50.224+0000] {processor.py:183} INFO - Processing /home/airflow/.local/lib/python3.12/site-packages/airflow/example_dags/tutorial.py took 0.099 seconds
[2024-07-13T01:33:20.634+0000] {processor.py:161} INFO - Started process (PID=659) to work on /home/airflow/.local/lib/python3.12/site-packages/airflow/example_dags/tutorial.py
[2024-07-13T01:33:20.635+0000] {processor.py:830} INFO - Processing file /home/airflow/.local/lib/python3.12/site-packages/airflow/example_dags/tutorial.py for tasks to queue
[2024-07-13T01:33:20.637+0000] {logging_mixin.py:188} INFO - [2024-07-13T01:33:20.637+0000] {dagbag.py:545} INFO - Filling up the DagBag from /home/airflow/.local/lib/python3.12/site-packages/airflow/example_dags/tutorial.py
[2024-07-13T01:33:20.644+0000] {processor.py:840} INFO - DAG(s) 'tutorial' retrieved from /home/airflow/.local/lib/python3.12/site-packages/airflow/example_dags/tutorial.py
[2024-07-13T01:33:20.670+0000] {logging_mixin.py:188} INFO - [2024-07-13T01:33:20.670+0000] {dag.py:3096} INFO - Sync 1 DAGs
[2024-07-13T01:33:20.696+0000] {logging_mixin.py:188} INFO - [2024-07-13T01:33:20.695+0000] {dag.py:3954} INFO - Setting next_dagrun for tutorial to 2024-07-12 00:00:00+00:00, run_after=2024-07-13 00:00:00+00:00
[2024-07-13T01:33:20.722+0000] {processor.py:183} INFO - Processing /home/airflow/.local/lib/python3.12/site-packages/airflow/example_dags/tutorial.py took 0.094 seconds
[2024-07-13T01:33:51.022+0000] {processor.py:161} INFO - Started process (PID=717) to work on /home/airflow/.local/lib/python3.12/site-packages/airflow/example_dags/tutorial.py
[2024-07-13T01:33:51.027+0000] {processor.py:830} INFO - Processing file /home/airflow/.local/lib/python3.12/site-packages/airflow/example_dags/tutorial.py for tasks to queue
[2024-07-13T01:33:51.030+0000] {logging_mixin.py:188} INFO - [2024-07-13T01:33:51.029+0000] {dagbag.py:545} INFO - Filling up the DagBag from /home/airflow/.local/lib/python3.12/site-packages/airflow/example_dags/tutorial.py
[2024-07-13T01:33:51.042+0000] {processor.py:840} INFO - DAG(s) 'tutorial' retrieved from /home/airflow/.local/lib/python3.12/site-packages/airflow/example_dags/tutorial.py
[2024-07-13T01:33:51.069+0000] {logging_mixin.py:188} INFO - [2024-07-13T01:33:51.069+0000] {dag.py:3096} INFO - Sync 1 DAGs
[2024-07-13T01:33:51.102+0000] {logging_mixin.py:188} INFO - [2024-07-13T01:33:51.102+0000] {dag.py:3954} INFO - Setting next_dagrun for tutorial to 2024-07-12 00:00:00+00:00, run_after=2024-07-13 00:00:00+00:00
[2024-07-13T01:33:51.129+0000] {processor.py:183} INFO - Processing /home/airflow/.local/lib/python3.12/site-packages/airflow/example_dags/tutorial.py took 0.123 seconds
[2024-07-13T01:34:21.234+0000] {processor.py:161} INFO - Started process (PID=775) to work on /home/airflow/.local/lib/python3.12/site-packages/airflow/example_dags/tutorial.py
[2024-07-13T01:34:21.235+0000] {processor.py:830} INFO - Processing file /home/airflow/.local/lib/python3.12/site-packages/airflow/example_dags/tutorial.py for tasks to queue
[2024-07-13T01:34:21.238+0000] {logging_mixin.py:188} INFO - [2024-07-13T01:34:21.238+0000] {dagbag.py:545} INFO - Filling up the DagBag from /home/airflow/.local/lib/python3.12/site-packages/airflow/example_dags/tutorial.py
[2024-07-13T01:34:21.245+0000] {processor.py:840} INFO - DAG(s) 'tutorial' retrieved from /home/airflow/.local/lib/python3.12/site-packages/airflow/example_dags/tutorial.py
[2024-07-13T01:34:21.272+0000] {logging_mixin.py:188} INFO - [2024-07-13T01:34:21.272+0000] {dag.py:3096} INFO - Sync 1 DAGs
[2024-07-13T01:34:21.298+0000] {logging_mixin.py:188} INFO - [2024-07-13T01:34:21.298+0000] {dag.py:3954} INFO - Setting next_dagrun for tutorial to 2024-07-12 00:00:00+00:00, run_after=2024-07-13 00:00:00+00:00
[2024-07-13T01:34:21.323+0000] {processor.py:183} INFO - Processing /home/airflow/.local/lib/python3.12/site-packages/airflow/example_dags/tutorial.py took 0.097 seconds
[2024-07-13T01:34:51.464+0000] {processor.py:161} INFO - Started process (PID=833) to work on /home/airflow/.local/lib/python3.12/site-packages/airflow/example_dags/tutorial.py
[2024-07-13T01:34:51.465+0000] {processor.py:830} INFO - Processing file /home/airflow/.local/lib/python3.12/site-packages/airflow/example_dags/tutorial.py for tasks to queue
[2024-07-13T01:34:51.468+0000] {logging_mixin.py:188} INFO - [2024-07-13T01:34:51.467+0000] {dagbag.py:545} INFO - Filling up the DagBag from /home/airflow/.local/lib/python3.12/site-packages/airflow/example_dags/tutorial.py
[2024-07-13T01:34:51.476+0000] {processor.py:840} INFO - DAG(s) 'tutorial' retrieved from /home/airflow/.local/lib/python3.12/site-packages/airflow/example_dags/tutorial.py
[2024-07-13T01:34:51.503+0000] {logging_mixin.py:188} INFO - [2024-07-13T01:34:51.503+0000] {dag.py:3096} INFO - Sync 1 DAGs
[2024-07-13T01:34:51.532+0000] {logging_mixin.py:188} INFO - [2024-07-13T01:34:51.532+0000] {dag.py:3954} INFO - Setting next_dagrun for tutorial to 2024-07-12 00:00:00+00:00, run_after=2024-07-13 00:00:00+00:00
[2024-07-13T01:34:51.560+0000] {processor.py:183} INFO - Processing /home/airflow/.local/lib/python3.12/site-packages/airflow/example_dags/tutorial.py took 0.106 seconds
[2024-07-13T01:35:22.039+0000] {processor.py:161} INFO - Started process (PID=891) to work on /home/airflow/.local/lib/python3.12/site-packages/airflow/example_dags/tutorial.py
[2024-07-13T01:35:22.040+0000] {processor.py:830} INFO - Processing file /home/airflow/.local/lib/python3.12/site-packages/airflow/example_dags/tutorial.py for tasks to queue
[2024-07-13T01:35:22.042+0000] {logging_mixin.py:188} INFO - [2024-07-13T01:35:22.042+0000] {dagbag.py:545} INFO - Filling up the DagBag from /home/airflow/.local/lib/python3.12/site-packages/airflow/example_dags/tutorial.py
[2024-07-13T01:35:22.050+0000] {processor.py:840} INFO - DAG(s) 'tutorial' retrieved from /home/airflow/.local/lib/python3.12/site-packages/airflow/example_dags/tutorial.py
[2024-07-13T01:35:22.083+0000] {logging_mixin.py:188} INFO - [2024-07-13T01:35:22.082+0000] {dag.py:3096} INFO - Sync 1 DAGs
[2024-07-13T01:35:22.114+0000] {logging_mixin.py:188} INFO - [2024-07-13T01:35:22.114+0000] {dag.py:3954} INFO - Setting next_dagrun for tutorial to 2024-07-12 00:00:00+00:00, run_after=2024-07-13 00:00:00+00:00
[2024-07-13T01:35:22.156+0000] {processor.py:183} INFO - Processing /home/airflow/.local/lib/python3.12/site-packages/airflow/example_dags/tutorial.py took 0.126 seconds
[2024-07-13T01:35:52.601+0000] {processor.py:161} INFO - Started process (PID=948) to work on /home/airflow/.local/lib/python3.12/site-packages/airflow/example_dags/tutorial.py
[2024-07-13T01:35:52.604+0000] {processor.py:830} INFO - Processing file /home/airflow/.local/lib/python3.12/site-packages/airflow/example_dags/tutorial.py for tasks to queue
[2024-07-13T01:35:52.606+0000] {logging_mixin.py:188} INFO - [2024-07-13T01:35:52.605+0000] {dagbag.py:545} INFO - Filling up the DagBag from /home/airflow/.local/lib/python3.12/site-packages/airflow/example_dags/tutorial.py
[2024-07-13T01:35:52.612+0000] {processor.py:840} INFO - DAG(s) 'tutorial' retrieved from /home/airflow/.local/lib/python3.12/site-packages/airflow/example_dags/tutorial.py
[2024-07-13T01:35:52.637+0000] {logging_mixin.py:188} INFO - [2024-07-13T01:35:52.637+0000] {dag.py:3096} INFO - Sync 1 DAGs
[2024-07-13T01:35:52.663+0000] {logging_mixin.py:188} INFO - [2024-07-13T01:35:52.663+0000] {dag.py:3954} INFO - Setting next_dagrun for tutorial to 2024-07-12 00:00:00+00:00, run_after=2024-07-13 00:00:00+00:00
[2024-07-13T01:35:52.686+0000] {processor.py:183} INFO - Processing /home/airflow/.local/lib/python3.12/site-packages/airflow/example_dags/tutorial.py took 0.092 seconds
[2024-07-13T01:36:23.058+0000] {processor.py:161} INFO - Started process (PID=1006) to work on /home/airflow/.local/lib/python3.12/site-packages/airflow/example_dags/tutorial.py
[2024-07-13T01:36:23.058+0000] {processor.py:830} INFO - Processing file /home/airflow/.local/lib/python3.12/site-packages/airflow/example_dags/tutorial.py for tasks to queue
[2024-07-13T01:36:23.060+0000] {logging_mixin.py:188} INFO - [2024-07-13T01:36:23.060+0000] {dagbag.py:545} INFO - Filling up the DagBag from /home/airflow/.local/lib/python3.12/site-packages/airflow/example_dags/tutorial.py
[2024-07-13T01:36:23.067+0000] {processor.py:840} INFO - DAG(s) 'tutorial' retrieved from /home/airflow/.local/lib/python3.12/site-packages/airflow/example_dags/tutorial.py
[2024-07-13T01:36:23.091+0000] {logging_mixin.py:188} INFO - [2024-07-13T01:36:23.091+0000] {dag.py:3096} INFO - Sync 1 DAGs
[2024-07-13T01:36:23.117+0000] {logging_mixin.py:188} INFO - [2024-07-13T01:36:23.117+0000] {dag.py:3954} INFO - Setting next_dagrun for tutorial to 2024-07-12 00:00:00+00:00, run_after=2024-07-13 00:00:00+00:00
[2024-07-13T01:36:23.140+0000] {processor.py:183} INFO - Processing /home/airflow/.local/lib/python3.12/site-packages/airflow/example_dags/tutorial.py took 0.089 seconds
[2024-07-13T01:36:54.063+0000] {processor.py:161} INFO - Started process (PID=1064) to work on /home/airflow/.local/lib/python3.12/site-packages/airflow/example_dags/tutorial.py
[2024-07-13T01:36:54.064+0000] {processor.py:830} INFO - Processing file /home/airflow/.local/lib/python3.12/site-packages/airflow/example_dags/tutorial.py for tasks to queue
[2024-07-13T01:36:54.066+0000] {logging_mixin.py:188} INFO - [2024-07-13T01:36:54.066+0000] {dagbag.py:545} INFO - Filling up the DagBag from /home/airflow/.local/lib/python3.12/site-packages/airflow/example_dags/tutorial.py
[2024-07-13T01:36:54.076+0000] {processor.py:840} INFO - DAG(s) 'tutorial' retrieved from /home/airflow/.local/lib/python3.12/site-packages/airflow/example_dags/tutorial.py
[2024-07-13T01:36:54.100+0000] {logging_mixin.py:188} INFO - [2024-07-13T01:36:54.100+0000] {dag.py:3096} INFO - Sync 1 DAGs
[2024-07-13T01:36:54.128+0000] {logging_mixin.py:188} INFO - [2024-07-13T01:36:54.128+0000] {dag.py:3954} INFO - Setting next_dagrun for tutorial to 2024-07-12 00:00:00+00:00, run_after=2024-07-13 00:00:00+00:00
[2024-07-13T01:36:54.158+0000] {processor.py:183} INFO - Processing /home/airflow/.local/lib/python3.12/site-packages/airflow/example_dags/tutorial.py took 0.105 seconds
[2024-07-13T01:37:24.591+0000] {processor.py:161} INFO - Started process (PID=1123) to work on /home/airflow/.local/lib/python3.12/site-packages/airflow/example_dags/tutorial.py
[2024-07-13T01:37:24.593+0000] {processor.py:830} INFO - Processing file /home/airflow/.local/lib/python3.12/site-packages/airflow/example_dags/tutorial.py for tasks to queue
[2024-07-13T01:37:24.595+0000] {logging_mixin.py:188} INFO - [2024-07-13T01:37:24.594+0000] {dagbag.py:545} INFO - Filling up the DagBag from /home/airflow/.local/lib/python3.12/site-packages/airflow/example_dags/tutorial.py
[2024-07-13T01:37:24.606+0000] {processor.py:840} INFO - DAG(s) 'tutorial' retrieved from /home/airflow/.local/lib/python3.12/site-packages/airflow/example_dags/tutorial.py
[2024-07-13T01:37:24.633+0000] {logging_mixin.py:188} INFO - [2024-07-13T01:37:24.633+0000] {dag.py:3096} INFO - Sync 1 DAGs
[2024-07-13T01:37:24.675+0000] {logging_mixin.py:188} INFO - [2024-07-13T01:37:24.674+0000] {dag.py:3954} INFO - Setting next_dagrun for tutorial to 2024-07-12 00:00:00+00:00, run_after=2024-07-13 00:00:00+00:00
[2024-07-13T01:37:24.696+0000] {processor.py:183} INFO - Processing /home/airflow/.local/lib/python3.12/site-packages/airflow/example_dags/tutorial.py took 0.113 seconds
[2024-07-13T01:37:54.781+0000] {processor.py:161} INFO - Started process (PID=1181) to work on /home/airflow/.local/lib/python3.12/site-packages/airflow/example_dags/tutorial.py
[2024-07-13T01:37:54.782+0000] {processor.py:830} INFO - Processing file /home/airflow/.local/lib/python3.12/site-packages/airflow/example_dags/tutorial.py for tasks to queue
[2024-07-13T01:37:54.784+0000] {logging_mixin.py:188} INFO - [2024-07-13T01:37:54.784+0000] {dagbag.py:545} INFO - Filling up the DagBag from /home/airflow/.local/lib/python3.12/site-packages/airflow/example_dags/tutorial.py
[2024-07-13T01:37:54.792+0000] {processor.py:840} INFO - DAG(s) 'tutorial' retrieved from /home/airflow/.local/lib/python3.12/site-packages/airflow/example_dags/tutorial.py
[2024-07-13T01:37:54.818+0000] {logging_mixin.py:188} INFO - [2024-07-13T01:37:54.818+0000] {dag.py:3096} INFO - Sync 1 DAGs
[2024-07-13T01:37:54.843+0000] {logging_mixin.py:188} INFO - [2024-07-13T01:37:54.843+0000] {dag.py:3954} INFO - Setting next_dagrun for tutorial to 2024-07-12 00:00:00+00:00, run_after=2024-07-13 00:00:00+00:00
[2024-07-13T01:37:54.867+0000] {processor.py:183} INFO - Processing /home/airflow/.local/lib/python3.12/site-packages/airflow/example_dags/tutorial.py took 0.093 seconds
[2024-07-13T01:38:25.060+0000] {processor.py:161} INFO - Started process (PID=1239) to work on /home/airflow/.local/lib/python3.12/site-packages/airflow/example_dags/tutorial.py
[2024-07-13T01:38:25.061+0000] {processor.py:830} INFO - Processing file /home/airflow/.local/lib/python3.12/site-packages/airflow/example_dags/tutorial.py for tasks to queue
[2024-07-13T01:38:25.063+0000] {logging_mixin.py:188} INFO - [2024-07-13T01:38:25.063+0000] {dagbag.py:545} INFO - Filling up the DagBag from /home/airflow/.local/lib/python3.12/site-packages/airflow/example_dags/tutorial.py
[2024-07-13T01:38:25.069+0000] {processor.py:840} INFO - DAG(s) 'tutorial' retrieved from /home/airflow/.local/lib/python3.12/site-packages/airflow/example_dags/tutorial.py
[2024-07-13T01:38:25.095+0000] {logging_mixin.py:188} INFO - [2024-07-13T01:38:25.095+0000] {dag.py:3096} INFO - Sync 1 DAGs
[2024-07-13T01:38:25.127+0000] {logging_mixin.py:188} INFO - [2024-07-13T01:38:25.127+0000] {dag.py:3954} INFO - Setting next_dagrun for tutorial to 2024-07-12 00:00:00+00:00, run_after=2024-07-13 00:00:00+00:00
[2024-07-13T01:38:25.158+0000] {processor.py:183} INFO - Processing /home/airflow/.local/lib/python3.12/site-packages/airflow/example_dags/tutorial.py took 0.109 seconds
[2024-07-13T01:38:55.388+0000] {processor.py:161} INFO - Started process (PID=1297) to work on /home/airflow/.local/lib/python3.12/site-packages/airflow/example_dags/tutorial.py
[2024-07-13T01:38:55.389+0000] {processor.py:830} INFO - Processing file /home/airflow/.local/lib/python3.12/site-packages/airflow/example_dags/tutorial.py for tasks to queue
[2024-07-13T01:38:55.391+0000] {logging_mixin.py:188} INFO - [2024-07-13T01:38:55.391+0000] {dagbag.py:545} INFO - Filling up the DagBag from /home/airflow/.local/lib/python3.12/site-packages/airflow/example_dags/tutorial.py
[2024-07-13T01:38:55.397+0000] {processor.py:840} INFO - DAG(s) 'tutorial' retrieved from /home/airflow/.local/lib/python3.12/site-packages/airflow/example_dags/tutorial.py
[2024-07-13T01:38:55.420+0000] {logging_mixin.py:188} INFO - [2024-07-13T01:38:55.420+0000] {dag.py:3096} INFO - Sync 1 DAGs
[2024-07-13T01:38:55.445+0000] {logging_mixin.py:188} INFO - [2024-07-13T01:38:55.445+0000] {dag.py:3954} INFO - Setting next_dagrun for tutorial to 2024-07-12 00:00:00+00:00, run_after=2024-07-13 00:00:00+00:00
[2024-07-13T01:38:55.478+0000] {processor.py:183} INFO - Processing /home/airflow/.local/lib/python3.12/site-packages/airflow/example_dags/tutorial.py took 0.097 seconds
[2024-07-13T01:39:25.571+0000] {processor.py:161} INFO - Started process (PID=1354) to work on /home/airflow/.local/lib/python3.12/site-packages/airflow/example_dags/tutorial.py
[2024-07-13T01:39:25.574+0000] {processor.py:830} INFO - Processing file /home/airflow/.local/lib/python3.12/site-packages/airflow/example_dags/tutorial.py for tasks to queue
[2024-07-13T01:39:25.577+0000] {logging_mixin.py:188} INFO - [2024-07-13T01:39:25.576+0000] {dagbag.py:545} INFO - Filling up the DagBag from /home/airflow/.local/lib/python3.12/site-packages/airflow/example_dags/tutorial.py
[2024-07-13T01:39:25.593+0000] {processor.py:840} INFO - DAG(s) 'tutorial' retrieved from /home/airflow/.local/lib/python3.12/site-packages/airflow/example_dags/tutorial.py
[2024-07-13T01:39:25.625+0000] {logging_mixin.py:188} INFO - [2024-07-13T01:39:25.625+0000] {dag.py:3096} INFO - Sync 1 DAGs
[2024-07-13T01:39:25.659+0000] {logging_mixin.py:188} INFO - [2024-07-13T01:39:25.659+0000] {dag.py:3954} INFO - Setting next_dagrun for tutorial to 2024-07-12 00:00:00+00:00, run_after=2024-07-13 00:00:00+00:00
[2024-07-13T01:39:25.691+0000] {processor.py:183} INFO - Processing /home/airflow/.local/lib/python3.12/site-packages/airflow/example_dags/tutorial.py took 0.129 seconds
[2024-07-13T01:39:56.000+0000] {processor.py:161} INFO - Started process (PID=1412) to work on /home/airflow/.local/lib/python3.12/site-packages/airflow/example_dags/tutorial.py
[2024-07-13T01:39:56.001+0000] {processor.py:830} INFO - Processing file /home/airflow/.local/lib/python3.12/site-packages/airflow/example_dags/tutorial.py for tasks to queue
[2024-07-13T01:39:56.003+0000] {logging_mixin.py:188} INFO - [2024-07-13T01:39:56.003+0000] {dagbag.py:545} INFO - Filling up the DagBag from /home/airflow/.local/lib/python3.12/site-packages/airflow/example_dags/tutorial.py
[2024-07-13T01:39:56.009+0000] {processor.py:840} INFO - DAG(s) 'tutorial' retrieved from /home/airflow/.local/lib/python3.12/site-packages/airflow/example_dags/tutorial.py
[2024-07-13T01:39:56.031+0000] {logging_mixin.py:188} INFO - [2024-07-13T01:39:56.031+0000] {dag.py:3096} INFO - Sync 1 DAGs
[2024-07-13T01:39:56.055+0000] {logging_mixin.py:188} INFO - [2024-07-13T01:39:56.055+0000] {dag.py:3954} INFO - Setting next_dagrun for tutorial to 2024-07-12 00:00:00+00:00, run_after=2024-07-13 00:00:00+00:00
[2024-07-13T01:39:56.082+0000] {processor.py:183} INFO - Processing /home/airflow/.local/lib/python3.12/site-packages/airflow/example_dags/tutorial.py took 0.089 seconds
[2024-07-13T01:40:26.755+0000] {processor.py:161} INFO - Started process (PID=1470) to work on /home/airflow/.local/lib/python3.12/site-packages/airflow/example_dags/tutorial.py
[2024-07-13T01:40:26.757+0000] {processor.py:830} INFO - Processing file /home/airflow/.local/lib/python3.12/site-packages/airflow/example_dags/tutorial.py for tasks to queue
[2024-07-13T01:40:26.759+0000] {logging_mixin.py:188} INFO - [2024-07-13T01:40:26.759+0000] {dagbag.py:545} INFO - Filling up the DagBag from /home/airflow/.local/lib/python3.12/site-packages/airflow/example_dags/tutorial.py
[2024-07-13T01:40:26.767+0000] {processor.py:840} INFO - DAG(s) 'tutorial' retrieved from /home/airflow/.local/lib/python3.12/site-packages/airflow/example_dags/tutorial.py
[2024-07-13T01:40:26.792+0000] {logging_mixin.py:188} INFO - [2024-07-13T01:40:26.792+0000] {dag.py:3096} INFO - Sync 1 DAGs
[2024-07-13T01:40:26.820+0000] {logging_mixin.py:188} INFO - [2024-07-13T01:40:26.819+0000] {dag.py:3954} INFO - Setting next_dagrun for tutorial to 2024-07-12 00:00:00+00:00, run_after=2024-07-13 00:00:00+00:00
[2024-07-13T01:40:26.843+0000] {processor.py:183} INFO - Processing /home/airflow/.local/lib/python3.12/site-packages/airflow/example_dags/tutorial.py took 0.096 seconds
[2024-07-13T01:40:57.128+0000] {processor.py:161} INFO - Started process (PID=1528) to work on /home/airflow/.local/lib/python3.12/site-packages/airflow/example_dags/tutorial.py
[2024-07-13T01:40:57.129+0000] {processor.py:830} INFO - Processing file /home/airflow/.local/lib/python3.12/site-packages/airflow/example_dags/tutorial.py for tasks to queue
[2024-07-13T01:40:57.131+0000] {logging_mixin.py:188} INFO - [2024-07-13T01:40:57.131+0000] {dagbag.py:545} INFO - Filling up the DagBag from /home/airflow/.local/lib/python3.12/site-packages/airflow/example_dags/tutorial.py
[2024-07-13T01:40:57.137+0000] {processor.py:840} INFO - DAG(s) 'tutorial' retrieved from /home/airflow/.local/lib/python3.12/site-packages/airflow/example_dags/tutorial.py
[2024-07-13T01:40:57.164+0000] {logging_mixin.py:188} INFO - [2024-07-13T01:40:57.164+0000] {dag.py:3096} INFO - Sync 1 DAGs
[2024-07-13T01:40:57.190+0000] {logging_mixin.py:188} INFO - [2024-07-13T01:40:57.190+0000] {dag.py:3954} INFO - Setting next_dagrun for tutorial to 2024-07-12 00:00:00+00:00, run_after=2024-07-13 00:00:00+00:00
[2024-07-13T01:40:57.215+0000] {processor.py:183} INFO - Processing /home/airflow/.local/lib/python3.12/site-packages/airflow/example_dags/tutorial.py took 0.094 seconds
[2024-07-13T01:41:27.523+0000] {processor.py:161} INFO - Started process (PID=1586) to work on /home/airflow/.local/lib/python3.12/site-packages/airflow/example_dags/tutorial.py
[2024-07-13T01:41:27.525+0000] {processor.py:830} INFO - Processing file /home/airflow/.local/lib/python3.12/site-packages/airflow/example_dags/tutorial.py for tasks to queue
[2024-07-13T01:41:27.527+0000] {logging_mixin.py:188} INFO - [2024-07-13T01:41:27.527+0000] {dagbag.py:545} INFO - Filling up the DagBag from /home/airflow/.local/lib/python3.12/site-packages/airflow/example_dags/tutorial.py
[2024-07-13T01:41:27.534+0000] {processor.py:840} INFO - DAG(s) 'tutorial' retrieved from /home/airflow/.local/lib/python3.12/site-packages/airflow/example_dags/tutorial.py
[2024-07-13T01:41:27.558+0000] {logging_mixin.py:188} INFO - [2024-07-13T01:41:27.558+0000] {dag.py:3096} INFO - Sync 1 DAGs
[2024-07-13T01:41:27.585+0000] {logging_mixin.py:188} INFO - [2024-07-13T01:41:27.584+0000] {dag.py:3954} INFO - Setting next_dagrun for tutorial to 2024-07-12 00:00:00+00:00, run_after=2024-07-13 00:00:00+00:00
[2024-07-13T01:41:27.615+0000] {processor.py:183} INFO - Processing /home/airflow/.local/lib/python3.12/site-packages/airflow/example_dags/tutorial.py took 0.098 seconds
[2024-07-13T01:41:57.898+0000] {processor.py:161} INFO - Started process (PID=1643) to work on /home/airflow/.local/lib/python3.12/site-packages/airflow/example_dags/tutorial.py
[2024-07-13T01:41:57.900+0000] {processor.py:830} INFO - Processing file /home/airflow/.local/lib/python3.12/site-packages/airflow/example_dags/tutorial.py for tasks to queue
[2024-07-13T01:41:57.902+0000] {logging_mixin.py:188} INFO - [2024-07-13T01:41:57.902+0000] {dagbag.py:545} INFO - Filling up the DagBag from /home/airflow/.local/lib/python3.12/site-packages/airflow/example_dags/tutorial.py
[2024-07-13T01:41:57.909+0000] {processor.py:840} INFO - DAG(s) 'tutorial' retrieved from /home/airflow/.local/lib/python3.12/site-packages/airflow/example_dags/tutorial.py
[2024-07-13T01:41:57.935+0000] {logging_mixin.py:188} INFO - [2024-07-13T01:41:57.935+0000] {dag.py:3096} INFO - Sync 1 DAGs
[2024-07-13T01:41:57.961+0000] {logging_mixin.py:188} INFO - [2024-07-13T01:41:57.961+0000] {dag.py:3954} INFO - Setting next_dagrun for tutorial to 2024-07-12 00:00:00+00:00, run_after=2024-07-13 00:00:00+00:00
[2024-07-13T01:41:57.985+0000] {processor.py:183} INFO - Processing /home/airflow/.local/lib/python3.12/site-packages/airflow/example_dags/tutorial.py took 0.094 seconds
[2024-07-13T01:42:28.218+0000] {processor.py:161} INFO - Started process (PID=1702) to work on /home/airflow/.local/lib/python3.12/site-packages/airflow/example_dags/tutorial.py
[2024-07-13T01:42:28.219+0000] {processor.py:830} INFO - Processing file /home/airflow/.local/lib/python3.12/site-packages/airflow/example_dags/tutorial.py for tasks to queue
[2024-07-13T01:42:28.221+0000] {logging_mixin.py:188} INFO - [2024-07-13T01:42:28.221+0000] {dagbag.py:545} INFO - Filling up the DagBag from /home/airflow/.local/lib/python3.12/site-packages/airflow/example_dags/tutorial.py
[2024-07-13T01:42:28.228+0000] {processor.py:840} INFO - DAG(s) 'tutorial' retrieved from /home/airflow/.local/lib/python3.12/site-packages/airflow/example_dags/tutorial.py
[2024-07-13T01:42:28.251+0000] {logging_mixin.py:188} INFO - [2024-07-13T01:42:28.251+0000] {dag.py:3096} INFO - Sync 1 DAGs
[2024-07-13T01:42:28.276+0000] {logging_mixin.py:188} INFO - [2024-07-13T01:42:28.276+0000] {dag.py:3954} INFO - Setting next_dagrun for tutorial to 2024-07-12 00:00:00+00:00, run_after=2024-07-13 00:00:00+00:00
[2024-07-13T01:42:28.302+0000] {processor.py:183} INFO - Processing /home/airflow/.local/lib/python3.12/site-packages/airflow/example_dags/tutorial.py took 0.091 seconds
[2024-07-13T01:42:58.880+0000] {processor.py:161} INFO - Started process (PID=1760) to work on /home/airflow/.local/lib/python3.12/site-packages/airflow/example_dags/tutorial.py
[2024-07-13T01:42:58.882+0000] {processor.py:830} INFO - Processing file /home/airflow/.local/lib/python3.12/site-packages/airflow/example_dags/tutorial.py for tasks to queue
[2024-07-13T01:42:58.884+0000] {logging_mixin.py:188} INFO - [2024-07-13T01:42:58.884+0000] {dagbag.py:545} INFO - Filling up the DagBag from /home/airflow/.local/lib/python3.12/site-packages/airflow/example_dags/tutorial.py
[2024-07-13T01:42:58.891+0000] {processor.py:840} INFO - DAG(s) 'tutorial' retrieved from /home/airflow/.local/lib/python3.12/site-packages/airflow/example_dags/tutorial.py
[2024-07-13T01:42:58.913+0000] {logging_mixin.py:188} INFO - [2024-07-13T01:42:58.913+0000] {dag.py:3096} INFO - Sync 1 DAGs
[2024-07-13T01:42:58.938+0000] {logging_mixin.py:188} INFO - [2024-07-13T01:42:58.937+0000] {dag.py:3954} INFO - Setting next_dagrun for tutorial to 2024-07-12 00:00:00+00:00, run_after=2024-07-13 00:00:00+00:00
[2024-07-13T01:42:58.959+0000] {processor.py:183} INFO - Processing /home/airflow/.local/lib/python3.12/site-packages/airflow/example_dags/tutorial.py took 0.086 seconds
[2024-07-13T01:43:30.260+0000] {processor.py:161} INFO - Started process (PID=1818) to work on /home/airflow/.local/lib/python3.12/site-packages/airflow/example_dags/tutorial.py
[2024-07-13T01:43:30.261+0000] {processor.py:830} INFO - Processing file /home/airflow/.local/lib/python3.12/site-packages/airflow/example_dags/tutorial.py for tasks to queue
[2024-07-13T01:43:30.263+0000] {logging_mixin.py:188} INFO - [2024-07-13T01:43:30.262+0000] {dagbag.py:545} INFO - Filling up the DagBag from /home/airflow/.local/lib/python3.12/site-packages/airflow/example_dags/tutorial.py
[2024-07-13T01:43:30.272+0000] {processor.py:840} INFO - DAG(s) 'tutorial' retrieved from /home/airflow/.local/lib/python3.12/site-packages/airflow/example_dags/tutorial.py
[2024-07-13T01:43:30.303+0000] {logging_mixin.py:188} INFO - [2024-07-13T01:43:30.303+0000] {dag.py:3096} INFO - Sync 1 DAGs
[2024-07-13T01:43:30.341+0000] {logging_mixin.py:188} INFO - [2024-07-13T01:43:30.341+0000] {dag.py:3954} INFO - Setting next_dagrun for tutorial to 2024-07-12 00:00:00+00:00, run_after=2024-07-13 00:00:00+00:00
[2024-07-13T01:43:30.381+0000] {processor.py:183} INFO - Processing /home/airflow/.local/lib/python3.12/site-packages/airflow/example_dags/tutorial.py took 0.129 seconds
