[2024-07-10T13:36:34.257+0000] {processor.py:161} INFO - Started process (PID=77) to work on /home/airflow/.local/lib/python3.12/site-packages/airflow/example_dags/example_branch_labels.py
[2024-07-10T13:36:34.258+0000] {processor.py:830} INFO - Processing file /home/airflow/.local/lib/python3.12/site-packages/airflow/example_dags/example_branch_labels.py for tasks to queue
[2024-07-10T13:36:34.261+0000] {logging_mixin.py:188} INFO - [2024-07-10T13:36:34.259+0000] {dagbag.py:545} INFO - Filling up the DagBag from /home/airflow/.local/lib/python3.12/site-packages/airflow/example_dags/example_branch_labels.py
[2024-07-10T13:36:34.276+0000] {processor.py:840} INFO - DAG(s) 'example_branch_labels' retrieved from /home/airflow/.local/lib/python3.12/site-packages/airflow/example_dags/example_branch_labels.py
[2024-07-10T13:36:34.424+0000] {logging_mixin.py:188} INFO - [2024-07-10T13:36:34.424+0000] {dag.py:3096} INFO - Sync 1 DAGs
[2024-07-10T13:36:34.448+0000] {logging_mixin.py:188} INFO - [2024-07-10T13:36:34.447+0000] {dag.py:3954} INFO - Setting next_dagrun for example_branch_labels to 2024-07-09 00:00:00+00:00, run_after=2024-07-10 00:00:00+00:00
[2024-07-10T13:36:34.480+0000] {processor.py:183} INFO - Processing /home/airflow/.local/lib/python3.12/site-packages/airflow/example_dags/example_branch_labels.py took 0.231 seconds
[2024-07-10T23:22:29.903+0000] {processor.py:161} INFO - Started process (PID=69) to work on /home/airflow/.local/lib/python3.12/site-packages/airflow/example_dags/example_branch_labels.py
[2024-07-10T23:22:29.904+0000] {processor.py:830} INFO - Processing file /home/airflow/.local/lib/python3.12/site-packages/airflow/example_dags/example_branch_labels.py for tasks to queue
[2024-07-10T23:22:29.906+0000] {logging_mixin.py:188} INFO - [2024-07-10T23:22:29.906+0000] {dagbag.py:545} INFO - Filling up the DagBag from /home/airflow/.local/lib/python3.12/site-packages/airflow/example_dags/example_branch_labels.py
[2024-07-10T23:22:29.916+0000] {processor.py:840} INFO - DAG(s) 'example_branch_labels' retrieved from /home/airflow/.local/lib/python3.12/site-packages/airflow/example_dags/example_branch_labels.py
[2024-07-10T23:22:29.944+0000] {logging_mixin.py:188} INFO - [2024-07-10T23:22:29.944+0000] {dag.py:3096} INFO - Sync 1 DAGs
[2024-07-10T23:22:29.984+0000] {logging_mixin.py:188} INFO - [2024-07-10T23:22:29.983+0000] {dag.py:3954} INFO - Setting next_dagrun for example_branch_labels to 2024-07-09 00:00:00+00:00, run_after=2024-07-10 00:00:00+00:00
[2024-07-10T23:22:30.010+0000] {processor.py:183} INFO - Processing /home/airflow/.local/lib/python3.12/site-packages/airflow/example_dags/example_branch_labels.py took 0.115 seconds
[2024-07-10T23:23:00.886+0000] {processor.py:161} INFO - Started process (PID=127) to work on /home/airflow/.local/lib/python3.12/site-packages/airflow/example_dags/example_branch_labels.py
[2024-07-10T23:23:00.887+0000] {processor.py:830} INFO - Processing file /home/airflow/.local/lib/python3.12/site-packages/airflow/example_dags/example_branch_labels.py for tasks to queue
[2024-07-10T23:23:00.890+0000] {logging_mixin.py:188} INFO - [2024-07-10T23:23:00.889+0000] {dagbag.py:545} INFO - Filling up the DagBag from /home/airflow/.local/lib/python3.12/site-packages/airflow/example_dags/example_branch_labels.py
[2024-07-10T23:23:00.901+0000] {processor.py:840} INFO - DAG(s) 'example_branch_labels' retrieved from /home/airflow/.local/lib/python3.12/site-packages/airflow/example_dags/example_branch_labels.py
[2024-07-10T23:23:00.928+0000] {logging_mixin.py:188} INFO - [2024-07-10T23:23:00.928+0000] {dag.py:3096} INFO - Sync 1 DAGs
[2024-07-10T23:23:00.955+0000] {logging_mixin.py:188} INFO - [2024-07-10T23:23:00.955+0000] {dag.py:3954} INFO - Setting next_dagrun for example_branch_labels to 2024-07-09 00:00:00+00:00, run_after=2024-07-10 00:00:00+00:00
[2024-07-10T23:23:00.980+0000] {processor.py:183} INFO - Processing /home/airflow/.local/lib/python3.12/site-packages/airflow/example_dags/example_branch_labels.py took 0.101 seconds
[2024-07-10T23:23:31.866+0000] {processor.py:161} INFO - Started process (PID=185) to work on /home/airflow/.local/lib/python3.12/site-packages/airflow/example_dags/example_branch_labels.py
[2024-07-10T23:23:31.867+0000] {processor.py:830} INFO - Processing file /home/airflow/.local/lib/python3.12/site-packages/airflow/example_dags/example_branch_labels.py for tasks to queue
[2024-07-10T23:23:31.869+0000] {logging_mixin.py:188} INFO - [2024-07-10T23:23:31.869+0000] {dagbag.py:545} INFO - Filling up the DagBag from /home/airflow/.local/lib/python3.12/site-packages/airflow/example_dags/example_branch_labels.py
[2024-07-10T23:23:31.879+0000] {processor.py:840} INFO - DAG(s) 'example_branch_labels' retrieved from /home/airflow/.local/lib/python3.12/site-packages/airflow/example_dags/example_branch_labels.py
[2024-07-10T23:23:31.906+0000] {logging_mixin.py:188} INFO - [2024-07-10T23:23:31.906+0000] {dag.py:3096} INFO - Sync 1 DAGs
[2024-07-10T23:23:31.940+0000] {logging_mixin.py:188} INFO - [2024-07-10T23:23:31.939+0000] {dag.py:3954} INFO - Setting next_dagrun for example_branch_labels to 2024-07-09 00:00:00+00:00, run_after=2024-07-10 00:00:00+00:00
[2024-07-10T23:23:31.965+0000] {processor.py:183} INFO - Processing /home/airflow/.local/lib/python3.12/site-packages/airflow/example_dags/example_branch_labels.py took 0.106 seconds
[2024-07-10T23:24:02.339+0000] {processor.py:161} INFO - Started process (PID=243) to work on /home/airflow/.local/lib/python3.12/site-packages/airflow/example_dags/example_branch_labels.py
[2024-07-10T23:24:02.340+0000] {processor.py:830} INFO - Processing file /home/airflow/.local/lib/python3.12/site-packages/airflow/example_dags/example_branch_labels.py for tasks to queue
[2024-07-10T23:24:02.342+0000] {logging_mixin.py:188} INFO - [2024-07-10T23:24:02.342+0000] {dagbag.py:545} INFO - Filling up the DagBag from /home/airflow/.local/lib/python3.12/site-packages/airflow/example_dags/example_branch_labels.py
[2024-07-10T23:24:02.351+0000] {processor.py:840} INFO - DAG(s) 'example_branch_labels' retrieved from /home/airflow/.local/lib/python3.12/site-packages/airflow/example_dags/example_branch_labels.py
[2024-07-10T23:24:02.375+0000] {logging_mixin.py:188} INFO - [2024-07-10T23:24:02.374+0000] {dag.py:3096} INFO - Sync 1 DAGs
[2024-07-10T23:24:02.401+0000] {logging_mixin.py:188} INFO - [2024-07-10T23:24:02.401+0000] {dag.py:3954} INFO - Setting next_dagrun for example_branch_labels to 2024-07-09 00:00:00+00:00, run_after=2024-07-10 00:00:00+00:00
[2024-07-10T23:24:02.422+0000] {processor.py:183} INFO - Processing /home/airflow/.local/lib/python3.12/site-packages/airflow/example_dags/example_branch_labels.py took 0.090 seconds
[2024-07-10T23:24:32.649+0000] {processor.py:161} INFO - Started process (PID=301) to work on /home/airflow/.local/lib/python3.12/site-packages/airflow/example_dags/example_branch_labels.py
[2024-07-10T23:24:32.650+0000] {processor.py:830} INFO - Processing file /home/airflow/.local/lib/python3.12/site-packages/airflow/example_dags/example_branch_labels.py for tasks to queue
[2024-07-10T23:24:32.652+0000] {logging_mixin.py:188} INFO - [2024-07-10T23:24:32.652+0000] {dagbag.py:545} INFO - Filling up the DagBag from /home/airflow/.local/lib/python3.12/site-packages/airflow/example_dags/example_branch_labels.py
[2024-07-10T23:24:32.660+0000] {processor.py:840} INFO - DAG(s) 'example_branch_labels' retrieved from /home/airflow/.local/lib/python3.12/site-packages/airflow/example_dags/example_branch_labels.py
[2024-07-10T23:24:32.685+0000] {logging_mixin.py:188} INFO - [2024-07-10T23:24:32.685+0000] {dag.py:3096} INFO - Sync 1 DAGs
[2024-07-10T23:24:32.712+0000] {logging_mixin.py:188} INFO - [2024-07-10T23:24:32.711+0000] {dag.py:3954} INFO - Setting next_dagrun for example_branch_labels to 2024-07-09 00:00:00+00:00, run_after=2024-07-10 00:00:00+00:00
[2024-07-10T23:24:32.734+0000] {processor.py:183} INFO - Processing /home/airflow/.local/lib/python3.12/site-packages/airflow/example_dags/example_branch_labels.py took 0.092 seconds
[2024-07-10T23:25:03.276+0000] {processor.py:161} INFO - Started process (PID=359) to work on /home/airflow/.local/lib/python3.12/site-packages/airflow/example_dags/example_branch_labels.py
[2024-07-10T23:25:03.277+0000] {processor.py:830} INFO - Processing file /home/airflow/.local/lib/python3.12/site-packages/airflow/example_dags/example_branch_labels.py for tasks to queue
[2024-07-10T23:25:03.279+0000] {logging_mixin.py:188} INFO - [2024-07-10T23:25:03.278+0000] {dagbag.py:545} INFO - Filling up the DagBag from /home/airflow/.local/lib/python3.12/site-packages/airflow/example_dags/example_branch_labels.py
[2024-07-10T23:25:03.287+0000] {processor.py:840} INFO - DAG(s) 'example_branch_labels' retrieved from /home/airflow/.local/lib/python3.12/site-packages/airflow/example_dags/example_branch_labels.py
[2024-07-10T23:25:03.312+0000] {logging_mixin.py:188} INFO - [2024-07-10T23:25:03.312+0000] {dag.py:3096} INFO - Sync 1 DAGs
[2024-07-10T23:25:03.338+0000] {logging_mixin.py:188} INFO - [2024-07-10T23:25:03.338+0000] {dag.py:3954} INFO - Setting next_dagrun for example_branch_labels to 2024-07-09 00:00:00+00:00, run_after=2024-07-10 00:00:00+00:00
[2024-07-10T23:25:03.363+0000] {processor.py:183} INFO - Processing /home/airflow/.local/lib/python3.12/site-packages/airflow/example_dags/example_branch_labels.py took 0.094 seconds
[2024-07-10T23:25:33.680+0000] {processor.py:161} INFO - Started process (PID=418) to work on /home/airflow/.local/lib/python3.12/site-packages/airflow/example_dags/example_branch_labels.py
[2024-07-10T23:25:33.683+0000] {processor.py:830} INFO - Processing file /home/airflow/.local/lib/python3.12/site-packages/airflow/example_dags/example_branch_labels.py for tasks to queue
[2024-07-10T23:25:33.686+0000] {logging_mixin.py:188} INFO - [2024-07-10T23:25:33.685+0000] {dagbag.py:545} INFO - Filling up the DagBag from /home/airflow/.local/lib/python3.12/site-packages/airflow/example_dags/example_branch_labels.py
[2024-07-10T23:25:33.697+0000] {processor.py:840} INFO - DAG(s) 'example_branch_labels' retrieved from /home/airflow/.local/lib/python3.12/site-packages/airflow/example_dags/example_branch_labels.py
[2024-07-10T23:25:33.723+0000] {logging_mixin.py:188} INFO - [2024-07-10T23:25:33.722+0000] {dag.py:3096} INFO - Sync 1 DAGs
[2024-07-10T23:25:33.757+0000] {logging_mixin.py:188} INFO - [2024-07-10T23:25:33.757+0000] {dag.py:3954} INFO - Setting next_dagrun for example_branch_labels to 2024-07-09 00:00:00+00:00, run_after=2024-07-10 00:00:00+00:00
[2024-07-10T23:25:33.783+0000] {processor.py:183} INFO - Processing /home/airflow/.local/lib/python3.12/site-packages/airflow/example_dags/example_branch_labels.py took 0.111 seconds
[2024-07-10T23:26:03.943+0000] {processor.py:161} INFO - Started process (PID=477) to work on /home/airflow/.local/lib/python3.12/site-packages/airflow/example_dags/example_branch_labels.py
[2024-07-10T23:26:03.944+0000] {processor.py:830} INFO - Processing file /home/airflow/.local/lib/python3.12/site-packages/airflow/example_dags/example_branch_labels.py for tasks to queue
[2024-07-10T23:26:03.946+0000] {logging_mixin.py:188} INFO - [2024-07-10T23:26:03.945+0000] {dagbag.py:545} INFO - Filling up the DagBag from /home/airflow/.local/lib/python3.12/site-packages/airflow/example_dags/example_branch_labels.py
[2024-07-10T23:26:03.953+0000] {processor.py:840} INFO - DAG(s) 'example_branch_labels' retrieved from /home/airflow/.local/lib/python3.12/site-packages/airflow/example_dags/example_branch_labels.py
[2024-07-10T23:26:03.978+0000] {logging_mixin.py:188} INFO - [2024-07-10T23:26:03.978+0000] {dag.py:3096} INFO - Sync 1 DAGs
[2024-07-10T23:26:04.003+0000] {logging_mixin.py:188} INFO - [2024-07-10T23:26:04.003+0000] {dag.py:3954} INFO - Setting next_dagrun for example_branch_labels to 2024-07-09 00:00:00+00:00, run_after=2024-07-10 00:00:00+00:00
[2024-07-10T23:26:04.024+0000] {processor.py:183} INFO - Processing /home/airflow/.local/lib/python3.12/site-packages/airflow/example_dags/example_branch_labels.py took 0.087 seconds
[2024-07-10T23:26:34.216+0000] {processor.py:161} INFO - Started process (PID=535) to work on /home/airflow/.local/lib/python3.12/site-packages/airflow/example_dags/example_branch_labels.py
[2024-07-10T23:26:34.218+0000] {processor.py:830} INFO - Processing file /home/airflow/.local/lib/python3.12/site-packages/airflow/example_dags/example_branch_labels.py for tasks to queue
[2024-07-10T23:26:34.220+0000] {logging_mixin.py:188} INFO - [2024-07-10T23:26:34.219+0000] {dagbag.py:545} INFO - Filling up the DagBag from /home/airflow/.local/lib/python3.12/site-packages/airflow/example_dags/example_branch_labels.py
[2024-07-10T23:26:34.228+0000] {processor.py:840} INFO - DAG(s) 'example_branch_labels' retrieved from /home/airflow/.local/lib/python3.12/site-packages/airflow/example_dags/example_branch_labels.py
[2024-07-10T23:26:34.252+0000] {logging_mixin.py:188} INFO - [2024-07-10T23:26:34.252+0000] {dag.py:3096} INFO - Sync 1 DAGs
[2024-07-10T23:26:34.279+0000] {logging_mixin.py:188} INFO - [2024-07-10T23:26:34.279+0000] {dag.py:3954} INFO - Setting next_dagrun for example_branch_labels to 2024-07-09 00:00:00+00:00, run_after=2024-07-10 00:00:00+00:00
[2024-07-10T23:26:34.301+0000] {processor.py:183} INFO - Processing /home/airflow/.local/lib/python3.12/site-packages/airflow/example_dags/example_branch_labels.py took 0.092 seconds
[2024-07-10T23:27:04.722+0000] {processor.py:161} INFO - Started process (PID=592) to work on /home/airflow/.local/lib/python3.12/site-packages/airflow/example_dags/example_branch_labels.py
[2024-07-10T23:27:04.723+0000] {processor.py:830} INFO - Processing file /home/airflow/.local/lib/python3.12/site-packages/airflow/example_dags/example_branch_labels.py for tasks to queue
[2024-07-10T23:27:04.725+0000] {logging_mixin.py:188} INFO - [2024-07-10T23:27:04.725+0000] {dagbag.py:545} INFO - Filling up the DagBag from /home/airflow/.local/lib/python3.12/site-packages/airflow/example_dags/example_branch_labels.py
[2024-07-10T23:27:04.734+0000] {processor.py:840} INFO - DAG(s) 'example_branch_labels' retrieved from /home/airflow/.local/lib/python3.12/site-packages/airflow/example_dags/example_branch_labels.py
[2024-07-10T23:27:04.760+0000] {logging_mixin.py:188} INFO - [2024-07-10T23:27:04.759+0000] {dag.py:3096} INFO - Sync 1 DAGs
[2024-07-10T23:27:04.794+0000] {logging_mixin.py:188} INFO - [2024-07-10T23:27:04.794+0000] {dag.py:3954} INFO - Setting next_dagrun for example_branch_labels to 2024-07-09 00:00:00+00:00, run_after=2024-07-10 00:00:00+00:00
[2024-07-10T23:27:04.831+0000] {processor.py:183} INFO - Processing /home/airflow/.local/lib/python3.12/site-packages/airflow/example_dags/example_branch_labels.py took 0.116 seconds
[2024-07-10T23:27:35.136+0000] {processor.py:161} INFO - Started process (PID=651) to work on /home/airflow/.local/lib/python3.12/site-packages/airflow/example_dags/example_branch_labels.py
[2024-07-10T23:27:35.138+0000] {processor.py:830} INFO - Processing file /home/airflow/.local/lib/python3.12/site-packages/airflow/example_dags/example_branch_labels.py for tasks to queue
[2024-07-10T23:27:35.140+0000] {logging_mixin.py:188} INFO - [2024-07-10T23:27:35.140+0000] {dagbag.py:545} INFO - Filling up the DagBag from /home/airflow/.local/lib/python3.12/site-packages/airflow/example_dags/example_branch_labels.py
[2024-07-10T23:27:35.149+0000] {processor.py:840} INFO - DAG(s) 'example_branch_labels' retrieved from /home/airflow/.local/lib/python3.12/site-packages/airflow/example_dags/example_branch_labels.py
[2024-07-10T23:27:35.183+0000] {logging_mixin.py:188} INFO - [2024-07-10T23:27:35.183+0000] {dag.py:3096} INFO - Sync 1 DAGs
[2024-07-10T23:27:35.211+0000] {logging_mixin.py:188} INFO - [2024-07-10T23:27:35.211+0000] {dag.py:3954} INFO - Setting next_dagrun for example_branch_labels to 2024-07-09 00:00:00+00:00, run_after=2024-07-10 00:00:00+00:00
[2024-07-10T23:27:35.240+0000] {processor.py:183} INFO - Processing /home/airflow/.local/lib/python3.12/site-packages/airflow/example_dags/example_branch_labels.py took 0.111 seconds
[2024-07-10T23:28:05.348+0000] {processor.py:161} INFO - Started process (PID=709) to work on /home/airflow/.local/lib/python3.12/site-packages/airflow/example_dags/example_branch_labels.py
[2024-07-10T23:28:05.349+0000] {processor.py:830} INFO - Processing file /home/airflow/.local/lib/python3.12/site-packages/airflow/example_dags/example_branch_labels.py for tasks to queue
[2024-07-10T23:28:05.351+0000] {logging_mixin.py:188} INFO - [2024-07-10T23:28:05.350+0000] {dagbag.py:545} INFO - Filling up the DagBag from /home/airflow/.local/lib/python3.12/site-packages/airflow/example_dags/example_branch_labels.py
[2024-07-10T23:28:05.359+0000] {processor.py:840} INFO - DAG(s) 'example_branch_labels' retrieved from /home/airflow/.local/lib/python3.12/site-packages/airflow/example_dags/example_branch_labels.py
[2024-07-10T23:28:05.384+0000] {logging_mixin.py:188} INFO - [2024-07-10T23:28:05.384+0000] {dag.py:3096} INFO - Sync 1 DAGs
[2024-07-10T23:28:05.413+0000] {logging_mixin.py:188} INFO - [2024-07-10T23:28:05.412+0000] {dag.py:3954} INFO - Setting next_dagrun for example_branch_labels to 2024-07-09 00:00:00+00:00, run_after=2024-07-10 00:00:00+00:00
[2024-07-10T23:28:05.437+0000] {processor.py:183} INFO - Processing /home/airflow/.local/lib/python3.12/site-packages/airflow/example_dags/example_branch_labels.py took 0.095 seconds
[2024-07-10T23:28:35.620+0000] {processor.py:161} INFO - Started process (PID=767) to work on /home/airflow/.local/lib/python3.12/site-packages/airflow/example_dags/example_branch_labels.py
[2024-07-10T23:28:35.622+0000] {processor.py:830} INFO - Processing file /home/airflow/.local/lib/python3.12/site-packages/airflow/example_dags/example_branch_labels.py for tasks to queue
[2024-07-10T23:28:35.624+0000] {logging_mixin.py:188} INFO - [2024-07-10T23:28:35.623+0000] {dagbag.py:545} INFO - Filling up the DagBag from /home/airflow/.local/lib/python3.12/site-packages/airflow/example_dags/example_branch_labels.py
[2024-07-10T23:28:35.632+0000] {processor.py:840} INFO - DAG(s) 'example_branch_labels' retrieved from /home/airflow/.local/lib/python3.12/site-packages/airflow/example_dags/example_branch_labels.py
[2024-07-10T23:28:35.656+0000] {logging_mixin.py:188} INFO - [2024-07-10T23:28:35.655+0000] {dag.py:3096} INFO - Sync 1 DAGs
[2024-07-10T23:28:35.685+0000] {logging_mixin.py:188} INFO - [2024-07-10T23:28:35.685+0000] {dag.py:3954} INFO - Setting next_dagrun for example_branch_labels to 2024-07-09 00:00:00+00:00, run_after=2024-07-10 00:00:00+00:00
[2024-07-10T23:28:35.709+0000] {processor.py:183} INFO - Processing /home/airflow/.local/lib/python3.12/site-packages/airflow/example_dags/example_branch_labels.py took 0.096 seconds
[2024-07-10T23:29:06.104+0000] {processor.py:161} INFO - Started process (PID=825) to work on /home/airflow/.local/lib/python3.12/site-packages/airflow/example_dags/example_branch_labels.py
[2024-07-10T23:29:06.104+0000] {processor.py:830} INFO - Processing file /home/airflow/.local/lib/python3.12/site-packages/airflow/example_dags/example_branch_labels.py for tasks to queue
[2024-07-10T23:29:06.106+0000] {logging_mixin.py:188} INFO - [2024-07-10T23:29:06.106+0000] {dagbag.py:545} INFO - Filling up the DagBag from /home/airflow/.local/lib/python3.12/site-packages/airflow/example_dags/example_branch_labels.py
[2024-07-10T23:29:06.115+0000] {processor.py:840} INFO - DAG(s) 'example_branch_labels' retrieved from /home/airflow/.local/lib/python3.12/site-packages/airflow/example_dags/example_branch_labels.py
[2024-07-10T23:29:06.141+0000] {logging_mixin.py:188} INFO - [2024-07-10T23:29:06.140+0000] {dag.py:3096} INFO - Sync 1 DAGs
[2024-07-10T23:29:06.166+0000] {logging_mixin.py:188} INFO - [2024-07-10T23:29:06.166+0000] {dag.py:3954} INFO - Setting next_dagrun for example_branch_labels to 2024-07-09 00:00:00+00:00, run_after=2024-07-10 00:00:00+00:00
[2024-07-10T23:29:06.189+0000] {processor.py:183} INFO - Processing /home/airflow/.local/lib/python3.12/site-packages/airflow/example_dags/example_branch_labels.py took 0.092 seconds
[2024-07-10T23:29:36.994+0000] {processor.py:161} INFO - Started process (PID=888) to work on /home/airflow/.local/lib/python3.12/site-packages/airflow/example_dags/example_branch_labels.py
[2024-07-10T23:29:36.995+0000] {processor.py:830} INFO - Processing file /home/airflow/.local/lib/python3.12/site-packages/airflow/example_dags/example_branch_labels.py for tasks to queue
[2024-07-10T23:29:36.997+0000] {logging_mixin.py:188} INFO - [2024-07-10T23:29:36.996+0000] {dagbag.py:545} INFO - Filling up the DagBag from /home/airflow/.local/lib/python3.12/site-packages/airflow/example_dags/example_branch_labels.py
[2024-07-10T23:29:37.005+0000] {processor.py:840} INFO - DAG(s) 'example_branch_labels' retrieved from /home/airflow/.local/lib/python3.12/site-packages/airflow/example_dags/example_branch_labels.py
[2024-07-10T23:29:37.031+0000] {logging_mixin.py:188} INFO - [2024-07-10T23:29:37.031+0000] {dag.py:3096} INFO - Sync 1 DAGs
[2024-07-10T23:29:37.056+0000] {logging_mixin.py:188} INFO - [2024-07-10T23:29:37.056+0000] {dag.py:3954} INFO - Setting next_dagrun for example_branch_labels to 2024-07-09 00:00:00+00:00, run_after=2024-07-10 00:00:00+00:00
[2024-07-10T23:29:37.087+0000] {processor.py:183} INFO - Processing /home/airflow/.local/lib/python3.12/site-packages/airflow/example_dags/example_branch_labels.py took 0.099 seconds
[2024-07-10T23:30:07.404+0000] {processor.py:161} INFO - Started process (PID=946) to work on /home/airflow/.local/lib/python3.12/site-packages/airflow/example_dags/example_branch_labels.py
[2024-07-10T23:30:07.407+0000] {processor.py:830} INFO - Processing file /home/airflow/.local/lib/python3.12/site-packages/airflow/example_dags/example_branch_labels.py for tasks to queue
[2024-07-10T23:30:07.410+0000] {logging_mixin.py:188} INFO - [2024-07-10T23:30:07.410+0000] {dagbag.py:545} INFO - Filling up the DagBag from /home/airflow/.local/lib/python3.12/site-packages/airflow/example_dags/example_branch_labels.py
[2024-07-10T23:30:07.419+0000] {processor.py:840} INFO - DAG(s) 'example_branch_labels' retrieved from /home/airflow/.local/lib/python3.12/site-packages/airflow/example_dags/example_branch_labels.py
[2024-07-10T23:30:07.444+0000] {logging_mixin.py:188} INFO - [2024-07-10T23:30:07.444+0000] {dag.py:3096} INFO - Sync 1 DAGs
[2024-07-10T23:30:07.473+0000] {logging_mixin.py:188} INFO - [2024-07-10T23:30:07.472+0000] {dag.py:3954} INFO - Setting next_dagrun for example_branch_labels to 2024-07-09 00:00:00+00:00, run_after=2024-07-10 00:00:00+00:00
[2024-07-10T23:30:07.494+0000] {processor.py:183} INFO - Processing /home/airflow/.local/lib/python3.12/site-packages/airflow/example_dags/example_branch_labels.py took 0.098 seconds
[2024-07-10T23:30:37.752+0000] {processor.py:161} INFO - Started process (PID=1004) to work on /home/airflow/.local/lib/python3.12/site-packages/airflow/example_dags/example_branch_labels.py
[2024-07-10T23:30:37.753+0000] {processor.py:830} INFO - Processing file /home/airflow/.local/lib/python3.12/site-packages/airflow/example_dags/example_branch_labels.py for tasks to queue
[2024-07-10T23:30:37.755+0000] {logging_mixin.py:188} INFO - [2024-07-10T23:30:37.755+0000] {dagbag.py:545} INFO - Filling up the DagBag from /home/airflow/.local/lib/python3.12/site-packages/airflow/example_dags/example_branch_labels.py
[2024-07-10T23:30:37.764+0000] {processor.py:840} INFO - DAG(s) 'example_branch_labels' retrieved from /home/airflow/.local/lib/python3.12/site-packages/airflow/example_dags/example_branch_labels.py
[2024-07-10T23:30:37.788+0000] {logging_mixin.py:188} INFO - [2024-07-10T23:30:37.787+0000] {dag.py:3096} INFO - Sync 1 DAGs
[2024-07-10T23:30:37.814+0000] {logging_mixin.py:188} INFO - [2024-07-10T23:30:37.814+0000] {dag.py:3954} INFO - Setting next_dagrun for example_branch_labels to 2024-07-09 00:00:00+00:00, run_after=2024-07-10 00:00:00+00:00
[2024-07-10T23:30:37.843+0000] {processor.py:183} INFO - Processing /home/airflow/.local/lib/python3.12/site-packages/airflow/example_dags/example_branch_labels.py took 0.099 seconds
[2024-07-10T23:31:08.927+0000] {processor.py:161} INFO - Started process (PID=1062) to work on /home/airflow/.local/lib/python3.12/site-packages/airflow/example_dags/example_branch_labels.py
[2024-07-10T23:31:08.928+0000] {processor.py:830} INFO - Processing file /home/airflow/.local/lib/python3.12/site-packages/airflow/example_dags/example_branch_labels.py for tasks to queue
[2024-07-10T23:31:08.930+0000] {logging_mixin.py:188} INFO - [2024-07-10T23:31:08.930+0000] {dagbag.py:545} INFO - Filling up the DagBag from /home/airflow/.local/lib/python3.12/site-packages/airflow/example_dags/example_branch_labels.py
[2024-07-10T23:31:08.939+0000] {processor.py:840} INFO - DAG(s) 'example_branch_labels' retrieved from /home/airflow/.local/lib/python3.12/site-packages/airflow/example_dags/example_branch_labels.py
[2024-07-10T23:31:08.964+0000] {logging_mixin.py:188} INFO - [2024-07-10T23:31:08.963+0000] {dag.py:3096} INFO - Sync 1 DAGs
[2024-07-10T23:31:08.992+0000] {logging_mixin.py:188} INFO - [2024-07-10T23:31:08.991+0000] {dag.py:3954} INFO - Setting next_dagrun for example_branch_labels to 2024-07-09 00:00:00+00:00, run_after=2024-07-10 00:00:00+00:00
[2024-07-10T23:31:09.017+0000] {processor.py:183} INFO - Processing /home/airflow/.local/lib/python3.12/site-packages/airflow/example_dags/example_branch_labels.py took 0.097 seconds
[2024-07-10T23:31:39.267+0000] {processor.py:161} INFO - Started process (PID=1120) to work on /home/airflow/.local/lib/python3.12/site-packages/airflow/example_dags/example_branch_labels.py
[2024-07-10T23:31:39.268+0000] {processor.py:830} INFO - Processing file /home/airflow/.local/lib/python3.12/site-packages/airflow/example_dags/example_branch_labels.py for tasks to queue
[2024-07-10T23:31:39.270+0000] {logging_mixin.py:188} INFO - [2024-07-10T23:31:39.270+0000] {dagbag.py:545} INFO - Filling up the DagBag from /home/airflow/.local/lib/python3.12/site-packages/airflow/example_dags/example_branch_labels.py
[2024-07-10T23:31:39.278+0000] {processor.py:840} INFO - DAG(s) 'example_branch_labels' retrieved from /home/airflow/.local/lib/python3.12/site-packages/airflow/example_dags/example_branch_labels.py
[2024-07-10T23:31:39.307+0000] {logging_mixin.py:188} INFO - [2024-07-10T23:31:39.307+0000] {dag.py:3096} INFO - Sync 1 DAGs
[2024-07-10T23:31:39.334+0000] {logging_mixin.py:188} INFO - [2024-07-10T23:31:39.333+0000] {dag.py:3954} INFO - Setting next_dagrun for example_branch_labels to 2024-07-09 00:00:00+00:00, run_after=2024-07-10 00:00:00+00:00
[2024-07-10T23:31:39.357+0000] {processor.py:183} INFO - Processing /home/airflow/.local/lib/python3.12/site-packages/airflow/example_dags/example_branch_labels.py took 0.096 seconds
[2024-07-10T23:32:10.339+0000] {processor.py:161} INFO - Started process (PID=1178) to work on /home/airflow/.local/lib/python3.12/site-packages/airflow/example_dags/example_branch_labels.py
[2024-07-10T23:32:10.341+0000] {processor.py:830} INFO - Processing file /home/airflow/.local/lib/python3.12/site-packages/airflow/example_dags/example_branch_labels.py for tasks to queue
[2024-07-10T23:32:10.342+0000] {logging_mixin.py:188} INFO - [2024-07-10T23:32:10.342+0000] {dagbag.py:545} INFO - Filling up the DagBag from /home/airflow/.local/lib/python3.12/site-packages/airflow/example_dags/example_branch_labels.py
[2024-07-10T23:32:10.351+0000] {processor.py:840} INFO - DAG(s) 'example_branch_labels' retrieved from /home/airflow/.local/lib/python3.12/site-packages/airflow/example_dags/example_branch_labels.py
[2024-07-10T23:32:10.376+0000] {logging_mixin.py:188} INFO - [2024-07-10T23:32:10.375+0000] {dag.py:3096} INFO - Sync 1 DAGs
[2024-07-10T23:32:10.403+0000] {logging_mixin.py:188} INFO - [2024-07-10T23:32:10.402+0000] {dag.py:3954} INFO - Setting next_dagrun for example_branch_labels to 2024-07-09 00:00:00+00:00, run_after=2024-07-10 00:00:00+00:00
[2024-07-10T23:32:10.427+0000] {processor.py:183} INFO - Processing /home/airflow/.local/lib/python3.12/site-packages/airflow/example_dags/example_branch_labels.py took 0.094 seconds
[2024-07-10T23:32:40.722+0000] {processor.py:161} INFO - Started process (PID=1236) to work on /home/airflow/.local/lib/python3.12/site-packages/airflow/example_dags/example_branch_labels.py
[2024-07-10T23:32:40.731+0000] {processor.py:830} INFO - Processing file /home/airflow/.local/lib/python3.12/site-packages/airflow/example_dags/example_branch_labels.py for tasks to queue
[2024-07-10T23:32:40.733+0000] {logging_mixin.py:188} INFO - [2024-07-10T23:32:40.732+0000] {dagbag.py:545} INFO - Filling up the DagBag from /home/airflow/.local/lib/python3.12/site-packages/airflow/example_dags/example_branch_labels.py
[2024-07-10T23:32:40.743+0000] {processor.py:840} INFO - DAG(s) 'example_branch_labels' retrieved from /home/airflow/.local/lib/python3.12/site-packages/airflow/example_dags/example_branch_labels.py
[2024-07-10T23:32:40.774+0000] {logging_mixin.py:188} INFO - [2024-07-10T23:32:40.773+0000] {dag.py:3096} INFO - Sync 1 DAGs
[2024-07-10T23:32:40.805+0000] {logging_mixin.py:188} INFO - [2024-07-10T23:32:40.805+0000] {dag.py:3954} INFO - Setting next_dagrun for example_branch_labels to 2024-07-09 00:00:00+00:00, run_after=2024-07-10 00:00:00+00:00
[2024-07-10T23:32:40.841+0000] {processor.py:183} INFO - Processing /home/airflow/.local/lib/python3.12/site-packages/airflow/example_dags/example_branch_labels.py took 0.126 seconds
[2024-07-10T23:33:11.052+0000] {processor.py:161} INFO - Started process (PID=1294) to work on /home/airflow/.local/lib/python3.12/site-packages/airflow/example_dags/example_branch_labels.py
[2024-07-10T23:33:11.052+0000] {processor.py:830} INFO - Processing file /home/airflow/.local/lib/python3.12/site-packages/airflow/example_dags/example_branch_labels.py for tasks to queue
[2024-07-10T23:33:11.054+0000] {logging_mixin.py:188} INFO - [2024-07-10T23:33:11.054+0000] {dagbag.py:545} INFO - Filling up the DagBag from /home/airflow/.local/lib/python3.12/site-packages/airflow/example_dags/example_branch_labels.py
[2024-07-10T23:33:11.063+0000] {processor.py:840} INFO - DAG(s) 'example_branch_labels' retrieved from /home/airflow/.local/lib/python3.12/site-packages/airflow/example_dags/example_branch_labels.py
[2024-07-10T23:33:11.089+0000] {logging_mixin.py:188} INFO - [2024-07-10T23:33:11.089+0000] {dag.py:3096} INFO - Sync 1 DAGs
[2024-07-10T23:33:11.115+0000] {logging_mixin.py:188} INFO - [2024-07-10T23:33:11.115+0000] {dag.py:3954} INFO - Setting next_dagrun for example_branch_labels to 2024-07-09 00:00:00+00:00, run_after=2024-07-10 00:00:00+00:00
[2024-07-10T23:33:11.137+0000] {processor.py:183} INFO - Processing /home/airflow/.local/lib/python3.12/site-packages/airflow/example_dags/example_branch_labels.py took 0.092 seconds
[2024-07-10T23:33:41.381+0000] {processor.py:161} INFO - Started process (PID=1352) to work on /home/airflow/.local/lib/python3.12/site-packages/airflow/example_dags/example_branch_labels.py
[2024-07-10T23:33:41.382+0000] {processor.py:830} INFO - Processing file /home/airflow/.local/lib/python3.12/site-packages/airflow/example_dags/example_branch_labels.py for tasks to queue
[2024-07-10T23:33:41.384+0000] {logging_mixin.py:188} INFO - [2024-07-10T23:33:41.384+0000] {dagbag.py:545} INFO - Filling up the DagBag from /home/airflow/.local/lib/python3.12/site-packages/airflow/example_dags/example_branch_labels.py
[2024-07-10T23:33:41.393+0000] {processor.py:840} INFO - DAG(s) 'example_branch_labels' retrieved from /home/airflow/.local/lib/python3.12/site-packages/airflow/example_dags/example_branch_labels.py
[2024-07-10T23:33:41.421+0000] {logging_mixin.py:188} INFO - [2024-07-10T23:33:41.420+0000] {dag.py:3096} INFO - Sync 1 DAGs
[2024-07-10T23:33:41.449+0000] {logging_mixin.py:188} INFO - [2024-07-10T23:33:41.449+0000] {dag.py:3954} INFO - Setting next_dagrun for example_branch_labels to 2024-07-09 00:00:00+00:00, run_after=2024-07-10 00:00:00+00:00
[2024-07-10T23:33:41.469+0000] {processor.py:183} INFO - Processing /home/airflow/.local/lib/python3.12/site-packages/airflow/example_dags/example_branch_labels.py took 0.094 seconds
[2024-07-10T23:34:11.556+0000] {processor.py:161} INFO - Started process (PID=1411) to work on /home/airflow/.local/lib/python3.12/site-packages/airflow/example_dags/example_branch_labels.py
[2024-07-10T23:34:11.564+0000] {processor.py:830} INFO - Processing file /home/airflow/.local/lib/python3.12/site-packages/airflow/example_dags/example_branch_labels.py for tasks to queue
[2024-07-10T23:34:11.566+0000] {logging_mixin.py:188} INFO - [2024-07-10T23:34:11.566+0000] {dagbag.py:545} INFO - Filling up the DagBag from /home/airflow/.local/lib/python3.12/site-packages/airflow/example_dags/example_branch_labels.py
[2024-07-10T23:34:11.575+0000] {processor.py:840} INFO - DAG(s) 'example_branch_labels' retrieved from /home/airflow/.local/lib/python3.12/site-packages/airflow/example_dags/example_branch_labels.py
[2024-07-10T23:34:11.599+0000] {logging_mixin.py:188} INFO - [2024-07-10T23:34:11.598+0000] {dag.py:3096} INFO - Sync 1 DAGs
[2024-07-10T23:34:11.624+0000] {logging_mixin.py:188} INFO - [2024-07-10T23:34:11.624+0000] {dag.py:3954} INFO - Setting next_dagrun for example_branch_labels to 2024-07-09 00:00:00+00:00, run_after=2024-07-10 00:00:00+00:00
[2024-07-10T23:34:11.652+0000] {processor.py:183} INFO - Processing /home/airflow/.local/lib/python3.12/site-packages/airflow/example_dags/example_branch_labels.py took 0.103 seconds
[2024-07-10T23:34:41.918+0000] {processor.py:161} INFO - Started process (PID=1468) to work on /home/airflow/.local/lib/python3.12/site-packages/airflow/example_dags/example_branch_labels.py
[2024-07-10T23:34:41.918+0000] {processor.py:830} INFO - Processing file /home/airflow/.local/lib/python3.12/site-packages/airflow/example_dags/example_branch_labels.py for tasks to queue
[2024-07-10T23:34:41.920+0000] {logging_mixin.py:188} INFO - [2024-07-10T23:34:41.920+0000] {dagbag.py:545} INFO - Filling up the DagBag from /home/airflow/.local/lib/python3.12/site-packages/airflow/example_dags/example_branch_labels.py
[2024-07-10T23:34:41.929+0000] {processor.py:840} INFO - DAG(s) 'example_branch_labels' retrieved from /home/airflow/.local/lib/python3.12/site-packages/airflow/example_dags/example_branch_labels.py
[2024-07-10T23:34:41.955+0000] {logging_mixin.py:188} INFO - [2024-07-10T23:34:41.954+0000] {dag.py:3096} INFO - Sync 1 DAGs
[2024-07-10T23:34:41.980+0000] {logging_mixin.py:188} INFO - [2024-07-10T23:34:41.980+0000] {dag.py:3954} INFO - Setting next_dagrun for example_branch_labels to 2024-07-09 00:00:00+00:00, run_after=2024-07-10 00:00:00+00:00
[2024-07-10T23:34:42.002+0000] {processor.py:183} INFO - Processing /home/airflow/.local/lib/python3.12/site-packages/airflow/example_dags/example_branch_labels.py took 0.091 seconds
[2024-07-10T23:35:12.453+0000] {processor.py:161} INFO - Started process (PID=1525) to work on /home/airflow/.local/lib/python3.12/site-packages/airflow/example_dags/example_branch_labels.py
[2024-07-10T23:35:12.455+0000] {processor.py:830} INFO - Processing file /home/airflow/.local/lib/python3.12/site-packages/airflow/example_dags/example_branch_labels.py for tasks to queue
[2024-07-10T23:35:12.457+0000] {logging_mixin.py:188} INFO - [2024-07-10T23:35:12.457+0000] {dagbag.py:545} INFO - Filling up the DagBag from /home/airflow/.local/lib/python3.12/site-packages/airflow/example_dags/example_branch_labels.py
[2024-07-10T23:35:12.465+0000] {processor.py:840} INFO - DAG(s) 'example_branch_labels' retrieved from /home/airflow/.local/lib/python3.12/site-packages/airflow/example_dags/example_branch_labels.py
[2024-07-10T23:35:12.491+0000] {logging_mixin.py:188} INFO - [2024-07-10T23:35:12.490+0000] {dag.py:3096} INFO - Sync 1 DAGs
[2024-07-10T23:35:12.516+0000] {logging_mixin.py:188} INFO - [2024-07-10T23:35:12.516+0000] {dag.py:3954} INFO - Setting next_dagrun for example_branch_labels to 2024-07-09 00:00:00+00:00, run_after=2024-07-10 00:00:00+00:00
[2024-07-10T23:35:12.539+0000] {processor.py:183} INFO - Processing /home/airflow/.local/lib/python3.12/site-packages/airflow/example_dags/example_branch_labels.py took 0.092 seconds
[2024-07-10T23:35:42.843+0000] {processor.py:161} INFO - Started process (PID=1583) to work on /home/airflow/.local/lib/python3.12/site-packages/airflow/example_dags/example_branch_labels.py
[2024-07-10T23:35:42.845+0000] {processor.py:830} INFO - Processing file /home/airflow/.local/lib/python3.12/site-packages/airflow/example_dags/example_branch_labels.py for tasks to queue
[2024-07-10T23:35:42.848+0000] {logging_mixin.py:188} INFO - [2024-07-10T23:35:42.847+0000] {dagbag.py:545} INFO - Filling up the DagBag from /home/airflow/.local/lib/python3.12/site-packages/airflow/example_dags/example_branch_labels.py
[2024-07-10T23:35:42.859+0000] {processor.py:840} INFO - DAG(s) 'example_branch_labels' retrieved from /home/airflow/.local/lib/python3.12/site-packages/airflow/example_dags/example_branch_labels.py
[2024-07-10T23:35:42.907+0000] {logging_mixin.py:188} INFO - [2024-07-10T23:35:42.907+0000] {dag.py:3096} INFO - Sync 1 DAGs
[2024-07-10T23:35:42.942+0000] {logging_mixin.py:188} INFO - [2024-07-10T23:35:42.941+0000] {dag.py:3954} INFO - Setting next_dagrun for example_branch_labels to 2024-07-09 00:00:00+00:00, run_after=2024-07-10 00:00:00+00:00
[2024-07-10T23:35:42.970+0000] {processor.py:183} INFO - Processing /home/airflow/.local/lib/python3.12/site-packages/airflow/example_dags/example_branch_labels.py took 0.133 seconds
[2024-07-10T23:36:13.732+0000] {processor.py:161} INFO - Started process (PID=1641) to work on /home/airflow/.local/lib/python3.12/site-packages/airflow/example_dags/example_branch_labels.py
[2024-07-10T23:36:13.732+0000] {processor.py:830} INFO - Processing file /home/airflow/.local/lib/python3.12/site-packages/airflow/example_dags/example_branch_labels.py for tasks to queue
[2024-07-10T23:36:13.734+0000] {logging_mixin.py:188} INFO - [2024-07-10T23:36:13.734+0000] {dagbag.py:545} INFO - Filling up the DagBag from /home/airflow/.local/lib/python3.12/site-packages/airflow/example_dags/example_branch_labels.py
[2024-07-10T23:36:13.743+0000] {processor.py:840} INFO - DAG(s) 'example_branch_labels' retrieved from /home/airflow/.local/lib/python3.12/site-packages/airflow/example_dags/example_branch_labels.py
[2024-07-10T23:36:13.768+0000] {logging_mixin.py:188} INFO - [2024-07-10T23:36:13.767+0000] {dag.py:3096} INFO - Sync 1 DAGs
[2024-07-10T23:36:13.794+0000] {logging_mixin.py:188} INFO - [2024-07-10T23:36:13.793+0000] {dag.py:3954} INFO - Setting next_dagrun for example_branch_labels to 2024-07-09 00:00:00+00:00, run_after=2024-07-10 00:00:00+00:00
[2024-07-10T23:36:13.814+0000] {processor.py:183} INFO - Processing /home/airflow/.local/lib/python3.12/site-packages/airflow/example_dags/example_branch_labels.py took 0.089 seconds
[2024-07-10T23:36:44.341+0000] {processor.py:161} INFO - Started process (PID=1700) to work on /home/airflow/.local/lib/python3.12/site-packages/airflow/example_dags/example_branch_labels.py
[2024-07-10T23:36:44.342+0000] {processor.py:830} INFO - Processing file /home/airflow/.local/lib/python3.12/site-packages/airflow/example_dags/example_branch_labels.py for tasks to queue
[2024-07-10T23:36:44.344+0000] {logging_mixin.py:188} INFO - [2024-07-10T23:36:44.343+0000] {dagbag.py:545} INFO - Filling up the DagBag from /home/airflow/.local/lib/python3.12/site-packages/airflow/example_dags/example_branch_labels.py
[2024-07-10T23:36:44.352+0000] {processor.py:840} INFO - DAG(s) 'example_branch_labels' retrieved from /home/airflow/.local/lib/python3.12/site-packages/airflow/example_dags/example_branch_labels.py
[2024-07-10T23:36:44.377+0000] {logging_mixin.py:188} INFO - [2024-07-10T23:36:44.377+0000] {dag.py:3096} INFO - Sync 1 DAGs
[2024-07-10T23:36:44.404+0000] {logging_mixin.py:188} INFO - [2024-07-10T23:36:44.404+0000] {dag.py:3954} INFO - Setting next_dagrun for example_branch_labels to 2024-07-09 00:00:00+00:00, run_after=2024-07-10 00:00:00+00:00
[2024-07-10T23:36:44.430+0000] {processor.py:183} INFO - Processing /home/airflow/.local/lib/python3.12/site-packages/airflow/example_dags/example_branch_labels.py took 0.095 seconds
[2024-07-10T23:37:15.281+0000] {processor.py:161} INFO - Started process (PID=1758) to work on /home/airflow/.local/lib/python3.12/site-packages/airflow/example_dags/example_branch_labels.py
[2024-07-10T23:37:15.283+0000] {processor.py:830} INFO - Processing file /home/airflow/.local/lib/python3.12/site-packages/airflow/example_dags/example_branch_labels.py for tasks to queue
[2024-07-10T23:37:15.284+0000] {logging_mixin.py:188} INFO - [2024-07-10T23:37:15.284+0000] {dagbag.py:545} INFO - Filling up the DagBag from /home/airflow/.local/lib/python3.12/site-packages/airflow/example_dags/example_branch_labels.py
[2024-07-10T23:37:15.293+0000] {processor.py:840} INFO - DAG(s) 'example_branch_labels' retrieved from /home/airflow/.local/lib/python3.12/site-packages/airflow/example_dags/example_branch_labels.py
[2024-07-10T23:37:15.320+0000] {logging_mixin.py:188} INFO - [2024-07-10T23:37:15.319+0000] {dag.py:3096} INFO - Sync 1 DAGs
[2024-07-10T23:37:15.348+0000] {logging_mixin.py:188} INFO - [2024-07-10T23:37:15.348+0000] {dag.py:3954} INFO - Setting next_dagrun for example_branch_labels to 2024-07-09 00:00:00+00:00, run_after=2024-07-10 00:00:00+00:00
[2024-07-10T23:37:15.370+0000] {processor.py:183} INFO - Processing /home/airflow/.local/lib/python3.12/site-packages/airflow/example_dags/example_branch_labels.py took 0.095 seconds
[2024-07-10T23:37:45.641+0000] {processor.py:161} INFO - Started process (PID=1816) to work on /home/airflow/.local/lib/python3.12/site-packages/airflow/example_dags/example_branch_labels.py
[2024-07-10T23:37:45.642+0000] {processor.py:830} INFO - Processing file /home/airflow/.local/lib/python3.12/site-packages/airflow/example_dags/example_branch_labels.py for tasks to queue
[2024-07-10T23:37:45.644+0000] {logging_mixin.py:188} INFO - [2024-07-10T23:37:45.643+0000] {dagbag.py:545} INFO - Filling up the DagBag from /home/airflow/.local/lib/python3.12/site-packages/airflow/example_dags/example_branch_labels.py
[2024-07-10T23:37:45.653+0000] {processor.py:840} INFO - DAG(s) 'example_branch_labels' retrieved from /home/airflow/.local/lib/python3.12/site-packages/airflow/example_dags/example_branch_labels.py
[2024-07-10T23:37:45.678+0000] {logging_mixin.py:188} INFO - [2024-07-10T23:37:45.677+0000] {dag.py:3096} INFO - Sync 1 DAGs
[2024-07-10T23:37:45.708+0000] {logging_mixin.py:188} INFO - [2024-07-10T23:37:45.707+0000] {dag.py:3954} INFO - Setting next_dagrun for example_branch_labels to 2024-07-09 00:00:00+00:00, run_after=2024-07-10 00:00:00+00:00
[2024-07-10T23:37:45.874+0000] {processor.py:183} INFO - Processing /home/airflow/.local/lib/python3.12/site-packages/airflow/example_dags/example_branch_labels.py took 0.240 seconds
[2024-07-10T23:38:16.181+0000] {processor.py:161} INFO - Started process (PID=1874) to work on /home/airflow/.local/lib/python3.12/site-packages/airflow/example_dags/example_branch_labels.py
[2024-07-10T23:38:16.182+0000] {processor.py:830} INFO - Processing file /home/airflow/.local/lib/python3.12/site-packages/airflow/example_dags/example_branch_labels.py for tasks to queue
[2024-07-10T23:38:16.185+0000] {logging_mixin.py:188} INFO - [2024-07-10T23:38:16.184+0000] {dagbag.py:545} INFO - Filling up the DagBag from /home/airflow/.local/lib/python3.12/site-packages/airflow/example_dags/example_branch_labels.py
[2024-07-10T23:38:16.195+0000] {processor.py:840} INFO - DAG(s) 'example_branch_labels' retrieved from /home/airflow/.local/lib/python3.12/site-packages/airflow/example_dags/example_branch_labels.py
[2024-07-10T23:38:16.220+0000] {logging_mixin.py:188} INFO - [2024-07-10T23:38:16.219+0000] {dag.py:3096} INFO - Sync 1 DAGs
[2024-07-10T23:38:16.247+0000] {logging_mixin.py:188} INFO - [2024-07-10T23:38:16.247+0000] {dag.py:3954} INFO - Setting next_dagrun for example_branch_labels to 2024-07-09 00:00:00+00:00, run_after=2024-07-10 00:00:00+00:00
[2024-07-10T23:38:16.271+0000] {processor.py:183} INFO - Processing /home/airflow/.local/lib/python3.12/site-packages/airflow/example_dags/example_branch_labels.py took 0.097 seconds
[2024-07-10T23:38:47.849+0000] {processor.py:161} INFO - Started process (PID=1932) to work on /home/airflow/.local/lib/python3.12/site-packages/airflow/example_dags/example_branch_labels.py
[2024-07-10T23:38:47.850+0000] {processor.py:830} INFO - Processing file /home/airflow/.local/lib/python3.12/site-packages/airflow/example_dags/example_branch_labels.py for tasks to queue
[2024-07-10T23:38:47.852+0000] {logging_mixin.py:188} INFO - [2024-07-10T23:38:47.851+0000] {dagbag.py:545} INFO - Filling up the DagBag from /home/airflow/.local/lib/python3.12/site-packages/airflow/example_dags/example_branch_labels.py
[2024-07-10T23:38:47.861+0000] {processor.py:840} INFO - DAG(s) 'example_branch_labels' retrieved from /home/airflow/.local/lib/python3.12/site-packages/airflow/example_dags/example_branch_labels.py
[2024-07-10T23:38:47.887+0000] {logging_mixin.py:188} INFO - [2024-07-10T23:38:47.887+0000] {dag.py:3096} INFO - Sync 1 DAGs
[2024-07-10T23:38:47.913+0000] {logging_mixin.py:188} INFO - [2024-07-10T23:38:47.913+0000] {dag.py:3954} INFO - Setting next_dagrun for example_branch_labels to 2024-07-09 00:00:00+00:00, run_after=2024-07-10 00:00:00+00:00
[2024-07-10T23:38:47.934+0000] {processor.py:183} INFO - Processing /home/airflow/.local/lib/python3.12/site-packages/airflow/example_dags/example_branch_labels.py took 0.092 seconds
[2024-07-10T23:39:18.135+0000] {processor.py:161} INFO - Started process (PID=1990) to work on /home/airflow/.local/lib/python3.12/site-packages/airflow/example_dags/example_branch_labels.py
[2024-07-10T23:39:18.136+0000] {processor.py:830} INFO - Processing file /home/airflow/.local/lib/python3.12/site-packages/airflow/example_dags/example_branch_labels.py for tasks to queue
[2024-07-10T23:39:18.138+0000] {logging_mixin.py:188} INFO - [2024-07-10T23:39:18.137+0000] {dagbag.py:545} INFO - Filling up the DagBag from /home/airflow/.local/lib/python3.12/site-packages/airflow/example_dags/example_branch_labels.py
[2024-07-10T23:39:18.146+0000] {processor.py:840} INFO - DAG(s) 'example_branch_labels' retrieved from /home/airflow/.local/lib/python3.12/site-packages/airflow/example_dags/example_branch_labels.py
[2024-07-10T23:39:18.173+0000] {logging_mixin.py:188} INFO - [2024-07-10T23:39:18.173+0000] {dag.py:3096} INFO - Sync 1 DAGs
[2024-07-10T23:39:18.207+0000] {logging_mixin.py:188} INFO - [2024-07-10T23:39:18.207+0000] {dag.py:3954} INFO - Setting next_dagrun for example_branch_labels to 2024-07-09 00:00:00+00:00, run_after=2024-07-10 00:00:00+00:00
[2024-07-10T23:39:18.233+0000] {processor.py:183} INFO - Processing /home/airflow/.local/lib/python3.12/site-packages/airflow/example_dags/example_branch_labels.py took 0.104 seconds
[2024-07-10T23:39:48.331+0000] {processor.py:161} INFO - Started process (PID=2049) to work on /home/airflow/.local/lib/python3.12/site-packages/airflow/example_dags/example_branch_labels.py
[2024-07-10T23:39:48.336+0000] {processor.py:830} INFO - Processing file /home/airflow/.local/lib/python3.12/site-packages/airflow/example_dags/example_branch_labels.py for tasks to queue
[2024-07-10T23:39:48.338+0000] {logging_mixin.py:188} INFO - [2024-07-10T23:39:48.338+0000] {dagbag.py:545} INFO - Filling up the DagBag from /home/airflow/.local/lib/python3.12/site-packages/airflow/example_dags/example_branch_labels.py
[2024-07-10T23:39:48.347+0000] {processor.py:840} INFO - DAG(s) 'example_branch_labels' retrieved from /home/airflow/.local/lib/python3.12/site-packages/airflow/example_dags/example_branch_labels.py
[2024-07-10T23:39:48.372+0000] {logging_mixin.py:188} INFO - [2024-07-10T23:39:48.372+0000] {dag.py:3096} INFO - Sync 1 DAGs
[2024-07-10T23:39:48.400+0000] {logging_mixin.py:188} INFO - [2024-07-10T23:39:48.400+0000] {dag.py:3954} INFO - Setting next_dagrun for example_branch_labels to 2024-07-09 00:00:00+00:00, run_after=2024-07-10 00:00:00+00:00
[2024-07-10T23:39:48.424+0000] {processor.py:183} INFO - Processing /home/airflow/.local/lib/python3.12/site-packages/airflow/example_dags/example_branch_labels.py took 0.100 seconds
[2024-07-10T23:40:18.658+0000] {processor.py:161} INFO - Started process (PID=2107) to work on /home/airflow/.local/lib/python3.12/site-packages/airflow/example_dags/example_branch_labels.py
[2024-07-10T23:40:18.659+0000] {processor.py:830} INFO - Processing file /home/airflow/.local/lib/python3.12/site-packages/airflow/example_dags/example_branch_labels.py for tasks to queue
[2024-07-10T23:40:18.661+0000] {logging_mixin.py:188} INFO - [2024-07-10T23:40:18.660+0000] {dagbag.py:545} INFO - Filling up the DagBag from /home/airflow/.local/lib/python3.12/site-packages/airflow/example_dags/example_branch_labels.py
[2024-07-10T23:40:18.669+0000] {processor.py:840} INFO - DAG(s) 'example_branch_labels' retrieved from /home/airflow/.local/lib/python3.12/site-packages/airflow/example_dags/example_branch_labels.py
[2024-07-10T23:40:18.703+0000] {logging_mixin.py:188} INFO - [2024-07-10T23:40:18.701+0000] {dag.py:3096} INFO - Sync 1 DAGs
[2024-07-10T23:40:18.743+0000] {logging_mixin.py:188} INFO - [2024-07-10T23:40:18.743+0000] {dag.py:3954} INFO - Setting next_dagrun for example_branch_labels to 2024-07-09 00:00:00+00:00, run_after=2024-07-10 00:00:00+00:00
[2024-07-10T23:40:18.775+0000] {processor.py:183} INFO - Processing /home/airflow/.local/lib/python3.12/site-packages/airflow/example_dags/example_branch_labels.py took 0.124 seconds
[2024-07-10T23:40:49.122+0000] {processor.py:161} INFO - Started process (PID=2165) to work on /home/airflow/.local/lib/python3.12/site-packages/airflow/example_dags/example_branch_labels.py
[2024-07-10T23:40:49.123+0000] {processor.py:830} INFO - Processing file /home/airflow/.local/lib/python3.12/site-packages/airflow/example_dags/example_branch_labels.py for tasks to queue
[2024-07-10T23:40:49.125+0000] {logging_mixin.py:188} INFO - [2024-07-10T23:40:49.125+0000] {dagbag.py:545} INFO - Filling up the DagBag from /home/airflow/.local/lib/python3.12/site-packages/airflow/example_dags/example_branch_labels.py
[2024-07-10T23:40:49.134+0000] {processor.py:840} INFO - DAG(s) 'example_branch_labels' retrieved from /home/airflow/.local/lib/python3.12/site-packages/airflow/example_dags/example_branch_labels.py
[2024-07-10T23:40:49.159+0000] {logging_mixin.py:188} INFO - [2024-07-10T23:40:49.158+0000] {dag.py:3096} INFO - Sync 1 DAGs
[2024-07-10T23:40:49.185+0000] {logging_mixin.py:188} INFO - [2024-07-10T23:40:49.185+0000] {dag.py:3954} INFO - Setting next_dagrun for example_branch_labels to 2024-07-09 00:00:00+00:00, run_after=2024-07-10 00:00:00+00:00
[2024-07-10T23:40:49.212+0000] {processor.py:183} INFO - Processing /home/airflow/.local/lib/python3.12/site-packages/airflow/example_dags/example_branch_labels.py took 0.097 seconds
[2024-07-10T23:41:19.328+0000] {processor.py:161} INFO - Started process (PID=2224) to work on /home/airflow/.local/lib/python3.12/site-packages/airflow/example_dags/example_branch_labels.py
[2024-07-10T23:41:19.329+0000] {processor.py:830} INFO - Processing file /home/airflow/.local/lib/python3.12/site-packages/airflow/example_dags/example_branch_labels.py for tasks to queue
[2024-07-10T23:41:19.330+0000] {logging_mixin.py:188} INFO - [2024-07-10T23:41:19.330+0000] {dagbag.py:545} INFO - Filling up the DagBag from /home/airflow/.local/lib/python3.12/site-packages/airflow/example_dags/example_branch_labels.py
[2024-07-10T23:41:19.339+0000] {processor.py:840} INFO - DAG(s) 'example_branch_labels' retrieved from /home/airflow/.local/lib/python3.12/site-packages/airflow/example_dags/example_branch_labels.py
[2024-07-10T23:41:19.364+0000] {logging_mixin.py:188} INFO - [2024-07-10T23:41:19.364+0000] {dag.py:3096} INFO - Sync 1 DAGs
[2024-07-10T23:41:19.392+0000] {logging_mixin.py:188} INFO - [2024-07-10T23:41:19.392+0000] {dag.py:3954} INFO - Setting next_dagrun for example_branch_labels to 2024-07-09 00:00:00+00:00, run_after=2024-07-10 00:00:00+00:00
[2024-07-10T23:41:19.417+0000] {processor.py:183} INFO - Processing /home/airflow/.local/lib/python3.12/site-packages/airflow/example_dags/example_branch_labels.py took 0.095 seconds
[2024-07-10T23:41:49.663+0000] {processor.py:161} INFO - Started process (PID=2283) to work on /home/airflow/.local/lib/python3.12/site-packages/airflow/example_dags/example_branch_labels.py
[2024-07-10T23:41:49.671+0000] {processor.py:830} INFO - Processing file /home/airflow/.local/lib/python3.12/site-packages/airflow/example_dags/example_branch_labels.py for tasks to queue
[2024-07-10T23:41:49.673+0000] {logging_mixin.py:188} INFO - [2024-07-10T23:41:49.673+0000] {dagbag.py:545} INFO - Filling up the DagBag from /home/airflow/.local/lib/python3.12/site-packages/airflow/example_dags/example_branch_labels.py
[2024-07-10T23:41:49.682+0000] {processor.py:840} INFO - DAG(s) 'example_branch_labels' retrieved from /home/airflow/.local/lib/python3.12/site-packages/airflow/example_dags/example_branch_labels.py
[2024-07-10T23:41:49.707+0000] {logging_mixin.py:188} INFO - [2024-07-10T23:41:49.707+0000] {dag.py:3096} INFO - Sync 1 DAGs
[2024-07-10T23:41:49.733+0000] {logging_mixin.py:188} INFO - [2024-07-10T23:41:49.733+0000] {dag.py:3954} INFO - Setting next_dagrun for example_branch_labels to 2024-07-09 00:00:00+00:00, run_after=2024-07-10 00:00:00+00:00
[2024-07-10T23:41:49.755+0000] {processor.py:183} INFO - Processing /home/airflow/.local/lib/python3.12/site-packages/airflow/example_dags/example_branch_labels.py took 0.099 seconds
[2024-07-10T23:42:20.833+0000] {processor.py:161} INFO - Started process (PID=2341) to work on /home/airflow/.local/lib/python3.12/site-packages/airflow/example_dags/example_branch_labels.py
[2024-07-10T23:42:20.834+0000] {processor.py:830} INFO - Processing file /home/airflow/.local/lib/python3.12/site-packages/airflow/example_dags/example_branch_labels.py for tasks to queue
[2024-07-10T23:42:20.836+0000] {logging_mixin.py:188} INFO - [2024-07-10T23:42:20.836+0000] {dagbag.py:545} INFO - Filling up the DagBag from /home/airflow/.local/lib/python3.12/site-packages/airflow/example_dags/example_branch_labels.py
[2024-07-10T23:42:20.844+0000] {processor.py:840} INFO - DAG(s) 'example_branch_labels' retrieved from /home/airflow/.local/lib/python3.12/site-packages/airflow/example_dags/example_branch_labels.py
[2024-07-10T23:42:20.869+0000] {logging_mixin.py:188} INFO - [2024-07-10T23:42:20.869+0000] {dag.py:3096} INFO - Sync 1 DAGs
[2024-07-10T23:42:20.896+0000] {logging_mixin.py:188} INFO - [2024-07-10T23:42:20.895+0000] {dag.py:3954} INFO - Setting next_dagrun for example_branch_labels to 2024-07-09 00:00:00+00:00, run_after=2024-07-10 00:00:00+00:00
[2024-07-10T23:42:20.919+0000] {processor.py:183} INFO - Processing /home/airflow/.local/lib/python3.12/site-packages/airflow/example_dags/example_branch_labels.py took 0.094 seconds
[2024-07-10T23:42:51.337+0000] {processor.py:161} INFO - Started process (PID=2399) to work on /home/airflow/.local/lib/python3.12/site-packages/airflow/example_dags/example_branch_labels.py
[2024-07-10T23:42:51.338+0000] {processor.py:830} INFO - Processing file /home/airflow/.local/lib/python3.12/site-packages/airflow/example_dags/example_branch_labels.py for tasks to queue
[2024-07-10T23:42:51.340+0000] {logging_mixin.py:188} INFO - [2024-07-10T23:42:51.340+0000] {dagbag.py:545} INFO - Filling up the DagBag from /home/airflow/.local/lib/python3.12/site-packages/airflow/example_dags/example_branch_labels.py
[2024-07-10T23:42:51.348+0000] {processor.py:840} INFO - DAG(s) 'example_branch_labels' retrieved from /home/airflow/.local/lib/python3.12/site-packages/airflow/example_dags/example_branch_labels.py
[2024-07-10T23:42:51.374+0000] {logging_mixin.py:188} INFO - [2024-07-10T23:42:51.374+0000] {dag.py:3096} INFO - Sync 1 DAGs
[2024-07-10T23:42:51.400+0000] {logging_mixin.py:188} INFO - [2024-07-10T23:42:51.400+0000] {dag.py:3954} INFO - Setting next_dagrun for example_branch_labels to 2024-07-09 00:00:00+00:00, run_after=2024-07-10 00:00:00+00:00
[2024-07-10T23:42:51.431+0000] {processor.py:183} INFO - Processing /home/airflow/.local/lib/python3.12/site-packages/airflow/example_dags/example_branch_labels.py took 0.101 seconds
[2024-07-10T23:43:21.501+0000] {processor.py:161} INFO - Started process (PID=2457) to work on /home/airflow/.local/lib/python3.12/site-packages/airflow/example_dags/example_branch_labels.py
[2024-07-10T23:43:21.502+0000] {processor.py:830} INFO - Processing file /home/airflow/.local/lib/python3.12/site-packages/airflow/example_dags/example_branch_labels.py for tasks to queue
[2024-07-10T23:43:21.504+0000] {logging_mixin.py:188} INFO - [2024-07-10T23:43:21.504+0000] {dagbag.py:545} INFO - Filling up the DagBag from /home/airflow/.local/lib/python3.12/site-packages/airflow/example_dags/example_branch_labels.py
[2024-07-10T23:43:21.513+0000] {processor.py:840} INFO - DAG(s) 'example_branch_labels' retrieved from /home/airflow/.local/lib/python3.12/site-packages/airflow/example_dags/example_branch_labels.py
[2024-07-10T23:43:21.537+0000] {logging_mixin.py:188} INFO - [2024-07-10T23:43:21.536+0000] {dag.py:3096} INFO - Sync 1 DAGs
[2024-07-10T23:43:21.567+0000] {logging_mixin.py:188} INFO - [2024-07-10T23:43:21.566+0000] {dag.py:3954} INFO - Setting next_dagrun for example_branch_labels to 2024-07-09 00:00:00+00:00, run_after=2024-07-10 00:00:00+00:00
[2024-07-10T23:43:21.597+0000] {processor.py:183} INFO - Processing /home/airflow/.local/lib/python3.12/site-packages/airflow/example_dags/example_branch_labels.py took 0.103 seconds
[2024-07-10T23:43:51.650+0000] {processor.py:161} INFO - Started process (PID=2515) to work on /home/airflow/.local/lib/python3.12/site-packages/airflow/example_dags/example_branch_labels.py
[2024-07-10T23:43:51.651+0000] {processor.py:830} INFO - Processing file /home/airflow/.local/lib/python3.12/site-packages/airflow/example_dags/example_branch_labels.py for tasks to queue
[2024-07-10T23:43:51.654+0000] {logging_mixin.py:188} INFO - [2024-07-10T23:43:51.653+0000] {dagbag.py:545} INFO - Filling up the DagBag from /home/airflow/.local/lib/python3.12/site-packages/airflow/example_dags/example_branch_labels.py
[2024-07-10T23:43:51.663+0000] {processor.py:840} INFO - DAG(s) 'example_branch_labels' retrieved from /home/airflow/.local/lib/python3.12/site-packages/airflow/example_dags/example_branch_labels.py
[2024-07-10T23:43:51.690+0000] {logging_mixin.py:188} INFO - [2024-07-10T23:43:51.689+0000] {dag.py:3096} INFO - Sync 1 DAGs
[2024-07-10T23:43:51.719+0000] {logging_mixin.py:188} INFO - [2024-07-10T23:43:51.718+0000] {dag.py:3954} INFO - Setting next_dagrun for example_branch_labels to 2024-07-09 00:00:00+00:00, run_after=2024-07-10 00:00:00+00:00
[2024-07-10T23:43:51.741+0000] {processor.py:183} INFO - Processing /home/airflow/.local/lib/python3.12/site-packages/airflow/example_dags/example_branch_labels.py took 0.099 seconds
[2024-07-10T23:44:22.333+0000] {processor.py:161} INFO - Started process (PID=2574) to work on /home/airflow/.local/lib/python3.12/site-packages/airflow/example_dags/example_branch_labels.py
[2024-07-10T23:44:22.334+0000] {processor.py:830} INFO - Processing file /home/airflow/.local/lib/python3.12/site-packages/airflow/example_dags/example_branch_labels.py for tasks to queue
[2024-07-10T23:44:22.336+0000] {logging_mixin.py:188} INFO - [2024-07-10T23:44:22.336+0000] {dagbag.py:545} INFO - Filling up the DagBag from /home/airflow/.local/lib/python3.12/site-packages/airflow/example_dags/example_branch_labels.py
[2024-07-10T23:44:22.345+0000] {processor.py:840} INFO - DAG(s) 'example_branch_labels' retrieved from /home/airflow/.local/lib/python3.12/site-packages/airflow/example_dags/example_branch_labels.py
[2024-07-10T23:44:22.373+0000] {logging_mixin.py:188} INFO - [2024-07-10T23:44:22.373+0000] {dag.py:3096} INFO - Sync 1 DAGs
[2024-07-10T23:44:22.402+0000] {logging_mixin.py:188} INFO - [2024-07-10T23:44:22.401+0000] {dag.py:3954} INFO - Setting next_dagrun for example_branch_labels to 2024-07-09 00:00:00+00:00, run_after=2024-07-10 00:00:00+00:00
[2024-07-10T23:44:22.426+0000] {processor.py:183} INFO - Processing /home/airflow/.local/lib/python3.12/site-packages/airflow/example_dags/example_branch_labels.py took 0.102 seconds
[2024-07-10T23:44:53.065+0000] {processor.py:161} INFO - Started process (PID=2632) to work on /home/airflow/.local/lib/python3.12/site-packages/airflow/example_dags/example_branch_labels.py
[2024-07-10T23:44:53.065+0000] {processor.py:830} INFO - Processing file /home/airflow/.local/lib/python3.12/site-packages/airflow/example_dags/example_branch_labels.py for tasks to queue
[2024-07-10T23:44:53.069+0000] {logging_mixin.py:188} INFO - [2024-07-10T23:44:53.068+0000] {dagbag.py:545} INFO - Filling up the DagBag from /home/airflow/.local/lib/python3.12/site-packages/airflow/example_dags/example_branch_labels.py
[2024-07-10T23:44:53.079+0000] {processor.py:840} INFO - DAG(s) 'example_branch_labels' retrieved from /home/airflow/.local/lib/python3.12/site-packages/airflow/example_dags/example_branch_labels.py
[2024-07-10T23:44:53.106+0000] {logging_mixin.py:188} INFO - [2024-07-10T23:44:53.106+0000] {dag.py:3096} INFO - Sync 1 DAGs
[2024-07-10T23:44:53.136+0000] {logging_mixin.py:188} INFO - [2024-07-10T23:44:53.136+0000] {dag.py:3954} INFO - Setting next_dagrun for example_branch_labels to 2024-07-09 00:00:00+00:00, run_after=2024-07-10 00:00:00+00:00
[2024-07-10T23:44:53.161+0000] {processor.py:183} INFO - Processing /home/airflow/.local/lib/python3.12/site-packages/airflow/example_dags/example_branch_labels.py took 0.103 seconds
[2024-07-10T23:45:23.784+0000] {processor.py:161} INFO - Started process (PID=2690) to work on /home/airflow/.local/lib/python3.12/site-packages/airflow/example_dags/example_branch_labels.py
[2024-07-10T23:45:23.788+0000] {processor.py:830} INFO - Processing file /home/airflow/.local/lib/python3.12/site-packages/airflow/example_dags/example_branch_labels.py for tasks to queue
[2024-07-10T23:45:23.791+0000] {logging_mixin.py:188} INFO - [2024-07-10T23:45:23.791+0000] {dagbag.py:545} INFO - Filling up the DagBag from /home/airflow/.local/lib/python3.12/site-packages/airflow/example_dags/example_branch_labels.py
[2024-07-10T23:45:23.801+0000] {processor.py:840} INFO - DAG(s) 'example_branch_labels' retrieved from /home/airflow/.local/lib/python3.12/site-packages/airflow/example_dags/example_branch_labels.py
[2024-07-10T23:45:23.861+0000] {logging_mixin.py:188} INFO - [2024-07-10T23:45:23.861+0000] {dag.py:3096} INFO - Sync 1 DAGs
[2024-07-10T23:45:23.898+0000] {logging_mixin.py:188} INFO - [2024-07-10T23:45:23.898+0000] {dag.py:3954} INFO - Setting next_dagrun for example_branch_labels to 2024-07-09 00:00:00+00:00, run_after=2024-07-10 00:00:00+00:00
[2024-07-10T23:45:23.921+0000] {processor.py:183} INFO - Processing /home/airflow/.local/lib/python3.12/site-packages/airflow/example_dags/example_branch_labels.py took 0.144 seconds
[2024-07-10T23:45:54.416+0000] {processor.py:161} INFO - Started process (PID=2748) to work on /home/airflow/.local/lib/python3.12/site-packages/airflow/example_dags/example_branch_labels.py
[2024-07-10T23:45:54.417+0000] {processor.py:830} INFO - Processing file /home/airflow/.local/lib/python3.12/site-packages/airflow/example_dags/example_branch_labels.py for tasks to queue
[2024-07-10T23:45:54.419+0000] {logging_mixin.py:188} INFO - [2024-07-10T23:45:54.419+0000] {dagbag.py:545} INFO - Filling up the DagBag from /home/airflow/.local/lib/python3.12/site-packages/airflow/example_dags/example_branch_labels.py
[2024-07-10T23:45:54.430+0000] {processor.py:840} INFO - DAG(s) 'example_branch_labels' retrieved from /home/airflow/.local/lib/python3.12/site-packages/airflow/example_dags/example_branch_labels.py
[2024-07-10T23:45:54.457+0000] {logging_mixin.py:188} INFO - [2024-07-10T23:45:54.456+0000] {dag.py:3096} INFO - Sync 1 DAGs
[2024-07-10T23:45:54.486+0000] {logging_mixin.py:188} INFO - [2024-07-10T23:45:54.486+0000] {dag.py:3954} INFO - Setting next_dagrun for example_branch_labels to 2024-07-09 00:00:00+00:00, run_after=2024-07-10 00:00:00+00:00
[2024-07-10T23:45:54.515+0000] {processor.py:183} INFO - Processing /home/airflow/.local/lib/python3.12/site-packages/airflow/example_dags/example_branch_labels.py took 0.106 seconds
[2024-07-10T23:46:24.889+0000] {processor.py:161} INFO - Started process (PID=2806) to work on /home/airflow/.local/lib/python3.12/site-packages/airflow/example_dags/example_branch_labels.py
[2024-07-10T23:46:24.890+0000] {processor.py:830} INFO - Processing file /home/airflow/.local/lib/python3.12/site-packages/airflow/example_dags/example_branch_labels.py for tasks to queue
[2024-07-10T23:46:24.892+0000] {logging_mixin.py:188} INFO - [2024-07-10T23:46:24.892+0000] {dagbag.py:545} INFO - Filling up the DagBag from /home/airflow/.local/lib/python3.12/site-packages/airflow/example_dags/example_branch_labels.py
[2024-07-10T23:46:24.902+0000] {processor.py:840} INFO - DAG(s) 'example_branch_labels' retrieved from /home/airflow/.local/lib/python3.12/site-packages/airflow/example_dags/example_branch_labels.py
[2024-07-10T23:46:24.929+0000] {logging_mixin.py:188} INFO - [2024-07-10T23:46:24.928+0000] {dag.py:3096} INFO - Sync 1 DAGs
[2024-07-10T23:46:24.958+0000] {logging_mixin.py:188} INFO - [2024-07-10T23:46:24.957+0000] {dag.py:3954} INFO - Setting next_dagrun for example_branch_labels to 2024-07-09 00:00:00+00:00, run_after=2024-07-10 00:00:00+00:00
[2024-07-10T23:46:24.985+0000] {processor.py:183} INFO - Processing /home/airflow/.local/lib/python3.12/site-packages/airflow/example_dags/example_branch_labels.py took 0.103 seconds
[2024-07-10T23:46:55.319+0000] {processor.py:161} INFO - Started process (PID=2864) to work on /home/airflow/.local/lib/python3.12/site-packages/airflow/example_dags/example_branch_labels.py
[2024-07-10T23:46:55.320+0000] {processor.py:830} INFO - Processing file /home/airflow/.local/lib/python3.12/site-packages/airflow/example_dags/example_branch_labels.py for tasks to queue
[2024-07-10T23:46:55.321+0000] {logging_mixin.py:188} INFO - [2024-07-10T23:46:55.321+0000] {dagbag.py:545} INFO - Filling up the DagBag from /home/airflow/.local/lib/python3.12/site-packages/airflow/example_dags/example_branch_labels.py
[2024-07-10T23:46:55.331+0000] {processor.py:840} INFO - DAG(s) 'example_branch_labels' retrieved from /home/airflow/.local/lib/python3.12/site-packages/airflow/example_dags/example_branch_labels.py
[2024-07-10T23:46:55.354+0000] {logging_mixin.py:188} INFO - [2024-07-10T23:46:55.354+0000] {dag.py:3096} INFO - Sync 1 DAGs
[2024-07-10T23:46:55.382+0000] {logging_mixin.py:188} INFO - [2024-07-10T23:46:55.381+0000] {dag.py:3954} INFO - Setting next_dagrun for example_branch_labels to 2024-07-09 00:00:00+00:00, run_after=2024-07-10 00:00:00+00:00
[2024-07-10T23:46:55.402+0000] {processor.py:183} INFO - Processing /home/airflow/.local/lib/python3.12/site-packages/airflow/example_dags/example_branch_labels.py took 0.090 seconds
[2024-07-10T23:47:25.561+0000] {processor.py:161} INFO - Started process (PID=2922) to work on /home/airflow/.local/lib/python3.12/site-packages/airflow/example_dags/example_branch_labels.py
[2024-07-10T23:47:25.562+0000] {processor.py:830} INFO - Processing file /home/airflow/.local/lib/python3.12/site-packages/airflow/example_dags/example_branch_labels.py for tasks to queue
[2024-07-10T23:47:25.564+0000] {logging_mixin.py:188} INFO - [2024-07-10T23:47:25.563+0000] {dagbag.py:545} INFO - Filling up the DagBag from /home/airflow/.local/lib/python3.12/site-packages/airflow/example_dags/example_branch_labels.py
[2024-07-10T23:47:25.572+0000] {processor.py:840} INFO - DAG(s) 'example_branch_labels' retrieved from /home/airflow/.local/lib/python3.12/site-packages/airflow/example_dags/example_branch_labels.py
[2024-07-10T23:47:25.598+0000] {logging_mixin.py:188} INFO - [2024-07-10T23:47:25.598+0000] {dag.py:3096} INFO - Sync 1 DAGs
[2024-07-10T23:47:25.623+0000] {logging_mixin.py:188} INFO - [2024-07-10T23:47:25.623+0000] {dag.py:3954} INFO - Setting next_dagrun for example_branch_labels to 2024-07-09 00:00:00+00:00, run_after=2024-07-10 00:00:00+00:00
[2024-07-10T23:47:25.648+0000] {processor.py:183} INFO - Processing /home/airflow/.local/lib/python3.12/site-packages/airflow/example_dags/example_branch_labels.py took 0.094 seconds
[2024-07-10T23:47:55.884+0000] {processor.py:161} INFO - Started process (PID=2980) to work on /home/airflow/.local/lib/python3.12/site-packages/airflow/example_dags/example_branch_labels.py
[2024-07-10T23:47:55.890+0000] {processor.py:830} INFO - Processing file /home/airflow/.local/lib/python3.12/site-packages/airflow/example_dags/example_branch_labels.py for tasks to queue
[2024-07-10T23:47:55.892+0000] {logging_mixin.py:188} INFO - [2024-07-10T23:47:55.891+0000] {dagbag.py:545} INFO - Filling up the DagBag from /home/airflow/.local/lib/python3.12/site-packages/airflow/example_dags/example_branch_labels.py
[2024-07-10T23:47:55.900+0000] {processor.py:840} INFO - DAG(s) 'example_branch_labels' retrieved from /home/airflow/.local/lib/python3.12/site-packages/airflow/example_dags/example_branch_labels.py
[2024-07-10T23:47:55.925+0000] {logging_mixin.py:188} INFO - [2024-07-10T23:47:55.925+0000] {dag.py:3096} INFO - Sync 1 DAGs
[2024-07-10T23:47:55.955+0000] {logging_mixin.py:188} INFO - [2024-07-10T23:47:55.955+0000] {dag.py:3954} INFO - Setting next_dagrun for example_branch_labels to 2024-07-09 00:00:00+00:00, run_after=2024-07-10 00:00:00+00:00
[2024-07-10T23:47:55.987+0000] {processor.py:183} INFO - Processing /home/airflow/.local/lib/python3.12/site-packages/airflow/example_dags/example_branch_labels.py took 0.109 seconds
[2024-07-10T23:48:26.238+0000] {processor.py:161} INFO - Started process (PID=3038) to work on /home/airflow/.local/lib/python3.12/site-packages/airflow/example_dags/example_branch_labels.py
[2024-07-10T23:48:26.239+0000] {processor.py:830} INFO - Processing file /home/airflow/.local/lib/python3.12/site-packages/airflow/example_dags/example_branch_labels.py for tasks to queue
[2024-07-10T23:48:26.241+0000] {logging_mixin.py:188} INFO - [2024-07-10T23:48:26.240+0000] {dagbag.py:545} INFO - Filling up the DagBag from /home/airflow/.local/lib/python3.12/site-packages/airflow/example_dags/example_branch_labels.py
[2024-07-10T23:48:26.249+0000] {processor.py:840} INFO - DAG(s) 'example_branch_labels' retrieved from /home/airflow/.local/lib/python3.12/site-packages/airflow/example_dags/example_branch_labels.py
[2024-07-10T23:48:26.274+0000] {logging_mixin.py:188} INFO - [2024-07-10T23:48:26.274+0000] {dag.py:3096} INFO - Sync 1 DAGs
[2024-07-10T23:48:26.301+0000] {logging_mixin.py:188} INFO - [2024-07-10T23:48:26.301+0000] {dag.py:3954} INFO - Setting next_dagrun for example_branch_labels to 2024-07-09 00:00:00+00:00, run_after=2024-07-10 00:00:00+00:00
[2024-07-10T23:48:26.324+0000] {processor.py:183} INFO - Processing /home/airflow/.local/lib/python3.12/site-packages/airflow/example_dags/example_branch_labels.py took 0.093 seconds
[2024-07-10T23:48:56.770+0000] {processor.py:161} INFO - Started process (PID=3096) to work on /home/airflow/.local/lib/python3.12/site-packages/airflow/example_dags/example_branch_labels.py
[2024-07-10T23:48:56.772+0000] {processor.py:830} INFO - Processing file /home/airflow/.local/lib/python3.12/site-packages/airflow/example_dags/example_branch_labels.py for tasks to queue
[2024-07-10T23:48:56.774+0000] {logging_mixin.py:188} INFO - [2024-07-10T23:48:56.774+0000] {dagbag.py:545} INFO - Filling up the DagBag from /home/airflow/.local/lib/python3.12/site-packages/airflow/example_dags/example_branch_labels.py
[2024-07-10T23:48:56.783+0000] {processor.py:840} INFO - DAG(s) 'example_branch_labels' retrieved from /home/airflow/.local/lib/python3.12/site-packages/airflow/example_dags/example_branch_labels.py
[2024-07-10T23:48:56.807+0000] {logging_mixin.py:188} INFO - [2024-07-10T23:48:56.807+0000] {dag.py:3096} INFO - Sync 1 DAGs
[2024-07-10T23:48:56.836+0000] {logging_mixin.py:188} INFO - [2024-07-10T23:48:56.836+0000] {dag.py:3954} INFO - Setting next_dagrun for example_branch_labels to 2024-07-09 00:00:00+00:00, run_after=2024-07-10 00:00:00+00:00
[2024-07-10T23:48:56.860+0000] {processor.py:183} INFO - Processing /home/airflow/.local/lib/python3.12/site-packages/airflow/example_dags/example_branch_labels.py took 0.097 seconds
[2024-07-10T23:49:27.600+0000] {processor.py:161} INFO - Started process (PID=3154) to work on /home/airflow/.local/lib/python3.12/site-packages/airflow/example_dags/example_branch_labels.py
[2024-07-10T23:49:27.602+0000] {processor.py:830} INFO - Processing file /home/airflow/.local/lib/python3.12/site-packages/airflow/example_dags/example_branch_labels.py for tasks to queue
[2024-07-10T23:49:27.604+0000] {logging_mixin.py:188} INFO - [2024-07-10T23:49:27.603+0000] {dagbag.py:545} INFO - Filling up the DagBag from /home/airflow/.local/lib/python3.12/site-packages/airflow/example_dags/example_branch_labels.py
[2024-07-10T23:49:27.613+0000] {processor.py:840} INFO - DAG(s) 'example_branch_labels' retrieved from /home/airflow/.local/lib/python3.12/site-packages/airflow/example_dags/example_branch_labels.py
[2024-07-10T23:49:27.637+0000] {logging_mixin.py:188} INFO - [2024-07-10T23:49:27.637+0000] {dag.py:3096} INFO - Sync 1 DAGs
[2024-07-10T23:49:27.666+0000] {logging_mixin.py:188} INFO - [2024-07-10T23:49:27.666+0000] {dag.py:3954} INFO - Setting next_dagrun for example_branch_labels to 2024-07-09 00:00:00+00:00, run_after=2024-07-10 00:00:00+00:00
[2024-07-10T23:49:27.687+0000] {processor.py:183} INFO - Processing /home/airflow/.local/lib/python3.12/site-packages/airflow/example_dags/example_branch_labels.py took 0.094 seconds
[2024-07-10T23:49:58.051+0000] {processor.py:161} INFO - Started process (PID=3212) to work on /home/airflow/.local/lib/python3.12/site-packages/airflow/example_dags/example_branch_labels.py
[2024-07-10T23:49:58.052+0000] {processor.py:830} INFO - Processing file /home/airflow/.local/lib/python3.12/site-packages/airflow/example_dags/example_branch_labels.py for tasks to queue
[2024-07-10T23:49:58.054+0000] {logging_mixin.py:188} INFO - [2024-07-10T23:49:58.053+0000] {dagbag.py:545} INFO - Filling up the DagBag from /home/airflow/.local/lib/python3.12/site-packages/airflow/example_dags/example_branch_labels.py
[2024-07-10T23:49:58.063+0000] {processor.py:840} INFO - DAG(s) 'example_branch_labels' retrieved from /home/airflow/.local/lib/python3.12/site-packages/airflow/example_dags/example_branch_labels.py
[2024-07-10T23:49:58.088+0000] {logging_mixin.py:188} INFO - [2024-07-10T23:49:58.087+0000] {dag.py:3096} INFO - Sync 1 DAGs
[2024-07-10T23:49:58.114+0000] {logging_mixin.py:188} INFO - [2024-07-10T23:49:58.114+0000] {dag.py:3954} INFO - Setting next_dagrun for example_branch_labels to 2024-07-09 00:00:00+00:00, run_after=2024-07-10 00:00:00+00:00
[2024-07-10T23:49:58.137+0000] {processor.py:183} INFO - Processing /home/airflow/.local/lib/python3.12/site-packages/airflow/example_dags/example_branch_labels.py took 0.093 seconds
[2024-07-10T23:50:28.363+0000] {processor.py:161} INFO - Started process (PID=3270) to work on /home/airflow/.local/lib/python3.12/site-packages/airflow/example_dags/example_branch_labels.py
[2024-07-10T23:50:28.364+0000] {processor.py:830} INFO - Processing file /home/airflow/.local/lib/python3.12/site-packages/airflow/example_dags/example_branch_labels.py for tasks to queue
[2024-07-10T23:50:28.366+0000] {logging_mixin.py:188} INFO - [2024-07-10T23:50:28.366+0000] {dagbag.py:545} INFO - Filling up the DagBag from /home/airflow/.local/lib/python3.12/site-packages/airflow/example_dags/example_branch_labels.py
[2024-07-10T23:50:28.375+0000] {processor.py:840} INFO - DAG(s) 'example_branch_labels' retrieved from /home/airflow/.local/lib/python3.12/site-packages/airflow/example_dags/example_branch_labels.py
[2024-07-10T23:50:28.400+0000] {logging_mixin.py:188} INFO - [2024-07-10T23:50:28.400+0000] {dag.py:3096} INFO - Sync 1 DAGs
[2024-07-10T23:50:28.427+0000] {logging_mixin.py:188} INFO - [2024-07-10T23:50:28.426+0000] {dag.py:3954} INFO - Setting next_dagrun for example_branch_labels to 2024-07-09 00:00:00+00:00, run_after=2024-07-10 00:00:00+00:00
[2024-07-10T23:50:28.456+0000] {processor.py:183} INFO - Processing /home/airflow/.local/lib/python3.12/site-packages/airflow/example_dags/example_branch_labels.py took 0.100 seconds
[2024-07-10T23:50:58.754+0000] {processor.py:161} INFO - Started process (PID=3328) to work on /home/airflow/.local/lib/python3.12/site-packages/airflow/example_dags/example_branch_labels.py
[2024-07-10T23:50:58.755+0000] {processor.py:830} INFO - Processing file /home/airflow/.local/lib/python3.12/site-packages/airflow/example_dags/example_branch_labels.py for tasks to queue
[2024-07-10T23:50:58.758+0000] {logging_mixin.py:188} INFO - [2024-07-10T23:50:58.758+0000] {dagbag.py:545} INFO - Filling up the DagBag from /home/airflow/.local/lib/python3.12/site-packages/airflow/example_dags/example_branch_labels.py
[2024-07-10T23:50:58.767+0000] {processor.py:840} INFO - DAG(s) 'example_branch_labels' retrieved from /home/airflow/.local/lib/python3.12/site-packages/airflow/example_dags/example_branch_labels.py
[2024-07-10T23:50:58.792+0000] {logging_mixin.py:188} INFO - [2024-07-10T23:50:58.791+0000] {dag.py:3096} INFO - Sync 1 DAGs
[2024-07-10T23:50:58.821+0000] {logging_mixin.py:188} INFO - [2024-07-10T23:50:58.821+0000] {dag.py:3954} INFO - Setting next_dagrun for example_branch_labels to 2024-07-09 00:00:00+00:00, run_after=2024-07-10 00:00:00+00:00
[2024-07-10T23:50:58.845+0000] {processor.py:183} INFO - Processing /home/airflow/.local/lib/python3.12/site-packages/airflow/example_dags/example_branch_labels.py took 0.099 seconds
[2024-07-10T23:51:29.544+0000] {processor.py:161} INFO - Started process (PID=3387) to work on /home/airflow/.local/lib/python3.12/site-packages/airflow/example_dags/example_branch_labels.py
[2024-07-10T23:51:29.550+0000] {processor.py:830} INFO - Processing file /home/airflow/.local/lib/python3.12/site-packages/airflow/example_dags/example_branch_labels.py for tasks to queue
[2024-07-10T23:51:29.552+0000] {logging_mixin.py:188} INFO - [2024-07-10T23:51:29.552+0000] {dagbag.py:545} INFO - Filling up the DagBag from /home/airflow/.local/lib/python3.12/site-packages/airflow/example_dags/example_branch_labels.py
[2024-07-10T23:51:29.562+0000] {processor.py:840} INFO - DAG(s) 'example_branch_labels' retrieved from /home/airflow/.local/lib/python3.12/site-packages/airflow/example_dags/example_branch_labels.py
[2024-07-10T23:51:29.588+0000] {logging_mixin.py:188} INFO - [2024-07-10T23:51:29.588+0000] {dag.py:3096} INFO - Sync 1 DAGs
[2024-07-10T23:51:29.625+0000] {logging_mixin.py:188} INFO - [2024-07-10T23:51:29.625+0000] {dag.py:3954} INFO - Setting next_dagrun for example_branch_labels to 2024-07-09 00:00:00+00:00, run_after=2024-07-10 00:00:00+00:00
[2024-07-10T23:51:29.650+0000] {processor.py:183} INFO - Processing /home/airflow/.local/lib/python3.12/site-packages/airflow/example_dags/example_branch_labels.py took 0.113 seconds
[2024-07-10T23:51:59.730+0000] {processor.py:161} INFO - Started process (PID=3445) to work on /home/airflow/.local/lib/python3.12/site-packages/airflow/example_dags/example_branch_labels.py
[2024-07-10T23:51:59.731+0000] {processor.py:830} INFO - Processing file /home/airflow/.local/lib/python3.12/site-packages/airflow/example_dags/example_branch_labels.py for tasks to queue
[2024-07-10T23:51:59.733+0000] {logging_mixin.py:188} INFO - [2024-07-10T23:51:59.733+0000] {dagbag.py:545} INFO - Filling up the DagBag from /home/airflow/.local/lib/python3.12/site-packages/airflow/example_dags/example_branch_labels.py
[2024-07-10T23:51:59.742+0000] {processor.py:840} INFO - DAG(s) 'example_branch_labels' retrieved from /home/airflow/.local/lib/python3.12/site-packages/airflow/example_dags/example_branch_labels.py
[2024-07-10T23:51:59.767+0000] {logging_mixin.py:188} INFO - [2024-07-10T23:51:59.767+0000] {dag.py:3096} INFO - Sync 1 DAGs
[2024-07-10T23:51:59.795+0000] {logging_mixin.py:188} INFO - [2024-07-10T23:51:59.795+0000] {dag.py:3954} INFO - Setting next_dagrun for example_branch_labels to 2024-07-09 00:00:00+00:00, run_after=2024-07-10 00:00:00+00:00
[2024-07-10T23:51:59.820+0000] {processor.py:183} INFO - Processing /home/airflow/.local/lib/python3.12/site-packages/airflow/example_dags/example_branch_labels.py took 0.096 seconds
[2024-07-10T23:52:30.696+0000] {processor.py:161} INFO - Started process (PID=3503) to work on /home/airflow/.local/lib/python3.12/site-packages/airflow/example_dags/example_branch_labels.py
[2024-07-10T23:52:30.697+0000] {processor.py:830} INFO - Processing file /home/airflow/.local/lib/python3.12/site-packages/airflow/example_dags/example_branch_labels.py for tasks to queue
[2024-07-10T23:52:30.699+0000] {logging_mixin.py:188} INFO - [2024-07-10T23:52:30.699+0000] {dagbag.py:545} INFO - Filling up the DagBag from /home/airflow/.local/lib/python3.12/site-packages/airflow/example_dags/example_branch_labels.py
[2024-07-10T23:52:30.710+0000] {processor.py:840} INFO - DAG(s) 'example_branch_labels' retrieved from /home/airflow/.local/lib/python3.12/site-packages/airflow/example_dags/example_branch_labels.py
[2024-07-10T23:52:30.737+0000] {logging_mixin.py:188} INFO - [2024-07-10T23:52:30.737+0000] {dag.py:3096} INFO - Sync 1 DAGs
[2024-07-10T23:52:30.767+0000] {logging_mixin.py:188} INFO - [2024-07-10T23:52:30.766+0000] {dag.py:3954} INFO - Setting next_dagrun for example_branch_labels to 2024-07-09 00:00:00+00:00, run_after=2024-07-10 00:00:00+00:00
[2024-07-10T23:52:30.792+0000] {processor.py:183} INFO - Processing /home/airflow/.local/lib/python3.12/site-packages/airflow/example_dags/example_branch_labels.py took 0.106 seconds
[2024-07-10T23:53:01.409+0000] {processor.py:161} INFO - Started process (PID=3562) to work on /home/airflow/.local/lib/python3.12/site-packages/airflow/example_dags/example_branch_labels.py
[2024-07-10T23:53:01.415+0000] {processor.py:830} INFO - Processing file /home/airflow/.local/lib/python3.12/site-packages/airflow/example_dags/example_branch_labels.py for tasks to queue
[2024-07-10T23:53:01.417+0000] {logging_mixin.py:188} INFO - [2024-07-10T23:53:01.417+0000] {dagbag.py:545} INFO - Filling up the DagBag from /home/airflow/.local/lib/python3.12/site-packages/airflow/example_dags/example_branch_labels.py
[2024-07-10T23:53:01.426+0000] {processor.py:840} INFO - DAG(s) 'example_branch_labels' retrieved from /home/airflow/.local/lib/python3.12/site-packages/airflow/example_dags/example_branch_labels.py
[2024-07-10T23:53:01.451+0000] {logging_mixin.py:188} INFO - [2024-07-10T23:53:01.451+0000] {dag.py:3096} INFO - Sync 1 DAGs
[2024-07-10T23:53:01.477+0000] {logging_mixin.py:188} INFO - [2024-07-10T23:53:01.477+0000] {dag.py:3954} INFO - Setting next_dagrun for example_branch_labels to 2024-07-09 00:00:00+00:00, run_after=2024-07-10 00:00:00+00:00
[2024-07-10T23:53:01.514+0000] {processor.py:183} INFO - Processing /home/airflow/.local/lib/python3.12/site-packages/airflow/example_dags/example_branch_labels.py took 0.112 seconds
[2024-07-10T23:53:32.711+0000] {processor.py:161} INFO - Started process (PID=3619) to work on /home/airflow/.local/lib/python3.12/site-packages/airflow/example_dags/example_branch_labels.py
[2024-07-10T23:53:32.724+0000] {processor.py:830} INFO - Processing file /home/airflow/.local/lib/python3.12/site-packages/airflow/example_dags/example_branch_labels.py for tasks to queue
[2024-07-10T23:53:32.728+0000] {logging_mixin.py:188} INFO - [2024-07-10T23:53:32.728+0000] {dagbag.py:545} INFO - Filling up the DagBag from /home/airflow/.local/lib/python3.12/site-packages/airflow/example_dags/example_branch_labels.py
[2024-07-10T23:53:32.749+0000] {processor.py:840} INFO - DAG(s) 'example_branch_labels' retrieved from /home/airflow/.local/lib/python3.12/site-packages/airflow/example_dags/example_branch_labels.py
[2024-07-10T23:53:32.874+0000] {logging_mixin.py:188} INFO - [2024-07-10T23:53:32.873+0000] {dag.py:3096} INFO - Sync 1 DAGs
[2024-07-10T23:53:32.970+0000] {logging_mixin.py:188} INFO - [2024-07-10T23:53:32.969+0000] {dag.py:3954} INFO - Setting next_dagrun for example_branch_labels to 2024-07-09 00:00:00+00:00, run_after=2024-07-10 00:00:00+00:00
[2024-07-10T23:53:33.058+0000] {processor.py:183} INFO - Processing /home/airflow/.local/lib/python3.12/site-packages/airflow/example_dags/example_branch_labels.py took 0.365 seconds
[2024-07-10T23:54:03.662+0000] {processor.py:161} INFO - Started process (PID=3677) to work on /home/airflow/.local/lib/python3.12/site-packages/airflow/example_dags/example_branch_labels.py
[2024-07-10T23:54:03.673+0000] {processor.py:830} INFO - Processing file /home/airflow/.local/lib/python3.12/site-packages/airflow/example_dags/example_branch_labels.py for tasks to queue
[2024-07-10T23:54:03.676+0000] {logging_mixin.py:188} INFO - [2024-07-10T23:54:03.675+0000] {dagbag.py:545} INFO - Filling up the DagBag from /home/airflow/.local/lib/python3.12/site-packages/airflow/example_dags/example_branch_labels.py
[2024-07-10T23:54:03.685+0000] {processor.py:840} INFO - DAG(s) 'example_branch_labels' retrieved from /home/airflow/.local/lib/python3.12/site-packages/airflow/example_dags/example_branch_labels.py
[2024-07-10T23:54:03.719+0000] {logging_mixin.py:188} INFO - [2024-07-10T23:54:03.718+0000] {dag.py:3096} INFO - Sync 1 DAGs
[2024-07-10T23:54:03.756+0000] {logging_mixin.py:188} INFO - [2024-07-10T23:54:03.755+0000] {dag.py:3954} INFO - Setting next_dagrun for example_branch_labels to 2024-07-09 00:00:00+00:00, run_after=2024-07-10 00:00:00+00:00
[2024-07-10T23:54:03.788+0000] {processor.py:183} INFO - Processing /home/airflow/.local/lib/python3.12/site-packages/airflow/example_dags/example_branch_labels.py took 0.135 seconds
[2024-07-10T23:54:33.998+0000] {processor.py:161} INFO - Started process (PID=3735) to work on /home/airflow/.local/lib/python3.12/site-packages/airflow/example_dags/example_branch_labels.py
[2024-07-10T23:54:34.000+0000] {processor.py:830} INFO - Processing file /home/airflow/.local/lib/python3.12/site-packages/airflow/example_dags/example_branch_labels.py for tasks to queue
[2024-07-10T23:54:34.004+0000] {logging_mixin.py:188} INFO - [2024-07-10T23:54:34.003+0000] {dagbag.py:545} INFO - Filling up the DagBag from /home/airflow/.local/lib/python3.12/site-packages/airflow/example_dags/example_branch_labels.py
[2024-07-10T23:54:34.026+0000] {processor.py:840} INFO - DAG(s) 'example_branch_labels' retrieved from /home/airflow/.local/lib/python3.12/site-packages/airflow/example_dags/example_branch_labels.py
[2024-07-10T23:54:34.067+0000] {logging_mixin.py:188} INFO - [2024-07-10T23:54:34.067+0000] {dag.py:3096} INFO - Sync 1 DAGs
[2024-07-10T23:54:34.105+0000] {logging_mixin.py:188} INFO - [2024-07-10T23:54:34.105+0000] {dag.py:3954} INFO - Setting next_dagrun for example_branch_labels to 2024-07-09 00:00:00+00:00, run_after=2024-07-10 00:00:00+00:00
[2024-07-10T23:54:34.147+0000] {processor.py:183} INFO - Processing /home/airflow/.local/lib/python3.12/site-packages/airflow/example_dags/example_branch_labels.py took 0.170 seconds
[2024-07-10T23:55:04.352+0000] {processor.py:161} INFO - Started process (PID=3793) to work on /home/airflow/.local/lib/python3.12/site-packages/airflow/example_dags/example_branch_labels.py
[2024-07-10T23:55:04.367+0000] {processor.py:830} INFO - Processing file /home/airflow/.local/lib/python3.12/site-packages/airflow/example_dags/example_branch_labels.py for tasks to queue
[2024-07-10T23:55:04.376+0000] {logging_mixin.py:188} INFO - [2024-07-10T23:55:04.376+0000] {dagbag.py:545} INFO - Filling up the DagBag from /home/airflow/.local/lib/python3.12/site-packages/airflow/example_dags/example_branch_labels.py
[2024-07-10T23:55:04.411+0000] {processor.py:840} INFO - DAG(s) 'example_branch_labels' retrieved from /home/airflow/.local/lib/python3.12/site-packages/airflow/example_dags/example_branch_labels.py
[2024-07-10T23:55:04.453+0000] {logging_mixin.py:188} INFO - [2024-07-10T23:55:04.453+0000] {dag.py:3096} INFO - Sync 1 DAGs
[2024-07-10T23:55:04.498+0000] {logging_mixin.py:188} INFO - [2024-07-10T23:55:04.497+0000] {dag.py:3954} INFO - Setting next_dagrun for example_branch_labels to 2024-07-09 00:00:00+00:00, run_after=2024-07-10 00:00:00+00:00
[2024-07-10T23:55:04.541+0000] {processor.py:183} INFO - Processing /home/airflow/.local/lib/python3.12/site-packages/airflow/example_dags/example_branch_labels.py took 0.202 seconds
[2024-07-10T23:55:36.247+0000] {processor.py:161} INFO - Started process (PID=3851) to work on /home/airflow/.local/lib/python3.12/site-packages/airflow/example_dags/example_branch_labels.py
[2024-07-10T23:55:36.249+0000] {processor.py:830} INFO - Processing file /home/airflow/.local/lib/python3.12/site-packages/airflow/example_dags/example_branch_labels.py for tasks to queue
[2024-07-10T23:55:36.253+0000] {logging_mixin.py:188} INFO - [2024-07-10T23:55:36.253+0000] {dagbag.py:545} INFO - Filling up the DagBag from /home/airflow/.local/lib/python3.12/site-packages/airflow/example_dags/example_branch_labels.py
[2024-07-10T23:55:36.267+0000] {processor.py:840} INFO - DAG(s) 'example_branch_labels' retrieved from /home/airflow/.local/lib/python3.12/site-packages/airflow/example_dags/example_branch_labels.py
[2024-07-10T23:55:36.336+0000] {logging_mixin.py:188} INFO - [2024-07-10T23:55:36.336+0000] {dag.py:3096} INFO - Sync 1 DAGs
[2024-07-10T23:55:36.403+0000] {logging_mixin.py:188} INFO - [2024-07-10T23:55:36.402+0000] {dag.py:3954} INFO - Setting next_dagrun for example_branch_labels to 2024-07-09 00:00:00+00:00, run_after=2024-07-10 00:00:00+00:00
[2024-07-10T23:55:36.460+0000] {processor.py:183} INFO - Processing /home/airflow/.local/lib/python3.12/site-packages/airflow/example_dags/example_branch_labels.py took 0.222 seconds
[2024-07-10T23:56:07.086+0000] {processor.py:161} INFO - Started process (PID=3909) to work on /home/airflow/.local/lib/python3.12/site-packages/airflow/example_dags/example_branch_labels.py
[2024-07-10T23:56:07.093+0000] {processor.py:830} INFO - Processing file /home/airflow/.local/lib/python3.12/site-packages/airflow/example_dags/example_branch_labels.py for tasks to queue
[2024-07-10T23:56:07.095+0000] {logging_mixin.py:188} INFO - [2024-07-10T23:56:07.095+0000] {dagbag.py:545} INFO - Filling up the DagBag from /home/airflow/.local/lib/python3.12/site-packages/airflow/example_dags/example_branch_labels.py
[2024-07-10T23:56:07.114+0000] {processor.py:840} INFO - DAG(s) 'example_branch_labels' retrieved from /home/airflow/.local/lib/python3.12/site-packages/airflow/example_dags/example_branch_labels.py
[2024-07-10T23:56:07.165+0000] {logging_mixin.py:188} INFO - [2024-07-10T23:56:07.165+0000] {dag.py:3096} INFO - Sync 1 DAGs
[2024-07-10T23:56:07.216+0000] {logging_mixin.py:188} INFO - [2024-07-10T23:56:07.216+0000] {dag.py:3954} INFO - Setting next_dagrun for example_branch_labels to 2024-07-09 00:00:00+00:00, run_after=2024-07-10 00:00:00+00:00
[2024-07-10T23:56:07.278+0000] {processor.py:183} INFO - Processing /home/airflow/.local/lib/python3.12/site-packages/airflow/example_dags/example_branch_labels.py took 0.213 seconds
[2024-07-10T23:56:38.119+0000] {processor.py:161} INFO - Started process (PID=3966) to work on /home/airflow/.local/lib/python3.12/site-packages/airflow/example_dags/example_branch_labels.py
[2024-07-10T23:56:38.124+0000] {processor.py:830} INFO - Processing file /home/airflow/.local/lib/python3.12/site-packages/airflow/example_dags/example_branch_labels.py for tasks to queue
[2024-07-10T23:56:38.126+0000] {logging_mixin.py:188} INFO - [2024-07-10T23:56:38.126+0000] {dagbag.py:545} INFO - Filling up the DagBag from /home/airflow/.local/lib/python3.12/site-packages/airflow/example_dags/example_branch_labels.py
[2024-07-10T23:56:38.137+0000] {processor.py:840} INFO - DAG(s) 'example_branch_labels' retrieved from /home/airflow/.local/lib/python3.12/site-packages/airflow/example_dags/example_branch_labels.py
[2024-07-10T23:56:38.179+0000] {logging_mixin.py:188} INFO - [2024-07-10T23:56:38.178+0000] {dag.py:3096} INFO - Sync 1 DAGs
[2024-07-10T23:56:38.240+0000] {logging_mixin.py:188} INFO - [2024-07-10T23:56:38.239+0000] {dag.py:3954} INFO - Setting next_dagrun for example_branch_labels to 2024-07-09 00:00:00+00:00, run_after=2024-07-10 00:00:00+00:00
[2024-07-10T23:56:38.281+0000] {processor.py:183} INFO - Processing /home/airflow/.local/lib/python3.12/site-packages/airflow/example_dags/example_branch_labels.py took 0.168 seconds
[2024-07-10T23:57:08.786+0000] {processor.py:161} INFO - Started process (PID=4024) to work on /home/airflow/.local/lib/python3.12/site-packages/airflow/example_dags/example_branch_labels.py
[2024-07-10T23:57:08.813+0000] {processor.py:830} INFO - Processing file /home/airflow/.local/lib/python3.12/site-packages/airflow/example_dags/example_branch_labels.py for tasks to queue
[2024-07-10T23:57:08.817+0000] {logging_mixin.py:188} INFO - [2024-07-10T23:57:08.817+0000] {dagbag.py:545} INFO - Filling up the DagBag from /home/airflow/.local/lib/python3.12/site-packages/airflow/example_dags/example_branch_labels.py
[2024-07-10T23:57:08.838+0000] {processor.py:840} INFO - DAG(s) 'example_branch_labels' retrieved from /home/airflow/.local/lib/python3.12/site-packages/airflow/example_dags/example_branch_labels.py
[2024-07-10T23:57:08.892+0000] {logging_mixin.py:188} INFO - [2024-07-10T23:57:08.892+0000] {dag.py:3096} INFO - Sync 1 DAGs
[2024-07-10T23:57:08.963+0000] {logging_mixin.py:188} INFO - [2024-07-10T23:57:08.963+0000] {dag.py:3954} INFO - Setting next_dagrun for example_branch_labels to 2024-07-09 00:00:00+00:00, run_after=2024-07-10 00:00:00+00:00
[2024-07-10T23:57:09.022+0000] {processor.py:183} INFO - Processing /home/airflow/.local/lib/python3.12/site-packages/airflow/example_dags/example_branch_labels.py took 0.255 seconds
[2024-07-10T23:57:39.272+0000] {processor.py:161} INFO - Started process (PID=4082) to work on /home/airflow/.local/lib/python3.12/site-packages/airflow/example_dags/example_branch_labels.py
[2024-07-10T23:57:39.298+0000] {processor.py:830} INFO - Processing file /home/airflow/.local/lib/python3.12/site-packages/airflow/example_dags/example_branch_labels.py for tasks to queue
[2024-07-10T23:57:39.301+0000] {logging_mixin.py:188} INFO - [2024-07-10T23:57:39.300+0000] {dagbag.py:545} INFO - Filling up the DagBag from /home/airflow/.local/lib/python3.12/site-packages/airflow/example_dags/example_branch_labels.py
[2024-07-10T23:57:39.321+0000] {processor.py:840} INFO - DAG(s) 'example_branch_labels' retrieved from /home/airflow/.local/lib/python3.12/site-packages/airflow/example_dags/example_branch_labels.py
[2024-07-10T23:57:39.358+0000] {logging_mixin.py:188} INFO - [2024-07-10T23:57:39.357+0000] {dag.py:3096} INFO - Sync 1 DAGs
[2024-07-10T23:57:39.418+0000] {logging_mixin.py:188} INFO - [2024-07-10T23:57:39.418+0000] {dag.py:3954} INFO - Setting next_dagrun for example_branch_labels to 2024-07-09 00:00:00+00:00, run_after=2024-07-10 00:00:00+00:00
[2024-07-10T23:57:39.484+0000] {processor.py:183} INFO - Processing /home/airflow/.local/lib/python3.12/site-packages/airflow/example_dags/example_branch_labels.py took 0.220 seconds
[2024-07-10T23:58:09.639+0000] {processor.py:161} INFO - Started process (PID=4139) to work on /home/airflow/.local/lib/python3.12/site-packages/airflow/example_dags/example_branch_labels.py
[2024-07-10T23:58:09.651+0000] {processor.py:830} INFO - Processing file /home/airflow/.local/lib/python3.12/site-packages/airflow/example_dags/example_branch_labels.py for tasks to queue
[2024-07-10T23:58:09.654+0000] {logging_mixin.py:188} INFO - [2024-07-10T23:58:09.653+0000] {dagbag.py:545} INFO - Filling up the DagBag from /home/airflow/.local/lib/python3.12/site-packages/airflow/example_dags/example_branch_labels.py
[2024-07-10T23:58:09.667+0000] {processor.py:840} INFO - DAG(s) 'example_branch_labels' retrieved from /home/airflow/.local/lib/python3.12/site-packages/airflow/example_dags/example_branch_labels.py
[2024-07-10T23:58:09.705+0000] {logging_mixin.py:188} INFO - [2024-07-10T23:58:09.705+0000] {dag.py:3096} INFO - Sync 1 DAGs
[2024-07-10T23:58:09.755+0000] {logging_mixin.py:188} INFO - [2024-07-10T23:58:09.755+0000] {dag.py:3954} INFO - Setting next_dagrun for example_branch_labels to 2024-07-09 00:00:00+00:00, run_after=2024-07-10 00:00:00+00:00
[2024-07-10T23:58:09.796+0000] {processor.py:183} INFO - Processing /home/airflow/.local/lib/python3.12/site-packages/airflow/example_dags/example_branch_labels.py took 0.166 seconds
[2024-07-10T23:58:40.048+0000] {processor.py:161} INFO - Started process (PID=4197) to work on /home/airflow/.local/lib/python3.12/site-packages/airflow/example_dags/example_branch_labels.py
[2024-07-10T23:58:40.055+0000] {processor.py:830} INFO - Processing file /home/airflow/.local/lib/python3.12/site-packages/airflow/example_dags/example_branch_labels.py for tasks to queue
[2024-07-10T23:58:40.058+0000] {logging_mixin.py:188} INFO - [2024-07-10T23:58:40.057+0000] {dagbag.py:545} INFO - Filling up the DagBag from /home/airflow/.local/lib/python3.12/site-packages/airflow/example_dags/example_branch_labels.py
[2024-07-10T23:58:40.073+0000] {processor.py:840} INFO - DAG(s) 'example_branch_labels' retrieved from /home/airflow/.local/lib/python3.12/site-packages/airflow/example_dags/example_branch_labels.py
[2024-07-10T23:58:40.115+0000] {logging_mixin.py:188} INFO - [2024-07-10T23:58:40.115+0000] {dag.py:3096} INFO - Sync 1 DAGs
[2024-07-10T23:58:40.157+0000] {logging_mixin.py:188} INFO - [2024-07-10T23:58:40.156+0000] {dag.py:3954} INFO - Setting next_dagrun for example_branch_labels to 2024-07-09 00:00:00+00:00, run_after=2024-07-10 00:00:00+00:00
[2024-07-10T23:58:40.216+0000] {processor.py:183} INFO - Processing /home/airflow/.local/lib/python3.12/site-packages/airflow/example_dags/example_branch_labels.py took 0.177 seconds
