[2024-07-10T13:36:32.341+0000] {processor.py:161} INFO - Started process (PID=66) to work on /home/airflow/.local/lib/python3.12/site-packages/airflow/example_dags/example_setup_teardown.py
[2024-07-10T13:36:32.342+0000] {processor.py:830} INFO - Processing file /home/airflow/.local/lib/python3.12/site-packages/airflow/example_dags/example_setup_teardown.py for tasks to queue
[2024-07-10T13:36:32.344+0000] {logging_mixin.py:188} INFO - [2024-07-10T13:36:32.343+0000] {dagbag.py:545} INFO - Filling up the DagBag from /home/airflow/.local/lib/python3.12/site-packages/airflow/example_dags/example_setup_teardown.py
[2024-07-10T13:36:32.361+0000] {processor.py:840} INFO - DAG(s) 'example_setup_teardown' retrieved from /home/airflow/.local/lib/python3.12/site-packages/airflow/example_dags/example_setup_teardown.py
[2024-07-10T13:36:32.728+0000] {logging_mixin.py:188} INFO - [2024-07-10T13:36:32.727+0000] {dag.py:3096} INFO - Sync 1 DAGs
[2024-07-10T13:36:32.798+0000] {logging_mixin.py:188} INFO - [2024-07-10T13:36:32.797+0000] {dag.py:3954} INFO - Setting next_dagrun for example_setup_teardown to 2024-07-09 00:00:00+00:00, run_after=2024-07-10 00:00:00+00:00
[2024-07-10T13:36:32.923+0000] {processor.py:183} INFO - Processing /home/airflow/.local/lib/python3.12/site-packages/airflow/example_dags/example_setup_teardown.py took 0.595 seconds
[2024-07-10T23:22:28.987+0000] {processor.py:161} INFO - Started process (PID=58) to work on /home/airflow/.local/lib/python3.12/site-packages/airflow/example_dags/example_setup_teardown.py
[2024-07-10T23:22:28.989+0000] {processor.py:830} INFO - Processing file /home/airflow/.local/lib/python3.12/site-packages/airflow/example_dags/example_setup_teardown.py for tasks to queue
[2024-07-10T23:22:28.991+0000] {logging_mixin.py:188} INFO - [2024-07-10T23:22:28.990+0000] {dagbag.py:545} INFO - Filling up the DagBag from /home/airflow/.local/lib/python3.12/site-packages/airflow/example_dags/example_setup_teardown.py
[2024-07-10T23:22:28.998+0000] {processor.py:840} INFO - DAG(s) 'example_setup_teardown' retrieved from /home/airflow/.local/lib/python3.12/site-packages/airflow/example_dags/example_setup_teardown.py
[2024-07-10T23:22:29.025+0000] {logging_mixin.py:188} INFO - [2024-07-10T23:22:29.025+0000] {dag.py:3096} INFO - Sync 1 DAGs
[2024-07-10T23:22:29.057+0000] {logging_mixin.py:188} INFO - [2024-07-10T23:22:29.057+0000] {dag.py:3954} INFO - Setting next_dagrun for example_setup_teardown to 2024-07-09 00:00:00+00:00, run_after=2024-07-10 00:00:00+00:00
[2024-07-10T23:22:29.086+0000] {processor.py:183} INFO - Processing /home/airflow/.local/lib/python3.12/site-packages/airflow/example_dags/example_setup_teardown.py took 0.107 seconds
[2024-07-10T23:22:59.178+0000] {processor.py:161} INFO - Started process (PID=115) to work on /home/airflow/.local/lib/python3.12/site-packages/airflow/example_dags/example_setup_teardown.py
[2024-07-10T23:22:59.179+0000] {processor.py:830} INFO - Processing file /home/airflow/.local/lib/python3.12/site-packages/airflow/example_dags/example_setup_teardown.py for tasks to queue
[2024-07-10T23:22:59.181+0000] {logging_mixin.py:188} INFO - [2024-07-10T23:22:59.180+0000] {dagbag.py:545} INFO - Filling up the DagBag from /home/airflow/.local/lib/python3.12/site-packages/airflow/example_dags/example_setup_teardown.py
[2024-07-10T23:22:59.188+0000] {processor.py:840} INFO - DAG(s) 'example_setup_teardown' retrieved from /home/airflow/.local/lib/python3.12/site-packages/airflow/example_dags/example_setup_teardown.py
[2024-07-10T23:22:59.212+0000] {logging_mixin.py:188} INFO - [2024-07-10T23:22:59.212+0000] {dag.py:3096} INFO - Sync 1 DAGs
[2024-07-10T23:22:59.241+0000] {logging_mixin.py:188} INFO - [2024-07-10T23:22:59.240+0000] {dag.py:3954} INFO - Setting next_dagrun for example_setup_teardown to 2024-07-09 00:00:00+00:00, run_after=2024-07-10 00:00:00+00:00
[2024-07-10T23:22:59.272+0000] {processor.py:183} INFO - Processing /home/airflow/.local/lib/python3.12/site-packages/airflow/example_dags/example_setup_teardown.py took 0.098 seconds
[2024-07-10T23:23:30.278+0000] {processor.py:161} INFO - Started process (PID=174) to work on /home/airflow/.local/lib/python3.12/site-packages/airflow/example_dags/example_setup_teardown.py
[2024-07-10T23:23:30.279+0000] {processor.py:830} INFO - Processing file /home/airflow/.local/lib/python3.12/site-packages/airflow/example_dags/example_setup_teardown.py for tasks to queue
[2024-07-10T23:23:30.281+0000] {logging_mixin.py:188} INFO - [2024-07-10T23:23:30.281+0000] {dagbag.py:545} INFO - Filling up the DagBag from /home/airflow/.local/lib/python3.12/site-packages/airflow/example_dags/example_setup_teardown.py
[2024-07-10T23:23:30.289+0000] {processor.py:840} INFO - DAG(s) 'example_setup_teardown' retrieved from /home/airflow/.local/lib/python3.12/site-packages/airflow/example_dags/example_setup_teardown.py
[2024-07-10T23:23:30.310+0000] {logging_mixin.py:188} INFO - [2024-07-10T23:23:30.310+0000] {dag.py:3096} INFO - Sync 1 DAGs
[2024-07-10T23:23:30.335+0000] {logging_mixin.py:188} INFO - [2024-07-10T23:23:30.335+0000] {dag.py:3954} INFO - Setting next_dagrun for example_setup_teardown to 2024-07-09 00:00:00+00:00, run_after=2024-07-10 00:00:00+00:00
[2024-07-10T23:23:30.357+0000] {processor.py:183} INFO - Processing /home/airflow/.local/lib/python3.12/site-packages/airflow/example_dags/example_setup_teardown.py took 0.085 seconds
[2024-07-10T23:24:00.762+0000] {processor.py:161} INFO - Started process (PID=232) to work on /home/airflow/.local/lib/python3.12/site-packages/airflow/example_dags/example_setup_teardown.py
[2024-07-10T23:24:00.763+0000] {processor.py:830} INFO - Processing file /home/airflow/.local/lib/python3.12/site-packages/airflow/example_dags/example_setup_teardown.py for tasks to queue
[2024-07-10T23:24:00.765+0000] {logging_mixin.py:188} INFO - [2024-07-10T23:24:00.764+0000] {dagbag.py:545} INFO - Filling up the DagBag from /home/airflow/.local/lib/python3.12/site-packages/airflow/example_dags/example_setup_teardown.py
[2024-07-10T23:24:00.772+0000] {processor.py:840} INFO - DAG(s) 'example_setup_teardown' retrieved from /home/airflow/.local/lib/python3.12/site-packages/airflow/example_dags/example_setup_teardown.py
[2024-07-10T23:24:00.795+0000] {logging_mixin.py:188} INFO - [2024-07-10T23:24:00.795+0000] {dag.py:3096} INFO - Sync 1 DAGs
[2024-07-10T23:24:00.821+0000] {logging_mixin.py:188} INFO - [2024-07-10T23:24:00.820+0000] {dag.py:3954} INFO - Setting next_dagrun for example_setup_teardown to 2024-07-09 00:00:00+00:00, run_after=2024-07-10 00:00:00+00:00
[2024-07-10T23:24:00.843+0000] {processor.py:183} INFO - Processing /home/airflow/.local/lib/python3.12/site-packages/airflow/example_dags/example_setup_teardown.py took 0.088 seconds
[2024-07-10T23:24:31.088+0000] {processor.py:161} INFO - Started process (PID=290) to work on /home/airflow/.local/lib/python3.12/site-packages/airflow/example_dags/example_setup_teardown.py
[2024-07-10T23:24:31.090+0000] {processor.py:830} INFO - Processing file /home/airflow/.local/lib/python3.12/site-packages/airflow/example_dags/example_setup_teardown.py for tasks to queue
[2024-07-10T23:24:31.092+0000] {logging_mixin.py:188} INFO - [2024-07-10T23:24:31.092+0000] {dagbag.py:545} INFO - Filling up the DagBag from /home/airflow/.local/lib/python3.12/site-packages/airflow/example_dags/example_setup_teardown.py
[2024-07-10T23:24:31.099+0000] {processor.py:840} INFO - DAG(s) 'example_setup_teardown' retrieved from /home/airflow/.local/lib/python3.12/site-packages/airflow/example_dags/example_setup_teardown.py
[2024-07-10T23:24:31.123+0000] {logging_mixin.py:188} INFO - [2024-07-10T23:24:31.123+0000] {dag.py:3096} INFO - Sync 1 DAGs
[2024-07-10T23:24:31.148+0000] {logging_mixin.py:188} INFO - [2024-07-10T23:24:31.148+0000] {dag.py:3954} INFO - Setting next_dagrun for example_setup_teardown to 2024-07-09 00:00:00+00:00, run_after=2024-07-10 00:00:00+00:00
[2024-07-10T23:24:31.172+0000] {processor.py:183} INFO - Processing /home/airflow/.local/lib/python3.12/site-packages/airflow/example_dags/example_setup_teardown.py took 0.091 seconds
[2024-07-10T23:25:01.700+0000] {processor.py:161} INFO - Started process (PID=348) to work on /home/airflow/.local/lib/python3.12/site-packages/airflow/example_dags/example_setup_teardown.py
[2024-07-10T23:25:01.701+0000] {processor.py:830} INFO - Processing file /home/airflow/.local/lib/python3.12/site-packages/airflow/example_dags/example_setup_teardown.py for tasks to queue
[2024-07-10T23:25:01.703+0000] {logging_mixin.py:188} INFO - [2024-07-10T23:25:01.703+0000] {dagbag.py:545} INFO - Filling up the DagBag from /home/airflow/.local/lib/python3.12/site-packages/airflow/example_dags/example_setup_teardown.py
[2024-07-10T23:25:01.710+0000] {processor.py:840} INFO - DAG(s) 'example_setup_teardown' retrieved from /home/airflow/.local/lib/python3.12/site-packages/airflow/example_dags/example_setup_teardown.py
[2024-07-10T23:25:01.733+0000] {logging_mixin.py:188} INFO - [2024-07-10T23:25:01.733+0000] {dag.py:3096} INFO - Sync 1 DAGs
[2024-07-10T23:25:01.759+0000] {logging_mixin.py:188} INFO - [2024-07-10T23:25:01.758+0000] {dag.py:3954} INFO - Setting next_dagrun for example_setup_teardown to 2024-07-09 00:00:00+00:00, run_after=2024-07-10 00:00:00+00:00
[2024-07-10T23:25:01.784+0000] {processor.py:183} INFO - Processing /home/airflow/.local/lib/python3.12/site-packages/airflow/example_dags/example_setup_teardown.py took 0.089 seconds
[2024-07-10T23:25:32.146+0000] {processor.py:161} INFO - Started process (PID=407) to work on /home/airflow/.local/lib/python3.12/site-packages/airflow/example_dags/example_setup_teardown.py
[2024-07-10T23:25:32.147+0000] {processor.py:830} INFO - Processing file /home/airflow/.local/lib/python3.12/site-packages/airflow/example_dags/example_setup_teardown.py for tasks to queue
[2024-07-10T23:25:32.149+0000] {logging_mixin.py:188} INFO - [2024-07-10T23:25:32.149+0000] {dagbag.py:545} INFO - Filling up the DagBag from /home/airflow/.local/lib/python3.12/site-packages/airflow/example_dags/example_setup_teardown.py
[2024-07-10T23:25:32.160+0000] {processor.py:840} INFO - DAG(s) 'example_setup_teardown' retrieved from /home/airflow/.local/lib/python3.12/site-packages/airflow/example_dags/example_setup_teardown.py
[2024-07-10T23:25:32.186+0000] {logging_mixin.py:188} INFO - [2024-07-10T23:25:32.186+0000] {dag.py:3096} INFO - Sync 1 DAGs
[2024-07-10T23:25:32.216+0000] {logging_mixin.py:188} INFO - [2024-07-10T23:25:32.216+0000] {dag.py:3954} INFO - Setting next_dagrun for example_setup_teardown to 2024-07-09 00:00:00+00:00, run_after=2024-07-10 00:00:00+00:00
[2024-07-10T23:25:32.240+0000] {processor.py:183} INFO - Processing /home/airflow/.local/lib/python3.12/site-packages/airflow/example_dags/example_setup_teardown.py took 0.102 seconds
[2024-07-10T23:26:02.387+0000] {processor.py:161} INFO - Started process (PID=466) to work on /home/airflow/.local/lib/python3.12/site-packages/airflow/example_dags/example_setup_teardown.py
[2024-07-10T23:26:02.388+0000] {processor.py:830} INFO - Processing file /home/airflow/.local/lib/python3.12/site-packages/airflow/example_dags/example_setup_teardown.py for tasks to queue
[2024-07-10T23:26:02.390+0000] {logging_mixin.py:188} INFO - [2024-07-10T23:26:02.390+0000] {dagbag.py:545} INFO - Filling up the DagBag from /home/airflow/.local/lib/python3.12/site-packages/airflow/example_dags/example_setup_teardown.py
[2024-07-10T23:26:02.398+0000] {processor.py:840} INFO - DAG(s) 'example_setup_teardown' retrieved from /home/airflow/.local/lib/python3.12/site-packages/airflow/example_dags/example_setup_teardown.py
[2024-07-10T23:26:02.422+0000] {logging_mixin.py:188} INFO - [2024-07-10T23:26:02.421+0000] {dag.py:3096} INFO - Sync 1 DAGs
[2024-07-10T23:26:02.446+0000] {logging_mixin.py:188} INFO - [2024-07-10T23:26:02.446+0000] {dag.py:3954} INFO - Setting next_dagrun for example_setup_teardown to 2024-07-09 00:00:00+00:00, run_after=2024-07-10 00:00:00+00:00
[2024-07-10T23:26:02.470+0000] {processor.py:183} INFO - Processing /home/airflow/.local/lib/python3.12/site-packages/airflow/example_dags/example_setup_teardown.py took 0.089 seconds
[2024-07-10T23:26:32.759+0000] {processor.py:161} INFO - Started process (PID=524) to work on /home/airflow/.local/lib/python3.12/site-packages/airflow/example_dags/example_setup_teardown.py
[2024-07-10T23:26:32.760+0000] {processor.py:830} INFO - Processing file /home/airflow/.local/lib/python3.12/site-packages/airflow/example_dags/example_setup_teardown.py for tasks to queue
[2024-07-10T23:26:32.762+0000] {logging_mixin.py:188} INFO - [2024-07-10T23:26:32.762+0000] {dagbag.py:545} INFO - Filling up the DagBag from /home/airflow/.local/lib/python3.12/site-packages/airflow/example_dags/example_setup_teardown.py
[2024-07-10T23:26:32.769+0000] {processor.py:840} INFO - DAG(s) 'example_setup_teardown' retrieved from /home/airflow/.local/lib/python3.12/site-packages/airflow/example_dags/example_setup_teardown.py
[2024-07-10T23:26:32.792+0000] {logging_mixin.py:188} INFO - [2024-07-10T23:26:32.792+0000] {dag.py:3096} INFO - Sync 1 DAGs
[2024-07-10T23:26:32.817+0000] {logging_mixin.py:188} INFO - [2024-07-10T23:26:32.817+0000] {dag.py:3954} INFO - Setting next_dagrun for example_setup_teardown to 2024-07-09 00:00:00+00:00, run_after=2024-07-10 00:00:00+00:00
[2024-07-10T23:26:32.840+0000] {processor.py:183} INFO - Processing /home/airflow/.local/lib/python3.12/site-packages/airflow/example_dags/example_setup_teardown.py took 0.088 seconds
[2024-07-10T23:27:03.859+0000] {processor.py:161} INFO - Started process (PID=581) to work on /home/airflow/.local/lib/python3.12/site-packages/airflow/example_dags/example_setup_teardown.py
[2024-07-10T23:27:03.860+0000] {processor.py:830} INFO - Processing file /home/airflow/.local/lib/python3.12/site-packages/airflow/example_dags/example_setup_teardown.py for tasks to queue
[2024-07-10T23:27:03.862+0000] {logging_mixin.py:188} INFO - [2024-07-10T23:27:03.862+0000] {dagbag.py:545} INFO - Filling up the DagBag from /home/airflow/.local/lib/python3.12/site-packages/airflow/example_dags/example_setup_teardown.py
[2024-07-10T23:27:03.870+0000] {processor.py:840} INFO - DAG(s) 'example_setup_teardown' retrieved from /home/airflow/.local/lib/python3.12/site-packages/airflow/example_dags/example_setup_teardown.py
[2024-07-10T23:27:03.894+0000] {logging_mixin.py:188} INFO - [2024-07-10T23:27:03.893+0000] {dag.py:3096} INFO - Sync 1 DAGs
[2024-07-10T23:27:03.920+0000] {logging_mixin.py:188} INFO - [2024-07-10T23:27:03.920+0000] {dag.py:3954} INFO - Setting next_dagrun for example_setup_teardown to 2024-07-09 00:00:00+00:00, run_after=2024-07-10 00:00:00+00:00
[2024-07-10T23:27:03.948+0000] {processor.py:183} INFO - Processing /home/airflow/.local/lib/python3.12/site-packages/airflow/example_dags/example_setup_teardown.py took 0.096 seconds
[2024-07-10T23:27:34.406+0000] {processor.py:161} INFO - Started process (PID=640) to work on /home/airflow/.local/lib/python3.12/site-packages/airflow/example_dags/example_setup_teardown.py
[2024-07-10T23:27:34.407+0000] {processor.py:830} INFO - Processing file /home/airflow/.local/lib/python3.12/site-packages/airflow/example_dags/example_setup_teardown.py for tasks to queue
[2024-07-10T23:27:34.409+0000] {logging_mixin.py:188} INFO - [2024-07-10T23:27:34.408+0000] {dagbag.py:545} INFO - Filling up the DagBag from /home/airflow/.local/lib/python3.12/site-packages/airflow/example_dags/example_setup_teardown.py
[2024-07-10T23:27:34.416+0000] {processor.py:840} INFO - DAG(s) 'example_setup_teardown' retrieved from /home/airflow/.local/lib/python3.12/site-packages/airflow/example_dags/example_setup_teardown.py
[2024-07-10T23:27:34.442+0000] {logging_mixin.py:188} INFO - [2024-07-10T23:27:34.441+0000] {dag.py:3096} INFO - Sync 1 DAGs
[2024-07-10T23:27:34.467+0000] {logging_mixin.py:188} INFO - [2024-07-10T23:27:34.467+0000] {dag.py:3954} INFO - Setting next_dagrun for example_setup_teardown to 2024-07-09 00:00:00+00:00, run_after=2024-07-10 00:00:00+00:00
[2024-07-10T23:27:34.491+0000] {processor.py:183} INFO - Processing /home/airflow/.local/lib/python3.12/site-packages/airflow/example_dags/example_setup_teardown.py took 0.092 seconds
[2024-07-10T23:28:04.756+0000] {processor.py:161} INFO - Started process (PID=698) to work on /home/airflow/.local/lib/python3.12/site-packages/airflow/example_dags/example_setup_teardown.py
[2024-07-10T23:28:04.757+0000] {processor.py:830} INFO - Processing file /home/airflow/.local/lib/python3.12/site-packages/airflow/example_dags/example_setup_teardown.py for tasks to queue
[2024-07-10T23:28:04.759+0000] {logging_mixin.py:188} INFO - [2024-07-10T23:28:04.759+0000] {dagbag.py:545} INFO - Filling up the DagBag from /home/airflow/.local/lib/python3.12/site-packages/airflow/example_dags/example_setup_teardown.py
[2024-07-10T23:28:04.768+0000] {processor.py:840} INFO - DAG(s) 'example_setup_teardown' retrieved from /home/airflow/.local/lib/python3.12/site-packages/airflow/example_dags/example_setup_teardown.py
[2024-07-10T23:28:04.793+0000] {logging_mixin.py:188} INFO - [2024-07-10T23:28:04.793+0000] {dag.py:3096} INFO - Sync 1 DAGs
[2024-07-10T23:28:04.823+0000] {logging_mixin.py:188} INFO - [2024-07-10T23:28:04.823+0000] {dag.py:3954} INFO - Setting next_dagrun for example_setup_teardown to 2024-07-09 00:00:00+00:00, run_after=2024-07-10 00:00:00+00:00
[2024-07-10T23:28:04.848+0000] {processor.py:183} INFO - Processing /home/airflow/.local/lib/python3.12/site-packages/airflow/example_dags/example_setup_teardown.py took 0.098 seconds
[2024-07-10T23:28:35.029+0000] {processor.py:161} INFO - Started process (PID=756) to work on /home/airflow/.local/lib/python3.12/site-packages/airflow/example_dags/example_setup_teardown.py
[2024-07-10T23:28:35.031+0000] {processor.py:830} INFO - Processing file /home/airflow/.local/lib/python3.12/site-packages/airflow/example_dags/example_setup_teardown.py for tasks to queue
[2024-07-10T23:28:35.032+0000] {logging_mixin.py:188} INFO - [2024-07-10T23:28:35.032+0000] {dagbag.py:545} INFO - Filling up the DagBag from /home/airflow/.local/lib/python3.12/site-packages/airflow/example_dags/example_setup_teardown.py
[2024-07-10T23:28:35.040+0000] {processor.py:840} INFO - DAG(s) 'example_setup_teardown' retrieved from /home/airflow/.local/lib/python3.12/site-packages/airflow/example_dags/example_setup_teardown.py
[2024-07-10T23:28:35.065+0000] {logging_mixin.py:188} INFO - [2024-07-10T23:28:35.065+0000] {dag.py:3096} INFO - Sync 1 DAGs
[2024-07-10T23:28:35.091+0000] {logging_mixin.py:188} INFO - [2024-07-10T23:28:35.090+0000] {dag.py:3954} INFO - Setting next_dagrun for example_setup_teardown to 2024-07-09 00:00:00+00:00, run_after=2024-07-10 00:00:00+00:00
[2024-07-10T23:28:35.114+0000] {processor.py:183} INFO - Processing /home/airflow/.local/lib/python3.12/site-packages/airflow/example_dags/example_setup_teardown.py took 0.091 seconds
[2024-07-10T23:29:05.343+0000] {processor.py:161} INFO - Started process (PID=814) to work on /home/airflow/.local/lib/python3.12/site-packages/airflow/example_dags/example_setup_teardown.py
[2024-07-10T23:29:05.344+0000] {processor.py:830} INFO - Processing file /home/airflow/.local/lib/python3.12/site-packages/airflow/example_dags/example_setup_teardown.py for tasks to queue
[2024-07-10T23:29:05.345+0000] {logging_mixin.py:188} INFO - [2024-07-10T23:29:05.345+0000] {dagbag.py:545} INFO - Filling up the DagBag from /home/airflow/.local/lib/python3.12/site-packages/airflow/example_dags/example_setup_teardown.py
[2024-07-10T23:29:05.353+0000] {processor.py:840} INFO - DAG(s) 'example_setup_teardown' retrieved from /home/airflow/.local/lib/python3.12/site-packages/airflow/example_dags/example_setup_teardown.py
[2024-07-10T23:29:05.380+0000] {logging_mixin.py:188} INFO - [2024-07-10T23:29:05.379+0000] {dag.py:3096} INFO - Sync 1 DAGs
[2024-07-10T23:29:05.403+0000] {logging_mixin.py:188} INFO - [2024-07-10T23:29:05.403+0000] {dag.py:3954} INFO - Setting next_dagrun for example_setup_teardown to 2024-07-09 00:00:00+00:00, run_after=2024-07-10 00:00:00+00:00
[2024-07-10T23:29:05.436+0000] {processor.py:183} INFO - Processing /home/airflow/.local/lib/python3.12/site-packages/airflow/example_dags/example_setup_teardown.py took 0.100 seconds
[2024-07-10T23:29:36.264+0000] {processor.py:161} INFO - Started process (PID=872) to work on /home/airflow/.local/lib/python3.12/site-packages/airflow/example_dags/example_setup_teardown.py
[2024-07-10T23:29:36.266+0000] {processor.py:830} INFO - Processing file /home/airflow/.local/lib/python3.12/site-packages/airflow/example_dags/example_setup_teardown.py for tasks to queue
[2024-07-10T23:29:36.268+0000] {logging_mixin.py:188} INFO - [2024-07-10T23:29:36.268+0000] {dagbag.py:545} INFO - Filling up the DagBag from /home/airflow/.local/lib/python3.12/site-packages/airflow/example_dags/example_setup_teardown.py
[2024-07-10T23:29:36.276+0000] {processor.py:840} INFO - DAG(s) 'example_setup_teardown' retrieved from /home/airflow/.local/lib/python3.12/site-packages/airflow/example_dags/example_setup_teardown.py
[2024-07-10T23:29:36.299+0000] {logging_mixin.py:188} INFO - [2024-07-10T23:29:36.299+0000] {dag.py:3096} INFO - Sync 1 DAGs
[2024-07-10T23:29:36.325+0000] {logging_mixin.py:188} INFO - [2024-07-10T23:29:36.325+0000] {dag.py:3954} INFO - Setting next_dagrun for example_setup_teardown to 2024-07-09 00:00:00+00:00, run_after=2024-07-10 00:00:00+00:00
[2024-07-10T23:29:36.347+0000] {processor.py:183} INFO - Processing /home/airflow/.local/lib/python3.12/site-packages/airflow/example_dags/example_setup_teardown.py took 0.090 seconds
[2024-07-10T23:30:06.657+0000] {processor.py:161} INFO - Started process (PID=929) to work on /home/airflow/.local/lib/python3.12/site-packages/airflow/example_dags/example_setup_teardown.py
[2024-07-10T23:30:06.659+0000] {processor.py:830} INFO - Processing file /home/airflow/.local/lib/python3.12/site-packages/airflow/example_dags/example_setup_teardown.py for tasks to queue
[2024-07-10T23:30:06.665+0000] {logging_mixin.py:188} INFO - [2024-07-10T23:30:06.661+0000] {dagbag.py:545} INFO - Filling up the DagBag from /home/airflow/.local/lib/python3.12/site-packages/airflow/example_dags/example_setup_teardown.py
[2024-07-10T23:30:06.676+0000] {processor.py:840} INFO - DAG(s) 'example_setup_teardown' retrieved from /home/airflow/.local/lib/python3.12/site-packages/airflow/example_dags/example_setup_teardown.py
[2024-07-10T23:30:06.709+0000] {logging_mixin.py:188} INFO - [2024-07-10T23:30:06.708+0000] {dag.py:3096} INFO - Sync 1 DAGs
[2024-07-10T23:30:06.743+0000] {logging_mixin.py:188} INFO - [2024-07-10T23:30:06.743+0000] {dag.py:3954} INFO - Setting next_dagrun for example_setup_teardown to 2024-07-09 00:00:00+00:00, run_after=2024-07-10 00:00:00+00:00
[2024-07-10T23:30:06.766+0000] {processor.py:183} INFO - Processing /home/airflow/.local/lib/python3.12/site-packages/airflow/example_dags/example_setup_teardown.py took 0.115 seconds
[2024-07-10T23:30:37.094+0000] {processor.py:161} INFO - Started process (PID=993) to work on /home/airflow/.local/lib/python3.12/site-packages/airflow/example_dags/example_setup_teardown.py
[2024-07-10T23:30:37.095+0000] {processor.py:830} INFO - Processing file /home/airflow/.local/lib/python3.12/site-packages/airflow/example_dags/example_setup_teardown.py for tasks to queue
[2024-07-10T23:30:37.097+0000] {logging_mixin.py:188} INFO - [2024-07-10T23:30:37.096+0000] {dagbag.py:545} INFO - Filling up the DagBag from /home/airflow/.local/lib/python3.12/site-packages/airflow/example_dags/example_setup_teardown.py
[2024-07-10T23:30:37.104+0000] {processor.py:840} INFO - DAG(s) 'example_setup_teardown' retrieved from /home/airflow/.local/lib/python3.12/site-packages/airflow/example_dags/example_setup_teardown.py
[2024-07-10T23:30:37.130+0000] {logging_mixin.py:188} INFO - [2024-07-10T23:30:37.129+0000] {dag.py:3096} INFO - Sync 1 DAGs
[2024-07-10T23:30:37.154+0000] {logging_mixin.py:188} INFO - [2024-07-10T23:30:37.154+0000] {dag.py:3954} INFO - Setting next_dagrun for example_setup_teardown to 2024-07-09 00:00:00+00:00, run_after=2024-07-10 00:00:00+00:00
[2024-07-10T23:30:37.176+0000] {processor.py:183} INFO - Processing /home/airflow/.local/lib/python3.12/site-packages/airflow/example_dags/example_setup_teardown.py took 0.090 seconds
[2024-07-10T23:31:08.147+0000] {processor.py:161} INFO - Started process (PID=1051) to work on /home/airflow/.local/lib/python3.12/site-packages/airflow/example_dags/example_setup_teardown.py
[2024-07-10T23:31:08.148+0000] {processor.py:830} INFO - Processing file /home/airflow/.local/lib/python3.12/site-packages/airflow/example_dags/example_setup_teardown.py for tasks to queue
[2024-07-10T23:31:08.150+0000] {logging_mixin.py:188} INFO - [2024-07-10T23:31:08.150+0000] {dagbag.py:545} INFO - Filling up the DagBag from /home/airflow/.local/lib/python3.12/site-packages/airflow/example_dags/example_setup_teardown.py
[2024-07-10T23:31:08.158+0000] {processor.py:840} INFO - DAG(s) 'example_setup_teardown' retrieved from /home/airflow/.local/lib/python3.12/site-packages/airflow/example_dags/example_setup_teardown.py
[2024-07-10T23:31:08.184+0000] {logging_mixin.py:188} INFO - [2024-07-10T23:31:08.183+0000] {dag.py:3096} INFO - Sync 1 DAGs
[2024-07-10T23:31:08.213+0000] {logging_mixin.py:188} INFO - [2024-07-10T23:31:08.213+0000] {dag.py:3954} INFO - Setting next_dagrun for example_setup_teardown to 2024-07-09 00:00:00+00:00, run_after=2024-07-10 00:00:00+00:00
[2024-07-10T23:31:08.238+0000] {processor.py:183} INFO - Processing /home/airflow/.local/lib/python3.12/site-packages/airflow/example_dags/example_setup_teardown.py took 0.097 seconds
[2024-07-10T23:31:38.484+0000] {processor.py:161} INFO - Started process (PID=1109) to work on /home/airflow/.local/lib/python3.12/site-packages/airflow/example_dags/example_setup_teardown.py
[2024-07-10T23:31:38.485+0000] {processor.py:830} INFO - Processing file /home/airflow/.local/lib/python3.12/site-packages/airflow/example_dags/example_setup_teardown.py for tasks to queue
[2024-07-10T23:31:38.487+0000] {logging_mixin.py:188} INFO - [2024-07-10T23:31:38.487+0000] {dagbag.py:545} INFO - Filling up the DagBag from /home/airflow/.local/lib/python3.12/site-packages/airflow/example_dags/example_setup_teardown.py
[2024-07-10T23:31:38.494+0000] {processor.py:840} INFO - DAG(s) 'example_setup_teardown' retrieved from /home/airflow/.local/lib/python3.12/site-packages/airflow/example_dags/example_setup_teardown.py
[2024-07-10T23:31:38.518+0000] {logging_mixin.py:188} INFO - [2024-07-10T23:31:38.518+0000] {dag.py:3096} INFO - Sync 1 DAGs
[2024-07-10T23:31:38.542+0000] {logging_mixin.py:188} INFO - [2024-07-10T23:31:38.542+0000] {dag.py:3954} INFO - Setting next_dagrun for example_setup_teardown to 2024-07-09 00:00:00+00:00, run_after=2024-07-10 00:00:00+00:00
[2024-07-10T23:31:38.571+0000] {processor.py:183} INFO - Processing /home/airflow/.local/lib/python3.12/site-packages/airflow/example_dags/example_setup_teardown.py took 0.093 seconds
[2024-07-10T23:32:09.586+0000] {processor.py:161} INFO - Started process (PID=1167) to work on /home/airflow/.local/lib/python3.12/site-packages/airflow/example_dags/example_setup_teardown.py
[2024-07-10T23:32:09.590+0000] {processor.py:830} INFO - Processing file /home/airflow/.local/lib/python3.12/site-packages/airflow/example_dags/example_setup_teardown.py for tasks to queue
[2024-07-10T23:32:09.592+0000] {logging_mixin.py:188} INFO - [2024-07-10T23:32:09.592+0000] {dagbag.py:545} INFO - Filling up the DagBag from /home/airflow/.local/lib/python3.12/site-packages/airflow/example_dags/example_setup_teardown.py
[2024-07-10T23:32:09.599+0000] {processor.py:840} INFO - DAG(s) 'example_setup_teardown' retrieved from /home/airflow/.local/lib/python3.12/site-packages/airflow/example_dags/example_setup_teardown.py
[2024-07-10T23:32:09.627+0000] {logging_mixin.py:188} INFO - [2024-07-10T23:32:09.626+0000] {dag.py:3096} INFO - Sync 1 DAGs
[2024-07-10T23:32:09.652+0000] {logging_mixin.py:188} INFO - [2024-07-10T23:32:09.652+0000] {dag.py:3954} INFO - Setting next_dagrun for example_setup_teardown to 2024-07-09 00:00:00+00:00, run_after=2024-07-10 00:00:00+00:00
[2024-07-10T23:32:09.677+0000] {processor.py:183} INFO - Processing /home/airflow/.local/lib/python3.12/site-packages/airflow/example_dags/example_setup_teardown.py took 0.096 seconds
[2024-07-10T23:32:39.788+0000] {processor.py:161} INFO - Started process (PID=1224) to work on /home/airflow/.local/lib/python3.12/site-packages/airflow/example_dags/example_setup_teardown.py
[2024-07-10T23:32:39.796+0000] {processor.py:830} INFO - Processing file /home/airflow/.local/lib/python3.12/site-packages/airflow/example_dags/example_setup_teardown.py for tasks to queue
[2024-07-10T23:32:39.797+0000] {logging_mixin.py:188} INFO - [2024-07-10T23:32:39.797+0000] {dagbag.py:545} INFO - Filling up the DagBag from /home/airflow/.local/lib/python3.12/site-packages/airflow/example_dags/example_setup_teardown.py
[2024-07-10T23:32:39.804+0000] {processor.py:840} INFO - DAG(s) 'example_setup_teardown' retrieved from /home/airflow/.local/lib/python3.12/site-packages/airflow/example_dags/example_setup_teardown.py
[2024-07-10T23:32:39.828+0000] {logging_mixin.py:188} INFO - [2024-07-10T23:32:39.828+0000] {dag.py:3096} INFO - Sync 1 DAGs
[2024-07-10T23:32:39.853+0000] {logging_mixin.py:188} INFO - [2024-07-10T23:32:39.853+0000] {dag.py:3954} INFO - Setting next_dagrun for example_setup_teardown to 2024-07-09 00:00:00+00:00, run_after=2024-07-10 00:00:00+00:00
[2024-07-10T23:32:39.885+0000] {processor.py:183} INFO - Processing /home/airflow/.local/lib/python3.12/site-packages/airflow/example_dags/example_setup_teardown.py took 0.103 seconds
[2024-07-10T23:33:10.004+0000] {processor.py:161} INFO - Started process (PID=1282) to work on /home/airflow/.local/lib/python3.12/site-packages/airflow/example_dags/example_setup_teardown.py
[2024-07-10T23:33:10.005+0000] {processor.py:830} INFO - Processing file /home/airflow/.local/lib/python3.12/site-packages/airflow/example_dags/example_setup_teardown.py for tasks to queue
[2024-07-10T23:33:10.007+0000] {logging_mixin.py:188} INFO - [2024-07-10T23:33:10.006+0000] {dagbag.py:545} INFO - Filling up the DagBag from /home/airflow/.local/lib/python3.12/site-packages/airflow/example_dags/example_setup_teardown.py
[2024-07-10T23:33:10.015+0000] {processor.py:840} INFO - DAG(s) 'example_setup_teardown' retrieved from /home/airflow/.local/lib/python3.12/site-packages/airflow/example_dags/example_setup_teardown.py
[2024-07-10T23:33:10.039+0000] {logging_mixin.py:188} INFO - [2024-07-10T23:33:10.039+0000] {dag.py:3096} INFO - Sync 1 DAGs
[2024-07-10T23:33:10.064+0000] {logging_mixin.py:188} INFO - [2024-07-10T23:33:10.064+0000] {dag.py:3954} INFO - Setting next_dagrun for example_setup_teardown to 2024-07-09 00:00:00+00:00, run_after=2024-07-10 00:00:00+00:00
[2024-07-10T23:33:10.092+0000] {processor.py:183} INFO - Processing /home/airflow/.local/lib/python3.12/site-packages/airflow/example_dags/example_setup_teardown.py took 0.095 seconds
[2024-07-10T23:33:40.339+0000] {processor.py:161} INFO - Started process (PID=1340) to work on /home/airflow/.local/lib/python3.12/site-packages/airflow/example_dags/example_setup_teardown.py
[2024-07-10T23:33:40.344+0000] {processor.py:830} INFO - Processing file /home/airflow/.local/lib/python3.12/site-packages/airflow/example_dags/example_setup_teardown.py for tasks to queue
[2024-07-10T23:33:40.346+0000] {logging_mixin.py:188} INFO - [2024-07-10T23:33:40.345+0000] {dagbag.py:545} INFO - Filling up the DagBag from /home/airflow/.local/lib/python3.12/site-packages/airflow/example_dags/example_setup_teardown.py
[2024-07-10T23:33:40.354+0000] {processor.py:840} INFO - DAG(s) 'example_setup_teardown' retrieved from /home/airflow/.local/lib/python3.12/site-packages/airflow/example_dags/example_setup_teardown.py
[2024-07-10T23:33:40.385+0000] {logging_mixin.py:188} INFO - [2024-07-10T23:33:40.384+0000] {dag.py:3096} INFO - Sync 1 DAGs
[2024-07-10T23:33:40.414+0000] {logging_mixin.py:188} INFO - [2024-07-10T23:33:40.413+0000] {dag.py:3954} INFO - Setting next_dagrun for example_setup_teardown to 2024-07-09 00:00:00+00:00, run_after=2024-07-10 00:00:00+00:00
[2024-07-10T23:33:40.439+0000] {processor.py:183} INFO - Processing /home/airflow/.local/lib/python3.12/site-packages/airflow/example_dags/example_setup_teardown.py took 0.110 seconds
[2024-07-10T23:34:10.638+0000] {processor.py:161} INFO - Started process (PID=1399) to work on /home/airflow/.local/lib/python3.12/site-packages/airflow/example_dags/example_setup_teardown.py
[2024-07-10T23:34:10.642+0000] {processor.py:830} INFO - Processing file /home/airflow/.local/lib/python3.12/site-packages/airflow/example_dags/example_setup_teardown.py for tasks to queue
[2024-07-10T23:34:10.645+0000] {logging_mixin.py:188} INFO - [2024-07-10T23:34:10.644+0000] {dagbag.py:545} INFO - Filling up the DagBag from /home/airflow/.local/lib/python3.12/site-packages/airflow/example_dags/example_setup_teardown.py
[2024-07-10T23:34:10.655+0000] {processor.py:840} INFO - DAG(s) 'example_setup_teardown' retrieved from /home/airflow/.local/lib/python3.12/site-packages/airflow/example_dags/example_setup_teardown.py
[2024-07-10T23:34:10.687+0000] {logging_mixin.py:188} INFO - [2024-07-10T23:34:10.686+0000] {dag.py:3096} INFO - Sync 1 DAGs
[2024-07-10T23:34:10.716+0000] {logging_mixin.py:188} INFO - [2024-07-10T23:34:10.716+0000] {dag.py:3954} INFO - Setting next_dagrun for example_setup_teardown to 2024-07-09 00:00:00+00:00, run_after=2024-07-10 00:00:00+00:00
[2024-07-10T23:34:10.740+0000] {processor.py:183} INFO - Processing /home/airflow/.local/lib/python3.12/site-packages/airflow/example_dags/example_setup_teardown.py took 0.110 seconds
[2024-07-10T23:34:41.291+0000] {processor.py:161} INFO - Started process (PID=1457) to work on /home/airflow/.local/lib/python3.12/site-packages/airflow/example_dags/example_setup_teardown.py
[2024-07-10T23:34:41.291+0000] {processor.py:830} INFO - Processing file /home/airflow/.local/lib/python3.12/site-packages/airflow/example_dags/example_setup_teardown.py for tasks to queue
[2024-07-10T23:34:41.293+0000] {logging_mixin.py:188} INFO - [2024-07-10T23:34:41.293+0000] {dagbag.py:545} INFO - Filling up the DagBag from /home/airflow/.local/lib/python3.12/site-packages/airflow/example_dags/example_setup_teardown.py
[2024-07-10T23:34:41.300+0000] {processor.py:840} INFO - DAG(s) 'example_setup_teardown' retrieved from /home/airflow/.local/lib/python3.12/site-packages/airflow/example_dags/example_setup_teardown.py
[2024-07-10T23:34:41.325+0000] {logging_mixin.py:188} INFO - [2024-07-10T23:34:41.325+0000] {dag.py:3096} INFO - Sync 1 DAGs
[2024-07-10T23:34:41.350+0000] {logging_mixin.py:188} INFO - [2024-07-10T23:34:41.350+0000] {dag.py:3954} INFO - Setting next_dagrun for example_setup_teardown to 2024-07-09 00:00:00+00:00, run_after=2024-07-10 00:00:00+00:00
[2024-07-10T23:34:41.379+0000] {processor.py:183} INFO - Processing /home/airflow/.local/lib/python3.12/site-packages/airflow/example_dags/example_setup_teardown.py took 0.096 seconds
[2024-07-10T23:35:11.687+0000] {processor.py:161} INFO - Started process (PID=1514) to work on /home/airflow/.local/lib/python3.12/site-packages/airflow/example_dags/example_setup_teardown.py
[2024-07-10T23:35:11.694+0000] {processor.py:830} INFO - Processing file /home/airflow/.local/lib/python3.12/site-packages/airflow/example_dags/example_setup_teardown.py for tasks to queue
[2024-07-10T23:35:11.696+0000] {logging_mixin.py:188} INFO - [2024-07-10T23:35:11.696+0000] {dagbag.py:545} INFO - Filling up the DagBag from /home/airflow/.local/lib/python3.12/site-packages/airflow/example_dags/example_setup_teardown.py
[2024-07-10T23:35:11.703+0000] {processor.py:840} INFO - DAG(s) 'example_setup_teardown' retrieved from /home/airflow/.local/lib/python3.12/site-packages/airflow/example_dags/example_setup_teardown.py
[2024-07-10T23:35:11.729+0000] {logging_mixin.py:188} INFO - [2024-07-10T23:35:11.728+0000] {dag.py:3096} INFO - Sync 1 DAGs
[2024-07-10T23:35:11.752+0000] {logging_mixin.py:188} INFO - [2024-07-10T23:35:11.752+0000] {dag.py:3954} INFO - Setting next_dagrun for example_setup_teardown to 2024-07-09 00:00:00+00:00, run_after=2024-07-10 00:00:00+00:00
[2024-07-10T23:35:11.784+0000] {processor.py:183} INFO - Processing /home/airflow/.local/lib/python3.12/site-packages/airflow/example_dags/example_setup_teardown.py took 0.104 seconds
[2024-07-10T23:35:42.204+0000] {processor.py:161} INFO - Started process (PID=1572) to work on /home/airflow/.local/lib/python3.12/site-packages/airflow/example_dags/example_setup_teardown.py
[2024-07-10T23:35:42.211+0000] {processor.py:830} INFO - Processing file /home/airflow/.local/lib/python3.12/site-packages/airflow/example_dags/example_setup_teardown.py for tasks to queue
[2024-07-10T23:35:42.213+0000] {logging_mixin.py:188} INFO - [2024-07-10T23:35:42.213+0000] {dagbag.py:545} INFO - Filling up the DagBag from /home/airflow/.local/lib/python3.12/site-packages/airflow/example_dags/example_setup_teardown.py
[2024-07-10T23:35:42.221+0000] {processor.py:840} INFO - DAG(s) 'example_setup_teardown' retrieved from /home/airflow/.local/lib/python3.12/site-packages/airflow/example_dags/example_setup_teardown.py
[2024-07-10T23:35:42.245+0000] {logging_mixin.py:188} INFO - [2024-07-10T23:35:42.245+0000] {dag.py:3096} INFO - Sync 1 DAGs
[2024-07-10T23:35:42.268+0000] {logging_mixin.py:188} INFO - [2024-07-10T23:35:42.268+0000] {dag.py:3954} INFO - Setting next_dagrun for example_setup_teardown to 2024-07-09 00:00:00+00:00, run_after=2024-07-10 00:00:00+00:00
[2024-07-10T23:35:42.294+0000] {processor.py:183} INFO - Processing /home/airflow/.local/lib/python3.12/site-packages/airflow/example_dags/example_setup_teardown.py took 0.097 seconds
[2024-07-10T23:36:13.084+0000] {processor.py:161} INFO - Started process (PID=1630) to work on /home/airflow/.local/lib/python3.12/site-packages/airflow/example_dags/example_setup_teardown.py
[2024-07-10T23:36:13.085+0000] {processor.py:830} INFO - Processing file /home/airflow/.local/lib/python3.12/site-packages/airflow/example_dags/example_setup_teardown.py for tasks to queue
[2024-07-10T23:36:13.087+0000] {logging_mixin.py:188} INFO - [2024-07-10T23:36:13.086+0000] {dagbag.py:545} INFO - Filling up the DagBag from /home/airflow/.local/lib/python3.12/site-packages/airflow/example_dags/example_setup_teardown.py
[2024-07-10T23:36:13.094+0000] {processor.py:840} INFO - DAG(s) 'example_setup_teardown' retrieved from /home/airflow/.local/lib/python3.12/site-packages/airflow/example_dags/example_setup_teardown.py
[2024-07-10T23:36:13.119+0000] {logging_mixin.py:188} INFO - [2024-07-10T23:36:13.119+0000] {dag.py:3096} INFO - Sync 1 DAGs
[2024-07-10T23:36:13.165+0000] {logging_mixin.py:188} INFO - [2024-07-10T23:36:13.165+0000] {dag.py:3954} INFO - Setting next_dagrun for example_setup_teardown to 2024-07-09 00:00:00+00:00, run_after=2024-07-10 00:00:00+00:00
[2024-07-10T23:36:13.194+0000] {processor.py:183} INFO - Processing /home/airflow/.local/lib/python3.12/site-packages/airflow/example_dags/example_setup_teardown.py took 0.117 seconds
[2024-07-10T23:36:43.728+0000] {processor.py:161} INFO - Started process (PID=1689) to work on /home/airflow/.local/lib/python3.12/site-packages/airflow/example_dags/example_setup_teardown.py
[2024-07-10T23:36:43.735+0000] {processor.py:830} INFO - Processing file /home/airflow/.local/lib/python3.12/site-packages/airflow/example_dags/example_setup_teardown.py for tasks to queue
[2024-07-10T23:36:43.738+0000] {logging_mixin.py:188} INFO - [2024-07-10T23:36:43.737+0000] {dagbag.py:545} INFO - Filling up the DagBag from /home/airflow/.local/lib/python3.12/site-packages/airflow/example_dags/example_setup_teardown.py
[2024-07-10T23:36:43.744+0000] {processor.py:840} INFO - DAG(s) 'example_setup_teardown' retrieved from /home/airflow/.local/lib/python3.12/site-packages/airflow/example_dags/example_setup_teardown.py
[2024-07-10T23:36:43.770+0000] {logging_mixin.py:188} INFO - [2024-07-10T23:36:43.770+0000] {dag.py:3096} INFO - Sync 1 DAGs
[2024-07-10T23:36:43.792+0000] {logging_mixin.py:188} INFO - [2024-07-10T23:36:43.792+0000] {dag.py:3954} INFO - Setting next_dagrun for example_setup_teardown to 2024-07-09 00:00:00+00:00, run_after=2024-07-10 00:00:00+00:00
[2024-07-10T23:36:43.819+0000] {processor.py:183} INFO - Processing /home/airflow/.local/lib/python3.12/site-packages/airflow/example_dags/example_setup_teardown.py took 0.099 seconds
[2024-07-10T23:37:14.197+0000] {processor.py:161} INFO - Started process (PID=1747) to work on /home/airflow/.local/lib/python3.12/site-packages/airflow/example_dags/example_setup_teardown.py
[2024-07-10T23:37:14.197+0000] {processor.py:830} INFO - Processing file /home/airflow/.local/lib/python3.12/site-packages/airflow/example_dags/example_setup_teardown.py for tasks to queue
[2024-07-10T23:37:14.199+0000] {logging_mixin.py:188} INFO - [2024-07-10T23:37:14.199+0000] {dagbag.py:545} INFO - Filling up the DagBag from /home/airflow/.local/lib/python3.12/site-packages/airflow/example_dags/example_setup_teardown.py
[2024-07-10T23:37:14.207+0000] {processor.py:840} INFO - DAG(s) 'example_setup_teardown' retrieved from /home/airflow/.local/lib/python3.12/site-packages/airflow/example_dags/example_setup_teardown.py
[2024-07-10T23:37:14.232+0000] {logging_mixin.py:188} INFO - [2024-07-10T23:37:14.232+0000] {dag.py:3096} INFO - Sync 1 DAGs
[2024-07-10T23:37:14.257+0000] {logging_mixin.py:188} INFO - [2024-07-10T23:37:14.257+0000] {dag.py:3954} INFO - Setting next_dagrun for example_setup_teardown to 2024-07-09 00:00:00+00:00, run_after=2024-07-10 00:00:00+00:00
[2024-07-10T23:37:14.429+0000] {processor.py:183} INFO - Processing /home/airflow/.local/lib/python3.12/site-packages/airflow/example_dags/example_setup_teardown.py took 0.239 seconds
[2024-07-10T23:37:44.825+0000] {processor.py:161} INFO - Started process (PID=1805) to work on /home/airflow/.local/lib/python3.12/site-packages/airflow/example_dags/example_setup_teardown.py
[2024-07-10T23:37:44.827+0000] {processor.py:830} INFO - Processing file /home/airflow/.local/lib/python3.12/site-packages/airflow/example_dags/example_setup_teardown.py for tasks to queue
[2024-07-10T23:37:44.828+0000] {logging_mixin.py:188} INFO - [2024-07-10T23:37:44.828+0000] {dagbag.py:545} INFO - Filling up the DagBag from /home/airflow/.local/lib/python3.12/site-packages/airflow/example_dags/example_setup_teardown.py
[2024-07-10T23:37:44.837+0000] {processor.py:840} INFO - DAG(s) 'example_setup_teardown' retrieved from /home/airflow/.local/lib/python3.12/site-packages/airflow/example_dags/example_setup_teardown.py
[2024-07-10T23:37:44.867+0000] {logging_mixin.py:188} INFO - [2024-07-10T23:37:44.867+0000] {dag.py:3096} INFO - Sync 1 DAGs
[2024-07-10T23:37:44.893+0000] {logging_mixin.py:188} INFO - [2024-07-10T23:37:44.893+0000] {dag.py:3954} INFO - Setting next_dagrun for example_setup_teardown to 2024-07-09 00:00:00+00:00, run_after=2024-07-10 00:00:00+00:00
[2024-07-10T23:37:44.927+0000] {processor.py:183} INFO - Processing /home/airflow/.local/lib/python3.12/site-packages/airflow/example_dags/example_setup_teardown.py took 0.109 seconds
[2024-07-10T23:38:15.553+0000] {processor.py:161} INFO - Started process (PID=1863) to work on /home/airflow/.local/lib/python3.12/site-packages/airflow/example_dags/example_setup_teardown.py
[2024-07-10T23:38:15.561+0000] {processor.py:830} INFO - Processing file /home/airflow/.local/lib/python3.12/site-packages/airflow/example_dags/example_setup_teardown.py for tasks to queue
[2024-07-10T23:38:15.563+0000] {logging_mixin.py:188} INFO - [2024-07-10T23:38:15.563+0000] {dagbag.py:545} INFO - Filling up the DagBag from /home/airflow/.local/lib/python3.12/site-packages/airflow/example_dags/example_setup_teardown.py
[2024-07-10T23:38:15.570+0000] {processor.py:840} INFO - DAG(s) 'example_setup_teardown' retrieved from /home/airflow/.local/lib/python3.12/site-packages/airflow/example_dags/example_setup_teardown.py
[2024-07-10T23:38:15.598+0000] {logging_mixin.py:188} INFO - [2024-07-10T23:38:15.597+0000] {dag.py:3096} INFO - Sync 1 DAGs
[2024-07-10T23:38:15.622+0000] {logging_mixin.py:188} INFO - [2024-07-10T23:38:15.622+0000] {dag.py:3954} INFO - Setting next_dagrun for example_setup_teardown to 2024-07-09 00:00:00+00:00, run_after=2024-07-10 00:00:00+00:00
[2024-07-10T23:38:15.647+0000] {processor.py:183} INFO - Processing /home/airflow/.local/lib/python3.12/site-packages/airflow/example_dags/example_setup_teardown.py took 0.100 seconds
[2024-07-10T23:38:46.449+0000] {processor.py:161} INFO - Started process (PID=1921) to work on /home/airflow/.local/lib/python3.12/site-packages/airflow/example_dags/example_setup_teardown.py
[2024-07-10T23:38:46.457+0000] {processor.py:830} INFO - Processing file /home/airflow/.local/lib/python3.12/site-packages/airflow/example_dags/example_setup_teardown.py for tasks to queue
[2024-07-10T23:38:46.459+0000] {logging_mixin.py:188} INFO - [2024-07-10T23:38:46.458+0000] {dagbag.py:545} INFO - Filling up the DagBag from /home/airflow/.local/lib/python3.12/site-packages/airflow/example_dags/example_setup_teardown.py
[2024-07-10T23:38:46.612+0000] {processor.py:840} INFO - DAG(s) 'example_setup_teardown' retrieved from /home/airflow/.local/lib/python3.12/site-packages/airflow/example_dags/example_setup_teardown.py
[2024-07-10T23:38:46.635+0000] {logging_mixin.py:188} INFO - [2024-07-10T23:38:46.635+0000] {dag.py:3096} INFO - Sync 1 DAGs
[2024-07-10T23:38:46.658+0000] {logging_mixin.py:188} INFO - [2024-07-10T23:38:46.658+0000] {dag.py:3954} INFO - Setting next_dagrun for example_setup_teardown to 2024-07-09 00:00:00+00:00, run_after=2024-07-10 00:00:00+00:00
[2024-07-10T23:38:46.683+0000] {processor.py:183} INFO - Processing /home/airflow/.local/lib/python3.12/site-packages/airflow/example_dags/example_setup_teardown.py took 0.241 seconds
[2024-07-10T23:39:17.259+0000] {processor.py:161} INFO - Started process (PID=1979) to work on /home/airflow/.local/lib/python3.12/site-packages/airflow/example_dags/example_setup_teardown.py
[2024-07-10T23:39:17.260+0000] {processor.py:830} INFO - Processing file /home/airflow/.local/lib/python3.12/site-packages/airflow/example_dags/example_setup_teardown.py for tasks to queue
[2024-07-10T23:39:17.262+0000] {logging_mixin.py:188} INFO - [2024-07-10T23:39:17.261+0000] {dagbag.py:545} INFO - Filling up the DagBag from /home/airflow/.local/lib/python3.12/site-packages/airflow/example_dags/example_setup_teardown.py
[2024-07-10T23:39:17.269+0000] {processor.py:840} INFO - DAG(s) 'example_setup_teardown' retrieved from /home/airflow/.local/lib/python3.12/site-packages/airflow/example_dags/example_setup_teardown.py
[2024-07-10T23:39:17.296+0000] {logging_mixin.py:188} INFO - [2024-07-10T23:39:17.296+0000] {dag.py:3096} INFO - Sync 1 DAGs
[2024-07-10T23:39:17.321+0000] {logging_mixin.py:188} INFO - [2024-07-10T23:39:17.320+0000] {dag.py:3954} INFO - Setting next_dagrun for example_setup_teardown to 2024-07-09 00:00:00+00:00, run_after=2024-07-10 00:00:00+00:00
[2024-07-10T23:39:17.347+0000] {processor.py:183} INFO - Processing /home/airflow/.local/lib/python3.12/site-packages/airflow/example_dags/example_setup_teardown.py took 0.095 seconds
[2024-07-10T23:39:47.676+0000] {processor.py:161} INFO - Started process (PID=2038) to work on /home/airflow/.local/lib/python3.12/site-packages/airflow/example_dags/example_setup_teardown.py
[2024-07-10T23:39:47.685+0000] {processor.py:830} INFO - Processing file /home/airflow/.local/lib/python3.12/site-packages/airflow/example_dags/example_setup_teardown.py for tasks to queue
[2024-07-10T23:39:47.687+0000] {logging_mixin.py:188} INFO - [2024-07-10T23:39:47.687+0000] {dagbag.py:545} INFO - Filling up the DagBag from /home/airflow/.local/lib/python3.12/site-packages/airflow/example_dags/example_setup_teardown.py
[2024-07-10T23:39:47.695+0000] {processor.py:840} INFO - DAG(s) 'example_setup_teardown' retrieved from /home/airflow/.local/lib/python3.12/site-packages/airflow/example_dags/example_setup_teardown.py
[2024-07-10T23:39:47.719+0000] {logging_mixin.py:188} INFO - [2024-07-10T23:39:47.719+0000] {dag.py:3096} INFO - Sync 1 DAGs
[2024-07-10T23:39:47.751+0000] {logging_mixin.py:188} INFO - [2024-07-10T23:39:47.751+0000] {dag.py:3954} INFO - Setting next_dagrun for example_setup_teardown to 2024-07-09 00:00:00+00:00, run_after=2024-07-10 00:00:00+00:00
[2024-07-10T23:39:47.775+0000] {processor.py:183} INFO - Processing /home/airflow/.local/lib/python3.12/site-packages/airflow/example_dags/example_setup_teardown.py took 0.106 seconds
[2024-07-10T23:40:17.885+0000] {processor.py:161} INFO - Started process (PID=2096) to work on /home/airflow/.local/lib/python3.12/site-packages/airflow/example_dags/example_setup_teardown.py
[2024-07-10T23:40:17.893+0000] {processor.py:830} INFO - Processing file /home/airflow/.local/lib/python3.12/site-packages/airflow/example_dags/example_setup_teardown.py for tasks to queue
[2024-07-10T23:40:17.895+0000] {logging_mixin.py:188} INFO - [2024-07-10T23:40:17.894+0000] {dagbag.py:545} INFO - Filling up the DagBag from /home/airflow/.local/lib/python3.12/site-packages/airflow/example_dags/example_setup_teardown.py
[2024-07-10T23:40:17.901+0000] {processor.py:840} INFO - DAG(s) 'example_setup_teardown' retrieved from /home/airflow/.local/lib/python3.12/site-packages/airflow/example_dags/example_setup_teardown.py
[2024-07-10T23:40:17.925+0000] {logging_mixin.py:188} INFO - [2024-07-10T23:40:17.925+0000] {dag.py:3096} INFO - Sync 1 DAGs
[2024-07-10T23:40:17.949+0000] {logging_mixin.py:188} INFO - [2024-07-10T23:40:17.949+0000] {dag.py:3954} INFO - Setting next_dagrun for example_setup_teardown to 2024-07-09 00:00:00+00:00, run_after=2024-07-10 00:00:00+00:00
[2024-07-10T23:40:17.981+0000] {processor.py:183} INFO - Processing /home/airflow/.local/lib/python3.12/site-packages/airflow/example_dags/example_setup_teardown.py took 0.102 seconds
[2024-07-10T23:40:48.356+0000] {processor.py:161} INFO - Started process (PID=2154) to work on /home/airflow/.local/lib/python3.12/site-packages/airflow/example_dags/example_setup_teardown.py
[2024-07-10T23:40:48.363+0000] {processor.py:830} INFO - Processing file /home/airflow/.local/lib/python3.12/site-packages/airflow/example_dags/example_setup_teardown.py for tasks to queue
[2024-07-10T23:40:48.365+0000] {logging_mixin.py:188} INFO - [2024-07-10T23:40:48.365+0000] {dagbag.py:545} INFO - Filling up the DagBag from /home/airflow/.local/lib/python3.12/site-packages/airflow/example_dags/example_setup_teardown.py
[2024-07-10T23:40:48.372+0000] {processor.py:840} INFO - DAG(s) 'example_setup_teardown' retrieved from /home/airflow/.local/lib/python3.12/site-packages/airflow/example_dags/example_setup_teardown.py
[2024-07-10T23:40:48.398+0000] {logging_mixin.py:188} INFO - [2024-07-10T23:40:48.398+0000] {dag.py:3096} INFO - Sync 1 DAGs
[2024-07-10T23:40:48.427+0000] {logging_mixin.py:188} INFO - [2024-07-10T23:40:48.427+0000] {dag.py:3954} INFO - Setting next_dagrun for example_setup_teardown to 2024-07-09 00:00:00+00:00, run_after=2024-07-10 00:00:00+00:00
[2024-07-10T23:40:48.462+0000] {processor.py:183} INFO - Processing /home/airflow/.local/lib/python3.12/site-packages/airflow/example_dags/example_setup_teardown.py took 0.113 seconds
[2024-07-10T23:41:18.584+0000] {processor.py:161} INFO - Started process (PID=2213) to work on /home/airflow/.local/lib/python3.12/site-packages/airflow/example_dags/example_setup_teardown.py
[2024-07-10T23:41:18.585+0000] {processor.py:830} INFO - Processing file /home/airflow/.local/lib/python3.12/site-packages/airflow/example_dags/example_setup_teardown.py for tasks to queue
[2024-07-10T23:41:18.587+0000] {logging_mixin.py:188} INFO - [2024-07-10T23:41:18.587+0000] {dagbag.py:545} INFO - Filling up the DagBag from /home/airflow/.local/lib/python3.12/site-packages/airflow/example_dags/example_setup_teardown.py
[2024-07-10T23:41:18.594+0000] {processor.py:840} INFO - DAG(s) 'example_setup_teardown' retrieved from /home/airflow/.local/lib/python3.12/site-packages/airflow/example_dags/example_setup_teardown.py
[2024-07-10T23:41:18.620+0000] {logging_mixin.py:188} INFO - [2024-07-10T23:41:18.619+0000] {dag.py:3096} INFO - Sync 1 DAGs
[2024-07-10T23:41:18.645+0000] {logging_mixin.py:188} INFO - [2024-07-10T23:41:18.644+0000] {dag.py:3954} INFO - Setting next_dagrun for example_setup_teardown to 2024-07-09 00:00:00+00:00, run_after=2024-07-10 00:00:00+00:00
[2024-07-10T23:41:18.672+0000] {processor.py:183} INFO - Processing /home/airflow/.local/lib/python3.12/site-packages/airflow/example_dags/example_setup_teardown.py took 0.094 seconds
[2024-07-10T23:41:49.022+0000] {processor.py:161} INFO - Started process (PID=2272) to work on /home/airflow/.local/lib/python3.12/site-packages/airflow/example_dags/example_setup_teardown.py
[2024-07-10T23:41:49.030+0000] {processor.py:830} INFO - Processing file /home/airflow/.local/lib/python3.12/site-packages/airflow/example_dags/example_setup_teardown.py for tasks to queue
[2024-07-10T23:41:49.031+0000] {logging_mixin.py:188} INFO - [2024-07-10T23:41:49.031+0000] {dagbag.py:545} INFO - Filling up the DagBag from /home/airflow/.local/lib/python3.12/site-packages/airflow/example_dags/example_setup_teardown.py
[2024-07-10T23:41:49.038+0000] {processor.py:840} INFO - DAG(s) 'example_setup_teardown' retrieved from /home/airflow/.local/lib/python3.12/site-packages/airflow/example_dags/example_setup_teardown.py
[2024-07-10T23:41:49.064+0000] {logging_mixin.py:188} INFO - [2024-07-10T23:41:49.064+0000] {dag.py:3096} INFO - Sync 1 DAGs
[2024-07-10T23:41:49.088+0000] {logging_mixin.py:188} INFO - [2024-07-10T23:41:49.087+0000] {dag.py:3954} INFO - Setting next_dagrun for example_setup_teardown to 2024-07-09 00:00:00+00:00, run_after=2024-07-10 00:00:00+00:00
[2024-07-10T23:41:49.113+0000] {processor.py:183} INFO - Processing /home/airflow/.local/lib/python3.12/site-packages/airflow/example_dags/example_setup_teardown.py took 0.098 seconds
[2024-07-10T23:42:19.277+0000] {processor.py:161} INFO - Started process (PID=2330) to work on /home/airflow/.local/lib/python3.12/site-packages/airflow/example_dags/example_setup_teardown.py
[2024-07-10T23:42:19.285+0000] {processor.py:830} INFO - Processing file /home/airflow/.local/lib/python3.12/site-packages/airflow/example_dags/example_setup_teardown.py for tasks to queue
[2024-07-10T23:42:19.287+0000] {logging_mixin.py:188} INFO - [2024-07-10T23:42:19.286+0000] {dagbag.py:545} INFO - Filling up the DagBag from /home/airflow/.local/lib/python3.12/site-packages/airflow/example_dags/example_setup_teardown.py
[2024-07-10T23:42:19.294+0000] {processor.py:840} INFO - DAG(s) 'example_setup_teardown' retrieved from /home/airflow/.local/lib/python3.12/site-packages/airflow/example_dags/example_setup_teardown.py
[2024-07-10T23:42:19.320+0000] {logging_mixin.py:188} INFO - [2024-07-10T23:42:19.320+0000] {dag.py:3096} INFO - Sync 1 DAGs
[2024-07-10T23:42:19.343+0000] {logging_mixin.py:188} INFO - [2024-07-10T23:42:19.343+0000] {dag.py:3954} INFO - Setting next_dagrun for example_setup_teardown to 2024-07-09 00:00:00+00:00, run_after=2024-07-10 00:00:00+00:00
[2024-07-10T23:42:19.369+0000] {processor.py:183} INFO - Processing /home/airflow/.local/lib/python3.12/site-packages/airflow/example_dags/example_setup_teardown.py took 0.099 seconds
[2024-07-10T23:42:49.531+0000] {processor.py:161} INFO - Started process (PID=2388) to work on /home/airflow/.local/lib/python3.12/site-packages/airflow/example_dags/example_setup_teardown.py
[2024-07-10T23:42:49.532+0000] {processor.py:830} INFO - Processing file /home/airflow/.local/lib/python3.12/site-packages/airflow/example_dags/example_setup_teardown.py for tasks to queue
[2024-07-10T23:42:49.534+0000] {logging_mixin.py:188} INFO - [2024-07-10T23:42:49.534+0000] {dagbag.py:545} INFO - Filling up the DagBag from /home/airflow/.local/lib/python3.12/site-packages/airflow/example_dags/example_setup_teardown.py
[2024-07-10T23:42:49.541+0000] {processor.py:840} INFO - DAG(s) 'example_setup_teardown' retrieved from /home/airflow/.local/lib/python3.12/site-packages/airflow/example_dags/example_setup_teardown.py
[2024-07-10T23:42:49.566+0000] {logging_mixin.py:188} INFO - [2024-07-10T23:42:49.566+0000] {dag.py:3096} INFO - Sync 1 DAGs
[2024-07-10T23:42:49.592+0000] {logging_mixin.py:188} INFO - [2024-07-10T23:42:49.591+0000] {dag.py:3954} INFO - Setting next_dagrun for example_setup_teardown to 2024-07-09 00:00:00+00:00, run_after=2024-07-10 00:00:00+00:00
[2024-07-10T23:42:49.616+0000] {processor.py:183} INFO - Processing /home/airflow/.local/lib/python3.12/site-packages/airflow/example_dags/example_setup_teardown.py took 0.092 seconds
[2024-07-10T23:43:19.737+0000] {processor.py:161} INFO - Started process (PID=2446) to work on /home/airflow/.local/lib/python3.12/site-packages/airflow/example_dags/example_setup_teardown.py
[2024-07-10T23:43:19.747+0000] {processor.py:830} INFO - Processing file /home/airflow/.local/lib/python3.12/site-packages/airflow/example_dags/example_setup_teardown.py for tasks to queue
[2024-07-10T23:43:19.749+0000] {logging_mixin.py:188} INFO - [2024-07-10T23:43:19.748+0000] {dagbag.py:545} INFO - Filling up the DagBag from /home/airflow/.local/lib/python3.12/site-packages/airflow/example_dags/example_setup_teardown.py
[2024-07-10T23:43:19.756+0000] {processor.py:840} INFO - DAG(s) 'example_setup_teardown' retrieved from /home/airflow/.local/lib/python3.12/site-packages/airflow/example_dags/example_setup_teardown.py
[2024-07-10T23:43:19.781+0000] {logging_mixin.py:188} INFO - [2024-07-10T23:43:19.781+0000] {dag.py:3096} INFO - Sync 1 DAGs
[2024-07-10T23:43:19.805+0000] {logging_mixin.py:188} INFO - [2024-07-10T23:43:19.804+0000] {dag.py:3954} INFO - Setting next_dagrun for example_setup_teardown to 2024-07-09 00:00:00+00:00, run_after=2024-07-10 00:00:00+00:00
[2024-07-10T23:43:19.835+0000] {processor.py:183} INFO - Processing /home/airflow/.local/lib/python3.12/site-packages/airflow/example_dags/example_setup_teardown.py took 0.105 seconds
[2024-07-10T23:43:49.973+0000] {processor.py:161} INFO - Started process (PID=2504) to work on /home/airflow/.local/lib/python3.12/site-packages/airflow/example_dags/example_setup_teardown.py
[2024-07-10T23:43:49.974+0000] {processor.py:830} INFO - Processing file /home/airflow/.local/lib/python3.12/site-packages/airflow/example_dags/example_setup_teardown.py for tasks to queue
[2024-07-10T23:43:49.978+0000] {logging_mixin.py:188} INFO - [2024-07-10T23:43:49.976+0000] {dagbag.py:545} INFO - Filling up the DagBag from /home/airflow/.local/lib/python3.12/site-packages/airflow/example_dags/example_setup_teardown.py
[2024-07-10T23:43:49.986+0000] {processor.py:840} INFO - DAG(s) 'example_setup_teardown' retrieved from /home/airflow/.local/lib/python3.12/site-packages/airflow/example_dags/example_setup_teardown.py
[2024-07-10T23:43:50.012+0000] {logging_mixin.py:188} INFO - [2024-07-10T23:43:50.012+0000] {dag.py:3096} INFO - Sync 1 DAGs
[2024-07-10T23:43:50.038+0000] {logging_mixin.py:188} INFO - [2024-07-10T23:43:50.038+0000] {dag.py:3954} INFO - Setting next_dagrun for example_setup_teardown to 2024-07-09 00:00:00+00:00, run_after=2024-07-10 00:00:00+00:00
[2024-07-10T23:43:50.063+0000] {processor.py:183} INFO - Processing /home/airflow/.local/lib/python3.12/site-packages/airflow/example_dags/example_setup_teardown.py took 0.096 seconds
[2024-07-10T23:44:20.436+0000] {processor.py:161} INFO - Started process (PID=2563) to work on /home/airflow/.local/lib/python3.12/site-packages/airflow/example_dags/example_setup_teardown.py
[2024-07-10T23:44:20.446+0000] {processor.py:830} INFO - Processing file /home/airflow/.local/lib/python3.12/site-packages/airflow/example_dags/example_setup_teardown.py for tasks to queue
[2024-07-10T23:44:20.450+0000] {logging_mixin.py:188} INFO - [2024-07-10T23:44:20.450+0000] {dagbag.py:545} INFO - Filling up the DagBag from /home/airflow/.local/lib/python3.12/site-packages/airflow/example_dags/example_setup_teardown.py
[2024-07-10T23:44:20.464+0000] {processor.py:840} INFO - DAG(s) 'example_setup_teardown' retrieved from /home/airflow/.local/lib/python3.12/site-packages/airflow/example_dags/example_setup_teardown.py
[2024-07-10T23:44:20.497+0000] {logging_mixin.py:188} INFO - [2024-07-10T23:44:20.497+0000] {dag.py:3096} INFO - Sync 1 DAGs
[2024-07-10T23:44:20.554+0000] {logging_mixin.py:188} INFO - [2024-07-10T23:44:20.554+0000] {dag.py:3954} INFO - Setting next_dagrun for example_setup_teardown to 2024-07-09 00:00:00+00:00, run_after=2024-07-10 00:00:00+00:00
[2024-07-10T23:44:20.632+0000] {processor.py:183} INFO - Processing /home/airflow/.local/lib/python3.12/site-packages/airflow/example_dags/example_setup_teardown.py took 0.206 seconds
[2024-07-10T23:44:51.294+0000] {processor.py:161} INFO - Started process (PID=2621) to work on /home/airflow/.local/lib/python3.12/site-packages/airflow/example_dags/example_setup_teardown.py
[2024-07-10T23:44:51.295+0000] {processor.py:830} INFO - Processing file /home/airflow/.local/lib/python3.12/site-packages/airflow/example_dags/example_setup_teardown.py for tasks to queue
[2024-07-10T23:44:51.297+0000] {logging_mixin.py:188} INFO - [2024-07-10T23:44:51.297+0000] {dagbag.py:545} INFO - Filling up the DagBag from /home/airflow/.local/lib/python3.12/site-packages/airflow/example_dags/example_setup_teardown.py
[2024-07-10T23:44:51.306+0000] {processor.py:840} INFO - DAG(s) 'example_setup_teardown' retrieved from /home/airflow/.local/lib/python3.12/site-packages/airflow/example_dags/example_setup_teardown.py
[2024-07-10T23:44:51.334+0000] {logging_mixin.py:188} INFO - [2024-07-10T23:44:51.333+0000] {dag.py:3096} INFO - Sync 1 DAGs
[2024-07-10T23:44:51.364+0000] {logging_mixin.py:188} INFO - [2024-07-10T23:44:51.363+0000] {dag.py:3954} INFO - Setting next_dagrun for example_setup_teardown to 2024-07-09 00:00:00+00:00, run_after=2024-07-10 00:00:00+00:00
[2024-07-10T23:44:51.392+0000] {processor.py:183} INFO - Processing /home/airflow/.local/lib/python3.12/site-packages/airflow/example_dags/example_setup_teardown.py took 0.105 seconds
[2024-07-10T23:45:21.967+0000] {processor.py:161} INFO - Started process (PID=2679) to work on /home/airflow/.local/lib/python3.12/site-packages/airflow/example_dags/example_setup_teardown.py
[2024-07-10T23:45:21.974+0000] {processor.py:830} INFO - Processing file /home/airflow/.local/lib/python3.12/site-packages/airflow/example_dags/example_setup_teardown.py for tasks to queue
[2024-07-10T23:45:21.976+0000] {logging_mixin.py:188} INFO - [2024-07-10T23:45:21.976+0000] {dagbag.py:545} INFO - Filling up the DagBag from /home/airflow/.local/lib/python3.12/site-packages/airflow/example_dags/example_setup_teardown.py
[2024-07-10T23:45:21.985+0000] {processor.py:840} INFO - DAG(s) 'example_setup_teardown' retrieved from /home/airflow/.local/lib/python3.12/site-packages/airflow/example_dags/example_setup_teardown.py
[2024-07-10T23:45:22.021+0000] {logging_mixin.py:188} INFO - [2024-07-10T23:45:22.021+0000] {dag.py:3096} INFO - Sync 1 DAGs
[2024-07-10T23:45:22.048+0000] {logging_mixin.py:188} INFO - [2024-07-10T23:45:22.048+0000] {dag.py:3954} INFO - Setting next_dagrun for example_setup_teardown to 2024-07-09 00:00:00+00:00, run_after=2024-07-10 00:00:00+00:00
[2024-07-10T23:45:22.076+0000] {processor.py:183} INFO - Processing /home/airflow/.local/lib/python3.12/site-packages/airflow/example_dags/example_setup_teardown.py took 0.116 seconds
[2024-07-10T23:45:52.748+0000] {processor.py:161} INFO - Started process (PID=2737) to work on /home/airflow/.local/lib/python3.12/site-packages/airflow/example_dags/example_setup_teardown.py
[2024-07-10T23:45:52.749+0000] {processor.py:830} INFO - Processing file /home/airflow/.local/lib/python3.12/site-packages/airflow/example_dags/example_setup_teardown.py for tasks to queue
[2024-07-10T23:45:52.752+0000] {logging_mixin.py:188} INFO - [2024-07-10T23:45:52.751+0000] {dagbag.py:545} INFO - Filling up the DagBag from /home/airflow/.local/lib/python3.12/site-packages/airflow/example_dags/example_setup_teardown.py
[2024-07-10T23:45:52.761+0000] {processor.py:840} INFO - DAG(s) 'example_setup_teardown' retrieved from /home/airflow/.local/lib/python3.12/site-packages/airflow/example_dags/example_setup_teardown.py
[2024-07-10T23:45:52.789+0000] {logging_mixin.py:188} INFO - [2024-07-10T23:45:52.789+0000] {dag.py:3096} INFO - Sync 1 DAGs
[2024-07-10T23:45:52.820+0000] {logging_mixin.py:188} INFO - [2024-07-10T23:45:52.820+0000] {dag.py:3954} INFO - Setting next_dagrun for example_setup_teardown to 2024-07-09 00:00:00+00:00, run_after=2024-07-10 00:00:00+00:00
[2024-07-10T23:45:52.853+0000] {processor.py:183} INFO - Processing /home/airflow/.local/lib/python3.12/site-packages/airflow/example_dags/example_setup_teardown.py took 0.112 seconds
[2024-07-10T23:46:23.268+0000] {processor.py:161} INFO - Started process (PID=2795) to work on /home/airflow/.local/lib/python3.12/site-packages/airflow/example_dags/example_setup_teardown.py
[2024-07-10T23:46:23.276+0000] {processor.py:830} INFO - Processing file /home/airflow/.local/lib/python3.12/site-packages/airflow/example_dags/example_setup_teardown.py for tasks to queue
[2024-07-10T23:46:23.278+0000] {logging_mixin.py:188} INFO - [2024-07-10T23:46:23.278+0000] {dagbag.py:545} INFO - Filling up the DagBag from /home/airflow/.local/lib/python3.12/site-packages/airflow/example_dags/example_setup_teardown.py
[2024-07-10T23:46:23.287+0000] {processor.py:840} INFO - DAG(s) 'example_setup_teardown' retrieved from /home/airflow/.local/lib/python3.12/site-packages/airflow/example_dags/example_setup_teardown.py
[2024-07-10T23:46:23.315+0000] {logging_mixin.py:188} INFO - [2024-07-10T23:46:23.314+0000] {dag.py:3096} INFO - Sync 1 DAGs
[2024-07-10T23:46:23.341+0000] {logging_mixin.py:188} INFO - [2024-07-10T23:46:23.341+0000] {dag.py:3954} INFO - Setting next_dagrun for example_setup_teardown to 2024-07-09 00:00:00+00:00, run_after=2024-07-10 00:00:00+00:00
[2024-07-10T23:46:23.378+0000] {processor.py:183} INFO - Processing /home/airflow/.local/lib/python3.12/site-packages/airflow/example_dags/example_setup_teardown.py took 0.117 seconds
[2024-07-10T23:46:53.630+0000] {processor.py:161} INFO - Started process (PID=2853) to work on /home/airflow/.local/lib/python3.12/site-packages/airflow/example_dags/example_setup_teardown.py
[2024-07-10T23:46:53.631+0000] {processor.py:830} INFO - Processing file /home/airflow/.local/lib/python3.12/site-packages/airflow/example_dags/example_setup_teardown.py for tasks to queue
[2024-07-10T23:46:53.633+0000] {logging_mixin.py:188} INFO - [2024-07-10T23:46:53.632+0000] {dagbag.py:545} INFO - Filling up the DagBag from /home/airflow/.local/lib/python3.12/site-packages/airflow/example_dags/example_setup_teardown.py
[2024-07-10T23:46:53.640+0000] {processor.py:840} INFO - DAG(s) 'example_setup_teardown' retrieved from /home/airflow/.local/lib/python3.12/site-packages/airflow/example_dags/example_setup_teardown.py
[2024-07-10T23:46:53.666+0000] {logging_mixin.py:188} INFO - [2024-07-10T23:46:53.666+0000] {dag.py:3096} INFO - Sync 1 DAGs
[2024-07-10T23:46:53.691+0000] {logging_mixin.py:188} INFO - [2024-07-10T23:46:53.690+0000] {dag.py:3954} INFO - Setting next_dagrun for example_setup_teardown to 2024-07-09 00:00:00+00:00, run_after=2024-07-10 00:00:00+00:00
[2024-07-10T23:46:53.723+0000] {processor.py:183} INFO - Processing /home/airflow/.local/lib/python3.12/site-packages/airflow/example_dags/example_setup_teardown.py took 0.100 seconds
[2024-07-10T23:47:23.782+0000] {processor.py:161} INFO - Started process (PID=2911) to work on /home/airflow/.local/lib/python3.12/site-packages/airflow/example_dags/example_setup_teardown.py
[2024-07-10T23:47:23.792+0000] {processor.py:830} INFO - Processing file /home/airflow/.local/lib/python3.12/site-packages/airflow/example_dags/example_setup_teardown.py for tasks to queue
[2024-07-10T23:47:23.794+0000] {logging_mixin.py:188} INFO - [2024-07-10T23:47:23.794+0000] {dagbag.py:545} INFO - Filling up the DagBag from /home/airflow/.local/lib/python3.12/site-packages/airflow/example_dags/example_setup_teardown.py
[2024-07-10T23:47:23.802+0000] {processor.py:840} INFO - DAG(s) 'example_setup_teardown' retrieved from /home/airflow/.local/lib/python3.12/site-packages/airflow/example_dags/example_setup_teardown.py
[2024-07-10T23:47:23.826+0000] {logging_mixin.py:188} INFO - [2024-07-10T23:47:23.826+0000] {dag.py:3096} INFO - Sync 1 DAGs
[2024-07-10T23:47:23.854+0000] {logging_mixin.py:188} INFO - [2024-07-10T23:47:23.854+0000] {dag.py:3954} INFO - Setting next_dagrun for example_setup_teardown to 2024-07-09 00:00:00+00:00, run_after=2024-07-10 00:00:00+00:00
[2024-07-10T23:47:23.886+0000] {processor.py:183} INFO - Processing /home/airflow/.local/lib/python3.12/site-packages/airflow/example_dags/example_setup_teardown.py took 0.110 seconds
[2024-07-10T23:47:54.112+0000] {processor.py:161} INFO - Started process (PID=2969) to work on /home/airflow/.local/lib/python3.12/site-packages/airflow/example_dags/example_setup_teardown.py
[2024-07-10T23:47:54.119+0000] {processor.py:830} INFO - Processing file /home/airflow/.local/lib/python3.12/site-packages/airflow/example_dags/example_setup_teardown.py for tasks to queue
[2024-07-10T23:47:54.121+0000] {logging_mixin.py:188} INFO - [2024-07-10T23:47:54.121+0000] {dagbag.py:545} INFO - Filling up the DagBag from /home/airflow/.local/lib/python3.12/site-packages/airflow/example_dags/example_setup_teardown.py
[2024-07-10T23:47:54.128+0000] {processor.py:840} INFO - DAG(s) 'example_setup_teardown' retrieved from /home/airflow/.local/lib/python3.12/site-packages/airflow/example_dags/example_setup_teardown.py
[2024-07-10T23:47:54.154+0000] {logging_mixin.py:188} INFO - [2024-07-10T23:47:54.154+0000] {dag.py:3096} INFO - Sync 1 DAGs
[2024-07-10T23:47:54.180+0000] {logging_mixin.py:188} INFO - [2024-07-10T23:47:54.180+0000] {dag.py:3954} INFO - Setting next_dagrun for example_setup_teardown to 2024-07-09 00:00:00+00:00, run_after=2024-07-10 00:00:00+00:00
[2024-07-10T23:47:54.207+0000] {processor.py:183} INFO - Processing /home/airflow/.local/lib/python3.12/site-packages/airflow/example_dags/example_setup_teardown.py took 0.103 seconds
[2024-07-10T23:48:24.475+0000] {processor.py:161} INFO - Started process (PID=3027) to work on /home/airflow/.local/lib/python3.12/site-packages/airflow/example_dags/example_setup_teardown.py
[2024-07-10T23:48:24.476+0000] {processor.py:830} INFO - Processing file /home/airflow/.local/lib/python3.12/site-packages/airflow/example_dags/example_setup_teardown.py for tasks to queue
[2024-07-10T23:48:24.478+0000] {logging_mixin.py:188} INFO - [2024-07-10T23:48:24.477+0000] {dagbag.py:545} INFO - Filling up the DagBag from /home/airflow/.local/lib/python3.12/site-packages/airflow/example_dags/example_setup_teardown.py
[2024-07-10T23:48:24.485+0000] {processor.py:840} INFO - DAG(s) 'example_setup_teardown' retrieved from /home/airflow/.local/lib/python3.12/site-packages/airflow/example_dags/example_setup_teardown.py
[2024-07-10T23:48:24.510+0000] {logging_mixin.py:188} INFO - [2024-07-10T23:48:24.510+0000] {dag.py:3096} INFO - Sync 1 DAGs
[2024-07-10T23:48:24.536+0000] {logging_mixin.py:188} INFO - [2024-07-10T23:48:24.536+0000] {dag.py:3954} INFO - Setting next_dagrun for example_setup_teardown to 2024-07-09 00:00:00+00:00, run_after=2024-07-10 00:00:00+00:00
[2024-07-10T23:48:24.567+0000] {processor.py:183} INFO - Processing /home/airflow/.local/lib/python3.12/site-packages/airflow/example_dags/example_setup_teardown.py took 0.098 seconds
[2024-07-10T23:48:55.200+0000] {processor.py:161} INFO - Started process (PID=3085) to work on /home/airflow/.local/lib/python3.12/site-packages/airflow/example_dags/example_setup_teardown.py
[2024-07-10T23:48:55.209+0000] {processor.py:830} INFO - Processing file /home/airflow/.local/lib/python3.12/site-packages/airflow/example_dags/example_setup_teardown.py for tasks to queue
[2024-07-10T23:48:55.211+0000] {logging_mixin.py:188} INFO - [2024-07-10T23:48:55.211+0000] {dagbag.py:545} INFO - Filling up the DagBag from /home/airflow/.local/lib/python3.12/site-packages/airflow/example_dags/example_setup_teardown.py
[2024-07-10T23:48:55.220+0000] {processor.py:840} INFO - DAG(s) 'example_setup_teardown' retrieved from /home/airflow/.local/lib/python3.12/site-packages/airflow/example_dags/example_setup_teardown.py
[2024-07-10T23:48:55.245+0000] {logging_mixin.py:188} INFO - [2024-07-10T23:48:55.244+0000] {dag.py:3096} INFO - Sync 1 DAGs
[2024-07-10T23:48:55.271+0000] {logging_mixin.py:188} INFO - [2024-07-10T23:48:55.271+0000] {dag.py:3954} INFO - Setting next_dagrun for example_setup_teardown to 2024-07-09 00:00:00+00:00, run_after=2024-07-10 00:00:00+00:00
[2024-07-10T23:48:55.306+0000] {processor.py:183} INFO - Processing /home/airflow/.local/lib/python3.12/site-packages/airflow/example_dags/example_setup_teardown.py took 0.113 seconds
[2024-07-10T23:49:25.904+0000] {processor.py:161} INFO - Started process (PID=3143) to work on /home/airflow/.local/lib/python3.12/site-packages/airflow/example_dags/example_setup_teardown.py
[2024-07-10T23:49:25.912+0000] {processor.py:830} INFO - Processing file /home/airflow/.local/lib/python3.12/site-packages/airflow/example_dags/example_setup_teardown.py for tasks to queue
[2024-07-10T23:49:25.915+0000] {logging_mixin.py:188} INFO - [2024-07-10T23:49:25.914+0000] {dagbag.py:545} INFO - Filling up the DagBag from /home/airflow/.local/lib/python3.12/site-packages/airflow/example_dags/example_setup_teardown.py
[2024-07-10T23:49:25.923+0000] {processor.py:840} INFO - DAG(s) 'example_setup_teardown' retrieved from /home/airflow/.local/lib/python3.12/site-packages/airflow/example_dags/example_setup_teardown.py
[2024-07-10T23:49:25.950+0000] {logging_mixin.py:188} INFO - [2024-07-10T23:49:25.950+0000] {dag.py:3096} INFO - Sync 1 DAGs
[2024-07-10T23:49:25.978+0000] {logging_mixin.py:188} INFO - [2024-07-10T23:49:25.978+0000] {dag.py:3954} INFO - Setting next_dagrun for example_setup_teardown to 2024-07-09 00:00:00+00:00, run_after=2024-07-10 00:00:00+00:00
[2024-07-10T23:49:26.011+0000] {processor.py:183} INFO - Processing /home/airflow/.local/lib/python3.12/site-packages/airflow/example_dags/example_setup_teardown.py took 0.115 seconds
[2024-07-10T23:49:56.482+0000] {processor.py:161} INFO - Started process (PID=3201) to work on /home/airflow/.local/lib/python3.12/site-packages/airflow/example_dags/example_setup_teardown.py
[2024-07-10T23:49:56.483+0000] {processor.py:830} INFO - Processing file /home/airflow/.local/lib/python3.12/site-packages/airflow/example_dags/example_setup_teardown.py for tasks to queue
[2024-07-10T23:49:56.486+0000] {logging_mixin.py:188} INFO - [2024-07-10T23:49:56.485+0000] {dagbag.py:545} INFO - Filling up the DagBag from /home/airflow/.local/lib/python3.12/site-packages/airflow/example_dags/example_setup_teardown.py
[2024-07-10T23:49:56.496+0000] {processor.py:840} INFO - DAG(s) 'example_setup_teardown' retrieved from /home/airflow/.local/lib/python3.12/site-packages/airflow/example_dags/example_setup_teardown.py
[2024-07-10T23:49:56.522+0000] {logging_mixin.py:188} INFO - [2024-07-10T23:49:56.521+0000] {dag.py:3096} INFO - Sync 1 DAGs
[2024-07-10T23:49:56.547+0000] {logging_mixin.py:188} INFO - [2024-07-10T23:49:56.547+0000] {dag.py:3954} INFO - Setting next_dagrun for example_setup_teardown to 2024-07-09 00:00:00+00:00, run_after=2024-07-10 00:00:00+00:00
[2024-07-10T23:49:56.580+0000] {processor.py:183} INFO - Processing /home/airflow/.local/lib/python3.12/site-packages/airflow/example_dags/example_setup_teardown.py took 0.106 seconds
[2024-07-10T23:50:26.688+0000] {processor.py:161} INFO - Started process (PID=3259) to work on /home/airflow/.local/lib/python3.12/site-packages/airflow/example_dags/example_setup_teardown.py
[2024-07-10T23:50:26.695+0000] {processor.py:830} INFO - Processing file /home/airflow/.local/lib/python3.12/site-packages/airflow/example_dags/example_setup_teardown.py for tasks to queue
[2024-07-10T23:50:26.697+0000] {logging_mixin.py:188} INFO - [2024-07-10T23:50:26.696+0000] {dagbag.py:545} INFO - Filling up the DagBag from /home/airflow/.local/lib/python3.12/site-packages/airflow/example_dags/example_setup_teardown.py
[2024-07-10T23:50:26.704+0000] {processor.py:840} INFO - DAG(s) 'example_setup_teardown' retrieved from /home/airflow/.local/lib/python3.12/site-packages/airflow/example_dags/example_setup_teardown.py
[2024-07-10T23:50:26.730+0000] {logging_mixin.py:188} INFO - [2024-07-10T23:50:26.730+0000] {dag.py:3096} INFO - Sync 1 DAGs
[2024-07-10T23:50:26.754+0000] {logging_mixin.py:188} INFO - [2024-07-10T23:50:26.754+0000] {dag.py:3954} INFO - Setting next_dagrun for example_setup_teardown to 2024-07-09 00:00:00+00:00, run_after=2024-07-10 00:00:00+00:00
[2024-07-10T23:50:26.786+0000] {processor.py:183} INFO - Processing /home/airflow/.local/lib/python3.12/site-packages/airflow/example_dags/example_setup_teardown.py took 0.105 seconds
[2024-07-10T23:50:57.086+0000] {processor.py:161} INFO - Started process (PID=3317) to work on /home/airflow/.local/lib/python3.12/site-packages/airflow/example_dags/example_setup_teardown.py
[2024-07-10T23:50:57.094+0000] {processor.py:830} INFO - Processing file /home/airflow/.local/lib/python3.12/site-packages/airflow/example_dags/example_setup_teardown.py for tasks to queue
[2024-07-10T23:50:57.096+0000] {logging_mixin.py:188} INFO - [2024-07-10T23:50:57.096+0000] {dagbag.py:545} INFO - Filling up the DagBag from /home/airflow/.local/lib/python3.12/site-packages/airflow/example_dags/example_setup_teardown.py
[2024-07-10T23:50:57.104+0000] {processor.py:840} INFO - DAG(s) 'example_setup_teardown' retrieved from /home/airflow/.local/lib/python3.12/site-packages/airflow/example_dags/example_setup_teardown.py
[2024-07-10T23:50:57.134+0000] {logging_mixin.py:188} INFO - [2024-07-10T23:50:57.134+0000] {dag.py:3096} INFO - Sync 1 DAGs
[2024-07-10T23:50:57.162+0000] {logging_mixin.py:188} INFO - [2024-07-10T23:50:57.162+0000] {dag.py:3954} INFO - Setting next_dagrun for example_setup_teardown to 2024-07-09 00:00:00+00:00, run_after=2024-07-10 00:00:00+00:00
[2024-07-10T23:50:57.192+0000] {processor.py:183} INFO - Processing /home/airflow/.local/lib/python3.12/site-packages/airflow/example_dags/example_setup_teardown.py took 0.114 seconds
[2024-07-10T23:51:27.674+0000] {processor.py:161} INFO - Started process (PID=3376) to work on /home/airflow/.local/lib/python3.12/site-packages/airflow/example_dags/example_setup_teardown.py
[2024-07-10T23:51:27.684+0000] {processor.py:830} INFO - Processing file /home/airflow/.local/lib/python3.12/site-packages/airflow/example_dags/example_setup_teardown.py for tasks to queue
[2024-07-10T23:51:27.686+0000] {logging_mixin.py:188} INFO - [2024-07-10T23:51:27.685+0000] {dagbag.py:545} INFO - Filling up the DagBag from /home/airflow/.local/lib/python3.12/site-packages/airflow/example_dags/example_setup_teardown.py
[2024-07-10T23:51:27.693+0000] {processor.py:840} INFO - DAG(s) 'example_setup_teardown' retrieved from /home/airflow/.local/lib/python3.12/site-packages/airflow/example_dags/example_setup_teardown.py
[2024-07-10T23:51:27.718+0000] {logging_mixin.py:188} INFO - [2024-07-10T23:51:27.718+0000] {dag.py:3096} INFO - Sync 1 DAGs
[2024-07-10T23:51:27.742+0000] {logging_mixin.py:188} INFO - [2024-07-10T23:51:27.742+0000] {dag.py:3954} INFO - Setting next_dagrun for example_setup_teardown to 2024-07-09 00:00:00+00:00, run_after=2024-07-10 00:00:00+00:00
[2024-07-10T23:51:27.771+0000] {processor.py:183} INFO - Processing /home/airflow/.local/lib/python3.12/site-packages/airflow/example_dags/example_setup_teardown.py took 0.104 seconds
[2024-07-10T23:51:57.880+0000] {processor.py:161} INFO - Started process (PID=3434) to work on /home/airflow/.local/lib/python3.12/site-packages/airflow/example_dags/example_setup_teardown.py
[2024-07-10T23:51:57.888+0000] {processor.py:830} INFO - Processing file /home/airflow/.local/lib/python3.12/site-packages/airflow/example_dags/example_setup_teardown.py for tasks to queue
[2024-07-10T23:51:57.890+0000] {logging_mixin.py:188} INFO - [2024-07-10T23:51:57.889+0000] {dagbag.py:545} INFO - Filling up the DagBag from /home/airflow/.local/lib/python3.12/site-packages/airflow/example_dags/example_setup_teardown.py
[2024-07-10T23:51:57.897+0000] {processor.py:840} INFO - DAG(s) 'example_setup_teardown' retrieved from /home/airflow/.local/lib/python3.12/site-packages/airflow/example_dags/example_setup_teardown.py
[2024-07-10T23:51:57.922+0000] {logging_mixin.py:188} INFO - [2024-07-10T23:51:57.921+0000] {dag.py:3096} INFO - Sync 1 DAGs
[2024-07-10T23:51:57.950+0000] {logging_mixin.py:188} INFO - [2024-07-10T23:51:57.949+0000] {dag.py:3954} INFO - Setting next_dagrun for example_setup_teardown to 2024-07-09 00:00:00+00:00, run_after=2024-07-10 00:00:00+00:00
[2024-07-10T23:51:57.975+0000] {processor.py:183} INFO - Processing /home/airflow/.local/lib/python3.12/site-packages/airflow/example_dags/example_setup_teardown.py took 0.101 seconds
[2024-07-10T23:52:28.004+0000] {processor.py:161} INFO - Started process (PID=3492) to work on /home/airflow/.local/lib/python3.12/site-packages/airflow/example_dags/example_setup_teardown.py
[2024-07-10T23:52:28.004+0000] {processor.py:830} INFO - Processing file /home/airflow/.local/lib/python3.12/site-packages/airflow/example_dags/example_setup_teardown.py for tasks to queue
[2024-07-10T23:52:28.006+0000] {logging_mixin.py:188} INFO - [2024-07-10T23:52:28.006+0000] {dagbag.py:545} INFO - Filling up the DagBag from /home/airflow/.local/lib/python3.12/site-packages/airflow/example_dags/example_setup_teardown.py
[2024-07-10T23:52:28.014+0000] {processor.py:840} INFO - DAG(s) 'example_setup_teardown' retrieved from /home/airflow/.local/lib/python3.12/site-packages/airflow/example_dags/example_setup_teardown.py
[2024-07-10T23:52:28.037+0000] {logging_mixin.py:188} INFO - [2024-07-10T23:52:28.037+0000] {dag.py:3096} INFO - Sync 1 DAGs
[2024-07-10T23:52:28.062+0000] {logging_mixin.py:188} INFO - [2024-07-10T23:52:28.062+0000] {dag.py:3954} INFO - Setting next_dagrun for example_setup_teardown to 2024-07-09 00:00:00+00:00, run_after=2024-07-10 00:00:00+00:00
[2024-07-10T23:52:28.083+0000] {processor.py:183} INFO - Processing /home/airflow/.local/lib/python3.12/site-packages/airflow/example_dags/example_setup_teardown.py took 0.086 seconds
[2024-07-10T23:52:58.686+0000] {processor.py:161} INFO - Started process (PID=3551) to work on /home/airflow/.local/lib/python3.12/site-packages/airflow/example_dags/example_setup_teardown.py
[2024-07-10T23:52:58.695+0000] {processor.py:830} INFO - Processing file /home/airflow/.local/lib/python3.12/site-packages/airflow/example_dags/example_setup_teardown.py for tasks to queue
[2024-07-10T23:52:58.697+0000] {logging_mixin.py:188} INFO - [2024-07-10T23:52:58.697+0000] {dagbag.py:545} INFO - Filling up the DagBag from /home/airflow/.local/lib/python3.12/site-packages/airflow/example_dags/example_setup_teardown.py
[2024-07-10T23:52:58.704+0000] {processor.py:840} INFO - DAG(s) 'example_setup_teardown' retrieved from /home/airflow/.local/lib/python3.12/site-packages/airflow/example_dags/example_setup_teardown.py
[2024-07-10T23:52:58.730+0000] {logging_mixin.py:188} INFO - [2024-07-10T23:52:58.730+0000] {dag.py:3096} INFO - Sync 1 DAGs
[2024-07-10T23:52:58.755+0000] {logging_mixin.py:188} INFO - [2024-07-10T23:52:58.755+0000] {dag.py:3954} INFO - Setting next_dagrun for example_setup_teardown to 2024-07-09 00:00:00+00:00, run_after=2024-07-10 00:00:00+00:00
[2024-07-10T23:52:58.786+0000] {processor.py:183} INFO - Processing /home/airflow/.local/lib/python3.12/site-packages/airflow/example_dags/example_setup_teardown.py took 0.107 seconds
[2024-07-10T23:53:29.347+0000] {processor.py:161} INFO - Started process (PID=3608) to work on /home/airflow/.local/lib/python3.12/site-packages/airflow/example_dags/example_setup_teardown.py
[2024-07-10T23:53:29.354+0000] {processor.py:830} INFO - Processing file /home/airflow/.local/lib/python3.12/site-packages/airflow/example_dags/example_setup_teardown.py for tasks to queue
[2024-07-10T23:53:29.357+0000] {logging_mixin.py:188} INFO - [2024-07-10T23:53:29.356+0000] {dagbag.py:545} INFO - Filling up the DagBag from /home/airflow/.local/lib/python3.12/site-packages/airflow/example_dags/example_setup_teardown.py
[2024-07-10T23:53:29.366+0000] {processor.py:840} INFO - DAG(s) 'example_setup_teardown' retrieved from /home/airflow/.local/lib/python3.12/site-packages/airflow/example_dags/example_setup_teardown.py
[2024-07-10T23:53:29.421+0000] {logging_mixin.py:188} INFO - [2024-07-10T23:53:29.421+0000] {dag.py:3096} INFO - Sync 1 DAGs
[2024-07-10T23:53:29.461+0000] {logging_mixin.py:188} INFO - [2024-07-10T23:53:29.461+0000] {dag.py:3954} INFO - Setting next_dagrun for example_setup_teardown to 2024-07-09 00:00:00+00:00, run_after=2024-07-10 00:00:00+00:00
[2024-07-10T23:53:29.501+0000] {processor.py:183} INFO - Processing /home/airflow/.local/lib/python3.12/site-packages/airflow/example_dags/example_setup_teardown.py took 0.162 seconds
[2024-07-10T23:54:00.420+0000] {processor.py:161} INFO - Started process (PID=3666) to work on /home/airflow/.local/lib/python3.12/site-packages/airflow/example_dags/example_setup_teardown.py
[2024-07-10T23:54:00.422+0000] {processor.py:830} INFO - Processing file /home/airflow/.local/lib/python3.12/site-packages/airflow/example_dags/example_setup_teardown.py for tasks to queue
[2024-07-10T23:54:00.424+0000] {logging_mixin.py:188} INFO - [2024-07-10T23:54:00.424+0000] {dagbag.py:545} INFO - Filling up the DagBag from /home/airflow/.local/lib/python3.12/site-packages/airflow/example_dags/example_setup_teardown.py
[2024-07-10T23:54:00.439+0000] {processor.py:840} INFO - DAG(s) 'example_setup_teardown' retrieved from /home/airflow/.local/lib/python3.12/site-packages/airflow/example_dags/example_setup_teardown.py
[2024-07-10T23:54:00.488+0000] {logging_mixin.py:188} INFO - [2024-07-10T23:54:00.487+0000] {dag.py:3096} INFO - Sync 1 DAGs
[2024-07-10T23:54:00.538+0000] {logging_mixin.py:188} INFO - [2024-07-10T23:54:00.537+0000] {dag.py:3954} INFO - Setting next_dagrun for example_setup_teardown to 2024-07-09 00:00:00+00:00, run_after=2024-07-10 00:00:00+00:00
[2024-07-10T23:54:00.587+0000] {processor.py:183} INFO - Processing /home/airflow/.local/lib/python3.12/site-packages/airflow/example_dags/example_setup_teardown.py took 0.183 seconds
[2024-07-10T23:54:30.926+0000] {processor.py:161} INFO - Started process (PID=3724) to work on /home/airflow/.local/lib/python3.12/site-packages/airflow/example_dags/example_setup_teardown.py
[2024-07-10T23:54:30.927+0000] {processor.py:830} INFO - Processing file /home/airflow/.local/lib/python3.12/site-packages/airflow/example_dags/example_setup_teardown.py for tasks to queue
[2024-07-10T23:54:30.929+0000] {logging_mixin.py:188} INFO - [2024-07-10T23:54:30.929+0000] {dagbag.py:545} INFO - Filling up the DagBag from /home/airflow/.local/lib/python3.12/site-packages/airflow/example_dags/example_setup_teardown.py
[2024-07-10T23:54:30.939+0000] {processor.py:840} INFO - DAG(s) 'example_setup_teardown' retrieved from /home/airflow/.local/lib/python3.12/site-packages/airflow/example_dags/example_setup_teardown.py
[2024-07-10T23:54:30.973+0000] {logging_mixin.py:188} INFO - [2024-07-10T23:54:30.973+0000] {dag.py:3096} INFO - Sync 1 DAGs
[2024-07-10T23:54:31.014+0000] {logging_mixin.py:188} INFO - [2024-07-10T23:54:31.014+0000] {dag.py:3954} INFO - Setting next_dagrun for example_setup_teardown to 2024-07-09 00:00:00+00:00, run_after=2024-07-10 00:00:00+00:00
[2024-07-10T23:54:31.054+0000] {processor.py:183} INFO - Processing /home/airflow/.local/lib/python3.12/site-packages/airflow/example_dags/example_setup_teardown.py took 0.137 seconds
[2024-07-10T23:55:01.654+0000] {processor.py:161} INFO - Started process (PID=3780) to work on /home/airflow/.local/lib/python3.12/site-packages/airflow/example_dags/example_setup_teardown.py
[2024-07-10T23:55:01.655+0000] {processor.py:830} INFO - Processing file /home/airflow/.local/lib/python3.12/site-packages/airflow/example_dags/example_setup_teardown.py for tasks to queue
[2024-07-10T23:55:01.657+0000] {logging_mixin.py:188} INFO - [2024-07-10T23:55:01.657+0000] {dagbag.py:545} INFO - Filling up the DagBag from /home/airflow/.local/lib/python3.12/site-packages/airflow/example_dags/example_setup_teardown.py
[2024-07-10T23:55:01.667+0000] {processor.py:840} INFO - DAG(s) 'example_setup_teardown' retrieved from /home/airflow/.local/lib/python3.12/site-packages/airflow/example_dags/example_setup_teardown.py
[2024-07-10T23:55:01.696+0000] {logging_mixin.py:188} INFO - [2024-07-10T23:55:01.695+0000] {dag.py:3096} INFO - Sync 1 DAGs
[2024-07-10T23:55:01.732+0000] {logging_mixin.py:188} INFO - [2024-07-10T23:55:01.732+0000] {dag.py:3954} INFO - Setting next_dagrun for example_setup_teardown to 2024-07-09 00:00:00+00:00, run_after=2024-07-10 00:00:00+00:00
[2024-07-10T23:55:01.772+0000] {processor.py:183} INFO - Processing /home/airflow/.local/lib/python3.12/site-packages/airflow/example_dags/example_setup_teardown.py took 0.126 seconds
[2024-07-10T23:55:33.164+0000] {processor.py:161} INFO - Started process (PID=3838) to work on /home/airflow/.local/lib/python3.12/site-packages/airflow/example_dags/example_setup_teardown.py
[2024-07-10T23:55:33.165+0000] {processor.py:830} INFO - Processing file /home/airflow/.local/lib/python3.12/site-packages/airflow/example_dags/example_setup_teardown.py for tasks to queue
[2024-07-10T23:55:33.178+0000] {logging_mixin.py:188} INFO - [2024-07-10T23:55:33.177+0000] {dagbag.py:545} INFO - Filling up the DagBag from /home/airflow/.local/lib/python3.12/site-packages/airflow/example_dags/example_setup_teardown.py
[2024-07-10T23:55:33.197+0000] {processor.py:840} INFO - DAG(s) 'example_setup_teardown' retrieved from /home/airflow/.local/lib/python3.12/site-packages/airflow/example_dags/example_setup_teardown.py
[2024-07-10T23:55:33.277+0000] {logging_mixin.py:188} INFO - [2024-07-10T23:55:33.277+0000] {dag.py:3096} INFO - Sync 1 DAGs
[2024-07-10T23:55:33.364+0000] {logging_mixin.py:188} INFO - [2024-07-10T23:55:33.364+0000] {dag.py:3954} INFO - Setting next_dagrun for example_setup_teardown to 2024-07-09 00:00:00+00:00, run_after=2024-07-10 00:00:00+00:00
[2024-07-10T23:55:33.469+0000] {processor.py:183} INFO - Processing /home/airflow/.local/lib/python3.12/site-packages/airflow/example_dags/example_setup_teardown.py took 0.325 seconds
[2024-07-10T23:56:03.563+0000] {processor.py:161} INFO - Started process (PID=3896) to work on /home/airflow/.local/lib/python3.12/site-packages/airflow/example_dags/example_setup_teardown.py
[2024-07-10T23:56:03.572+0000] {processor.py:830} INFO - Processing file /home/airflow/.local/lib/python3.12/site-packages/airflow/example_dags/example_setup_teardown.py for tasks to queue
[2024-07-10T23:56:03.574+0000] {logging_mixin.py:188} INFO - [2024-07-10T23:56:03.574+0000] {dagbag.py:545} INFO - Filling up the DagBag from /home/airflow/.local/lib/python3.12/site-packages/airflow/example_dags/example_setup_teardown.py
[2024-07-10T23:56:03.583+0000] {processor.py:840} INFO - DAG(s) 'example_setup_teardown' retrieved from /home/airflow/.local/lib/python3.12/site-packages/airflow/example_dags/example_setup_teardown.py
[2024-07-10T23:56:03.621+0000] {logging_mixin.py:188} INFO - [2024-07-10T23:56:03.620+0000] {dag.py:3096} INFO - Sync 1 DAGs
[2024-07-10T23:56:03.662+0000] {logging_mixin.py:188} INFO - [2024-07-10T23:56:03.661+0000] {dag.py:3954} INFO - Setting next_dagrun for example_setup_teardown to 2024-07-09 00:00:00+00:00, run_after=2024-07-10 00:00:00+00:00
[2024-07-10T23:56:03.701+0000] {processor.py:183} INFO - Processing /home/airflow/.local/lib/python3.12/site-packages/airflow/example_dags/example_setup_teardown.py took 0.154 seconds
[2024-07-10T23:56:33.895+0000] {processor.py:161} INFO - Started process (PID=3955) to work on /home/airflow/.local/lib/python3.12/site-packages/airflow/example_dags/example_setup_teardown.py
[2024-07-10T23:56:33.897+0000] {processor.py:830} INFO - Processing file /home/airflow/.local/lib/python3.12/site-packages/airflow/example_dags/example_setup_teardown.py for tasks to queue
[2024-07-10T23:56:33.899+0000] {logging_mixin.py:188} INFO - [2024-07-10T23:56:33.899+0000] {dagbag.py:545} INFO - Filling up the DagBag from /home/airflow/.local/lib/python3.12/site-packages/airflow/example_dags/example_setup_teardown.py
[2024-07-10T23:56:33.912+0000] {processor.py:840} INFO - DAG(s) 'example_setup_teardown' retrieved from /home/airflow/.local/lib/python3.12/site-packages/airflow/example_dags/example_setup_teardown.py
[2024-07-10T23:56:33.962+0000] {logging_mixin.py:188} INFO - [2024-07-10T23:56:33.962+0000] {dag.py:3096} INFO - Sync 1 DAGs
[2024-07-10T23:56:34.017+0000] {logging_mixin.py:188} INFO - [2024-07-10T23:56:34.017+0000] {dag.py:3954} INFO - Setting next_dagrun for example_setup_teardown to 2024-07-09 00:00:00+00:00, run_after=2024-07-10 00:00:00+00:00
[2024-07-10T23:56:34.074+0000] {processor.py:183} INFO - Processing /home/airflow/.local/lib/python3.12/site-packages/airflow/example_dags/example_setup_teardown.py took 0.187 seconds
[2024-07-10T23:57:04.247+0000] {processor.py:161} INFO - Started process (PID=4013) to work on /home/airflow/.local/lib/python3.12/site-packages/airflow/example_dags/example_setup_teardown.py
[2024-07-10T23:57:04.249+0000] {processor.py:830} INFO - Processing file /home/airflow/.local/lib/python3.12/site-packages/airflow/example_dags/example_setup_teardown.py for tasks to queue
[2024-07-10T23:57:04.251+0000] {logging_mixin.py:188} INFO - [2024-07-10T23:57:04.251+0000] {dagbag.py:545} INFO - Filling up the DagBag from /home/airflow/.local/lib/python3.12/site-packages/airflow/example_dags/example_setup_teardown.py
[2024-07-10T23:57:04.260+0000] {processor.py:840} INFO - DAG(s) 'example_setup_teardown' retrieved from /home/airflow/.local/lib/python3.12/site-packages/airflow/example_dags/example_setup_teardown.py
[2024-07-10T23:57:04.301+0000] {logging_mixin.py:188} INFO - [2024-07-10T23:57:04.301+0000] {dag.py:3096} INFO - Sync 1 DAGs
[2024-07-10T23:57:04.343+0000] {logging_mixin.py:188} INFO - [2024-07-10T23:57:04.343+0000] {dag.py:3954} INFO - Setting next_dagrun for example_setup_teardown to 2024-07-09 00:00:00+00:00, run_after=2024-07-10 00:00:00+00:00
[2024-07-10T23:57:04.391+0000] {processor.py:183} INFO - Processing /home/airflow/.local/lib/python3.12/site-packages/airflow/example_dags/example_setup_teardown.py took 0.153 seconds
[2024-07-10T23:57:34.899+0000] {processor.py:161} INFO - Started process (PID=4071) to work on /home/airflow/.local/lib/python3.12/site-packages/airflow/example_dags/example_setup_teardown.py
[2024-07-10T23:57:34.906+0000] {processor.py:830} INFO - Processing file /home/airflow/.local/lib/python3.12/site-packages/airflow/example_dags/example_setup_teardown.py for tasks to queue
[2024-07-10T23:57:34.909+0000] {logging_mixin.py:188} INFO - [2024-07-10T23:57:34.909+0000] {dagbag.py:545} INFO - Filling up the DagBag from /home/airflow/.local/lib/python3.12/site-packages/airflow/example_dags/example_setup_teardown.py
[2024-07-10T23:57:34.939+0000] {processor.py:840} INFO - DAG(s) 'example_setup_teardown' retrieved from /home/airflow/.local/lib/python3.12/site-packages/airflow/example_dags/example_setup_teardown.py
[2024-07-10T23:57:35.023+0000] {logging_mixin.py:188} INFO - [2024-07-10T23:57:35.023+0000] {dag.py:3096} INFO - Sync 1 DAGs
[2024-07-10T23:57:35.105+0000] {logging_mixin.py:188} INFO - [2024-07-10T23:57:35.104+0000] {dag.py:3954} INFO - Setting next_dagrun for example_setup_teardown to 2024-07-09 00:00:00+00:00, run_after=2024-07-10 00:00:00+00:00
[2024-07-10T23:57:35.190+0000] {processor.py:183} INFO - Processing /home/airflow/.local/lib/python3.12/site-packages/airflow/example_dags/example_setup_teardown.py took 0.311 seconds
[2024-07-10T23:58:05.709+0000] {processor.py:161} INFO - Started process (PID=4128) to work on /home/airflow/.local/lib/python3.12/site-packages/airflow/example_dags/example_setup_teardown.py
[2024-07-10T23:58:05.715+0000] {processor.py:830} INFO - Processing file /home/airflow/.local/lib/python3.12/site-packages/airflow/example_dags/example_setup_teardown.py for tasks to queue
[2024-07-10T23:58:05.718+0000] {logging_mixin.py:188} INFO - [2024-07-10T23:58:05.717+0000] {dagbag.py:545} INFO - Filling up the DagBag from /home/airflow/.local/lib/python3.12/site-packages/airflow/example_dags/example_setup_teardown.py
[2024-07-10T23:58:05.732+0000] {processor.py:840} INFO - DAG(s) 'example_setup_teardown' retrieved from /home/airflow/.local/lib/python3.12/site-packages/airflow/example_dags/example_setup_teardown.py
[2024-07-10T23:58:05.773+0000] {logging_mixin.py:188} INFO - [2024-07-10T23:58:05.773+0000] {dag.py:3096} INFO - Sync 1 DAGs
[2024-07-10T23:58:05.809+0000] {logging_mixin.py:188} INFO - [2024-07-10T23:58:05.809+0000] {dag.py:3954} INFO - Setting next_dagrun for example_setup_teardown to 2024-07-09 00:00:00+00:00, run_after=2024-07-10 00:00:00+00:00
[2024-07-10T23:58:05.850+0000] {processor.py:183} INFO - Processing /home/airflow/.local/lib/python3.12/site-packages/airflow/example_dags/example_setup_teardown.py took 0.151 seconds
[2024-07-10T23:58:36.763+0000] {processor.py:161} INFO - Started process (PID=4186) to work on /home/airflow/.local/lib/python3.12/site-packages/airflow/example_dags/example_setup_teardown.py
[2024-07-10T23:58:36.764+0000] {processor.py:830} INFO - Processing file /home/airflow/.local/lib/python3.12/site-packages/airflow/example_dags/example_setup_teardown.py for tasks to queue
[2024-07-10T23:58:36.772+0000] {logging_mixin.py:188} INFO - [2024-07-10T23:58:36.771+0000] {dagbag.py:545} INFO - Filling up the DagBag from /home/airflow/.local/lib/python3.12/site-packages/airflow/example_dags/example_setup_teardown.py
[2024-07-10T23:58:36.794+0000] {processor.py:840} INFO - DAG(s) 'example_setup_teardown' retrieved from /home/airflow/.local/lib/python3.12/site-packages/airflow/example_dags/example_setup_teardown.py
[2024-07-10T23:58:36.837+0000] {logging_mixin.py:188} INFO - [2024-07-10T23:58:36.837+0000] {dag.py:3096} INFO - Sync 1 DAGs
[2024-07-10T23:58:36.885+0000] {logging_mixin.py:188} INFO - [2024-07-10T23:58:36.885+0000] {dag.py:3954} INFO - Setting next_dagrun for example_setup_teardown to 2024-07-09 00:00:00+00:00, run_after=2024-07-10 00:00:00+00:00
[2024-07-10T23:58:36.945+0000] {processor.py:183} INFO - Processing /home/airflow/.local/lib/python3.12/site-packages/airflow/example_dags/example_setup_teardown.py took 0.201 seconds
