[2024-07-10T13:36:23.918+0000] {processor.py:161} INFO - Started process (PID=40) to work on /home/airflow/.local/lib/python3.12/site-packages/airflow/example_dags/example_task_group.py
[2024-07-10T13:36:23.919+0000] {processor.py:830} INFO - Processing file /home/airflow/.local/lib/python3.12/site-packages/airflow/example_dags/example_task_group.py for tasks to queue
[2024-07-10T13:36:23.931+0000] {logging_mixin.py:188} INFO - [2024-07-10T13:36:23.931+0000] {dagbag.py:545} INFO - Filling up the DagBag from /home/airflow/.local/lib/python3.12/site-packages/airflow/example_dags/example_task_group.py
[2024-07-10T13:36:23.952+0000] {processor.py:840} INFO - DAG(s) 'example_task_group' retrieved from /home/airflow/.local/lib/python3.12/site-packages/airflow/example_dags/example_task_group.py
[2024-07-10T13:36:24.142+0000] {logging_mixin.py:188} INFO - [2024-07-10T13:36:24.142+0000] {dag.py:3096} INFO - Sync 1 DAGs
[2024-07-10T13:36:24.206+0000] {logging_mixin.py:188} INFO - [2024-07-10T13:36:24.206+0000] {dag.py:3954} INFO - Setting next_dagrun for example_task_group to 2024-07-09 00:00:00+00:00, run_after=2024-07-10 00:00:00+00:00
[2024-07-10T13:36:24.303+0000] {processor.py:183} INFO - Processing /home/airflow/.local/lib/python3.12/site-packages/airflow/example_dags/example_task_group.py took 0.405 seconds
[2024-07-10T23:22:26.458+0000] {processor.py:161} INFO - Started process (PID=32) to work on /home/airflow/.local/lib/python3.12/site-packages/airflow/example_dags/example_task_group.py
[2024-07-10T23:22:26.462+0000] {processor.py:830} INFO - Processing file /home/airflow/.local/lib/python3.12/site-packages/airflow/example_dags/example_task_group.py for tasks to queue
[2024-07-10T23:22:26.464+0000] {logging_mixin.py:188} INFO - [2024-07-10T23:22:26.464+0000] {dagbag.py:545} INFO - Filling up the DagBag from /home/airflow/.local/lib/python3.12/site-packages/airflow/example_dags/example_task_group.py
[2024-07-10T23:22:26.476+0000] {processor.py:840} INFO - DAG(s) 'example_task_group' retrieved from /home/airflow/.local/lib/python3.12/site-packages/airflow/example_dags/example_task_group.py
[2024-07-10T23:22:26.504+0000] {logging_mixin.py:188} INFO - [2024-07-10T23:22:26.504+0000] {dag.py:3096} INFO - Sync 1 DAGs
[2024-07-10T23:22:26.532+0000] {logging_mixin.py:188} INFO - [2024-07-10T23:22:26.532+0000] {dag.py:3954} INFO - Setting next_dagrun for example_task_group to 2024-07-09 00:00:00+00:00, run_after=2024-07-10 00:00:00+00:00
[2024-07-10T23:22:26.559+0000] {processor.py:183} INFO - Processing /home/airflow/.local/lib/python3.12/site-packages/airflow/example_dags/example_task_group.py took 0.109 seconds
[2024-07-10T23:22:57.480+0000] {processor.py:161} INFO - Started process (PID=90) to work on /home/airflow/.local/lib/python3.12/site-packages/airflow/example_dags/example_task_group.py
[2024-07-10T23:22:57.481+0000] {processor.py:830} INFO - Processing file /home/airflow/.local/lib/python3.12/site-packages/airflow/example_dags/example_task_group.py for tasks to queue
[2024-07-10T23:22:57.484+0000] {logging_mixin.py:188} INFO - [2024-07-10T23:22:57.483+0000] {dagbag.py:545} INFO - Filling up the DagBag from /home/airflow/.local/lib/python3.12/site-packages/airflow/example_dags/example_task_group.py
[2024-07-10T23:22:57.493+0000] {processor.py:840} INFO - DAG(s) 'example_task_group' retrieved from /home/airflow/.local/lib/python3.12/site-packages/airflow/example_dags/example_task_group.py
[2024-07-10T23:22:57.522+0000] {logging_mixin.py:188} INFO - [2024-07-10T23:22:57.522+0000] {dag.py:3096} INFO - Sync 1 DAGs
[2024-07-10T23:22:57.549+0000] {logging_mixin.py:188} INFO - [2024-07-10T23:22:57.549+0000] {dag.py:3954} INFO - Setting next_dagrun for example_task_group to 2024-07-09 00:00:00+00:00, run_after=2024-07-10 00:00:00+00:00
[2024-07-10T23:22:57.573+0000] {processor.py:183} INFO - Processing /home/airflow/.local/lib/python3.12/site-packages/airflow/example_dags/example_task_group.py took 0.100 seconds
[2024-07-10T23:23:27.687+0000] {processor.py:161} INFO - Started process (PID=148) to work on /home/airflow/.local/lib/python3.12/site-packages/airflow/example_dags/example_task_group.py
[2024-07-10T23:23:27.688+0000] {processor.py:830} INFO - Processing file /home/airflow/.local/lib/python3.12/site-packages/airflow/example_dags/example_task_group.py for tasks to queue
[2024-07-10T23:23:27.690+0000] {logging_mixin.py:188} INFO - [2024-07-10T23:23:27.690+0000] {dagbag.py:545} INFO - Filling up the DagBag from /home/airflow/.local/lib/python3.12/site-packages/airflow/example_dags/example_task_group.py
[2024-07-10T23:23:27.698+0000] {processor.py:840} INFO - DAG(s) 'example_task_group' retrieved from /home/airflow/.local/lib/python3.12/site-packages/airflow/example_dags/example_task_group.py
[2024-07-10T23:23:27.722+0000] {logging_mixin.py:188} INFO - [2024-07-10T23:23:27.722+0000] {dag.py:3096} INFO - Sync 1 DAGs
[2024-07-10T23:23:27.751+0000] {logging_mixin.py:188} INFO - [2024-07-10T23:23:27.750+0000] {dag.py:3954} INFO - Setting next_dagrun for example_task_group to 2024-07-09 00:00:00+00:00, run_after=2024-07-10 00:00:00+00:00
[2024-07-10T23:23:27.774+0000] {processor.py:183} INFO - Processing /home/airflow/.local/lib/python3.12/site-packages/airflow/example_dags/example_task_group.py took 0.093 seconds
[2024-07-10T23:23:58.196+0000] {processor.py:161} INFO - Started process (PID=206) to work on /home/airflow/.local/lib/python3.12/site-packages/airflow/example_dags/example_task_group.py
[2024-07-10T23:23:58.197+0000] {processor.py:830} INFO - Processing file /home/airflow/.local/lib/python3.12/site-packages/airflow/example_dags/example_task_group.py for tasks to queue
[2024-07-10T23:23:58.199+0000] {logging_mixin.py:188} INFO - [2024-07-10T23:23:58.199+0000] {dagbag.py:545} INFO - Filling up the DagBag from /home/airflow/.local/lib/python3.12/site-packages/airflow/example_dags/example_task_group.py
[2024-07-10T23:23:58.207+0000] {processor.py:840} INFO - DAG(s) 'example_task_group' retrieved from /home/airflow/.local/lib/python3.12/site-packages/airflow/example_dags/example_task_group.py
[2024-07-10T23:23:58.232+0000] {logging_mixin.py:188} INFO - [2024-07-10T23:23:58.232+0000] {dag.py:3096} INFO - Sync 1 DAGs
[2024-07-10T23:23:58.258+0000] {logging_mixin.py:188} INFO - [2024-07-10T23:23:58.257+0000] {dag.py:3954} INFO - Setting next_dagrun for example_task_group to 2024-07-09 00:00:00+00:00, run_after=2024-07-10 00:00:00+00:00
[2024-07-10T23:23:58.280+0000] {processor.py:183} INFO - Processing /home/airflow/.local/lib/python3.12/site-packages/airflow/example_dags/example_task_group.py took 0.090 seconds
[2024-07-10T23:24:28.514+0000] {processor.py:161} INFO - Started process (PID=264) to work on /home/airflow/.local/lib/python3.12/site-packages/airflow/example_dags/example_task_group.py
[2024-07-10T23:24:28.515+0000] {processor.py:830} INFO - Processing file /home/airflow/.local/lib/python3.12/site-packages/airflow/example_dags/example_task_group.py for tasks to queue
[2024-07-10T23:24:28.517+0000] {logging_mixin.py:188} INFO - [2024-07-10T23:24:28.517+0000] {dagbag.py:545} INFO - Filling up the DagBag from /home/airflow/.local/lib/python3.12/site-packages/airflow/example_dags/example_task_group.py
[2024-07-10T23:24:28.525+0000] {processor.py:840} INFO - DAG(s) 'example_task_group' retrieved from /home/airflow/.local/lib/python3.12/site-packages/airflow/example_dags/example_task_group.py
[2024-07-10T23:24:28.550+0000] {logging_mixin.py:188} INFO - [2024-07-10T23:24:28.549+0000] {dag.py:3096} INFO - Sync 1 DAGs
[2024-07-10T23:24:28.575+0000] {logging_mixin.py:188} INFO - [2024-07-10T23:24:28.575+0000] {dag.py:3954} INFO - Setting next_dagrun for example_task_group to 2024-07-09 00:00:00+00:00, run_after=2024-07-10 00:00:00+00:00
[2024-07-10T23:24:28.600+0000] {processor.py:183} INFO - Processing /home/airflow/.local/lib/python3.12/site-packages/airflow/example_dags/example_task_group.py took 0.092 seconds
[2024-07-10T23:24:58.848+0000] {processor.py:161} INFO - Started process (PID=322) to work on /home/airflow/.local/lib/python3.12/site-packages/airflow/example_dags/example_task_group.py
[2024-07-10T23:24:58.849+0000] {processor.py:830} INFO - Processing file /home/airflow/.local/lib/python3.12/site-packages/airflow/example_dags/example_task_group.py for tasks to queue
[2024-07-10T23:24:58.850+0000] {logging_mixin.py:188} INFO - [2024-07-10T23:24:58.850+0000] {dagbag.py:545} INFO - Filling up the DagBag from /home/airflow/.local/lib/python3.12/site-packages/airflow/example_dags/example_task_group.py
[2024-07-10T23:24:58.859+0000] {processor.py:840} INFO - DAG(s) 'example_task_group' retrieved from /home/airflow/.local/lib/python3.12/site-packages/airflow/example_dags/example_task_group.py
[2024-07-10T23:24:58.883+0000] {logging_mixin.py:188} INFO - [2024-07-10T23:24:58.883+0000] {dag.py:3096} INFO - Sync 1 DAGs
[2024-07-10T23:24:58.919+0000] {logging_mixin.py:188} INFO - [2024-07-10T23:24:58.918+0000] {dag.py:3954} INFO - Setting next_dagrun for example_task_group to 2024-07-09 00:00:00+00:00, run_after=2024-07-10 00:00:00+00:00
[2024-07-10T23:24:58.954+0000] {processor.py:183} INFO - Processing /home/airflow/.local/lib/python3.12/site-packages/airflow/example_dags/example_task_group.py took 0.114 seconds
[2024-07-10T23:25:29.077+0000] {processor.py:161} INFO - Started process (PID=381) to work on /home/airflow/.local/lib/python3.12/site-packages/airflow/example_dags/example_task_group.py
[2024-07-10T23:25:29.080+0000] {processor.py:830} INFO - Processing file /home/airflow/.local/lib/python3.12/site-packages/airflow/example_dags/example_task_group.py for tasks to queue
[2024-07-10T23:25:29.082+0000] {logging_mixin.py:188} INFO - [2024-07-10T23:25:29.082+0000] {dagbag.py:545} INFO - Filling up the DagBag from /home/airflow/.local/lib/python3.12/site-packages/airflow/example_dags/example_task_group.py
[2024-07-10T23:25:29.091+0000] {processor.py:840} INFO - DAG(s) 'example_task_group' retrieved from /home/airflow/.local/lib/python3.12/site-packages/airflow/example_dags/example_task_group.py
[2024-07-10T23:25:29.118+0000] {logging_mixin.py:188} INFO - [2024-07-10T23:25:29.118+0000] {dag.py:3096} INFO - Sync 1 DAGs
[2024-07-10T23:25:29.145+0000] {logging_mixin.py:188} INFO - [2024-07-10T23:25:29.145+0000] {dag.py:3954} INFO - Setting next_dagrun for example_task_group to 2024-07-09 00:00:00+00:00, run_after=2024-07-10 00:00:00+00:00
[2024-07-10T23:25:29.171+0000] {processor.py:183} INFO - Processing /home/airflow/.local/lib/python3.12/site-packages/airflow/example_dags/example_task_group.py took 0.101 seconds
[2024-07-10T23:25:59.391+0000] {processor.py:161} INFO - Started process (PID=440) to work on /home/airflow/.local/lib/python3.12/site-packages/airflow/example_dags/example_task_group.py
[2024-07-10T23:25:59.392+0000] {processor.py:830} INFO - Processing file /home/airflow/.local/lib/python3.12/site-packages/airflow/example_dags/example_task_group.py for tasks to queue
[2024-07-10T23:25:59.393+0000] {logging_mixin.py:188} INFO - [2024-07-10T23:25:59.393+0000] {dagbag.py:545} INFO - Filling up the DagBag from /home/airflow/.local/lib/python3.12/site-packages/airflow/example_dags/example_task_group.py
[2024-07-10T23:25:59.402+0000] {processor.py:840} INFO - DAG(s) 'example_task_group' retrieved from /home/airflow/.local/lib/python3.12/site-packages/airflow/example_dags/example_task_group.py
[2024-07-10T23:25:59.426+0000] {logging_mixin.py:188} INFO - [2024-07-10T23:25:59.425+0000] {dag.py:3096} INFO - Sync 1 DAGs
[2024-07-10T23:25:59.452+0000] {logging_mixin.py:188} INFO - [2024-07-10T23:25:59.451+0000] {dag.py:3954} INFO - Setting next_dagrun for example_task_group to 2024-07-09 00:00:00+00:00, run_after=2024-07-10 00:00:00+00:00
[2024-07-10T23:25:59.476+0000] {processor.py:183} INFO - Processing /home/airflow/.local/lib/python3.12/site-packages/airflow/example_dags/example_task_group.py took 0.092 seconds
[2024-07-10T23:26:30.029+0000] {processor.py:161} INFO - Started process (PID=498) to work on /home/airflow/.local/lib/python3.12/site-packages/airflow/example_dags/example_task_group.py
[2024-07-10T23:26:30.041+0000] {processor.py:830} INFO - Processing file /home/airflow/.local/lib/python3.12/site-packages/airflow/example_dags/example_task_group.py for tasks to queue
[2024-07-10T23:26:30.045+0000] {logging_mixin.py:188} INFO - [2024-07-10T23:26:30.044+0000] {dagbag.py:545} INFO - Filling up the DagBag from /home/airflow/.local/lib/python3.12/site-packages/airflow/example_dags/example_task_group.py
[2024-07-10T23:26:30.057+0000] {processor.py:840} INFO - DAG(s) 'example_task_group' retrieved from /home/airflow/.local/lib/python3.12/site-packages/airflow/example_dags/example_task_group.py
[2024-07-10T23:26:30.095+0000] {logging_mixin.py:188} INFO - [2024-07-10T23:26:30.094+0000] {dag.py:3096} INFO - Sync 1 DAGs
[2024-07-10T23:26:30.132+0000] {logging_mixin.py:188} INFO - [2024-07-10T23:26:30.131+0000] {dag.py:3954} INFO - Setting next_dagrun for example_task_group to 2024-07-09 00:00:00+00:00, run_after=2024-07-10 00:00:00+00:00
[2024-07-10T23:26:30.169+0000] {processor.py:183} INFO - Processing /home/airflow/.local/lib/python3.12/site-packages/airflow/example_dags/example_task_group.py took 0.149 seconds
[2024-07-10T23:27:00.968+0000] {processor.py:161} INFO - Started process (PID=555) to work on /home/airflow/.local/lib/python3.12/site-packages/airflow/example_dags/example_task_group.py
[2024-07-10T23:27:00.969+0000] {processor.py:830} INFO - Processing file /home/airflow/.local/lib/python3.12/site-packages/airflow/example_dags/example_task_group.py for tasks to queue
[2024-07-10T23:27:00.973+0000] {logging_mixin.py:188} INFO - [2024-07-10T23:27:00.973+0000] {dagbag.py:545} INFO - Filling up the DagBag from /home/airflow/.local/lib/python3.12/site-packages/airflow/example_dags/example_task_group.py
[2024-07-10T23:27:00.983+0000] {processor.py:840} INFO - DAG(s) 'example_task_group' retrieved from /home/airflow/.local/lib/python3.12/site-packages/airflow/example_dags/example_task_group.py
[2024-07-10T23:27:01.016+0000] {logging_mixin.py:188} INFO - [2024-07-10T23:27:01.016+0000] {dag.py:3096} INFO - Sync 1 DAGs
[2024-07-10T23:27:01.052+0000] {logging_mixin.py:188} INFO - [2024-07-10T23:27:01.052+0000] {dag.py:3954} INFO - Setting next_dagrun for example_task_group to 2024-07-09 00:00:00+00:00, run_after=2024-07-10 00:00:00+00:00
[2024-07-10T23:27:01.074+0000] {processor.py:183} INFO - Processing /home/airflow/.local/lib/python3.12/site-packages/airflow/example_dags/example_task_group.py took 0.113 seconds
[2024-07-10T23:27:31.504+0000] {processor.py:161} INFO - Started process (PID=614) to work on /home/airflow/.local/lib/python3.12/site-packages/airflow/example_dags/example_task_group.py
[2024-07-10T23:27:31.514+0000] {processor.py:830} INFO - Processing file /home/airflow/.local/lib/python3.12/site-packages/airflow/example_dags/example_task_group.py for tasks to queue
[2024-07-10T23:27:31.516+0000] {logging_mixin.py:188} INFO - [2024-07-10T23:27:31.516+0000] {dagbag.py:545} INFO - Filling up the DagBag from /home/airflow/.local/lib/python3.12/site-packages/airflow/example_dags/example_task_group.py
[2024-07-10T23:27:31.527+0000] {processor.py:840} INFO - DAG(s) 'example_task_group' retrieved from /home/airflow/.local/lib/python3.12/site-packages/airflow/example_dags/example_task_group.py
[2024-07-10T23:27:31.557+0000] {logging_mixin.py:188} INFO - [2024-07-10T23:27:31.557+0000] {dag.py:3096} INFO - Sync 1 DAGs
[2024-07-10T23:27:31.587+0000] {logging_mixin.py:188} INFO - [2024-07-10T23:27:31.587+0000] {dag.py:3954} INFO - Setting next_dagrun for example_task_group to 2024-07-09 00:00:00+00:00, run_after=2024-07-10 00:00:00+00:00
[2024-07-10T23:27:31.619+0000] {processor.py:183} INFO - Processing /home/airflow/.local/lib/python3.12/site-packages/airflow/example_dags/example_task_group.py took 0.123 seconds
[2024-07-10T23:28:01.849+0000] {processor.py:161} INFO - Started process (PID=672) to work on /home/airflow/.local/lib/python3.12/site-packages/airflow/example_dags/example_task_group.py
[2024-07-10T23:28:01.849+0000] {processor.py:830} INFO - Processing file /home/airflow/.local/lib/python3.12/site-packages/airflow/example_dags/example_task_group.py for tasks to queue
[2024-07-10T23:28:01.851+0000] {logging_mixin.py:188} INFO - [2024-07-10T23:28:01.851+0000] {dagbag.py:545} INFO - Filling up the DagBag from /home/airflow/.local/lib/python3.12/site-packages/airflow/example_dags/example_task_group.py
[2024-07-10T23:28:01.859+0000] {processor.py:840} INFO - DAG(s) 'example_task_group' retrieved from /home/airflow/.local/lib/python3.12/site-packages/airflow/example_dags/example_task_group.py
[2024-07-10T23:28:01.884+0000] {logging_mixin.py:188} INFO - [2024-07-10T23:28:01.884+0000] {dag.py:3096} INFO - Sync 1 DAGs
[2024-07-10T23:28:01.914+0000] {logging_mixin.py:188} INFO - [2024-07-10T23:28:01.913+0000] {dag.py:3954} INFO - Setting next_dagrun for example_task_group to 2024-07-09 00:00:00+00:00, run_after=2024-07-10 00:00:00+00:00
[2024-07-10T23:28:01.938+0000] {processor.py:183} INFO - Processing /home/airflow/.local/lib/python3.12/site-packages/airflow/example_dags/example_task_group.py took 0.096 seconds
[2024-07-10T23:28:32.026+0000] {processor.py:161} INFO - Started process (PID=730) to work on /home/airflow/.local/lib/python3.12/site-packages/airflow/example_dags/example_task_group.py
[2024-07-10T23:28:32.028+0000] {processor.py:830} INFO - Processing file /home/airflow/.local/lib/python3.12/site-packages/airflow/example_dags/example_task_group.py for tasks to queue
[2024-07-10T23:28:32.029+0000] {logging_mixin.py:188} INFO - [2024-07-10T23:28:32.029+0000] {dagbag.py:545} INFO - Filling up the DagBag from /home/airflow/.local/lib/python3.12/site-packages/airflow/example_dags/example_task_group.py
[2024-07-10T23:28:32.037+0000] {processor.py:840} INFO - DAG(s) 'example_task_group' retrieved from /home/airflow/.local/lib/python3.12/site-packages/airflow/example_dags/example_task_group.py
[2024-07-10T23:28:32.062+0000] {logging_mixin.py:188} INFO - [2024-07-10T23:28:32.061+0000] {dag.py:3096} INFO - Sync 1 DAGs
[2024-07-10T23:28:32.087+0000] {logging_mixin.py:188} INFO - [2024-07-10T23:28:32.087+0000] {dag.py:3954} INFO - Setting next_dagrun for example_task_group to 2024-07-09 00:00:00+00:00, run_after=2024-07-10 00:00:00+00:00
[2024-07-10T23:28:32.110+0000] {processor.py:183} INFO - Processing /home/airflow/.local/lib/python3.12/site-packages/airflow/example_dags/example_task_group.py took 0.090 seconds
[2024-07-10T23:29:02.333+0000] {processor.py:161} INFO - Started process (PID=788) to work on /home/airflow/.local/lib/python3.12/site-packages/airflow/example_dags/example_task_group.py
[2024-07-10T23:29:02.335+0000] {processor.py:830} INFO - Processing file /home/airflow/.local/lib/python3.12/site-packages/airflow/example_dags/example_task_group.py for tasks to queue
[2024-07-10T23:29:02.337+0000] {logging_mixin.py:188} INFO - [2024-07-10T23:29:02.336+0000] {dagbag.py:545} INFO - Filling up the DagBag from /home/airflow/.local/lib/python3.12/site-packages/airflow/example_dags/example_task_group.py
[2024-07-10T23:29:02.344+0000] {processor.py:840} INFO - DAG(s) 'example_task_group' retrieved from /home/airflow/.local/lib/python3.12/site-packages/airflow/example_dags/example_task_group.py
[2024-07-10T23:29:02.369+0000] {logging_mixin.py:188} INFO - [2024-07-10T23:29:02.369+0000] {dag.py:3096} INFO - Sync 1 DAGs
[2024-07-10T23:29:02.396+0000] {logging_mixin.py:188} INFO - [2024-07-10T23:29:02.396+0000] {dag.py:3954} INFO - Setting next_dagrun for example_task_group to 2024-07-09 00:00:00+00:00, run_after=2024-07-10 00:00:00+00:00
[2024-07-10T23:29:02.431+0000] {processor.py:183} INFO - Processing /home/airflow/.local/lib/python3.12/site-packages/airflow/example_dags/example_task_group.py took 0.105 seconds
[2024-07-10T23:29:32.498+0000] {processor.py:161} INFO - Started process (PID=846) to work on /home/airflow/.local/lib/python3.12/site-packages/airflow/example_dags/example_task_group.py
[2024-07-10T23:29:32.499+0000] {processor.py:830} INFO - Processing file /home/airflow/.local/lib/python3.12/site-packages/airflow/example_dags/example_task_group.py for tasks to queue
[2024-07-10T23:29:32.500+0000] {logging_mixin.py:188} INFO - [2024-07-10T23:29:32.500+0000] {dagbag.py:545} INFO - Filling up the DagBag from /home/airflow/.local/lib/python3.12/site-packages/airflow/example_dags/example_task_group.py
[2024-07-10T23:29:32.508+0000] {processor.py:840} INFO - DAG(s) 'example_task_group' retrieved from /home/airflow/.local/lib/python3.12/site-packages/airflow/example_dags/example_task_group.py
[2024-07-10T23:29:32.532+0000] {logging_mixin.py:188} INFO - [2024-07-10T23:29:32.532+0000] {dag.py:3096} INFO - Sync 1 DAGs
[2024-07-10T23:29:32.558+0000] {logging_mixin.py:188} INFO - [2024-07-10T23:29:32.558+0000] {dag.py:3954} INFO - Setting next_dagrun for example_task_group to 2024-07-09 00:00:00+00:00, run_after=2024-07-10 00:00:00+00:00
[2024-07-10T23:29:32.581+0000] {processor.py:183} INFO - Processing /home/airflow/.local/lib/python3.12/site-packages/airflow/example_dags/example_task_group.py took 0.089 seconds
[2024-07-10T23:30:02.765+0000] {processor.py:161} INFO - Started process (PID=903) to work on /home/airflow/.local/lib/python3.12/site-packages/airflow/example_dags/example_task_group.py
[2024-07-10T23:30:02.767+0000] {processor.py:830} INFO - Processing file /home/airflow/.local/lib/python3.12/site-packages/airflow/example_dags/example_task_group.py for tasks to queue
[2024-07-10T23:30:02.768+0000] {logging_mixin.py:188} INFO - [2024-07-10T23:30:02.768+0000] {dagbag.py:545} INFO - Filling up the DagBag from /home/airflow/.local/lib/python3.12/site-packages/airflow/example_dags/example_task_group.py
[2024-07-10T23:30:02.777+0000] {processor.py:840} INFO - DAG(s) 'example_task_group' retrieved from /home/airflow/.local/lib/python3.12/site-packages/airflow/example_dags/example_task_group.py
[2024-07-10T23:30:02.803+0000] {logging_mixin.py:188} INFO - [2024-07-10T23:30:02.802+0000] {dag.py:3096} INFO - Sync 1 DAGs
[2024-07-10T23:30:02.831+0000] {logging_mixin.py:188} INFO - [2024-07-10T23:30:02.831+0000] {dag.py:3954} INFO - Setting next_dagrun for example_task_group to 2024-07-09 00:00:00+00:00, run_after=2024-07-10 00:00:00+00:00
[2024-07-10T23:30:02.859+0000] {processor.py:183} INFO - Processing /home/airflow/.local/lib/python3.12/site-packages/airflow/example_dags/example_task_group.py took 0.101 seconds
[2024-07-10T23:30:33.165+0000] {processor.py:161} INFO - Started process (PID=961) to work on /home/airflow/.local/lib/python3.12/site-packages/airflow/example_dags/example_task_group.py
[2024-07-10T23:30:33.166+0000] {processor.py:830} INFO - Processing file /home/airflow/.local/lib/python3.12/site-packages/airflow/example_dags/example_task_group.py for tasks to queue
[2024-07-10T23:30:33.168+0000] {logging_mixin.py:188} INFO - [2024-07-10T23:30:33.168+0000] {dagbag.py:545} INFO - Filling up the DagBag from /home/airflow/.local/lib/python3.12/site-packages/airflow/example_dags/example_task_group.py
[2024-07-10T23:30:33.176+0000] {processor.py:840} INFO - DAG(s) 'example_task_group' retrieved from /home/airflow/.local/lib/python3.12/site-packages/airflow/example_dags/example_task_group.py
[2024-07-10T23:30:33.203+0000] {logging_mixin.py:188} INFO - [2024-07-10T23:30:33.203+0000] {dag.py:3096} INFO - Sync 1 DAGs
[2024-07-10T23:30:33.231+0000] {logging_mixin.py:188} INFO - [2024-07-10T23:30:33.231+0000] {dag.py:3954} INFO - Setting next_dagrun for example_task_group to 2024-07-09 00:00:00+00:00, run_after=2024-07-10 00:00:00+00:00
[2024-07-10T23:30:33.256+0000] {processor.py:183} INFO - Processing /home/airflow/.local/lib/python3.12/site-packages/airflow/example_dags/example_task_group.py took 0.097 seconds
[2024-07-10T23:31:03.507+0000] {processor.py:161} INFO - Started process (PID=1019) to work on /home/airflow/.local/lib/python3.12/site-packages/airflow/example_dags/example_task_group.py
[2024-07-10T23:31:03.510+0000] {processor.py:830} INFO - Processing file /home/airflow/.local/lib/python3.12/site-packages/airflow/example_dags/example_task_group.py for tasks to queue
[2024-07-10T23:31:03.513+0000] {logging_mixin.py:188} INFO - [2024-07-10T23:31:03.513+0000] {dagbag.py:545} INFO - Filling up the DagBag from /home/airflow/.local/lib/python3.12/site-packages/airflow/example_dags/example_task_group.py
[2024-07-10T23:31:03.520+0000] {processor.py:840} INFO - DAG(s) 'example_task_group' retrieved from /home/airflow/.local/lib/python3.12/site-packages/airflow/example_dags/example_task_group.py
[2024-07-10T23:31:03.547+0000] {logging_mixin.py:188} INFO - [2024-07-10T23:31:03.547+0000] {dag.py:3096} INFO - Sync 1 DAGs
[2024-07-10T23:31:03.573+0000] {logging_mixin.py:188} INFO - [2024-07-10T23:31:03.572+0000] {dag.py:3954} INFO - Setting next_dagrun for example_task_group to 2024-07-09 00:00:00+00:00, run_after=2024-07-10 00:00:00+00:00
[2024-07-10T23:31:03.596+0000] {processor.py:183} INFO - Processing /home/airflow/.local/lib/python3.12/site-packages/airflow/example_dags/example_task_group.py took 0.096 seconds
[2024-07-10T23:31:33.714+0000] {processor.py:161} INFO - Started process (PID=1077) to work on /home/airflow/.local/lib/python3.12/site-packages/airflow/example_dags/example_task_group.py
[2024-07-10T23:31:33.716+0000] {processor.py:830} INFO - Processing file /home/airflow/.local/lib/python3.12/site-packages/airflow/example_dags/example_task_group.py for tasks to queue
[2024-07-10T23:31:33.718+0000] {logging_mixin.py:188} INFO - [2024-07-10T23:31:33.718+0000] {dagbag.py:545} INFO - Filling up the DagBag from /home/airflow/.local/lib/python3.12/site-packages/airflow/example_dags/example_task_group.py
[2024-07-10T23:31:33.725+0000] {processor.py:840} INFO - DAG(s) 'example_task_group' retrieved from /home/airflow/.local/lib/python3.12/site-packages/airflow/example_dags/example_task_group.py
[2024-07-10T23:31:33.752+0000] {logging_mixin.py:188} INFO - [2024-07-10T23:31:33.751+0000] {dag.py:3096} INFO - Sync 1 DAGs
[2024-07-10T23:31:33.778+0000] {logging_mixin.py:188} INFO - [2024-07-10T23:31:33.778+0000] {dag.py:3954} INFO - Setting next_dagrun for example_task_group to 2024-07-09 00:00:00+00:00, run_after=2024-07-10 00:00:00+00:00
[2024-07-10T23:31:33.804+0000] {processor.py:183} INFO - Processing /home/airflow/.local/lib/python3.12/site-packages/airflow/example_dags/example_task_group.py took 0.096 seconds
[2024-07-10T23:32:04.039+0000] {processor.py:161} INFO - Started process (PID=1135) to work on /home/airflow/.local/lib/python3.12/site-packages/airflow/example_dags/example_task_group.py
[2024-07-10T23:32:04.040+0000] {processor.py:830} INFO - Processing file /home/airflow/.local/lib/python3.12/site-packages/airflow/example_dags/example_task_group.py for tasks to queue
[2024-07-10T23:32:04.042+0000] {logging_mixin.py:188} INFO - [2024-07-10T23:32:04.042+0000] {dagbag.py:545} INFO - Filling up the DagBag from /home/airflow/.local/lib/python3.12/site-packages/airflow/example_dags/example_task_group.py
[2024-07-10T23:32:04.050+0000] {processor.py:840} INFO - DAG(s) 'example_task_group' retrieved from /home/airflow/.local/lib/python3.12/site-packages/airflow/example_dags/example_task_group.py
[2024-07-10T23:32:04.078+0000] {logging_mixin.py:188} INFO - [2024-07-10T23:32:04.077+0000] {dag.py:3096} INFO - Sync 1 DAGs
[2024-07-10T23:32:04.120+0000] {logging_mixin.py:188} INFO - [2024-07-10T23:32:04.120+0000] {dag.py:3954} INFO - Setting next_dagrun for example_task_group to 2024-07-09 00:00:00+00:00, run_after=2024-07-10 00:00:00+00:00
[2024-07-10T23:32:04.147+0000] {processor.py:183} INFO - Processing /home/airflow/.local/lib/python3.12/site-packages/airflow/example_dags/example_task_group.py took 0.117 seconds
[2024-07-10T23:32:34.281+0000] {processor.py:161} INFO - Started process (PID=1193) to work on /home/airflow/.local/lib/python3.12/site-packages/airflow/example_dags/example_task_group.py
[2024-07-10T23:32:34.282+0000] {processor.py:830} INFO - Processing file /home/airflow/.local/lib/python3.12/site-packages/airflow/example_dags/example_task_group.py for tasks to queue
[2024-07-10T23:32:34.284+0000] {logging_mixin.py:188} INFO - [2024-07-10T23:32:34.284+0000] {dagbag.py:545} INFO - Filling up the DagBag from /home/airflow/.local/lib/python3.12/site-packages/airflow/example_dags/example_task_group.py
[2024-07-10T23:32:34.294+0000] {processor.py:840} INFO - DAG(s) 'example_task_group' retrieved from /home/airflow/.local/lib/python3.12/site-packages/airflow/example_dags/example_task_group.py
[2024-07-10T23:32:34.320+0000] {logging_mixin.py:188} INFO - [2024-07-10T23:32:34.320+0000] {dag.py:3096} INFO - Sync 1 DAGs
[2024-07-10T23:32:34.355+0000] {logging_mixin.py:188} INFO - [2024-07-10T23:32:34.355+0000] {dag.py:3954} INFO - Setting next_dagrun for example_task_group to 2024-07-09 00:00:00+00:00, run_after=2024-07-10 00:00:00+00:00
[2024-07-10T23:32:34.391+0000] {processor.py:183} INFO - Processing /home/airflow/.local/lib/python3.12/site-packages/airflow/example_dags/example_task_group.py took 0.117 seconds
[2024-07-10T23:33:04.519+0000] {processor.py:161} INFO - Started process (PID=1251) to work on /home/airflow/.local/lib/python3.12/site-packages/airflow/example_dags/example_task_group.py
[2024-07-10T23:33:04.528+0000] {processor.py:830} INFO - Processing file /home/airflow/.local/lib/python3.12/site-packages/airflow/example_dags/example_task_group.py for tasks to queue
[2024-07-10T23:33:04.530+0000] {logging_mixin.py:188} INFO - [2024-07-10T23:33:04.530+0000] {dagbag.py:545} INFO - Filling up the DagBag from /home/airflow/.local/lib/python3.12/site-packages/airflow/example_dags/example_task_group.py
[2024-07-10T23:33:04.541+0000] {processor.py:840} INFO - DAG(s) 'example_task_group' retrieved from /home/airflow/.local/lib/python3.12/site-packages/airflow/example_dags/example_task_group.py
[2024-07-10T23:33:04.569+0000] {logging_mixin.py:188} INFO - [2024-07-10T23:33:04.569+0000] {dag.py:3096} INFO - Sync 1 DAGs
[2024-07-10T23:33:04.598+0000] {logging_mixin.py:188} INFO - [2024-07-10T23:33:04.598+0000] {dag.py:3954} INFO - Setting next_dagrun for example_task_group to 2024-07-09 00:00:00+00:00, run_after=2024-07-10 00:00:00+00:00
[2024-07-10T23:33:04.624+0000] {processor.py:183} INFO - Processing /home/airflow/.local/lib/python3.12/site-packages/airflow/example_dags/example_task_group.py took 0.113 seconds
[2024-07-10T23:33:34.817+0000] {processor.py:161} INFO - Started process (PID=1309) to work on /home/airflow/.local/lib/python3.12/site-packages/airflow/example_dags/example_task_group.py
[2024-07-10T23:33:34.825+0000] {processor.py:830} INFO - Processing file /home/airflow/.local/lib/python3.12/site-packages/airflow/example_dags/example_task_group.py for tasks to queue
[2024-07-10T23:33:34.827+0000] {logging_mixin.py:188} INFO - [2024-07-10T23:33:34.827+0000] {dagbag.py:545} INFO - Filling up the DagBag from /home/airflow/.local/lib/python3.12/site-packages/airflow/example_dags/example_task_group.py
[2024-07-10T23:33:34.835+0000] {processor.py:840} INFO - DAG(s) 'example_task_group' retrieved from /home/airflow/.local/lib/python3.12/site-packages/airflow/example_dags/example_task_group.py
[2024-07-10T23:33:34.861+0000] {logging_mixin.py:188} INFO - [2024-07-10T23:33:34.860+0000] {dag.py:3096} INFO - Sync 1 DAGs
[2024-07-10T23:33:34.885+0000] {logging_mixin.py:188} INFO - [2024-07-10T23:33:34.885+0000] {dag.py:3954} INFO - Setting next_dagrun for example_task_group to 2024-07-09 00:00:00+00:00, run_after=2024-07-10 00:00:00+00:00
[2024-07-10T23:33:34.908+0000] {processor.py:183} INFO - Processing /home/airflow/.local/lib/python3.12/site-packages/airflow/example_dags/example_task_group.py took 0.098 seconds
[2024-07-10T23:34:05.189+0000] {processor.py:161} INFO - Started process (PID=1367) to work on /home/airflow/.local/lib/python3.12/site-packages/airflow/example_dags/example_task_group.py
[2024-07-10T23:34:05.190+0000] {processor.py:830} INFO - Processing file /home/airflow/.local/lib/python3.12/site-packages/airflow/example_dags/example_task_group.py for tasks to queue
[2024-07-10T23:34:05.192+0000] {logging_mixin.py:188} INFO - [2024-07-10T23:34:05.191+0000] {dagbag.py:545} INFO - Filling up the DagBag from /home/airflow/.local/lib/python3.12/site-packages/airflow/example_dags/example_task_group.py
[2024-07-10T23:34:05.200+0000] {processor.py:840} INFO - DAG(s) 'example_task_group' retrieved from /home/airflow/.local/lib/python3.12/site-packages/airflow/example_dags/example_task_group.py
[2024-07-10T23:34:05.225+0000] {logging_mixin.py:188} INFO - [2024-07-10T23:34:05.225+0000] {dag.py:3096} INFO - Sync 1 DAGs
[2024-07-10T23:34:05.254+0000] {logging_mixin.py:188} INFO - [2024-07-10T23:34:05.254+0000] {dag.py:3954} INFO - Setting next_dagrun for example_task_group to 2024-07-09 00:00:00+00:00, run_after=2024-07-10 00:00:00+00:00
[2024-07-10T23:34:05.278+0000] {processor.py:183} INFO - Processing /home/airflow/.local/lib/python3.12/site-packages/airflow/example_dags/example_task_group.py took 0.097 seconds
[2024-07-10T23:34:35.642+0000] {processor.py:161} INFO - Started process (PID=1426) to work on /home/airflow/.local/lib/python3.12/site-packages/airflow/example_dags/example_task_group.py
[2024-07-10T23:34:35.643+0000] {processor.py:830} INFO - Processing file /home/airflow/.local/lib/python3.12/site-packages/airflow/example_dags/example_task_group.py for tasks to queue
[2024-07-10T23:34:35.645+0000] {logging_mixin.py:188} INFO - [2024-07-10T23:34:35.644+0000] {dagbag.py:545} INFO - Filling up the DagBag from /home/airflow/.local/lib/python3.12/site-packages/airflow/example_dags/example_task_group.py
[2024-07-10T23:34:35.653+0000] {processor.py:840} INFO - DAG(s) 'example_task_group' retrieved from /home/airflow/.local/lib/python3.12/site-packages/airflow/example_dags/example_task_group.py
[2024-07-10T23:34:35.682+0000] {logging_mixin.py:188} INFO - [2024-07-10T23:34:35.682+0000] {dag.py:3096} INFO - Sync 1 DAGs
[2024-07-10T23:34:35.709+0000] {logging_mixin.py:188} INFO - [2024-07-10T23:34:35.709+0000] {dag.py:3954} INFO - Setting next_dagrun for example_task_group to 2024-07-09 00:00:00+00:00, run_after=2024-07-10 00:00:00+00:00
[2024-07-10T23:34:35.730+0000] {processor.py:183} INFO - Processing /home/airflow/.local/lib/python3.12/site-packages/airflow/example_dags/example_task_group.py took 0.096 seconds
[2024-07-10T23:35:06.123+0000] {processor.py:161} INFO - Started process (PID=1484) to work on /home/airflow/.local/lib/python3.12/site-packages/airflow/example_dags/example_task_group.py
[2024-07-10T23:35:06.125+0000] {processor.py:830} INFO - Processing file /home/airflow/.local/lib/python3.12/site-packages/airflow/example_dags/example_task_group.py for tasks to queue
[2024-07-10T23:35:06.127+0000] {logging_mixin.py:188} INFO - [2024-07-10T23:35:06.126+0000] {dagbag.py:545} INFO - Filling up the DagBag from /home/airflow/.local/lib/python3.12/site-packages/airflow/example_dags/example_task_group.py
[2024-07-10T23:35:06.134+0000] {processor.py:840} INFO - DAG(s) 'example_task_group' retrieved from /home/airflow/.local/lib/python3.12/site-packages/airflow/example_dags/example_task_group.py
[2024-07-10T23:35:06.161+0000] {logging_mixin.py:188} INFO - [2024-07-10T23:35:06.161+0000] {dag.py:3096} INFO - Sync 1 DAGs
[2024-07-10T23:35:06.187+0000] {logging_mixin.py:188} INFO - [2024-07-10T23:35:06.187+0000] {dag.py:3954} INFO - Setting next_dagrun for example_task_group to 2024-07-09 00:00:00+00:00, run_after=2024-07-10 00:00:00+00:00
[2024-07-10T23:35:06.211+0000] {processor.py:183} INFO - Processing /home/airflow/.local/lib/python3.12/site-packages/airflow/example_dags/example_task_group.py took 0.093 seconds
[2024-07-10T23:35:36.546+0000] {processor.py:161} INFO - Started process (PID=1541) to work on /home/airflow/.local/lib/python3.12/site-packages/airflow/example_dags/example_task_group.py
[2024-07-10T23:35:36.547+0000] {processor.py:830} INFO - Processing file /home/airflow/.local/lib/python3.12/site-packages/airflow/example_dags/example_task_group.py for tasks to queue
[2024-07-10T23:35:36.549+0000] {logging_mixin.py:188} INFO - [2024-07-10T23:35:36.549+0000] {dagbag.py:545} INFO - Filling up the DagBag from /home/airflow/.local/lib/python3.12/site-packages/airflow/example_dags/example_task_group.py
[2024-07-10T23:35:36.557+0000] {processor.py:840} INFO - DAG(s) 'example_task_group' retrieved from /home/airflow/.local/lib/python3.12/site-packages/airflow/example_dags/example_task_group.py
[2024-07-10T23:35:36.581+0000] {logging_mixin.py:188} INFO - [2024-07-10T23:35:36.581+0000] {dag.py:3096} INFO - Sync 1 DAGs
[2024-07-10T23:35:36.608+0000] {logging_mixin.py:188} INFO - [2024-07-10T23:35:36.608+0000] {dag.py:3954} INFO - Setting next_dagrun for example_task_group to 2024-07-09 00:00:00+00:00, run_after=2024-07-10 00:00:00+00:00
[2024-07-10T23:35:36.632+0000] {processor.py:183} INFO - Processing /home/airflow/.local/lib/python3.12/site-packages/airflow/example_dags/example_task_group.py took 0.093 seconds
[2024-07-10T23:36:07.181+0000] {processor.py:161} INFO - Started process (PID=1599) to work on /home/airflow/.local/lib/python3.12/site-packages/airflow/example_dags/example_task_group.py
[2024-07-10T23:36:07.182+0000] {processor.py:830} INFO - Processing file /home/airflow/.local/lib/python3.12/site-packages/airflow/example_dags/example_task_group.py for tasks to queue
[2024-07-10T23:36:07.184+0000] {logging_mixin.py:188} INFO - [2024-07-10T23:36:07.184+0000] {dagbag.py:545} INFO - Filling up the DagBag from /home/airflow/.local/lib/python3.12/site-packages/airflow/example_dags/example_task_group.py
[2024-07-10T23:36:07.192+0000] {processor.py:840} INFO - DAG(s) 'example_task_group' retrieved from /home/airflow/.local/lib/python3.12/site-packages/airflow/example_dags/example_task_group.py
[2024-07-10T23:36:07.216+0000] {logging_mixin.py:188} INFO - [2024-07-10T23:36:07.216+0000] {dag.py:3096} INFO - Sync 1 DAGs
[2024-07-10T23:36:07.241+0000] {logging_mixin.py:188} INFO - [2024-07-10T23:36:07.240+0000] {dag.py:3954} INFO - Setting next_dagrun for example_task_group to 2024-07-09 00:00:00+00:00, run_after=2024-07-10 00:00:00+00:00
[2024-07-10T23:36:07.412+0000] {processor.py:183} INFO - Processing /home/airflow/.local/lib/python3.12/site-packages/airflow/example_dags/example_task_group.py took 0.237 seconds
[2024-07-10T23:36:37.978+0000] {processor.py:161} INFO - Started process (PID=1664) to work on /home/airflow/.local/lib/python3.12/site-packages/airflow/example_dags/example_task_group.py
[2024-07-10T23:36:37.979+0000] {processor.py:830} INFO - Processing file /home/airflow/.local/lib/python3.12/site-packages/airflow/example_dags/example_task_group.py for tasks to queue
[2024-07-10T23:36:37.981+0000] {logging_mixin.py:188} INFO - [2024-07-10T23:36:37.980+0000] {dagbag.py:545} INFO - Filling up the DagBag from /home/airflow/.local/lib/python3.12/site-packages/airflow/example_dags/example_task_group.py
[2024-07-10T23:36:37.989+0000] {processor.py:840} INFO - DAG(s) 'example_task_group' retrieved from /home/airflow/.local/lib/python3.12/site-packages/airflow/example_dags/example_task_group.py
[2024-07-10T23:36:38.014+0000] {logging_mixin.py:188} INFO - [2024-07-10T23:36:38.013+0000] {dag.py:3096} INFO - Sync 1 DAGs
[2024-07-10T23:36:38.041+0000] {logging_mixin.py:188} INFO - [2024-07-10T23:36:38.040+0000] {dag.py:3954} INFO - Setting next_dagrun for example_task_group to 2024-07-09 00:00:00+00:00, run_after=2024-07-10 00:00:00+00:00
[2024-07-10T23:36:38.063+0000] {processor.py:183} INFO - Processing /home/airflow/.local/lib/python3.12/site-packages/airflow/example_dags/example_task_group.py took 0.092 seconds
[2024-07-10T23:37:08.644+0000] {processor.py:161} INFO - Started process (PID=1722) to work on /home/airflow/.local/lib/python3.12/site-packages/airflow/example_dags/example_task_group.py
[2024-07-10T23:37:08.646+0000] {processor.py:830} INFO - Processing file /home/airflow/.local/lib/python3.12/site-packages/airflow/example_dags/example_task_group.py for tasks to queue
[2024-07-10T23:37:08.648+0000] {logging_mixin.py:188} INFO - [2024-07-10T23:37:08.647+0000] {dagbag.py:545} INFO - Filling up the DagBag from /home/airflow/.local/lib/python3.12/site-packages/airflow/example_dags/example_task_group.py
[2024-07-10T23:37:08.655+0000] {processor.py:840} INFO - DAG(s) 'example_task_group' retrieved from /home/airflow/.local/lib/python3.12/site-packages/airflow/example_dags/example_task_group.py
[2024-07-10T23:37:08.683+0000] {logging_mixin.py:188} INFO - [2024-07-10T23:37:08.682+0000] {dag.py:3096} INFO - Sync 1 DAGs
[2024-07-10T23:37:08.709+0000] {logging_mixin.py:188} INFO - [2024-07-10T23:37:08.709+0000] {dag.py:3954} INFO - Setting next_dagrun for example_task_group to 2024-07-09 00:00:00+00:00, run_after=2024-07-10 00:00:00+00:00
[2024-07-10T23:37:08.732+0000] {processor.py:183} INFO - Processing /home/airflow/.local/lib/python3.12/site-packages/airflow/example_dags/example_task_group.py took 0.095 seconds
[2024-07-10T23:37:39.471+0000] {processor.py:161} INFO - Started process (PID=1780) to work on /home/airflow/.local/lib/python3.12/site-packages/airflow/example_dags/example_task_group.py
[2024-07-10T23:37:39.472+0000] {processor.py:830} INFO - Processing file /home/airflow/.local/lib/python3.12/site-packages/airflow/example_dags/example_task_group.py for tasks to queue
[2024-07-10T23:37:39.474+0000] {logging_mixin.py:188} INFO - [2024-07-10T23:37:39.473+0000] {dagbag.py:545} INFO - Filling up the DagBag from /home/airflow/.local/lib/python3.12/site-packages/airflow/example_dags/example_task_group.py
[2024-07-10T23:37:39.482+0000] {processor.py:840} INFO - DAG(s) 'example_task_group' retrieved from /home/airflow/.local/lib/python3.12/site-packages/airflow/example_dags/example_task_group.py
[2024-07-10T23:37:39.507+0000] {logging_mixin.py:188} INFO - [2024-07-10T23:37:39.507+0000] {dag.py:3096} INFO - Sync 1 DAGs
[2024-07-10T23:37:39.535+0000] {logging_mixin.py:188} INFO - [2024-07-10T23:37:39.535+0000] {dag.py:3954} INFO - Setting next_dagrun for example_task_group to 2024-07-09 00:00:00+00:00, run_after=2024-07-10 00:00:00+00:00
[2024-07-10T23:37:39.559+0000] {processor.py:183} INFO - Processing /home/airflow/.local/lib/python3.12/site-packages/airflow/example_dags/example_task_group.py took 0.094 seconds
[2024-07-10T23:38:10.042+0000] {processor.py:161} INFO - Started process (PID=1838) to work on /home/airflow/.local/lib/python3.12/site-packages/airflow/example_dags/example_task_group.py
[2024-07-10T23:38:10.043+0000] {processor.py:830} INFO - Processing file /home/airflow/.local/lib/python3.12/site-packages/airflow/example_dags/example_task_group.py for tasks to queue
[2024-07-10T23:38:10.045+0000] {logging_mixin.py:188} INFO - [2024-07-10T23:38:10.045+0000] {dagbag.py:545} INFO - Filling up the DagBag from /home/airflow/.local/lib/python3.12/site-packages/airflow/example_dags/example_task_group.py
[2024-07-10T23:38:10.054+0000] {processor.py:840} INFO - DAG(s) 'example_task_group' retrieved from /home/airflow/.local/lib/python3.12/site-packages/airflow/example_dags/example_task_group.py
[2024-07-10T23:38:10.080+0000] {logging_mixin.py:188} INFO - [2024-07-10T23:38:10.080+0000] {dag.py:3096} INFO - Sync 1 DAGs
[2024-07-10T23:38:10.107+0000] {logging_mixin.py:188} INFO - [2024-07-10T23:38:10.107+0000] {dag.py:3954} INFO - Setting next_dagrun for example_task_group to 2024-07-09 00:00:00+00:00, run_after=2024-07-10 00:00:00+00:00
[2024-07-10T23:38:10.132+0000] {processor.py:183} INFO - Processing /home/airflow/.local/lib/python3.12/site-packages/airflow/example_dags/example_task_group.py took 0.096 seconds
[2024-07-10T23:38:40.886+0000] {processor.py:161} INFO - Started process (PID=1896) to work on /home/airflow/.local/lib/python3.12/site-packages/airflow/example_dags/example_task_group.py
[2024-07-10T23:38:40.890+0000] {processor.py:830} INFO - Processing file /home/airflow/.local/lib/python3.12/site-packages/airflow/example_dags/example_task_group.py for tasks to queue
[2024-07-10T23:38:40.892+0000] {logging_mixin.py:188} INFO - [2024-07-10T23:38:40.892+0000] {dagbag.py:545} INFO - Filling up the DagBag from /home/airflow/.local/lib/python3.12/site-packages/airflow/example_dags/example_task_group.py
[2024-07-10T23:38:40.901+0000] {processor.py:840} INFO - DAG(s) 'example_task_group' retrieved from /home/airflow/.local/lib/python3.12/site-packages/airflow/example_dags/example_task_group.py
[2024-07-10T23:38:40.925+0000] {logging_mixin.py:188} INFO - [2024-07-10T23:38:40.925+0000] {dag.py:3096} INFO - Sync 1 DAGs
[2024-07-10T23:38:41.123+0000] {logging_mixin.py:188} INFO - [2024-07-10T23:38:41.123+0000] {dag.py:3954} INFO - Setting next_dagrun for example_task_group to 2024-07-09 00:00:00+00:00, run_after=2024-07-10 00:00:00+00:00
[2024-07-10T23:38:41.145+0000] {processor.py:183} INFO - Processing /home/airflow/.local/lib/python3.12/site-packages/airflow/example_dags/example_task_group.py took 0.266 seconds
[2024-07-10T23:39:11.818+0000] {processor.py:161} INFO - Started process (PID=1954) to work on /home/airflow/.local/lib/python3.12/site-packages/airflow/example_dags/example_task_group.py
[2024-07-10T23:39:11.819+0000] {processor.py:830} INFO - Processing file /home/airflow/.local/lib/python3.12/site-packages/airflow/example_dags/example_task_group.py for tasks to queue
[2024-07-10T23:39:11.821+0000] {logging_mixin.py:188} INFO - [2024-07-10T23:39:11.821+0000] {dagbag.py:545} INFO - Filling up the DagBag from /home/airflow/.local/lib/python3.12/site-packages/airflow/example_dags/example_task_group.py
[2024-07-10T23:39:11.829+0000] {processor.py:840} INFO - DAG(s) 'example_task_group' retrieved from /home/airflow/.local/lib/python3.12/site-packages/airflow/example_dags/example_task_group.py
[2024-07-10T23:39:11.854+0000] {logging_mixin.py:188} INFO - [2024-07-10T23:39:11.854+0000] {dag.py:3096} INFO - Sync 1 DAGs
[2024-07-10T23:39:11.879+0000] {logging_mixin.py:188} INFO - [2024-07-10T23:39:11.879+0000] {dag.py:3954} INFO - Setting next_dagrun for example_task_group to 2024-07-09 00:00:00+00:00, run_after=2024-07-10 00:00:00+00:00
[2024-07-10T23:39:11.904+0000] {processor.py:183} INFO - Processing /home/airflow/.local/lib/python3.12/site-packages/airflow/example_dags/example_task_group.py took 0.092 seconds
[2024-07-10T23:39:42.208+0000] {processor.py:161} INFO - Started process (PID=2013) to work on /home/airflow/.local/lib/python3.12/site-packages/airflow/example_dags/example_task_group.py
[2024-07-10T23:39:42.209+0000] {processor.py:830} INFO - Processing file /home/airflow/.local/lib/python3.12/site-packages/airflow/example_dags/example_task_group.py for tasks to queue
[2024-07-10T23:39:42.211+0000] {logging_mixin.py:188} INFO - [2024-07-10T23:39:42.211+0000] {dagbag.py:545} INFO - Filling up the DagBag from /home/airflow/.local/lib/python3.12/site-packages/airflow/example_dags/example_task_group.py
[2024-07-10T23:39:42.220+0000] {processor.py:840} INFO - DAG(s) 'example_task_group' retrieved from /home/airflow/.local/lib/python3.12/site-packages/airflow/example_dags/example_task_group.py
[2024-07-10T23:39:42.246+0000] {logging_mixin.py:188} INFO - [2024-07-10T23:39:42.246+0000] {dag.py:3096} INFO - Sync 1 DAGs
[2024-07-10T23:39:42.272+0000] {logging_mixin.py:188} INFO - [2024-07-10T23:39:42.272+0000] {dag.py:3954} INFO - Setting next_dagrun for example_task_group to 2024-07-09 00:00:00+00:00, run_after=2024-07-10 00:00:00+00:00
[2024-07-10T23:39:42.294+0000] {processor.py:183} INFO - Processing /home/airflow/.local/lib/python3.12/site-packages/airflow/example_dags/example_task_group.py took 0.093 seconds
[2024-07-10T23:40:12.403+0000] {processor.py:161} INFO - Started process (PID=2071) to work on /home/airflow/.local/lib/python3.12/site-packages/airflow/example_dags/example_task_group.py
[2024-07-10T23:40:12.404+0000] {processor.py:830} INFO - Processing file /home/airflow/.local/lib/python3.12/site-packages/airflow/example_dags/example_task_group.py for tasks to queue
[2024-07-10T23:40:12.406+0000] {logging_mixin.py:188} INFO - [2024-07-10T23:40:12.405+0000] {dagbag.py:545} INFO - Filling up the DagBag from /home/airflow/.local/lib/python3.12/site-packages/airflow/example_dags/example_task_group.py
[2024-07-10T23:40:12.414+0000] {processor.py:840} INFO - DAG(s) 'example_task_group' retrieved from /home/airflow/.local/lib/python3.12/site-packages/airflow/example_dags/example_task_group.py
[2024-07-10T23:40:12.441+0000] {logging_mixin.py:188} INFO - [2024-07-10T23:40:12.440+0000] {dag.py:3096} INFO - Sync 1 DAGs
[2024-07-10T23:40:12.467+0000] {logging_mixin.py:188} INFO - [2024-07-10T23:40:12.467+0000] {dag.py:3954} INFO - Setting next_dagrun for example_task_group to 2024-07-09 00:00:00+00:00, run_after=2024-07-10 00:00:00+00:00
[2024-07-10T23:40:12.491+0000] {processor.py:183} INFO - Processing /home/airflow/.local/lib/python3.12/site-packages/airflow/example_dags/example_task_group.py took 0.096 seconds
[2024-07-10T23:40:42.830+0000] {processor.py:161} INFO - Started process (PID=2129) to work on /home/airflow/.local/lib/python3.12/site-packages/airflow/example_dags/example_task_group.py
[2024-07-10T23:40:42.832+0000] {processor.py:830} INFO - Processing file /home/airflow/.local/lib/python3.12/site-packages/airflow/example_dags/example_task_group.py for tasks to queue
[2024-07-10T23:40:42.834+0000] {logging_mixin.py:188} INFO - [2024-07-10T23:40:42.833+0000] {dagbag.py:545} INFO - Filling up the DagBag from /home/airflow/.local/lib/python3.12/site-packages/airflow/example_dags/example_task_group.py
[2024-07-10T23:40:42.841+0000] {processor.py:840} INFO - DAG(s) 'example_task_group' retrieved from /home/airflow/.local/lib/python3.12/site-packages/airflow/example_dags/example_task_group.py
[2024-07-10T23:40:42.869+0000] {logging_mixin.py:188} INFO - [2024-07-10T23:40:42.868+0000] {dag.py:3096} INFO - Sync 1 DAGs
[2024-07-10T23:40:42.895+0000] {logging_mixin.py:188} INFO - [2024-07-10T23:40:42.894+0000] {dag.py:3954} INFO - Setting next_dagrun for example_task_group to 2024-07-09 00:00:00+00:00, run_after=2024-07-10 00:00:00+00:00
[2024-07-10T23:40:42.916+0000] {processor.py:183} INFO - Processing /home/airflow/.local/lib/python3.12/site-packages/airflow/example_dags/example_task_group.py took 0.094 seconds
[2024-07-10T23:41:13.169+0000] {processor.py:161} INFO - Started process (PID=2188) to work on /home/airflow/.local/lib/python3.12/site-packages/airflow/example_dags/example_task_group.py
[2024-07-10T23:41:13.170+0000] {processor.py:830} INFO - Processing file /home/airflow/.local/lib/python3.12/site-packages/airflow/example_dags/example_task_group.py for tasks to queue
[2024-07-10T23:41:13.172+0000] {logging_mixin.py:188} INFO - [2024-07-10T23:41:13.171+0000] {dagbag.py:545} INFO - Filling up the DagBag from /home/airflow/.local/lib/python3.12/site-packages/airflow/example_dags/example_task_group.py
[2024-07-10T23:41:13.179+0000] {processor.py:840} INFO - DAG(s) 'example_task_group' retrieved from /home/airflow/.local/lib/python3.12/site-packages/airflow/example_dags/example_task_group.py
[2024-07-10T23:41:13.204+0000] {logging_mixin.py:188} INFO - [2024-07-10T23:41:13.204+0000] {dag.py:3096} INFO - Sync 1 DAGs
[2024-07-10T23:41:13.229+0000] {logging_mixin.py:188} INFO - [2024-07-10T23:41:13.229+0000] {dag.py:3954} INFO - Setting next_dagrun for example_task_group to 2024-07-09 00:00:00+00:00, run_after=2024-07-10 00:00:00+00:00
[2024-07-10T23:41:13.253+0000] {processor.py:183} INFO - Processing /home/airflow/.local/lib/python3.12/site-packages/airflow/example_dags/example_task_group.py took 0.091 seconds
[2024-07-10T23:41:43.448+0000] {processor.py:161} INFO - Started process (PID=2247) to work on /home/airflow/.local/lib/python3.12/site-packages/airflow/example_dags/example_task_group.py
[2024-07-10T23:41:43.451+0000] {processor.py:830} INFO - Processing file /home/airflow/.local/lib/python3.12/site-packages/airflow/example_dags/example_task_group.py for tasks to queue
[2024-07-10T23:41:43.453+0000] {logging_mixin.py:188} INFO - [2024-07-10T23:41:43.452+0000] {dagbag.py:545} INFO - Filling up the DagBag from /home/airflow/.local/lib/python3.12/site-packages/airflow/example_dags/example_task_group.py
[2024-07-10T23:41:43.461+0000] {processor.py:840} INFO - DAG(s) 'example_task_group' retrieved from /home/airflow/.local/lib/python3.12/site-packages/airflow/example_dags/example_task_group.py
[2024-07-10T23:41:43.485+0000] {logging_mixin.py:188} INFO - [2024-07-10T23:41:43.485+0000] {dag.py:3096} INFO - Sync 1 DAGs
[2024-07-10T23:41:43.511+0000] {logging_mixin.py:188} INFO - [2024-07-10T23:41:43.511+0000] {dag.py:3954} INFO - Setting next_dagrun for example_task_group to 2024-07-09 00:00:00+00:00, run_after=2024-07-10 00:00:00+00:00
[2024-07-10T23:41:43.533+0000] {processor.py:183} INFO - Processing /home/airflow/.local/lib/python3.12/site-packages/airflow/example_dags/example_task_group.py took 0.092 seconds
[2024-07-10T23:42:13.717+0000] {processor.py:161} INFO - Started process (PID=2305) to work on /home/airflow/.local/lib/python3.12/site-packages/airflow/example_dags/example_task_group.py
[2024-07-10T23:42:13.718+0000] {processor.py:830} INFO - Processing file /home/airflow/.local/lib/python3.12/site-packages/airflow/example_dags/example_task_group.py for tasks to queue
[2024-07-10T23:42:13.720+0000] {logging_mixin.py:188} INFO - [2024-07-10T23:42:13.720+0000] {dagbag.py:545} INFO - Filling up the DagBag from /home/airflow/.local/lib/python3.12/site-packages/airflow/example_dags/example_task_group.py
[2024-07-10T23:42:13.728+0000] {processor.py:840} INFO - DAG(s) 'example_task_group' retrieved from /home/airflow/.local/lib/python3.12/site-packages/airflow/example_dags/example_task_group.py
[2024-07-10T23:42:13.753+0000] {logging_mixin.py:188} INFO - [2024-07-10T23:42:13.753+0000] {dag.py:3096} INFO - Sync 1 DAGs
[2024-07-10T23:42:13.780+0000] {logging_mixin.py:188} INFO - [2024-07-10T23:42:13.779+0000] {dag.py:3954} INFO - Setting next_dagrun for example_task_group to 2024-07-09 00:00:00+00:00, run_after=2024-07-10 00:00:00+00:00
[2024-07-10T23:42:13.806+0000] {processor.py:183} INFO - Processing /home/airflow/.local/lib/python3.12/site-packages/airflow/example_dags/example_task_group.py took 0.095 seconds
[2024-07-10T23:42:43.949+0000] {processor.py:161} INFO - Started process (PID=2363) to work on /home/airflow/.local/lib/python3.12/site-packages/airflow/example_dags/example_task_group.py
[2024-07-10T23:42:43.950+0000] {processor.py:830} INFO - Processing file /home/airflow/.local/lib/python3.12/site-packages/airflow/example_dags/example_task_group.py for tasks to queue
[2024-07-10T23:42:43.951+0000] {logging_mixin.py:188} INFO - [2024-07-10T23:42:43.951+0000] {dagbag.py:545} INFO - Filling up the DagBag from /home/airflow/.local/lib/python3.12/site-packages/airflow/example_dags/example_task_group.py
[2024-07-10T23:42:43.959+0000] {processor.py:840} INFO - DAG(s) 'example_task_group' retrieved from /home/airflow/.local/lib/python3.12/site-packages/airflow/example_dags/example_task_group.py
[2024-07-10T23:42:43.983+0000] {logging_mixin.py:188} INFO - [2024-07-10T23:42:43.983+0000] {dag.py:3096} INFO - Sync 1 DAGs
[2024-07-10T23:42:44.009+0000] {logging_mixin.py:188} INFO - [2024-07-10T23:42:44.009+0000] {dag.py:3954} INFO - Setting next_dagrun for example_task_group to 2024-07-09 00:00:00+00:00, run_after=2024-07-10 00:00:00+00:00
[2024-07-10T23:42:44.032+0000] {processor.py:183} INFO - Processing /home/airflow/.local/lib/python3.12/site-packages/airflow/example_dags/example_task_group.py took 0.089 seconds
[2024-07-10T23:43:14.291+0000] {processor.py:161} INFO - Started process (PID=2421) to work on /home/airflow/.local/lib/python3.12/site-packages/airflow/example_dags/example_task_group.py
[2024-07-10T23:43:14.293+0000] {processor.py:830} INFO - Processing file /home/airflow/.local/lib/python3.12/site-packages/airflow/example_dags/example_task_group.py for tasks to queue
[2024-07-10T23:43:14.294+0000] {logging_mixin.py:188} INFO - [2024-07-10T23:43:14.294+0000] {dagbag.py:545} INFO - Filling up the DagBag from /home/airflow/.local/lib/python3.12/site-packages/airflow/example_dags/example_task_group.py
[2024-07-10T23:43:14.303+0000] {processor.py:840} INFO - DAG(s) 'example_task_group' retrieved from /home/airflow/.local/lib/python3.12/site-packages/airflow/example_dags/example_task_group.py
[2024-07-10T23:43:14.329+0000] {logging_mixin.py:188} INFO - [2024-07-10T23:43:14.328+0000] {dag.py:3096} INFO - Sync 1 DAGs
[2024-07-10T23:43:14.354+0000] {logging_mixin.py:188} INFO - [2024-07-10T23:43:14.354+0000] {dag.py:3954} INFO - Setting next_dagrun for example_task_group to 2024-07-09 00:00:00+00:00, run_after=2024-07-10 00:00:00+00:00
[2024-07-10T23:43:14.378+0000] {processor.py:183} INFO - Processing /home/airflow/.local/lib/python3.12/site-packages/airflow/example_dags/example_task_group.py took 0.095 seconds
[2024-07-10T23:43:44.539+0000] {processor.py:161} INFO - Started process (PID=2479) to work on /home/airflow/.local/lib/python3.12/site-packages/airflow/example_dags/example_task_group.py
[2024-07-10T23:43:44.540+0000] {processor.py:830} INFO - Processing file /home/airflow/.local/lib/python3.12/site-packages/airflow/example_dags/example_task_group.py for tasks to queue
[2024-07-10T23:43:44.543+0000] {logging_mixin.py:188} INFO - [2024-07-10T23:43:44.542+0000] {dagbag.py:545} INFO - Filling up the DagBag from /home/airflow/.local/lib/python3.12/site-packages/airflow/example_dags/example_task_group.py
[2024-07-10T23:43:44.554+0000] {processor.py:840} INFO - DAG(s) 'example_task_group' retrieved from /home/airflow/.local/lib/python3.12/site-packages/airflow/example_dags/example_task_group.py
[2024-07-10T23:43:44.583+0000] {logging_mixin.py:188} INFO - [2024-07-10T23:43:44.583+0000] {dag.py:3096} INFO - Sync 1 DAGs
[2024-07-10T23:43:44.612+0000] {logging_mixin.py:188} INFO - [2024-07-10T23:43:44.611+0000] {dag.py:3954} INFO - Setting next_dagrun for example_task_group to 2024-07-09 00:00:00+00:00, run_after=2024-07-10 00:00:00+00:00
[2024-07-10T23:43:44.642+0000] {processor.py:183} INFO - Processing /home/airflow/.local/lib/python3.12/site-packages/airflow/example_dags/example_task_group.py took 0.110 seconds
[2024-07-10T23:44:15.069+0000] {processor.py:161} INFO - Started process (PID=2538) to work on /home/airflow/.local/lib/python3.12/site-packages/airflow/example_dags/example_task_group.py
[2024-07-10T23:44:15.072+0000] {processor.py:830} INFO - Processing file /home/airflow/.local/lib/python3.12/site-packages/airflow/example_dags/example_task_group.py for tasks to queue
[2024-07-10T23:44:15.076+0000] {logging_mixin.py:188} INFO - [2024-07-10T23:44:15.076+0000] {dagbag.py:545} INFO - Filling up the DagBag from /home/airflow/.local/lib/python3.12/site-packages/airflow/example_dags/example_task_group.py
[2024-07-10T23:44:15.085+0000] {processor.py:840} INFO - DAG(s) 'example_task_group' retrieved from /home/airflow/.local/lib/python3.12/site-packages/airflow/example_dags/example_task_group.py
[2024-07-10T23:44:15.113+0000] {logging_mixin.py:188} INFO - [2024-07-10T23:44:15.112+0000] {dag.py:3096} INFO - Sync 1 DAGs
[2024-07-10T23:44:15.145+0000] {logging_mixin.py:188} INFO - [2024-07-10T23:44:15.144+0000] {dag.py:3954} INFO - Setting next_dagrun for example_task_group to 2024-07-09 00:00:00+00:00, run_after=2024-07-10 00:00:00+00:00
[2024-07-10T23:44:15.167+0000] {processor.py:183} INFO - Processing /home/airflow/.local/lib/python3.12/site-packages/airflow/example_dags/example_task_group.py took 0.110 seconds
[2024-07-10T23:44:45.515+0000] {processor.py:161} INFO - Started process (PID=2596) to work on /home/airflow/.local/lib/python3.12/site-packages/airflow/example_dags/example_task_group.py
[2024-07-10T23:44:45.517+0000] {processor.py:830} INFO - Processing file /home/airflow/.local/lib/python3.12/site-packages/airflow/example_dags/example_task_group.py for tasks to queue
[2024-07-10T23:44:45.519+0000] {logging_mixin.py:188} INFO - [2024-07-10T23:44:45.518+0000] {dagbag.py:545} INFO - Filling up the DagBag from /home/airflow/.local/lib/python3.12/site-packages/airflow/example_dags/example_task_group.py
[2024-07-10T23:44:45.527+0000] {processor.py:840} INFO - DAG(s) 'example_task_group' retrieved from /home/airflow/.local/lib/python3.12/site-packages/airflow/example_dags/example_task_group.py
[2024-07-10T23:44:45.564+0000] {logging_mixin.py:188} INFO - [2024-07-10T23:44:45.562+0000] {dag.py:3096} INFO - Sync 1 DAGs
[2024-07-10T23:44:45.597+0000] {logging_mixin.py:188} INFO - [2024-07-10T23:44:45.597+0000] {dag.py:3954} INFO - Setting next_dagrun for example_task_group to 2024-07-09 00:00:00+00:00, run_after=2024-07-10 00:00:00+00:00
[2024-07-10T23:44:45.622+0000] {processor.py:183} INFO - Processing /home/airflow/.local/lib/python3.12/site-packages/airflow/example_dags/example_task_group.py took 0.115 seconds
[2024-07-10T23:45:16.327+0000] {processor.py:161} INFO - Started process (PID=2654) to work on /home/airflow/.local/lib/python3.12/site-packages/airflow/example_dags/example_task_group.py
[2024-07-10T23:45:16.328+0000] {processor.py:830} INFO - Processing file /home/airflow/.local/lib/python3.12/site-packages/airflow/example_dags/example_task_group.py for tasks to queue
[2024-07-10T23:45:16.330+0000] {logging_mixin.py:188} INFO - [2024-07-10T23:45:16.330+0000] {dagbag.py:545} INFO - Filling up the DagBag from /home/airflow/.local/lib/python3.12/site-packages/airflow/example_dags/example_task_group.py
[2024-07-10T23:45:16.340+0000] {processor.py:840} INFO - DAG(s) 'example_task_group' retrieved from /home/airflow/.local/lib/python3.12/site-packages/airflow/example_dags/example_task_group.py
[2024-07-10T23:45:16.367+0000] {logging_mixin.py:188} INFO - [2024-07-10T23:45:16.367+0000] {dag.py:3096} INFO - Sync 1 DAGs
[2024-07-10T23:45:16.396+0000] {logging_mixin.py:188} INFO - [2024-07-10T23:45:16.396+0000] {dag.py:3954} INFO - Setting next_dagrun for example_task_group to 2024-07-09 00:00:00+00:00, run_after=2024-07-10 00:00:00+00:00
[2024-07-10T23:45:16.424+0000] {processor.py:183} INFO - Processing /home/airflow/.local/lib/python3.12/site-packages/airflow/example_dags/example_task_group.py took 0.105 seconds
[2024-07-10T23:45:47.088+0000] {processor.py:161} INFO - Started process (PID=2712) to work on /home/airflow/.local/lib/python3.12/site-packages/airflow/example_dags/example_task_group.py
[2024-07-10T23:45:47.089+0000] {processor.py:830} INFO - Processing file /home/airflow/.local/lib/python3.12/site-packages/airflow/example_dags/example_task_group.py for tasks to queue
[2024-07-10T23:45:47.091+0000] {logging_mixin.py:188} INFO - [2024-07-10T23:45:47.091+0000] {dagbag.py:545} INFO - Filling up the DagBag from /home/airflow/.local/lib/python3.12/site-packages/airflow/example_dags/example_task_group.py
[2024-07-10T23:45:47.099+0000] {processor.py:840} INFO - DAG(s) 'example_task_group' retrieved from /home/airflow/.local/lib/python3.12/site-packages/airflow/example_dags/example_task_group.py
[2024-07-10T23:45:47.130+0000] {logging_mixin.py:188} INFO - [2024-07-10T23:45:47.130+0000] {dag.py:3096} INFO - Sync 1 DAGs
[2024-07-10T23:45:47.159+0000] {logging_mixin.py:188} INFO - [2024-07-10T23:45:47.159+0000] {dag.py:3954} INFO - Setting next_dagrun for example_task_group to 2024-07-09 00:00:00+00:00, run_after=2024-07-10 00:00:00+00:00
[2024-07-10T23:45:47.184+0000] {processor.py:183} INFO - Processing /home/airflow/.local/lib/python3.12/site-packages/airflow/example_dags/example_task_group.py took 0.105 seconds
[2024-07-10T23:46:17.525+0000] {processor.py:161} INFO - Started process (PID=2770) to work on /home/airflow/.local/lib/python3.12/site-packages/airflow/example_dags/example_task_group.py
[2024-07-10T23:46:17.526+0000] {processor.py:830} INFO - Processing file /home/airflow/.local/lib/python3.12/site-packages/airflow/example_dags/example_task_group.py for tasks to queue
[2024-07-10T23:46:17.528+0000] {logging_mixin.py:188} INFO - [2024-07-10T23:46:17.528+0000] {dagbag.py:545} INFO - Filling up the DagBag from /home/airflow/.local/lib/python3.12/site-packages/airflow/example_dags/example_task_group.py
[2024-07-10T23:46:17.537+0000] {processor.py:840} INFO - DAG(s) 'example_task_group' retrieved from /home/airflow/.local/lib/python3.12/site-packages/airflow/example_dags/example_task_group.py
[2024-07-10T23:46:17.565+0000] {logging_mixin.py:188} INFO - [2024-07-10T23:46:17.565+0000] {dag.py:3096} INFO - Sync 1 DAGs
[2024-07-10T23:46:17.595+0000] {logging_mixin.py:188} INFO - [2024-07-10T23:46:17.595+0000] {dag.py:3954} INFO - Setting next_dagrun for example_task_group to 2024-07-09 00:00:00+00:00, run_after=2024-07-10 00:00:00+00:00
[2024-07-10T23:46:17.620+0000] {processor.py:183} INFO - Processing /home/airflow/.local/lib/python3.12/site-packages/airflow/example_dags/example_task_group.py took 0.103 seconds
[2024-07-10T23:46:48.097+0000] {processor.py:161} INFO - Started process (PID=2828) to work on /home/airflow/.local/lib/python3.12/site-packages/airflow/example_dags/example_task_group.py
[2024-07-10T23:46:48.098+0000] {processor.py:830} INFO - Processing file /home/airflow/.local/lib/python3.12/site-packages/airflow/example_dags/example_task_group.py for tasks to queue
[2024-07-10T23:46:48.100+0000] {logging_mixin.py:188} INFO - [2024-07-10T23:46:48.100+0000] {dagbag.py:545} INFO - Filling up the DagBag from /home/airflow/.local/lib/python3.12/site-packages/airflow/example_dags/example_task_group.py
[2024-07-10T23:46:48.109+0000] {processor.py:840} INFO - DAG(s) 'example_task_group' retrieved from /home/airflow/.local/lib/python3.12/site-packages/airflow/example_dags/example_task_group.py
[2024-07-10T23:46:48.139+0000] {logging_mixin.py:188} INFO - [2024-07-10T23:46:48.139+0000] {dag.py:3096} INFO - Sync 1 DAGs
[2024-07-10T23:46:48.172+0000] {logging_mixin.py:188} INFO - [2024-07-10T23:46:48.171+0000] {dag.py:3954} INFO - Setting next_dagrun for example_task_group to 2024-07-09 00:00:00+00:00, run_after=2024-07-10 00:00:00+00:00
[2024-07-10T23:46:48.200+0000] {processor.py:183} INFO - Processing /home/airflow/.local/lib/python3.12/site-packages/airflow/example_dags/example_task_group.py took 0.110 seconds
[2024-07-10T23:47:18.372+0000] {processor.py:161} INFO - Started process (PID=2886) to work on /home/airflow/.local/lib/python3.12/site-packages/airflow/example_dags/example_task_group.py
[2024-07-10T23:47:18.373+0000] {processor.py:830} INFO - Processing file /home/airflow/.local/lib/python3.12/site-packages/airflow/example_dags/example_task_group.py for tasks to queue
[2024-07-10T23:47:18.375+0000] {logging_mixin.py:188} INFO - [2024-07-10T23:47:18.374+0000] {dagbag.py:545} INFO - Filling up the DagBag from /home/airflow/.local/lib/python3.12/site-packages/airflow/example_dags/example_task_group.py
[2024-07-10T23:47:18.382+0000] {processor.py:840} INFO - DAG(s) 'example_task_group' retrieved from /home/airflow/.local/lib/python3.12/site-packages/airflow/example_dags/example_task_group.py
[2024-07-10T23:47:18.406+0000] {logging_mixin.py:188} INFO - [2024-07-10T23:47:18.406+0000] {dag.py:3096} INFO - Sync 1 DAGs
[2024-07-10T23:47:18.433+0000] {logging_mixin.py:188} INFO - [2024-07-10T23:47:18.432+0000] {dag.py:3954} INFO - Setting next_dagrun for example_task_group to 2024-07-09 00:00:00+00:00, run_after=2024-07-10 00:00:00+00:00
[2024-07-10T23:47:18.455+0000] {processor.py:183} INFO - Processing /home/airflow/.local/lib/python3.12/site-packages/airflow/example_dags/example_task_group.py took 0.090 seconds
[2024-07-10T23:47:48.646+0000] {processor.py:161} INFO - Started process (PID=2944) to work on /home/airflow/.local/lib/python3.12/site-packages/airflow/example_dags/example_task_group.py
[2024-07-10T23:47:48.647+0000] {processor.py:830} INFO - Processing file /home/airflow/.local/lib/python3.12/site-packages/airflow/example_dags/example_task_group.py for tasks to queue
[2024-07-10T23:47:48.649+0000] {logging_mixin.py:188} INFO - [2024-07-10T23:47:48.649+0000] {dagbag.py:545} INFO - Filling up the DagBag from /home/airflow/.local/lib/python3.12/site-packages/airflow/example_dags/example_task_group.py
[2024-07-10T23:47:48.657+0000] {processor.py:840} INFO - DAG(s) 'example_task_group' retrieved from /home/airflow/.local/lib/python3.12/site-packages/airflow/example_dags/example_task_group.py
[2024-07-10T23:47:48.683+0000] {logging_mixin.py:188} INFO - [2024-07-10T23:47:48.683+0000] {dag.py:3096} INFO - Sync 1 DAGs
[2024-07-10T23:47:48.710+0000] {logging_mixin.py:188} INFO - [2024-07-10T23:47:48.710+0000] {dag.py:3954} INFO - Setting next_dagrun for example_task_group to 2024-07-09 00:00:00+00:00, run_after=2024-07-10 00:00:00+00:00
[2024-07-10T23:47:48.734+0000] {processor.py:183} INFO - Processing /home/airflow/.local/lib/python3.12/site-packages/airflow/example_dags/example_task_group.py took 0.095 seconds
[2024-07-10T23:48:18.962+0000] {processor.py:161} INFO - Started process (PID=3002) to work on /home/airflow/.local/lib/python3.12/site-packages/airflow/example_dags/example_task_group.py
[2024-07-10T23:48:18.963+0000] {processor.py:830} INFO - Processing file /home/airflow/.local/lib/python3.12/site-packages/airflow/example_dags/example_task_group.py for tasks to queue
[2024-07-10T23:48:18.965+0000] {logging_mixin.py:188} INFO - [2024-07-10T23:48:18.965+0000] {dagbag.py:545} INFO - Filling up the DagBag from /home/airflow/.local/lib/python3.12/site-packages/airflow/example_dags/example_task_group.py
[2024-07-10T23:48:18.974+0000] {processor.py:840} INFO - DAG(s) 'example_task_group' retrieved from /home/airflow/.local/lib/python3.12/site-packages/airflow/example_dags/example_task_group.py
[2024-07-10T23:48:18.998+0000] {logging_mixin.py:188} INFO - [2024-07-10T23:48:18.998+0000] {dag.py:3096} INFO - Sync 1 DAGs
[2024-07-10T23:48:19.024+0000] {logging_mixin.py:188} INFO - [2024-07-10T23:48:19.023+0000] {dag.py:3954} INFO - Setting next_dagrun for example_task_group to 2024-07-09 00:00:00+00:00, run_after=2024-07-10 00:00:00+00:00
[2024-07-10T23:48:19.045+0000] {processor.py:183} INFO - Processing /home/airflow/.local/lib/python3.12/site-packages/airflow/example_dags/example_task_group.py took 0.090 seconds
[2024-07-10T23:48:49.248+0000] {processor.py:161} INFO - Started process (PID=3060) to work on /home/airflow/.local/lib/python3.12/site-packages/airflow/example_dags/example_task_group.py
[2024-07-10T23:48:49.249+0000] {processor.py:830} INFO - Processing file /home/airflow/.local/lib/python3.12/site-packages/airflow/example_dags/example_task_group.py for tasks to queue
[2024-07-10T23:48:49.251+0000] {logging_mixin.py:188} INFO - [2024-07-10T23:48:49.251+0000] {dagbag.py:545} INFO - Filling up the DagBag from /home/airflow/.local/lib/python3.12/site-packages/airflow/example_dags/example_task_group.py
[2024-07-10T23:48:49.270+0000] {processor.py:840} INFO - DAG(s) 'example_task_group' retrieved from /home/airflow/.local/lib/python3.12/site-packages/airflow/example_dags/example_task_group.py
[2024-07-10T23:48:49.300+0000] {logging_mixin.py:188} INFO - [2024-07-10T23:48:49.299+0000] {dag.py:3096} INFO - Sync 1 DAGs
[2024-07-10T23:48:49.329+0000] {logging_mixin.py:188} INFO - [2024-07-10T23:48:49.329+0000] {dag.py:3954} INFO - Setting next_dagrun for example_task_group to 2024-07-09 00:00:00+00:00, run_after=2024-07-10 00:00:00+00:00
[2024-07-10T23:48:49.355+0000] {processor.py:183} INFO - Processing /home/airflow/.local/lib/python3.12/site-packages/airflow/example_dags/example_task_group.py took 0.116 seconds
[2024-07-10T23:49:19.525+0000] {processor.py:161} INFO - Started process (PID=3118) to work on /home/airflow/.local/lib/python3.12/site-packages/airflow/example_dags/example_task_group.py
[2024-07-10T23:49:19.527+0000] {processor.py:830} INFO - Processing file /home/airflow/.local/lib/python3.12/site-packages/airflow/example_dags/example_task_group.py for tasks to queue
[2024-07-10T23:49:19.529+0000] {logging_mixin.py:188} INFO - [2024-07-10T23:49:19.528+0000] {dagbag.py:545} INFO - Filling up the DagBag from /home/airflow/.local/lib/python3.12/site-packages/airflow/example_dags/example_task_group.py
[2024-07-10T23:49:19.537+0000] {processor.py:840} INFO - DAG(s) 'example_task_group' retrieved from /home/airflow/.local/lib/python3.12/site-packages/airflow/example_dags/example_task_group.py
[2024-07-10T23:49:19.563+0000] {logging_mixin.py:188} INFO - [2024-07-10T23:49:19.562+0000] {dag.py:3096} INFO - Sync 1 DAGs
[2024-07-10T23:49:19.589+0000] {logging_mixin.py:188} INFO - [2024-07-10T23:49:19.589+0000] {dag.py:3954} INFO - Setting next_dagrun for example_task_group to 2024-07-09 00:00:00+00:00, run_after=2024-07-10 00:00:00+00:00
[2024-07-10T23:49:19.610+0000] {processor.py:183} INFO - Processing /home/airflow/.local/lib/python3.12/site-packages/airflow/example_dags/example_task_group.py took 0.091 seconds
[2024-07-10T23:49:49.824+0000] {processor.py:161} INFO - Started process (PID=3176) to work on /home/airflow/.local/lib/python3.12/site-packages/airflow/example_dags/example_task_group.py
[2024-07-10T23:49:49.826+0000] {processor.py:830} INFO - Processing file /home/airflow/.local/lib/python3.12/site-packages/airflow/example_dags/example_task_group.py for tasks to queue
[2024-07-10T23:49:49.829+0000] {logging_mixin.py:188} INFO - [2024-07-10T23:49:49.828+0000] {dagbag.py:545} INFO - Filling up the DagBag from /home/airflow/.local/lib/python3.12/site-packages/airflow/example_dags/example_task_group.py
[2024-07-10T23:49:49.839+0000] {processor.py:840} INFO - DAG(s) 'example_task_group' retrieved from /home/airflow/.local/lib/python3.12/site-packages/airflow/example_dags/example_task_group.py
[2024-07-10T23:49:49.872+0000] {logging_mixin.py:188} INFO - [2024-07-10T23:49:49.872+0000] {dag.py:3096} INFO - Sync 1 DAGs
[2024-07-10T23:49:49.909+0000] {logging_mixin.py:188} INFO - [2024-07-10T23:49:49.908+0000] {dag.py:3954} INFO - Setting next_dagrun for example_task_group to 2024-07-09 00:00:00+00:00, run_after=2024-07-10 00:00:00+00:00
[2024-07-10T23:49:49.946+0000] {processor.py:183} INFO - Processing /home/airflow/.local/lib/python3.12/site-packages/airflow/example_dags/example_task_group.py took 0.129 seconds
[2024-07-10T23:50:20.083+0000] {processor.py:161} INFO - Started process (PID=3234) to work on /home/airflow/.local/lib/python3.12/site-packages/airflow/example_dags/example_task_group.py
[2024-07-10T23:50:20.085+0000] {processor.py:830} INFO - Processing file /home/airflow/.local/lib/python3.12/site-packages/airflow/example_dags/example_task_group.py for tasks to queue
[2024-07-10T23:50:20.087+0000] {logging_mixin.py:188} INFO - [2024-07-10T23:50:20.086+0000] {dagbag.py:545} INFO - Filling up the DagBag from /home/airflow/.local/lib/python3.12/site-packages/airflow/example_dags/example_task_group.py
[2024-07-10T23:50:20.095+0000] {processor.py:840} INFO - DAG(s) 'example_task_group' retrieved from /home/airflow/.local/lib/python3.12/site-packages/airflow/example_dags/example_task_group.py
[2024-07-10T23:50:20.119+0000] {logging_mixin.py:188} INFO - [2024-07-10T23:50:20.119+0000] {dag.py:3096} INFO - Sync 1 DAGs
[2024-07-10T23:50:20.147+0000] {logging_mixin.py:188} INFO - [2024-07-10T23:50:20.147+0000] {dag.py:3954} INFO - Setting next_dagrun for example_task_group to 2024-07-09 00:00:00+00:00, run_after=2024-07-10 00:00:00+00:00
[2024-07-10T23:50:20.176+0000] {processor.py:183} INFO - Processing /home/airflow/.local/lib/python3.12/site-packages/airflow/example_dags/example_task_group.py took 0.099 seconds
[2024-07-10T23:50:50.497+0000] {processor.py:161} INFO - Started process (PID=3292) to work on /home/airflow/.local/lib/python3.12/site-packages/airflow/example_dags/example_task_group.py
[2024-07-10T23:50:50.499+0000] {processor.py:830} INFO - Processing file /home/airflow/.local/lib/python3.12/site-packages/airflow/example_dags/example_task_group.py for tasks to queue
[2024-07-10T23:50:50.500+0000] {logging_mixin.py:188} INFO - [2024-07-10T23:50:50.500+0000] {dagbag.py:545} INFO - Filling up the DagBag from /home/airflow/.local/lib/python3.12/site-packages/airflow/example_dags/example_task_group.py
[2024-07-10T23:50:50.508+0000] {processor.py:840} INFO - DAG(s) 'example_task_group' retrieved from /home/airflow/.local/lib/python3.12/site-packages/airflow/example_dags/example_task_group.py
[2024-07-10T23:50:50.534+0000] {logging_mixin.py:188} INFO - [2024-07-10T23:50:50.534+0000] {dag.py:3096} INFO - Sync 1 DAGs
[2024-07-10T23:50:50.561+0000] {logging_mixin.py:188} INFO - [2024-07-10T23:50:50.561+0000] {dag.py:3954} INFO - Setting next_dagrun for example_task_group to 2024-07-09 00:00:00+00:00, run_after=2024-07-10 00:00:00+00:00
[2024-07-10T23:50:50.585+0000] {processor.py:183} INFO - Processing /home/airflow/.local/lib/python3.12/site-packages/airflow/example_dags/example_task_group.py took 0.094 seconds
[2024-07-10T23:51:21.538+0000] {processor.py:161} INFO - Started process (PID=3349) to work on /home/airflow/.local/lib/python3.12/site-packages/airflow/example_dags/example_task_group.py
[2024-07-10T23:51:21.548+0000] {processor.py:830} INFO - Processing file /home/airflow/.local/lib/python3.12/site-packages/airflow/example_dags/example_task_group.py for tasks to queue
[2024-07-10T23:51:21.550+0000] {logging_mixin.py:188} INFO - [2024-07-10T23:51:21.550+0000] {dagbag.py:545} INFO - Filling up the DagBag from /home/airflow/.local/lib/python3.12/site-packages/airflow/example_dags/example_task_group.py
[2024-07-10T23:51:21.559+0000] {processor.py:840} INFO - DAG(s) 'example_task_group' retrieved from /home/airflow/.local/lib/python3.12/site-packages/airflow/example_dags/example_task_group.py
[2024-07-10T23:51:21.596+0000] {logging_mixin.py:188} INFO - [2024-07-10T23:51:21.596+0000] {dag.py:3096} INFO - Sync 1 DAGs
[2024-07-10T23:51:21.623+0000] {logging_mixin.py:188} INFO - [2024-07-10T23:51:21.623+0000] {dag.py:3954} INFO - Setting next_dagrun for example_task_group to 2024-07-09 00:00:00+00:00, run_after=2024-07-10 00:00:00+00:00
[2024-07-10T23:51:21.649+0000] {processor.py:183} INFO - Processing /home/airflow/.local/lib/python3.12/site-packages/airflow/example_dags/example_task_group.py took 0.119 seconds
[2024-07-10T23:51:51.837+0000] {processor.py:161} INFO - Started process (PID=3407) to work on /home/airflow/.local/lib/python3.12/site-packages/airflow/example_dags/example_task_group.py
[2024-07-10T23:51:51.838+0000] {processor.py:830} INFO - Processing file /home/airflow/.local/lib/python3.12/site-packages/airflow/example_dags/example_task_group.py for tasks to queue
[2024-07-10T23:51:51.840+0000] {logging_mixin.py:188} INFO - [2024-07-10T23:51:51.840+0000] {dagbag.py:545} INFO - Filling up the DagBag from /home/airflow/.local/lib/python3.12/site-packages/airflow/example_dags/example_task_group.py
[2024-07-10T23:51:51.849+0000] {processor.py:840} INFO - DAG(s) 'example_task_group' retrieved from /home/airflow/.local/lib/python3.12/site-packages/airflow/example_dags/example_task_group.py
[2024-07-10T23:51:51.877+0000] {logging_mixin.py:188} INFO - [2024-07-10T23:51:51.876+0000] {dag.py:3096} INFO - Sync 1 DAGs
[2024-07-10T23:51:51.907+0000] {logging_mixin.py:188} INFO - [2024-07-10T23:51:51.906+0000] {dag.py:3954} INFO - Setting next_dagrun for example_task_group to 2024-07-09 00:00:00+00:00, run_after=2024-07-10 00:00:00+00:00
[2024-07-10T23:51:51.929+0000] {processor.py:183} INFO - Processing /home/airflow/.local/lib/python3.12/site-packages/airflow/example_dags/example_task_group.py took 0.100 seconds
[2024-07-10T23:52:22.782+0000] {processor.py:161} INFO - Started process (PID=3465) to work on /home/airflow/.local/lib/python3.12/site-packages/airflow/example_dags/example_task_group.py
[2024-07-10T23:52:22.782+0000] {processor.py:830} INFO - Processing file /home/airflow/.local/lib/python3.12/site-packages/airflow/example_dags/example_task_group.py for tasks to queue
[2024-07-10T23:52:22.784+0000] {logging_mixin.py:188} INFO - [2024-07-10T23:52:22.784+0000] {dagbag.py:545} INFO - Filling up the DagBag from /home/airflow/.local/lib/python3.12/site-packages/airflow/example_dags/example_task_group.py
[2024-07-10T23:52:22.792+0000] {processor.py:840} INFO - DAG(s) 'example_task_group' retrieved from /home/airflow/.local/lib/python3.12/site-packages/airflow/example_dags/example_task_group.py
[2024-07-10T23:52:22.818+0000] {logging_mixin.py:188} INFO - [2024-07-10T23:52:22.817+0000] {dag.py:3096} INFO - Sync 1 DAGs
[2024-07-10T23:52:22.849+0000] {logging_mixin.py:188} INFO - [2024-07-10T23:52:22.849+0000] {dag.py:3954} INFO - Setting next_dagrun for example_task_group to 2024-07-09 00:00:00+00:00, run_after=2024-07-10 00:00:00+00:00
[2024-07-10T23:52:22.880+0000] {processor.py:183} INFO - Processing /home/airflow/.local/lib/python3.12/site-packages/airflow/example_dags/example_task_group.py took 0.105 seconds
[2024-07-10T23:52:53.576+0000] {processor.py:161} INFO - Started process (PID=3524) to work on /home/airflow/.local/lib/python3.12/site-packages/airflow/example_dags/example_task_group.py
[2024-07-10T23:52:53.577+0000] {processor.py:830} INFO - Processing file /home/airflow/.local/lib/python3.12/site-packages/airflow/example_dags/example_task_group.py for tasks to queue
[2024-07-10T23:52:53.580+0000] {logging_mixin.py:188} INFO - [2024-07-10T23:52:53.580+0000] {dagbag.py:545} INFO - Filling up the DagBag from /home/airflow/.local/lib/python3.12/site-packages/airflow/example_dags/example_task_group.py
[2024-07-10T23:52:53.590+0000] {processor.py:840} INFO - DAG(s) 'example_task_group' retrieved from /home/airflow/.local/lib/python3.12/site-packages/airflow/example_dags/example_task_group.py
[2024-07-10T23:52:53.621+0000] {logging_mixin.py:188} INFO - [2024-07-10T23:52:53.621+0000] {dag.py:3096} INFO - Sync 1 DAGs
[2024-07-10T23:52:53.656+0000] {logging_mixin.py:188} INFO - [2024-07-10T23:52:53.656+0000] {dag.py:3954} INFO - Setting next_dagrun for example_task_group to 2024-07-09 00:00:00+00:00, run_after=2024-07-10 00:00:00+00:00
[2024-07-10T23:52:53.684+0000] {processor.py:183} INFO - Processing /home/airflow/.local/lib/python3.12/site-packages/airflow/example_dags/example_task_group.py took 0.118 seconds
[2024-07-10T23:53:23.948+0000] {processor.py:161} INFO - Started process (PID=3581) to work on /home/airflow/.local/lib/python3.12/site-packages/airflow/example_dags/example_task_group.py
[2024-07-10T23:53:23.949+0000] {processor.py:830} INFO - Processing file /home/airflow/.local/lib/python3.12/site-packages/airflow/example_dags/example_task_group.py for tasks to queue
[2024-07-10T23:53:23.951+0000] {logging_mixin.py:188} INFO - [2024-07-10T23:53:23.951+0000] {dagbag.py:545} INFO - Filling up the DagBag from /home/airflow/.local/lib/python3.12/site-packages/airflow/example_dags/example_task_group.py
[2024-07-10T23:53:23.961+0000] {processor.py:840} INFO - DAG(s) 'example_task_group' retrieved from /home/airflow/.local/lib/python3.12/site-packages/airflow/example_dags/example_task_group.py
[2024-07-10T23:53:24.002+0000] {logging_mixin.py:188} INFO - [2024-07-10T23:53:24.001+0000] {dag.py:3096} INFO - Sync 1 DAGs
[2024-07-10T23:53:24.040+0000] {logging_mixin.py:188} INFO - [2024-07-10T23:53:24.040+0000] {dag.py:3954} INFO - Setting next_dagrun for example_task_group to 2024-07-09 00:00:00+00:00, run_after=2024-07-10 00:00:00+00:00
[2024-07-10T23:53:24.066+0000] {processor.py:183} INFO - Processing /home/airflow/.local/lib/python3.12/site-packages/airflow/example_dags/example_task_group.py took 0.128 seconds
[2024-07-10T23:53:54.371+0000] {processor.py:161} INFO - Started process (PID=3639) to work on /home/airflow/.local/lib/python3.12/site-packages/airflow/example_dags/example_task_group.py
[2024-07-10T23:53:54.372+0000] {processor.py:830} INFO - Processing file /home/airflow/.local/lib/python3.12/site-packages/airflow/example_dags/example_task_group.py for tasks to queue
[2024-07-10T23:53:54.374+0000] {logging_mixin.py:188} INFO - [2024-07-10T23:53:54.374+0000] {dagbag.py:545} INFO - Filling up the DagBag from /home/airflow/.local/lib/python3.12/site-packages/airflow/example_dags/example_task_group.py
[2024-07-10T23:53:54.385+0000] {processor.py:840} INFO - DAG(s) 'example_task_group' retrieved from /home/airflow/.local/lib/python3.12/site-packages/airflow/example_dags/example_task_group.py
[2024-07-10T23:53:54.422+0000] {logging_mixin.py:188} INFO - [2024-07-10T23:53:54.422+0000] {dag.py:3096} INFO - Sync 1 DAGs
[2024-07-10T23:53:54.466+0000] {logging_mixin.py:188} INFO - [2024-07-10T23:53:54.466+0000] {dag.py:3954} INFO - Setting next_dagrun for example_task_group to 2024-07-09 00:00:00+00:00, run_after=2024-07-10 00:00:00+00:00
[2024-07-10T23:53:54.501+0000] {processor.py:183} INFO - Processing /home/airflow/.local/lib/python3.12/site-packages/airflow/example_dags/example_task_group.py took 0.140 seconds
[2024-07-10T23:54:24.906+0000] {processor.py:161} INFO - Started process (PID=3697) to work on /home/airflow/.local/lib/python3.12/site-packages/airflow/example_dags/example_task_group.py
[2024-07-10T23:54:24.907+0000] {processor.py:830} INFO - Processing file /home/airflow/.local/lib/python3.12/site-packages/airflow/example_dags/example_task_group.py for tasks to queue
[2024-07-10T23:54:24.911+0000] {logging_mixin.py:188} INFO - [2024-07-10T23:54:24.909+0000] {dagbag.py:545} INFO - Filling up the DagBag from /home/airflow/.local/lib/python3.12/site-packages/airflow/example_dags/example_task_group.py
[2024-07-10T23:54:24.928+0000] {processor.py:840} INFO - DAG(s) 'example_task_group' retrieved from /home/airflow/.local/lib/python3.12/site-packages/airflow/example_dags/example_task_group.py
[2024-07-10T23:54:24.965+0000] {logging_mixin.py:188} INFO - [2024-07-10T23:54:24.964+0000] {dag.py:3096} INFO - Sync 1 DAGs
[2024-07-10T23:54:25.005+0000] {logging_mixin.py:188} INFO - [2024-07-10T23:54:25.005+0000] {dag.py:3954} INFO - Setting next_dagrun for example_task_group to 2024-07-09 00:00:00+00:00, run_after=2024-07-10 00:00:00+00:00
[2024-07-10T23:54:25.049+0000] {processor.py:183} INFO - Processing /home/airflow/.local/lib/python3.12/site-packages/airflow/example_dags/example_task_group.py took 0.152 seconds
[2024-07-10T23:54:55.352+0000] {processor.py:161} INFO - Started process (PID=3755) to work on /home/airflow/.local/lib/python3.12/site-packages/airflow/example_dags/example_task_group.py
[2024-07-10T23:54:55.356+0000] {processor.py:830} INFO - Processing file /home/airflow/.local/lib/python3.12/site-packages/airflow/example_dags/example_task_group.py for tasks to queue
[2024-07-10T23:54:55.358+0000] {logging_mixin.py:188} INFO - [2024-07-10T23:54:55.358+0000] {dagbag.py:545} INFO - Filling up the DagBag from /home/airflow/.local/lib/python3.12/site-packages/airflow/example_dags/example_task_group.py
[2024-07-10T23:54:55.380+0000] {processor.py:840} INFO - DAG(s) 'example_task_group' retrieved from /home/airflow/.local/lib/python3.12/site-packages/airflow/example_dags/example_task_group.py
[2024-07-10T23:54:55.443+0000] {logging_mixin.py:188} INFO - [2024-07-10T23:54:55.442+0000] {dag.py:3096} INFO - Sync 1 DAGs
[2024-07-10T23:54:55.507+0000] {logging_mixin.py:188} INFO - [2024-07-10T23:54:55.507+0000] {dag.py:3954} INFO - Setting next_dagrun for example_task_group to 2024-07-09 00:00:00+00:00, run_after=2024-07-10 00:00:00+00:00
[2024-07-10T23:54:55.550+0000] {processor.py:183} INFO - Processing /home/airflow/.local/lib/python3.12/site-packages/airflow/example_dags/example_task_group.py took 0.220 seconds
[2024-07-10T23:55:25.732+0000] {processor.py:161} INFO - Started process (PID=3813) to work on /home/airflow/.local/lib/python3.12/site-packages/airflow/example_dags/example_task_group.py
[2024-07-10T23:55:25.733+0000] {processor.py:830} INFO - Processing file /home/airflow/.local/lib/python3.12/site-packages/airflow/example_dags/example_task_group.py for tasks to queue
[2024-07-10T23:55:25.739+0000] {logging_mixin.py:188} INFO - [2024-07-10T23:55:25.738+0000] {dagbag.py:545} INFO - Filling up the DagBag from /home/airflow/.local/lib/python3.12/site-packages/airflow/example_dags/example_task_group.py
[2024-07-10T23:55:25.755+0000] {processor.py:840} INFO - DAG(s) 'example_task_group' retrieved from /home/airflow/.local/lib/python3.12/site-packages/airflow/example_dags/example_task_group.py
[2024-07-10T23:55:25.796+0000] {logging_mixin.py:188} INFO - [2024-07-10T23:55:25.795+0000] {dag.py:3096} INFO - Sync 1 DAGs
[2024-07-10T23:55:25.837+0000] {logging_mixin.py:188} INFO - [2024-07-10T23:55:25.836+0000] {dag.py:3954} INFO - Setting next_dagrun for example_task_group to 2024-07-09 00:00:00+00:00, run_after=2024-07-10 00:00:00+00:00
[2024-07-10T23:55:25.916+0000] {processor.py:183} INFO - Processing /home/airflow/.local/lib/python3.12/site-packages/airflow/example_dags/example_task_group.py took 0.193 seconds
[2024-07-10T23:55:56.721+0000] {processor.py:161} INFO - Started process (PID=3871) to work on /home/airflow/.local/lib/python3.12/site-packages/airflow/example_dags/example_task_group.py
[2024-07-10T23:55:56.735+0000] {processor.py:830} INFO - Processing file /home/airflow/.local/lib/python3.12/site-packages/airflow/example_dags/example_task_group.py for tasks to queue
[2024-07-10T23:55:56.738+0000] {logging_mixin.py:188} INFO - [2024-07-10T23:55:56.738+0000] {dagbag.py:545} INFO - Filling up the DagBag from /home/airflow/.local/lib/python3.12/site-packages/airflow/example_dags/example_task_group.py
[2024-07-10T23:55:56.756+0000] {processor.py:840} INFO - DAG(s) 'example_task_group' retrieved from /home/airflow/.local/lib/python3.12/site-packages/airflow/example_dags/example_task_group.py
[2024-07-10T23:55:56.823+0000] {logging_mixin.py:188} INFO - [2024-07-10T23:55:56.823+0000] {dag.py:3096} INFO - Sync 1 DAGs
[2024-07-10T23:55:56.890+0000] {logging_mixin.py:188} INFO - [2024-07-10T23:55:56.890+0000] {dag.py:3954} INFO - Setting next_dagrun for example_task_group to 2024-07-09 00:00:00+00:00, run_after=2024-07-10 00:00:00+00:00
[2024-07-10T23:55:56.936+0000] {processor.py:183} INFO - Processing /home/airflow/.local/lib/python3.12/site-packages/airflow/example_dags/example_task_group.py took 0.238 seconds
[2024-07-10T23:56:27.035+0000] {processor.py:161} INFO - Started process (PID=3930) to work on /home/airflow/.local/lib/python3.12/site-packages/airflow/example_dags/example_task_group.py
[2024-07-10T23:56:27.036+0000] {processor.py:830} INFO - Processing file /home/airflow/.local/lib/python3.12/site-packages/airflow/example_dags/example_task_group.py for tasks to queue
[2024-07-10T23:56:27.038+0000] {logging_mixin.py:188} INFO - [2024-07-10T23:56:27.038+0000] {dagbag.py:545} INFO - Filling up the DagBag from /home/airflow/.local/lib/python3.12/site-packages/airflow/example_dags/example_task_group.py
[2024-07-10T23:56:27.051+0000] {processor.py:840} INFO - DAG(s) 'example_task_group' retrieved from /home/airflow/.local/lib/python3.12/site-packages/airflow/example_dags/example_task_group.py
[2024-07-10T23:56:27.090+0000] {logging_mixin.py:188} INFO - [2024-07-10T23:56:27.089+0000] {dag.py:3096} INFO - Sync 1 DAGs
[2024-07-10T23:56:27.128+0000] {logging_mixin.py:188} INFO - [2024-07-10T23:56:27.127+0000] {dag.py:3954} INFO - Setting next_dagrun for example_task_group to 2024-07-09 00:00:00+00:00, run_after=2024-07-10 00:00:00+00:00
[2024-07-10T23:56:27.169+0000] {processor.py:183} INFO - Processing /home/airflow/.local/lib/python3.12/site-packages/airflow/example_dags/example_task_group.py took 0.152 seconds
[2024-07-10T23:56:57.433+0000] {processor.py:161} INFO - Started process (PID=3988) to work on /home/airflow/.local/lib/python3.12/site-packages/airflow/example_dags/example_task_group.py
[2024-07-10T23:56:57.436+0000] {processor.py:830} INFO - Processing file /home/airflow/.local/lib/python3.12/site-packages/airflow/example_dags/example_task_group.py for tasks to queue
[2024-07-10T23:56:57.438+0000] {logging_mixin.py:188} INFO - [2024-07-10T23:56:57.438+0000] {dagbag.py:545} INFO - Filling up the DagBag from /home/airflow/.local/lib/python3.12/site-packages/airflow/example_dags/example_task_group.py
[2024-07-10T23:56:57.456+0000] {processor.py:840} INFO - DAG(s) 'example_task_group' retrieved from /home/airflow/.local/lib/python3.12/site-packages/airflow/example_dags/example_task_group.py
[2024-07-10T23:56:57.494+0000] {logging_mixin.py:188} INFO - [2024-07-10T23:56:57.493+0000] {dag.py:3096} INFO - Sync 1 DAGs
[2024-07-10T23:56:57.539+0000] {logging_mixin.py:188} INFO - [2024-07-10T23:56:57.539+0000] {dag.py:3954} INFO - Setting next_dagrun for example_task_group to 2024-07-09 00:00:00+00:00, run_after=2024-07-10 00:00:00+00:00
[2024-07-10T23:56:57.579+0000] {processor.py:183} INFO - Processing /home/airflow/.local/lib/python3.12/site-packages/airflow/example_dags/example_task_group.py took 0.160 seconds
[2024-07-10T23:57:27.846+0000] {processor.py:161} INFO - Started process (PID=4046) to work on /home/airflow/.local/lib/python3.12/site-packages/airflow/example_dags/example_task_group.py
[2024-07-10T23:57:27.848+0000] {processor.py:830} INFO - Processing file /home/airflow/.local/lib/python3.12/site-packages/airflow/example_dags/example_task_group.py for tasks to queue
[2024-07-10T23:57:27.850+0000] {logging_mixin.py:188} INFO - [2024-07-10T23:57:27.850+0000] {dagbag.py:545} INFO - Filling up the DagBag from /home/airflow/.local/lib/python3.12/site-packages/airflow/example_dags/example_task_group.py
[2024-07-10T23:57:27.865+0000] {processor.py:840} INFO - DAG(s) 'example_task_group' retrieved from /home/airflow/.local/lib/python3.12/site-packages/airflow/example_dags/example_task_group.py
[2024-07-10T23:57:27.903+0000] {logging_mixin.py:188} INFO - [2024-07-10T23:57:27.903+0000] {dag.py:3096} INFO - Sync 1 DAGs
[2024-07-10T23:57:27.942+0000] {logging_mixin.py:188} INFO - [2024-07-10T23:57:27.942+0000] {dag.py:3954} INFO - Setting next_dagrun for example_task_group to 2024-07-09 00:00:00+00:00, run_after=2024-07-10 00:00:00+00:00
[2024-07-10T23:57:27.972+0000] {processor.py:183} INFO - Processing /home/airflow/.local/lib/python3.12/site-packages/airflow/example_dags/example_task_group.py took 0.136 seconds
[2024-07-10T23:57:58.315+0000] {processor.py:161} INFO - Started process (PID=4103) to work on /home/airflow/.local/lib/python3.12/site-packages/airflow/example_dags/example_task_group.py
[2024-07-10T23:57:58.317+0000] {processor.py:830} INFO - Processing file /home/airflow/.local/lib/python3.12/site-packages/airflow/example_dags/example_task_group.py for tasks to queue
[2024-07-10T23:57:58.319+0000] {logging_mixin.py:188} INFO - [2024-07-10T23:57:58.319+0000] {dagbag.py:545} INFO - Filling up the DagBag from /home/airflow/.local/lib/python3.12/site-packages/airflow/example_dags/example_task_group.py
[2024-07-10T23:57:58.329+0000] {processor.py:840} INFO - DAG(s) 'example_task_group' retrieved from /home/airflow/.local/lib/python3.12/site-packages/airflow/example_dags/example_task_group.py
[2024-07-10T23:57:58.367+0000] {logging_mixin.py:188} INFO - [2024-07-10T23:57:58.366+0000] {dag.py:3096} INFO - Sync 1 DAGs
[2024-07-10T23:57:58.402+0000] {logging_mixin.py:188} INFO - [2024-07-10T23:57:58.402+0000] {dag.py:3954} INFO - Setting next_dagrun for example_task_group to 2024-07-09 00:00:00+00:00, run_after=2024-07-10 00:00:00+00:00
[2024-07-10T23:57:58.436+0000] {processor.py:183} INFO - Processing /home/airflow/.local/lib/python3.12/site-packages/airflow/example_dags/example_task_group.py took 0.136 seconds
[2024-07-10T23:58:29.656+0000] {processor.py:161} INFO - Started process (PID=4161) to work on /home/airflow/.local/lib/python3.12/site-packages/airflow/example_dags/example_task_group.py
[2024-07-10T23:58:29.672+0000] {processor.py:830} INFO - Processing file /home/airflow/.local/lib/python3.12/site-packages/airflow/example_dags/example_task_group.py for tasks to queue
[2024-07-10T23:58:29.685+0000] {logging_mixin.py:188} INFO - [2024-07-10T23:58:29.678+0000] {dagbag.py:545} INFO - Filling up the DagBag from /home/airflow/.local/lib/python3.12/site-packages/airflow/example_dags/example_task_group.py
[2024-07-10T23:58:29.717+0000] {processor.py:840} INFO - DAG(s) 'example_task_group' retrieved from /home/airflow/.local/lib/python3.12/site-packages/airflow/example_dags/example_task_group.py
[2024-07-10T23:58:29.779+0000] {logging_mixin.py:188} INFO - [2024-07-10T23:58:29.779+0000] {dag.py:3096} INFO - Sync 1 DAGs
[2024-07-10T23:58:29.848+0000] {logging_mixin.py:188} INFO - [2024-07-10T23:58:29.847+0000] {dag.py:3954} INFO - Setting next_dagrun for example_task_group to 2024-07-09 00:00:00+00:00, run_after=2024-07-10 00:00:00+00:00
[2024-07-10T23:58:29.902+0000] {processor.py:183} INFO - Processing /home/airflow/.local/lib/python3.12/site-packages/airflow/example_dags/example_task_group.py took 0.288 seconds
