[2024-07-10T13:36:33.485+0000] {processor.py:161} INFO - Started process (PID=71) to work on /home/airflow/.local/lib/python3.12/site-packages/airflow/example_dags/example_sensors.py
[2024-07-10T13:36:33.486+0000] {processor.py:830} INFO - Processing file /home/airflow/.local/lib/python3.12/site-packages/airflow/example_dags/example_sensors.py for tasks to queue
[2024-07-10T13:36:33.490+0000] {logging_mixin.py:188} INFO - [2024-07-10T13:36:33.488+0000] {dagbag.py:545} INFO - Filling up the DagBag from /home/airflow/.local/lib/python3.12/site-packages/airflow/example_dags/example_sensors.py
[2024-07-10T13:36:33.503+0000] {processor.py:840} INFO - DAG(s) 'example_sensors' retrieved from /home/airflow/.local/lib/python3.12/site-packages/airflow/example_dags/example_sensors.py
[2024-07-10T13:36:33.675+0000] {logging_mixin.py:188} INFO - [2024-07-10T13:36:33.674+0000] {dag.py:3096} INFO - Sync 1 DAGs
[2024-07-10T13:36:33.689+0000] {logging_mixin.py:188} INFO - [2024-07-10T13:36:33.688+0000] {dag.py:3954} INFO - Setting next_dagrun for example_sensors to None, run_after=None
[2024-07-10T13:36:33.720+0000] {processor.py:183} INFO - Processing /home/airflow/.local/lib/python3.12/site-packages/airflow/example_dags/example_sensors.py took 0.244 seconds
[2024-07-10T23:22:29.337+0000] {processor.py:161} INFO - Started process (PID=63) to work on /home/airflow/.local/lib/python3.12/site-packages/airflow/example_dags/example_sensors.py
[2024-07-10T23:22:29.339+0000] {processor.py:830} INFO - Processing file /home/airflow/.local/lib/python3.12/site-packages/airflow/example_dags/example_sensors.py for tasks to queue
[2024-07-10T23:22:29.341+0000] {logging_mixin.py:188} INFO - [2024-07-10T23:22:29.341+0000] {dagbag.py:545} INFO - Filling up the DagBag from /home/airflow/.local/lib/python3.12/site-packages/airflow/example_dags/example_sensors.py
[2024-07-10T23:22:29.352+0000] {processor.py:840} INFO - DAG(s) 'example_sensors' retrieved from /home/airflow/.local/lib/python3.12/site-packages/airflow/example_dags/example_sensors.py
[2024-07-10T23:22:29.386+0000] {logging_mixin.py:188} INFO - [2024-07-10T23:22:29.385+0000] {dag.py:3096} INFO - Sync 1 DAGs
[2024-07-10T23:22:29.401+0000] {logging_mixin.py:188} INFO - [2024-07-10T23:22:29.400+0000] {dag.py:3954} INFO - Setting next_dagrun for example_sensors to None, run_after=None
[2024-07-10T23:22:29.431+0000] {processor.py:183} INFO - Processing /home/airflow/.local/lib/python3.12/site-packages/airflow/example_dags/example_sensors.py took 0.101 seconds
[2024-07-10T23:22:59.549+0000] {processor.py:161} INFO - Started process (PID=121) to work on /home/airflow/.local/lib/python3.12/site-packages/airflow/example_dags/example_sensors.py
[2024-07-10T23:22:59.554+0000] {processor.py:830} INFO - Processing file /home/airflow/.local/lib/python3.12/site-packages/airflow/example_dags/example_sensors.py for tasks to queue
[2024-07-10T23:22:59.556+0000] {logging_mixin.py:188} INFO - [2024-07-10T23:22:59.556+0000] {dagbag.py:545} INFO - Filling up the DagBag from /home/airflow/.local/lib/python3.12/site-packages/airflow/example_dags/example_sensors.py
[2024-07-10T23:22:59.567+0000] {processor.py:840} INFO - DAG(s) 'example_sensors' retrieved from /home/airflow/.local/lib/python3.12/site-packages/airflow/example_dags/example_sensors.py
[2024-07-10T23:22:59.600+0000] {logging_mixin.py:188} INFO - [2024-07-10T23:22:59.600+0000] {dag.py:3096} INFO - Sync 1 DAGs
[2024-07-10T23:22:59.617+0000] {logging_mixin.py:188} INFO - [2024-07-10T23:22:59.616+0000] {dag.py:3954} INFO - Setting next_dagrun for example_sensors to None, run_after=None
[2024-07-10T23:22:59.643+0000] {processor.py:183} INFO - Processing /home/airflow/.local/lib/python3.12/site-packages/airflow/example_dags/example_sensors.py took 0.101 seconds
[2024-07-10T23:23:30.546+0000] {processor.py:161} INFO - Started process (PID=179) to work on /home/airflow/.local/lib/python3.12/site-packages/airflow/example_dags/example_sensors.py
[2024-07-10T23:23:30.547+0000] {processor.py:830} INFO - Processing file /home/airflow/.local/lib/python3.12/site-packages/airflow/example_dags/example_sensors.py for tasks to queue
[2024-07-10T23:23:30.549+0000] {logging_mixin.py:188} INFO - [2024-07-10T23:23:30.549+0000] {dagbag.py:545} INFO - Filling up the DagBag from /home/airflow/.local/lib/python3.12/site-packages/airflow/example_dags/example_sensors.py
[2024-07-10T23:23:30.559+0000] {processor.py:840} INFO - DAG(s) 'example_sensors' retrieved from /home/airflow/.local/lib/python3.12/site-packages/airflow/example_dags/example_sensors.py
[2024-07-10T23:23:30.591+0000] {logging_mixin.py:188} INFO - [2024-07-10T23:23:30.591+0000] {dag.py:3096} INFO - Sync 1 DAGs
[2024-07-10T23:23:30.605+0000] {logging_mixin.py:188} INFO - [2024-07-10T23:23:30.605+0000] {dag.py:3954} INFO - Setting next_dagrun for example_sensors to None, run_after=None
[2024-07-10T23:23:30.630+0000] {processor.py:183} INFO - Processing /home/airflow/.local/lib/python3.12/site-packages/airflow/example_dags/example_sensors.py took 0.090 seconds
[2024-07-10T23:24:01.030+0000] {processor.py:161} INFO - Started process (PID=237) to work on /home/airflow/.local/lib/python3.12/site-packages/airflow/example_dags/example_sensors.py
[2024-07-10T23:24:01.030+0000] {processor.py:830} INFO - Processing file /home/airflow/.local/lib/python3.12/site-packages/airflow/example_dags/example_sensors.py for tasks to queue
[2024-07-10T23:24:01.032+0000] {logging_mixin.py:188} INFO - [2024-07-10T23:24:01.032+0000] {dagbag.py:545} INFO - Filling up the DagBag from /home/airflow/.local/lib/python3.12/site-packages/airflow/example_dags/example_sensors.py
[2024-07-10T23:24:01.042+0000] {processor.py:840} INFO - DAG(s) 'example_sensors' retrieved from /home/airflow/.local/lib/python3.12/site-packages/airflow/example_dags/example_sensors.py
[2024-07-10T23:24:01.073+0000] {logging_mixin.py:188} INFO - [2024-07-10T23:24:01.072+0000] {dag.py:3096} INFO - Sync 1 DAGs
[2024-07-10T23:24:01.088+0000] {logging_mixin.py:188} INFO - [2024-07-10T23:24:01.087+0000] {dag.py:3954} INFO - Setting next_dagrun for example_sensors to None, run_after=None
[2024-07-10T23:24:01.112+0000] {processor.py:183} INFO - Processing /home/airflow/.local/lib/python3.12/site-packages/airflow/example_dags/example_sensors.py took 0.088 seconds
[2024-07-10T23:24:31.344+0000] {processor.py:161} INFO - Started process (PID=295) to work on /home/airflow/.local/lib/python3.12/site-packages/airflow/example_dags/example_sensors.py
[2024-07-10T23:24:31.345+0000] {processor.py:830} INFO - Processing file /home/airflow/.local/lib/python3.12/site-packages/airflow/example_dags/example_sensors.py for tasks to queue
[2024-07-10T23:24:31.348+0000] {logging_mixin.py:188} INFO - [2024-07-10T23:24:31.348+0000] {dagbag.py:545} INFO - Filling up the DagBag from /home/airflow/.local/lib/python3.12/site-packages/airflow/example_dags/example_sensors.py
[2024-07-10T23:24:31.358+0000] {processor.py:840} INFO - DAG(s) 'example_sensors' retrieved from /home/airflow/.local/lib/python3.12/site-packages/airflow/example_dags/example_sensors.py
[2024-07-10T23:24:31.387+0000] {logging_mixin.py:188} INFO - [2024-07-10T23:24:31.387+0000] {dag.py:3096} INFO - Sync 1 DAGs
[2024-07-10T23:24:31.402+0000] {logging_mixin.py:188} INFO - [2024-07-10T23:24:31.402+0000] {dag.py:3954} INFO - Setting next_dagrun for example_sensors to None, run_after=None
[2024-07-10T23:24:31.424+0000] {processor.py:183} INFO - Processing /home/airflow/.local/lib/python3.12/site-packages/airflow/example_dags/example_sensors.py took 0.086 seconds
[2024-07-10T23:25:01.962+0000] {processor.py:161} INFO - Started process (PID=353) to work on /home/airflow/.local/lib/python3.12/site-packages/airflow/example_dags/example_sensors.py
[2024-07-10T23:25:01.963+0000] {processor.py:830} INFO - Processing file /home/airflow/.local/lib/python3.12/site-packages/airflow/example_dags/example_sensors.py for tasks to queue
[2024-07-10T23:25:01.964+0000] {logging_mixin.py:188} INFO - [2024-07-10T23:25:01.964+0000] {dagbag.py:545} INFO - Filling up the DagBag from /home/airflow/.local/lib/python3.12/site-packages/airflow/example_dags/example_sensors.py
[2024-07-10T23:25:01.975+0000] {processor.py:840} INFO - DAG(s) 'example_sensors' retrieved from /home/airflow/.local/lib/python3.12/site-packages/airflow/example_dags/example_sensors.py
[2024-07-10T23:25:02.007+0000] {logging_mixin.py:188} INFO - [2024-07-10T23:25:02.006+0000] {dag.py:3096} INFO - Sync 1 DAGs
[2024-07-10T23:25:02.022+0000] {logging_mixin.py:188} INFO - [2024-07-10T23:25:02.022+0000] {dag.py:3954} INFO - Setting next_dagrun for example_sensors to None, run_after=None
[2024-07-10T23:25:02.048+0000] {processor.py:183} INFO - Processing /home/airflow/.local/lib/python3.12/site-packages/airflow/example_dags/example_sensors.py took 0.094 seconds
[2024-07-10T23:25:32.419+0000] {processor.py:161} INFO - Started process (PID=412) to work on /home/airflow/.local/lib/python3.12/site-packages/airflow/example_dags/example_sensors.py
[2024-07-10T23:25:32.421+0000] {processor.py:830} INFO - Processing file /home/airflow/.local/lib/python3.12/site-packages/airflow/example_dags/example_sensors.py for tasks to queue
[2024-07-10T23:25:32.424+0000] {logging_mixin.py:188} INFO - [2024-07-10T23:25:32.423+0000] {dagbag.py:545} INFO - Filling up the DagBag from /home/airflow/.local/lib/python3.12/site-packages/airflow/example_dags/example_sensors.py
[2024-07-10T23:25:32.434+0000] {processor.py:840} INFO - DAG(s) 'example_sensors' retrieved from /home/airflow/.local/lib/python3.12/site-packages/airflow/example_dags/example_sensors.py
[2024-07-10T23:25:32.468+0000] {logging_mixin.py:188} INFO - [2024-07-10T23:25:32.467+0000] {dag.py:3096} INFO - Sync 1 DAGs
[2024-07-10T23:25:32.485+0000] {logging_mixin.py:188} INFO - [2024-07-10T23:25:32.485+0000] {dag.py:3954} INFO - Setting next_dagrun for example_sensors to None, run_after=None
[2024-07-10T23:25:32.511+0000] {processor.py:183} INFO - Processing /home/airflow/.local/lib/python3.12/site-packages/airflow/example_dags/example_sensors.py took 0.098 seconds
[2024-07-10T23:26:02.613+0000] {processor.py:161} INFO - Started process (PID=471) to work on /home/airflow/.local/lib/python3.12/site-packages/airflow/example_dags/example_sensors.py
[2024-07-10T23:26:02.614+0000] {processor.py:830} INFO - Processing file /home/airflow/.local/lib/python3.12/site-packages/airflow/example_dags/example_sensors.py for tasks to queue
[2024-07-10T23:26:02.616+0000] {logging_mixin.py:188} INFO - [2024-07-10T23:26:02.616+0000] {dagbag.py:545} INFO - Filling up the DagBag from /home/airflow/.local/lib/python3.12/site-packages/airflow/example_dags/example_sensors.py
[2024-07-10T23:26:02.625+0000] {processor.py:840} INFO - DAG(s) 'example_sensors' retrieved from /home/airflow/.local/lib/python3.12/site-packages/airflow/example_dags/example_sensors.py
[2024-07-10T23:26:02.657+0000] {logging_mixin.py:188} INFO - [2024-07-10T23:26:02.657+0000] {dag.py:3096} INFO - Sync 1 DAGs
[2024-07-10T23:26:02.674+0000] {logging_mixin.py:188} INFO - [2024-07-10T23:26:02.673+0000] {dag.py:3954} INFO - Setting next_dagrun for example_sensors to None, run_after=None
[2024-07-10T23:26:02.698+0000] {processor.py:183} INFO - Processing /home/airflow/.local/lib/python3.12/site-packages/airflow/example_dags/example_sensors.py took 0.091 seconds
[2024-07-10T23:26:32.990+0000] {processor.py:161} INFO - Started process (PID=529) to work on /home/airflow/.local/lib/python3.12/site-packages/airflow/example_dags/example_sensors.py
[2024-07-10T23:26:32.991+0000] {processor.py:830} INFO - Processing file /home/airflow/.local/lib/python3.12/site-packages/airflow/example_dags/example_sensors.py for tasks to queue
[2024-07-10T23:26:32.992+0000] {logging_mixin.py:188} INFO - [2024-07-10T23:26:32.992+0000] {dagbag.py:545} INFO - Filling up the DagBag from /home/airflow/.local/lib/python3.12/site-packages/airflow/example_dags/example_sensors.py
[2024-07-10T23:26:33.002+0000] {processor.py:840} INFO - DAG(s) 'example_sensors' retrieved from /home/airflow/.local/lib/python3.12/site-packages/airflow/example_dags/example_sensors.py
[2024-07-10T23:26:33.031+0000] {logging_mixin.py:188} INFO - [2024-07-10T23:26:33.031+0000] {dag.py:3096} INFO - Sync 1 DAGs
[2024-07-10T23:26:33.045+0000] {logging_mixin.py:188} INFO - [2024-07-10T23:26:33.045+0000] {dag.py:3954} INFO - Setting next_dagrun for example_sensors to None, run_after=None
[2024-07-10T23:26:33.068+0000] {processor.py:183} INFO - Processing /home/airflow/.local/lib/python3.12/site-packages/airflow/example_dags/example_sensors.py took 0.086 seconds
[2024-07-10T23:27:04.158+0000] {processor.py:161} INFO - Started process (PID=586) to work on /home/airflow/.local/lib/python3.12/site-packages/airflow/example_dags/example_sensors.py
[2024-07-10T23:27:04.159+0000] {processor.py:830} INFO - Processing file /home/airflow/.local/lib/python3.12/site-packages/airflow/example_dags/example_sensors.py for tasks to queue
[2024-07-10T23:27:04.161+0000] {logging_mixin.py:188} INFO - [2024-07-10T23:27:04.160+0000] {dagbag.py:545} INFO - Filling up the DagBag from /home/airflow/.local/lib/python3.12/site-packages/airflow/example_dags/example_sensors.py
[2024-07-10T23:27:04.171+0000] {processor.py:840} INFO - DAG(s) 'example_sensors' retrieved from /home/airflow/.local/lib/python3.12/site-packages/airflow/example_dags/example_sensors.py
[2024-07-10T23:27:04.202+0000] {logging_mixin.py:188} INFO - [2024-07-10T23:27:04.201+0000] {dag.py:3096} INFO - Sync 1 DAGs
[2024-07-10T23:27:04.217+0000] {logging_mixin.py:188} INFO - [2024-07-10T23:27:04.217+0000] {dag.py:3954} INFO - Setting next_dagrun for example_sensors to None, run_after=None
[2024-07-10T23:27:04.251+0000] {processor.py:183} INFO - Processing /home/airflow/.local/lib/python3.12/site-packages/airflow/example_dags/example_sensors.py took 0.100 seconds
[2024-07-10T23:27:34.689+0000] {processor.py:161} INFO - Started process (PID=645) to work on /home/airflow/.local/lib/python3.12/site-packages/airflow/example_dags/example_sensors.py
[2024-07-10T23:27:34.692+0000] {processor.py:830} INFO - Processing file /home/airflow/.local/lib/python3.12/site-packages/airflow/example_dags/example_sensors.py for tasks to queue
[2024-07-10T23:27:34.694+0000] {logging_mixin.py:188} INFO - [2024-07-10T23:27:34.694+0000] {dagbag.py:545} INFO - Filling up the DagBag from /home/airflow/.local/lib/python3.12/site-packages/airflow/example_dags/example_sensors.py
[2024-07-10T23:27:34.704+0000] {processor.py:840} INFO - DAG(s) 'example_sensors' retrieved from /home/airflow/.local/lib/python3.12/site-packages/airflow/example_dags/example_sensors.py
[2024-07-10T23:27:34.734+0000] {logging_mixin.py:188} INFO - [2024-07-10T23:27:34.734+0000] {dag.py:3096} INFO - Sync 1 DAGs
[2024-07-10T23:27:34.749+0000] {logging_mixin.py:188} INFO - [2024-07-10T23:27:34.749+0000] {dag.py:3954} INFO - Setting next_dagrun for example_sensors to None, run_after=None
[2024-07-10T23:27:34.771+0000] {processor.py:183} INFO - Processing /home/airflow/.local/lib/python3.12/site-packages/airflow/example_dags/example_sensors.py took 0.088 seconds
[2024-07-10T23:28:05.031+0000] {processor.py:161} INFO - Started process (PID=703) to work on /home/airflow/.local/lib/python3.12/site-packages/airflow/example_dags/example_sensors.py
[2024-07-10T23:28:05.033+0000] {processor.py:830} INFO - Processing file /home/airflow/.local/lib/python3.12/site-packages/airflow/example_dags/example_sensors.py for tasks to queue
[2024-07-10T23:28:05.035+0000] {logging_mixin.py:188} INFO - [2024-07-10T23:28:05.035+0000] {dagbag.py:545} INFO - Filling up the DagBag from /home/airflow/.local/lib/python3.12/site-packages/airflow/example_dags/example_sensors.py
[2024-07-10T23:28:05.045+0000] {processor.py:840} INFO - DAG(s) 'example_sensors' retrieved from /home/airflow/.local/lib/python3.12/site-packages/airflow/example_dags/example_sensors.py
[2024-07-10T23:28:05.077+0000] {logging_mixin.py:188} INFO - [2024-07-10T23:28:05.077+0000] {dag.py:3096} INFO - Sync 1 DAGs
[2024-07-10T23:28:05.092+0000] {logging_mixin.py:188} INFO - [2024-07-10T23:28:05.091+0000] {dag.py:3954} INFO - Setting next_dagrun for example_sensors to None, run_after=None
[2024-07-10T23:28:05.115+0000] {processor.py:183} INFO - Processing /home/airflow/.local/lib/python3.12/site-packages/airflow/example_dags/example_sensors.py took 0.090 seconds
[2024-07-10T23:28:35.302+0000] {processor.py:161} INFO - Started process (PID=761) to work on /home/airflow/.local/lib/python3.12/site-packages/airflow/example_dags/example_sensors.py
[2024-07-10T23:28:35.304+0000] {processor.py:830} INFO - Processing file /home/airflow/.local/lib/python3.12/site-packages/airflow/example_dags/example_sensors.py for tasks to queue
[2024-07-10T23:28:35.306+0000] {logging_mixin.py:188} INFO - [2024-07-10T23:28:35.306+0000] {dagbag.py:545} INFO - Filling up the DagBag from /home/airflow/.local/lib/python3.12/site-packages/airflow/example_dags/example_sensors.py
[2024-07-10T23:28:35.316+0000] {processor.py:840} INFO - DAG(s) 'example_sensors' retrieved from /home/airflow/.local/lib/python3.12/site-packages/airflow/example_dags/example_sensors.py
[2024-07-10T23:28:35.347+0000] {logging_mixin.py:188} INFO - [2024-07-10T23:28:35.347+0000] {dag.py:3096} INFO - Sync 1 DAGs
[2024-07-10T23:28:35.361+0000] {logging_mixin.py:188} INFO - [2024-07-10T23:28:35.361+0000] {dag.py:3954} INFO - Setting next_dagrun for example_sensors to None, run_after=None
[2024-07-10T23:28:35.384+0000] {processor.py:183} INFO - Processing /home/airflow/.local/lib/python3.12/site-packages/airflow/example_dags/example_sensors.py took 0.089 seconds
[2024-07-10T23:29:05.649+0000] {processor.py:161} INFO - Started process (PID=819) to work on /home/airflow/.local/lib/python3.12/site-packages/airflow/example_dags/example_sensors.py
[2024-07-10T23:29:05.650+0000] {processor.py:830} INFO - Processing file /home/airflow/.local/lib/python3.12/site-packages/airflow/example_dags/example_sensors.py for tasks to queue
[2024-07-10T23:29:05.651+0000] {logging_mixin.py:188} INFO - [2024-07-10T23:29:05.651+0000] {dagbag.py:545} INFO - Filling up the DagBag from /home/airflow/.local/lib/python3.12/site-packages/airflow/example_dags/example_sensors.py
[2024-07-10T23:29:05.664+0000] {processor.py:840} INFO - DAG(s) 'example_sensors' retrieved from /home/airflow/.local/lib/python3.12/site-packages/airflow/example_dags/example_sensors.py
[2024-07-10T23:29:05.696+0000] {logging_mixin.py:188} INFO - [2024-07-10T23:29:05.695+0000] {dag.py:3096} INFO - Sync 1 DAGs
[2024-07-10T23:29:05.709+0000] {logging_mixin.py:188} INFO - [2024-07-10T23:29:05.709+0000] {dag.py:3954} INFO - Setting next_dagrun for example_sensors to None, run_after=None
[2024-07-10T23:29:05.743+0000] {processor.py:183} INFO - Processing /home/airflow/.local/lib/python3.12/site-packages/airflow/example_dags/example_sensors.py took 0.101 seconds
[2024-07-10T23:29:36.552+0000] {processor.py:161} INFO - Started process (PID=877) to work on /home/airflow/.local/lib/python3.12/site-packages/airflow/example_dags/example_sensors.py
[2024-07-10T23:29:36.553+0000] {processor.py:830} INFO - Processing file /home/airflow/.local/lib/python3.12/site-packages/airflow/example_dags/example_sensors.py for tasks to queue
[2024-07-10T23:29:36.555+0000] {logging_mixin.py:188} INFO - [2024-07-10T23:29:36.555+0000] {dagbag.py:545} INFO - Filling up the DagBag from /home/airflow/.local/lib/python3.12/site-packages/airflow/example_dags/example_sensors.py
[2024-07-10T23:29:36.565+0000] {processor.py:840} INFO - DAG(s) 'example_sensors' retrieved from /home/airflow/.local/lib/python3.12/site-packages/airflow/example_dags/example_sensors.py
[2024-07-10T23:29:36.604+0000] {logging_mixin.py:188} INFO - [2024-07-10T23:29:36.603+0000] {dag.py:3096} INFO - Sync 1 DAGs
[2024-07-10T23:29:36.625+0000] {logging_mixin.py:188} INFO - [2024-07-10T23:29:36.624+0000] {dag.py:3954} INFO - Setting next_dagrun for example_sensors to None, run_after=None
[2024-07-10T23:29:36.664+0000] {processor.py:183} INFO - Processing /home/airflow/.local/lib/python3.12/site-packages/airflow/example_dags/example_sensors.py took 0.119 seconds
[2024-07-10T23:30:07.087+0000] {processor.py:161} INFO - Started process (PID=940) to work on /home/airflow/.local/lib/python3.12/site-packages/airflow/example_dags/example_sensors.py
[2024-07-10T23:30:07.089+0000] {processor.py:830} INFO - Processing file /home/airflow/.local/lib/python3.12/site-packages/airflow/example_dags/example_sensors.py for tasks to queue
[2024-07-10T23:30:07.091+0000] {logging_mixin.py:188} INFO - [2024-07-10T23:30:07.090+0000] {dagbag.py:545} INFO - Filling up the DagBag from /home/airflow/.local/lib/python3.12/site-packages/airflow/example_dags/example_sensors.py
[2024-07-10T23:30:07.101+0000] {processor.py:840} INFO - DAG(s) 'example_sensors' retrieved from /home/airflow/.local/lib/python3.12/site-packages/airflow/example_dags/example_sensors.py
[2024-07-10T23:30:07.130+0000] {logging_mixin.py:188} INFO - [2024-07-10T23:30:07.130+0000] {dag.py:3096} INFO - Sync 1 DAGs
[2024-07-10T23:30:07.145+0000] {logging_mixin.py:188} INFO - [2024-07-10T23:30:07.145+0000] {dag.py:3954} INFO - Setting next_dagrun for example_sensors to None, run_after=None
[2024-07-10T23:30:07.167+0000] {processor.py:183} INFO - Processing /home/airflow/.local/lib/python3.12/site-packages/airflow/example_dags/example_sensors.py took 0.087 seconds
[2024-07-10T23:30:37.315+0000] {processor.py:161} INFO - Started process (PID=998) to work on /home/airflow/.local/lib/python3.12/site-packages/airflow/example_dags/example_sensors.py
[2024-07-10T23:30:37.316+0000] {processor.py:830} INFO - Processing file /home/airflow/.local/lib/python3.12/site-packages/airflow/example_dags/example_sensors.py for tasks to queue
[2024-07-10T23:30:37.319+0000] {logging_mixin.py:188} INFO - [2024-07-10T23:30:37.318+0000] {dagbag.py:545} INFO - Filling up the DagBag from /home/airflow/.local/lib/python3.12/site-packages/airflow/example_dags/example_sensors.py
[2024-07-10T23:30:37.329+0000] {processor.py:840} INFO - DAG(s) 'example_sensors' retrieved from /home/airflow/.local/lib/python3.12/site-packages/airflow/example_dags/example_sensors.py
[2024-07-10T23:30:37.360+0000] {logging_mixin.py:188} INFO - [2024-07-10T23:30:37.360+0000] {dag.py:3096} INFO - Sync 1 DAGs
[2024-07-10T23:30:37.375+0000] {logging_mixin.py:188} INFO - [2024-07-10T23:30:37.375+0000] {dag.py:3954} INFO - Setting next_dagrun for example_sensors to None, run_after=None
[2024-07-10T23:30:37.399+0000] {processor.py:183} INFO - Processing /home/airflow/.local/lib/python3.12/site-packages/airflow/example_dags/example_sensors.py took 0.091 seconds
[2024-07-10T23:31:08.419+0000] {processor.py:161} INFO - Started process (PID=1056) to work on /home/airflow/.local/lib/python3.12/site-packages/airflow/example_dags/example_sensors.py
[2024-07-10T23:31:08.420+0000] {processor.py:830} INFO - Processing file /home/airflow/.local/lib/python3.12/site-packages/airflow/example_dags/example_sensors.py for tasks to queue
[2024-07-10T23:31:08.422+0000] {logging_mixin.py:188} INFO - [2024-07-10T23:31:08.422+0000] {dagbag.py:545} INFO - Filling up the DagBag from /home/airflow/.local/lib/python3.12/site-packages/airflow/example_dags/example_sensors.py
[2024-07-10T23:31:08.435+0000] {processor.py:840} INFO - DAG(s) 'example_sensors' retrieved from /home/airflow/.local/lib/python3.12/site-packages/airflow/example_dags/example_sensors.py
[2024-07-10T23:31:08.473+0000] {logging_mixin.py:188} INFO - [2024-07-10T23:31:08.473+0000] {dag.py:3096} INFO - Sync 1 DAGs
[2024-07-10T23:31:08.491+0000] {logging_mixin.py:188} INFO - [2024-07-10T23:31:08.491+0000] {dag.py:3954} INFO - Setting next_dagrun for example_sensors to None, run_after=None
[2024-07-10T23:31:08.523+0000] {processor.py:183} INFO - Processing /home/airflow/.local/lib/python3.12/site-packages/airflow/example_dags/example_sensors.py took 0.112 seconds
[2024-07-10T23:31:38.939+0000] {processor.py:161} INFO - Started process (PID=1114) to work on /home/airflow/.local/lib/python3.12/site-packages/airflow/example_dags/example_sensors.py
[2024-07-10T23:31:38.941+0000] {processor.py:830} INFO - Processing file /home/airflow/.local/lib/python3.12/site-packages/airflow/example_dags/example_sensors.py for tasks to queue
[2024-07-10T23:31:38.943+0000] {logging_mixin.py:188} INFO - [2024-07-10T23:31:38.942+0000] {dagbag.py:545} INFO - Filling up the DagBag from /home/airflow/.local/lib/python3.12/site-packages/airflow/example_dags/example_sensors.py
[2024-07-10T23:31:38.954+0000] {processor.py:840} INFO - DAG(s) 'example_sensors' retrieved from /home/airflow/.local/lib/python3.12/site-packages/airflow/example_dags/example_sensors.py
[2024-07-10T23:31:38.983+0000] {logging_mixin.py:188} INFO - [2024-07-10T23:31:38.983+0000] {dag.py:3096} INFO - Sync 1 DAGs
[2024-07-10T23:31:38.998+0000] {logging_mixin.py:188} INFO - [2024-07-10T23:31:38.998+0000] {dag.py:3954} INFO - Setting next_dagrun for example_sensors to None, run_after=None
[2024-07-10T23:31:39.022+0000] {processor.py:183} INFO - Processing /home/airflow/.local/lib/python3.12/site-packages/airflow/example_dags/example_sensors.py took 0.090 seconds
[2024-07-10T23:32:10.006+0000] {processor.py:161} INFO - Started process (PID=1172) to work on /home/airflow/.local/lib/python3.12/site-packages/airflow/example_dags/example_sensors.py
[2024-07-10T23:32:10.008+0000] {processor.py:830} INFO - Processing file /home/airflow/.local/lib/python3.12/site-packages/airflow/example_dags/example_sensors.py for tasks to queue
[2024-07-10T23:32:10.011+0000] {logging_mixin.py:188} INFO - [2024-07-10T23:32:10.010+0000] {dagbag.py:545} INFO - Filling up the DagBag from /home/airflow/.local/lib/python3.12/site-packages/airflow/example_dags/example_sensors.py
[2024-07-10T23:32:10.022+0000] {processor.py:840} INFO - DAG(s) 'example_sensors' retrieved from /home/airflow/.local/lib/python3.12/site-packages/airflow/example_dags/example_sensors.py
[2024-07-10T23:32:10.053+0000] {logging_mixin.py:188} INFO - [2024-07-10T23:32:10.053+0000] {dag.py:3096} INFO - Sync 1 DAGs
[2024-07-10T23:32:10.070+0000] {logging_mixin.py:188} INFO - [2024-07-10T23:32:10.070+0000] {dag.py:3954} INFO - Setting next_dagrun for example_sensors to None, run_after=None
[2024-07-10T23:32:10.095+0000] {processor.py:183} INFO - Processing /home/airflow/.local/lib/python3.12/site-packages/airflow/example_dags/example_sensors.py took 0.096 seconds
[2024-07-10T23:32:40.342+0000] {processor.py:161} INFO - Started process (PID=1230) to work on /home/airflow/.local/lib/python3.12/site-packages/airflow/example_dags/example_sensors.py
[2024-07-10T23:32:40.344+0000] {processor.py:830} INFO - Processing file /home/airflow/.local/lib/python3.12/site-packages/airflow/example_dags/example_sensors.py for tasks to queue
[2024-07-10T23:32:40.346+0000] {logging_mixin.py:188} INFO - [2024-07-10T23:32:40.345+0000] {dagbag.py:545} INFO - Filling up the DagBag from /home/airflow/.local/lib/python3.12/site-packages/airflow/example_dags/example_sensors.py
[2024-07-10T23:32:40.356+0000] {processor.py:840} INFO - DAG(s) 'example_sensors' retrieved from /home/airflow/.local/lib/python3.12/site-packages/airflow/example_dags/example_sensors.py
[2024-07-10T23:32:40.386+0000] {logging_mixin.py:188} INFO - [2024-07-10T23:32:40.386+0000] {dag.py:3096} INFO - Sync 1 DAGs
[2024-07-10T23:32:40.404+0000] {logging_mixin.py:188} INFO - [2024-07-10T23:32:40.404+0000] {dag.py:3954} INFO - Setting next_dagrun for example_sensors to None, run_after=None
[2024-07-10T23:32:40.433+0000] {processor.py:183} INFO - Processing /home/airflow/.local/lib/python3.12/site-packages/airflow/example_dags/example_sensors.py took 0.098 seconds
[2024-07-10T23:33:10.478+0000] {processor.py:161} INFO - Started process (PID=1288) to work on /home/airflow/.local/lib/python3.12/site-packages/airflow/example_dags/example_sensors.py
[2024-07-10T23:33:10.479+0000] {processor.py:830} INFO - Processing file /home/airflow/.local/lib/python3.12/site-packages/airflow/example_dags/example_sensors.py for tasks to queue
[2024-07-10T23:33:10.481+0000] {logging_mixin.py:188} INFO - [2024-07-10T23:33:10.481+0000] {dagbag.py:545} INFO - Filling up the DagBag from /home/airflow/.local/lib/python3.12/site-packages/airflow/example_dags/example_sensors.py
[2024-07-10T23:33:10.493+0000] {processor.py:840} INFO - DAG(s) 'example_sensors' retrieved from /home/airflow/.local/lib/python3.12/site-packages/airflow/example_dags/example_sensors.py
[2024-07-10T23:33:10.526+0000] {logging_mixin.py:188} INFO - [2024-07-10T23:33:10.526+0000] {dag.py:3096} INFO - Sync 1 DAGs
[2024-07-10T23:33:10.544+0000] {logging_mixin.py:188} INFO - [2024-07-10T23:33:10.543+0000] {dag.py:3954} INFO - Setting next_dagrun for example_sensors to None, run_after=None
[2024-07-10T23:33:10.575+0000] {processor.py:183} INFO - Processing /home/airflow/.local/lib/python3.12/site-packages/airflow/example_dags/example_sensors.py took 0.103 seconds
[2024-07-10T23:33:40.679+0000] {processor.py:161} INFO - Started process (PID=1345) to work on /home/airflow/.local/lib/python3.12/site-packages/airflow/example_dags/example_sensors.py
[2024-07-10T23:33:40.680+0000] {processor.py:830} INFO - Processing file /home/airflow/.local/lib/python3.12/site-packages/airflow/example_dags/example_sensors.py for tasks to queue
[2024-07-10T23:33:40.683+0000] {logging_mixin.py:188} INFO - [2024-07-10T23:33:40.682+0000] {dagbag.py:545} INFO - Filling up the DagBag from /home/airflow/.local/lib/python3.12/site-packages/airflow/example_dags/example_sensors.py
[2024-07-10T23:33:40.693+0000] {processor.py:840} INFO - DAG(s) 'example_sensors' retrieved from /home/airflow/.local/lib/python3.12/site-packages/airflow/example_dags/example_sensors.py
[2024-07-10T23:33:40.724+0000] {logging_mixin.py:188} INFO - [2024-07-10T23:33:40.724+0000] {dag.py:3096} INFO - Sync 1 DAGs
[2024-07-10T23:33:40.739+0000] {logging_mixin.py:188} INFO - [2024-07-10T23:33:40.738+0000] {dag.py:3954} INFO - Setting next_dagrun for example_sensors to None, run_after=None
[2024-07-10T23:33:40.761+0000] {processor.py:183} INFO - Processing /home/airflow/.local/lib/python3.12/site-packages/airflow/example_dags/example_sensors.py took 0.090 seconds
[2024-07-10T23:34:10.899+0000] {processor.py:161} INFO - Started process (PID=1404) to work on /home/airflow/.local/lib/python3.12/site-packages/airflow/example_dags/example_sensors.py
[2024-07-10T23:34:10.901+0000] {processor.py:830} INFO - Processing file /home/airflow/.local/lib/python3.12/site-packages/airflow/example_dags/example_sensors.py for tasks to queue
[2024-07-10T23:34:10.903+0000] {logging_mixin.py:188} INFO - [2024-07-10T23:34:10.903+0000] {dagbag.py:545} INFO - Filling up the DagBag from /home/airflow/.local/lib/python3.12/site-packages/airflow/example_dags/example_sensors.py
[2024-07-10T23:34:10.914+0000] {processor.py:840} INFO - DAG(s) 'example_sensors' retrieved from /home/airflow/.local/lib/python3.12/site-packages/airflow/example_dags/example_sensors.py
[2024-07-10T23:34:10.944+0000] {logging_mixin.py:188} INFO - [2024-07-10T23:34:10.943+0000] {dag.py:3096} INFO - Sync 1 DAGs
[2024-07-10T23:34:10.958+0000] {logging_mixin.py:188} INFO - [2024-07-10T23:34:10.958+0000] {dag.py:3954} INFO - Setting next_dagrun for example_sensors to None, run_after=None
[2024-07-10T23:34:10.986+0000] {processor.py:183} INFO - Processing /home/airflow/.local/lib/python3.12/site-packages/airflow/example_dags/example_sensors.py took 0.093 seconds
[2024-07-10T23:34:41.597+0000] {processor.py:161} INFO - Started process (PID=1462) to work on /home/airflow/.local/lib/python3.12/site-packages/airflow/example_dags/example_sensors.py
[2024-07-10T23:34:41.598+0000] {processor.py:830} INFO - Processing file /home/airflow/.local/lib/python3.12/site-packages/airflow/example_dags/example_sensors.py for tasks to queue
[2024-07-10T23:34:41.600+0000] {logging_mixin.py:188} INFO - [2024-07-10T23:34:41.600+0000] {dagbag.py:545} INFO - Filling up the DagBag from /home/airflow/.local/lib/python3.12/site-packages/airflow/example_dags/example_sensors.py
[2024-07-10T23:34:41.610+0000] {processor.py:840} INFO - DAG(s) 'example_sensors' retrieved from /home/airflow/.local/lib/python3.12/site-packages/airflow/example_dags/example_sensors.py
[2024-07-10T23:34:41.641+0000] {logging_mixin.py:188} INFO - [2024-07-10T23:34:41.641+0000] {dag.py:3096} INFO - Sync 1 DAGs
[2024-07-10T23:34:41.658+0000] {logging_mixin.py:188} INFO - [2024-07-10T23:34:41.657+0000] {dag.py:3954} INFO - Setting next_dagrun for example_sensors to None, run_after=None
[2024-07-10T23:34:41.682+0000] {processor.py:183} INFO - Processing /home/airflow/.local/lib/python3.12/site-packages/airflow/example_dags/example_sensors.py took 0.092 seconds
[2024-07-10T23:35:11.992+0000] {processor.py:161} INFO - Started process (PID=1519) to work on /home/airflow/.local/lib/python3.12/site-packages/airflow/example_dags/example_sensors.py
[2024-07-10T23:35:11.993+0000] {processor.py:830} INFO - Processing file /home/airflow/.local/lib/python3.12/site-packages/airflow/example_dags/example_sensors.py for tasks to queue
[2024-07-10T23:35:11.995+0000] {logging_mixin.py:188} INFO - [2024-07-10T23:35:11.995+0000] {dagbag.py:545} INFO - Filling up the DagBag from /home/airflow/.local/lib/python3.12/site-packages/airflow/example_dags/example_sensors.py
[2024-07-10T23:35:12.005+0000] {processor.py:840} INFO - DAG(s) 'example_sensors' retrieved from /home/airflow/.local/lib/python3.12/site-packages/airflow/example_dags/example_sensors.py
[2024-07-10T23:35:12.036+0000] {logging_mixin.py:188} INFO - [2024-07-10T23:35:12.036+0000] {dag.py:3096} INFO - Sync 1 DAGs
[2024-07-10T23:35:12.051+0000] {logging_mixin.py:188} INFO - [2024-07-10T23:35:12.051+0000] {dag.py:3954} INFO - Setting next_dagrun for example_sensors to None, run_after=None
[2024-07-10T23:35:12.073+0000] {processor.py:183} INFO - Processing /home/airflow/.local/lib/python3.12/site-packages/airflow/example_dags/example_sensors.py took 0.088 seconds
[2024-07-10T23:35:42.526+0000] {processor.py:161} INFO - Started process (PID=1577) to work on /home/airflow/.local/lib/python3.12/site-packages/airflow/example_dags/example_sensors.py
[2024-07-10T23:35:42.527+0000] {processor.py:830} INFO - Processing file /home/airflow/.local/lib/python3.12/site-packages/airflow/example_dags/example_sensors.py for tasks to queue
[2024-07-10T23:35:42.529+0000] {logging_mixin.py:188} INFO - [2024-07-10T23:35:42.528+0000] {dagbag.py:545} INFO - Filling up the DagBag from /home/airflow/.local/lib/python3.12/site-packages/airflow/example_dags/example_sensors.py
[2024-07-10T23:35:42.538+0000] {processor.py:840} INFO - DAG(s) 'example_sensors' retrieved from /home/airflow/.local/lib/python3.12/site-packages/airflow/example_dags/example_sensors.py
[2024-07-10T23:35:42.569+0000] {logging_mixin.py:188} INFO - [2024-07-10T23:35:42.568+0000] {dag.py:3096} INFO - Sync 1 DAGs
[2024-07-10T23:35:42.583+0000] {logging_mixin.py:188} INFO - [2024-07-10T23:35:42.582+0000] {dag.py:3954} INFO - Setting next_dagrun for example_sensors to None, run_after=None
[2024-07-10T23:35:42.605+0000] {processor.py:183} INFO - Processing /home/airflow/.local/lib/python3.12/site-packages/airflow/example_dags/example_sensors.py took 0.086 seconds
[2024-07-10T23:36:13.412+0000] {processor.py:161} INFO - Started process (PID=1635) to work on /home/airflow/.local/lib/python3.12/site-packages/airflow/example_dags/example_sensors.py
[2024-07-10T23:36:13.413+0000] {processor.py:830} INFO - Processing file /home/airflow/.local/lib/python3.12/site-packages/airflow/example_dags/example_sensors.py for tasks to queue
[2024-07-10T23:36:13.415+0000] {logging_mixin.py:188} INFO - [2024-07-10T23:36:13.415+0000] {dagbag.py:545} INFO - Filling up the DagBag from /home/airflow/.local/lib/python3.12/site-packages/airflow/example_dags/example_sensors.py
[2024-07-10T23:36:13.427+0000] {processor.py:840} INFO - DAG(s) 'example_sensors' retrieved from /home/airflow/.local/lib/python3.12/site-packages/airflow/example_dags/example_sensors.py
[2024-07-10T23:36:13.459+0000] {logging_mixin.py:188} INFO - [2024-07-10T23:36:13.459+0000] {dag.py:3096} INFO - Sync 1 DAGs
[2024-07-10T23:36:13.475+0000] {logging_mixin.py:188} INFO - [2024-07-10T23:36:13.475+0000] {dag.py:3954} INFO - Setting next_dagrun for example_sensors to None, run_after=None
[2024-07-10T23:36:13.497+0000] {processor.py:183} INFO - Processing /home/airflow/.local/lib/python3.12/site-packages/airflow/example_dags/example_sensors.py took 0.091 seconds
[2024-07-10T23:36:44.028+0000] {processor.py:161} INFO - Started process (PID=1694) to work on /home/airflow/.local/lib/python3.12/site-packages/airflow/example_dags/example_sensors.py
[2024-07-10T23:36:44.029+0000] {processor.py:830} INFO - Processing file /home/airflow/.local/lib/python3.12/site-packages/airflow/example_dags/example_sensors.py for tasks to queue
[2024-07-10T23:36:44.031+0000] {logging_mixin.py:188} INFO - [2024-07-10T23:36:44.030+0000] {dagbag.py:545} INFO - Filling up the DagBag from /home/airflow/.local/lib/python3.12/site-packages/airflow/example_dags/example_sensors.py
[2024-07-10T23:36:44.042+0000] {processor.py:840} INFO - DAG(s) 'example_sensors' retrieved from /home/airflow/.local/lib/python3.12/site-packages/airflow/example_dags/example_sensors.py
[2024-07-10T23:36:44.073+0000] {logging_mixin.py:188} INFO - [2024-07-10T23:36:44.073+0000] {dag.py:3096} INFO - Sync 1 DAGs
[2024-07-10T23:36:44.088+0000] {logging_mixin.py:188} INFO - [2024-07-10T23:36:44.088+0000] {dag.py:3954} INFO - Setting next_dagrun for example_sensors to None, run_after=None
[2024-07-10T23:36:44.110+0000] {processor.py:183} INFO - Processing /home/airflow/.local/lib/python3.12/site-packages/airflow/example_dags/example_sensors.py took 0.090 seconds
[2024-07-10T23:37:14.636+0000] {processor.py:161} INFO - Started process (PID=1752) to work on /home/airflow/.local/lib/python3.12/site-packages/airflow/example_dags/example_sensors.py
[2024-07-10T23:37:14.639+0000] {processor.py:830} INFO - Processing file /home/airflow/.local/lib/python3.12/site-packages/airflow/example_dags/example_sensors.py for tasks to queue
[2024-07-10T23:37:14.641+0000] {logging_mixin.py:188} INFO - [2024-07-10T23:37:14.640+0000] {dagbag.py:545} INFO - Filling up the DagBag from /home/airflow/.local/lib/python3.12/site-packages/airflow/example_dags/example_sensors.py
[2024-07-10T23:37:14.650+0000] {processor.py:840} INFO - DAG(s) 'example_sensors' retrieved from /home/airflow/.local/lib/python3.12/site-packages/airflow/example_dags/example_sensors.py
[2024-07-10T23:37:14.683+0000] {logging_mixin.py:188} INFO - [2024-07-10T23:37:14.682+0000] {dag.py:3096} INFO - Sync 1 DAGs
[2024-07-10T23:37:14.700+0000] {logging_mixin.py:188} INFO - [2024-07-10T23:37:14.700+0000] {dag.py:3954} INFO - Setting next_dagrun for example_sensors to None, run_after=None
[2024-07-10T23:37:14.874+0000] {processor.py:183} INFO - Processing /home/airflow/.local/lib/python3.12/site-packages/airflow/example_dags/example_sensors.py took 0.244 seconds
[2024-07-10T23:37:45.149+0000] {processor.py:161} INFO - Started process (PID=1810) to work on /home/airflow/.local/lib/python3.12/site-packages/airflow/example_dags/example_sensors.py
[2024-07-10T23:37:45.150+0000] {processor.py:830} INFO - Processing file /home/airflow/.local/lib/python3.12/site-packages/airflow/example_dags/example_sensors.py for tasks to queue
[2024-07-10T23:37:45.152+0000] {logging_mixin.py:188} INFO - [2024-07-10T23:37:45.152+0000] {dagbag.py:545} INFO - Filling up the DagBag from /home/airflow/.local/lib/python3.12/site-packages/airflow/example_dags/example_sensors.py
[2024-07-10T23:37:45.162+0000] {processor.py:840} INFO - DAG(s) 'example_sensors' retrieved from /home/airflow/.local/lib/python3.12/site-packages/airflow/example_dags/example_sensors.py
[2024-07-10T23:37:45.194+0000] {logging_mixin.py:188} INFO - [2024-07-10T23:37:45.194+0000] {dag.py:3096} INFO - Sync 1 DAGs
[2024-07-10T23:37:45.210+0000] {logging_mixin.py:188} INFO - [2024-07-10T23:37:45.210+0000] {dag.py:3954} INFO - Setting next_dagrun for example_sensors to None, run_after=None
[2024-07-10T23:37:45.233+0000] {processor.py:183} INFO - Processing /home/airflow/.local/lib/python3.12/site-packages/airflow/example_dags/example_sensors.py took 0.091 seconds
[2024-07-10T23:38:15.865+0000] {processor.py:161} INFO - Started process (PID=1868) to work on /home/airflow/.local/lib/python3.12/site-packages/airflow/example_dags/example_sensors.py
[2024-07-10T23:38:15.866+0000] {processor.py:830} INFO - Processing file /home/airflow/.local/lib/python3.12/site-packages/airflow/example_dags/example_sensors.py for tasks to queue
[2024-07-10T23:38:15.869+0000] {logging_mixin.py:188} INFO - [2024-07-10T23:38:15.869+0000] {dagbag.py:545} INFO - Filling up the DagBag from /home/airflow/.local/lib/python3.12/site-packages/airflow/example_dags/example_sensors.py
[2024-07-10T23:38:15.879+0000] {processor.py:840} INFO - DAG(s) 'example_sensors' retrieved from /home/airflow/.local/lib/python3.12/site-packages/airflow/example_dags/example_sensors.py
[2024-07-10T23:38:15.910+0000] {logging_mixin.py:188} INFO - [2024-07-10T23:38:15.910+0000] {dag.py:3096} INFO - Sync 1 DAGs
[2024-07-10T23:38:15.925+0000] {logging_mixin.py:188} INFO - [2024-07-10T23:38:15.925+0000] {dag.py:3954} INFO - Setting next_dagrun for example_sensors to None, run_after=None
[2024-07-10T23:38:15.948+0000] {processor.py:183} INFO - Processing /home/airflow/.local/lib/python3.12/site-packages/airflow/example_dags/example_sensors.py took 0.090 seconds
[2024-07-10T23:38:47.328+0000] {processor.py:161} INFO - Started process (PID=1926) to work on /home/airflow/.local/lib/python3.12/site-packages/airflow/example_dags/example_sensors.py
[2024-07-10T23:38:47.335+0000] {processor.py:830} INFO - Processing file /home/airflow/.local/lib/python3.12/site-packages/airflow/example_dags/example_sensors.py for tasks to queue
[2024-07-10T23:38:47.338+0000] {logging_mixin.py:188} INFO - [2024-07-10T23:38:47.337+0000] {dagbag.py:545} INFO - Filling up the DagBag from /home/airflow/.local/lib/python3.12/site-packages/airflow/example_dags/example_sensors.py
[2024-07-10T23:38:47.347+0000] {processor.py:840} INFO - DAG(s) 'example_sensors' retrieved from /home/airflow/.local/lib/python3.12/site-packages/airflow/example_dags/example_sensors.py
[2024-07-10T23:38:47.376+0000] {logging_mixin.py:188} INFO - [2024-07-10T23:38:47.376+0000] {dag.py:3096} INFO - Sync 1 DAGs
[2024-07-10T23:38:47.391+0000] {logging_mixin.py:188} INFO - [2024-07-10T23:38:47.391+0000] {dag.py:3954} INFO - Setting next_dagrun for example_sensors to None, run_after=None
[2024-07-10T23:38:47.430+0000] {processor.py:183} INFO - Processing /home/airflow/.local/lib/python3.12/site-packages/airflow/example_dags/example_sensors.py took 0.108 seconds
[2024-07-10T23:39:17.562+0000] {processor.py:161} INFO - Started process (PID=1984) to work on /home/airflow/.local/lib/python3.12/site-packages/airflow/example_dags/example_sensors.py
[2024-07-10T23:39:17.563+0000] {processor.py:830} INFO - Processing file /home/airflow/.local/lib/python3.12/site-packages/airflow/example_dags/example_sensors.py for tasks to queue
[2024-07-10T23:39:17.564+0000] {logging_mixin.py:188} INFO - [2024-07-10T23:39:17.564+0000] {dagbag.py:545} INFO - Filling up the DagBag from /home/airflow/.local/lib/python3.12/site-packages/airflow/example_dags/example_sensors.py
[2024-07-10T23:39:17.574+0000] {processor.py:840} INFO - DAG(s) 'example_sensors' retrieved from /home/airflow/.local/lib/python3.12/site-packages/airflow/example_dags/example_sensors.py
[2024-07-10T23:39:17.606+0000] {logging_mixin.py:188} INFO - [2024-07-10T23:39:17.606+0000] {dag.py:3096} INFO - Sync 1 DAGs
[2024-07-10T23:39:17.620+0000] {logging_mixin.py:188} INFO - [2024-07-10T23:39:17.620+0000] {dag.py:3954} INFO - Setting next_dagrun for example_sensors to None, run_after=None
[2024-07-10T23:39:17.645+0000] {processor.py:183} INFO - Processing /home/airflow/.local/lib/python3.12/site-packages/airflow/example_dags/example_sensors.py took 0.090 seconds
[2024-07-10T23:39:47.992+0000] {processor.py:161} INFO - Started process (PID=2043) to work on /home/airflow/.local/lib/python3.12/site-packages/airflow/example_dags/example_sensors.py
[2024-07-10T23:39:47.993+0000] {processor.py:830} INFO - Processing file /home/airflow/.local/lib/python3.12/site-packages/airflow/example_dags/example_sensors.py for tasks to queue
[2024-07-10T23:39:47.995+0000] {logging_mixin.py:188} INFO - [2024-07-10T23:39:47.995+0000] {dagbag.py:545} INFO - Filling up the DagBag from /home/airflow/.local/lib/python3.12/site-packages/airflow/example_dags/example_sensors.py
[2024-07-10T23:39:48.005+0000] {processor.py:840} INFO - DAG(s) 'example_sensors' retrieved from /home/airflow/.local/lib/python3.12/site-packages/airflow/example_dags/example_sensors.py
[2024-07-10T23:39:48.034+0000] {logging_mixin.py:188} INFO - [2024-07-10T23:39:48.034+0000] {dag.py:3096} INFO - Sync 1 DAGs
[2024-07-10T23:39:48.049+0000] {logging_mixin.py:188} INFO - [2024-07-10T23:39:48.049+0000] {dag.py:3954} INFO - Setting next_dagrun for example_sensors to None, run_after=None
[2024-07-10T23:39:48.075+0000] {processor.py:183} INFO - Processing /home/airflow/.local/lib/python3.12/site-packages/airflow/example_dags/example_sensors.py took 0.091 seconds
[2024-07-10T23:40:18.187+0000] {processor.py:161} INFO - Started process (PID=2101) to work on /home/airflow/.local/lib/python3.12/site-packages/airflow/example_dags/example_sensors.py
[2024-07-10T23:40:18.188+0000] {processor.py:830} INFO - Processing file /home/airflow/.local/lib/python3.12/site-packages/airflow/example_dags/example_sensors.py for tasks to queue
[2024-07-10T23:40:18.190+0000] {logging_mixin.py:188} INFO - [2024-07-10T23:40:18.190+0000] {dagbag.py:545} INFO - Filling up the DagBag from /home/airflow/.local/lib/python3.12/site-packages/airflow/example_dags/example_sensors.py
[2024-07-10T23:40:18.200+0000] {processor.py:840} INFO - DAG(s) 'example_sensors' retrieved from /home/airflow/.local/lib/python3.12/site-packages/airflow/example_dags/example_sensors.py
[2024-07-10T23:40:18.232+0000] {logging_mixin.py:188} INFO - [2024-07-10T23:40:18.231+0000] {dag.py:3096} INFO - Sync 1 DAGs
[2024-07-10T23:40:18.246+0000] {logging_mixin.py:188} INFO - [2024-07-10T23:40:18.246+0000] {dag.py:3954} INFO - Setting next_dagrun for example_sensors to None, run_after=None
[2024-07-10T23:40:18.284+0000] {processor.py:183} INFO - Processing /home/airflow/.local/lib/python3.12/site-packages/airflow/example_dags/example_sensors.py took 0.103 seconds
[2024-07-10T23:40:48.749+0000] {processor.py:161} INFO - Started process (PID=2159) to work on /home/airflow/.local/lib/python3.12/site-packages/airflow/example_dags/example_sensors.py
[2024-07-10T23:40:48.750+0000] {processor.py:830} INFO - Processing file /home/airflow/.local/lib/python3.12/site-packages/airflow/example_dags/example_sensors.py for tasks to queue
[2024-07-10T23:40:48.752+0000] {logging_mixin.py:188} INFO - [2024-07-10T23:40:48.752+0000] {dagbag.py:545} INFO - Filling up the DagBag from /home/airflow/.local/lib/python3.12/site-packages/airflow/example_dags/example_sensors.py
[2024-07-10T23:40:48.764+0000] {processor.py:840} INFO - DAG(s) 'example_sensors' retrieved from /home/airflow/.local/lib/python3.12/site-packages/airflow/example_dags/example_sensors.py
[2024-07-10T23:40:48.803+0000] {logging_mixin.py:188} INFO - [2024-07-10T23:40:48.802+0000] {dag.py:3096} INFO - Sync 1 DAGs
[2024-07-10T23:40:48.820+0000] {logging_mixin.py:188} INFO - [2024-07-10T23:40:48.819+0000] {dag.py:3954} INFO - Setting next_dagrun for example_sensors to None, run_after=None
[2024-07-10T23:40:48.856+0000] {processor.py:183} INFO - Processing /home/airflow/.local/lib/python3.12/site-packages/airflow/example_dags/example_sensors.py took 0.115 seconds
[2024-07-10T23:41:18.887+0000] {processor.py:161} INFO - Started process (PID=2218) to work on /home/airflow/.local/lib/python3.12/site-packages/airflow/example_dags/example_sensors.py
[2024-07-10T23:41:18.888+0000] {processor.py:830} INFO - Processing file /home/airflow/.local/lib/python3.12/site-packages/airflow/example_dags/example_sensors.py for tasks to queue
[2024-07-10T23:41:18.891+0000] {logging_mixin.py:188} INFO - [2024-07-10T23:41:18.890+0000] {dagbag.py:545} INFO - Filling up the DagBag from /home/airflow/.local/lib/python3.12/site-packages/airflow/example_dags/example_sensors.py
[2024-07-10T23:41:18.900+0000] {processor.py:840} INFO - DAG(s) 'example_sensors' retrieved from /home/airflow/.local/lib/python3.12/site-packages/airflow/example_dags/example_sensors.py
[2024-07-10T23:41:18.927+0000] {logging_mixin.py:188} INFO - [2024-07-10T23:41:18.927+0000] {dag.py:3096} INFO - Sync 1 DAGs
[2024-07-10T23:41:18.942+0000] {logging_mixin.py:188} INFO - [2024-07-10T23:41:18.941+0000] {dag.py:3954} INFO - Setting next_dagrun for example_sensors to None, run_after=None
[2024-07-10T23:41:18.965+0000] {processor.py:183} INFO - Processing /home/airflow/.local/lib/python3.12/site-packages/airflow/example_dags/example_sensors.py took 0.085 seconds
[2024-07-10T23:41:49.340+0000] {processor.py:161} INFO - Started process (PID=2277) to work on /home/airflow/.local/lib/python3.12/site-packages/airflow/example_dags/example_sensors.py
[2024-07-10T23:41:49.341+0000] {processor.py:830} INFO - Processing file /home/airflow/.local/lib/python3.12/site-packages/airflow/example_dags/example_sensors.py for tasks to queue
[2024-07-10T23:41:49.343+0000] {logging_mixin.py:188} INFO - [2024-07-10T23:41:49.343+0000] {dagbag.py:545} INFO - Filling up the DagBag from /home/airflow/.local/lib/python3.12/site-packages/airflow/example_dags/example_sensors.py
[2024-07-10T23:41:49.353+0000] {processor.py:840} INFO - DAG(s) 'example_sensors' retrieved from /home/airflow/.local/lib/python3.12/site-packages/airflow/example_dags/example_sensors.py
[2024-07-10T23:41:49.383+0000] {logging_mixin.py:188} INFO - [2024-07-10T23:41:49.383+0000] {dag.py:3096} INFO - Sync 1 DAGs
[2024-07-10T23:41:49.398+0000] {logging_mixin.py:188} INFO - [2024-07-10T23:41:49.398+0000] {dag.py:3954} INFO - Setting next_dagrun for example_sensors to None, run_after=None
[2024-07-10T23:41:49.422+0000] {processor.py:183} INFO - Processing /home/airflow/.local/lib/python3.12/site-packages/airflow/example_dags/example_sensors.py took 0.089 seconds
[2024-07-10T23:42:20.502+0000] {processor.py:161} INFO - Started process (PID=2335) to work on /home/airflow/.local/lib/python3.12/site-packages/airflow/example_dags/example_sensors.py
[2024-07-10T23:42:20.504+0000] {processor.py:830} INFO - Processing file /home/airflow/.local/lib/python3.12/site-packages/airflow/example_dags/example_sensors.py for tasks to queue
[2024-07-10T23:42:20.506+0000] {logging_mixin.py:188} INFO - [2024-07-10T23:42:20.505+0000] {dagbag.py:545} INFO - Filling up the DagBag from /home/airflow/.local/lib/python3.12/site-packages/airflow/example_dags/example_sensors.py
[2024-07-10T23:42:20.516+0000] {processor.py:840} INFO - DAG(s) 'example_sensors' retrieved from /home/airflow/.local/lib/python3.12/site-packages/airflow/example_dags/example_sensors.py
[2024-07-10T23:42:20.545+0000] {logging_mixin.py:188} INFO - [2024-07-10T23:42:20.545+0000] {dag.py:3096} INFO - Sync 1 DAGs
[2024-07-10T23:42:20.560+0000] {logging_mixin.py:188} INFO - [2024-07-10T23:42:20.560+0000] {dag.py:3954} INFO - Setting next_dagrun for example_sensors to None, run_after=None
[2024-07-10T23:42:20.582+0000] {processor.py:183} INFO - Processing /home/airflow/.local/lib/python3.12/site-packages/airflow/example_dags/example_sensors.py took 0.086 seconds
[2024-07-10T23:42:50.871+0000] {processor.py:161} INFO - Started process (PID=2393) to work on /home/airflow/.local/lib/python3.12/site-packages/airflow/example_dags/example_sensors.py
[2024-07-10T23:42:50.872+0000] {processor.py:830} INFO - Processing file /home/airflow/.local/lib/python3.12/site-packages/airflow/example_dags/example_sensors.py for tasks to queue
[2024-07-10T23:42:50.873+0000] {logging_mixin.py:188} INFO - [2024-07-10T23:42:50.873+0000] {dagbag.py:545} INFO - Filling up the DagBag from /home/airflow/.local/lib/python3.12/site-packages/airflow/example_dags/example_sensors.py
[2024-07-10T23:42:50.882+0000] {processor.py:840} INFO - DAG(s) 'example_sensors' retrieved from /home/airflow/.local/lib/python3.12/site-packages/airflow/example_dags/example_sensors.py
[2024-07-10T23:42:50.913+0000] {logging_mixin.py:188} INFO - [2024-07-10T23:42:50.913+0000] {dag.py:3096} INFO - Sync 1 DAGs
[2024-07-10T23:42:50.928+0000] {logging_mixin.py:188} INFO - [2024-07-10T23:42:50.928+0000] {dag.py:3954} INFO - Setting next_dagrun for example_sensors to None, run_after=None
[2024-07-10T23:42:50.958+0000] {processor.py:183} INFO - Processing /home/airflow/.local/lib/python3.12/site-packages/airflow/example_dags/example_sensors.py took 0.095 seconds
[2024-07-10T23:43:21.066+0000] {processor.py:161} INFO - Started process (PID=2451) to work on /home/airflow/.local/lib/python3.12/site-packages/airflow/example_dags/example_sensors.py
[2024-07-10T23:43:21.068+0000] {processor.py:830} INFO - Processing file /home/airflow/.local/lib/python3.12/site-packages/airflow/example_dags/example_sensors.py for tasks to queue
[2024-07-10T23:43:21.070+0000] {logging_mixin.py:188} INFO - [2024-07-10T23:43:21.069+0000] {dagbag.py:545} INFO - Filling up the DagBag from /home/airflow/.local/lib/python3.12/site-packages/airflow/example_dags/example_sensors.py
[2024-07-10T23:43:21.080+0000] {processor.py:840} INFO - DAG(s) 'example_sensors' retrieved from /home/airflow/.local/lib/python3.12/site-packages/airflow/example_dags/example_sensors.py
[2024-07-10T23:43:21.109+0000] {logging_mixin.py:188} INFO - [2024-07-10T23:43:21.109+0000] {dag.py:3096} INFO - Sync 1 DAGs
[2024-07-10T23:43:21.123+0000] {logging_mixin.py:188} INFO - [2024-07-10T23:43:21.122+0000] {dag.py:3954} INFO - Setting next_dagrun for example_sensors to None, run_after=None
[2024-07-10T23:43:21.146+0000] {processor.py:183} INFO - Processing /home/airflow/.local/lib/python3.12/site-packages/airflow/example_dags/example_sensors.py took 0.087 seconds
[2024-07-10T23:43:51.307+0000] {processor.py:161} INFO - Started process (PID=2509) to work on /home/airflow/.local/lib/python3.12/site-packages/airflow/example_dags/example_sensors.py
[2024-07-10T23:43:51.308+0000] {processor.py:830} INFO - Processing file /home/airflow/.local/lib/python3.12/site-packages/airflow/example_dags/example_sensors.py for tasks to queue
[2024-07-10T23:43:51.310+0000] {logging_mixin.py:188} INFO - [2024-07-10T23:43:51.310+0000] {dagbag.py:545} INFO - Filling up the DagBag from /home/airflow/.local/lib/python3.12/site-packages/airflow/example_dags/example_sensors.py
[2024-07-10T23:43:51.320+0000] {processor.py:840} INFO - DAG(s) 'example_sensors' retrieved from /home/airflow/.local/lib/python3.12/site-packages/airflow/example_dags/example_sensors.py
[2024-07-10T23:43:51.351+0000] {logging_mixin.py:188} INFO - [2024-07-10T23:43:51.350+0000] {dag.py:3096} INFO - Sync 1 DAGs
[2024-07-10T23:43:51.365+0000] {logging_mixin.py:188} INFO - [2024-07-10T23:43:51.365+0000] {dag.py:3954} INFO - Setting next_dagrun for example_sensors to None, run_after=None
[2024-07-10T23:43:51.395+0000] {processor.py:183} INFO - Processing /home/airflow/.local/lib/python3.12/site-packages/airflow/example_dags/example_sensors.py took 0.095 seconds
[2024-07-10T23:44:21.796+0000] {processor.py:161} INFO - Started process (PID=2568) to work on /home/airflow/.local/lib/python3.12/site-packages/airflow/example_dags/example_sensors.py
[2024-07-10T23:44:21.798+0000] {processor.py:830} INFO - Processing file /home/airflow/.local/lib/python3.12/site-packages/airflow/example_dags/example_sensors.py for tasks to queue
[2024-07-10T23:44:21.800+0000] {logging_mixin.py:188} INFO - [2024-07-10T23:44:21.800+0000] {dagbag.py:545} INFO - Filling up the DagBag from /home/airflow/.local/lib/python3.12/site-packages/airflow/example_dags/example_sensors.py
[2024-07-10T23:44:21.811+0000] {processor.py:840} INFO - DAG(s) 'example_sensors' retrieved from /home/airflow/.local/lib/python3.12/site-packages/airflow/example_dags/example_sensors.py
[2024-07-10T23:44:21.844+0000] {logging_mixin.py:188} INFO - [2024-07-10T23:44:21.843+0000] {dag.py:3096} INFO - Sync 1 DAGs
[2024-07-10T23:44:21.862+0000] {logging_mixin.py:188} INFO - [2024-07-10T23:44:21.861+0000] {dag.py:3954} INFO - Setting next_dagrun for example_sensors to None, run_after=None
[2024-07-10T23:44:21.889+0000] {processor.py:183} INFO - Processing /home/airflow/.local/lib/python3.12/site-packages/airflow/example_dags/example_sensors.py took 0.100 seconds
[2024-07-10T23:44:52.544+0000] {processor.py:161} INFO - Started process (PID=2626) to work on /home/airflow/.local/lib/python3.12/site-packages/airflow/example_dags/example_sensors.py
[2024-07-10T23:44:52.544+0000] {processor.py:830} INFO - Processing file /home/airflow/.local/lib/python3.12/site-packages/airflow/example_dags/example_sensors.py for tasks to queue
[2024-07-10T23:44:52.546+0000] {logging_mixin.py:188} INFO - [2024-07-10T23:44:52.546+0000] {dagbag.py:545} INFO - Filling up the DagBag from /home/airflow/.local/lib/python3.12/site-packages/airflow/example_dags/example_sensors.py
[2024-07-10T23:44:52.558+0000] {processor.py:840} INFO - DAG(s) 'example_sensors' retrieved from /home/airflow/.local/lib/python3.12/site-packages/airflow/example_dags/example_sensors.py
[2024-07-10T23:44:52.591+0000] {logging_mixin.py:188} INFO - [2024-07-10T23:44:52.591+0000] {dag.py:3096} INFO - Sync 1 DAGs
[2024-07-10T23:44:52.607+0000] {logging_mixin.py:188} INFO - [2024-07-10T23:44:52.607+0000] {dag.py:3954} INFO - Setting next_dagrun for example_sensors to None, run_after=None
[2024-07-10T23:44:52.641+0000] {processor.py:183} INFO - Processing /home/airflow/.local/lib/python3.12/site-packages/airflow/example_dags/example_sensors.py took 0.104 seconds
[2024-07-10T23:45:23.228+0000] {processor.py:161} INFO - Started process (PID=2684) to work on /home/airflow/.local/lib/python3.12/site-packages/airflow/example_dags/example_sensors.py
[2024-07-10T23:45:23.230+0000] {processor.py:830} INFO - Processing file /home/airflow/.local/lib/python3.12/site-packages/airflow/example_dags/example_sensors.py for tasks to queue
[2024-07-10T23:45:23.232+0000] {logging_mixin.py:188} INFO - [2024-07-10T23:45:23.231+0000] {dagbag.py:545} INFO - Filling up the DagBag from /home/airflow/.local/lib/python3.12/site-packages/airflow/example_dags/example_sensors.py
[2024-07-10T23:45:23.244+0000] {processor.py:840} INFO - DAG(s) 'example_sensors' retrieved from /home/airflow/.local/lib/python3.12/site-packages/airflow/example_dags/example_sensors.py
[2024-07-10T23:45:23.281+0000] {logging_mixin.py:188} INFO - [2024-07-10T23:45:23.281+0000] {dag.py:3096} INFO - Sync 1 DAGs
[2024-07-10T23:45:23.298+0000] {logging_mixin.py:188} INFO - [2024-07-10T23:45:23.298+0000] {dag.py:3954} INFO - Setting next_dagrun for example_sensors to None, run_after=None
[2024-07-10T23:45:23.329+0000] {processor.py:183} INFO - Processing /home/airflow/.local/lib/python3.12/site-packages/airflow/example_dags/example_sensors.py took 0.108 seconds
[2024-07-10T23:45:54.025+0000] {processor.py:161} INFO - Started process (PID=2742) to work on /home/airflow/.local/lib/python3.12/site-packages/airflow/example_dags/example_sensors.py
[2024-07-10T23:45:54.026+0000] {processor.py:830} INFO - Processing file /home/airflow/.local/lib/python3.12/site-packages/airflow/example_dags/example_sensors.py for tasks to queue
[2024-07-10T23:45:54.028+0000] {logging_mixin.py:188} INFO - [2024-07-10T23:45:54.028+0000] {dagbag.py:545} INFO - Filling up the DagBag from /home/airflow/.local/lib/python3.12/site-packages/airflow/example_dags/example_sensors.py
[2024-07-10T23:45:54.039+0000] {processor.py:840} INFO - DAG(s) 'example_sensors' retrieved from /home/airflow/.local/lib/python3.12/site-packages/airflow/example_dags/example_sensors.py
[2024-07-10T23:45:54.073+0000] {logging_mixin.py:188} INFO - [2024-07-10T23:45:54.073+0000] {dag.py:3096} INFO - Sync 1 DAGs
[2024-07-10T23:45:54.089+0000] {logging_mixin.py:188} INFO - [2024-07-10T23:45:54.089+0000] {dag.py:3954} INFO - Setting next_dagrun for example_sensors to None, run_after=None
[2024-07-10T23:45:54.121+0000] {processor.py:183} INFO - Processing /home/airflow/.local/lib/python3.12/site-packages/airflow/example_dags/example_sensors.py took 0.104 seconds
[2024-07-10T23:46:24.531+0000] {processor.py:161} INFO - Started process (PID=2800) to work on /home/airflow/.local/lib/python3.12/site-packages/airflow/example_dags/example_sensors.py
[2024-07-10T23:46:24.532+0000] {processor.py:830} INFO - Processing file /home/airflow/.local/lib/python3.12/site-packages/airflow/example_dags/example_sensors.py for tasks to queue
[2024-07-10T23:46:24.534+0000] {logging_mixin.py:188} INFO - [2024-07-10T23:46:24.533+0000] {dagbag.py:545} INFO - Filling up the DagBag from /home/airflow/.local/lib/python3.12/site-packages/airflow/example_dags/example_sensors.py
[2024-07-10T23:46:24.545+0000] {processor.py:840} INFO - DAG(s) 'example_sensors' retrieved from /home/airflow/.local/lib/python3.12/site-packages/airflow/example_dags/example_sensors.py
[2024-07-10T23:46:24.581+0000] {logging_mixin.py:188} INFO - [2024-07-10T23:46:24.581+0000] {dag.py:3096} INFO - Sync 1 DAGs
[2024-07-10T23:46:24.597+0000] {logging_mixin.py:188} INFO - [2024-07-10T23:46:24.597+0000] {dag.py:3954} INFO - Setting next_dagrun for example_sensors to None, run_after=None
[2024-07-10T23:46:24.624+0000] {processor.py:183} INFO - Processing /home/airflow/.local/lib/python3.12/site-packages/airflow/example_dags/example_sensors.py took 0.100 seconds
[2024-07-10T23:46:54.856+0000] {processor.py:161} INFO - Started process (PID=2858) to work on /home/airflow/.local/lib/python3.12/site-packages/airflow/example_dags/example_sensors.py
[2024-07-10T23:46:54.857+0000] {processor.py:830} INFO - Processing file /home/airflow/.local/lib/python3.12/site-packages/airflow/example_dags/example_sensors.py for tasks to queue
[2024-07-10T23:46:54.859+0000] {logging_mixin.py:188} INFO - [2024-07-10T23:46:54.859+0000] {dagbag.py:545} INFO - Filling up the DagBag from /home/airflow/.local/lib/python3.12/site-packages/airflow/example_dags/example_sensors.py
[2024-07-10T23:46:54.869+0000] {processor.py:840} INFO - DAG(s) 'example_sensors' retrieved from /home/airflow/.local/lib/python3.12/site-packages/airflow/example_dags/example_sensors.py
[2024-07-10T23:46:54.900+0000] {logging_mixin.py:188} INFO - [2024-07-10T23:46:54.900+0000] {dag.py:3096} INFO - Sync 1 DAGs
[2024-07-10T23:46:54.915+0000] {logging_mixin.py:188} INFO - [2024-07-10T23:46:54.914+0000] {dag.py:3954} INFO - Setting next_dagrun for example_sensors to None, run_after=None
[2024-07-10T23:46:54.942+0000] {processor.py:183} INFO - Processing /home/airflow/.local/lib/python3.12/site-packages/airflow/example_dags/example_sensors.py took 0.092 seconds
[2024-07-10T23:47:25.109+0000] {processor.py:161} INFO - Started process (PID=2916) to work on /home/airflow/.local/lib/python3.12/site-packages/airflow/example_dags/example_sensors.py
[2024-07-10T23:47:25.111+0000] {processor.py:830} INFO - Processing file /home/airflow/.local/lib/python3.12/site-packages/airflow/example_dags/example_sensors.py for tasks to queue
[2024-07-10T23:47:25.113+0000] {logging_mixin.py:188} INFO - [2024-07-10T23:47:25.113+0000] {dagbag.py:545} INFO - Filling up the DagBag from /home/airflow/.local/lib/python3.12/site-packages/airflow/example_dags/example_sensors.py
[2024-07-10T23:47:25.122+0000] {processor.py:840} INFO - DAG(s) 'example_sensors' retrieved from /home/airflow/.local/lib/python3.12/site-packages/airflow/example_dags/example_sensors.py
[2024-07-10T23:47:25.151+0000] {logging_mixin.py:188} INFO - [2024-07-10T23:47:25.151+0000] {dag.py:3096} INFO - Sync 1 DAGs
[2024-07-10T23:47:25.164+0000] {logging_mixin.py:188} INFO - [2024-07-10T23:47:25.164+0000] {dag.py:3954} INFO - Setting next_dagrun for example_sensors to None, run_after=None
[2024-07-10T23:47:25.187+0000] {processor.py:183} INFO - Processing /home/airflow/.local/lib/python3.12/site-packages/airflow/example_dags/example_sensors.py took 0.084 seconds
[2024-07-10T23:47:55.454+0000] {processor.py:161} INFO - Started process (PID=2974) to work on /home/airflow/.local/lib/python3.12/site-packages/airflow/example_dags/example_sensors.py
[2024-07-10T23:47:55.455+0000] {processor.py:830} INFO - Processing file /home/airflow/.local/lib/python3.12/site-packages/airflow/example_dags/example_sensors.py for tasks to queue
[2024-07-10T23:47:55.457+0000] {logging_mixin.py:188} INFO - [2024-07-10T23:47:55.457+0000] {dagbag.py:545} INFO - Filling up the DagBag from /home/airflow/.local/lib/python3.12/site-packages/airflow/example_dags/example_sensors.py
[2024-07-10T23:47:55.466+0000] {processor.py:840} INFO - DAG(s) 'example_sensors' retrieved from /home/airflow/.local/lib/python3.12/site-packages/airflow/example_dags/example_sensors.py
[2024-07-10T23:47:55.495+0000] {logging_mixin.py:188} INFO - [2024-07-10T23:47:55.494+0000] {dag.py:3096} INFO - Sync 1 DAGs
[2024-07-10T23:47:55.508+0000] {logging_mixin.py:188} INFO - [2024-07-10T23:47:55.507+0000] {dag.py:3954} INFO - Setting next_dagrun for example_sensors to None, run_after=None
[2024-07-10T23:47:55.531+0000] {processor.py:183} INFO - Processing /home/airflow/.local/lib/python3.12/site-packages/airflow/example_dags/example_sensors.py took 0.083 seconds
[2024-07-10T23:48:25.806+0000] {processor.py:161} INFO - Started process (PID=3032) to work on /home/airflow/.local/lib/python3.12/site-packages/airflow/example_dags/example_sensors.py
[2024-07-10T23:48:25.807+0000] {processor.py:830} INFO - Processing file /home/airflow/.local/lib/python3.12/site-packages/airflow/example_dags/example_sensors.py for tasks to queue
[2024-07-10T23:48:25.809+0000] {logging_mixin.py:188} INFO - [2024-07-10T23:48:25.809+0000] {dagbag.py:545} INFO - Filling up the DagBag from /home/airflow/.local/lib/python3.12/site-packages/airflow/example_dags/example_sensors.py
[2024-07-10T23:48:25.818+0000] {processor.py:840} INFO - DAG(s) 'example_sensors' retrieved from /home/airflow/.local/lib/python3.12/site-packages/airflow/example_dags/example_sensors.py
[2024-07-10T23:48:25.847+0000] {logging_mixin.py:188} INFO - [2024-07-10T23:48:25.847+0000] {dag.py:3096} INFO - Sync 1 DAGs
[2024-07-10T23:48:25.860+0000] {logging_mixin.py:188} INFO - [2024-07-10T23:48:25.860+0000] {dag.py:3954} INFO - Setting next_dagrun for example_sensors to None, run_after=None
[2024-07-10T23:48:25.890+0000] {processor.py:183} INFO - Processing /home/airflow/.local/lib/python3.12/site-packages/airflow/example_dags/example_sensors.py took 0.090 seconds
[2024-07-10T23:48:56.447+0000] {processor.py:161} INFO - Started process (PID=3090) to work on /home/airflow/.local/lib/python3.12/site-packages/airflow/example_dags/example_sensors.py
[2024-07-10T23:48:56.450+0000] {processor.py:830} INFO - Processing file /home/airflow/.local/lib/python3.12/site-packages/airflow/example_dags/example_sensors.py for tasks to queue
[2024-07-10T23:48:56.452+0000] {logging_mixin.py:188} INFO - [2024-07-10T23:48:56.452+0000] {dagbag.py:545} INFO - Filling up the DagBag from /home/airflow/.local/lib/python3.12/site-packages/airflow/example_dags/example_sensors.py
[2024-07-10T23:48:56.461+0000] {processor.py:840} INFO - DAG(s) 'example_sensors' retrieved from /home/airflow/.local/lib/python3.12/site-packages/airflow/example_dags/example_sensors.py
[2024-07-10T23:48:56.494+0000] {logging_mixin.py:188} INFO - [2024-07-10T23:48:56.494+0000] {dag.py:3096} INFO - Sync 1 DAGs
[2024-07-10T23:48:56.509+0000] {logging_mixin.py:188} INFO - [2024-07-10T23:48:56.509+0000] {dag.py:3954} INFO - Setting next_dagrun for example_sensors to None, run_after=None
[2024-07-10T23:48:56.531+0000] {processor.py:183} INFO - Processing /home/airflow/.local/lib/python3.12/site-packages/airflow/example_dags/example_sensors.py took 0.091 seconds
[2024-07-10T23:49:27.257+0000] {processor.py:161} INFO - Started process (PID=3148) to work on /home/airflow/.local/lib/python3.12/site-packages/airflow/example_dags/example_sensors.py
[2024-07-10T23:49:27.259+0000] {processor.py:830} INFO - Processing file /home/airflow/.local/lib/python3.12/site-packages/airflow/example_dags/example_sensors.py for tasks to queue
[2024-07-10T23:49:27.260+0000] {logging_mixin.py:188} INFO - [2024-07-10T23:49:27.260+0000] {dagbag.py:545} INFO - Filling up the DagBag from /home/airflow/.local/lib/python3.12/site-packages/airflow/example_dags/example_sensors.py
[2024-07-10T23:49:27.273+0000] {processor.py:840} INFO - DAG(s) 'example_sensors' retrieved from /home/airflow/.local/lib/python3.12/site-packages/airflow/example_dags/example_sensors.py
[2024-07-10T23:49:27.303+0000] {logging_mixin.py:188} INFO - [2024-07-10T23:49:27.303+0000] {dag.py:3096} INFO - Sync 1 DAGs
[2024-07-10T23:49:27.320+0000] {logging_mixin.py:188} INFO - [2024-07-10T23:49:27.320+0000] {dag.py:3954} INFO - Setting next_dagrun for example_sensors to None, run_after=None
[2024-07-10T23:49:27.343+0000] {processor.py:183} INFO - Processing /home/airflow/.local/lib/python3.12/site-packages/airflow/example_dags/example_sensors.py took 0.093 seconds
[2024-07-10T23:49:57.723+0000] {processor.py:161} INFO - Started process (PID=3206) to work on /home/airflow/.local/lib/python3.12/site-packages/airflow/example_dags/example_sensors.py
[2024-07-10T23:49:57.724+0000] {processor.py:830} INFO - Processing file /home/airflow/.local/lib/python3.12/site-packages/airflow/example_dags/example_sensors.py for tasks to queue
[2024-07-10T23:49:57.726+0000] {logging_mixin.py:188} INFO - [2024-07-10T23:49:57.725+0000] {dagbag.py:545} INFO - Filling up the DagBag from /home/airflow/.local/lib/python3.12/site-packages/airflow/example_dags/example_sensors.py
[2024-07-10T23:49:57.735+0000] {processor.py:840} INFO - DAG(s) 'example_sensors' retrieved from /home/airflow/.local/lib/python3.12/site-packages/airflow/example_dags/example_sensors.py
[2024-07-10T23:49:57.767+0000] {logging_mixin.py:188} INFO - [2024-07-10T23:49:57.767+0000] {dag.py:3096} INFO - Sync 1 DAGs
[2024-07-10T23:49:57.781+0000] {logging_mixin.py:188} INFO - [2024-07-10T23:49:57.781+0000] {dag.py:3954} INFO - Setting next_dagrun for example_sensors to None, run_after=None
[2024-07-10T23:49:57.811+0000] {processor.py:183} INFO - Processing /home/airflow/.local/lib/python3.12/site-packages/airflow/example_dags/example_sensors.py took 0.095 seconds
[2024-07-10T23:50:28.030+0000] {processor.py:161} INFO - Started process (PID=3264) to work on /home/airflow/.local/lib/python3.12/site-packages/airflow/example_dags/example_sensors.py
[2024-07-10T23:50:28.032+0000] {processor.py:830} INFO - Processing file /home/airflow/.local/lib/python3.12/site-packages/airflow/example_dags/example_sensors.py for tasks to queue
[2024-07-10T23:50:28.034+0000] {logging_mixin.py:188} INFO - [2024-07-10T23:50:28.033+0000] {dagbag.py:545} INFO - Filling up the DagBag from /home/airflow/.local/lib/python3.12/site-packages/airflow/example_dags/example_sensors.py
[2024-07-10T23:50:28.044+0000] {processor.py:840} INFO - DAG(s) 'example_sensors' retrieved from /home/airflow/.local/lib/python3.12/site-packages/airflow/example_dags/example_sensors.py
[2024-07-10T23:50:28.078+0000] {logging_mixin.py:188} INFO - [2024-07-10T23:50:28.077+0000] {dag.py:3096} INFO - Sync 1 DAGs
[2024-07-10T23:50:28.092+0000] {logging_mixin.py:188} INFO - [2024-07-10T23:50:28.091+0000] {dag.py:3954} INFO - Setting next_dagrun for example_sensors to None, run_after=None
[2024-07-10T23:50:28.116+0000] {processor.py:183} INFO - Processing /home/airflow/.local/lib/python3.12/site-packages/airflow/example_dags/example_sensors.py took 0.092 seconds
[2024-07-10T23:50:58.423+0000] {processor.py:161} INFO - Started process (PID=3322) to work on /home/airflow/.local/lib/python3.12/site-packages/airflow/example_dags/example_sensors.py
[2024-07-10T23:50:58.425+0000] {processor.py:830} INFO - Processing file /home/airflow/.local/lib/python3.12/site-packages/airflow/example_dags/example_sensors.py for tasks to queue
[2024-07-10T23:50:58.426+0000] {logging_mixin.py:188} INFO - [2024-07-10T23:50:58.426+0000] {dagbag.py:545} INFO - Filling up the DagBag from /home/airflow/.local/lib/python3.12/site-packages/airflow/example_dags/example_sensors.py
[2024-07-10T23:50:58.436+0000] {processor.py:840} INFO - DAG(s) 'example_sensors' retrieved from /home/airflow/.local/lib/python3.12/site-packages/airflow/example_dags/example_sensors.py
[2024-07-10T23:50:58.468+0000] {logging_mixin.py:188} INFO - [2024-07-10T23:50:58.468+0000] {dag.py:3096} INFO - Sync 1 DAGs
[2024-07-10T23:50:58.484+0000] {logging_mixin.py:188} INFO - [2024-07-10T23:50:58.484+0000] {dag.py:3954} INFO - Setting next_dagrun for example_sensors to None, run_after=None
[2024-07-10T23:50:58.507+0000] {processor.py:183} INFO - Processing /home/airflow/.local/lib/python3.12/site-packages/airflow/example_dags/example_sensors.py took 0.091 seconds
[2024-07-10T23:51:28.931+0000] {processor.py:161} INFO - Started process (PID=3381) to work on /home/airflow/.local/lib/python3.12/site-packages/airflow/example_dags/example_sensors.py
[2024-07-10T23:51:28.933+0000] {processor.py:830} INFO - Processing file /home/airflow/.local/lib/python3.12/site-packages/airflow/example_dags/example_sensors.py for tasks to queue
[2024-07-10T23:51:28.935+0000] {logging_mixin.py:188} INFO - [2024-07-10T23:51:28.934+0000] {dagbag.py:545} INFO - Filling up the DagBag from /home/airflow/.local/lib/python3.12/site-packages/airflow/example_dags/example_sensors.py
[2024-07-10T23:51:28.945+0000] {processor.py:840} INFO - DAG(s) 'example_sensors' retrieved from /home/airflow/.local/lib/python3.12/site-packages/airflow/example_dags/example_sensors.py
[2024-07-10T23:51:28.975+0000] {logging_mixin.py:188} INFO - [2024-07-10T23:51:28.974+0000] {dag.py:3096} INFO - Sync 1 DAGs
[2024-07-10T23:51:28.989+0000] {logging_mixin.py:188} INFO - [2024-07-10T23:51:28.989+0000] {dag.py:3954} INFO - Setting next_dagrun for example_sensors to None, run_after=None
[2024-07-10T23:51:29.016+0000] {processor.py:183} INFO - Processing /home/airflow/.local/lib/python3.12/site-packages/airflow/example_dags/example_sensors.py took 0.092 seconds
[2024-07-10T23:51:59.225+0000] {processor.py:161} INFO - Started process (PID=3439) to work on /home/airflow/.local/lib/python3.12/site-packages/airflow/example_dags/example_sensors.py
[2024-07-10T23:51:59.227+0000] {processor.py:830} INFO - Processing file /home/airflow/.local/lib/python3.12/site-packages/airflow/example_dags/example_sensors.py for tasks to queue
[2024-07-10T23:51:59.228+0000] {logging_mixin.py:188} INFO - [2024-07-10T23:51:59.228+0000] {dagbag.py:545} INFO - Filling up the DagBag from /home/airflow/.local/lib/python3.12/site-packages/airflow/example_dags/example_sensors.py
[2024-07-10T23:51:59.238+0000] {processor.py:840} INFO - DAG(s) 'example_sensors' retrieved from /home/airflow/.local/lib/python3.12/site-packages/airflow/example_dags/example_sensors.py
[2024-07-10T23:51:59.268+0000] {logging_mixin.py:188} INFO - [2024-07-10T23:51:59.267+0000] {dag.py:3096} INFO - Sync 1 DAGs
[2024-07-10T23:51:59.281+0000] {logging_mixin.py:188} INFO - [2024-07-10T23:51:59.281+0000] {dag.py:3954} INFO - Setting next_dagrun for example_sensors to None, run_after=None
[2024-07-10T23:51:59.305+0000] {processor.py:183} INFO - Processing /home/airflow/.local/lib/python3.12/site-packages/airflow/example_dags/example_sensors.py took 0.086 seconds
[2024-07-10T23:52:30.219+0000] {processor.py:161} INFO - Started process (PID=3497) to work on /home/airflow/.local/lib/python3.12/site-packages/airflow/example_dags/example_sensors.py
[2024-07-10T23:52:30.220+0000] {processor.py:830} INFO - Processing file /home/airflow/.local/lib/python3.12/site-packages/airflow/example_dags/example_sensors.py for tasks to queue
[2024-07-10T23:52:30.221+0000] {logging_mixin.py:188} INFO - [2024-07-10T23:52:30.221+0000] {dagbag.py:545} INFO - Filling up the DagBag from /home/airflow/.local/lib/python3.12/site-packages/airflow/example_dags/example_sensors.py
[2024-07-10T23:52:30.231+0000] {processor.py:840} INFO - DAG(s) 'example_sensors' retrieved from /home/airflow/.local/lib/python3.12/site-packages/airflow/example_dags/example_sensors.py
[2024-07-10T23:52:30.263+0000] {logging_mixin.py:188} INFO - [2024-07-10T23:52:30.263+0000] {dag.py:3096} INFO - Sync 1 DAGs
[2024-07-10T23:52:30.277+0000] {logging_mixin.py:188} INFO - [2024-07-10T23:52:30.277+0000] {dag.py:3954} INFO - Setting next_dagrun for example_sensors to None, run_after=None
[2024-07-10T23:52:30.311+0000] {processor.py:183} INFO - Processing /home/airflow/.local/lib/python3.12/site-packages/airflow/example_dags/example_sensors.py took 0.099 seconds
[2024-07-10T23:53:00.821+0000] {processor.py:161} INFO - Started process (PID=3556) to work on /home/airflow/.local/lib/python3.12/site-packages/airflow/example_dags/example_sensors.py
[2024-07-10T23:53:00.827+0000] {processor.py:830} INFO - Processing file /home/airflow/.local/lib/python3.12/site-packages/airflow/example_dags/example_sensors.py for tasks to queue
[2024-07-10T23:53:00.829+0000] {logging_mixin.py:188} INFO - [2024-07-10T23:53:00.828+0000] {dagbag.py:545} INFO - Filling up the DagBag from /home/airflow/.local/lib/python3.12/site-packages/airflow/example_dags/example_sensors.py
[2024-07-10T23:53:00.839+0000] {processor.py:840} INFO - DAG(s) 'example_sensors' retrieved from /home/airflow/.local/lib/python3.12/site-packages/airflow/example_dags/example_sensors.py
[2024-07-10T23:53:00.868+0000] {logging_mixin.py:188} INFO - [2024-07-10T23:53:00.867+0000] {dag.py:3096} INFO - Sync 1 DAGs
[2024-07-10T23:53:00.882+0000] {logging_mixin.py:188} INFO - [2024-07-10T23:53:00.882+0000] {dag.py:3954} INFO - Setting next_dagrun for example_sensors to None, run_after=None
[2024-07-10T23:53:00.917+0000] {processor.py:183} INFO - Processing /home/airflow/.local/lib/python3.12/site-packages/airflow/example_dags/example_sensors.py took 0.101 seconds
[2024-07-10T23:53:31.615+0000] {processor.py:161} INFO - Started process (PID=3613) to work on /home/airflow/.local/lib/python3.12/site-packages/airflow/example_dags/example_sensors.py
[2024-07-10T23:53:31.625+0000] {processor.py:830} INFO - Processing file /home/airflow/.local/lib/python3.12/site-packages/airflow/example_dags/example_sensors.py for tasks to queue
[2024-07-10T23:53:31.629+0000] {logging_mixin.py:188} INFO - [2024-07-10T23:53:31.628+0000] {dagbag.py:545} INFO - Filling up the DagBag from /home/airflow/.local/lib/python3.12/site-packages/airflow/example_dags/example_sensors.py
[2024-07-10T23:53:31.646+0000] {processor.py:840} INFO - DAG(s) 'example_sensors' retrieved from /home/airflow/.local/lib/python3.12/site-packages/airflow/example_dags/example_sensors.py
[2024-07-10T23:53:31.746+0000] {logging_mixin.py:188} INFO - [2024-07-10T23:53:31.746+0000] {dag.py:3096} INFO - Sync 1 DAGs
[2024-07-10T23:53:31.790+0000] {logging_mixin.py:188} INFO - [2024-07-10T23:53:31.790+0000] {dag.py:3954} INFO - Setting next_dagrun for example_sensors to None, run_after=None
[2024-07-10T23:53:31.870+0000] {processor.py:183} INFO - Processing /home/airflow/.local/lib/python3.12/site-packages/airflow/example_dags/example_sensors.py took 0.269 seconds
[2024-07-10T23:54:01.980+0000] {processor.py:161} INFO - Started process (PID=3671) to work on /home/airflow/.local/lib/python3.12/site-packages/airflow/example_dags/example_sensors.py
[2024-07-10T23:54:01.981+0000] {processor.py:830} INFO - Processing file /home/airflow/.local/lib/python3.12/site-packages/airflow/example_dags/example_sensors.py for tasks to queue
[2024-07-10T23:54:01.985+0000] {logging_mixin.py:188} INFO - [2024-07-10T23:54:01.984+0000] {dagbag.py:545} INFO - Filling up the DagBag from /home/airflow/.local/lib/python3.12/site-packages/airflow/example_dags/example_sensors.py
[2024-07-10T23:54:02.002+0000] {processor.py:840} INFO - DAG(s) 'example_sensors' retrieved from /home/airflow/.local/lib/python3.12/site-packages/airflow/example_dags/example_sensors.py
[2024-07-10T23:54:02.047+0000] {logging_mixin.py:188} INFO - [2024-07-10T23:54:02.046+0000] {dag.py:3096} INFO - Sync 1 DAGs
[2024-07-10T23:54:02.073+0000] {logging_mixin.py:188} INFO - [2024-07-10T23:54:02.072+0000] {dag.py:3954} INFO - Setting next_dagrun for example_sensors to None, run_after=None
[2024-07-10T23:54:02.122+0000] {processor.py:183} INFO - Processing /home/airflow/.local/lib/python3.12/site-packages/airflow/example_dags/example_sensors.py took 0.154 seconds
[2024-07-10T23:54:32.268+0000] {processor.py:161} INFO - Started process (PID=3729) to work on /home/airflow/.local/lib/python3.12/site-packages/airflow/example_dags/example_sensors.py
[2024-07-10T23:54:32.270+0000] {processor.py:830} INFO - Processing file /home/airflow/.local/lib/python3.12/site-packages/airflow/example_dags/example_sensors.py for tasks to queue
[2024-07-10T23:54:32.273+0000] {logging_mixin.py:188} INFO - [2024-07-10T23:54:32.272+0000] {dagbag.py:545} INFO - Filling up the DagBag from /home/airflow/.local/lib/python3.12/site-packages/airflow/example_dags/example_sensors.py
[2024-07-10T23:54:32.287+0000] {processor.py:840} INFO - DAG(s) 'example_sensors' retrieved from /home/airflow/.local/lib/python3.12/site-packages/airflow/example_dags/example_sensors.py
[2024-07-10T23:54:32.344+0000] {logging_mixin.py:188} INFO - [2024-07-10T23:54:32.343+0000] {dag.py:3096} INFO - Sync 1 DAGs
[2024-07-10T23:54:32.365+0000] {logging_mixin.py:188} INFO - [2024-07-10T23:54:32.365+0000] {dag.py:3954} INFO - Setting next_dagrun for example_sensors to None, run_after=None
[2024-07-10T23:54:32.418+0000] {processor.py:183} INFO - Processing /home/airflow/.local/lib/python3.12/site-packages/airflow/example_dags/example_sensors.py took 0.160 seconds
[2024-07-10T23:55:02.618+0000] {processor.py:161} INFO - Started process (PID=3787) to work on /home/airflow/.local/lib/python3.12/site-packages/airflow/example_dags/example_sensors.py
[2024-07-10T23:55:02.620+0000] {processor.py:830} INFO - Processing file /home/airflow/.local/lib/python3.12/site-packages/airflow/example_dags/example_sensors.py for tasks to queue
[2024-07-10T23:55:02.622+0000] {logging_mixin.py:188} INFO - [2024-07-10T23:55:02.622+0000] {dagbag.py:545} INFO - Filling up the DagBag from /home/airflow/.local/lib/python3.12/site-packages/airflow/example_dags/example_sensors.py
[2024-07-10T23:55:02.639+0000] {processor.py:840} INFO - DAG(s) 'example_sensors' retrieved from /home/airflow/.local/lib/python3.12/site-packages/airflow/example_dags/example_sensors.py
[2024-07-10T23:55:02.678+0000] {logging_mixin.py:188} INFO - [2024-07-10T23:55:02.678+0000] {dag.py:3096} INFO - Sync 1 DAGs
[2024-07-10T23:55:02.700+0000] {logging_mixin.py:188} INFO - [2024-07-10T23:55:02.699+0000] {dag.py:3954} INFO - Setting next_dagrun for example_sensors to None, run_after=None
[2024-07-10T23:55:02.727+0000] {processor.py:183} INFO - Processing /home/airflow/.local/lib/python3.12/site-packages/airflow/example_dags/example_sensors.py took 0.125 seconds
[2024-07-10T23:55:34.006+0000] {processor.py:161} INFO - Started process (PID=3843) to work on /home/airflow/.local/lib/python3.12/site-packages/airflow/example_dags/example_sensors.py
[2024-07-10T23:55:34.007+0000] {processor.py:830} INFO - Processing file /home/airflow/.local/lib/python3.12/site-packages/airflow/example_dags/example_sensors.py for tasks to queue
[2024-07-10T23:55:34.010+0000] {logging_mixin.py:188} INFO - [2024-07-10T23:55:34.009+0000] {dagbag.py:545} INFO - Filling up the DagBag from /home/airflow/.local/lib/python3.12/site-packages/airflow/example_dags/example_sensors.py
[2024-07-10T23:55:34.057+0000] {processor.py:840} INFO - DAG(s) 'example_sensors' retrieved from /home/airflow/.local/lib/python3.12/site-packages/airflow/example_dags/example_sensors.py
[2024-07-10T23:55:34.161+0000] {logging_mixin.py:188} INFO - [2024-07-10T23:55:34.160+0000] {dag.py:3096} INFO - Sync 1 DAGs
[2024-07-10T23:55:34.195+0000] {logging_mixin.py:188} INFO - [2024-07-10T23:55:34.192+0000] {dag.py:3954} INFO - Setting next_dagrun for example_sensors to None, run_after=None
[2024-07-10T23:55:34.262+0000] {processor.py:183} INFO - Processing /home/airflow/.local/lib/python3.12/site-packages/airflow/example_dags/example_sensors.py took 0.286 seconds
[2024-07-10T23:56:05.046+0000] {processor.py:161} INFO - Started process (PID=3901) to work on /home/airflow/.local/lib/python3.12/site-packages/airflow/example_dags/example_sensors.py
[2024-07-10T23:56:05.048+0000] {processor.py:830} INFO - Processing file /home/airflow/.local/lib/python3.12/site-packages/airflow/example_dags/example_sensors.py for tasks to queue
[2024-07-10T23:56:05.057+0000] {logging_mixin.py:188} INFO - [2024-07-10T23:56:05.056+0000] {dagbag.py:545} INFO - Filling up the DagBag from /home/airflow/.local/lib/python3.12/site-packages/airflow/example_dags/example_sensors.py
[2024-07-10T23:56:05.075+0000] {processor.py:840} INFO - DAG(s) 'example_sensors' retrieved from /home/airflow/.local/lib/python3.12/site-packages/airflow/example_dags/example_sensors.py
[2024-07-10T23:56:05.143+0000] {logging_mixin.py:188} INFO - [2024-07-10T23:56:05.143+0000] {dag.py:3096} INFO - Sync 1 DAGs
[2024-07-10T23:56:05.177+0000] {logging_mixin.py:188} INFO - [2024-07-10T23:56:05.177+0000] {dag.py:3954} INFO - Setting next_dagrun for example_sensors to None, run_after=None
[2024-07-10T23:56:05.223+0000] {processor.py:183} INFO - Processing /home/airflow/.local/lib/python3.12/site-packages/airflow/example_dags/example_sensors.py took 0.185 seconds
[2024-07-10T23:56:35.702+0000] {processor.py:161} INFO - Started process (PID=3960) to work on /home/airflow/.local/lib/python3.12/site-packages/airflow/example_dags/example_sensors.py
[2024-07-10T23:56:35.708+0000] {processor.py:830} INFO - Processing file /home/airflow/.local/lib/python3.12/site-packages/airflow/example_dags/example_sensors.py for tasks to queue
[2024-07-10T23:56:35.710+0000] {logging_mixin.py:188} INFO - [2024-07-10T23:56:35.710+0000] {dagbag.py:545} INFO - Filling up the DagBag from /home/airflow/.local/lib/python3.12/site-packages/airflow/example_dags/example_sensors.py
[2024-07-10T23:56:35.731+0000] {processor.py:840} INFO - DAG(s) 'example_sensors' retrieved from /home/airflow/.local/lib/python3.12/site-packages/airflow/example_dags/example_sensors.py
[2024-07-10T23:56:35.784+0000] {logging_mixin.py:188} INFO - [2024-07-10T23:56:35.783+0000] {dag.py:3096} INFO - Sync 1 DAGs
[2024-07-10T23:56:35.806+0000] {logging_mixin.py:188} INFO - [2024-07-10T23:56:35.806+0000] {dag.py:3954} INFO - Setting next_dagrun for example_sensors to None, run_after=None
[2024-07-10T23:56:35.858+0000] {processor.py:183} INFO - Processing /home/airflow/.local/lib/python3.12/site-packages/airflow/example_dags/example_sensors.py took 0.167 seconds
[2024-07-10T23:57:05.970+0000] {processor.py:161} INFO - Started process (PID=4018) to work on /home/airflow/.local/lib/python3.12/site-packages/airflow/example_dags/example_sensors.py
[2024-07-10T23:57:05.972+0000] {processor.py:830} INFO - Processing file /home/airflow/.local/lib/python3.12/site-packages/airflow/example_dags/example_sensors.py for tasks to queue
[2024-07-10T23:57:05.975+0000] {logging_mixin.py:188} INFO - [2024-07-10T23:57:05.974+0000] {dagbag.py:545} INFO - Filling up the DagBag from /home/airflow/.local/lib/python3.12/site-packages/airflow/example_dags/example_sensors.py
[2024-07-10T23:57:05.994+0000] {processor.py:840} INFO - DAG(s) 'example_sensors' retrieved from /home/airflow/.local/lib/python3.12/site-packages/airflow/example_dags/example_sensors.py
[2024-07-10T23:57:06.036+0000] {logging_mixin.py:188} INFO - [2024-07-10T23:57:06.036+0000] {dag.py:3096} INFO - Sync 1 DAGs
[2024-07-10T23:57:06.064+0000] {logging_mixin.py:188} INFO - [2024-07-10T23:57:06.064+0000] {dag.py:3954} INFO - Setting next_dagrun for example_sensors to None, run_after=None
[2024-07-10T23:57:06.104+0000] {processor.py:183} INFO - Processing /home/airflow/.local/lib/python3.12/site-packages/airflow/example_dags/example_sensors.py took 0.148 seconds
[2024-07-10T23:57:36.820+0000] {processor.py:161} INFO - Started process (PID=4076) to work on /home/airflow/.local/lib/python3.12/site-packages/airflow/example_dags/example_sensors.py
[2024-07-10T23:57:36.845+0000] {processor.py:830} INFO - Processing file /home/airflow/.local/lib/python3.12/site-packages/airflow/example_dags/example_sensors.py for tasks to queue
[2024-07-10T23:57:36.851+0000] {logging_mixin.py:188} INFO - [2024-07-10T23:57:36.847+0000] {dagbag.py:545} INFO - Filling up the DagBag from /home/airflow/.local/lib/python3.12/site-packages/airflow/example_dags/example_sensors.py
[2024-07-10T23:57:36.884+0000] {processor.py:840} INFO - DAG(s) 'example_sensors' retrieved from /home/airflow/.local/lib/python3.12/site-packages/airflow/example_dags/example_sensors.py
[2024-07-10T23:57:36.934+0000] {logging_mixin.py:188} INFO - [2024-07-10T23:57:36.933+0000] {dag.py:3096} INFO - Sync 1 DAGs
[2024-07-10T23:57:36.963+0000] {logging_mixin.py:188} INFO - [2024-07-10T23:57:36.962+0000] {dag.py:3954} INFO - Setting next_dagrun for example_sensors to None, run_after=None
[2024-07-10T23:57:37.016+0000] {processor.py:183} INFO - Processing /home/airflow/.local/lib/python3.12/site-packages/airflow/example_dags/example_sensors.py took 0.214 seconds
[2024-07-10T23:58:07.118+0000] {processor.py:161} INFO - Started process (PID=4133) to work on /home/airflow/.local/lib/python3.12/site-packages/airflow/example_dags/example_sensors.py
[2024-07-10T23:58:07.127+0000] {processor.py:830} INFO - Processing file /home/airflow/.local/lib/python3.12/site-packages/airflow/example_dags/example_sensors.py for tasks to queue
[2024-07-10T23:58:07.130+0000] {logging_mixin.py:188} INFO - [2024-07-10T23:58:07.129+0000] {dagbag.py:545} INFO - Filling up the DagBag from /home/airflow/.local/lib/python3.12/site-packages/airflow/example_dags/example_sensors.py
[2024-07-10T23:58:07.141+0000] {processor.py:840} INFO - DAG(s) 'example_sensors' retrieved from /home/airflow/.local/lib/python3.12/site-packages/airflow/example_dags/example_sensors.py
[2024-07-10T23:58:07.188+0000] {logging_mixin.py:188} INFO - [2024-07-10T23:58:07.188+0000] {dag.py:3096} INFO - Sync 1 DAGs
[2024-07-10T23:58:07.207+0000] {logging_mixin.py:188} INFO - [2024-07-10T23:58:07.206+0000] {dag.py:3954} INFO - Setting next_dagrun for example_sensors to None, run_after=None
[2024-07-10T23:58:07.242+0000] {processor.py:183} INFO - Processing /home/airflow/.local/lib/python3.12/site-packages/airflow/example_dags/example_sensors.py took 0.132 seconds
[2024-07-10T23:58:38.199+0000] {processor.py:161} INFO - Started process (PID=4191) to work on /home/airflow/.local/lib/python3.12/site-packages/airflow/example_dags/example_sensors.py
[2024-07-10T23:58:38.204+0000] {processor.py:830} INFO - Processing file /home/airflow/.local/lib/python3.12/site-packages/airflow/example_dags/example_sensors.py for tasks to queue
[2024-07-10T23:58:38.216+0000] {logging_mixin.py:188} INFO - [2024-07-10T23:58:38.215+0000] {dagbag.py:545} INFO - Filling up the DagBag from /home/airflow/.local/lib/python3.12/site-packages/airflow/example_dags/example_sensors.py
[2024-07-10T23:58:38.229+0000] {processor.py:840} INFO - DAG(s) 'example_sensors' retrieved from /home/airflow/.local/lib/python3.12/site-packages/airflow/example_dags/example_sensors.py
[2024-07-10T23:58:38.284+0000] {logging_mixin.py:188} INFO - [2024-07-10T23:58:38.284+0000] {dag.py:3096} INFO - Sync 1 DAGs
[2024-07-10T23:58:38.306+0000] {logging_mixin.py:188} INFO - [2024-07-10T23:58:38.305+0000] {dag.py:3954} INFO - Setting next_dagrun for example_sensors to None, run_after=None
[2024-07-10T23:58:38.339+0000] {processor.py:183} INFO - Processing /home/airflow/.local/lib/python3.12/site-packages/airflow/example_dags/example_sensors.py took 0.149 seconds
[2024-07-10T23:59:08.872+0000] {processor.py:161} INFO - Started process (PID=4249) to work on /home/airflow/.local/lib/python3.12/site-packages/airflow/example_dags/example_sensors.py
[2024-07-10T23:59:08.876+0000] {processor.py:830} INFO - Processing file /home/airflow/.local/lib/python3.12/site-packages/airflow/example_dags/example_sensors.py for tasks to queue
[2024-07-10T23:59:08.878+0000] {logging_mixin.py:188} INFO - [2024-07-10T23:59:08.877+0000] {dagbag.py:545} INFO - Filling up the DagBag from /home/airflow/.local/lib/python3.12/site-packages/airflow/example_dags/example_sensors.py
[2024-07-10T23:59:08.888+0000] {processor.py:840} INFO - DAG(s) 'example_sensors' retrieved from /home/airflow/.local/lib/python3.12/site-packages/airflow/example_dags/example_sensors.py
[2024-07-10T23:59:08.932+0000] {logging_mixin.py:188} INFO - [2024-07-10T23:59:08.932+0000] {dag.py:3096} INFO - Sync 1 DAGs
[2024-07-10T23:59:08.951+0000] {logging_mixin.py:188} INFO - [2024-07-10T23:59:08.951+0000] {dag.py:3954} INFO - Setting next_dagrun for example_sensors to None, run_after=None
[2024-07-10T23:59:08.991+0000] {processor.py:183} INFO - Processing /home/airflow/.local/lib/python3.12/site-packages/airflow/example_dags/example_sensors.py took 0.130 seconds
[2024-07-10T23:59:39.279+0000] {processor.py:161} INFO - Started process (PID=4307) to work on /home/airflow/.local/lib/python3.12/site-packages/airflow/example_dags/example_sensors.py
[2024-07-10T23:59:39.286+0000] {processor.py:830} INFO - Processing file /home/airflow/.local/lib/python3.12/site-packages/airflow/example_dags/example_sensors.py for tasks to queue
[2024-07-10T23:59:39.291+0000] {logging_mixin.py:188} INFO - [2024-07-10T23:59:39.288+0000] {dagbag.py:545} INFO - Filling up the DagBag from /home/airflow/.local/lib/python3.12/site-packages/airflow/example_dags/example_sensors.py
[2024-07-10T23:59:39.306+0000] {processor.py:840} INFO - DAG(s) 'example_sensors' retrieved from /home/airflow/.local/lib/python3.12/site-packages/airflow/example_dags/example_sensors.py
[2024-07-10T23:59:39.355+0000] {logging_mixin.py:188} INFO - [2024-07-10T23:59:39.355+0000] {dag.py:3096} INFO - Sync 1 DAGs
[2024-07-10T23:59:39.375+0000] {logging_mixin.py:188} INFO - [2024-07-10T23:59:39.375+0000] {dag.py:3954} INFO - Setting next_dagrun for example_sensors to None, run_after=None
[2024-07-10T23:59:39.438+0000] {processor.py:183} INFO - Processing /home/airflow/.local/lib/python3.12/site-packages/airflow/example_dags/example_sensors.py took 0.166 seconds
