[2024-07-10T13:36:30.748+0000] {processor.py:161} INFO - Started process (PID=58) to work on /home/airflow/.local/lib/python3.12/site-packages/airflow/example_dags/example_latest_only.py
[2024-07-10T13:36:30.749+0000] {processor.py:830} INFO - Processing file /home/airflow/.local/lib/python3.12/site-packages/airflow/example_dags/example_latest_only.py for tasks to queue
[2024-07-10T13:36:30.751+0000] {logging_mixin.py:188} INFO - [2024-07-10T13:36:30.750+0000] {dagbag.py:545} INFO - Filling up the DagBag from /home/airflow/.local/lib/python3.12/site-packages/airflow/example_dags/example_latest_only.py
[2024-07-10T13:36:30.758+0000] {processor.py:840} INFO - DAG(s) 'latest_only' retrieved from /home/airflow/.local/lib/python3.12/site-packages/airflow/example_dags/example_latest_only.py
[2024-07-10T13:36:30.909+0000] {logging_mixin.py:188} INFO - [2024-07-10T13:36:30.908+0000] {dag.py:3096} INFO - Sync 1 DAGs
[2024-07-10T13:36:30.935+0000] {logging_mixin.py:188} INFO - [2024-07-10T13:36:30.935+0000] {dag.py:3954} INFO - Setting next_dagrun for latest_only to 2024-07-10 08:00:00+00:00, run_after=2024-07-10 12:00:00+00:00
[2024-07-10T13:36:30.992+0000] {processor.py:183} INFO - Processing /home/airflow/.local/lib/python3.12/site-packages/airflow/example_dags/example_latest_only.py took 0.254 seconds
[2024-07-10T23:22:28.320+0000] {processor.py:161} INFO - Started process (PID=50) to work on /home/airflow/.local/lib/python3.12/site-packages/airflow/example_dags/example_latest_only.py
[2024-07-10T23:22:28.322+0000] {processor.py:830} INFO - Processing file /home/airflow/.local/lib/python3.12/site-packages/airflow/example_dags/example_latest_only.py for tasks to queue
[2024-07-10T23:22:28.325+0000] {logging_mixin.py:188} INFO - [2024-07-10T23:22:28.324+0000] {dagbag.py:545} INFO - Filling up the DagBag from /home/airflow/.local/lib/python3.12/site-packages/airflow/example_dags/example_latest_only.py
[2024-07-10T23:22:28.331+0000] {processor.py:840} INFO - DAG(s) 'latest_only' retrieved from /home/airflow/.local/lib/python3.12/site-packages/airflow/example_dags/example_latest_only.py
[2024-07-10T23:22:28.359+0000] {logging_mixin.py:188} INFO - [2024-07-10T23:22:28.359+0000] {dag.py:3096} INFO - Sync 1 DAGs
[2024-07-10T23:22:28.388+0000] {logging_mixin.py:188} INFO - [2024-07-10T23:22:28.388+0000] {dag.py:3954} INFO - Setting next_dagrun for latest_only to 2024-07-10 16:00:00+00:00, run_after=2024-07-10 20:00:00+00:00
[2024-07-10T23:22:28.428+0000] {processor.py:183} INFO - Processing /home/airflow/.local/lib/python3.12/site-packages/airflow/example_dags/example_latest_only.py took 0.117 seconds
[2024-07-10T23:22:58.727+0000] {processor.py:161} INFO - Started process (PID=108) to work on /home/airflow/.local/lib/python3.12/site-packages/airflow/example_dags/example_latest_only.py
[2024-07-10T23:22:58.728+0000] {processor.py:830} INFO - Processing file /home/airflow/.local/lib/python3.12/site-packages/airflow/example_dags/example_latest_only.py for tasks to queue
[2024-07-10T23:22:58.730+0000] {logging_mixin.py:188} INFO - [2024-07-10T23:22:58.729+0000] {dagbag.py:545} INFO - Filling up the DagBag from /home/airflow/.local/lib/python3.12/site-packages/airflow/example_dags/example_latest_only.py
[2024-07-10T23:22:58.734+0000] {processor.py:840} INFO - DAG(s) 'latest_only' retrieved from /home/airflow/.local/lib/python3.12/site-packages/airflow/example_dags/example_latest_only.py
[2024-07-10T23:22:58.757+0000] {logging_mixin.py:188} INFO - [2024-07-10T23:22:58.757+0000] {dag.py:3096} INFO - Sync 1 DAGs
[2024-07-10T23:22:58.780+0000] {logging_mixin.py:188} INFO - [2024-07-10T23:22:58.779+0000] {dag.py:3954} INFO - Setting next_dagrun for latest_only to 2024-07-10 16:00:00+00:00, run_after=2024-07-10 20:00:00+00:00
[2024-07-10T23:22:58.807+0000] {processor.py:183} INFO - Processing /home/airflow/.local/lib/python3.12/site-packages/airflow/example_dags/example_latest_only.py took 0.086 seconds
[2024-07-10T23:23:29.815+0000] {processor.py:161} INFO - Started process (PID=166) to work on /home/airflow/.local/lib/python3.12/site-packages/airflow/example_dags/example_latest_only.py
[2024-07-10T23:23:29.816+0000] {processor.py:830} INFO - Processing file /home/airflow/.local/lib/python3.12/site-packages/airflow/example_dags/example_latest_only.py for tasks to queue
[2024-07-10T23:23:29.818+0000] {logging_mixin.py:188} INFO - [2024-07-10T23:23:29.817+0000] {dagbag.py:545} INFO - Filling up the DagBag from /home/airflow/.local/lib/python3.12/site-packages/airflow/example_dags/example_latest_only.py
[2024-07-10T23:23:29.824+0000] {processor.py:840} INFO - DAG(s) 'latest_only' retrieved from /home/airflow/.local/lib/python3.12/site-packages/airflow/example_dags/example_latest_only.py
[2024-07-10T23:23:29.846+0000] {logging_mixin.py:188} INFO - [2024-07-10T23:23:29.846+0000] {dag.py:3096} INFO - Sync 1 DAGs
[2024-07-10T23:23:29.872+0000] {logging_mixin.py:188} INFO - [2024-07-10T23:23:29.871+0000] {dag.py:3954} INFO - Setting next_dagrun for latest_only to 2024-07-10 16:00:00+00:00, run_after=2024-07-10 20:00:00+00:00
[2024-07-10T23:23:29.894+0000] {processor.py:183} INFO - Processing /home/airflow/.local/lib/python3.12/site-packages/airflow/example_dags/example_latest_only.py took 0.085 seconds
[2024-07-10T23:24:00.310+0000] {processor.py:161} INFO - Started process (PID=224) to work on /home/airflow/.local/lib/python3.12/site-packages/airflow/example_dags/example_latest_only.py
[2024-07-10T23:24:00.311+0000] {processor.py:830} INFO - Processing file /home/airflow/.local/lib/python3.12/site-packages/airflow/example_dags/example_latest_only.py for tasks to queue
[2024-07-10T23:24:00.313+0000] {logging_mixin.py:188} INFO - [2024-07-10T23:24:00.312+0000] {dagbag.py:545} INFO - Filling up the DagBag from /home/airflow/.local/lib/python3.12/site-packages/airflow/example_dags/example_latest_only.py
[2024-07-10T23:24:00.318+0000] {processor.py:840} INFO - DAG(s) 'latest_only' retrieved from /home/airflow/.local/lib/python3.12/site-packages/airflow/example_dags/example_latest_only.py
[2024-07-10T23:24:00.341+0000] {logging_mixin.py:188} INFO - [2024-07-10T23:24:00.341+0000] {dag.py:3096} INFO - Sync 1 DAGs
[2024-07-10T23:24:00.366+0000] {logging_mixin.py:188} INFO - [2024-07-10T23:24:00.366+0000] {dag.py:3954} INFO - Setting next_dagrun for latest_only to 2024-07-10 16:00:00+00:00, run_after=2024-07-10 20:00:00+00:00
[2024-07-10T23:24:00.387+0000] {processor.py:183} INFO - Processing /home/airflow/.local/lib/python3.12/site-packages/airflow/example_dags/example_latest_only.py took 0.084 seconds
[2024-07-10T23:24:30.629+0000] {processor.py:161} INFO - Started process (PID=282) to work on /home/airflow/.local/lib/python3.12/site-packages/airflow/example_dags/example_latest_only.py
[2024-07-10T23:24:30.631+0000] {processor.py:830} INFO - Processing file /home/airflow/.local/lib/python3.12/site-packages/airflow/example_dags/example_latest_only.py for tasks to queue
[2024-07-10T23:24:30.633+0000] {logging_mixin.py:188} INFO - [2024-07-10T23:24:30.633+0000] {dagbag.py:545} INFO - Filling up the DagBag from /home/airflow/.local/lib/python3.12/site-packages/airflow/example_dags/example_latest_only.py
[2024-07-10T23:24:30.639+0000] {processor.py:840} INFO - DAG(s) 'latest_only' retrieved from /home/airflow/.local/lib/python3.12/site-packages/airflow/example_dags/example_latest_only.py
[2024-07-10T23:24:30.661+0000] {logging_mixin.py:188} INFO - [2024-07-10T23:24:30.661+0000] {dag.py:3096} INFO - Sync 1 DAGs
[2024-07-10T23:24:30.687+0000] {logging_mixin.py:188} INFO - [2024-07-10T23:24:30.687+0000] {dag.py:3954} INFO - Setting next_dagrun for latest_only to 2024-07-10 16:00:00+00:00, run_after=2024-07-10 20:00:00+00:00
[2024-07-10T23:24:30.709+0000] {processor.py:183} INFO - Processing /home/airflow/.local/lib/python3.12/site-packages/airflow/example_dags/example_latest_only.py took 0.087 seconds
[2024-07-10T23:25:01.215+0000] {processor.py:161} INFO - Started process (PID=340) to work on /home/airflow/.local/lib/python3.12/site-packages/airflow/example_dags/example_latest_only.py
[2024-07-10T23:25:01.216+0000] {processor.py:830} INFO - Processing file /home/airflow/.local/lib/python3.12/site-packages/airflow/example_dags/example_latest_only.py for tasks to queue
[2024-07-10T23:25:01.218+0000] {logging_mixin.py:188} INFO - [2024-07-10T23:25:01.218+0000] {dagbag.py:545} INFO - Filling up the DagBag from /home/airflow/.local/lib/python3.12/site-packages/airflow/example_dags/example_latest_only.py
[2024-07-10T23:25:01.223+0000] {processor.py:840} INFO - DAG(s) 'latest_only' retrieved from /home/airflow/.local/lib/python3.12/site-packages/airflow/example_dags/example_latest_only.py
[2024-07-10T23:25:01.246+0000] {logging_mixin.py:188} INFO - [2024-07-10T23:25:01.246+0000] {dag.py:3096} INFO - Sync 1 DAGs
[2024-07-10T23:25:01.275+0000] {logging_mixin.py:188} INFO - [2024-07-10T23:25:01.275+0000] {dag.py:3954} INFO - Setting next_dagrun for latest_only to 2024-07-10 16:00:00+00:00, run_after=2024-07-10 20:00:00+00:00
[2024-07-10T23:25:01.310+0000] {processor.py:183} INFO - Processing /home/airflow/.local/lib/python3.12/site-packages/airflow/example_dags/example_latest_only.py took 0.097 seconds
[2024-07-10T23:25:31.548+0000] {processor.py:161} INFO - Started process (PID=399) to work on /home/airflow/.local/lib/python3.12/site-packages/airflow/example_dags/example_latest_only.py
[2024-07-10T23:25:31.549+0000] {processor.py:830} INFO - Processing file /home/airflow/.local/lib/python3.12/site-packages/airflow/example_dags/example_latest_only.py for tasks to queue
[2024-07-10T23:25:31.551+0000] {logging_mixin.py:188} INFO - [2024-07-10T23:25:31.551+0000] {dagbag.py:545} INFO - Filling up the DagBag from /home/airflow/.local/lib/python3.12/site-packages/airflow/example_dags/example_latest_only.py
[2024-07-10T23:25:31.558+0000] {processor.py:840} INFO - DAG(s) 'latest_only' retrieved from /home/airflow/.local/lib/python3.12/site-packages/airflow/example_dags/example_latest_only.py
[2024-07-10T23:25:31.584+0000] {logging_mixin.py:188} INFO - [2024-07-10T23:25:31.583+0000] {dag.py:3096} INFO - Sync 1 DAGs
[2024-07-10T23:25:31.613+0000] {logging_mixin.py:188} INFO - [2024-07-10T23:25:31.613+0000] {dag.py:3954} INFO - Setting next_dagrun for latest_only to 2024-07-10 16:00:00+00:00, run_after=2024-07-10 20:00:00+00:00
[2024-07-10T23:25:31.646+0000] {processor.py:183} INFO - Processing /home/airflow/.local/lib/python3.12/site-packages/airflow/example_dags/example_latest_only.py took 0.106 seconds
[2024-07-10T23:26:01.722+0000] {processor.py:161} INFO - Started process (PID=457) to work on /home/airflow/.local/lib/python3.12/site-packages/airflow/example_dags/example_latest_only.py
[2024-07-10T23:26:01.722+0000] {processor.py:830} INFO - Processing file /home/airflow/.local/lib/python3.12/site-packages/airflow/example_dags/example_latest_only.py for tasks to queue
[2024-07-10T23:26:01.724+0000] {logging_mixin.py:188} INFO - [2024-07-10T23:26:01.724+0000] {dagbag.py:545} INFO - Filling up the DagBag from /home/airflow/.local/lib/python3.12/site-packages/airflow/example_dags/example_latest_only.py
[2024-07-10T23:26:01.729+0000] {processor.py:840} INFO - DAG(s) 'latest_only' retrieved from /home/airflow/.local/lib/python3.12/site-packages/airflow/example_dags/example_latest_only.py
[2024-07-10T23:26:01.754+0000] {logging_mixin.py:188} INFO - [2024-07-10T23:26:01.754+0000] {dag.py:3096} INFO - Sync 1 DAGs
[2024-07-10T23:26:01.778+0000] {logging_mixin.py:188} INFO - [2024-07-10T23:26:01.778+0000] {dag.py:3954} INFO - Setting next_dagrun for latest_only to 2024-07-10 16:00:00+00:00, run_after=2024-07-10 20:00:00+00:00
[2024-07-10T23:26:01.800+0000] {processor.py:183} INFO - Processing /home/airflow/.local/lib/python3.12/site-packages/airflow/example_dags/example_latest_only.py took 0.084 seconds
[2024-07-10T23:26:32.118+0000] {processor.py:161} INFO - Started process (PID=515) to work on /home/airflow/.local/lib/python3.12/site-packages/airflow/example_dags/example_latest_only.py
[2024-07-10T23:26:32.119+0000] {processor.py:830} INFO - Processing file /home/airflow/.local/lib/python3.12/site-packages/airflow/example_dags/example_latest_only.py for tasks to queue
[2024-07-10T23:26:32.121+0000] {logging_mixin.py:188} INFO - [2024-07-10T23:26:32.120+0000] {dagbag.py:545} INFO - Filling up the DagBag from /home/airflow/.local/lib/python3.12/site-packages/airflow/example_dags/example_latest_only.py
[2024-07-10T23:26:32.126+0000] {processor.py:840} INFO - DAG(s) 'latest_only' retrieved from /home/airflow/.local/lib/python3.12/site-packages/airflow/example_dags/example_latest_only.py
[2024-07-10T23:26:32.150+0000] {logging_mixin.py:188} INFO - [2024-07-10T23:26:32.150+0000] {dag.py:3096} INFO - Sync 1 DAGs
[2024-07-10T23:26:32.175+0000] {logging_mixin.py:188} INFO - [2024-07-10T23:26:32.174+0000] {dag.py:3954} INFO - Setting next_dagrun for latest_only to 2024-07-10 16:00:00+00:00, run_after=2024-07-10 20:00:00+00:00
[2024-07-10T23:26:32.200+0000] {processor.py:183} INFO - Processing /home/airflow/.local/lib/python3.12/site-packages/airflow/example_dags/example_latest_only.py took 0.088 seconds
[2024-07-10T23:27:03.347+0000] {processor.py:161} INFO - Started process (PID=573) to work on /home/airflow/.local/lib/python3.12/site-packages/airflow/example_dags/example_latest_only.py
[2024-07-10T23:27:03.353+0000] {processor.py:830} INFO - Processing file /home/airflow/.local/lib/python3.12/site-packages/airflow/example_dags/example_latest_only.py for tasks to queue
[2024-07-10T23:27:03.355+0000] {logging_mixin.py:188} INFO - [2024-07-10T23:27:03.354+0000] {dagbag.py:545} INFO - Filling up the DagBag from /home/airflow/.local/lib/python3.12/site-packages/airflow/example_dags/example_latest_only.py
[2024-07-10T23:27:03.361+0000] {processor.py:840} INFO - DAG(s) 'latest_only' retrieved from /home/airflow/.local/lib/python3.12/site-packages/airflow/example_dags/example_latest_only.py
[2024-07-10T23:27:03.390+0000] {logging_mixin.py:188} INFO - [2024-07-10T23:27:03.389+0000] {dag.py:3096} INFO - Sync 1 DAGs
[2024-07-10T23:27:03.420+0000] {logging_mixin.py:188} INFO - [2024-07-10T23:27:03.419+0000] {dag.py:3954} INFO - Setting next_dagrun for latest_only to 2024-07-10 16:00:00+00:00, run_after=2024-07-10 20:00:00+00:00
[2024-07-10T23:27:03.440+0000] {processor.py:183} INFO - Processing /home/airflow/.local/lib/python3.12/site-packages/airflow/example_dags/example_latest_only.py took 0.101 seconds
[2024-07-10T23:27:33.865+0000] {processor.py:161} INFO - Started process (PID=632) to work on /home/airflow/.local/lib/python3.12/site-packages/airflow/example_dags/example_latest_only.py
[2024-07-10T23:27:33.866+0000] {processor.py:830} INFO - Processing file /home/airflow/.local/lib/python3.12/site-packages/airflow/example_dags/example_latest_only.py for tasks to queue
[2024-07-10T23:27:33.868+0000] {logging_mixin.py:188} INFO - [2024-07-10T23:27:33.868+0000] {dagbag.py:545} INFO - Filling up the DagBag from /home/airflow/.local/lib/python3.12/site-packages/airflow/example_dags/example_latest_only.py
[2024-07-10T23:27:33.873+0000] {processor.py:840} INFO - DAG(s) 'latest_only' retrieved from /home/airflow/.local/lib/python3.12/site-packages/airflow/example_dags/example_latest_only.py
[2024-07-10T23:27:33.895+0000] {logging_mixin.py:188} INFO - [2024-07-10T23:27:33.895+0000] {dag.py:3096} INFO - Sync 1 DAGs
[2024-07-10T23:27:33.921+0000] {logging_mixin.py:188} INFO - [2024-07-10T23:27:33.921+0000] {dag.py:3954} INFO - Setting next_dagrun for latest_only to 2024-07-10 16:00:00+00:00, run_after=2024-07-10 20:00:00+00:00
[2024-07-10T23:27:33.947+0000] {processor.py:183} INFO - Processing /home/airflow/.local/lib/python3.12/site-packages/airflow/example_dags/example_latest_only.py took 0.090 seconds
[2024-07-10T23:28:04.207+0000] {processor.py:161} INFO - Started process (PID=690) to work on /home/airflow/.local/lib/python3.12/site-packages/airflow/example_dags/example_latest_only.py
[2024-07-10T23:28:04.209+0000] {processor.py:830} INFO - Processing file /home/airflow/.local/lib/python3.12/site-packages/airflow/example_dags/example_latest_only.py for tasks to queue
[2024-07-10T23:28:04.211+0000] {logging_mixin.py:188} INFO - [2024-07-10T23:28:04.210+0000] {dagbag.py:545} INFO - Filling up the DagBag from /home/airflow/.local/lib/python3.12/site-packages/airflow/example_dags/example_latest_only.py
[2024-07-10T23:28:04.216+0000] {processor.py:840} INFO - DAG(s) 'latest_only' retrieved from /home/airflow/.local/lib/python3.12/site-packages/airflow/example_dags/example_latest_only.py
[2024-07-10T23:28:04.238+0000] {logging_mixin.py:188} INFO - [2024-07-10T23:28:04.238+0000] {dag.py:3096} INFO - Sync 1 DAGs
[2024-07-10T23:28:04.265+0000] {logging_mixin.py:188} INFO - [2024-07-10T23:28:04.265+0000] {dag.py:3954} INFO - Setting next_dagrun for latest_only to 2024-07-10 16:00:00+00:00, run_after=2024-07-10 20:00:00+00:00
[2024-07-10T23:28:04.294+0000] {processor.py:183} INFO - Processing /home/airflow/.local/lib/python3.12/site-packages/airflow/example_dags/example_latest_only.py took 0.093 seconds
[2024-07-10T23:28:34.417+0000] {processor.py:161} INFO - Started process (PID=748) to work on /home/airflow/.local/lib/python3.12/site-packages/airflow/example_dags/example_latest_only.py
[2024-07-10T23:28:34.418+0000] {processor.py:830} INFO - Processing file /home/airflow/.local/lib/python3.12/site-packages/airflow/example_dags/example_latest_only.py for tasks to queue
[2024-07-10T23:28:34.421+0000] {logging_mixin.py:188} INFO - [2024-07-10T23:28:34.420+0000] {dagbag.py:545} INFO - Filling up the DagBag from /home/airflow/.local/lib/python3.12/site-packages/airflow/example_dags/example_latest_only.py
[2024-07-10T23:28:34.425+0000] {processor.py:840} INFO - DAG(s) 'latest_only' retrieved from /home/airflow/.local/lib/python3.12/site-packages/airflow/example_dags/example_latest_only.py
[2024-07-10T23:28:34.450+0000] {logging_mixin.py:188} INFO - [2024-07-10T23:28:34.450+0000] {dag.py:3096} INFO - Sync 1 DAGs
[2024-07-10T23:28:34.474+0000] {logging_mixin.py:188} INFO - [2024-07-10T23:28:34.474+0000] {dag.py:3954} INFO - Setting next_dagrun for latest_only to 2024-07-10 16:00:00+00:00, run_after=2024-07-10 20:00:00+00:00
[2024-07-10T23:28:34.499+0000] {processor.py:183} INFO - Processing /home/airflow/.local/lib/python3.12/site-packages/airflow/example_dags/example_latest_only.py took 0.089 seconds
[2024-07-10T23:29:04.645+0000] {processor.py:161} INFO - Started process (PID=805) to work on /home/airflow/.local/lib/python3.12/site-packages/airflow/example_dags/example_latest_only.py
[2024-07-10T23:29:04.646+0000] {processor.py:830} INFO - Processing file /home/airflow/.local/lib/python3.12/site-packages/airflow/example_dags/example_latest_only.py for tasks to queue
[2024-07-10T23:29:04.649+0000] {logging_mixin.py:188} INFO - [2024-07-10T23:29:04.648+0000] {dagbag.py:545} INFO - Filling up the DagBag from /home/airflow/.local/lib/python3.12/site-packages/airflow/example_dags/example_latest_only.py
[2024-07-10T23:29:04.654+0000] {processor.py:840} INFO - DAG(s) 'latest_only' retrieved from /home/airflow/.local/lib/python3.12/site-packages/airflow/example_dags/example_latest_only.py
[2024-07-10T23:29:04.676+0000] {logging_mixin.py:188} INFO - [2024-07-10T23:29:04.676+0000] {dag.py:3096} INFO - Sync 1 DAGs
[2024-07-10T23:29:04.703+0000] {logging_mixin.py:188} INFO - [2024-07-10T23:29:04.702+0000] {dag.py:3954} INFO - Setting next_dagrun for latest_only to 2024-07-10 16:00:00+00:00, run_after=2024-07-10 20:00:00+00:00
[2024-07-10T23:29:04.731+0000] {processor.py:183} INFO - Processing /home/airflow/.local/lib/python3.12/site-packages/airflow/example_dags/example_latest_only.py took 0.093 seconds
[2024-07-10T23:29:35.797+0000] {processor.py:161} INFO - Started process (PID=864) to work on /home/airflow/.local/lib/python3.12/site-packages/airflow/example_dags/example_latest_only.py
[2024-07-10T23:29:35.798+0000] {processor.py:830} INFO - Processing file /home/airflow/.local/lib/python3.12/site-packages/airflow/example_dags/example_latest_only.py for tasks to queue
[2024-07-10T23:29:35.800+0000] {logging_mixin.py:188} INFO - [2024-07-10T23:29:35.799+0000] {dagbag.py:545} INFO - Filling up the DagBag from /home/airflow/.local/lib/python3.12/site-packages/airflow/example_dags/example_latest_only.py
[2024-07-10T23:29:35.804+0000] {processor.py:840} INFO - DAG(s) 'latest_only' retrieved from /home/airflow/.local/lib/python3.12/site-packages/airflow/example_dags/example_latest_only.py
[2024-07-10T23:29:35.828+0000] {logging_mixin.py:188} INFO - [2024-07-10T23:29:35.828+0000] {dag.py:3096} INFO - Sync 1 DAGs
[2024-07-10T23:29:35.854+0000] {logging_mixin.py:188} INFO - [2024-07-10T23:29:35.853+0000] {dag.py:3954} INFO - Setting next_dagrun for latest_only to 2024-07-10 16:00:00+00:00, run_after=2024-07-10 20:00:00+00:00
[2024-07-10T23:29:35.878+0000] {processor.py:183} INFO - Processing /home/airflow/.local/lib/python3.12/site-packages/airflow/example_dags/example_latest_only.py took 0.088 seconds
[2024-07-10T23:30:06.048+0000] {processor.py:161} INFO - Started process (PID=921) to work on /home/airflow/.local/lib/python3.12/site-packages/airflow/example_dags/example_latest_only.py
[2024-07-10T23:30:06.050+0000] {processor.py:830} INFO - Processing file /home/airflow/.local/lib/python3.12/site-packages/airflow/example_dags/example_latest_only.py for tasks to queue
[2024-07-10T23:30:06.053+0000] {logging_mixin.py:188} INFO - [2024-07-10T23:30:06.052+0000] {dagbag.py:545} INFO - Filling up the DagBag from /home/airflow/.local/lib/python3.12/site-packages/airflow/example_dags/example_latest_only.py
[2024-07-10T23:30:06.058+0000] {processor.py:840} INFO - DAG(s) 'latest_only' retrieved from /home/airflow/.local/lib/python3.12/site-packages/airflow/example_dags/example_latest_only.py
[2024-07-10T23:30:06.081+0000] {logging_mixin.py:188} INFO - [2024-07-10T23:30:06.081+0000] {dag.py:3096} INFO - Sync 1 DAGs
[2024-07-10T23:30:06.105+0000] {logging_mixin.py:188} INFO - [2024-07-10T23:30:06.105+0000] {dag.py:3954} INFO - Setting next_dagrun for latest_only to 2024-07-10 16:00:00+00:00, run_after=2024-07-10 20:00:00+00:00
[2024-07-10T23:30:06.127+0000] {processor.py:183} INFO - Processing /home/airflow/.local/lib/python3.12/site-packages/airflow/example_dags/example_latest_only.py took 0.085 seconds
[2024-07-10T23:30:36.209+0000] {processor.py:161} INFO - Started process (PID=978) to work on /home/airflow/.local/lib/python3.12/site-packages/airflow/example_dags/example_latest_only.py
[2024-07-10T23:30:36.213+0000] {processor.py:830} INFO - Processing file /home/airflow/.local/lib/python3.12/site-packages/airflow/example_dags/example_latest_only.py for tasks to queue
[2024-07-10T23:30:36.215+0000] {logging_mixin.py:188} INFO - [2024-07-10T23:30:36.214+0000] {dagbag.py:545} INFO - Filling up the DagBag from /home/airflow/.local/lib/python3.12/site-packages/airflow/example_dags/example_latest_only.py
[2024-07-10T23:30:36.219+0000] {processor.py:840} INFO - DAG(s) 'latest_only' retrieved from /home/airflow/.local/lib/python3.12/site-packages/airflow/example_dags/example_latest_only.py
[2024-07-10T23:30:36.244+0000] {logging_mixin.py:188} INFO - [2024-07-10T23:30:36.244+0000] {dag.py:3096} INFO - Sync 1 DAGs
[2024-07-10T23:30:36.268+0000] {logging_mixin.py:188} INFO - [2024-07-10T23:30:36.267+0000] {dag.py:3954} INFO - Setting next_dagrun for latest_only to 2024-07-10 16:00:00+00:00, run_after=2024-07-10 20:00:00+00:00
[2024-07-10T23:30:36.291+0000] {processor.py:183} INFO - Processing /home/airflow/.local/lib/python3.12/site-packages/airflow/example_dags/example_latest_only.py took 0.087 seconds
[2024-07-10T23:31:06.427+0000] {processor.py:161} INFO - Started process (PID=1036) to work on /home/airflow/.local/lib/python3.12/site-packages/airflow/example_dags/example_latest_only.py
[2024-07-10T23:31:06.428+0000] {processor.py:830} INFO - Processing file /home/airflow/.local/lib/python3.12/site-packages/airflow/example_dags/example_latest_only.py for tasks to queue
[2024-07-10T23:31:06.431+0000] {logging_mixin.py:188} INFO - [2024-07-10T23:31:06.430+0000] {dagbag.py:545} INFO - Filling up the DagBag from /home/airflow/.local/lib/python3.12/site-packages/airflow/example_dags/example_latest_only.py
[2024-07-10T23:31:06.435+0000] {processor.py:840} INFO - DAG(s) 'latest_only' retrieved from /home/airflow/.local/lib/python3.12/site-packages/airflow/example_dags/example_latest_only.py
[2024-07-10T23:31:06.460+0000] {logging_mixin.py:188} INFO - [2024-07-10T23:31:06.460+0000] {dag.py:3096} INFO - Sync 1 DAGs
[2024-07-10T23:31:06.484+0000] {logging_mixin.py:188} INFO - [2024-07-10T23:31:06.484+0000] {dag.py:3954} INFO - Setting next_dagrun for latest_only to 2024-07-10 16:00:00+00:00, run_after=2024-07-10 20:00:00+00:00
[2024-07-10T23:31:06.514+0000] {processor.py:183} INFO - Processing /home/airflow/.local/lib/python3.12/site-packages/airflow/example_dags/example_latest_only.py took 0.094 seconds
[2024-07-10T23:31:36.825+0000] {processor.py:161} INFO - Started process (PID=1094) to work on /home/airflow/.local/lib/python3.12/site-packages/airflow/example_dags/example_latest_only.py
[2024-07-10T23:31:36.828+0000] {processor.py:830} INFO - Processing file /home/airflow/.local/lib/python3.12/site-packages/airflow/example_dags/example_latest_only.py for tasks to queue
[2024-07-10T23:31:36.831+0000] {logging_mixin.py:188} INFO - [2024-07-10T23:31:36.830+0000] {dagbag.py:545} INFO - Filling up the DagBag from /home/airflow/.local/lib/python3.12/site-packages/airflow/example_dags/example_latest_only.py
[2024-07-10T23:31:36.838+0000] {processor.py:840} INFO - DAG(s) 'latest_only' retrieved from /home/airflow/.local/lib/python3.12/site-packages/airflow/example_dags/example_latest_only.py
[2024-07-10T23:31:36.876+0000] {logging_mixin.py:188} INFO - [2024-07-10T23:31:36.876+0000] {dag.py:3096} INFO - Sync 1 DAGs
[2024-07-10T23:31:36.910+0000] {logging_mixin.py:188} INFO - [2024-07-10T23:31:36.909+0000] {dag.py:3954} INFO - Setting next_dagrun for latest_only to 2024-07-10 16:00:00+00:00, run_after=2024-07-10 20:00:00+00:00
[2024-07-10T23:31:36.940+0000] {processor.py:183} INFO - Processing /home/airflow/.local/lib/python3.12/site-packages/airflow/example_dags/example_latest_only.py took 0.126 seconds
[2024-07-10T23:32:07.068+0000] {processor.py:161} INFO - Started process (PID=1158) to work on /home/airflow/.local/lib/python3.12/site-packages/airflow/example_dags/example_latest_only.py
[2024-07-10T23:32:07.071+0000] {processor.py:830} INFO - Processing file /home/airflow/.local/lib/python3.12/site-packages/airflow/example_dags/example_latest_only.py for tasks to queue
[2024-07-10T23:32:07.073+0000] {logging_mixin.py:188} INFO - [2024-07-10T23:32:07.072+0000] {dagbag.py:545} INFO - Filling up the DagBag from /home/airflow/.local/lib/python3.12/site-packages/airflow/example_dags/example_latest_only.py
[2024-07-10T23:32:07.077+0000] {processor.py:840} INFO - DAG(s) 'latest_only' retrieved from /home/airflow/.local/lib/python3.12/site-packages/airflow/example_dags/example_latest_only.py
[2024-07-10T23:32:07.102+0000] {logging_mixin.py:188} INFO - [2024-07-10T23:32:07.102+0000] {dag.py:3096} INFO - Sync 1 DAGs
[2024-07-10T23:32:07.128+0000] {logging_mixin.py:188} INFO - [2024-07-10T23:32:07.128+0000] {dag.py:3954} INFO - Setting next_dagrun for latest_only to 2024-07-10 16:00:00+00:00, run_after=2024-07-10 20:00:00+00:00
[2024-07-10T23:32:07.152+0000] {processor.py:183} INFO - Processing /home/airflow/.local/lib/python3.12/site-packages/airflow/example_dags/example_latest_only.py took 0.090 seconds
[2024-07-10T23:32:37.231+0000] {processor.py:161} INFO - Started process (PID=1216) to work on /home/airflow/.local/lib/python3.12/site-packages/airflow/example_dags/example_latest_only.py
[2024-07-10T23:32:37.233+0000] {processor.py:830} INFO - Processing file /home/airflow/.local/lib/python3.12/site-packages/airflow/example_dags/example_latest_only.py for tasks to queue
[2024-07-10T23:32:37.235+0000] {logging_mixin.py:188} INFO - [2024-07-10T23:32:37.234+0000] {dagbag.py:545} INFO - Filling up the DagBag from /home/airflow/.local/lib/python3.12/site-packages/airflow/example_dags/example_latest_only.py
[2024-07-10T23:32:37.240+0000] {processor.py:840} INFO - DAG(s) 'latest_only' retrieved from /home/airflow/.local/lib/python3.12/site-packages/airflow/example_dags/example_latest_only.py
[2024-07-10T23:32:37.266+0000] {logging_mixin.py:188} INFO - [2024-07-10T23:32:37.265+0000] {dag.py:3096} INFO - Sync 1 DAGs
[2024-07-10T23:32:37.292+0000] {logging_mixin.py:188} INFO - [2024-07-10T23:32:37.291+0000] {dag.py:3954} INFO - Setting next_dagrun for latest_only to 2024-07-10 16:00:00+00:00, run_after=2024-07-10 20:00:00+00:00
[2024-07-10T23:32:37.323+0000] {processor.py:183} INFO - Processing /home/airflow/.local/lib/python3.12/site-packages/airflow/example_dags/example_latest_only.py took 0.099 seconds
[2024-07-10T23:33:07.462+0000] {processor.py:161} INFO - Started process (PID=1274) to work on /home/airflow/.local/lib/python3.12/site-packages/airflow/example_dags/example_latest_only.py
[2024-07-10T23:33:07.463+0000] {processor.py:830} INFO - Processing file /home/airflow/.local/lib/python3.12/site-packages/airflow/example_dags/example_latest_only.py for tasks to queue
[2024-07-10T23:33:07.466+0000] {logging_mixin.py:188} INFO - [2024-07-10T23:33:07.466+0000] {dagbag.py:545} INFO - Filling up the DagBag from /home/airflow/.local/lib/python3.12/site-packages/airflow/example_dags/example_latest_only.py
[2024-07-10T23:33:07.473+0000] {processor.py:840} INFO - DAG(s) 'latest_only' retrieved from /home/airflow/.local/lib/python3.12/site-packages/airflow/example_dags/example_latest_only.py
[2024-07-10T23:33:07.502+0000] {logging_mixin.py:188} INFO - [2024-07-10T23:33:07.499+0000] {dag.py:3096} INFO - Sync 1 DAGs
[2024-07-10T23:33:07.537+0000] {logging_mixin.py:188} INFO - [2024-07-10T23:33:07.537+0000] {dag.py:3954} INFO - Setting next_dagrun for latest_only to 2024-07-10 16:00:00+00:00, run_after=2024-07-10 20:00:00+00:00
[2024-07-10T23:33:07.558+0000] {processor.py:183} INFO - Processing /home/airflow/.local/lib/python3.12/site-packages/airflow/example_dags/example_latest_only.py took 0.118 seconds
[2024-07-10T23:33:37.807+0000] {processor.py:161} INFO - Started process (PID=1332) to work on /home/airflow/.local/lib/python3.12/site-packages/airflow/example_dags/example_latest_only.py
[2024-07-10T23:33:37.809+0000] {processor.py:830} INFO - Processing file /home/airflow/.local/lib/python3.12/site-packages/airflow/example_dags/example_latest_only.py for tasks to queue
[2024-07-10T23:33:37.811+0000] {logging_mixin.py:188} INFO - [2024-07-10T23:33:37.811+0000] {dagbag.py:545} INFO - Filling up the DagBag from /home/airflow/.local/lib/python3.12/site-packages/airflow/example_dags/example_latest_only.py
[2024-07-10T23:33:37.816+0000] {processor.py:840} INFO - DAG(s) 'latest_only' retrieved from /home/airflow/.local/lib/python3.12/site-packages/airflow/example_dags/example_latest_only.py
[2024-07-10T23:33:37.838+0000] {logging_mixin.py:188} INFO - [2024-07-10T23:33:37.838+0000] {dag.py:3096} INFO - Sync 1 DAGs
[2024-07-10T23:33:37.868+0000] {logging_mixin.py:188} INFO - [2024-07-10T23:33:37.867+0000] {dag.py:3954} INFO - Setting next_dagrun for latest_only to 2024-07-10 16:00:00+00:00, run_after=2024-07-10 20:00:00+00:00
[2024-07-10T23:33:37.903+0000] {processor.py:183} INFO - Processing /home/airflow/.local/lib/python3.12/site-packages/airflow/example_dags/example_latest_only.py took 0.102 seconds
[2024-07-10T23:34:08.088+0000] {processor.py:161} INFO - Started process (PID=1391) to work on /home/airflow/.local/lib/python3.12/site-packages/airflow/example_dags/example_latest_only.py
[2024-07-10T23:34:08.090+0000] {processor.py:830} INFO - Processing file /home/airflow/.local/lib/python3.12/site-packages/airflow/example_dags/example_latest_only.py for tasks to queue
[2024-07-10T23:34:08.092+0000] {logging_mixin.py:188} INFO - [2024-07-10T23:34:08.091+0000] {dagbag.py:545} INFO - Filling up the DagBag from /home/airflow/.local/lib/python3.12/site-packages/airflow/example_dags/example_latest_only.py
[2024-07-10T23:34:08.097+0000] {processor.py:840} INFO - DAG(s) 'latest_only' retrieved from /home/airflow/.local/lib/python3.12/site-packages/airflow/example_dags/example_latest_only.py
[2024-07-10T23:34:08.123+0000] {logging_mixin.py:188} INFO - [2024-07-10T23:34:08.123+0000] {dag.py:3096} INFO - Sync 1 DAGs
[2024-07-10T23:34:08.148+0000] {logging_mixin.py:188} INFO - [2024-07-10T23:34:08.148+0000] {dag.py:3954} INFO - Setting next_dagrun for latest_only to 2024-07-10 16:00:00+00:00, run_after=2024-07-10 20:00:00+00:00
[2024-07-10T23:34:08.171+0000] {processor.py:183} INFO - Processing /home/airflow/.local/lib/python3.12/site-packages/airflow/example_dags/example_latest_only.py took 0.089 seconds
[2024-07-10T23:34:38.769+0000] {processor.py:161} INFO - Started process (PID=1449) to work on /home/airflow/.local/lib/python3.12/site-packages/airflow/example_dags/example_latest_only.py
[2024-07-10T23:34:38.770+0000] {processor.py:830} INFO - Processing file /home/airflow/.local/lib/python3.12/site-packages/airflow/example_dags/example_latest_only.py for tasks to queue
[2024-07-10T23:34:38.772+0000] {logging_mixin.py:188} INFO - [2024-07-10T23:34:38.772+0000] {dagbag.py:545} INFO - Filling up the DagBag from /home/airflow/.local/lib/python3.12/site-packages/airflow/example_dags/example_latest_only.py
[2024-07-10T23:34:38.777+0000] {processor.py:840} INFO - DAG(s) 'latest_only' retrieved from /home/airflow/.local/lib/python3.12/site-packages/airflow/example_dags/example_latest_only.py
[2024-07-10T23:34:38.802+0000] {logging_mixin.py:188} INFO - [2024-07-10T23:34:38.802+0000] {dag.py:3096} INFO - Sync 1 DAGs
[2024-07-10T23:34:38.828+0000] {logging_mixin.py:188} INFO - [2024-07-10T23:34:38.828+0000] {dag.py:3954} INFO - Setting next_dagrun for latest_only to 2024-07-10 16:00:00+00:00, run_after=2024-07-10 20:00:00+00:00
[2024-07-10T23:34:38.858+0000] {processor.py:183} INFO - Processing /home/airflow/.local/lib/python3.12/site-packages/airflow/example_dags/example_latest_only.py took 0.096 seconds
[2024-07-10T23:35:09.162+0000] {processor.py:161} INFO - Started process (PID=1506) to work on /home/airflow/.local/lib/python3.12/site-packages/airflow/example_dags/example_latest_only.py
[2024-07-10T23:35:09.163+0000] {processor.py:830} INFO - Processing file /home/airflow/.local/lib/python3.12/site-packages/airflow/example_dags/example_latest_only.py for tasks to queue
[2024-07-10T23:35:09.165+0000] {logging_mixin.py:188} INFO - [2024-07-10T23:35:09.164+0000] {dagbag.py:545} INFO - Filling up the DagBag from /home/airflow/.local/lib/python3.12/site-packages/airflow/example_dags/example_latest_only.py
[2024-07-10T23:35:09.169+0000] {processor.py:840} INFO - DAG(s) 'latest_only' retrieved from /home/airflow/.local/lib/python3.12/site-packages/airflow/example_dags/example_latest_only.py
[2024-07-10T23:35:09.195+0000] {logging_mixin.py:188} INFO - [2024-07-10T23:35:09.195+0000] {dag.py:3096} INFO - Sync 1 DAGs
[2024-07-10T23:35:09.220+0000] {logging_mixin.py:188} INFO - [2024-07-10T23:35:09.220+0000] {dag.py:3954} INFO - Setting next_dagrun for latest_only to 2024-07-10 16:00:00+00:00, run_after=2024-07-10 20:00:00+00:00
[2024-07-10T23:35:09.253+0000] {processor.py:183} INFO - Processing /home/airflow/.local/lib/python3.12/site-packages/airflow/example_dags/example_latest_only.py took 0.099 seconds
[2024-07-10T23:35:39.667+0000] {processor.py:161} INFO - Started process (PID=1564) to work on /home/airflow/.local/lib/python3.12/site-packages/airflow/example_dags/example_latest_only.py
[2024-07-10T23:35:39.671+0000] {processor.py:830} INFO - Processing file /home/airflow/.local/lib/python3.12/site-packages/airflow/example_dags/example_latest_only.py for tasks to queue
[2024-07-10T23:35:39.672+0000] {logging_mixin.py:188} INFO - [2024-07-10T23:35:39.672+0000] {dagbag.py:545} INFO - Filling up the DagBag from /home/airflow/.local/lib/python3.12/site-packages/airflow/example_dags/example_latest_only.py
[2024-07-10T23:35:39.677+0000] {processor.py:840} INFO - DAG(s) 'latest_only' retrieved from /home/airflow/.local/lib/python3.12/site-packages/airflow/example_dags/example_latest_only.py
[2024-07-10T23:35:39.703+0000] {logging_mixin.py:188} INFO - [2024-07-10T23:35:39.703+0000] {dag.py:3096} INFO - Sync 1 DAGs
[2024-07-10T23:35:39.728+0000] {logging_mixin.py:188} INFO - [2024-07-10T23:35:39.728+0000] {dag.py:3954} INFO - Setting next_dagrun for latest_only to 2024-07-10 16:00:00+00:00, run_after=2024-07-10 20:00:00+00:00
[2024-07-10T23:35:39.759+0000] {processor.py:183} INFO - Processing /home/airflow/.local/lib/python3.12/site-packages/airflow/example_dags/example_latest_only.py took 0.098 seconds
[2024-07-10T23:36:10.559+0000] {processor.py:161} INFO - Started process (PID=1622) to work on /home/airflow/.local/lib/python3.12/site-packages/airflow/example_dags/example_latest_only.py
[2024-07-10T23:36:10.560+0000] {processor.py:830} INFO - Processing file /home/airflow/.local/lib/python3.12/site-packages/airflow/example_dags/example_latest_only.py for tasks to queue
[2024-07-10T23:36:10.562+0000] {logging_mixin.py:188} INFO - [2024-07-10T23:36:10.561+0000] {dagbag.py:545} INFO - Filling up the DagBag from /home/airflow/.local/lib/python3.12/site-packages/airflow/example_dags/example_latest_only.py
[2024-07-10T23:36:10.567+0000] {processor.py:840} INFO - DAG(s) 'latest_only' retrieved from /home/airflow/.local/lib/python3.12/site-packages/airflow/example_dags/example_latest_only.py
[2024-07-10T23:36:10.594+0000] {logging_mixin.py:188} INFO - [2024-07-10T23:36:10.594+0000] {dag.py:3096} INFO - Sync 1 DAGs
[2024-07-10T23:36:10.621+0000] {logging_mixin.py:188} INFO - [2024-07-10T23:36:10.621+0000] {dag.py:3954} INFO - Setting next_dagrun for latest_only to 2024-07-10 16:00:00+00:00, run_after=2024-07-10 20:00:00+00:00
[2024-07-10T23:36:10.644+0000] {processor.py:183} INFO - Processing /home/airflow/.local/lib/python3.12/site-packages/airflow/example_dags/example_latest_only.py took 0.091 seconds
[2024-07-10T23:36:40.880+0000] {processor.py:161} INFO - Started process (PID=1681) to work on /home/airflow/.local/lib/python3.12/site-packages/airflow/example_dags/example_latest_only.py
[2024-07-10T23:36:40.883+0000] {processor.py:830} INFO - Processing file /home/airflow/.local/lib/python3.12/site-packages/airflow/example_dags/example_latest_only.py for tasks to queue
[2024-07-10T23:36:40.886+0000] {logging_mixin.py:188} INFO - [2024-07-10T23:36:40.886+0000] {dagbag.py:545} INFO - Filling up the DagBag from /home/airflow/.local/lib/python3.12/site-packages/airflow/example_dags/example_latest_only.py
[2024-07-10T23:36:40.891+0000] {processor.py:840} INFO - DAG(s) 'latest_only' retrieved from /home/airflow/.local/lib/python3.12/site-packages/airflow/example_dags/example_latest_only.py
[2024-07-10T23:36:40.915+0000] {logging_mixin.py:188} INFO - [2024-07-10T23:36:40.915+0000] {dag.py:3096} INFO - Sync 1 DAGs
[2024-07-10T23:36:40.939+0000] {logging_mixin.py:188} INFO - [2024-07-10T23:36:40.939+0000] {dag.py:3954} INFO - Setting next_dagrun for latest_only to 2024-07-10 16:00:00+00:00, run_after=2024-07-10 20:00:00+00:00
[2024-07-10T23:36:41.108+0000] {processor.py:183} INFO - Processing /home/airflow/.local/lib/python3.12/site-packages/airflow/example_dags/example_latest_only.py took 0.234 seconds
[2024-07-10T23:37:11.657+0000] {processor.py:161} INFO - Started process (PID=1739) to work on /home/airflow/.local/lib/python3.12/site-packages/airflow/example_dags/example_latest_only.py
[2024-07-10T23:37:11.658+0000] {processor.py:830} INFO - Processing file /home/airflow/.local/lib/python3.12/site-packages/airflow/example_dags/example_latest_only.py for tasks to queue
[2024-07-10T23:37:11.660+0000] {logging_mixin.py:188} INFO - [2024-07-10T23:37:11.660+0000] {dagbag.py:545} INFO - Filling up the DagBag from /home/airflow/.local/lib/python3.12/site-packages/airflow/example_dags/example_latest_only.py
[2024-07-10T23:37:11.666+0000] {processor.py:840} INFO - DAG(s) 'latest_only' retrieved from /home/airflow/.local/lib/python3.12/site-packages/airflow/example_dags/example_latest_only.py
[2024-07-10T23:37:11.691+0000] {logging_mixin.py:188} INFO - [2024-07-10T23:37:11.691+0000] {dag.py:3096} INFO - Sync 1 DAGs
[2024-07-10T23:37:11.716+0000] {logging_mixin.py:188} INFO - [2024-07-10T23:37:11.716+0000] {dag.py:3954} INFO - Setting next_dagrun for latest_only to 2024-07-10 16:00:00+00:00, run_after=2024-07-10 20:00:00+00:00
[2024-07-10T23:37:11.740+0000] {processor.py:183} INFO - Processing /home/airflow/.local/lib/python3.12/site-packages/airflow/example_dags/example_latest_only.py took 0.089 seconds
[2024-07-10T23:37:42.396+0000] {processor.py:161} INFO - Started process (PID=1797) to work on /home/airflow/.local/lib/python3.12/site-packages/airflow/example_dags/example_latest_only.py
[2024-07-10T23:37:42.398+0000] {processor.py:830} INFO - Processing file /home/airflow/.local/lib/python3.12/site-packages/airflow/example_dags/example_latest_only.py for tasks to queue
[2024-07-10T23:37:42.401+0000] {logging_mixin.py:188} INFO - [2024-07-10T23:37:42.400+0000] {dagbag.py:545} INFO - Filling up the DagBag from /home/airflow/.local/lib/python3.12/site-packages/airflow/example_dags/example_latest_only.py
[2024-07-10T23:37:42.407+0000] {processor.py:840} INFO - DAG(s) 'latest_only' retrieved from /home/airflow/.local/lib/python3.12/site-packages/airflow/example_dags/example_latest_only.py
[2024-07-10T23:37:42.436+0000] {logging_mixin.py:188} INFO - [2024-07-10T23:37:42.436+0000] {dag.py:3096} INFO - Sync 1 DAGs
[2024-07-10T23:37:42.460+0000] {logging_mixin.py:188} INFO - [2024-07-10T23:37:42.460+0000] {dag.py:3954} INFO - Setting next_dagrun for latest_only to 2024-07-10 16:00:00+00:00, run_after=2024-07-10 20:00:00+00:00
[2024-07-10T23:37:42.483+0000] {processor.py:183} INFO - Processing /home/airflow/.local/lib/python3.12/site-packages/airflow/example_dags/example_latest_only.py took 0.095 seconds
[2024-07-10T23:38:13.039+0000] {processor.py:161} INFO - Started process (PID=1855) to work on /home/airflow/.local/lib/python3.12/site-packages/airflow/example_dags/example_latest_only.py
[2024-07-10T23:38:13.040+0000] {processor.py:830} INFO - Processing file /home/airflow/.local/lib/python3.12/site-packages/airflow/example_dags/example_latest_only.py for tasks to queue
[2024-07-10T23:38:13.042+0000] {logging_mixin.py:188} INFO - [2024-07-10T23:38:13.041+0000] {dagbag.py:545} INFO - Filling up the DagBag from /home/airflow/.local/lib/python3.12/site-packages/airflow/example_dags/example_latest_only.py
[2024-07-10T23:38:13.047+0000] {processor.py:840} INFO - DAG(s) 'latest_only' retrieved from /home/airflow/.local/lib/python3.12/site-packages/airflow/example_dags/example_latest_only.py
[2024-07-10T23:38:13.071+0000] {logging_mixin.py:188} INFO - [2024-07-10T23:38:13.071+0000] {dag.py:3096} INFO - Sync 1 DAGs
[2024-07-10T23:38:13.095+0000] {logging_mixin.py:188} INFO - [2024-07-10T23:38:13.095+0000] {dag.py:3954} INFO - Setting next_dagrun for latest_only to 2024-07-10 16:00:00+00:00, run_after=2024-07-10 20:00:00+00:00
[2024-07-10T23:38:13.128+0000] {processor.py:183} INFO - Processing /home/airflow/.local/lib/python3.12/site-packages/airflow/example_dags/example_latest_only.py took 0.095 seconds
[2024-07-10T23:38:43.489+0000] {processor.py:161} INFO - Started process (PID=1913) to work on /home/airflow/.local/lib/python3.12/site-packages/airflow/example_dags/example_latest_only.py
[2024-07-10T23:38:43.490+0000] {processor.py:830} INFO - Processing file /home/airflow/.local/lib/python3.12/site-packages/airflow/example_dags/example_latest_only.py for tasks to queue
[2024-07-10T23:38:43.492+0000] {logging_mixin.py:188} INFO - [2024-07-10T23:38:43.492+0000] {dagbag.py:545} INFO - Filling up the DagBag from /home/airflow/.local/lib/python3.12/site-packages/airflow/example_dags/example_latest_only.py
[2024-07-10T23:38:43.496+0000] {processor.py:840} INFO - DAG(s) 'latest_only' retrieved from /home/airflow/.local/lib/python3.12/site-packages/airflow/example_dags/example_latest_only.py
[2024-07-10T23:38:43.664+0000] {logging_mixin.py:188} INFO - [2024-07-10T23:38:43.664+0000] {dag.py:3096} INFO - Sync 1 DAGs
[2024-07-10T23:38:43.689+0000] {logging_mixin.py:188} INFO - [2024-07-10T23:38:43.689+0000] {dag.py:3954} INFO - Setting next_dagrun for latest_only to 2024-07-10 16:00:00+00:00, run_after=2024-07-10 20:00:00+00:00
[2024-07-10T23:38:43.718+0000] {processor.py:183} INFO - Processing /home/airflow/.local/lib/python3.12/site-packages/airflow/example_dags/example_latest_only.py took 0.236 seconds
[2024-07-10T23:39:13.750+0000] {processor.py:161} INFO - Started process (PID=1970) to work on /home/airflow/.local/lib/python3.12/site-packages/airflow/example_dags/example_latest_only.py
[2024-07-10T23:39:13.751+0000] {processor.py:830} INFO - Processing file /home/airflow/.local/lib/python3.12/site-packages/airflow/example_dags/example_latest_only.py for tasks to queue
[2024-07-10T23:39:13.753+0000] {logging_mixin.py:188} INFO - [2024-07-10T23:39:13.753+0000] {dagbag.py:545} INFO - Filling up the DagBag from /home/airflow/.local/lib/python3.12/site-packages/airflow/example_dags/example_latest_only.py
[2024-07-10T23:39:13.759+0000] {processor.py:840} INFO - DAG(s) 'latest_only' retrieved from /home/airflow/.local/lib/python3.12/site-packages/airflow/example_dags/example_latest_only.py
[2024-07-10T23:39:13.781+0000] {logging_mixin.py:188} INFO - [2024-07-10T23:39:13.780+0000] {dag.py:3096} INFO - Sync 1 DAGs
[2024-07-10T23:39:13.807+0000] {logging_mixin.py:188} INFO - [2024-07-10T23:39:13.807+0000] {dag.py:3954} INFO - Setting next_dagrun for latest_only to 2024-07-10 16:00:00+00:00, run_after=2024-07-10 20:00:00+00:00
[2024-07-10T23:39:13.828+0000] {processor.py:183} INFO - Processing /home/airflow/.local/lib/python3.12/site-packages/airflow/example_dags/example_latest_only.py took 0.084 seconds
[2024-07-10T23:39:44.175+0000] {processor.py:161} INFO - Started process (PID=2030) to work on /home/airflow/.local/lib/python3.12/site-packages/airflow/example_dags/example_latest_only.py
[2024-07-10T23:39:44.176+0000] {processor.py:830} INFO - Processing file /home/airflow/.local/lib/python3.12/site-packages/airflow/example_dags/example_latest_only.py for tasks to queue
[2024-07-10T23:39:44.179+0000] {logging_mixin.py:188} INFO - [2024-07-10T23:39:44.178+0000] {dagbag.py:545} INFO - Filling up the DagBag from /home/airflow/.local/lib/python3.12/site-packages/airflow/example_dags/example_latest_only.py
[2024-07-10T23:39:44.183+0000] {processor.py:840} INFO - DAG(s) 'latest_only' retrieved from /home/airflow/.local/lib/python3.12/site-packages/airflow/example_dags/example_latest_only.py
[2024-07-10T23:39:44.205+0000] {logging_mixin.py:188} INFO - [2024-07-10T23:39:44.205+0000] {dag.py:3096} INFO - Sync 1 DAGs
[2024-07-10T23:39:44.229+0000] {logging_mixin.py:188} INFO - [2024-07-10T23:39:44.229+0000] {dag.py:3954} INFO - Setting next_dagrun for latest_only to 2024-07-10 16:00:00+00:00, run_after=2024-07-10 20:00:00+00:00
[2024-07-10T23:39:44.251+0000] {processor.py:183} INFO - Processing /home/airflow/.local/lib/python3.12/site-packages/airflow/example_dags/example_latest_only.py took 0.083 seconds
[2024-07-10T23:40:14.350+0000] {processor.py:161} INFO - Started process (PID=2088) to work on /home/airflow/.local/lib/python3.12/site-packages/airflow/example_dags/example_latest_only.py
[2024-07-10T23:40:14.351+0000] {processor.py:830} INFO - Processing file /home/airflow/.local/lib/python3.12/site-packages/airflow/example_dags/example_latest_only.py for tasks to queue
[2024-07-10T23:40:14.353+0000] {logging_mixin.py:188} INFO - [2024-07-10T23:40:14.353+0000] {dagbag.py:545} INFO - Filling up the DagBag from /home/airflow/.local/lib/python3.12/site-packages/airflow/example_dags/example_latest_only.py
[2024-07-10T23:40:14.358+0000] {processor.py:840} INFO - DAG(s) 'latest_only' retrieved from /home/airflow/.local/lib/python3.12/site-packages/airflow/example_dags/example_latest_only.py
[2024-07-10T23:40:14.380+0000] {logging_mixin.py:188} INFO - [2024-07-10T23:40:14.380+0000] {dag.py:3096} INFO - Sync 1 DAGs
[2024-07-10T23:40:14.408+0000] {logging_mixin.py:188} INFO - [2024-07-10T23:40:14.408+0000] {dag.py:3954} INFO - Setting next_dagrun for latest_only to 2024-07-10 16:00:00+00:00, run_after=2024-07-10 20:00:00+00:00
[2024-07-10T23:40:14.438+0000] {processor.py:183} INFO - Processing /home/airflow/.local/lib/python3.12/site-packages/airflow/example_dags/example_latest_only.py took 0.095 seconds
[2024-07-10T23:40:44.949+0000] {processor.py:161} INFO - Started process (PID=2146) to work on /home/airflow/.local/lib/python3.12/site-packages/airflow/example_dags/example_latest_only.py
[2024-07-10T23:40:44.951+0000] {processor.py:830} INFO - Processing file /home/airflow/.local/lib/python3.12/site-packages/airflow/example_dags/example_latest_only.py for tasks to queue
[2024-07-10T23:40:44.953+0000] {logging_mixin.py:188} INFO - [2024-07-10T23:40:44.953+0000] {dagbag.py:545} INFO - Filling up the DagBag from /home/airflow/.local/lib/python3.12/site-packages/airflow/example_dags/example_latest_only.py
[2024-07-10T23:40:44.958+0000] {processor.py:840} INFO - DAG(s) 'latest_only' retrieved from /home/airflow/.local/lib/python3.12/site-packages/airflow/example_dags/example_latest_only.py
[2024-07-10T23:40:44.981+0000] {logging_mixin.py:188} INFO - [2024-07-10T23:40:44.981+0000] {dag.py:3096} INFO - Sync 1 DAGs
[2024-07-10T23:40:45.006+0000] {logging_mixin.py:188} INFO - [2024-07-10T23:40:45.005+0000] {dag.py:3954} INFO - Setting next_dagrun for latest_only to 2024-07-10 16:00:00+00:00, run_after=2024-07-10 20:00:00+00:00
[2024-07-10T23:40:45.028+0000] {processor.py:183} INFO - Processing /home/airflow/.local/lib/python3.12/site-packages/airflow/example_dags/example_latest_only.py took 0.085 seconds
[2024-07-10T23:41:15.087+0000] {processor.py:161} INFO - Started process (PID=2205) to work on /home/airflow/.local/lib/python3.12/site-packages/airflow/example_dags/example_latest_only.py
[2024-07-10T23:41:15.088+0000] {processor.py:830} INFO - Processing file /home/airflow/.local/lib/python3.12/site-packages/airflow/example_dags/example_latest_only.py for tasks to queue
[2024-07-10T23:41:15.090+0000] {logging_mixin.py:188} INFO - [2024-07-10T23:41:15.089+0000] {dagbag.py:545} INFO - Filling up the DagBag from /home/airflow/.local/lib/python3.12/site-packages/airflow/example_dags/example_latest_only.py
[2024-07-10T23:41:15.095+0000] {processor.py:840} INFO - DAG(s) 'latest_only' retrieved from /home/airflow/.local/lib/python3.12/site-packages/airflow/example_dags/example_latest_only.py
[2024-07-10T23:41:15.121+0000] {logging_mixin.py:188} INFO - [2024-07-10T23:41:15.121+0000] {dag.py:3096} INFO - Sync 1 DAGs
[2024-07-10T23:41:15.146+0000] {logging_mixin.py:188} INFO - [2024-07-10T23:41:15.146+0000] {dag.py:3954} INFO - Setting next_dagrun for latest_only to 2024-07-10 16:00:00+00:00, run_after=2024-07-10 20:00:00+00:00
[2024-07-10T23:41:15.168+0000] {processor.py:183} INFO - Processing /home/airflow/.local/lib/python3.12/site-packages/airflow/example_dags/example_latest_only.py took 0.088 seconds
[2024-07-10T23:41:45.504+0000] {processor.py:161} INFO - Started process (PID=2264) to work on /home/airflow/.local/lib/python3.12/site-packages/airflow/example_dags/example_latest_only.py
[2024-07-10T23:41:45.505+0000] {processor.py:830} INFO - Processing file /home/airflow/.local/lib/python3.12/site-packages/airflow/example_dags/example_latest_only.py for tasks to queue
[2024-07-10T23:41:45.507+0000] {logging_mixin.py:188} INFO - [2024-07-10T23:41:45.506+0000] {dagbag.py:545} INFO - Filling up the DagBag from /home/airflow/.local/lib/python3.12/site-packages/airflow/example_dags/example_latest_only.py
[2024-07-10T23:41:45.512+0000] {processor.py:840} INFO - DAG(s) 'latest_only' retrieved from /home/airflow/.local/lib/python3.12/site-packages/airflow/example_dags/example_latest_only.py
[2024-07-10T23:41:45.537+0000] {logging_mixin.py:188} INFO - [2024-07-10T23:41:45.537+0000] {dag.py:3096} INFO - Sync 1 DAGs
[2024-07-10T23:41:45.564+0000] {logging_mixin.py:188} INFO - [2024-07-10T23:41:45.564+0000] {dag.py:3954} INFO - Setting next_dagrun for latest_only to 2024-07-10 16:00:00+00:00, run_after=2024-07-10 20:00:00+00:00
[2024-07-10T23:41:45.587+0000] {processor.py:183} INFO - Processing /home/airflow/.local/lib/python3.12/site-packages/airflow/example_dags/example_latest_only.py took 0.090 seconds
[2024-07-10T23:42:15.768+0000] {processor.py:161} INFO - Started process (PID=2322) to work on /home/airflow/.local/lib/python3.12/site-packages/airflow/example_dags/example_latest_only.py
[2024-07-10T23:42:15.770+0000] {processor.py:830} INFO - Processing file /home/airflow/.local/lib/python3.12/site-packages/airflow/example_dags/example_latest_only.py for tasks to queue
[2024-07-10T23:42:15.772+0000] {logging_mixin.py:188} INFO - [2024-07-10T23:42:15.772+0000] {dagbag.py:545} INFO - Filling up the DagBag from /home/airflow/.local/lib/python3.12/site-packages/airflow/example_dags/example_latest_only.py
[2024-07-10T23:42:15.776+0000] {processor.py:840} INFO - DAG(s) 'latest_only' retrieved from /home/airflow/.local/lib/python3.12/site-packages/airflow/example_dags/example_latest_only.py
[2024-07-10T23:42:15.802+0000] {logging_mixin.py:188} INFO - [2024-07-10T23:42:15.802+0000] {dag.py:3096} INFO - Sync 1 DAGs
[2024-07-10T23:42:15.828+0000] {logging_mixin.py:188} INFO - [2024-07-10T23:42:15.827+0000] {dag.py:3954} INFO - Setting next_dagrun for latest_only to 2024-07-10 16:00:00+00:00, run_after=2024-07-10 20:00:00+00:00
[2024-07-10T23:42:15.863+0000] {processor.py:183} INFO - Processing /home/airflow/.local/lib/python3.12/site-packages/airflow/example_dags/example_latest_only.py took 0.102 seconds
[2024-07-10T23:42:46.135+0000] {processor.py:161} INFO - Started process (PID=2380) to work on /home/airflow/.local/lib/python3.12/site-packages/airflow/example_dags/example_latest_only.py
[2024-07-10T23:42:46.135+0000] {processor.py:830} INFO - Processing file /home/airflow/.local/lib/python3.12/site-packages/airflow/example_dags/example_latest_only.py for tasks to queue
[2024-07-10T23:42:46.137+0000] {logging_mixin.py:188} INFO - [2024-07-10T23:42:46.137+0000] {dagbag.py:545} INFO - Filling up the DagBag from /home/airflow/.local/lib/python3.12/site-packages/airflow/example_dags/example_latest_only.py
[2024-07-10T23:42:46.142+0000] {processor.py:840} INFO - DAG(s) 'latest_only' retrieved from /home/airflow/.local/lib/python3.12/site-packages/airflow/example_dags/example_latest_only.py
[2024-07-10T23:42:46.163+0000] {logging_mixin.py:188} INFO - [2024-07-10T23:42:46.163+0000] {dag.py:3096} INFO - Sync 1 DAGs
[2024-07-10T23:42:46.190+0000] {logging_mixin.py:188} INFO - [2024-07-10T23:42:46.190+0000] {dag.py:3954} INFO - Setting next_dagrun for latest_only to 2024-07-10 16:00:00+00:00, run_after=2024-07-10 20:00:00+00:00
[2024-07-10T23:42:46.221+0000] {processor.py:183} INFO - Processing /home/airflow/.local/lib/python3.12/site-packages/airflow/example_dags/example_latest_only.py took 0.093 seconds
[2024-07-10T23:43:16.336+0000] {processor.py:161} INFO - Started process (PID=2438) to work on /home/airflow/.local/lib/python3.12/site-packages/airflow/example_dags/example_latest_only.py
[2024-07-10T23:43:16.337+0000] {processor.py:830} INFO - Processing file /home/airflow/.local/lib/python3.12/site-packages/airflow/example_dags/example_latest_only.py for tasks to queue
[2024-07-10T23:43:16.339+0000] {logging_mixin.py:188} INFO - [2024-07-10T23:43:16.339+0000] {dagbag.py:545} INFO - Filling up the DagBag from /home/airflow/.local/lib/python3.12/site-packages/airflow/example_dags/example_latest_only.py
[2024-07-10T23:43:16.344+0000] {processor.py:840} INFO - DAG(s) 'latest_only' retrieved from /home/airflow/.local/lib/python3.12/site-packages/airflow/example_dags/example_latest_only.py
[2024-07-10T23:43:16.365+0000] {logging_mixin.py:188} INFO - [2024-07-10T23:43:16.365+0000] {dag.py:3096} INFO - Sync 1 DAGs
[2024-07-10T23:43:16.388+0000] {logging_mixin.py:188} INFO - [2024-07-10T23:43:16.388+0000] {dag.py:3954} INFO - Setting next_dagrun for latest_only to 2024-07-10 16:00:00+00:00, run_after=2024-07-10 20:00:00+00:00
[2024-07-10T23:43:16.410+0000] {processor.py:183} INFO - Processing /home/airflow/.local/lib/python3.12/site-packages/airflow/example_dags/example_latest_only.py took 0.082 seconds
[2024-07-10T23:43:46.557+0000] {processor.py:161} INFO - Started process (PID=2496) to work on /home/airflow/.local/lib/python3.12/site-packages/airflow/example_dags/example_latest_only.py
[2024-07-10T23:43:46.557+0000] {processor.py:830} INFO - Processing file /home/airflow/.local/lib/python3.12/site-packages/airflow/example_dags/example_latest_only.py for tasks to queue
[2024-07-10T23:43:46.559+0000] {logging_mixin.py:188} INFO - [2024-07-10T23:43:46.559+0000] {dagbag.py:545} INFO - Filling up the DagBag from /home/airflow/.local/lib/python3.12/site-packages/airflow/example_dags/example_latest_only.py
[2024-07-10T23:43:46.564+0000] {processor.py:840} INFO - DAG(s) 'latest_only' retrieved from /home/airflow/.local/lib/python3.12/site-packages/airflow/example_dags/example_latest_only.py
[2024-07-10T23:43:46.586+0000] {logging_mixin.py:188} INFO - [2024-07-10T23:43:46.586+0000] {dag.py:3096} INFO - Sync 1 DAGs
[2024-07-10T23:43:46.612+0000] {logging_mixin.py:188} INFO - [2024-07-10T23:43:46.612+0000] {dag.py:3954} INFO - Setting next_dagrun for latest_only to 2024-07-10 16:00:00+00:00, run_after=2024-07-10 20:00:00+00:00
[2024-07-10T23:43:46.646+0000] {processor.py:183} INFO - Processing /home/airflow/.local/lib/python3.12/site-packages/airflow/example_dags/example_latest_only.py took 0.096 seconds
[2024-07-10T23:44:17.253+0000] {processor.py:161} INFO - Started process (PID=2555) to work on /home/airflow/.local/lib/python3.12/site-packages/airflow/example_dags/example_latest_only.py
[2024-07-10T23:44:17.255+0000] {processor.py:830} INFO - Processing file /home/airflow/.local/lib/python3.12/site-packages/airflow/example_dags/example_latest_only.py for tasks to queue
[2024-07-10T23:44:17.257+0000] {logging_mixin.py:188} INFO - [2024-07-10T23:44:17.257+0000] {dagbag.py:545} INFO - Filling up the DagBag from /home/airflow/.local/lib/python3.12/site-packages/airflow/example_dags/example_latest_only.py
[2024-07-10T23:44:17.273+0000] {processor.py:840} INFO - DAG(s) 'latest_only' retrieved from /home/airflow/.local/lib/python3.12/site-packages/airflow/example_dags/example_latest_only.py
[2024-07-10T23:44:17.334+0000] {logging_mixin.py:188} INFO - [2024-07-10T23:44:17.334+0000] {dag.py:3096} INFO - Sync 1 DAGs
[2024-07-10T23:44:17.397+0000] {logging_mixin.py:188} INFO - [2024-07-10T23:44:17.396+0000] {dag.py:3954} INFO - Setting next_dagrun for latest_only to 2024-07-10 16:00:00+00:00, run_after=2024-07-10 20:00:00+00:00
[2024-07-10T23:44:17.449+0000] {processor.py:183} INFO - Processing /home/airflow/.local/lib/python3.12/site-packages/airflow/example_dags/example_latest_only.py took 0.213 seconds
[2024-07-10T23:44:47.834+0000] {processor.py:161} INFO - Started process (PID=2613) to work on /home/airflow/.local/lib/python3.12/site-packages/airflow/example_dags/example_latest_only.py
[2024-07-10T23:44:47.837+0000] {processor.py:830} INFO - Processing file /home/airflow/.local/lib/python3.12/site-packages/airflow/example_dags/example_latest_only.py for tasks to queue
[2024-07-10T23:44:47.839+0000] {logging_mixin.py:188} INFO - [2024-07-10T23:44:47.839+0000] {dagbag.py:545} INFO - Filling up the DagBag from /home/airflow/.local/lib/python3.12/site-packages/airflow/example_dags/example_latest_only.py
[2024-07-10T23:44:47.845+0000] {processor.py:840} INFO - DAG(s) 'latest_only' retrieved from /home/airflow/.local/lib/python3.12/site-packages/airflow/example_dags/example_latest_only.py
[2024-07-10T23:44:47.923+0000] {logging_mixin.py:188} INFO - [2024-07-10T23:44:47.923+0000] {dag.py:3096} INFO - Sync 1 DAGs
[2024-07-10T23:44:47.962+0000] {logging_mixin.py:188} INFO - [2024-07-10T23:44:47.961+0000] {dag.py:3954} INFO - Setting next_dagrun for latest_only to 2024-07-10 16:00:00+00:00, run_after=2024-07-10 20:00:00+00:00
[2024-07-10T23:44:47.989+0000] {processor.py:183} INFO - Processing /home/airflow/.local/lib/python3.12/site-packages/airflow/example_dags/example_latest_only.py took 0.164 seconds
[2024-07-10T23:45:18.411+0000] {processor.py:161} INFO - Started process (PID=2671) to work on /home/airflow/.local/lib/python3.12/site-packages/airflow/example_dags/example_latest_only.py
[2024-07-10T23:45:18.412+0000] {processor.py:830} INFO - Processing file /home/airflow/.local/lib/python3.12/site-packages/airflow/example_dags/example_latest_only.py for tasks to queue
[2024-07-10T23:45:18.413+0000] {logging_mixin.py:188} INFO - [2024-07-10T23:45:18.413+0000] {dagbag.py:545} INFO - Filling up the DagBag from /home/airflow/.local/lib/python3.12/site-packages/airflow/example_dags/example_latest_only.py
[2024-07-10T23:45:18.420+0000] {processor.py:840} INFO - DAG(s) 'latest_only' retrieved from /home/airflow/.local/lib/python3.12/site-packages/airflow/example_dags/example_latest_only.py
[2024-07-10T23:45:18.444+0000] {logging_mixin.py:188} INFO - [2024-07-10T23:45:18.444+0000] {dag.py:3096} INFO - Sync 1 DAGs
[2024-07-10T23:45:18.473+0000] {logging_mixin.py:188} INFO - [2024-07-10T23:45:18.472+0000] {dag.py:3954} INFO - Setting next_dagrun for latest_only to 2024-07-10 16:00:00+00:00, run_after=2024-07-10 20:00:00+00:00
[2024-07-10T23:45:18.503+0000] {processor.py:183} INFO - Processing /home/airflow/.local/lib/python3.12/site-packages/airflow/example_dags/example_latest_only.py took 0.099 seconds
[2024-07-10T23:45:49.232+0000] {processor.py:161} INFO - Started process (PID=2729) to work on /home/airflow/.local/lib/python3.12/site-packages/airflow/example_dags/example_latest_only.py
[2024-07-10T23:45:49.233+0000] {processor.py:830} INFO - Processing file /home/airflow/.local/lib/python3.12/site-packages/airflow/example_dags/example_latest_only.py for tasks to queue
[2024-07-10T23:45:49.235+0000] {logging_mixin.py:188} INFO - [2024-07-10T23:45:49.235+0000] {dagbag.py:545} INFO - Filling up the DagBag from /home/airflow/.local/lib/python3.12/site-packages/airflow/example_dags/example_latest_only.py
[2024-07-10T23:45:49.242+0000] {processor.py:840} INFO - DAG(s) 'latest_only' retrieved from /home/airflow/.local/lib/python3.12/site-packages/airflow/example_dags/example_latest_only.py
[2024-07-10T23:45:49.269+0000] {logging_mixin.py:188} INFO - [2024-07-10T23:45:49.269+0000] {dag.py:3096} INFO - Sync 1 DAGs
[2024-07-10T23:45:49.307+0000] {logging_mixin.py:188} INFO - [2024-07-10T23:45:49.307+0000] {dag.py:3954} INFO - Setting next_dagrun for latest_only to 2024-07-10 16:00:00+00:00, run_after=2024-07-10 20:00:00+00:00
[2024-07-10T23:45:49.336+0000] {processor.py:183} INFO - Processing /home/airflow/.local/lib/python3.12/site-packages/airflow/example_dags/example_latest_only.py took 0.112 seconds
[2024-07-10T23:46:19.816+0000] {processor.py:161} INFO - Started process (PID=2787) to work on /home/airflow/.local/lib/python3.12/site-packages/airflow/example_dags/example_latest_only.py
[2024-07-10T23:46:19.817+0000] {processor.py:830} INFO - Processing file /home/airflow/.local/lib/python3.12/site-packages/airflow/example_dags/example_latest_only.py for tasks to queue
[2024-07-10T23:46:19.819+0000] {logging_mixin.py:188} INFO - [2024-07-10T23:46:19.819+0000] {dagbag.py:545} INFO - Filling up the DagBag from /home/airflow/.local/lib/python3.12/site-packages/airflow/example_dags/example_latest_only.py
[2024-07-10T23:46:19.824+0000] {processor.py:840} INFO - DAG(s) 'latest_only' retrieved from /home/airflow/.local/lib/python3.12/site-packages/airflow/example_dags/example_latest_only.py
[2024-07-10T23:46:19.849+0000] {logging_mixin.py:188} INFO - [2024-07-10T23:46:19.849+0000] {dag.py:3096} INFO - Sync 1 DAGs
[2024-07-10T23:46:19.874+0000] {logging_mixin.py:188} INFO - [2024-07-10T23:46:19.874+0000] {dag.py:3954} INFO - Setting next_dagrun for latest_only to 2024-07-10 16:00:00+00:00, run_after=2024-07-10 20:00:00+00:00
[2024-07-10T23:46:19.899+0000] {processor.py:183} INFO - Processing /home/airflow/.local/lib/python3.12/site-packages/airflow/example_dags/example_latest_only.py took 0.090 seconds
[2024-07-10T23:46:50.142+0000] {processor.py:161} INFO - Started process (PID=2845) to work on /home/airflow/.local/lib/python3.12/site-packages/airflow/example_dags/example_latest_only.py
[2024-07-10T23:46:50.143+0000] {processor.py:830} INFO - Processing file /home/airflow/.local/lib/python3.12/site-packages/airflow/example_dags/example_latest_only.py for tasks to queue
[2024-07-10T23:46:50.145+0000] {logging_mixin.py:188} INFO - [2024-07-10T23:46:50.144+0000] {dagbag.py:545} INFO - Filling up the DagBag from /home/airflow/.local/lib/python3.12/site-packages/airflow/example_dags/example_latest_only.py
[2024-07-10T23:46:50.150+0000] {processor.py:840} INFO - DAG(s) 'latest_only' retrieved from /home/airflow/.local/lib/python3.12/site-packages/airflow/example_dags/example_latest_only.py
[2024-07-10T23:46:50.172+0000] {logging_mixin.py:188} INFO - [2024-07-10T23:46:50.172+0000] {dag.py:3096} INFO - Sync 1 DAGs
[2024-07-10T23:46:50.198+0000] {logging_mixin.py:188} INFO - [2024-07-10T23:46:50.198+0000] {dag.py:3954} INFO - Setting next_dagrun for latest_only to 2024-07-10 16:00:00+00:00, run_after=2024-07-10 20:00:00+00:00
[2024-07-10T23:46:50.221+0000] {processor.py:183} INFO - Processing /home/airflow/.local/lib/python3.12/site-packages/airflow/example_dags/example_latest_only.py took 0.085 seconds
[2024-07-10T23:47:20.290+0000] {processor.py:161} INFO - Started process (PID=2903) to work on /home/airflow/.local/lib/python3.12/site-packages/airflow/example_dags/example_latest_only.py
[2024-07-10T23:47:20.291+0000] {processor.py:830} INFO - Processing file /home/airflow/.local/lib/python3.12/site-packages/airflow/example_dags/example_latest_only.py for tasks to queue
[2024-07-10T23:47:20.293+0000] {logging_mixin.py:188} INFO - [2024-07-10T23:47:20.293+0000] {dagbag.py:545} INFO - Filling up the DagBag from /home/airflow/.local/lib/python3.12/site-packages/airflow/example_dags/example_latest_only.py
[2024-07-10T23:47:20.298+0000] {processor.py:840} INFO - DAG(s) 'latest_only' retrieved from /home/airflow/.local/lib/python3.12/site-packages/airflow/example_dags/example_latest_only.py
[2024-07-10T23:47:20.320+0000] {logging_mixin.py:188} INFO - [2024-07-10T23:47:20.320+0000] {dag.py:3096} INFO - Sync 1 DAGs
[2024-07-10T23:47:20.345+0000] {logging_mixin.py:188} INFO - [2024-07-10T23:47:20.344+0000] {dag.py:3954} INFO - Setting next_dagrun for latest_only to 2024-07-10 16:00:00+00:00, run_after=2024-07-10 20:00:00+00:00
[2024-07-10T23:47:20.366+0000] {processor.py:183} INFO - Processing /home/airflow/.local/lib/python3.12/site-packages/airflow/example_dags/example_latest_only.py took 0.082 seconds
[2024-07-10T23:47:50.624+0000] {processor.py:161} INFO - Started process (PID=2960) to work on /home/airflow/.local/lib/python3.12/site-packages/airflow/example_dags/example_latest_only.py
[2024-07-10T23:47:50.626+0000] {processor.py:830} INFO - Processing file /home/airflow/.local/lib/python3.12/site-packages/airflow/example_dags/example_latest_only.py for tasks to queue
[2024-07-10T23:47:50.628+0000] {logging_mixin.py:188} INFO - [2024-07-10T23:47:50.628+0000] {dagbag.py:545} INFO - Filling up the DagBag from /home/airflow/.local/lib/python3.12/site-packages/airflow/example_dags/example_latest_only.py
[2024-07-10T23:47:50.633+0000] {processor.py:840} INFO - DAG(s) 'latest_only' retrieved from /home/airflow/.local/lib/python3.12/site-packages/airflow/example_dags/example_latest_only.py
[2024-07-10T23:47:50.654+0000] {logging_mixin.py:188} INFO - [2024-07-10T23:47:50.653+0000] {dag.py:3096} INFO - Sync 1 DAGs
[2024-07-10T23:47:50.679+0000] {logging_mixin.py:188} INFO - [2024-07-10T23:47:50.679+0000] {dag.py:3954} INFO - Setting next_dagrun for latest_only to 2024-07-10 16:00:00+00:00, run_after=2024-07-10 20:00:00+00:00
[2024-07-10T23:47:50.700+0000] {processor.py:183} INFO - Processing /home/airflow/.local/lib/python3.12/site-packages/airflow/example_dags/example_latest_only.py took 0.083 seconds
[2024-07-10T23:48:20.992+0000] {processor.py:161} INFO - Started process (PID=3019) to work on /home/airflow/.local/lib/python3.12/site-packages/airflow/example_dags/example_latest_only.py
[2024-07-10T23:48:20.993+0000] {processor.py:830} INFO - Processing file /home/airflow/.local/lib/python3.12/site-packages/airflow/example_dags/example_latest_only.py for tasks to queue
[2024-07-10T23:48:20.995+0000] {logging_mixin.py:188} INFO - [2024-07-10T23:48:20.994+0000] {dagbag.py:545} INFO - Filling up the DagBag from /home/airflow/.local/lib/python3.12/site-packages/airflow/example_dags/example_latest_only.py
[2024-07-10T23:48:20.999+0000] {processor.py:840} INFO - DAG(s) 'latest_only' retrieved from /home/airflow/.local/lib/python3.12/site-packages/airflow/example_dags/example_latest_only.py
[2024-07-10T23:48:21.022+0000] {logging_mixin.py:188} INFO - [2024-07-10T23:48:21.022+0000] {dag.py:3096} INFO - Sync 1 DAGs
[2024-07-10T23:48:21.048+0000] {logging_mixin.py:188} INFO - [2024-07-10T23:48:21.048+0000] {dag.py:3954} INFO - Setting next_dagrun for latest_only to 2024-07-10 16:00:00+00:00, run_after=2024-07-10 20:00:00+00:00
[2024-07-10T23:48:21.075+0000] {processor.py:183} INFO - Processing /home/airflow/.local/lib/python3.12/site-packages/airflow/example_dags/example_latest_only.py took 0.090 seconds
[2024-07-10T23:48:51.701+0000] {processor.py:161} INFO - Started process (PID=3077) to work on /home/airflow/.local/lib/python3.12/site-packages/airflow/example_dags/example_latest_only.py
[2024-07-10T23:48:51.702+0000] {processor.py:830} INFO - Processing file /home/airflow/.local/lib/python3.12/site-packages/airflow/example_dags/example_latest_only.py for tasks to queue
[2024-07-10T23:48:51.704+0000] {logging_mixin.py:188} INFO - [2024-07-10T23:48:51.704+0000] {dagbag.py:545} INFO - Filling up the DagBag from /home/airflow/.local/lib/python3.12/site-packages/airflow/example_dags/example_latest_only.py
[2024-07-10T23:48:51.709+0000] {processor.py:840} INFO - DAG(s) 'latest_only' retrieved from /home/airflow/.local/lib/python3.12/site-packages/airflow/example_dags/example_latest_only.py
[2024-07-10T23:48:51.732+0000] {logging_mixin.py:188} INFO - [2024-07-10T23:48:51.732+0000] {dag.py:3096} INFO - Sync 1 DAGs
[2024-07-10T23:48:51.757+0000] {logging_mixin.py:188} INFO - [2024-07-10T23:48:51.757+0000] {dag.py:3954} INFO - Setting next_dagrun for latest_only to 2024-07-10 16:00:00+00:00, run_after=2024-07-10 20:00:00+00:00
[2024-07-10T23:48:51.785+0000] {processor.py:183} INFO - Processing /home/airflow/.local/lib/python3.12/site-packages/airflow/example_dags/example_latest_only.py took 0.091 seconds
[2024-07-10T23:49:22.423+0000] {processor.py:161} INFO - Started process (PID=3135) to work on /home/airflow/.local/lib/python3.12/site-packages/airflow/example_dags/example_latest_only.py
[2024-07-10T23:49:22.424+0000] {processor.py:830} INFO - Processing file /home/airflow/.local/lib/python3.12/site-packages/airflow/example_dags/example_latest_only.py for tasks to queue
[2024-07-10T23:49:22.426+0000] {logging_mixin.py:188} INFO - [2024-07-10T23:49:22.426+0000] {dagbag.py:545} INFO - Filling up the DagBag from /home/airflow/.local/lib/python3.12/site-packages/airflow/example_dags/example_latest_only.py
[2024-07-10T23:49:22.431+0000] {processor.py:840} INFO - DAG(s) 'latest_only' retrieved from /home/airflow/.local/lib/python3.12/site-packages/airflow/example_dags/example_latest_only.py
[2024-07-10T23:49:22.453+0000] {logging_mixin.py:188} INFO - [2024-07-10T23:49:22.453+0000] {dag.py:3096} INFO - Sync 1 DAGs
[2024-07-10T23:49:22.477+0000] {logging_mixin.py:188} INFO - [2024-07-10T23:49:22.477+0000] {dag.py:3954} INFO - Setting next_dagrun for latest_only to 2024-07-10 16:00:00+00:00, run_after=2024-07-10 20:00:00+00:00
[2024-07-10T23:49:22.501+0000] {processor.py:183} INFO - Processing /home/airflow/.local/lib/python3.12/site-packages/airflow/example_dags/example_latest_only.py took 0.084 seconds
[2024-07-10T23:49:52.906+0000] {processor.py:161} INFO - Started process (PID=3193) to work on /home/airflow/.local/lib/python3.12/site-packages/airflow/example_dags/example_latest_only.py
[2024-07-10T23:49:52.906+0000] {processor.py:830} INFO - Processing file /home/airflow/.local/lib/python3.12/site-packages/airflow/example_dags/example_latest_only.py for tasks to queue
[2024-07-10T23:49:52.908+0000] {logging_mixin.py:188} INFO - [2024-07-10T23:49:52.908+0000] {dagbag.py:545} INFO - Filling up the DagBag from /home/airflow/.local/lib/python3.12/site-packages/airflow/example_dags/example_latest_only.py
[2024-07-10T23:49:52.913+0000] {processor.py:840} INFO - DAG(s) 'latest_only' retrieved from /home/airflow/.local/lib/python3.12/site-packages/airflow/example_dags/example_latest_only.py
[2024-07-10T23:49:52.938+0000] {logging_mixin.py:188} INFO - [2024-07-10T23:49:52.938+0000] {dag.py:3096} INFO - Sync 1 DAGs
[2024-07-10T23:49:52.965+0000] {logging_mixin.py:188} INFO - [2024-07-10T23:49:52.965+0000] {dag.py:3954} INFO - Setting next_dagrun for latest_only to 2024-07-10 16:00:00+00:00, run_after=2024-07-10 20:00:00+00:00
[2024-07-10T23:49:52.994+0000] {processor.py:183} INFO - Processing /home/airflow/.local/lib/python3.12/site-packages/airflow/example_dags/example_latest_only.py took 0.098 seconds
[2024-07-10T23:50:23.033+0000] {processor.py:161} INFO - Started process (PID=3250) to work on /home/airflow/.local/lib/python3.12/site-packages/airflow/example_dags/example_latest_only.py
[2024-07-10T23:50:23.034+0000] {processor.py:830} INFO - Processing file /home/airflow/.local/lib/python3.12/site-packages/airflow/example_dags/example_latest_only.py for tasks to queue
[2024-07-10T23:50:23.036+0000] {logging_mixin.py:188} INFO - [2024-07-10T23:50:23.036+0000] {dagbag.py:545} INFO - Filling up the DagBag from /home/airflow/.local/lib/python3.12/site-packages/airflow/example_dags/example_latest_only.py
[2024-07-10T23:50:23.041+0000] {processor.py:840} INFO - DAG(s) 'latest_only' retrieved from /home/airflow/.local/lib/python3.12/site-packages/airflow/example_dags/example_latest_only.py
[2024-07-10T23:50:23.063+0000] {logging_mixin.py:188} INFO - [2024-07-10T23:50:23.062+0000] {dag.py:3096} INFO - Sync 1 DAGs
[2024-07-10T23:50:23.089+0000] {logging_mixin.py:188} INFO - [2024-07-10T23:50:23.088+0000] {dag.py:3954} INFO - Setting next_dagrun for latest_only to 2024-07-10 16:00:00+00:00, run_after=2024-07-10 20:00:00+00:00
[2024-07-10T23:50:23.124+0000] {processor.py:183} INFO - Processing /home/airflow/.local/lib/python3.12/site-packages/airflow/example_dags/example_latest_only.py took 0.098 seconds
[2024-07-10T23:50:53.552+0000] {processor.py:161} INFO - Started process (PID=3309) to work on /home/airflow/.local/lib/python3.12/site-packages/airflow/example_dags/example_latest_only.py
[2024-07-10T23:50:53.553+0000] {processor.py:830} INFO - Processing file /home/airflow/.local/lib/python3.12/site-packages/airflow/example_dags/example_latest_only.py for tasks to queue
[2024-07-10T23:50:53.555+0000] {logging_mixin.py:188} INFO - [2024-07-10T23:50:53.555+0000] {dagbag.py:545} INFO - Filling up the DagBag from /home/airflow/.local/lib/python3.12/site-packages/airflow/example_dags/example_latest_only.py
[2024-07-10T23:50:53.560+0000] {processor.py:840} INFO - DAG(s) 'latest_only' retrieved from /home/airflow/.local/lib/python3.12/site-packages/airflow/example_dags/example_latest_only.py
[2024-07-10T23:50:53.583+0000] {logging_mixin.py:188} INFO - [2024-07-10T23:50:53.583+0000] {dag.py:3096} INFO - Sync 1 DAGs
[2024-07-10T23:50:53.608+0000] {logging_mixin.py:188} INFO - [2024-07-10T23:50:53.607+0000] {dag.py:3954} INFO - Setting next_dagrun for latest_only to 2024-07-10 16:00:00+00:00, run_after=2024-07-10 20:00:00+00:00
[2024-07-10T23:50:53.636+0000] {processor.py:183} INFO - Processing /home/airflow/.local/lib/python3.12/site-packages/airflow/example_dags/example_latest_only.py took 0.091 seconds
[2024-07-10T23:51:24.136+0000] {processor.py:161} INFO - Started process (PID=3368) to work on /home/airflow/.local/lib/python3.12/site-packages/airflow/example_dags/example_latest_only.py
[2024-07-10T23:51:24.137+0000] {processor.py:830} INFO - Processing file /home/airflow/.local/lib/python3.12/site-packages/airflow/example_dags/example_latest_only.py for tasks to queue
[2024-07-10T23:51:24.139+0000] {logging_mixin.py:188} INFO - [2024-07-10T23:51:24.139+0000] {dagbag.py:545} INFO - Filling up the DagBag from /home/airflow/.local/lib/python3.12/site-packages/airflow/example_dags/example_latest_only.py
[2024-07-10T23:51:24.144+0000] {processor.py:840} INFO - DAG(s) 'latest_only' retrieved from /home/airflow/.local/lib/python3.12/site-packages/airflow/example_dags/example_latest_only.py
[2024-07-10T23:51:24.168+0000] {logging_mixin.py:188} INFO - [2024-07-10T23:51:24.167+0000] {dag.py:3096} INFO - Sync 1 DAGs
[2024-07-10T23:51:24.194+0000] {logging_mixin.py:188} INFO - [2024-07-10T23:51:24.194+0000] {dag.py:3954} INFO - Setting next_dagrun for latest_only to 2024-07-10 16:00:00+00:00, run_after=2024-07-10 20:00:00+00:00
[2024-07-10T23:51:24.223+0000] {processor.py:183} INFO - Processing /home/airflow/.local/lib/python3.12/site-packages/airflow/example_dags/example_latest_only.py took 0.096 seconds
[2024-07-10T23:51:54.488+0000] {processor.py:161} INFO - Started process (PID=3426) to work on /home/airflow/.local/lib/python3.12/site-packages/airflow/example_dags/example_latest_only.py
[2024-07-10T23:51:54.489+0000] {processor.py:830} INFO - Processing file /home/airflow/.local/lib/python3.12/site-packages/airflow/example_dags/example_latest_only.py for tasks to queue
[2024-07-10T23:51:54.491+0000] {logging_mixin.py:188} INFO - [2024-07-10T23:51:54.491+0000] {dagbag.py:545} INFO - Filling up the DagBag from /home/airflow/.local/lib/python3.12/site-packages/airflow/example_dags/example_latest_only.py
[2024-07-10T23:51:54.496+0000] {processor.py:840} INFO - DAG(s) 'latest_only' retrieved from /home/airflow/.local/lib/python3.12/site-packages/airflow/example_dags/example_latest_only.py
[2024-07-10T23:51:54.523+0000] {logging_mixin.py:188} INFO - [2024-07-10T23:51:54.522+0000] {dag.py:3096} INFO - Sync 1 DAGs
[2024-07-10T23:51:54.548+0000] {logging_mixin.py:188} INFO - [2024-07-10T23:51:54.547+0000] {dag.py:3954} INFO - Setting next_dagrun for latest_only to 2024-07-10 16:00:00+00:00, run_after=2024-07-10 20:00:00+00:00
[2024-07-10T23:51:54.570+0000] {processor.py:183} INFO - Processing /home/airflow/.local/lib/python3.12/site-packages/airflow/example_dags/example_latest_only.py took 0.089 seconds
[2024-07-10T23:52:25.302+0000] {processor.py:161} INFO - Started process (PID=3484) to work on /home/airflow/.local/lib/python3.12/site-packages/airflow/example_dags/example_latest_only.py
[2024-07-10T23:52:25.303+0000] {processor.py:830} INFO - Processing file /home/airflow/.local/lib/python3.12/site-packages/airflow/example_dags/example_latest_only.py for tasks to queue
[2024-07-10T23:52:25.305+0000] {logging_mixin.py:188} INFO - [2024-07-10T23:52:25.304+0000] {dagbag.py:545} INFO - Filling up the DagBag from /home/airflow/.local/lib/python3.12/site-packages/airflow/example_dags/example_latest_only.py
[2024-07-10T23:52:25.309+0000] {processor.py:840} INFO - DAG(s) 'latest_only' retrieved from /home/airflow/.local/lib/python3.12/site-packages/airflow/example_dags/example_latest_only.py
[2024-07-10T23:52:25.350+0000] {logging_mixin.py:188} INFO - [2024-07-10T23:52:25.350+0000] {dag.py:3096} INFO - Sync 1 DAGs
[2024-07-10T23:52:25.384+0000] {logging_mixin.py:188} INFO - [2024-07-10T23:52:25.384+0000] {dag.py:3954} INFO - Setting next_dagrun for latest_only to 2024-07-10 16:00:00+00:00, run_after=2024-07-10 20:00:00+00:00
[2024-07-10T23:52:25.414+0000] {processor.py:183} INFO - Processing /home/airflow/.local/lib/python3.12/site-packages/airflow/example_dags/example_latest_only.py took 0.118 seconds
[2024-07-10T23:52:56.175+0000] {processor.py:161} INFO - Started process (PID=3543) to work on /home/airflow/.local/lib/python3.12/site-packages/airflow/example_dags/example_latest_only.py
[2024-07-10T23:52:56.176+0000] {processor.py:830} INFO - Processing file /home/airflow/.local/lib/python3.12/site-packages/airflow/example_dags/example_latest_only.py for tasks to queue
[2024-07-10T23:52:56.178+0000] {logging_mixin.py:188} INFO - [2024-07-10T23:52:56.177+0000] {dagbag.py:545} INFO - Filling up the DagBag from /home/airflow/.local/lib/python3.12/site-packages/airflow/example_dags/example_latest_only.py
[2024-07-10T23:52:56.182+0000] {processor.py:840} INFO - DAG(s) 'latest_only' retrieved from /home/airflow/.local/lib/python3.12/site-packages/airflow/example_dags/example_latest_only.py
[2024-07-10T23:52:56.204+0000] {logging_mixin.py:188} INFO - [2024-07-10T23:52:56.203+0000] {dag.py:3096} INFO - Sync 1 DAGs
[2024-07-10T23:52:56.228+0000] {logging_mixin.py:188} INFO - [2024-07-10T23:52:56.228+0000] {dag.py:3954} INFO - Setting next_dagrun for latest_only to 2024-07-10 16:00:00+00:00, run_after=2024-07-10 20:00:00+00:00
[2024-07-10T23:52:56.256+0000] {processor.py:183} INFO - Processing /home/airflow/.local/lib/python3.12/site-packages/airflow/example_dags/example_latest_only.py took 0.089 seconds
[2024-07-10T23:53:27.326+0000] {processor.py:161} INFO - Started process (PID=3598) to work on /home/airflow/.local/lib/python3.12/site-packages/airflow/example_dags/example_latest_only.py
[2024-07-10T23:53:27.330+0000] {processor.py:830} INFO - Processing file /home/airflow/.local/lib/python3.12/site-packages/airflow/example_dags/example_latest_only.py for tasks to queue
[2024-07-10T23:53:27.332+0000] {logging_mixin.py:188} INFO - [2024-07-10T23:53:27.332+0000] {dagbag.py:545} INFO - Filling up the DagBag from /home/airflow/.local/lib/python3.12/site-packages/airflow/example_dags/example_latest_only.py
[2024-07-10T23:53:27.343+0000] {processor.py:840} INFO - DAG(s) 'latest_only' retrieved from /home/airflow/.local/lib/python3.12/site-packages/airflow/example_dags/example_latest_only.py
[2024-07-10T23:53:27.381+0000] {logging_mixin.py:188} INFO - [2024-07-10T23:53:27.380+0000] {dag.py:3096} INFO - Sync 1 DAGs
[2024-07-10T23:53:27.426+0000] {logging_mixin.py:188} INFO - [2024-07-10T23:53:27.426+0000] {dag.py:3954} INFO - Setting next_dagrun for latest_only to 2024-07-10 16:00:00+00:00, run_after=2024-07-10 20:00:00+00:00
[2024-07-10T23:53:27.472+0000] {processor.py:183} INFO - Processing /home/airflow/.local/lib/python3.12/site-packages/airflow/example_dags/example_latest_only.py took 0.164 seconds
[2024-07-10T23:53:58.023+0000] {processor.py:161} INFO - Started process (PID=3656) to work on /home/airflow/.local/lib/python3.12/site-packages/airflow/example_dags/example_latest_only.py
[2024-07-10T23:53:58.024+0000] {processor.py:830} INFO - Processing file /home/airflow/.local/lib/python3.12/site-packages/airflow/example_dags/example_latest_only.py for tasks to queue
[2024-07-10T23:53:58.026+0000] {logging_mixin.py:188} INFO - [2024-07-10T23:53:58.025+0000] {dagbag.py:545} INFO - Filling up the DagBag from /home/airflow/.local/lib/python3.12/site-packages/airflow/example_dags/example_latest_only.py
[2024-07-10T23:53:58.039+0000] {processor.py:840} INFO - DAG(s) 'latest_only' retrieved from /home/airflow/.local/lib/python3.12/site-packages/airflow/example_dags/example_latest_only.py
[2024-07-10T23:53:58.085+0000] {logging_mixin.py:188} INFO - [2024-07-10T23:53:58.084+0000] {dag.py:3096} INFO - Sync 1 DAGs
[2024-07-10T23:53:58.135+0000] {logging_mixin.py:188} INFO - [2024-07-10T23:53:58.135+0000] {dag.py:3954} INFO - Setting next_dagrun for latest_only to 2024-07-10 16:00:00+00:00, run_after=2024-07-10 20:00:00+00:00
[2024-07-10T23:53:58.176+0000] {processor.py:183} INFO - Processing /home/airflow/.local/lib/python3.12/site-packages/airflow/example_dags/example_latest_only.py took 0.163 seconds
[2024-07-10T23:54:28.573+0000] {processor.py:161} INFO - Started process (PID=3714) to work on /home/airflow/.local/lib/python3.12/site-packages/airflow/example_dags/example_latest_only.py
[2024-07-10T23:54:28.574+0000] {processor.py:830} INFO - Processing file /home/airflow/.local/lib/python3.12/site-packages/airflow/example_dags/example_latest_only.py for tasks to queue
[2024-07-10T23:54:28.577+0000] {logging_mixin.py:188} INFO - [2024-07-10T23:54:28.576+0000] {dagbag.py:545} INFO - Filling up the DagBag from /home/airflow/.local/lib/python3.12/site-packages/airflow/example_dags/example_latest_only.py
[2024-07-10T23:54:28.581+0000] {processor.py:840} INFO - DAG(s) 'latest_only' retrieved from /home/airflow/.local/lib/python3.12/site-packages/airflow/example_dags/example_latest_only.py
[2024-07-10T23:54:28.616+0000] {logging_mixin.py:188} INFO - [2024-07-10T23:54:28.616+0000] {dag.py:3096} INFO - Sync 1 DAGs
[2024-07-10T23:54:28.659+0000] {logging_mixin.py:188} INFO - [2024-07-10T23:54:28.659+0000] {dag.py:3954} INFO - Setting next_dagrun for latest_only to 2024-07-10 16:00:00+00:00, run_after=2024-07-10 20:00:00+00:00
[2024-07-10T23:54:28.697+0000] {processor.py:183} INFO - Processing /home/airflow/.local/lib/python3.12/site-packages/airflow/example_dags/example_latest_only.py took 0.143 seconds
[2024-07-10T23:54:58.963+0000] {processor.py:161} INFO - Started process (PID=3772) to work on /home/airflow/.local/lib/python3.12/site-packages/airflow/example_dags/example_latest_only.py
[2024-07-10T23:54:58.965+0000] {processor.py:830} INFO - Processing file /home/airflow/.local/lib/python3.12/site-packages/airflow/example_dags/example_latest_only.py for tasks to queue
[2024-07-10T23:54:58.967+0000] {logging_mixin.py:188} INFO - [2024-07-10T23:54:58.967+0000] {dagbag.py:545} INFO - Filling up the DagBag from /home/airflow/.local/lib/python3.12/site-packages/airflow/example_dags/example_latest_only.py
[2024-07-10T23:54:58.973+0000] {processor.py:840} INFO - DAG(s) 'latest_only' retrieved from /home/airflow/.local/lib/python3.12/site-packages/airflow/example_dags/example_latest_only.py
[2024-07-10T23:54:59.005+0000] {logging_mixin.py:188} INFO - [2024-07-10T23:54:59.005+0000] {dag.py:3096} INFO - Sync 1 DAGs
[2024-07-10T23:54:59.042+0000] {logging_mixin.py:188} INFO - [2024-07-10T23:54:59.041+0000] {dag.py:3954} INFO - Setting next_dagrun for latest_only to 2024-07-10 16:00:00+00:00, run_after=2024-07-10 20:00:00+00:00
[2024-07-10T23:54:59.068+0000] {processor.py:183} INFO - Processing /home/airflow/.local/lib/python3.12/site-packages/airflow/example_dags/example_latest_only.py took 0.112 seconds
[2024-07-10T23:55:30.191+0000] {processor.py:161} INFO - Started process (PID=3830) to work on /home/airflow/.local/lib/python3.12/site-packages/airflow/example_dags/example_latest_only.py
[2024-07-10T23:55:30.208+0000] {processor.py:830} INFO - Processing file /home/airflow/.local/lib/python3.12/site-packages/airflow/example_dags/example_latest_only.py for tasks to queue
[2024-07-10T23:55:30.210+0000] {logging_mixin.py:188} INFO - [2024-07-10T23:55:30.210+0000] {dagbag.py:545} INFO - Filling up the DagBag from /home/airflow/.local/lib/python3.12/site-packages/airflow/example_dags/example_latest_only.py
[2024-07-10T23:55:30.217+0000] {processor.py:840} INFO - DAG(s) 'latest_only' retrieved from /home/airflow/.local/lib/python3.12/site-packages/airflow/example_dags/example_latest_only.py
[2024-07-10T23:55:30.312+0000] {logging_mixin.py:188} INFO - [2024-07-10T23:55:30.312+0000] {dag.py:3096} INFO - Sync 1 DAGs
[2024-07-10T23:55:30.427+0000] {logging_mixin.py:188} INFO - [2024-07-10T23:55:30.426+0000] {dag.py:3954} INFO - Setting next_dagrun for latest_only to 2024-07-10 16:00:00+00:00, run_after=2024-07-10 20:00:00+00:00
[2024-07-10T23:55:30.494+0000] {processor.py:183} INFO - Processing /home/airflow/.local/lib/python3.12/site-packages/airflow/example_dags/example_latest_only.py took 0.332 seconds
[2024-07-10T23:56:01.270+0000] {processor.py:161} INFO - Started process (PID=3888) to work on /home/airflow/.local/lib/python3.12/site-packages/airflow/example_dags/example_latest_only.py
[2024-07-10T23:56:01.274+0000] {processor.py:830} INFO - Processing file /home/airflow/.local/lib/python3.12/site-packages/airflow/example_dags/example_latest_only.py for tasks to queue
[2024-07-10T23:56:01.281+0000] {logging_mixin.py:188} INFO - [2024-07-10T23:56:01.280+0000] {dagbag.py:545} INFO - Filling up the DagBag from /home/airflow/.local/lib/python3.12/site-packages/airflow/example_dags/example_latest_only.py
[2024-07-10T23:56:01.287+0000] {processor.py:840} INFO - DAG(s) 'latest_only' retrieved from /home/airflow/.local/lib/python3.12/site-packages/airflow/example_dags/example_latest_only.py
[2024-07-10T23:56:01.340+0000] {logging_mixin.py:188} INFO - [2024-07-10T23:56:01.339+0000] {dag.py:3096} INFO - Sync 1 DAGs
[2024-07-10T23:56:01.398+0000] {logging_mixin.py:188} INFO - [2024-07-10T23:56:01.398+0000] {dag.py:3954} INFO - Setting next_dagrun for latest_only to 2024-07-10 16:00:00+00:00, run_after=2024-07-10 20:00:00+00:00
[2024-07-10T23:56:01.454+0000] {processor.py:183} INFO - Processing /home/airflow/.local/lib/python3.12/site-packages/airflow/example_dags/example_latest_only.py took 0.194 seconds
[2024-07-10T23:56:31.883+0000] {processor.py:161} INFO - Started process (PID=3947) to work on /home/airflow/.local/lib/python3.12/site-packages/airflow/example_dags/example_latest_only.py
[2024-07-10T23:56:31.904+0000] {processor.py:830} INFO - Processing file /home/airflow/.local/lib/python3.12/site-packages/airflow/example_dags/example_latest_only.py for tasks to queue
[2024-07-10T23:56:31.908+0000] {logging_mixin.py:188} INFO - [2024-07-10T23:56:31.908+0000] {dagbag.py:545} INFO - Filling up the DagBag from /home/airflow/.local/lib/python3.12/site-packages/airflow/example_dags/example_latest_only.py
[2024-07-10T23:56:31.914+0000] {processor.py:840} INFO - DAG(s) 'latest_only' retrieved from /home/airflow/.local/lib/python3.12/site-packages/airflow/example_dags/example_latest_only.py
[2024-07-10T23:56:31.969+0000] {logging_mixin.py:188} INFO - [2024-07-10T23:56:31.968+0000] {dag.py:3096} INFO - Sync 1 DAGs
[2024-07-10T23:56:32.011+0000] {logging_mixin.py:188} INFO - [2024-07-10T23:56:32.011+0000] {dag.py:3954} INFO - Setting next_dagrun for latest_only to 2024-07-10 16:00:00+00:00, run_after=2024-07-10 20:00:00+00:00
[2024-07-10T23:56:32.058+0000] {processor.py:183} INFO - Processing /home/airflow/.local/lib/python3.12/site-packages/airflow/example_dags/example_latest_only.py took 0.204 seconds
[2024-07-10T23:57:02.366+0000] {processor.py:161} INFO - Started process (PID=4005) to work on /home/airflow/.local/lib/python3.12/site-packages/airflow/example_dags/example_latest_only.py
[2024-07-10T23:57:02.367+0000] {processor.py:830} INFO - Processing file /home/airflow/.local/lib/python3.12/site-packages/airflow/example_dags/example_latest_only.py for tasks to queue
[2024-07-10T23:57:02.377+0000] {logging_mixin.py:188} INFO - [2024-07-10T23:57:02.376+0000] {dagbag.py:545} INFO - Filling up the DagBag from /home/airflow/.local/lib/python3.12/site-packages/airflow/example_dags/example_latest_only.py
[2024-07-10T23:57:02.383+0000] {processor.py:840} INFO - DAG(s) 'latest_only' retrieved from /home/airflow/.local/lib/python3.12/site-packages/airflow/example_dags/example_latest_only.py
[2024-07-10T23:57:02.419+0000] {logging_mixin.py:188} INFO - [2024-07-10T23:57:02.419+0000] {dag.py:3096} INFO - Sync 1 DAGs
[2024-07-10T23:57:02.462+0000] {logging_mixin.py:188} INFO - [2024-07-10T23:57:02.459+0000] {dag.py:3954} INFO - Setting next_dagrun for latest_only to 2024-07-10 16:00:00+00:00, run_after=2024-07-10 20:00:00+00:00
[2024-07-10T23:57:02.502+0000] {processor.py:183} INFO - Processing /home/airflow/.local/lib/python3.12/site-packages/airflow/example_dags/example_latest_only.py took 0.151 seconds
[2024-07-10T23:57:32.970+0000] {processor.py:161} INFO - Started process (PID=4063) to work on /home/airflow/.local/lib/python3.12/site-packages/airflow/example_dags/example_latest_only.py
[2024-07-10T23:57:32.978+0000] {processor.py:830} INFO - Processing file /home/airflow/.local/lib/python3.12/site-packages/airflow/example_dags/example_latest_only.py for tasks to queue
[2024-07-10T23:57:32.980+0000] {logging_mixin.py:188} INFO - [2024-07-10T23:57:32.980+0000] {dagbag.py:545} INFO - Filling up the DagBag from /home/airflow/.local/lib/python3.12/site-packages/airflow/example_dags/example_latest_only.py
[2024-07-10T23:57:32.987+0000] {processor.py:840} INFO - DAG(s) 'latest_only' retrieved from /home/airflow/.local/lib/python3.12/site-packages/airflow/example_dags/example_latest_only.py
[2024-07-10T23:57:33.036+0000] {logging_mixin.py:188} INFO - [2024-07-10T23:57:33.035+0000] {dag.py:3096} INFO - Sync 1 DAGs
[2024-07-10T23:57:33.082+0000] {logging_mixin.py:188} INFO - [2024-07-10T23:57:33.082+0000] {dag.py:3954} INFO - Setting next_dagrun for latest_only to 2024-07-10 16:00:00+00:00, run_after=2024-07-10 20:00:00+00:00
[2024-07-10T23:57:33.128+0000] {processor.py:183} INFO - Processing /home/airflow/.local/lib/python3.12/site-packages/airflow/example_dags/example_latest_only.py took 0.167 seconds
[2024-07-10T23:58:03.870+0000] {processor.py:161} INFO - Started process (PID=4120) to work on /home/airflow/.local/lib/python3.12/site-packages/airflow/example_dags/example_latest_only.py
[2024-07-10T23:58:03.881+0000] {processor.py:830} INFO - Processing file /home/airflow/.local/lib/python3.12/site-packages/airflow/example_dags/example_latest_only.py for tasks to queue
[2024-07-10T23:58:03.883+0000] {logging_mixin.py:188} INFO - [2024-07-10T23:58:03.883+0000] {dagbag.py:545} INFO - Filling up the DagBag from /home/airflow/.local/lib/python3.12/site-packages/airflow/example_dags/example_latest_only.py
[2024-07-10T23:58:03.889+0000] {processor.py:840} INFO - DAG(s) 'latest_only' retrieved from /home/airflow/.local/lib/python3.12/site-packages/airflow/example_dags/example_latest_only.py
[2024-07-10T23:58:03.932+0000] {logging_mixin.py:188} INFO - [2024-07-10T23:58:03.932+0000] {dag.py:3096} INFO - Sync 1 DAGs
[2024-07-10T23:58:03.967+0000] {logging_mixin.py:188} INFO - [2024-07-10T23:58:03.967+0000] {dag.py:3954} INFO - Setting next_dagrun for latest_only to 2024-07-10 16:00:00+00:00, run_after=2024-07-10 20:00:00+00:00
[2024-07-10T23:58:04.008+0000] {processor.py:183} INFO - Processing /home/airflow/.local/lib/python3.12/site-packages/airflow/example_dags/example_latest_only.py took 0.147 seconds
[2024-07-10T23:58:34.589+0000] {processor.py:161} INFO - Started process (PID=4178) to work on /home/airflow/.local/lib/python3.12/site-packages/airflow/example_dags/example_latest_only.py
[2024-07-10T23:58:34.599+0000] {processor.py:830} INFO - Processing file /home/airflow/.local/lib/python3.12/site-packages/airflow/example_dags/example_latest_only.py for tasks to queue
[2024-07-10T23:58:34.602+0000] {logging_mixin.py:188} INFO - [2024-07-10T23:58:34.601+0000] {dagbag.py:545} INFO - Filling up the DagBag from /home/airflow/.local/lib/python3.12/site-packages/airflow/example_dags/example_latest_only.py
[2024-07-10T23:58:34.611+0000] {processor.py:840} INFO - DAG(s) 'latest_only' retrieved from /home/airflow/.local/lib/python3.12/site-packages/airflow/example_dags/example_latest_only.py
[2024-07-10T23:58:34.681+0000] {logging_mixin.py:188} INFO - [2024-07-10T23:58:34.681+0000] {dag.py:3096} INFO - Sync 1 DAGs
[2024-07-10T23:58:34.750+0000] {logging_mixin.py:188} INFO - [2024-07-10T23:58:34.748+0000] {dag.py:3954} INFO - Setting next_dagrun for latest_only to 2024-07-10 16:00:00+00:00, run_after=2024-07-10 20:00:00+00:00
[2024-07-10T23:58:34.836+0000] {processor.py:183} INFO - Processing /home/airflow/.local/lib/python3.12/site-packages/airflow/example_dags/example_latest_only.py took 0.266 seconds
