[2024-07-10T13:36:32.123+0000] {processor.py:161} INFO - Started process (PID=65) to work on /home/airflow/.local/lib/python3.12/site-packages/airflow/example_dags/example_bash_decorator.py
[2024-07-10T13:36:32.147+0000] {processor.py:830} INFO - Processing file /home/airflow/.local/lib/python3.12/site-packages/airflow/example_dags/example_bash_decorator.py for tasks to queue
[2024-07-10T13:36:32.158+0000] {logging_mixin.py:188} INFO - [2024-07-10T13:36:32.158+0000] {dagbag.py:545} INFO - Filling up the DagBag from /home/airflow/.local/lib/python3.12/site-packages/airflow/example_dags/example_bash_decorator.py
[2024-07-10T13:36:32.226+0000] {processor.py:840} INFO - DAG(s) 'example_bash_decorator' retrieved from /home/airflow/.local/lib/python3.12/site-packages/airflow/example_dags/example_bash_decorator.py
[2024-07-10T13:36:32.628+0000] {logging_mixin.py:188} INFO - [2024-07-10T13:36:32.628+0000] {dag.py:3096} INFO - Sync 1 DAGs
[2024-07-10T13:36:32.662+0000] {logging_mixin.py:188} INFO - [2024-07-10T13:36:32.662+0000] {dag.py:3954} INFO - Setting next_dagrun for example_bash_decorator to None, run_after=None
[2024-07-10T13:36:32.832+0000] {processor.py:183} INFO - Processing /home/airflow/.local/lib/python3.12/site-packages/airflow/example_dags/example_bash_decorator.py took 0.723 seconds
[2024-07-10T23:22:28.984+0000] {processor.py:161} INFO - Started process (PID=57) to work on /home/airflow/.local/lib/python3.12/site-packages/airflow/example_dags/example_bash_decorator.py
[2024-07-10T23:22:28.985+0000] {processor.py:830} INFO - Processing file /home/airflow/.local/lib/python3.12/site-packages/airflow/example_dags/example_bash_decorator.py for tasks to queue
[2024-07-10T23:22:28.988+0000] {logging_mixin.py:188} INFO - [2024-07-10T23:22:28.987+0000] {dagbag.py:545} INFO - Filling up the DagBag from /home/airflow/.local/lib/python3.12/site-packages/airflow/example_dags/example_bash_decorator.py
[2024-07-10T23:22:29.003+0000] {processor.py:840} INFO - DAG(s) 'example_bash_decorator' retrieved from /home/airflow/.local/lib/python3.12/site-packages/airflow/example_dags/example_bash_decorator.py
[2024-07-10T23:22:29.147+0000] {logging_mixin.py:188} INFO - [2024-07-10T23:22:29.147+0000] {dag.py:3096} INFO - Sync 1 DAGs
[2024-07-10T23:22:29.159+0000] {logging_mixin.py:188} INFO - [2024-07-10T23:22:29.159+0000] {dag.py:3954} INFO - Setting next_dagrun for example_bash_decorator to None, run_after=None
[2024-07-10T23:22:29.186+0000] {processor.py:183} INFO - Processing /home/airflow/.local/lib/python3.12/site-packages/airflow/example_dags/example_bash_decorator.py took 0.208 seconds
[2024-07-10T23:22:59.242+0000] {processor.py:161} INFO - Started process (PID=116) to work on /home/airflow/.local/lib/python3.12/site-packages/airflow/example_dags/example_bash_decorator.py
[2024-07-10T23:22:59.243+0000] {processor.py:830} INFO - Processing file /home/airflow/.local/lib/python3.12/site-packages/airflow/example_dags/example_bash_decorator.py for tasks to queue
[2024-07-10T23:22:59.245+0000] {logging_mixin.py:188} INFO - [2024-07-10T23:22:59.244+0000] {dagbag.py:545} INFO - Filling up the DagBag from /home/airflow/.local/lib/python3.12/site-packages/airflow/example_dags/example_bash_decorator.py
[2024-07-10T23:22:59.263+0000] {processor.py:840} INFO - DAG(s) 'example_bash_decorator' retrieved from /home/airflow/.local/lib/python3.12/site-packages/airflow/example_dags/example_bash_decorator.py
[2024-07-10T23:22:59.304+0000] {logging_mixin.py:188} INFO - [2024-07-10T23:22:59.304+0000] {dag.py:3096} INFO - Sync 1 DAGs
[2024-07-10T23:22:59.325+0000] {logging_mixin.py:188} INFO - [2024-07-10T23:22:59.325+0000] {dag.py:3954} INFO - Setting next_dagrun for example_bash_decorator to None, run_after=None
[2024-07-10T23:22:59.358+0000] {processor.py:183} INFO - Processing /home/airflow/.local/lib/python3.12/site-packages/airflow/example_dags/example_bash_decorator.py took 0.125 seconds
[2024-07-10T23:23:30.238+0000] {processor.py:161} INFO - Started process (PID=173) to work on /home/airflow/.local/lib/python3.12/site-packages/airflow/example_dags/example_bash_decorator.py
[2024-07-10T23:23:30.239+0000] {processor.py:830} INFO - Processing file /home/airflow/.local/lib/python3.12/site-packages/airflow/example_dags/example_bash_decorator.py for tasks to queue
[2024-07-10T23:23:30.241+0000] {logging_mixin.py:188} INFO - [2024-07-10T23:23:30.241+0000] {dagbag.py:545} INFO - Filling up the DagBag from /home/airflow/.local/lib/python3.12/site-packages/airflow/example_dags/example_bash_decorator.py
[2024-07-10T23:23:30.257+0000] {processor.py:840} INFO - DAG(s) 'example_bash_decorator' retrieved from /home/airflow/.local/lib/python3.12/site-packages/airflow/example_dags/example_bash_decorator.py
[2024-07-10T23:23:30.288+0000] {logging_mixin.py:188} INFO - [2024-07-10T23:23:30.288+0000] {dag.py:3096} INFO - Sync 1 DAGs
[2024-07-10T23:23:30.302+0000] {logging_mixin.py:188} INFO - [2024-07-10T23:23:30.302+0000] {dag.py:3954} INFO - Setting next_dagrun for example_bash_decorator to None, run_after=None
[2024-07-10T23:23:30.323+0000] {processor.py:183} INFO - Processing /home/airflow/.local/lib/python3.12/site-packages/airflow/example_dags/example_bash_decorator.py took 0.091 seconds
[2024-07-10T23:24:00.720+0000] {processor.py:161} INFO - Started process (PID=231) to work on /home/airflow/.local/lib/python3.12/site-packages/airflow/example_dags/example_bash_decorator.py
[2024-07-10T23:24:00.721+0000] {processor.py:830} INFO - Processing file /home/airflow/.local/lib/python3.12/site-packages/airflow/example_dags/example_bash_decorator.py for tasks to queue
[2024-07-10T23:24:00.723+0000] {logging_mixin.py:188} INFO - [2024-07-10T23:24:00.723+0000] {dagbag.py:545} INFO - Filling up the DagBag from /home/airflow/.local/lib/python3.12/site-packages/airflow/example_dags/example_bash_decorator.py
[2024-07-10T23:24:00.740+0000] {processor.py:840} INFO - DAG(s) 'example_bash_decorator' retrieved from /home/airflow/.local/lib/python3.12/site-packages/airflow/example_dags/example_bash_decorator.py
[2024-07-10T23:24:00.768+0000] {logging_mixin.py:188} INFO - [2024-07-10T23:24:00.768+0000] {dag.py:3096} INFO - Sync 1 DAGs
[2024-07-10T23:24:00.784+0000] {logging_mixin.py:188} INFO - [2024-07-10T23:24:00.784+0000] {dag.py:3954} INFO - Setting next_dagrun for example_bash_decorator to None, run_after=None
[2024-07-10T23:24:00.805+0000] {processor.py:183} INFO - Processing /home/airflow/.local/lib/python3.12/site-packages/airflow/example_dags/example_bash_decorator.py took 0.091 seconds
[2024-07-10T23:24:31.041+0000] {processor.py:161} INFO - Started process (PID=289) to work on /home/airflow/.local/lib/python3.12/site-packages/airflow/example_dags/example_bash_decorator.py
[2024-07-10T23:24:31.042+0000] {processor.py:830} INFO - Processing file /home/airflow/.local/lib/python3.12/site-packages/airflow/example_dags/example_bash_decorator.py for tasks to queue
[2024-07-10T23:24:31.044+0000] {logging_mixin.py:188} INFO - [2024-07-10T23:24:31.044+0000] {dagbag.py:545} INFO - Filling up the DagBag from /home/airflow/.local/lib/python3.12/site-packages/airflow/example_dags/example_bash_decorator.py
[2024-07-10T23:24:31.059+0000] {processor.py:840} INFO - DAG(s) 'example_bash_decorator' retrieved from /home/airflow/.local/lib/python3.12/site-packages/airflow/example_dags/example_bash_decorator.py
[2024-07-10T23:24:31.087+0000] {logging_mixin.py:188} INFO - [2024-07-10T23:24:31.087+0000] {dag.py:3096} INFO - Sync 1 DAGs
[2024-07-10T23:24:31.104+0000] {logging_mixin.py:188} INFO - [2024-07-10T23:24:31.103+0000] {dag.py:3954} INFO - Setting next_dagrun for example_bash_decorator to None, run_after=None
[2024-07-10T23:24:31.126+0000] {processor.py:183} INFO - Processing /home/airflow/.local/lib/python3.12/site-packages/airflow/example_dags/example_bash_decorator.py took 0.091 seconds
[2024-07-10T23:25:01.654+0000] {processor.py:161} INFO - Started process (PID=347) to work on /home/airflow/.local/lib/python3.12/site-packages/airflow/example_dags/example_bash_decorator.py
[2024-07-10T23:25:01.654+0000] {processor.py:830} INFO - Processing file /home/airflow/.local/lib/python3.12/site-packages/airflow/example_dags/example_bash_decorator.py for tasks to queue
[2024-07-10T23:25:01.656+0000] {logging_mixin.py:188} INFO - [2024-07-10T23:25:01.656+0000] {dagbag.py:545} INFO - Filling up the DagBag from /home/airflow/.local/lib/python3.12/site-packages/airflow/example_dags/example_bash_decorator.py
[2024-07-10T23:25:01.672+0000] {processor.py:840} INFO - DAG(s) 'example_bash_decorator' retrieved from /home/airflow/.local/lib/python3.12/site-packages/airflow/example_dags/example_bash_decorator.py
[2024-07-10T23:25:01.699+0000] {logging_mixin.py:188} INFO - [2024-07-10T23:25:01.699+0000] {dag.py:3096} INFO - Sync 1 DAGs
[2024-07-10T23:25:01.715+0000] {logging_mixin.py:188} INFO - [2024-07-10T23:25:01.715+0000] {dag.py:3954} INFO - Setting next_dagrun for example_bash_decorator to None, run_after=None
[2024-07-10T23:25:01.738+0000] {processor.py:183} INFO - Processing /home/airflow/.local/lib/python3.12/site-packages/airflow/example_dags/example_bash_decorator.py took 0.091 seconds
[2024-07-10T23:25:32.064+0000] {processor.py:161} INFO - Started process (PID=406) to work on /home/airflow/.local/lib/python3.12/site-packages/airflow/example_dags/example_bash_decorator.py
[2024-07-10T23:25:32.066+0000] {processor.py:830} INFO - Processing file /home/airflow/.local/lib/python3.12/site-packages/airflow/example_dags/example_bash_decorator.py for tasks to queue
[2024-07-10T23:25:32.068+0000] {logging_mixin.py:188} INFO - [2024-07-10T23:25:32.068+0000] {dagbag.py:545} INFO - Filling up the DagBag from /home/airflow/.local/lib/python3.12/site-packages/airflow/example_dags/example_bash_decorator.py
[2024-07-10T23:25:32.085+0000] {processor.py:840} INFO - DAG(s) 'example_bash_decorator' retrieved from /home/airflow/.local/lib/python3.12/site-packages/airflow/example_dags/example_bash_decorator.py
[2024-07-10T23:25:32.116+0000] {logging_mixin.py:188} INFO - [2024-07-10T23:25:32.116+0000] {dag.py:3096} INFO - Sync 1 DAGs
[2024-07-10T23:25:32.133+0000] {logging_mixin.py:188} INFO - [2024-07-10T23:25:32.133+0000] {dag.py:3954} INFO - Setting next_dagrun for example_bash_decorator to None, run_after=None
[2024-07-10T23:25:32.163+0000] {processor.py:183} INFO - Processing /home/airflow/.local/lib/python3.12/site-packages/airflow/example_dags/example_bash_decorator.py took 0.106 seconds
[2024-07-10T23:26:02.299+0000] {processor.py:161} INFO - Started process (PID=465) to work on /home/airflow/.local/lib/python3.12/site-packages/airflow/example_dags/example_bash_decorator.py
[2024-07-10T23:26:02.300+0000] {processor.py:830} INFO - Processing file /home/airflow/.local/lib/python3.12/site-packages/airflow/example_dags/example_bash_decorator.py for tasks to queue
[2024-07-10T23:26:02.302+0000] {logging_mixin.py:188} INFO - [2024-07-10T23:26:02.302+0000] {dagbag.py:545} INFO - Filling up the DagBag from /home/airflow/.local/lib/python3.12/site-packages/airflow/example_dags/example_bash_decorator.py
[2024-07-10T23:26:02.316+0000] {processor.py:840} INFO - DAG(s) 'example_bash_decorator' retrieved from /home/airflow/.local/lib/python3.12/site-packages/airflow/example_dags/example_bash_decorator.py
[2024-07-10T23:26:02.344+0000] {logging_mixin.py:188} INFO - [2024-07-10T23:26:02.343+0000] {dag.py:3096} INFO - Sync 1 DAGs
[2024-07-10T23:26:02.358+0000] {logging_mixin.py:188} INFO - [2024-07-10T23:26:02.358+0000] {dag.py:3954} INFO - Setting next_dagrun for example_bash_decorator to None, run_after=None
[2024-07-10T23:26:02.381+0000] {processor.py:183} INFO - Processing /home/airflow/.local/lib/python3.12/site-packages/airflow/example_dags/example_bash_decorator.py took 0.089 seconds
[2024-07-10T23:26:32.674+0000] {processor.py:161} INFO - Started process (PID=523) to work on /home/airflow/.local/lib/python3.12/site-packages/airflow/example_dags/example_bash_decorator.py
[2024-07-10T23:26:32.676+0000] {processor.py:830} INFO - Processing file /home/airflow/.local/lib/python3.12/site-packages/airflow/example_dags/example_bash_decorator.py for tasks to queue
[2024-07-10T23:26:32.678+0000] {logging_mixin.py:188} INFO - [2024-07-10T23:26:32.678+0000] {dagbag.py:545} INFO - Filling up the DagBag from /home/airflow/.local/lib/python3.12/site-packages/airflow/example_dags/example_bash_decorator.py
[2024-07-10T23:26:32.693+0000] {processor.py:840} INFO - DAG(s) 'example_bash_decorator' retrieved from /home/airflow/.local/lib/python3.12/site-packages/airflow/example_dags/example_bash_decorator.py
[2024-07-10T23:26:32.719+0000] {logging_mixin.py:188} INFO - [2024-07-10T23:26:32.718+0000] {dag.py:3096} INFO - Sync 1 DAGs
[2024-07-10T23:26:32.733+0000] {logging_mixin.py:188} INFO - [2024-07-10T23:26:32.733+0000] {dag.py:3954} INFO - Setting next_dagrun for example_bash_decorator to None, run_after=None
[2024-07-10T23:26:32.755+0000] {processor.py:183} INFO - Processing /home/airflow/.local/lib/python3.12/site-packages/airflow/example_dags/example_bash_decorator.py took 0.089 seconds
[2024-07-10T23:27:03.848+0000] {processor.py:161} INFO - Started process (PID=580) to work on /home/airflow/.local/lib/python3.12/site-packages/airflow/example_dags/example_bash_decorator.py
[2024-07-10T23:27:03.849+0000] {processor.py:830} INFO - Processing file /home/airflow/.local/lib/python3.12/site-packages/airflow/example_dags/example_bash_decorator.py for tasks to queue
[2024-07-10T23:27:03.851+0000] {logging_mixin.py:188} INFO - [2024-07-10T23:27:03.851+0000] {dagbag.py:545} INFO - Filling up the DagBag from /home/airflow/.local/lib/python3.12/site-packages/airflow/example_dags/example_bash_decorator.py
[2024-07-10T23:27:03.867+0000] {processor.py:840} INFO - DAG(s) 'example_bash_decorator' retrieved from /home/airflow/.local/lib/python3.12/site-packages/airflow/example_dags/example_bash_decorator.py
[2024-07-10T23:27:03.895+0000] {logging_mixin.py:188} INFO - [2024-07-10T23:27:03.895+0000] {dag.py:3096} INFO - Sync 1 DAGs
[2024-07-10T23:27:03.909+0000] {logging_mixin.py:188} INFO - [2024-07-10T23:27:03.909+0000] {dag.py:3954} INFO - Setting next_dagrun for example_bash_decorator to None, run_after=None
[2024-07-10T23:27:03.931+0000] {processor.py:183} INFO - Processing /home/airflow/.local/lib/python3.12/site-packages/airflow/example_dags/example_bash_decorator.py took 0.089 seconds
[2024-07-10T23:27:34.321+0000] {processor.py:161} INFO - Started process (PID=639) to work on /home/airflow/.local/lib/python3.12/site-packages/airflow/example_dags/example_bash_decorator.py
[2024-07-10T23:27:34.322+0000] {processor.py:830} INFO - Processing file /home/airflow/.local/lib/python3.12/site-packages/airflow/example_dags/example_bash_decorator.py for tasks to queue
[2024-07-10T23:27:34.324+0000] {logging_mixin.py:188} INFO - [2024-07-10T23:27:34.324+0000] {dagbag.py:545} INFO - Filling up the DagBag from /home/airflow/.local/lib/python3.12/site-packages/airflow/example_dags/example_bash_decorator.py
[2024-07-10T23:27:34.339+0000] {processor.py:840} INFO - DAG(s) 'example_bash_decorator' retrieved from /home/airflow/.local/lib/python3.12/site-packages/airflow/example_dags/example_bash_decorator.py
[2024-07-10T23:27:34.371+0000] {logging_mixin.py:188} INFO - [2024-07-10T23:27:34.371+0000] {dag.py:3096} INFO - Sync 1 DAGs
[2024-07-10T23:27:34.389+0000] {logging_mixin.py:188} INFO - [2024-07-10T23:27:34.389+0000] {dag.py:3954} INFO - Setting next_dagrun for example_bash_decorator to None, run_after=None
[2024-07-10T23:27:34.414+0000] {processor.py:183} INFO - Processing /home/airflow/.local/lib/python3.12/site-packages/airflow/example_dags/example_bash_decorator.py took 0.099 seconds
[2024-07-10T23:28:04.697+0000] {processor.py:161} INFO - Started process (PID=697) to work on /home/airflow/.local/lib/python3.12/site-packages/airflow/example_dags/example_bash_decorator.py
[2024-07-10T23:28:04.698+0000] {processor.py:830} INFO - Processing file /home/airflow/.local/lib/python3.12/site-packages/airflow/example_dags/example_bash_decorator.py for tasks to queue
[2024-07-10T23:28:04.700+0000] {logging_mixin.py:188} INFO - [2024-07-10T23:28:04.699+0000] {dagbag.py:545} INFO - Filling up the DagBag from /home/airflow/.local/lib/python3.12/site-packages/airflow/example_dags/example_bash_decorator.py
[2024-07-10T23:28:04.719+0000] {processor.py:840} INFO - DAG(s) 'example_bash_decorator' retrieved from /home/airflow/.local/lib/python3.12/site-packages/airflow/example_dags/example_bash_decorator.py
[2024-07-10T23:28:04.749+0000] {logging_mixin.py:188} INFO - [2024-07-10T23:28:04.749+0000] {dag.py:3096} INFO - Sync 1 DAGs
[2024-07-10T23:28:04.764+0000] {logging_mixin.py:188} INFO - [2024-07-10T23:28:04.764+0000] {dag.py:3954} INFO - Setting next_dagrun for example_bash_decorator to None, run_after=None
[2024-07-10T23:28:04.788+0000] {processor.py:183} INFO - Processing /home/airflow/.local/lib/python3.12/site-packages/airflow/example_dags/example_bash_decorator.py took 0.099 seconds
[2024-07-10T23:28:34.987+0000] {processor.py:161} INFO - Started process (PID=755) to work on /home/airflow/.local/lib/python3.12/site-packages/airflow/example_dags/example_bash_decorator.py
[2024-07-10T23:28:34.989+0000] {processor.py:830} INFO - Processing file /home/airflow/.local/lib/python3.12/site-packages/airflow/example_dags/example_bash_decorator.py for tasks to queue
[2024-07-10T23:28:34.991+0000] {logging_mixin.py:188} INFO - [2024-07-10T23:28:34.991+0000] {dagbag.py:545} INFO - Filling up the DagBag from /home/airflow/.local/lib/python3.12/site-packages/airflow/example_dags/example_bash_decorator.py
[2024-07-10T23:28:35.007+0000] {processor.py:840} INFO - DAG(s) 'example_bash_decorator' retrieved from /home/airflow/.local/lib/python3.12/site-packages/airflow/example_dags/example_bash_decorator.py
[2024-07-10T23:28:35.034+0000] {logging_mixin.py:188} INFO - [2024-07-10T23:28:35.034+0000] {dag.py:3096} INFO - Sync 1 DAGs
[2024-07-10T23:28:35.050+0000] {logging_mixin.py:188} INFO - [2024-07-10T23:28:35.049+0000] {dag.py:3954} INFO - Setting next_dagrun for example_bash_decorator to None, run_after=None
[2024-07-10T23:28:35.071+0000] {processor.py:183} INFO - Processing /home/airflow/.local/lib/python3.12/site-packages/airflow/example_dags/example_bash_decorator.py took 0.090 seconds
[2024-07-10T23:29:05.233+0000] {processor.py:161} INFO - Started process (PID=813) to work on /home/airflow/.local/lib/python3.12/site-packages/airflow/example_dags/example_bash_decorator.py
[2024-07-10T23:29:05.234+0000] {processor.py:830} INFO - Processing file /home/airflow/.local/lib/python3.12/site-packages/airflow/example_dags/example_bash_decorator.py for tasks to queue
[2024-07-10T23:29:05.235+0000] {logging_mixin.py:188} INFO - [2024-07-10T23:29:05.235+0000] {dagbag.py:545} INFO - Filling up the DagBag from /home/airflow/.local/lib/python3.12/site-packages/airflow/example_dags/example_bash_decorator.py
[2024-07-10T23:29:05.249+0000] {processor.py:840} INFO - DAG(s) 'example_bash_decorator' retrieved from /home/airflow/.local/lib/python3.12/site-packages/airflow/example_dags/example_bash_decorator.py
[2024-07-10T23:29:05.277+0000] {logging_mixin.py:188} INFO - [2024-07-10T23:29:05.276+0000] {dag.py:3096} INFO - Sync 1 DAGs
[2024-07-10T23:29:05.290+0000] {logging_mixin.py:188} INFO - [2024-07-10T23:29:05.290+0000] {dag.py:3954} INFO - Setting next_dagrun for example_bash_decorator to None, run_after=None
[2024-07-10T23:29:05.319+0000] {processor.py:183} INFO - Processing /home/airflow/.local/lib/python3.12/site-packages/airflow/example_dags/example_bash_decorator.py took 0.092 seconds
[2024-07-10T23:29:36.207+0000] {processor.py:161} INFO - Started process (PID=871) to work on /home/airflow/.local/lib/python3.12/site-packages/airflow/example_dags/example_bash_decorator.py
[2024-07-10T23:29:36.208+0000] {processor.py:830} INFO - Processing file /home/airflow/.local/lib/python3.12/site-packages/airflow/example_dags/example_bash_decorator.py for tasks to queue
[2024-07-10T23:29:36.210+0000] {logging_mixin.py:188} INFO - [2024-07-10T23:29:36.210+0000] {dagbag.py:545} INFO - Filling up the DagBag from /home/airflow/.local/lib/python3.12/site-packages/airflow/example_dags/example_bash_decorator.py
[2024-07-10T23:29:36.225+0000] {processor.py:840} INFO - DAG(s) 'example_bash_decorator' retrieved from /home/airflow/.local/lib/python3.12/site-packages/airflow/example_dags/example_bash_decorator.py
[2024-07-10T23:29:36.254+0000] {logging_mixin.py:188} INFO - [2024-07-10T23:29:36.253+0000] {dag.py:3096} INFO - Sync 1 DAGs
[2024-07-10T23:29:36.269+0000] {logging_mixin.py:188} INFO - [2024-07-10T23:29:36.269+0000] {dag.py:3954} INFO - Setting next_dagrun for example_bash_decorator to None, run_after=None
[2024-07-10T23:29:36.291+0000] {processor.py:183} INFO - Processing /home/airflow/.local/lib/python3.12/site-packages/airflow/example_dags/example_bash_decorator.py took 0.090 seconds
[2024-07-10T23:30:06.641+0000] {processor.py:161} INFO - Started process (PID=928) to work on /home/airflow/.local/lib/python3.12/site-packages/airflow/example_dags/example_bash_decorator.py
[2024-07-10T23:30:06.642+0000] {processor.py:830} INFO - Processing file /home/airflow/.local/lib/python3.12/site-packages/airflow/example_dags/example_bash_decorator.py for tasks to queue
[2024-07-10T23:30:06.644+0000] {logging_mixin.py:188} INFO - [2024-07-10T23:30:06.644+0000] {dagbag.py:545} INFO - Filling up the DagBag from /home/airflow/.local/lib/python3.12/site-packages/airflow/example_dags/example_bash_decorator.py
[2024-07-10T23:30:06.660+0000] {processor.py:840} INFO - DAG(s) 'example_bash_decorator' retrieved from /home/airflow/.local/lib/python3.12/site-packages/airflow/example_dags/example_bash_decorator.py
[2024-07-10T23:30:06.707+0000] {logging_mixin.py:188} INFO - [2024-07-10T23:30:06.706+0000] {dag.py:3096} INFO - Sync 1 DAGs
[2024-07-10T23:30:06.738+0000] {logging_mixin.py:188} INFO - [2024-07-10T23:30:06.738+0000] {dag.py:3954} INFO - Setting next_dagrun for example_bash_decorator to None, run_after=None
[2024-07-10T23:30:06.761+0000] {processor.py:183} INFO - Processing /home/airflow/.local/lib/python3.12/site-packages/airflow/example_dags/example_bash_decorator.py took 0.126 seconds
[2024-07-10T23:30:36.991+0000] {processor.py:161} INFO - Started process (PID=992) to work on /home/airflow/.local/lib/python3.12/site-packages/airflow/example_dags/example_bash_decorator.py
[2024-07-10T23:30:36.999+0000] {processor.py:830} INFO - Processing file /home/airflow/.local/lib/python3.12/site-packages/airflow/example_dags/example_bash_decorator.py for tasks to queue
[2024-07-10T23:30:37.001+0000] {logging_mixin.py:188} INFO - [2024-07-10T23:30:37.001+0000] {dagbag.py:545} INFO - Filling up the DagBag from /home/airflow/.local/lib/python3.12/site-packages/airflow/example_dags/example_bash_decorator.py
[2024-07-10T23:30:37.016+0000] {processor.py:840} INFO - DAG(s) 'example_bash_decorator' retrieved from /home/airflow/.local/lib/python3.12/site-packages/airflow/example_dags/example_bash_decorator.py
[2024-07-10T23:30:37.043+0000] {logging_mixin.py:188} INFO - [2024-07-10T23:30:37.043+0000] {dag.py:3096} INFO - Sync 1 DAGs
[2024-07-10T23:30:37.058+0000] {logging_mixin.py:188} INFO - [2024-07-10T23:30:37.057+0000] {dag.py:3954} INFO - Setting next_dagrun for example_bash_decorator to None, run_after=None
[2024-07-10T23:30:37.082+0000] {processor.py:183} INFO - Processing /home/airflow/.local/lib/python3.12/site-packages/airflow/example_dags/example_bash_decorator.py took 0.096 seconds
[2024-07-10T23:31:08.077+0000] {processor.py:161} INFO - Started process (PID=1050) to work on /home/airflow/.local/lib/python3.12/site-packages/airflow/example_dags/example_bash_decorator.py
[2024-07-10T23:31:08.078+0000] {processor.py:830} INFO - Processing file /home/airflow/.local/lib/python3.12/site-packages/airflow/example_dags/example_bash_decorator.py for tasks to queue
[2024-07-10T23:31:08.080+0000] {logging_mixin.py:188} INFO - [2024-07-10T23:31:08.079+0000] {dagbag.py:545} INFO - Filling up the DagBag from /home/airflow/.local/lib/python3.12/site-packages/airflow/example_dags/example_bash_decorator.py
[2024-07-10T23:31:08.095+0000] {processor.py:840} INFO - DAG(s) 'example_bash_decorator' retrieved from /home/airflow/.local/lib/python3.12/site-packages/airflow/example_dags/example_bash_decorator.py
[2024-07-10T23:31:08.124+0000] {logging_mixin.py:188} INFO - [2024-07-10T23:31:08.124+0000] {dag.py:3096} INFO - Sync 1 DAGs
[2024-07-10T23:31:08.139+0000] {logging_mixin.py:188} INFO - [2024-07-10T23:31:08.138+0000] {dag.py:3954} INFO - Setting next_dagrun for example_bash_decorator to None, run_after=None
[2024-07-10T23:31:08.162+0000] {processor.py:183} INFO - Processing /home/airflow/.local/lib/python3.12/site-packages/airflow/example_dags/example_bash_decorator.py took 0.092 seconds
[2024-07-10T23:31:38.368+0000] {processor.py:161} INFO - Started process (PID=1108) to work on /home/airflow/.local/lib/python3.12/site-packages/airflow/example_dags/example_bash_decorator.py
[2024-07-10T23:31:38.370+0000] {processor.py:830} INFO - Processing file /home/airflow/.local/lib/python3.12/site-packages/airflow/example_dags/example_bash_decorator.py for tasks to queue
[2024-07-10T23:31:38.372+0000] {logging_mixin.py:188} INFO - [2024-07-10T23:31:38.371+0000] {dagbag.py:545} INFO - Filling up the DagBag from /home/airflow/.local/lib/python3.12/site-packages/airflow/example_dags/example_bash_decorator.py
[2024-07-10T23:31:38.386+0000] {processor.py:840} INFO - DAG(s) 'example_bash_decorator' retrieved from /home/airflow/.local/lib/python3.12/site-packages/airflow/example_dags/example_bash_decorator.py
[2024-07-10T23:31:38.416+0000] {logging_mixin.py:188} INFO - [2024-07-10T23:31:38.415+0000] {dag.py:3096} INFO - Sync 1 DAGs
[2024-07-10T23:31:38.430+0000] {logging_mixin.py:188} INFO - [2024-07-10T23:31:38.430+0000] {dag.py:3954} INFO - Setting next_dagrun for example_bash_decorator to None, run_after=None
[2024-07-10T23:31:38.460+0000] {processor.py:183} INFO - Processing /home/airflow/.local/lib/python3.12/site-packages/airflow/example_dags/example_bash_decorator.py took 0.098 seconds
[2024-07-10T23:32:08.482+0000] {processor.py:161} INFO - Started process (PID=1165) to work on /home/airflow/.local/lib/python3.12/site-packages/airflow/example_dags/example_bash_decorator.py
[2024-07-10T23:32:08.485+0000] {processor.py:830} INFO - Processing file /home/airflow/.local/lib/python3.12/site-packages/airflow/example_dags/example_bash_decorator.py for tasks to queue
[2024-07-10T23:32:08.487+0000] {logging_mixin.py:188} INFO - [2024-07-10T23:32:08.486+0000] {dagbag.py:545} INFO - Filling up the DagBag from /home/airflow/.local/lib/python3.12/site-packages/airflow/example_dags/example_bash_decorator.py
[2024-07-10T23:32:08.501+0000] {processor.py:840} INFO - DAG(s) 'example_bash_decorator' retrieved from /home/airflow/.local/lib/python3.12/site-packages/airflow/example_dags/example_bash_decorator.py
[2024-07-10T23:32:08.528+0000] {logging_mixin.py:188} INFO - [2024-07-10T23:32:08.528+0000] {dag.py:3096} INFO - Sync 1 DAGs
[2024-07-10T23:32:08.542+0000] {logging_mixin.py:188} INFO - [2024-07-10T23:32:08.542+0000] {dag.py:3954} INFO - Setting next_dagrun for example_bash_decorator to None, run_after=None
[2024-07-10T23:32:08.565+0000] {processor.py:183} INFO - Processing /home/airflow/.local/lib/python3.12/site-packages/airflow/example_dags/example_bash_decorator.py took 0.089 seconds
[2024-07-10T23:32:38.779+0000] {processor.py:161} INFO - Started process (PID=1223) to work on /home/airflow/.local/lib/python3.12/site-packages/airflow/example_dags/example_bash_decorator.py
[2024-07-10T23:32:38.780+0000] {processor.py:830} INFO - Processing file /home/airflow/.local/lib/python3.12/site-packages/airflow/example_dags/example_bash_decorator.py for tasks to queue
[2024-07-10T23:32:38.782+0000] {logging_mixin.py:188} INFO - [2024-07-10T23:32:38.782+0000] {dagbag.py:545} INFO - Filling up the DagBag from /home/airflow/.local/lib/python3.12/site-packages/airflow/example_dags/example_bash_decorator.py
[2024-07-10T23:32:38.797+0000] {processor.py:840} INFO - DAG(s) 'example_bash_decorator' retrieved from /home/airflow/.local/lib/python3.12/site-packages/airflow/example_dags/example_bash_decorator.py
[2024-07-10T23:32:38.823+0000] {logging_mixin.py:188} INFO - [2024-07-10T23:32:38.823+0000] {dag.py:3096} INFO - Sync 1 DAGs
[2024-07-10T23:32:38.839+0000] {logging_mixin.py:188} INFO - [2024-07-10T23:32:38.839+0000] {dag.py:3954} INFO - Setting next_dagrun for example_bash_decorator to None, run_after=None
[2024-07-10T23:32:38.871+0000] {processor.py:183} INFO - Processing /home/airflow/.local/lib/python3.12/site-packages/airflow/example_dags/example_bash_decorator.py took 0.098 seconds
[2024-07-10T23:33:08.995+0000] {processor.py:161} INFO - Started process (PID=1281) to work on /home/airflow/.local/lib/python3.12/site-packages/airflow/example_dags/example_bash_decorator.py
[2024-07-10T23:33:08.996+0000] {processor.py:830} INFO - Processing file /home/airflow/.local/lib/python3.12/site-packages/airflow/example_dags/example_bash_decorator.py for tasks to queue
[2024-07-10T23:33:08.998+0000] {logging_mixin.py:188} INFO - [2024-07-10T23:33:08.998+0000] {dagbag.py:545} INFO - Filling up the DagBag from /home/airflow/.local/lib/python3.12/site-packages/airflow/example_dags/example_bash_decorator.py
[2024-07-10T23:33:09.014+0000] {processor.py:840} INFO - DAG(s) 'example_bash_decorator' retrieved from /home/airflow/.local/lib/python3.12/site-packages/airflow/example_dags/example_bash_decorator.py
[2024-07-10T23:33:09.042+0000] {logging_mixin.py:188} INFO - [2024-07-10T23:33:09.041+0000] {dag.py:3096} INFO - Sync 1 DAGs
[2024-07-10T23:33:09.057+0000] {logging_mixin.py:188} INFO - [2024-07-10T23:33:09.057+0000] {dag.py:3954} INFO - Setting next_dagrun for example_bash_decorator to None, run_after=None
[2024-07-10T23:33:09.088+0000] {processor.py:183} INFO - Processing /home/airflow/.local/lib/python3.12/site-packages/airflow/example_dags/example_bash_decorator.py took 0.101 seconds
[2024-07-10T23:33:39.232+0000] {processor.py:161} INFO - Started process (PID=1339) to work on /home/airflow/.local/lib/python3.12/site-packages/airflow/example_dags/example_bash_decorator.py
[2024-07-10T23:33:39.234+0000] {processor.py:830} INFO - Processing file /home/airflow/.local/lib/python3.12/site-packages/airflow/example_dags/example_bash_decorator.py for tasks to queue
[2024-07-10T23:33:39.236+0000] {logging_mixin.py:188} INFO - [2024-07-10T23:33:39.236+0000] {dagbag.py:545} INFO - Filling up the DagBag from /home/airflow/.local/lib/python3.12/site-packages/airflow/example_dags/example_bash_decorator.py
[2024-07-10T23:33:39.252+0000] {processor.py:840} INFO - DAG(s) 'example_bash_decorator' retrieved from /home/airflow/.local/lib/python3.12/site-packages/airflow/example_dags/example_bash_decorator.py
[2024-07-10T23:33:39.279+0000] {logging_mixin.py:188} INFO - [2024-07-10T23:33:39.278+0000] {dag.py:3096} INFO - Sync 1 DAGs
[2024-07-10T23:33:39.294+0000] {logging_mixin.py:188} INFO - [2024-07-10T23:33:39.294+0000] {dag.py:3954} INFO - Setting next_dagrun for example_bash_decorator to None, run_after=None
[2024-07-10T23:33:39.322+0000] {processor.py:183} INFO - Processing /home/airflow/.local/lib/python3.12/site-packages/airflow/example_dags/example_bash_decorator.py took 0.097 seconds
[2024-07-10T23:34:09.628+0000] {processor.py:161} INFO - Started process (PID=1398) to work on /home/airflow/.local/lib/python3.12/site-packages/airflow/example_dags/example_bash_decorator.py
[2024-07-10T23:34:09.629+0000] {processor.py:830} INFO - Processing file /home/airflow/.local/lib/python3.12/site-packages/airflow/example_dags/example_bash_decorator.py for tasks to queue
[2024-07-10T23:34:09.631+0000] {logging_mixin.py:188} INFO - [2024-07-10T23:34:09.631+0000] {dagbag.py:545} INFO - Filling up the DagBag from /home/airflow/.local/lib/python3.12/site-packages/airflow/example_dags/example_bash_decorator.py
[2024-07-10T23:34:09.645+0000] {processor.py:840} INFO - DAG(s) 'example_bash_decorator' retrieved from /home/airflow/.local/lib/python3.12/site-packages/airflow/example_dags/example_bash_decorator.py
[2024-07-10T23:34:09.674+0000] {logging_mixin.py:188} INFO - [2024-07-10T23:34:09.673+0000] {dag.py:3096} INFO - Sync 1 DAGs
[2024-07-10T23:34:09.687+0000] {logging_mixin.py:188} INFO - [2024-07-10T23:34:09.687+0000] {dag.py:3954} INFO - Setting next_dagrun for example_bash_decorator to None, run_after=None
[2024-07-10T23:34:09.717+0000] {processor.py:183} INFO - Processing /home/airflow/.local/lib/python3.12/site-packages/airflow/example_dags/example_bash_decorator.py took 0.096 seconds
[2024-07-10T23:34:40.282+0000] {processor.py:161} INFO - Started process (PID=1456) to work on /home/airflow/.local/lib/python3.12/site-packages/airflow/example_dags/example_bash_decorator.py
[2024-07-10T23:34:40.284+0000] {processor.py:830} INFO - Processing file /home/airflow/.local/lib/python3.12/site-packages/airflow/example_dags/example_bash_decorator.py for tasks to queue
[2024-07-10T23:34:40.285+0000] {logging_mixin.py:188} INFO - [2024-07-10T23:34:40.285+0000] {dagbag.py:545} INFO - Filling up the DagBag from /home/airflow/.local/lib/python3.12/site-packages/airflow/example_dags/example_bash_decorator.py
[2024-07-10T23:34:40.302+0000] {processor.py:840} INFO - DAG(s) 'example_bash_decorator' retrieved from /home/airflow/.local/lib/python3.12/site-packages/airflow/example_dags/example_bash_decorator.py
[2024-07-10T23:34:40.332+0000] {logging_mixin.py:188} INFO - [2024-07-10T23:34:40.332+0000] {dag.py:3096} INFO - Sync 1 DAGs
[2024-07-10T23:34:40.348+0000] {logging_mixin.py:188} INFO - [2024-07-10T23:34:40.348+0000] {dag.py:3954} INFO - Setting next_dagrun for example_bash_decorator to None, run_after=None
[2024-07-10T23:34:40.378+0000] {processor.py:183} INFO - Processing /home/airflow/.local/lib/python3.12/site-packages/airflow/example_dags/example_bash_decorator.py took 0.103 seconds
[2024-07-10T23:35:10.675+0000] {processor.py:161} INFO - Started process (PID=1513) to work on /home/airflow/.local/lib/python3.12/site-packages/airflow/example_dags/example_bash_decorator.py
[2024-07-10T23:35:10.678+0000] {processor.py:830} INFO - Processing file /home/airflow/.local/lib/python3.12/site-packages/airflow/example_dags/example_bash_decorator.py for tasks to queue
[2024-07-10T23:35:10.681+0000] {logging_mixin.py:188} INFO - [2024-07-10T23:35:10.680+0000] {dagbag.py:545} INFO - Filling up the DagBag from /home/airflow/.local/lib/python3.12/site-packages/airflow/example_dags/example_bash_decorator.py
[2024-07-10T23:35:10.697+0000] {processor.py:840} INFO - DAG(s) 'example_bash_decorator' retrieved from /home/airflow/.local/lib/python3.12/site-packages/airflow/example_dags/example_bash_decorator.py
[2024-07-10T23:35:10.725+0000] {logging_mixin.py:188} INFO - [2024-07-10T23:35:10.725+0000] {dag.py:3096} INFO - Sync 1 DAGs
[2024-07-10T23:35:10.743+0000] {logging_mixin.py:188} INFO - [2024-07-10T23:35:10.743+0000] {dag.py:3954} INFO - Setting next_dagrun for example_bash_decorator to None, run_after=None
[2024-07-10T23:35:10.767+0000] {processor.py:183} INFO - Processing /home/airflow/.local/lib/python3.12/site-packages/airflow/example_dags/example_bash_decorator.py took 0.098 seconds
[2024-07-10T23:35:41.102+0000] {processor.py:161} INFO - Started process (PID=1571) to work on /home/airflow/.local/lib/python3.12/site-packages/airflow/example_dags/example_bash_decorator.py
[2024-07-10T23:35:41.103+0000] {processor.py:830} INFO - Processing file /home/airflow/.local/lib/python3.12/site-packages/airflow/example_dags/example_bash_decorator.py for tasks to queue
[2024-07-10T23:35:41.105+0000] {logging_mixin.py:188} INFO - [2024-07-10T23:35:41.105+0000] {dagbag.py:545} INFO - Filling up the DagBag from /home/airflow/.local/lib/python3.12/site-packages/airflow/example_dags/example_bash_decorator.py
[2024-07-10T23:35:41.121+0000] {processor.py:840} INFO - DAG(s) 'example_bash_decorator' retrieved from /home/airflow/.local/lib/python3.12/site-packages/airflow/example_dags/example_bash_decorator.py
[2024-07-10T23:35:41.150+0000] {logging_mixin.py:188} INFO - [2024-07-10T23:35:41.150+0000] {dag.py:3096} INFO - Sync 1 DAGs
[2024-07-10T23:35:41.164+0000] {logging_mixin.py:188} INFO - [2024-07-10T23:35:41.164+0000] {dag.py:3954} INFO - Setting next_dagrun for example_bash_decorator to None, run_after=None
[2024-07-10T23:35:41.189+0000] {processor.py:183} INFO - Processing /home/airflow/.local/lib/python3.12/site-packages/airflow/example_dags/example_bash_decorator.py took 0.094 seconds
[2024-07-10T23:36:12.076+0000] {processor.py:161} INFO - Started process (PID=1629) to work on /home/airflow/.local/lib/python3.12/site-packages/airflow/example_dags/example_bash_decorator.py
[2024-07-10T23:36:12.077+0000] {processor.py:830} INFO - Processing file /home/airflow/.local/lib/python3.12/site-packages/airflow/example_dags/example_bash_decorator.py for tasks to queue
[2024-07-10T23:36:12.079+0000] {logging_mixin.py:188} INFO - [2024-07-10T23:36:12.079+0000] {dagbag.py:545} INFO - Filling up the DagBag from /home/airflow/.local/lib/python3.12/site-packages/airflow/example_dags/example_bash_decorator.py
[2024-07-10T23:36:12.092+0000] {processor.py:840} INFO - DAG(s) 'example_bash_decorator' retrieved from /home/airflow/.local/lib/python3.12/site-packages/airflow/example_dags/example_bash_decorator.py
[2024-07-10T23:36:12.119+0000] {logging_mixin.py:188} INFO - [2024-07-10T23:36:12.119+0000] {dag.py:3096} INFO - Sync 1 DAGs
[2024-07-10T23:36:12.134+0000] {logging_mixin.py:188} INFO - [2024-07-10T23:36:12.133+0000] {dag.py:3954} INFO - Setting next_dagrun for example_bash_decorator to None, run_after=None
[2024-07-10T23:36:12.162+0000] {processor.py:183} INFO - Processing /home/airflow/.local/lib/python3.12/site-packages/airflow/example_dags/example_bash_decorator.py took 0.092 seconds
[2024-07-10T23:36:42.717+0000] {processor.py:161} INFO - Started process (PID=1688) to work on /home/airflow/.local/lib/python3.12/site-packages/airflow/example_dags/example_bash_decorator.py
[2024-07-10T23:36:42.718+0000] {processor.py:830} INFO - Processing file /home/airflow/.local/lib/python3.12/site-packages/airflow/example_dags/example_bash_decorator.py for tasks to queue
[2024-07-10T23:36:42.720+0000] {logging_mixin.py:188} INFO - [2024-07-10T23:36:42.719+0000] {dagbag.py:545} INFO - Filling up the DagBag from /home/airflow/.local/lib/python3.12/site-packages/airflow/example_dags/example_bash_decorator.py
[2024-07-10T23:36:42.735+0000] {processor.py:840} INFO - DAG(s) 'example_bash_decorator' retrieved from /home/airflow/.local/lib/python3.12/site-packages/airflow/example_dags/example_bash_decorator.py
[2024-07-10T23:36:42.763+0000] {logging_mixin.py:188} INFO - [2024-07-10T23:36:42.763+0000] {dag.py:3096} INFO - Sync 1 DAGs
[2024-07-10T23:36:42.777+0000] {logging_mixin.py:188} INFO - [2024-07-10T23:36:42.777+0000] {dag.py:3954} INFO - Setting next_dagrun for example_bash_decorator to None, run_after=None
[2024-07-10T23:36:42.802+0000] {processor.py:183} INFO - Processing /home/airflow/.local/lib/python3.12/site-packages/airflow/example_dags/example_bash_decorator.py took 0.091 seconds
[2024-07-10T23:37:13.188+0000] {processor.py:161} INFO - Started process (PID=1746) to work on /home/airflow/.local/lib/python3.12/site-packages/airflow/example_dags/example_bash_decorator.py
[2024-07-10T23:37:13.189+0000] {processor.py:830} INFO - Processing file /home/airflow/.local/lib/python3.12/site-packages/airflow/example_dags/example_bash_decorator.py for tasks to queue
[2024-07-10T23:37:13.191+0000] {logging_mixin.py:188} INFO - [2024-07-10T23:37:13.191+0000] {dagbag.py:545} INFO - Filling up the DagBag from /home/airflow/.local/lib/python3.12/site-packages/airflow/example_dags/example_bash_decorator.py
[2024-07-10T23:37:13.206+0000] {processor.py:840} INFO - DAG(s) 'example_bash_decorator' retrieved from /home/airflow/.local/lib/python3.12/site-packages/airflow/example_dags/example_bash_decorator.py
[2024-07-10T23:37:13.234+0000] {logging_mixin.py:188} INFO - [2024-07-10T23:37:13.234+0000] {dag.py:3096} INFO - Sync 1 DAGs
[2024-07-10T23:37:13.249+0000] {logging_mixin.py:188} INFO - [2024-07-10T23:37:13.249+0000] {dag.py:3954} INFO - Setting next_dagrun for example_bash_decorator to None, run_after=None
[2024-07-10T23:37:13.279+0000] {processor.py:183} INFO - Processing /home/airflow/.local/lib/python3.12/site-packages/airflow/example_dags/example_bash_decorator.py took 0.097 seconds
[2024-07-10T23:37:43.816+0000] {processor.py:161} INFO - Started process (PID=1804) to work on /home/airflow/.local/lib/python3.12/site-packages/airflow/example_dags/example_bash_decorator.py
[2024-07-10T23:37:43.817+0000] {processor.py:830} INFO - Processing file /home/airflow/.local/lib/python3.12/site-packages/airflow/example_dags/example_bash_decorator.py for tasks to queue
[2024-07-10T23:37:43.819+0000] {logging_mixin.py:188} INFO - [2024-07-10T23:37:43.818+0000] {dagbag.py:545} INFO - Filling up the DagBag from /home/airflow/.local/lib/python3.12/site-packages/airflow/example_dags/example_bash_decorator.py
[2024-07-10T23:37:43.838+0000] {processor.py:840} INFO - DAG(s) 'example_bash_decorator' retrieved from /home/airflow/.local/lib/python3.12/site-packages/airflow/example_dags/example_bash_decorator.py
[2024-07-10T23:37:43.865+0000] {logging_mixin.py:188} INFO - [2024-07-10T23:37:43.865+0000] {dag.py:3096} INFO - Sync 1 DAGs
[2024-07-10T23:37:43.879+0000] {logging_mixin.py:188} INFO - [2024-07-10T23:37:43.879+0000] {dag.py:3954} INFO - Setting next_dagrun for example_bash_decorator to None, run_after=None
[2024-07-10T23:37:43.907+0000] {processor.py:183} INFO - Processing /home/airflow/.local/lib/python3.12/site-packages/airflow/example_dags/example_bash_decorator.py took 0.097 seconds
[2024-07-10T23:38:14.545+0000] {processor.py:161} INFO - Started process (PID=1862) to work on /home/airflow/.local/lib/python3.12/site-packages/airflow/example_dags/example_bash_decorator.py
[2024-07-10T23:38:14.546+0000] {processor.py:830} INFO - Processing file /home/airflow/.local/lib/python3.12/site-packages/airflow/example_dags/example_bash_decorator.py for tasks to queue
[2024-07-10T23:38:14.548+0000] {logging_mixin.py:188} INFO - [2024-07-10T23:38:14.548+0000] {dagbag.py:545} INFO - Filling up the DagBag from /home/airflow/.local/lib/python3.12/site-packages/airflow/example_dags/example_bash_decorator.py
[2024-07-10T23:38:14.562+0000] {processor.py:840} INFO - DAG(s) 'example_bash_decorator' retrieved from /home/airflow/.local/lib/python3.12/site-packages/airflow/example_dags/example_bash_decorator.py
[2024-07-10T23:38:14.589+0000] {logging_mixin.py:188} INFO - [2024-07-10T23:38:14.589+0000] {dag.py:3096} INFO - Sync 1 DAGs
[2024-07-10T23:38:14.602+0000] {logging_mixin.py:188} INFO - [2024-07-10T23:38:14.602+0000] {dag.py:3954} INFO - Setting next_dagrun for example_bash_decorator to None, run_after=None
[2024-07-10T23:38:14.624+0000] {processor.py:183} INFO - Processing /home/airflow/.local/lib/python3.12/site-packages/airflow/example_dags/example_bash_decorator.py took 0.086 seconds
[2024-07-10T23:38:45.310+0000] {processor.py:161} INFO - Started process (PID=1920) to work on /home/airflow/.local/lib/python3.12/site-packages/airflow/example_dags/example_bash_decorator.py
[2024-07-10T23:38:45.314+0000] {processor.py:830} INFO - Processing file /home/airflow/.local/lib/python3.12/site-packages/airflow/example_dags/example_bash_decorator.py for tasks to queue
[2024-07-10T23:38:45.316+0000] {logging_mixin.py:188} INFO - [2024-07-10T23:38:45.316+0000] {dagbag.py:545} INFO - Filling up the DagBag from /home/airflow/.local/lib/python3.12/site-packages/airflow/example_dags/example_bash_decorator.py
[2024-07-10T23:38:45.481+0000] {processor.py:840} INFO - DAG(s) 'example_bash_decorator' retrieved from /home/airflow/.local/lib/python3.12/site-packages/airflow/example_dags/example_bash_decorator.py
[2024-07-10T23:38:45.504+0000] {logging_mixin.py:188} INFO - [2024-07-10T23:38:45.504+0000] {dag.py:3096} INFO - Sync 1 DAGs
[2024-07-10T23:38:45.516+0000] {logging_mixin.py:188} INFO - [2024-07-10T23:38:45.516+0000] {dag.py:3954} INFO - Setting next_dagrun for example_bash_decorator to None, run_after=None
[2024-07-10T23:38:45.546+0000] {processor.py:183} INFO - Processing /home/airflow/.local/lib/python3.12/site-packages/airflow/example_dags/example_bash_decorator.py took 0.243 seconds
[2024-07-10T23:39:16.248+0000] {processor.py:161} INFO - Started process (PID=1978) to work on /home/airflow/.local/lib/python3.12/site-packages/airflow/example_dags/example_bash_decorator.py
[2024-07-10T23:39:16.249+0000] {processor.py:830} INFO - Processing file /home/airflow/.local/lib/python3.12/site-packages/airflow/example_dags/example_bash_decorator.py for tasks to queue
[2024-07-10T23:39:16.250+0000] {logging_mixin.py:188} INFO - [2024-07-10T23:39:16.250+0000] {dagbag.py:545} INFO - Filling up the DagBag from /home/airflow/.local/lib/python3.12/site-packages/airflow/example_dags/example_bash_decorator.py
[2024-07-10T23:39:16.265+0000] {processor.py:840} INFO - DAG(s) 'example_bash_decorator' retrieved from /home/airflow/.local/lib/python3.12/site-packages/airflow/example_dags/example_bash_decorator.py
[2024-07-10T23:39:16.295+0000] {logging_mixin.py:188} INFO - [2024-07-10T23:39:16.295+0000] {dag.py:3096} INFO - Sync 1 DAGs
[2024-07-10T23:39:16.309+0000] {logging_mixin.py:188} INFO - [2024-07-10T23:39:16.308+0000] {dag.py:3954} INFO - Setting next_dagrun for example_bash_decorator to None, run_after=None
[2024-07-10T23:39:16.336+0000] {processor.py:183} INFO - Processing /home/airflow/.local/lib/python3.12/site-packages/airflow/example_dags/example_bash_decorator.py took 0.095 seconds
[2024-07-10T23:39:46.571+0000] {processor.py:161} INFO - Started process (PID=2037) to work on /home/airflow/.local/lib/python3.12/site-packages/airflow/example_dags/example_bash_decorator.py
[2024-07-10T23:39:46.572+0000] {processor.py:830} INFO - Processing file /home/airflow/.local/lib/python3.12/site-packages/airflow/example_dags/example_bash_decorator.py for tasks to queue
[2024-07-10T23:39:46.574+0000] {logging_mixin.py:188} INFO - [2024-07-10T23:39:46.574+0000] {dagbag.py:545} INFO - Filling up the DagBag from /home/airflow/.local/lib/python3.12/site-packages/airflow/example_dags/example_bash_decorator.py
[2024-07-10T23:39:46.590+0000] {processor.py:840} INFO - DAG(s) 'example_bash_decorator' retrieved from /home/airflow/.local/lib/python3.12/site-packages/airflow/example_dags/example_bash_decorator.py
[2024-07-10T23:39:46.621+0000] {logging_mixin.py:188} INFO - [2024-07-10T23:39:46.621+0000] {dag.py:3096} INFO - Sync 1 DAGs
[2024-07-10T23:39:46.638+0000] {logging_mixin.py:188} INFO - [2024-07-10T23:39:46.637+0000] {dag.py:3954} INFO - Setting next_dagrun for example_bash_decorator to None, run_after=None
[2024-07-10T23:39:46.665+0000] {processor.py:183} INFO - Processing /home/airflow/.local/lib/python3.12/site-packages/airflow/example_dags/example_bash_decorator.py took 0.101 seconds
[2024-07-10T23:40:16.877+0000] {processor.py:161} INFO - Started process (PID=2095) to work on /home/airflow/.local/lib/python3.12/site-packages/airflow/example_dags/example_bash_decorator.py
[2024-07-10T23:40:16.877+0000] {processor.py:830} INFO - Processing file /home/airflow/.local/lib/python3.12/site-packages/airflow/example_dags/example_bash_decorator.py for tasks to queue
[2024-07-10T23:40:16.879+0000] {logging_mixin.py:188} INFO - [2024-07-10T23:40:16.879+0000] {dagbag.py:545} INFO - Filling up the DagBag from /home/airflow/.local/lib/python3.12/site-packages/airflow/example_dags/example_bash_decorator.py
[2024-07-10T23:40:16.895+0000] {processor.py:840} INFO - DAG(s) 'example_bash_decorator' retrieved from /home/airflow/.local/lib/python3.12/site-packages/airflow/example_dags/example_bash_decorator.py
[2024-07-10T23:40:16.921+0000] {logging_mixin.py:188} INFO - [2024-07-10T23:40:16.921+0000] {dag.py:3096} INFO - Sync 1 DAGs
[2024-07-10T23:40:16.936+0000] {logging_mixin.py:188} INFO - [2024-07-10T23:40:16.936+0000] {dag.py:3954} INFO - Setting next_dagrun for example_bash_decorator to None, run_after=None
[2024-07-10T23:40:16.966+0000] {processor.py:183} INFO - Processing /home/airflow/.local/lib/python3.12/site-packages/airflow/example_dags/example_bash_decorator.py took 0.097 seconds
[2024-07-10T23:40:47.347+0000] {processor.py:161} INFO - Started process (PID=2153) to work on /home/airflow/.local/lib/python3.12/site-packages/airflow/example_dags/example_bash_decorator.py
[2024-07-10T23:40:47.349+0000] {processor.py:830} INFO - Processing file /home/airflow/.local/lib/python3.12/site-packages/airflow/example_dags/example_bash_decorator.py for tasks to queue
[2024-07-10T23:40:47.350+0000] {logging_mixin.py:188} INFO - [2024-07-10T23:40:47.350+0000] {dagbag.py:545} INFO - Filling up the DagBag from /home/airflow/.local/lib/python3.12/site-packages/airflow/example_dags/example_bash_decorator.py
[2024-07-10T23:40:47.365+0000] {processor.py:840} INFO - DAG(s) 'example_bash_decorator' retrieved from /home/airflow/.local/lib/python3.12/site-packages/airflow/example_dags/example_bash_decorator.py
[2024-07-10T23:40:47.392+0000] {logging_mixin.py:188} INFO - [2024-07-10T23:40:47.391+0000] {dag.py:3096} INFO - Sync 1 DAGs
[2024-07-10T23:40:47.406+0000] {logging_mixin.py:188} INFO - [2024-07-10T23:40:47.405+0000] {dag.py:3954} INFO - Setting next_dagrun for example_bash_decorator to None, run_after=None
[2024-07-10T23:40:47.435+0000] {processor.py:183} INFO - Processing /home/airflow/.local/lib/python3.12/site-packages/airflow/example_dags/example_bash_decorator.py took 0.095 seconds
[2024-07-10T23:41:17.575+0000] {processor.py:161} INFO - Started process (PID=2212) to work on /home/airflow/.local/lib/python3.12/site-packages/airflow/example_dags/example_bash_decorator.py
[2024-07-10T23:41:17.576+0000] {processor.py:830} INFO - Processing file /home/airflow/.local/lib/python3.12/site-packages/airflow/example_dags/example_bash_decorator.py for tasks to queue
[2024-07-10T23:41:17.578+0000] {logging_mixin.py:188} INFO - [2024-07-10T23:41:17.577+0000] {dagbag.py:545} INFO - Filling up the DagBag from /home/airflow/.local/lib/python3.12/site-packages/airflow/example_dags/example_bash_decorator.py
[2024-07-10T23:41:17.591+0000] {processor.py:840} INFO - DAG(s) 'example_bash_decorator' retrieved from /home/airflow/.local/lib/python3.12/site-packages/airflow/example_dags/example_bash_decorator.py
[2024-07-10T23:41:17.617+0000] {logging_mixin.py:188} INFO - [2024-07-10T23:41:17.617+0000] {dag.py:3096} INFO - Sync 1 DAGs
[2024-07-10T23:41:17.632+0000] {logging_mixin.py:188} INFO - [2024-07-10T23:41:17.631+0000] {dag.py:3954} INFO - Setting next_dagrun for example_bash_decorator to None, run_after=None
[2024-07-10T23:41:17.660+0000] {processor.py:183} INFO - Processing /home/airflow/.local/lib/python3.12/site-packages/airflow/example_dags/example_bash_decorator.py took 0.091 seconds
[2024-07-10T23:41:47.921+0000] {processor.py:161} INFO - Started process (PID=2271) to work on /home/airflow/.local/lib/python3.12/site-packages/airflow/example_dags/example_bash_decorator.py
[2024-07-10T23:41:47.922+0000] {processor.py:830} INFO - Processing file /home/airflow/.local/lib/python3.12/site-packages/airflow/example_dags/example_bash_decorator.py for tasks to queue
[2024-07-10T23:41:47.924+0000] {logging_mixin.py:188} INFO - [2024-07-10T23:41:47.924+0000] {dagbag.py:545} INFO - Filling up the DagBag from /home/airflow/.local/lib/python3.12/site-packages/airflow/example_dags/example_bash_decorator.py
[2024-07-10T23:41:47.940+0000] {processor.py:840} INFO - DAG(s) 'example_bash_decorator' retrieved from /home/airflow/.local/lib/python3.12/site-packages/airflow/example_dags/example_bash_decorator.py
[2024-07-10T23:41:47.967+0000] {logging_mixin.py:188} INFO - [2024-07-10T23:41:47.967+0000] {dag.py:3096} INFO - Sync 1 DAGs
[2024-07-10T23:41:47.982+0000] {logging_mixin.py:188} INFO - [2024-07-10T23:41:47.981+0000] {dag.py:3954} INFO - Setting next_dagrun for example_bash_decorator to None, run_after=None
[2024-07-10T23:41:48.005+0000] {processor.py:183} INFO - Processing /home/airflow/.local/lib/python3.12/site-packages/airflow/example_dags/example_bash_decorator.py took 0.091 seconds
[2024-07-10T23:42:18.268+0000] {processor.py:161} INFO - Started process (PID=2329) to work on /home/airflow/.local/lib/python3.12/site-packages/airflow/example_dags/example_bash_decorator.py
[2024-07-10T23:42:18.269+0000] {processor.py:830} INFO - Processing file /home/airflow/.local/lib/python3.12/site-packages/airflow/example_dags/example_bash_decorator.py for tasks to queue
[2024-07-10T23:42:18.271+0000] {logging_mixin.py:188} INFO - [2024-07-10T23:42:18.271+0000] {dagbag.py:545} INFO - Filling up the DagBag from /home/airflow/.local/lib/python3.12/site-packages/airflow/example_dags/example_bash_decorator.py
[2024-07-10T23:42:18.285+0000] {processor.py:840} INFO - DAG(s) 'example_bash_decorator' retrieved from /home/airflow/.local/lib/python3.12/site-packages/airflow/example_dags/example_bash_decorator.py
[2024-07-10T23:42:18.315+0000] {logging_mixin.py:188} INFO - [2024-07-10T23:42:18.315+0000] {dag.py:3096} INFO - Sync 1 DAGs
[2024-07-10T23:42:18.330+0000] {logging_mixin.py:188} INFO - [2024-07-10T23:42:18.330+0000] {dag.py:3954} INFO - Setting next_dagrun for example_bash_decorator to None, run_after=None
[2024-07-10T23:42:18.356+0000] {processor.py:183} INFO - Processing /home/airflow/.local/lib/python3.12/site-packages/airflow/example_dags/example_bash_decorator.py took 0.094 seconds
[2024-07-10T23:42:48.521+0000] {processor.py:161} INFO - Started process (PID=2387) to work on /home/airflow/.local/lib/python3.12/site-packages/airflow/example_dags/example_bash_decorator.py
[2024-07-10T23:42:48.522+0000] {processor.py:830} INFO - Processing file /home/airflow/.local/lib/python3.12/site-packages/airflow/example_dags/example_bash_decorator.py for tasks to queue
[2024-07-10T23:42:48.524+0000] {logging_mixin.py:188} INFO - [2024-07-10T23:42:48.524+0000] {dagbag.py:545} INFO - Filling up the DagBag from /home/airflow/.local/lib/python3.12/site-packages/airflow/example_dags/example_bash_decorator.py
[2024-07-10T23:42:48.538+0000] {processor.py:840} INFO - DAG(s) 'example_bash_decorator' retrieved from /home/airflow/.local/lib/python3.12/site-packages/airflow/example_dags/example_bash_decorator.py
[2024-07-10T23:42:48.565+0000] {logging_mixin.py:188} INFO - [2024-07-10T23:42:48.564+0000] {dag.py:3096} INFO - Sync 1 DAGs
[2024-07-10T23:42:48.579+0000] {logging_mixin.py:188} INFO - [2024-07-10T23:42:48.579+0000] {dag.py:3954} INFO - Setting next_dagrun for example_bash_decorator to None, run_after=None
[2024-07-10T23:42:48.606+0000] {processor.py:183} INFO - Processing /home/airflow/.local/lib/python3.12/site-packages/airflow/example_dags/example_bash_decorator.py took 0.091 seconds
[2024-07-10T23:43:18.726+0000] {processor.py:161} INFO - Started process (PID=2445) to work on /home/airflow/.local/lib/python3.12/site-packages/airflow/example_dags/example_bash_decorator.py
[2024-07-10T23:43:18.727+0000] {processor.py:830} INFO - Processing file /home/airflow/.local/lib/python3.12/site-packages/airflow/example_dags/example_bash_decorator.py for tasks to queue
[2024-07-10T23:43:18.729+0000] {logging_mixin.py:188} INFO - [2024-07-10T23:43:18.729+0000] {dagbag.py:545} INFO - Filling up the DagBag from /home/airflow/.local/lib/python3.12/site-packages/airflow/example_dags/example_bash_decorator.py
[2024-07-10T23:43:18.746+0000] {processor.py:840} INFO - DAG(s) 'example_bash_decorator' retrieved from /home/airflow/.local/lib/python3.12/site-packages/airflow/example_dags/example_bash_decorator.py
[2024-07-10T23:43:18.776+0000] {logging_mixin.py:188} INFO - [2024-07-10T23:43:18.775+0000] {dag.py:3096} INFO - Sync 1 DAGs
[2024-07-10T23:43:18.790+0000] {logging_mixin.py:188} INFO - [2024-07-10T23:43:18.790+0000] {dag.py:3954} INFO - Setting next_dagrun for example_bash_decorator to None, run_after=None
[2024-07-10T23:43:18.819+0000] {processor.py:183} INFO - Processing /home/airflow/.local/lib/python3.12/site-packages/airflow/example_dags/example_bash_decorator.py took 0.100 seconds
[2024-07-10T23:43:48.969+0000] {processor.py:161} INFO - Started process (PID=2503) to work on /home/airflow/.local/lib/python3.12/site-packages/airflow/example_dags/example_bash_decorator.py
[2024-07-10T23:43:48.972+0000] {processor.py:830} INFO - Processing file /home/airflow/.local/lib/python3.12/site-packages/airflow/example_dags/example_bash_decorator.py for tasks to queue
[2024-07-10T23:43:48.975+0000] {logging_mixin.py:188} INFO - [2024-07-10T23:43:48.974+0000] {dagbag.py:545} INFO - Filling up the DagBag from /home/airflow/.local/lib/python3.12/site-packages/airflow/example_dags/example_bash_decorator.py
[2024-07-10T23:43:48.993+0000] {processor.py:840} INFO - DAG(s) 'example_bash_decorator' retrieved from /home/airflow/.local/lib/python3.12/site-packages/airflow/example_dags/example_bash_decorator.py
[2024-07-10T23:43:49.021+0000] {logging_mixin.py:188} INFO - [2024-07-10T23:43:49.021+0000] {dag.py:3096} INFO - Sync 1 DAGs
[2024-07-10T23:43:49.037+0000] {logging_mixin.py:188} INFO - [2024-07-10T23:43:49.037+0000] {dag.py:3954} INFO - Setting next_dagrun for example_bash_decorator to None, run_after=None
[2024-07-10T23:43:49.061+0000] {processor.py:183} INFO - Processing /home/airflow/.local/lib/python3.12/site-packages/airflow/example_dags/example_bash_decorator.py took 0.104 seconds
[2024-07-10T23:44:19.274+0000] {processor.py:161} INFO - Started process (PID=2562) to work on /home/airflow/.local/lib/python3.12/site-packages/airflow/example_dags/example_bash_decorator.py
[2024-07-10T23:44:19.276+0000] {processor.py:830} INFO - Processing file /home/airflow/.local/lib/python3.12/site-packages/airflow/example_dags/example_bash_decorator.py for tasks to queue
[2024-07-10T23:44:19.278+0000] {logging_mixin.py:188} INFO - [2024-07-10T23:44:19.277+0000] {dagbag.py:545} INFO - Filling up the DagBag from /home/airflow/.local/lib/python3.12/site-packages/airflow/example_dags/example_bash_decorator.py
[2024-07-10T23:44:19.315+0000] {processor.py:840} INFO - DAG(s) 'example_bash_decorator' retrieved from /home/airflow/.local/lib/python3.12/site-packages/airflow/example_dags/example_bash_decorator.py
[2024-07-10T23:44:19.353+0000] {logging_mixin.py:188} INFO - [2024-07-10T23:44:19.353+0000] {dag.py:3096} INFO - Sync 1 DAGs
[2024-07-10T23:44:19.374+0000] {logging_mixin.py:188} INFO - [2024-07-10T23:44:19.374+0000] {dag.py:3954} INFO - Setting next_dagrun for example_bash_decorator to None, run_after=None
[2024-07-10T23:44:19.418+0000] {processor.py:183} INFO - Processing /home/airflow/.local/lib/python3.12/site-packages/airflow/example_dags/example_bash_decorator.py took 0.162 seconds
[2024-07-10T23:44:50.285+0000] {processor.py:161} INFO - Started process (PID=2620) to work on /home/airflow/.local/lib/python3.12/site-packages/airflow/example_dags/example_bash_decorator.py
[2024-07-10T23:44:50.287+0000] {processor.py:830} INFO - Processing file /home/airflow/.local/lib/python3.12/site-packages/airflow/example_dags/example_bash_decorator.py for tasks to queue
[2024-07-10T23:44:50.289+0000] {logging_mixin.py:188} INFO - [2024-07-10T23:44:50.288+0000] {dagbag.py:545} INFO - Filling up the DagBag from /home/airflow/.local/lib/python3.12/site-packages/airflow/example_dags/example_bash_decorator.py
[2024-07-10T23:44:50.306+0000] {processor.py:840} INFO - DAG(s) 'example_bash_decorator' retrieved from /home/airflow/.local/lib/python3.12/site-packages/airflow/example_dags/example_bash_decorator.py
[2024-07-10T23:44:50.339+0000] {logging_mixin.py:188} INFO - [2024-07-10T23:44:50.339+0000] {dag.py:3096} INFO - Sync 1 DAGs
[2024-07-10T23:44:50.357+0000] {logging_mixin.py:188} INFO - [2024-07-10T23:44:50.356+0000] {dag.py:3954} INFO - Setting next_dagrun for example_bash_decorator to None, run_after=None
[2024-07-10T23:44:50.389+0000] {processor.py:183} INFO - Processing /home/airflow/.local/lib/python3.12/site-packages/airflow/example_dags/example_bash_decorator.py took 0.112 seconds
[2024-07-10T23:45:20.957+0000] {processor.py:161} INFO - Started process (PID=2678) to work on /home/airflow/.local/lib/python3.12/site-packages/airflow/example_dags/example_bash_decorator.py
[2024-07-10T23:45:20.958+0000] {processor.py:830} INFO - Processing file /home/airflow/.local/lib/python3.12/site-packages/airflow/example_dags/example_bash_decorator.py for tasks to queue
[2024-07-10T23:45:20.961+0000] {logging_mixin.py:188} INFO - [2024-07-10T23:45:20.960+0000] {dagbag.py:545} INFO - Filling up the DagBag from /home/airflow/.local/lib/python3.12/site-packages/airflow/example_dags/example_bash_decorator.py
[2024-07-10T23:45:20.977+0000] {processor.py:840} INFO - DAG(s) 'example_bash_decorator' retrieved from /home/airflow/.local/lib/python3.12/site-packages/airflow/example_dags/example_bash_decorator.py
[2024-07-10T23:45:21.009+0000] {logging_mixin.py:188} INFO - [2024-07-10T23:45:21.009+0000] {dag.py:3096} INFO - Sync 1 DAGs
[2024-07-10T23:45:21.027+0000] {logging_mixin.py:188} INFO - [2024-07-10T23:45:21.027+0000] {dag.py:3954} INFO - Setting next_dagrun for example_bash_decorator to None, run_after=None
[2024-07-10T23:45:21.059+0000] {processor.py:183} INFO - Processing /home/airflow/.local/lib/python3.12/site-packages/airflow/example_dags/example_bash_decorator.py took 0.110 seconds
[2024-07-10T23:45:51.646+0000] {processor.py:161} INFO - Started process (PID=2736) to work on /home/airflow/.local/lib/python3.12/site-packages/airflow/example_dags/example_bash_decorator.py
[2024-07-10T23:45:51.647+0000] {processor.py:830} INFO - Processing file /home/airflow/.local/lib/python3.12/site-packages/airflow/example_dags/example_bash_decorator.py for tasks to queue
[2024-07-10T23:45:51.650+0000] {logging_mixin.py:188} INFO - [2024-07-10T23:45:51.649+0000] {dagbag.py:545} INFO - Filling up the DagBag from /home/airflow/.local/lib/python3.12/site-packages/airflow/example_dags/example_bash_decorator.py
[2024-07-10T23:45:51.666+0000] {processor.py:840} INFO - DAG(s) 'example_bash_decorator' retrieved from /home/airflow/.local/lib/python3.12/site-packages/airflow/example_dags/example_bash_decorator.py
[2024-07-10T23:45:51.696+0000] {logging_mixin.py:188} INFO - [2024-07-10T23:45:51.696+0000] {dag.py:3096} INFO - Sync 1 DAGs
[2024-07-10T23:45:51.714+0000] {logging_mixin.py:188} INFO - [2024-07-10T23:45:51.714+0000] {dag.py:3954} INFO - Setting next_dagrun for example_bash_decorator to None, run_after=None
[2024-07-10T23:45:51.739+0000] {processor.py:183} INFO - Processing /home/airflow/.local/lib/python3.12/site-packages/airflow/example_dags/example_bash_decorator.py took 0.102 seconds
[2024-07-10T23:46:22.149+0000] {processor.py:161} INFO - Started process (PID=2794) to work on /home/airflow/.local/lib/python3.12/site-packages/airflow/example_dags/example_bash_decorator.py
[2024-07-10T23:46:22.150+0000] {processor.py:830} INFO - Processing file /home/airflow/.local/lib/python3.12/site-packages/airflow/example_dags/example_bash_decorator.py for tasks to queue
[2024-07-10T23:46:22.152+0000] {logging_mixin.py:188} INFO - [2024-07-10T23:46:22.151+0000] {dagbag.py:545} INFO - Filling up the DagBag from /home/airflow/.local/lib/python3.12/site-packages/airflow/example_dags/example_bash_decorator.py
[2024-07-10T23:46:22.169+0000] {processor.py:840} INFO - DAG(s) 'example_bash_decorator' retrieved from /home/airflow/.local/lib/python3.12/site-packages/airflow/example_dags/example_bash_decorator.py
[2024-07-10T23:46:22.198+0000] {logging_mixin.py:188} INFO - [2024-07-10T23:46:22.198+0000] {dag.py:3096} INFO - Sync 1 DAGs
[2024-07-10T23:46:22.215+0000] {logging_mixin.py:188} INFO - [2024-07-10T23:46:22.214+0000] {dag.py:3954} INFO - Setting next_dagrun for example_bash_decorator to None, run_after=None
[2024-07-10T23:46:22.241+0000] {processor.py:183} INFO - Processing /home/airflow/.local/lib/python3.12/site-packages/airflow/example_dags/example_bash_decorator.py took 0.101 seconds
[2024-07-10T23:46:52.621+0000] {processor.py:161} INFO - Started process (PID=2852) to work on /home/airflow/.local/lib/python3.12/site-packages/airflow/example_dags/example_bash_decorator.py
[2024-07-10T23:46:52.623+0000] {processor.py:830} INFO - Processing file /home/airflow/.local/lib/python3.12/site-packages/airflow/example_dags/example_bash_decorator.py for tasks to queue
[2024-07-10T23:46:52.624+0000] {logging_mixin.py:188} INFO - [2024-07-10T23:46:52.624+0000] {dagbag.py:545} INFO - Filling up the DagBag from /home/airflow/.local/lib/python3.12/site-packages/airflow/example_dags/example_bash_decorator.py
[2024-07-10T23:46:52.638+0000] {processor.py:840} INFO - DAG(s) 'example_bash_decorator' retrieved from /home/airflow/.local/lib/python3.12/site-packages/airflow/example_dags/example_bash_decorator.py
[2024-07-10T23:46:52.665+0000] {logging_mixin.py:188} INFO - [2024-07-10T23:46:52.664+0000] {dag.py:3096} INFO - Sync 1 DAGs
[2024-07-10T23:46:52.678+0000] {logging_mixin.py:188} INFO - [2024-07-10T23:46:52.678+0000] {dag.py:3954} INFO - Setting next_dagrun for example_bash_decorator to None, run_after=None
[2024-07-10T23:46:52.706+0000] {processor.py:183} INFO - Processing /home/airflow/.local/lib/python3.12/site-packages/airflow/example_dags/example_bash_decorator.py took 0.092 seconds
[2024-07-10T23:47:22.772+0000] {processor.py:161} INFO - Started process (PID=2910) to work on /home/airflow/.local/lib/python3.12/site-packages/airflow/example_dags/example_bash_decorator.py
[2024-07-10T23:47:22.773+0000] {processor.py:830} INFO - Processing file /home/airflow/.local/lib/python3.12/site-packages/airflow/example_dags/example_bash_decorator.py for tasks to queue
[2024-07-10T23:47:22.775+0000] {logging_mixin.py:188} INFO - [2024-07-10T23:47:22.775+0000] {dagbag.py:545} INFO - Filling up the DagBag from /home/airflow/.local/lib/python3.12/site-packages/airflow/example_dags/example_bash_decorator.py
[2024-07-10T23:47:22.790+0000] {processor.py:840} INFO - DAG(s) 'example_bash_decorator' retrieved from /home/airflow/.local/lib/python3.12/site-packages/airflow/example_dags/example_bash_decorator.py
[2024-07-10T23:47:22.818+0000] {logging_mixin.py:188} INFO - [2024-07-10T23:47:22.818+0000] {dag.py:3096} INFO - Sync 1 DAGs
[2024-07-10T23:47:22.832+0000] {logging_mixin.py:188} INFO - [2024-07-10T23:47:22.832+0000] {dag.py:3954} INFO - Setting next_dagrun for example_bash_decorator to None, run_after=None
[2024-07-10T23:47:22.864+0000] {processor.py:183} INFO - Processing /home/airflow/.local/lib/python3.12/site-packages/airflow/example_dags/example_bash_decorator.py took 0.098 seconds
[2024-07-10T23:47:53.100+0000] {processor.py:161} INFO - Started process (PID=2968) to work on /home/airflow/.local/lib/python3.12/site-packages/airflow/example_dags/example_bash_decorator.py
[2024-07-10T23:47:53.101+0000] {processor.py:830} INFO - Processing file /home/airflow/.local/lib/python3.12/site-packages/airflow/example_dags/example_bash_decorator.py for tasks to queue
[2024-07-10T23:47:53.103+0000] {logging_mixin.py:188} INFO - [2024-07-10T23:47:53.103+0000] {dagbag.py:545} INFO - Filling up the DagBag from /home/airflow/.local/lib/python3.12/site-packages/airflow/example_dags/example_bash_decorator.py
[2024-07-10T23:47:53.120+0000] {processor.py:840} INFO - DAG(s) 'example_bash_decorator' retrieved from /home/airflow/.local/lib/python3.12/site-packages/airflow/example_dags/example_bash_decorator.py
[2024-07-10T23:47:53.152+0000] {logging_mixin.py:188} INFO - [2024-07-10T23:47:53.152+0000] {dag.py:3096} INFO - Sync 1 DAGs
[2024-07-10T23:47:53.170+0000] {logging_mixin.py:188} INFO - [2024-07-10T23:47:53.170+0000] {dag.py:3954} INFO - Setting next_dagrun for example_bash_decorator to None, run_after=None
[2024-07-10T23:47:53.191+0000] {processor.py:183} INFO - Processing /home/airflow/.local/lib/python3.12/site-packages/airflow/example_dags/example_bash_decorator.py took 0.097 seconds
[2024-07-10T23:48:23.468+0000] {processor.py:161} INFO - Started process (PID=3026) to work on /home/airflow/.local/lib/python3.12/site-packages/airflow/example_dags/example_bash_decorator.py
[2024-07-10T23:48:23.468+0000] {processor.py:830} INFO - Processing file /home/airflow/.local/lib/python3.12/site-packages/airflow/example_dags/example_bash_decorator.py for tasks to queue
[2024-07-10T23:48:23.470+0000] {logging_mixin.py:188} INFO - [2024-07-10T23:48:23.470+0000] {dagbag.py:545} INFO - Filling up the DagBag from /home/airflow/.local/lib/python3.12/site-packages/airflow/example_dags/example_bash_decorator.py
[2024-07-10T23:48:23.485+0000] {processor.py:840} INFO - DAG(s) 'example_bash_decorator' retrieved from /home/airflow/.local/lib/python3.12/site-packages/airflow/example_dags/example_bash_decorator.py
[2024-07-10T23:48:23.515+0000] {logging_mixin.py:188} INFO - [2024-07-10T23:48:23.515+0000] {dag.py:3096} INFO - Sync 1 DAGs
[2024-07-10T23:48:23.528+0000] {logging_mixin.py:188} INFO - [2024-07-10T23:48:23.528+0000] {dag.py:3954} INFO - Setting next_dagrun for example_bash_decorator to None, run_after=None
[2024-07-10T23:48:23.557+0000] {processor.py:183} INFO - Processing /home/airflow/.local/lib/python3.12/site-packages/airflow/example_dags/example_bash_decorator.py took 0.097 seconds
[2024-07-10T23:48:54.100+0000] {processor.py:161} INFO - Started process (PID=3084) to work on /home/airflow/.local/lib/python3.12/site-packages/airflow/example_dags/example_bash_decorator.py
[2024-07-10T23:48:54.102+0000] {processor.py:830} INFO - Processing file /home/airflow/.local/lib/python3.12/site-packages/airflow/example_dags/example_bash_decorator.py for tasks to queue
[2024-07-10T23:48:54.104+0000] {logging_mixin.py:188} INFO - [2024-07-10T23:48:54.103+0000] {dagbag.py:545} INFO - Filling up the DagBag from /home/airflow/.local/lib/python3.12/site-packages/airflow/example_dags/example_bash_decorator.py
[2024-07-10T23:48:54.119+0000] {processor.py:840} INFO - DAG(s) 'example_bash_decorator' retrieved from /home/airflow/.local/lib/python3.12/site-packages/airflow/example_dags/example_bash_decorator.py
[2024-07-10T23:48:54.146+0000] {logging_mixin.py:188} INFO - [2024-07-10T23:48:54.146+0000] {dag.py:3096} INFO - Sync 1 DAGs
[2024-07-10T23:48:54.162+0000] {logging_mixin.py:188} INFO - [2024-07-10T23:48:54.162+0000] {dag.py:3954} INFO - Setting next_dagrun for example_bash_decorator to None, run_after=None
[2024-07-10T23:48:54.183+0000] {processor.py:183} INFO - Processing /home/airflow/.local/lib/python3.12/site-packages/airflow/example_dags/example_bash_decorator.py took 0.090 seconds
[2024-07-10T23:49:24.891+0000] {processor.py:161} INFO - Started process (PID=3142) to work on /home/airflow/.local/lib/python3.12/site-packages/airflow/example_dags/example_bash_decorator.py
[2024-07-10T23:49:24.892+0000] {processor.py:830} INFO - Processing file /home/airflow/.local/lib/python3.12/site-packages/airflow/example_dags/example_bash_decorator.py for tasks to queue
[2024-07-10T23:49:24.893+0000] {logging_mixin.py:188} INFO - [2024-07-10T23:49:24.893+0000] {dagbag.py:545} INFO - Filling up the DagBag from /home/airflow/.local/lib/python3.12/site-packages/airflow/example_dags/example_bash_decorator.py
[2024-07-10T23:49:24.908+0000] {processor.py:840} INFO - DAG(s) 'example_bash_decorator' retrieved from /home/airflow/.local/lib/python3.12/site-packages/airflow/example_dags/example_bash_decorator.py
[2024-07-10T23:49:24.946+0000] {logging_mixin.py:188} INFO - [2024-07-10T23:49:24.946+0000] {dag.py:3096} INFO - Sync 1 DAGs
[2024-07-10T23:49:24.968+0000] {logging_mixin.py:188} INFO - [2024-07-10T23:49:24.968+0000] {dag.py:3954} INFO - Setting next_dagrun for example_bash_decorator to None, run_after=None
[2024-07-10T23:49:24.996+0000] {processor.py:183} INFO - Processing /home/airflow/.local/lib/python3.12/site-packages/airflow/example_dags/example_bash_decorator.py took 0.111 seconds
[2024-07-10T23:49:55.474+0000] {processor.py:161} INFO - Started process (PID=3200) to work on /home/airflow/.local/lib/python3.12/site-packages/airflow/example_dags/example_bash_decorator.py
[2024-07-10T23:49:55.475+0000] {processor.py:830} INFO - Processing file /home/airflow/.local/lib/python3.12/site-packages/airflow/example_dags/example_bash_decorator.py for tasks to queue
[2024-07-10T23:49:55.476+0000] {logging_mixin.py:188} INFO - [2024-07-10T23:49:55.476+0000] {dagbag.py:545} INFO - Filling up the DagBag from /home/airflow/.local/lib/python3.12/site-packages/airflow/example_dags/example_bash_decorator.py
[2024-07-10T23:49:55.494+0000] {processor.py:840} INFO - DAG(s) 'example_bash_decorator' retrieved from /home/airflow/.local/lib/python3.12/site-packages/airflow/example_dags/example_bash_decorator.py
[2024-07-10T23:49:55.530+0000] {logging_mixin.py:188} INFO - [2024-07-10T23:49:55.529+0000] {dag.py:3096} INFO - Sync 1 DAGs
[2024-07-10T23:49:55.549+0000] {logging_mixin.py:188} INFO - [2024-07-10T23:49:55.548+0000] {dag.py:3954} INFO - Setting next_dagrun for example_bash_decorator to None, run_after=None
[2024-07-10T23:49:55.578+0000] {processor.py:183} INFO - Processing /home/airflow/.local/lib/python3.12/site-packages/airflow/example_dags/example_bash_decorator.py took 0.113 seconds
[2024-07-10T23:50:25.677+0000] {processor.py:161} INFO - Started process (PID=3258) to work on /home/airflow/.local/lib/python3.12/site-packages/airflow/example_dags/example_bash_decorator.py
[2024-07-10T23:50:25.678+0000] {processor.py:830} INFO - Processing file /home/airflow/.local/lib/python3.12/site-packages/airflow/example_dags/example_bash_decorator.py for tasks to queue
[2024-07-10T23:50:25.680+0000] {logging_mixin.py:188} INFO - [2024-07-10T23:50:25.679+0000] {dagbag.py:545} INFO - Filling up the DagBag from /home/airflow/.local/lib/python3.12/site-packages/airflow/example_dags/example_bash_decorator.py
[2024-07-10T23:50:25.694+0000] {processor.py:840} INFO - DAG(s) 'example_bash_decorator' retrieved from /home/airflow/.local/lib/python3.12/site-packages/airflow/example_dags/example_bash_decorator.py
[2024-07-10T23:50:25.721+0000] {logging_mixin.py:188} INFO - [2024-07-10T23:50:25.720+0000] {dag.py:3096} INFO - Sync 1 DAGs
[2024-07-10T23:50:25.735+0000] {logging_mixin.py:188} INFO - [2024-07-10T23:50:25.734+0000] {dag.py:3954} INFO - Setting next_dagrun for example_bash_decorator to None, run_after=None
[2024-07-10T23:50:25.762+0000] {processor.py:183} INFO - Processing /home/airflow/.local/lib/python3.12/site-packages/airflow/example_dags/example_bash_decorator.py took 0.091 seconds
[2024-07-10T23:50:56.076+0000] {processor.py:161} INFO - Started process (PID=3316) to work on /home/airflow/.local/lib/python3.12/site-packages/airflow/example_dags/example_bash_decorator.py
[2024-07-10T23:50:56.077+0000] {processor.py:830} INFO - Processing file /home/airflow/.local/lib/python3.12/site-packages/airflow/example_dags/example_bash_decorator.py for tasks to queue
[2024-07-10T23:50:56.079+0000] {logging_mixin.py:188} INFO - [2024-07-10T23:50:56.079+0000] {dagbag.py:545} INFO - Filling up the DagBag from /home/airflow/.local/lib/python3.12/site-packages/airflow/example_dags/example_bash_decorator.py
[2024-07-10T23:50:56.094+0000] {processor.py:840} INFO - DAG(s) 'example_bash_decorator' retrieved from /home/airflow/.local/lib/python3.12/site-packages/airflow/example_dags/example_bash_decorator.py
[2024-07-10T23:50:56.121+0000] {logging_mixin.py:188} INFO - [2024-07-10T23:50:56.121+0000] {dag.py:3096} INFO - Sync 1 DAGs
[2024-07-10T23:50:56.136+0000] {logging_mixin.py:188} INFO - [2024-07-10T23:50:56.135+0000] {dag.py:3954} INFO - Setting next_dagrun for example_bash_decorator to None, run_after=None
[2024-07-10T23:50:56.166+0000] {processor.py:183} INFO - Processing /home/airflow/.local/lib/python3.12/site-packages/airflow/example_dags/example_bash_decorator.py took 0.096 seconds
[2024-07-10T23:51:26.558+0000] {processor.py:161} INFO - Started process (PID=3375) to work on /home/airflow/.local/lib/python3.12/site-packages/airflow/example_dags/example_bash_decorator.py
[2024-07-10T23:51:26.560+0000] {processor.py:830} INFO - Processing file /home/airflow/.local/lib/python3.12/site-packages/airflow/example_dags/example_bash_decorator.py for tasks to queue
[2024-07-10T23:51:26.562+0000] {logging_mixin.py:188} INFO - [2024-07-10T23:51:26.561+0000] {dagbag.py:545} INFO - Filling up the DagBag from /home/airflow/.local/lib/python3.12/site-packages/airflow/example_dags/example_bash_decorator.py
[2024-07-10T23:51:26.578+0000] {processor.py:840} INFO - DAG(s) 'example_bash_decorator' retrieved from /home/airflow/.local/lib/python3.12/site-packages/airflow/example_dags/example_bash_decorator.py
[2024-07-10T23:51:26.608+0000] {logging_mixin.py:188} INFO - [2024-07-10T23:51:26.607+0000] {dag.py:3096} INFO - Sync 1 DAGs
[2024-07-10T23:51:26.623+0000] {logging_mixin.py:188} INFO - [2024-07-10T23:51:26.623+0000] {dag.py:3954} INFO - Setting next_dagrun for example_bash_decorator to None, run_after=None
[2024-07-10T23:51:26.650+0000] {processor.py:183} INFO - Processing /home/airflow/.local/lib/python3.12/site-packages/airflow/example_dags/example_bash_decorator.py took 0.099 seconds
[2024-07-10T23:51:56.780+0000] {processor.py:161} INFO - Started process (PID=3433) to work on /home/airflow/.local/lib/python3.12/site-packages/airflow/example_dags/example_bash_decorator.py
[2024-07-10T23:51:56.781+0000] {processor.py:830} INFO - Processing file /home/airflow/.local/lib/python3.12/site-packages/airflow/example_dags/example_bash_decorator.py for tasks to queue
[2024-07-10T23:51:56.783+0000] {logging_mixin.py:188} INFO - [2024-07-10T23:51:56.783+0000] {dagbag.py:545} INFO - Filling up the DagBag from /home/airflow/.local/lib/python3.12/site-packages/airflow/example_dags/example_bash_decorator.py
[2024-07-10T23:51:56.800+0000] {processor.py:840} INFO - DAG(s) 'example_bash_decorator' retrieved from /home/airflow/.local/lib/python3.12/site-packages/airflow/example_dags/example_bash_decorator.py
[2024-07-10T23:51:56.828+0000] {logging_mixin.py:188} INFO - [2024-07-10T23:51:56.828+0000] {dag.py:3096} INFO - Sync 1 DAGs
[2024-07-10T23:51:56.844+0000] {logging_mixin.py:188} INFO - [2024-07-10T23:51:56.844+0000] {dag.py:3954} INFO - Setting next_dagrun for example_bash_decorator to None, run_after=None
[2024-07-10T23:51:56.867+0000] {processor.py:183} INFO - Processing /home/airflow/.local/lib/python3.12/site-packages/airflow/example_dags/example_bash_decorator.py took 0.094 seconds
[2024-07-10T23:52:27.891+0000] {processor.py:161} INFO - Started process (PID=3491) to work on /home/airflow/.local/lib/python3.12/site-packages/airflow/example_dags/example_bash_decorator.py
[2024-07-10T23:52:27.893+0000] {processor.py:830} INFO - Processing file /home/airflow/.local/lib/python3.12/site-packages/airflow/example_dags/example_bash_decorator.py for tasks to queue
[2024-07-10T23:52:27.896+0000] {logging_mixin.py:188} INFO - [2024-07-10T23:52:27.895+0000] {dagbag.py:545} INFO - Filling up the DagBag from /home/airflow/.local/lib/python3.12/site-packages/airflow/example_dags/example_bash_decorator.py
[2024-07-10T23:52:27.913+0000] {processor.py:840} INFO - DAG(s) 'example_bash_decorator' retrieved from /home/airflow/.local/lib/python3.12/site-packages/airflow/example_dags/example_bash_decorator.py
[2024-07-10T23:52:27.939+0000] {logging_mixin.py:188} INFO - [2024-07-10T23:52:27.938+0000] {dag.py:3096} INFO - Sync 1 DAGs
[2024-07-10T23:52:27.953+0000] {logging_mixin.py:188} INFO - [2024-07-10T23:52:27.952+0000] {dag.py:3954} INFO - Setting next_dagrun for example_bash_decorator to None, run_after=None
[2024-07-10T23:52:27.979+0000] {processor.py:183} INFO - Processing /home/airflow/.local/lib/python3.12/site-packages/airflow/example_dags/example_bash_decorator.py took 0.098 seconds
[2024-07-10T23:52:58.581+0000] {processor.py:161} INFO - Started process (PID=3550) to work on /home/airflow/.local/lib/python3.12/site-packages/airflow/example_dags/example_bash_decorator.py
[2024-07-10T23:52:58.583+0000] {processor.py:830} INFO - Processing file /home/airflow/.local/lib/python3.12/site-packages/airflow/example_dags/example_bash_decorator.py for tasks to queue
[2024-07-10T23:52:58.584+0000] {logging_mixin.py:188} INFO - [2024-07-10T23:52:58.584+0000] {dagbag.py:545} INFO - Filling up the DagBag from /home/airflow/.local/lib/python3.12/site-packages/airflow/example_dags/example_bash_decorator.py
[2024-07-10T23:52:58.601+0000] {processor.py:840} INFO - DAG(s) 'example_bash_decorator' retrieved from /home/airflow/.local/lib/python3.12/site-packages/airflow/example_dags/example_bash_decorator.py
[2024-07-10T23:52:58.629+0000] {logging_mixin.py:188} INFO - [2024-07-10T23:52:58.629+0000] {dag.py:3096} INFO - Sync 1 DAGs
[2024-07-10T23:52:58.644+0000] {logging_mixin.py:188} INFO - [2024-07-10T23:52:58.644+0000] {dag.py:3954} INFO - Setting next_dagrun for example_bash_decorator to None, run_after=None
[2024-07-10T23:52:58.671+0000] {processor.py:183} INFO - Processing /home/airflow/.local/lib/python3.12/site-packages/airflow/example_dags/example_bash_decorator.py took 0.096 seconds
[2024-07-10T23:53:29.213+0000] {processor.py:161} INFO - Started process (PID=3607) to work on /home/airflow/.local/lib/python3.12/site-packages/airflow/example_dags/example_bash_decorator.py
[2024-07-10T23:53:29.216+0000] {processor.py:830} INFO - Processing file /home/airflow/.local/lib/python3.12/site-packages/airflow/example_dags/example_bash_decorator.py for tasks to queue
[2024-07-10T23:53:29.218+0000] {logging_mixin.py:188} INFO - [2024-07-10T23:53:29.218+0000] {dagbag.py:545} INFO - Filling up the DagBag from /home/airflow/.local/lib/python3.12/site-packages/airflow/example_dags/example_bash_decorator.py
[2024-07-10T23:53:29.240+0000] {processor.py:840} INFO - DAG(s) 'example_bash_decorator' retrieved from /home/airflow/.local/lib/python3.12/site-packages/airflow/example_dags/example_bash_decorator.py
[2024-07-10T23:53:29.287+0000] {logging_mixin.py:188} INFO - [2024-07-10T23:53:29.287+0000] {dag.py:3096} INFO - Sync 1 DAGs
[2024-07-10T23:53:29.312+0000] {logging_mixin.py:188} INFO - [2024-07-10T23:53:29.312+0000] {dag.py:3954} INFO - Setting next_dagrun for example_bash_decorator to None, run_after=None
[2024-07-10T23:53:29.343+0000] {processor.py:183} INFO - Processing /home/airflow/.local/lib/python3.12/site-packages/airflow/example_dags/example_bash_decorator.py took 0.145 seconds
[2024-07-10T23:54:00.409+0000] {processor.py:161} INFO - Started process (PID=3665) to work on /home/airflow/.local/lib/python3.12/site-packages/airflow/example_dags/example_bash_decorator.py
[2024-07-10T23:54:00.410+0000] {processor.py:830} INFO - Processing file /home/airflow/.local/lib/python3.12/site-packages/airflow/example_dags/example_bash_decorator.py for tasks to queue
[2024-07-10T23:54:00.413+0000] {logging_mixin.py:188} INFO - [2024-07-10T23:54:00.412+0000] {dagbag.py:545} INFO - Filling up the DagBag from /home/airflow/.local/lib/python3.12/site-packages/airflow/example_dags/example_bash_decorator.py
[2024-07-10T23:54:00.449+0000] {processor.py:840} INFO - DAG(s) 'example_bash_decorator' retrieved from /home/airflow/.local/lib/python3.12/site-packages/airflow/example_dags/example_bash_decorator.py
[2024-07-10T23:54:00.512+0000] {logging_mixin.py:188} INFO - [2024-07-10T23:54:00.511+0000] {dag.py:3096} INFO - Sync 1 DAGs
[2024-07-10T23:54:00.540+0000] {logging_mixin.py:188} INFO - [2024-07-10T23:54:00.539+0000] {dag.py:3954} INFO - Setting next_dagrun for example_bash_decorator to None, run_after=None
[2024-07-10T23:54:00.586+0000] {processor.py:183} INFO - Processing /home/airflow/.local/lib/python3.12/site-packages/airflow/example_dags/example_bash_decorator.py took 0.189 seconds
[2024-07-10T23:54:30.788+0000] {processor.py:161} INFO - Started process (PID=3723) to work on /home/airflow/.local/lib/python3.12/site-packages/airflow/example_dags/example_bash_decorator.py
[2024-07-10T23:54:30.792+0000] {processor.py:830} INFO - Processing file /home/airflow/.local/lib/python3.12/site-packages/airflow/example_dags/example_bash_decorator.py for tasks to queue
[2024-07-10T23:54:30.795+0000] {logging_mixin.py:188} INFO - [2024-07-10T23:54:30.794+0000] {dagbag.py:545} INFO - Filling up the DagBag from /home/airflow/.local/lib/python3.12/site-packages/airflow/example_dags/example_bash_decorator.py
[2024-07-10T23:54:30.818+0000] {processor.py:840} INFO - DAG(s) 'example_bash_decorator' retrieved from /home/airflow/.local/lib/python3.12/site-packages/airflow/example_dags/example_bash_decorator.py
[2024-07-10T23:54:30.856+0000] {logging_mixin.py:188} INFO - [2024-07-10T23:54:30.856+0000] {dag.py:3096} INFO - Sync 1 DAGs
[2024-07-10T23:54:30.873+0000] {logging_mixin.py:188} INFO - [2024-07-10T23:54:30.873+0000] {dag.py:3954} INFO - Setting next_dagrun for example_bash_decorator to None, run_after=None
[2024-07-10T23:54:30.900+0000] {processor.py:183} INFO - Processing /home/airflow/.local/lib/python3.12/site-packages/airflow/example_dags/example_bash_decorator.py took 0.120 seconds
[2024-07-10T23:55:01.511+0000] {processor.py:161} INFO - Started process (PID=3779) to work on /home/airflow/.local/lib/python3.12/site-packages/airflow/example_dags/example_bash_decorator.py
[2024-07-10T23:55:01.513+0000] {processor.py:830} INFO - Processing file /home/airflow/.local/lib/python3.12/site-packages/airflow/example_dags/example_bash_decorator.py for tasks to queue
[2024-07-10T23:55:01.516+0000] {logging_mixin.py:188} INFO - [2024-07-10T23:55:01.516+0000] {dagbag.py:545} INFO - Filling up the DagBag from /home/airflow/.local/lib/python3.12/site-packages/airflow/example_dags/example_bash_decorator.py
[2024-07-10T23:55:01.537+0000] {processor.py:840} INFO - DAG(s) 'example_bash_decorator' retrieved from /home/airflow/.local/lib/python3.12/site-packages/airflow/example_dags/example_bash_decorator.py
[2024-07-10T23:55:01.574+0000] {logging_mixin.py:188} INFO - [2024-07-10T23:55:01.574+0000] {dag.py:3096} INFO - Sync 1 DAGs
[2024-07-10T23:55:01.598+0000] {logging_mixin.py:188} INFO - [2024-07-10T23:55:01.597+0000] {dag.py:3954} INFO - Setting next_dagrun for example_bash_decorator to None, run_after=None
[2024-07-10T23:55:01.624+0000] {processor.py:183} INFO - Processing /home/airflow/.local/lib/python3.12/site-packages/airflow/example_dags/example_bash_decorator.py took 0.123 seconds
[2024-07-10T23:55:32.821+0000] {processor.py:161} INFO - Started process (PID=3837) to work on /home/airflow/.local/lib/python3.12/site-packages/airflow/example_dags/example_bash_decorator.py
[2024-07-10T23:55:32.822+0000] {processor.py:830} INFO - Processing file /home/airflow/.local/lib/python3.12/site-packages/airflow/example_dags/example_bash_decorator.py for tasks to queue
[2024-07-10T23:55:32.835+0000] {logging_mixin.py:188} INFO - [2024-07-10T23:55:32.835+0000] {dagbag.py:545} INFO - Filling up the DagBag from /home/airflow/.local/lib/python3.12/site-packages/airflow/example_dags/example_bash_decorator.py
[2024-07-10T23:55:32.887+0000] {processor.py:840} INFO - DAG(s) 'example_bash_decorator' retrieved from /home/airflow/.local/lib/python3.12/site-packages/airflow/example_dags/example_bash_decorator.py
[2024-07-10T23:55:32.985+0000] {logging_mixin.py:188} INFO - [2024-07-10T23:55:32.985+0000] {dag.py:3096} INFO - Sync 1 DAGs
[2024-07-10T23:55:33.045+0000] {logging_mixin.py:188} INFO - [2024-07-10T23:55:33.045+0000] {dag.py:3954} INFO - Setting next_dagrun for example_bash_decorator to None, run_after=None
[2024-07-10T23:55:33.160+0000] {processor.py:183} INFO - Processing /home/airflow/.local/lib/python3.12/site-packages/airflow/example_dags/example_bash_decorator.py took 0.368 seconds
[2024-07-10T23:56:03.334+0000] {processor.py:161} INFO - Started process (PID=3895) to work on /home/airflow/.local/lib/python3.12/site-packages/airflow/example_dags/example_bash_decorator.py
[2024-07-10T23:56:03.339+0000] {processor.py:830} INFO - Processing file /home/airflow/.local/lib/python3.12/site-packages/airflow/example_dags/example_bash_decorator.py for tasks to queue
[2024-07-10T23:56:03.343+0000] {logging_mixin.py:188} INFO - [2024-07-10T23:56:03.342+0000] {dagbag.py:545} INFO - Filling up the DagBag from /home/airflow/.local/lib/python3.12/site-packages/airflow/example_dags/example_bash_decorator.py
[2024-07-10T23:56:03.381+0000] {processor.py:840} INFO - DAG(s) 'example_bash_decorator' retrieved from /home/airflow/.local/lib/python3.12/site-packages/airflow/example_dags/example_bash_decorator.py
[2024-07-10T23:56:03.427+0000] {logging_mixin.py:188} INFO - [2024-07-10T23:56:03.427+0000] {dag.py:3096} INFO - Sync 1 DAGs
[2024-07-10T23:56:03.453+0000] {logging_mixin.py:188} INFO - [2024-07-10T23:56:03.452+0000] {dag.py:3954} INFO - Setting next_dagrun for example_bash_decorator to None, run_after=None
[2024-07-10T23:56:03.520+0000] {processor.py:183} INFO - Processing /home/airflow/.local/lib/python3.12/site-packages/airflow/example_dags/example_bash_decorator.py took 0.205 seconds
[2024-07-10T23:56:33.884+0000] {processor.py:161} INFO - Started process (PID=3954) to work on /home/airflow/.local/lib/python3.12/site-packages/airflow/example_dags/example_bash_decorator.py
[2024-07-10T23:56:33.897+0000] {processor.py:830} INFO - Processing file /home/airflow/.local/lib/python3.12/site-packages/airflow/example_dags/example_bash_decorator.py for tasks to queue
[2024-07-10T23:56:33.899+0000] {logging_mixin.py:188} INFO - [2024-07-10T23:56:33.899+0000] {dagbag.py:545} INFO - Filling up the DagBag from /home/airflow/.local/lib/python3.12/site-packages/airflow/example_dags/example_bash_decorator.py
[2024-07-10T23:56:33.950+0000] {processor.py:840} INFO - DAG(s) 'example_bash_decorator' retrieved from /home/airflow/.local/lib/python3.12/site-packages/airflow/example_dags/example_bash_decorator.py
[2024-07-10T23:56:34.048+0000] {logging_mixin.py:188} INFO - [2024-07-10T23:56:34.047+0000] {dag.py:3096} INFO - Sync 1 DAGs
[2024-07-10T23:56:34.077+0000] {logging_mixin.py:188} INFO - [2024-07-10T23:56:34.077+0000] {dag.py:3954} INFO - Setting next_dagrun for example_bash_decorator to None, run_after=None
[2024-07-10T23:56:34.154+0000] {processor.py:183} INFO - Processing /home/airflow/.local/lib/python3.12/site-packages/airflow/example_dags/example_bash_decorator.py took 0.291 seconds
[2024-07-10T23:57:04.242+0000] {processor.py:161} INFO - Started process (PID=4012) to work on /home/airflow/.local/lib/python3.12/site-packages/airflow/example_dags/example_bash_decorator.py
[2024-07-10T23:57:04.243+0000] {processor.py:830} INFO - Processing file /home/airflow/.local/lib/python3.12/site-packages/airflow/example_dags/example_bash_decorator.py for tasks to queue
[2024-07-10T23:57:04.247+0000] {logging_mixin.py:188} INFO - [2024-07-10T23:57:04.246+0000] {dagbag.py:545} INFO - Filling up the DagBag from /home/airflow/.local/lib/python3.12/site-packages/airflow/example_dags/example_bash_decorator.py
[2024-07-10T23:57:04.268+0000] {processor.py:840} INFO - DAG(s) 'example_bash_decorator' retrieved from /home/airflow/.local/lib/python3.12/site-packages/airflow/example_dags/example_bash_decorator.py
[2024-07-10T23:57:04.316+0000] {logging_mixin.py:188} INFO - [2024-07-10T23:57:04.316+0000] {dag.py:3096} INFO - Sync 1 DAGs
[2024-07-10T23:57:04.343+0000] {logging_mixin.py:188} INFO - [2024-07-10T23:57:04.342+0000] {dag.py:3954} INFO - Setting next_dagrun for example_bash_decorator to None, run_after=None
[2024-07-10T23:57:04.384+0000] {processor.py:183} INFO - Processing /home/airflow/.local/lib/python3.12/site-packages/airflow/example_dags/example_bash_decorator.py took 0.153 seconds
[2024-07-10T23:57:34.705+0000] {processor.py:161} INFO - Started process (PID=4070) to work on /home/airflow/.local/lib/python3.12/site-packages/airflow/example_dags/example_bash_decorator.py
[2024-07-10T23:57:34.707+0000] {processor.py:830} INFO - Processing file /home/airflow/.local/lib/python3.12/site-packages/airflow/example_dags/example_bash_decorator.py for tasks to queue
[2024-07-10T23:57:34.711+0000] {logging_mixin.py:188} INFO - [2024-07-10T23:57:34.710+0000] {dagbag.py:545} INFO - Filling up the DagBag from /home/airflow/.local/lib/python3.12/site-packages/airflow/example_dags/example_bash_decorator.py
[2024-07-10T23:57:34.738+0000] {processor.py:840} INFO - DAG(s) 'example_bash_decorator' retrieved from /home/airflow/.local/lib/python3.12/site-packages/airflow/example_dags/example_bash_decorator.py
[2024-07-10T23:57:34.803+0000] {logging_mixin.py:188} INFO - [2024-07-10T23:57:34.800+0000] {dag.py:3096} INFO - Sync 1 DAGs
[2024-07-10T23:57:34.833+0000] {logging_mixin.py:188} INFO - [2024-07-10T23:57:34.832+0000] {dag.py:3954} INFO - Setting next_dagrun for example_bash_decorator to None, run_after=None
[2024-07-10T23:57:34.899+0000] {processor.py:183} INFO - Processing /home/airflow/.local/lib/python3.12/site-packages/airflow/example_dags/example_bash_decorator.py took 0.213 seconds
[2024-07-10T23:58:05.704+0000] {processor.py:161} INFO - Started process (PID=4127) to work on /home/airflow/.local/lib/python3.12/site-packages/airflow/example_dags/example_bash_decorator.py
[2024-07-10T23:58:05.706+0000] {processor.py:830} INFO - Processing file /home/airflow/.local/lib/python3.12/site-packages/airflow/example_dags/example_bash_decorator.py for tasks to queue
[2024-07-10T23:58:05.708+0000] {logging_mixin.py:188} INFO - [2024-07-10T23:58:05.708+0000] {dagbag.py:545} INFO - Filling up the DagBag from /home/airflow/.local/lib/python3.12/site-packages/airflow/example_dags/example_bash_decorator.py
[2024-07-10T23:58:05.738+0000] {processor.py:840} INFO - DAG(s) 'example_bash_decorator' retrieved from /home/airflow/.local/lib/python3.12/site-packages/airflow/example_dags/example_bash_decorator.py
[2024-07-10T23:58:05.780+0000] {logging_mixin.py:188} INFO - [2024-07-10T23:58:05.780+0000] {dag.py:3096} INFO - Sync 1 DAGs
[2024-07-10T23:58:05.805+0000] {logging_mixin.py:188} INFO - [2024-07-10T23:58:05.805+0000] {dag.py:3954} INFO - Setting next_dagrun for example_bash_decorator to None, run_after=None
[2024-07-10T23:58:05.847+0000] {processor.py:183} INFO - Processing /home/airflow/.local/lib/python3.12/site-packages/airflow/example_dags/example_bash_decorator.py took 0.161 seconds
[2024-07-10T23:58:36.586+0000] {processor.py:161} INFO - Started process (PID=4185) to work on /home/airflow/.local/lib/python3.12/site-packages/airflow/example_dags/example_bash_decorator.py
[2024-07-10T23:58:36.588+0000] {processor.py:830} INFO - Processing file /home/airflow/.local/lib/python3.12/site-packages/airflow/example_dags/example_bash_decorator.py for tasks to queue
[2024-07-10T23:58:36.590+0000] {logging_mixin.py:188} INFO - [2024-07-10T23:58:36.590+0000] {dagbag.py:545} INFO - Filling up the DagBag from /home/airflow/.local/lib/python3.12/site-packages/airflow/example_dags/example_bash_decorator.py
[2024-07-10T23:58:36.617+0000] {processor.py:840} INFO - DAG(s) 'example_bash_decorator' retrieved from /home/airflow/.local/lib/python3.12/site-packages/airflow/example_dags/example_bash_decorator.py
[2024-07-10T23:58:36.670+0000] {logging_mixin.py:188} INFO - [2024-07-10T23:58:36.670+0000] {dag.py:3096} INFO - Sync 1 DAGs
[2024-07-10T23:58:36.697+0000] {logging_mixin.py:188} INFO - [2024-07-10T23:58:36.697+0000] {dag.py:3954} INFO - Setting next_dagrun for example_bash_decorator to None, run_after=None
[2024-07-10T23:58:36.743+0000] {processor.py:183} INFO - Processing /home/airflow/.local/lib/python3.12/site-packages/airflow/example_dags/example_bash_decorator.py took 0.165 seconds
