[2024-07-10T13:36:33.837+0000] {processor.py:161} INFO - Started process (PID=74) to work on /home/airflow/.local/lib/python3.12/site-packages/airflow/example_dags/example_python_decorator.py
[2024-07-10T13:36:33.839+0000] {processor.py:830} INFO - Processing file /home/airflow/.local/lib/python3.12/site-packages/airflow/example_dags/example_python_decorator.py for tasks to queue
[2024-07-10T13:36:33.841+0000] {logging_mixin.py:188} INFO - [2024-07-10T13:36:33.840+0000] {dagbag.py:545} INFO - Filling up the DagBag from /home/airflow/.local/lib/python3.12/site-packages/airflow/example_dags/example_python_decorator.py
[2024-07-10T13:36:33.858+0000] {processor.py:840} INFO - DAG(s) 'example_python_decorator' retrieved from /home/airflow/.local/lib/python3.12/site-packages/airflow/example_dags/example_python_decorator.py
[2024-07-10T13:36:34.010+0000] {logging_mixin.py:188} INFO - [2024-07-10T13:36:34.010+0000] {dag.py:3096} INFO - Sync 1 DAGs
[2024-07-10T13:36:34.024+0000] {logging_mixin.py:188} INFO - [2024-07-10T13:36:34.023+0000] {dag.py:3954} INFO - Setting next_dagrun for example_python_decorator to None, run_after=None
[2024-07-10T13:36:34.077+0000] {processor.py:183} INFO - Processing /home/airflow/.local/lib/python3.12/site-packages/airflow/example_dags/example_python_decorator.py took 0.247 seconds
[2024-07-10T23:22:29.581+0000] {processor.py:161} INFO - Started process (PID=66) to work on /home/airflow/.local/lib/python3.12/site-packages/airflow/example_dags/example_python_decorator.py
[2024-07-10T23:22:29.582+0000] {processor.py:830} INFO - Processing file /home/airflow/.local/lib/python3.12/site-packages/airflow/example_dags/example_python_decorator.py for tasks to queue
[2024-07-10T23:22:29.584+0000] {logging_mixin.py:188} INFO - [2024-07-10T23:22:29.584+0000] {dagbag.py:545} INFO - Filling up the DagBag from /home/airflow/.local/lib/python3.12/site-packages/airflow/example_dags/example_python_decorator.py
[2024-07-10T23:22:29.599+0000] {processor.py:840} INFO - DAG(s) 'example_python_decorator' retrieved from /home/airflow/.local/lib/python3.12/site-packages/airflow/example_dags/example_python_decorator.py
[2024-07-10T23:22:29.729+0000] {logging_mixin.py:188} INFO - [2024-07-10T23:22:29.729+0000] {dag.py:3096} INFO - Sync 1 DAGs
[2024-07-10T23:22:29.742+0000] {logging_mixin.py:188} INFO - [2024-07-10T23:22:29.742+0000] {dag.py:3954} INFO - Setting next_dagrun for example_python_decorator to None, run_after=None
[2024-07-10T23:22:29.766+0000] {processor.py:183} INFO - Processing /home/airflow/.local/lib/python3.12/site-packages/airflow/example_dags/example_python_decorator.py took 0.191 seconds
[2024-07-10T23:23:00.772+0000] {processor.py:161} INFO - Started process (PID=124) to work on /home/airflow/.local/lib/python3.12/site-packages/airflow/example_dags/example_python_decorator.py
[2024-07-10T23:23:00.773+0000] {processor.py:830} INFO - Processing file /home/airflow/.local/lib/python3.12/site-packages/airflow/example_dags/example_python_decorator.py for tasks to queue
[2024-07-10T23:23:00.775+0000] {logging_mixin.py:188} INFO - [2024-07-10T23:23:00.774+0000] {dagbag.py:545} INFO - Filling up the DagBag from /home/airflow/.local/lib/python3.12/site-packages/airflow/example_dags/example_python_decorator.py
[2024-07-10T23:23:00.790+0000] {processor.py:840} INFO - DAG(s) 'example_python_decorator' retrieved from /home/airflow/.local/lib/python3.12/site-packages/airflow/example_dags/example_python_decorator.py
[2024-07-10T23:23:00.817+0000] {logging_mixin.py:188} INFO - [2024-07-10T23:23:00.816+0000] {dag.py:3096} INFO - Sync 1 DAGs
[2024-07-10T23:23:00.832+0000] {logging_mixin.py:188} INFO - [2024-07-10T23:23:00.832+0000] {dag.py:3954} INFO - Setting next_dagrun for example_python_decorator to None, run_after=None
[2024-07-10T23:23:00.861+0000] {processor.py:183} INFO - Processing /home/airflow/.local/lib/python3.12/site-packages/airflow/example_dags/example_python_decorator.py took 0.098 seconds
[2024-07-10T23:23:31.740+0000] {processor.py:161} INFO - Started process (PID=182) to work on /home/airflow/.local/lib/python3.12/site-packages/airflow/example_dags/example_python_decorator.py
[2024-07-10T23:23:31.748+0000] {processor.py:830} INFO - Processing file /home/airflow/.local/lib/python3.12/site-packages/airflow/example_dags/example_python_decorator.py for tasks to queue
[2024-07-10T23:23:31.750+0000] {logging_mixin.py:188} INFO - [2024-07-10T23:23:31.749+0000] {dagbag.py:545} INFO - Filling up the DagBag from /home/airflow/.local/lib/python3.12/site-packages/airflow/example_dags/example_python_decorator.py
[2024-07-10T23:23:31.768+0000] {processor.py:840} INFO - DAG(s) 'example_python_decorator' retrieved from /home/airflow/.local/lib/python3.12/site-packages/airflow/example_dags/example_python_decorator.py
[2024-07-10T23:23:31.796+0000] {logging_mixin.py:188} INFO - [2024-07-10T23:23:31.796+0000] {dag.py:3096} INFO - Sync 1 DAGs
[2024-07-10T23:23:31.813+0000] {logging_mixin.py:188} INFO - [2024-07-10T23:23:31.812+0000] {dag.py:3954} INFO - Setting next_dagrun for example_python_decorator to None, run_after=None
[2024-07-10T23:23:31.839+0000] {processor.py:183} INFO - Processing /home/airflow/.local/lib/python3.12/site-packages/airflow/example_dags/example_python_decorator.py took 0.106 seconds
[2024-07-10T23:24:02.222+0000] {processor.py:161} INFO - Started process (PID=240) to work on /home/airflow/.local/lib/python3.12/site-packages/airflow/example_dags/example_python_decorator.py
[2024-07-10T23:24:02.223+0000] {processor.py:830} INFO - Processing file /home/airflow/.local/lib/python3.12/site-packages/airflow/example_dags/example_python_decorator.py for tasks to queue
[2024-07-10T23:24:02.225+0000] {logging_mixin.py:188} INFO - [2024-07-10T23:24:02.224+0000] {dagbag.py:545} INFO - Filling up the DagBag from /home/airflow/.local/lib/python3.12/site-packages/airflow/example_dags/example_python_decorator.py
[2024-07-10T23:24:02.240+0000] {processor.py:840} INFO - DAG(s) 'example_python_decorator' retrieved from /home/airflow/.local/lib/python3.12/site-packages/airflow/example_dags/example_python_decorator.py
[2024-07-10T23:24:02.269+0000] {logging_mixin.py:188} INFO - [2024-07-10T23:24:02.268+0000] {dag.py:3096} INFO - Sync 1 DAGs
[2024-07-10T23:24:02.286+0000] {logging_mixin.py:188} INFO - [2024-07-10T23:24:02.286+0000] {dag.py:3954} INFO - Setting next_dagrun for example_python_decorator to None, run_after=None
[2024-07-10T23:24:02.313+0000] {processor.py:183} INFO - Processing /home/airflow/.local/lib/python3.12/site-packages/airflow/example_dags/example_python_decorator.py took 0.099 seconds
[2024-07-10T23:24:32.535+0000] {processor.py:161} INFO - Started process (PID=298) to work on /home/airflow/.local/lib/python3.12/site-packages/airflow/example_dags/example_python_decorator.py
[2024-07-10T23:24:32.543+0000] {processor.py:830} INFO - Processing file /home/airflow/.local/lib/python3.12/site-packages/airflow/example_dags/example_python_decorator.py for tasks to queue
[2024-07-10T23:24:32.545+0000] {logging_mixin.py:188} INFO - [2024-07-10T23:24:32.545+0000] {dagbag.py:545} INFO - Filling up the DagBag from /home/airflow/.local/lib/python3.12/site-packages/airflow/example_dags/example_python_decorator.py
[2024-07-10T23:24:32.560+0000] {processor.py:840} INFO - DAG(s) 'example_python_decorator' retrieved from /home/airflow/.local/lib/python3.12/site-packages/airflow/example_dags/example_python_decorator.py
[2024-07-10T23:24:32.585+0000] {logging_mixin.py:188} INFO - [2024-07-10T23:24:32.585+0000] {dag.py:3096} INFO - Sync 1 DAGs
[2024-07-10T23:24:32.599+0000] {logging_mixin.py:188} INFO - [2024-07-10T23:24:32.599+0000] {dag.py:3954} INFO - Setting next_dagrun for example_python_decorator to None, run_after=None
[2024-07-10T23:24:32.623+0000] {processor.py:183} INFO - Processing /home/airflow/.local/lib/python3.12/site-packages/airflow/example_dags/example_python_decorator.py took 0.094 seconds
[2024-07-10T23:25:03.166+0000] {processor.py:161} INFO - Started process (PID=356) to work on /home/airflow/.local/lib/python3.12/site-packages/airflow/example_dags/example_python_decorator.py
[2024-07-10T23:25:03.166+0000] {processor.py:830} INFO - Processing file /home/airflow/.local/lib/python3.12/site-packages/airflow/example_dags/example_python_decorator.py for tasks to queue
[2024-07-10T23:25:03.169+0000] {logging_mixin.py:188} INFO - [2024-07-10T23:25:03.169+0000] {dagbag.py:545} INFO - Filling up the DagBag from /home/airflow/.local/lib/python3.12/site-packages/airflow/example_dags/example_python_decorator.py
[2024-07-10T23:25:03.184+0000] {processor.py:840} INFO - DAG(s) 'example_python_decorator' retrieved from /home/airflow/.local/lib/python3.12/site-packages/airflow/example_dags/example_python_decorator.py
[2024-07-10T23:25:03.210+0000] {logging_mixin.py:188} INFO - [2024-07-10T23:25:03.210+0000] {dag.py:3096} INFO - Sync 1 DAGs
[2024-07-10T23:25:03.224+0000] {logging_mixin.py:188} INFO - [2024-07-10T23:25:03.224+0000] {dag.py:3954} INFO - Setting next_dagrun for example_python_decorator to None, run_after=None
[2024-07-10T23:25:03.251+0000] {processor.py:183} INFO - Processing /home/airflow/.local/lib/python3.12/site-packages/airflow/example_dags/example_python_decorator.py took 0.091 seconds
[2024-07-10T23:25:33.548+0000] {processor.py:161} INFO - Started process (PID=415) to work on /home/airflow/.local/lib/python3.12/site-packages/airflow/example_dags/example_python_decorator.py
[2024-07-10T23:25:33.556+0000] {processor.py:830} INFO - Processing file /home/airflow/.local/lib/python3.12/site-packages/airflow/example_dags/example_python_decorator.py for tasks to queue
[2024-07-10T23:25:33.559+0000] {logging_mixin.py:188} INFO - [2024-07-10T23:25:33.558+0000] {dagbag.py:545} INFO - Filling up the DagBag from /home/airflow/.local/lib/python3.12/site-packages/airflow/example_dags/example_python_decorator.py
[2024-07-10T23:25:33.576+0000] {processor.py:840} INFO - DAG(s) 'example_python_decorator' retrieved from /home/airflow/.local/lib/python3.12/site-packages/airflow/example_dags/example_python_decorator.py
[2024-07-10T23:25:33.607+0000] {logging_mixin.py:188} INFO - [2024-07-10T23:25:33.606+0000] {dag.py:3096} INFO - Sync 1 DAGs
[2024-07-10T23:25:33.624+0000] {logging_mixin.py:188} INFO - [2024-07-10T23:25:33.624+0000] {dag.py:3954} INFO - Setting next_dagrun for example_python_decorator to None, run_after=None
[2024-07-10T23:25:33.651+0000] {processor.py:183} INFO - Processing /home/airflow/.local/lib/python3.12/site-packages/airflow/example_dags/example_python_decorator.py took 0.110 seconds
[2024-07-10T23:26:03.730+0000] {processor.py:161} INFO - Started process (PID=474) to work on /home/airflow/.local/lib/python3.12/site-packages/airflow/example_dags/example_python_decorator.py
[2024-07-10T23:26:03.731+0000] {processor.py:830} INFO - Processing file /home/airflow/.local/lib/python3.12/site-packages/airflow/example_dags/example_python_decorator.py for tasks to queue
[2024-07-10T23:26:03.733+0000] {logging_mixin.py:188} INFO - [2024-07-10T23:26:03.732+0000] {dagbag.py:545} INFO - Filling up the DagBag from /home/airflow/.local/lib/python3.12/site-packages/airflow/example_dags/example_python_decorator.py
[2024-07-10T23:26:03.747+0000] {processor.py:840} INFO - DAG(s) 'example_python_decorator' retrieved from /home/airflow/.local/lib/python3.12/site-packages/airflow/example_dags/example_python_decorator.py
[2024-07-10T23:26:03.775+0000] {logging_mixin.py:188} INFO - [2024-07-10T23:26:03.775+0000] {dag.py:3096} INFO - Sync 1 DAGs
[2024-07-10T23:26:03.792+0000] {logging_mixin.py:188} INFO - [2024-07-10T23:26:03.791+0000] {dag.py:3954} INFO - Setting next_dagrun for example_python_decorator to None, run_after=None
[2024-07-10T23:26:03.816+0000] {processor.py:183} INFO - Processing /home/airflow/.local/lib/python3.12/site-packages/airflow/example_dags/example_python_decorator.py took 0.092 seconds
[2024-07-10T23:26:34.101+0000] {processor.py:161} INFO - Started process (PID=532) to work on /home/airflow/.local/lib/python3.12/site-packages/airflow/example_dags/example_python_decorator.py
[2024-07-10T23:26:34.109+0000] {processor.py:830} INFO - Processing file /home/airflow/.local/lib/python3.12/site-packages/airflow/example_dags/example_python_decorator.py for tasks to queue
[2024-07-10T23:26:34.111+0000] {logging_mixin.py:188} INFO - [2024-07-10T23:26:34.111+0000] {dagbag.py:545} INFO - Filling up the DagBag from /home/airflow/.local/lib/python3.12/site-packages/airflow/example_dags/example_python_decorator.py
[2024-07-10T23:26:34.126+0000] {processor.py:840} INFO - DAG(s) 'example_python_decorator' retrieved from /home/airflow/.local/lib/python3.12/site-packages/airflow/example_dags/example_python_decorator.py
[2024-07-10T23:26:34.152+0000] {logging_mixin.py:188} INFO - [2024-07-10T23:26:34.152+0000] {dag.py:3096} INFO - Sync 1 DAGs
[2024-07-10T23:26:34.167+0000] {logging_mixin.py:188} INFO - [2024-07-10T23:26:34.166+0000] {dag.py:3954} INFO - Setting next_dagrun for example_python_decorator to None, run_after=None
[2024-07-10T23:26:34.192+0000] {processor.py:183} INFO - Processing /home/airflow/.local/lib/python3.12/site-packages/airflow/example_dags/example_python_decorator.py took 0.097 seconds
[2024-07-10T23:27:04.514+0000] {processor.py:161} INFO - Started process (PID=589) to work on /home/airflow/.local/lib/python3.12/site-packages/airflow/example_dags/example_python_decorator.py
[2024-07-10T23:27:04.515+0000] {processor.py:830} INFO - Processing file /home/airflow/.local/lib/python3.12/site-packages/airflow/example_dags/example_python_decorator.py for tasks to queue
[2024-07-10T23:27:04.517+0000] {logging_mixin.py:188} INFO - [2024-07-10T23:27:04.516+0000] {dagbag.py:545} INFO - Filling up the DagBag from /home/airflow/.local/lib/python3.12/site-packages/airflow/example_dags/example_python_decorator.py
[2024-07-10T23:27:04.532+0000] {processor.py:840} INFO - DAG(s) 'example_python_decorator' retrieved from /home/airflow/.local/lib/python3.12/site-packages/airflow/example_dags/example_python_decorator.py
[2024-07-10T23:27:04.560+0000] {logging_mixin.py:188} INFO - [2024-07-10T23:27:04.560+0000] {dag.py:3096} INFO - Sync 1 DAGs
[2024-07-10T23:27:04.577+0000] {logging_mixin.py:188} INFO - [2024-07-10T23:27:04.577+0000] {dag.py:3954} INFO - Setting next_dagrun for example_python_decorator to None, run_after=None
[2024-07-10T23:27:04.603+0000] {processor.py:183} INFO - Processing /home/airflow/.local/lib/python3.12/site-packages/airflow/example_dags/example_python_decorator.py took 0.096 seconds
[2024-07-10T23:27:34.911+0000] {processor.py:161} INFO - Started process (PID=648) to work on /home/airflow/.local/lib/python3.12/site-packages/airflow/example_dags/example_python_decorator.py
[2024-07-10T23:27:34.915+0000] {processor.py:830} INFO - Processing file /home/airflow/.local/lib/python3.12/site-packages/airflow/example_dags/example_python_decorator.py for tasks to queue
[2024-07-10T23:27:34.917+0000] {logging_mixin.py:188} INFO - [2024-07-10T23:27:34.917+0000] {dagbag.py:545} INFO - Filling up the DagBag from /home/airflow/.local/lib/python3.12/site-packages/airflow/example_dags/example_python_decorator.py
[2024-07-10T23:27:34.932+0000] {processor.py:840} INFO - DAG(s) 'example_python_decorator' retrieved from /home/airflow/.local/lib/python3.12/site-packages/airflow/example_dags/example_python_decorator.py
[2024-07-10T23:27:34.956+0000] {logging_mixin.py:188} INFO - [2024-07-10T23:27:34.956+0000] {dag.py:3096} INFO - Sync 1 DAGs
[2024-07-10T23:27:34.970+0000] {logging_mixin.py:188} INFO - [2024-07-10T23:27:34.969+0000] {dag.py:3954} INFO - Setting next_dagrun for example_python_decorator to None, run_after=None
[2024-07-10T23:27:34.991+0000] {processor.py:183} INFO - Processing /home/airflow/.local/lib/python3.12/site-packages/airflow/example_dags/example_python_decorator.py took 0.087 seconds
[2024-07-10T23:28:05.212+0000] {processor.py:161} INFO - Started process (PID=706) to work on /home/airflow/.local/lib/python3.12/site-packages/airflow/example_dags/example_python_decorator.py
[2024-07-10T23:28:05.213+0000] {processor.py:830} INFO - Processing file /home/airflow/.local/lib/python3.12/site-packages/airflow/example_dags/example_python_decorator.py for tasks to queue
[2024-07-10T23:28:05.215+0000] {logging_mixin.py:188} INFO - [2024-07-10T23:28:05.214+0000] {dagbag.py:545} INFO - Filling up the DagBag from /home/airflow/.local/lib/python3.12/site-packages/airflow/example_dags/example_python_decorator.py
[2024-07-10T23:28:05.230+0000] {processor.py:840} INFO - DAG(s) 'example_python_decorator' retrieved from /home/airflow/.local/lib/python3.12/site-packages/airflow/example_dags/example_python_decorator.py
[2024-07-10T23:28:05.256+0000] {logging_mixin.py:188} INFO - [2024-07-10T23:28:05.256+0000] {dag.py:3096} INFO - Sync 1 DAGs
[2024-07-10T23:28:05.271+0000] {logging_mixin.py:188} INFO - [2024-07-10T23:28:05.271+0000] {dag.py:3954} INFO - Setting next_dagrun for example_python_decorator to None, run_after=None
[2024-07-10T23:28:05.295+0000] {processor.py:183} INFO - Processing /home/airflow/.local/lib/python3.12/site-packages/airflow/example_dags/example_python_decorator.py took 0.090 seconds
[2024-07-10T23:28:35.496+0000] {processor.py:161} INFO - Started process (PID=764) to work on /home/airflow/.local/lib/python3.12/site-packages/airflow/example_dags/example_python_decorator.py
[2024-07-10T23:28:35.497+0000] {processor.py:830} INFO - Processing file /home/airflow/.local/lib/python3.12/site-packages/airflow/example_dags/example_python_decorator.py for tasks to queue
[2024-07-10T23:28:35.499+0000] {logging_mixin.py:188} INFO - [2024-07-10T23:28:35.499+0000] {dagbag.py:545} INFO - Filling up the DagBag from /home/airflow/.local/lib/python3.12/site-packages/airflow/example_dags/example_python_decorator.py
[2024-07-10T23:28:35.514+0000] {processor.py:840} INFO - DAG(s) 'example_python_decorator' retrieved from /home/airflow/.local/lib/python3.12/site-packages/airflow/example_dags/example_python_decorator.py
[2024-07-10T23:28:35.538+0000] {logging_mixin.py:188} INFO - [2024-07-10T23:28:35.538+0000] {dag.py:3096} INFO - Sync 1 DAGs
[2024-07-10T23:28:35.553+0000] {logging_mixin.py:188} INFO - [2024-07-10T23:28:35.553+0000] {dag.py:3954} INFO - Setting next_dagrun for example_python_decorator to None, run_after=None
[2024-07-10T23:28:35.575+0000] {processor.py:183} INFO - Processing /home/airflow/.local/lib/python3.12/site-packages/airflow/example_dags/example_python_decorator.py took 0.087 seconds
[2024-07-10T23:29:05.901+0000] {processor.py:161} INFO - Started process (PID=822) to work on /home/airflow/.local/lib/python3.12/site-packages/airflow/example_dags/example_python_decorator.py
[2024-07-10T23:29:05.902+0000] {processor.py:830} INFO - Processing file /home/airflow/.local/lib/python3.12/site-packages/airflow/example_dags/example_python_decorator.py for tasks to queue
[2024-07-10T23:29:05.904+0000] {logging_mixin.py:188} INFO - [2024-07-10T23:29:05.904+0000] {dagbag.py:545} INFO - Filling up the DagBag from /home/airflow/.local/lib/python3.12/site-packages/airflow/example_dags/example_python_decorator.py
[2024-07-10T23:29:05.920+0000] {processor.py:840} INFO - DAG(s) 'example_python_decorator' retrieved from /home/airflow/.local/lib/python3.12/site-packages/airflow/example_dags/example_python_decorator.py
[2024-07-10T23:29:05.946+0000] {logging_mixin.py:188} INFO - [2024-07-10T23:29:05.946+0000] {dag.py:3096} INFO - Sync 1 DAGs
[2024-07-10T23:29:05.961+0000] {logging_mixin.py:188} INFO - [2024-07-10T23:29:05.961+0000] {dag.py:3954} INFO - Setting next_dagrun for example_python_decorator to None, run_after=None
[2024-07-10T23:29:05.985+0000] {processor.py:183} INFO - Processing /home/airflow/.local/lib/python3.12/site-packages/airflow/example_dags/example_python_decorator.py took 0.090 seconds
[2024-07-10T23:29:36.795+0000] {processor.py:161} INFO - Started process (PID=885) to work on /home/airflow/.local/lib/python3.12/site-packages/airflow/example_dags/example_python_decorator.py
[2024-07-10T23:29:36.796+0000] {processor.py:830} INFO - Processing file /home/airflow/.local/lib/python3.12/site-packages/airflow/example_dags/example_python_decorator.py for tasks to queue
[2024-07-10T23:29:36.798+0000] {logging_mixin.py:188} INFO - [2024-07-10T23:29:36.798+0000] {dagbag.py:545} INFO - Filling up the DagBag from /home/airflow/.local/lib/python3.12/site-packages/airflow/example_dags/example_python_decorator.py
[2024-07-10T23:29:36.814+0000] {processor.py:840} INFO - DAG(s) 'example_python_decorator' retrieved from /home/airflow/.local/lib/python3.12/site-packages/airflow/example_dags/example_python_decorator.py
[2024-07-10T23:29:36.841+0000] {logging_mixin.py:188} INFO - [2024-07-10T23:29:36.841+0000] {dag.py:3096} INFO - Sync 1 DAGs
[2024-07-10T23:29:36.855+0000] {logging_mixin.py:188} INFO - [2024-07-10T23:29:36.854+0000] {dag.py:3954} INFO - Setting next_dagrun for example_python_decorator to None, run_after=None
[2024-07-10T23:29:36.876+0000] {processor.py:183} INFO - Processing /home/airflow/.local/lib/python3.12/site-packages/airflow/example_dags/example_python_decorator.py took 0.088 seconds
[2024-07-10T23:30:07.245+0000] {processor.py:161} INFO - Started process (PID=943) to work on /home/airflow/.local/lib/python3.12/site-packages/airflow/example_dags/example_python_decorator.py
[2024-07-10T23:30:07.247+0000] {processor.py:830} INFO - Processing file /home/airflow/.local/lib/python3.12/site-packages/airflow/example_dags/example_python_decorator.py for tasks to queue
[2024-07-10T23:30:07.248+0000] {logging_mixin.py:188} INFO - [2024-07-10T23:30:07.248+0000] {dagbag.py:545} INFO - Filling up the DagBag from /home/airflow/.local/lib/python3.12/site-packages/airflow/example_dags/example_python_decorator.py
[2024-07-10T23:30:07.262+0000] {processor.py:840} INFO - DAG(s) 'example_python_decorator' retrieved from /home/airflow/.local/lib/python3.12/site-packages/airflow/example_dags/example_python_decorator.py
[2024-07-10T23:30:07.291+0000] {logging_mixin.py:188} INFO - [2024-07-10T23:30:07.291+0000] {dag.py:3096} INFO - Sync 1 DAGs
[2024-07-10T23:30:07.307+0000] {logging_mixin.py:188} INFO - [2024-07-10T23:30:07.307+0000] {dag.py:3954} INFO - Setting next_dagrun for example_python_decorator to None, run_after=None
[2024-07-10T23:30:07.330+0000] {processor.py:183} INFO - Processing /home/airflow/.local/lib/python3.12/site-packages/airflow/example_dags/example_python_decorator.py took 0.092 seconds
[2024-07-10T23:30:37.548+0000] {processor.py:161} INFO - Started process (PID=1001) to work on /home/airflow/.local/lib/python3.12/site-packages/airflow/example_dags/example_python_decorator.py
[2024-07-10T23:30:37.549+0000] {processor.py:830} INFO - Processing file /home/airflow/.local/lib/python3.12/site-packages/airflow/example_dags/example_python_decorator.py for tasks to queue
[2024-07-10T23:30:37.551+0000] {logging_mixin.py:188} INFO - [2024-07-10T23:30:37.550+0000] {dagbag.py:545} INFO - Filling up the DagBag from /home/airflow/.local/lib/python3.12/site-packages/airflow/example_dags/example_python_decorator.py
[2024-07-10T23:30:37.565+0000] {processor.py:840} INFO - DAG(s) 'example_python_decorator' retrieved from /home/airflow/.local/lib/python3.12/site-packages/airflow/example_dags/example_python_decorator.py
[2024-07-10T23:30:37.593+0000] {logging_mixin.py:188} INFO - [2024-07-10T23:30:37.593+0000] {dag.py:3096} INFO - Sync 1 DAGs
[2024-07-10T23:30:37.606+0000] {logging_mixin.py:188} INFO - [2024-07-10T23:30:37.606+0000] {dag.py:3954} INFO - Setting next_dagrun for example_python_decorator to None, run_after=None
[2024-07-10T23:30:37.629+0000] {processor.py:183} INFO - Processing /home/airflow/.local/lib/python3.12/site-packages/airflow/example_dags/example_python_decorator.py took 0.087 seconds
[2024-07-10T23:31:08.711+0000] {processor.py:161} INFO - Started process (PID=1059) to work on /home/airflow/.local/lib/python3.12/site-packages/airflow/example_dags/example_python_decorator.py
[2024-07-10T23:31:08.712+0000] {processor.py:830} INFO - Processing file /home/airflow/.local/lib/python3.12/site-packages/airflow/example_dags/example_python_decorator.py for tasks to queue
[2024-07-10T23:31:08.714+0000] {logging_mixin.py:188} INFO - [2024-07-10T23:31:08.713+0000] {dagbag.py:545} INFO - Filling up the DagBag from /home/airflow/.local/lib/python3.12/site-packages/airflow/example_dags/example_python_decorator.py
[2024-07-10T23:31:08.728+0000] {processor.py:840} INFO - DAG(s) 'example_python_decorator' retrieved from /home/airflow/.local/lib/python3.12/site-packages/airflow/example_dags/example_python_decorator.py
[2024-07-10T23:31:08.756+0000] {logging_mixin.py:188} INFO - [2024-07-10T23:31:08.756+0000] {dag.py:3096} INFO - Sync 1 DAGs
[2024-07-10T23:31:08.771+0000] {logging_mixin.py:188} INFO - [2024-07-10T23:31:08.771+0000] {dag.py:3954} INFO - Setting next_dagrun for example_python_decorator to None, run_after=None
[2024-07-10T23:31:08.795+0000] {processor.py:183} INFO - Processing /home/airflow/.local/lib/python3.12/site-packages/airflow/example_dags/example_python_decorator.py took 0.091 seconds
[2024-07-10T23:31:39.112+0000] {processor.py:161} INFO - Started process (PID=1117) to work on /home/airflow/.local/lib/python3.12/site-packages/airflow/example_dags/example_python_decorator.py
[2024-07-10T23:31:39.113+0000] {processor.py:830} INFO - Processing file /home/airflow/.local/lib/python3.12/site-packages/airflow/example_dags/example_python_decorator.py for tasks to queue
[2024-07-10T23:31:39.115+0000] {logging_mixin.py:188} INFO - [2024-07-10T23:31:39.115+0000] {dagbag.py:545} INFO - Filling up the DagBag from /home/airflow/.local/lib/python3.12/site-packages/airflow/example_dags/example_python_decorator.py
[2024-07-10T23:31:39.131+0000] {processor.py:840} INFO - DAG(s) 'example_python_decorator' retrieved from /home/airflow/.local/lib/python3.12/site-packages/airflow/example_dags/example_python_decorator.py
[2024-07-10T23:31:39.159+0000] {logging_mixin.py:188} INFO - [2024-07-10T23:31:39.159+0000] {dag.py:3096} INFO - Sync 1 DAGs
[2024-07-10T23:31:39.174+0000] {logging_mixin.py:188} INFO - [2024-07-10T23:31:39.174+0000] {dag.py:3954} INFO - Setting next_dagrun for example_python_decorator to None, run_after=None
[2024-07-10T23:31:39.198+0000] {processor.py:183} INFO - Processing /home/airflow/.local/lib/python3.12/site-packages/airflow/example_dags/example_python_decorator.py took 0.092 seconds
[2024-07-10T23:32:10.182+0000] {processor.py:161} INFO - Started process (PID=1175) to work on /home/airflow/.local/lib/python3.12/site-packages/airflow/example_dags/example_python_decorator.py
[2024-07-10T23:32:10.183+0000] {processor.py:830} INFO - Processing file /home/airflow/.local/lib/python3.12/site-packages/airflow/example_dags/example_python_decorator.py for tasks to queue
[2024-07-10T23:32:10.185+0000] {logging_mixin.py:188} INFO - [2024-07-10T23:32:10.185+0000] {dagbag.py:545} INFO - Filling up the DagBag from /home/airflow/.local/lib/python3.12/site-packages/airflow/example_dags/example_python_decorator.py
[2024-07-10T23:32:10.201+0000] {processor.py:840} INFO - DAG(s) 'example_python_decorator' retrieved from /home/airflow/.local/lib/python3.12/site-packages/airflow/example_dags/example_python_decorator.py
[2024-07-10T23:32:10.229+0000] {logging_mixin.py:188} INFO - [2024-07-10T23:32:10.228+0000] {dag.py:3096} INFO - Sync 1 DAGs
[2024-07-10T23:32:10.244+0000] {logging_mixin.py:188} INFO - [2024-07-10T23:32:10.244+0000] {dag.py:3954} INFO - Setting next_dagrun for example_python_decorator to None, run_after=None
[2024-07-10T23:32:10.269+0000] {processor.py:183} INFO - Processing /home/airflow/.local/lib/python3.12/site-packages/airflow/example_dags/example_python_decorator.py took 0.094 seconds
[2024-07-10T23:32:40.527+0000] {processor.py:161} INFO - Started process (PID=1233) to work on /home/airflow/.local/lib/python3.12/site-packages/airflow/example_dags/example_python_decorator.py
[2024-07-10T23:32:40.529+0000] {processor.py:830} INFO - Processing file /home/airflow/.local/lib/python3.12/site-packages/airflow/example_dags/example_python_decorator.py for tasks to queue
[2024-07-10T23:32:40.531+0000] {logging_mixin.py:188} INFO - [2024-07-10T23:32:40.531+0000] {dagbag.py:545} INFO - Filling up the DagBag from /home/airflow/.local/lib/python3.12/site-packages/airflow/example_dags/example_python_decorator.py
[2024-07-10T23:32:40.549+0000] {processor.py:840} INFO - DAG(s) 'example_python_decorator' retrieved from /home/airflow/.local/lib/python3.12/site-packages/airflow/example_dags/example_python_decorator.py
[2024-07-10T23:32:40.580+0000] {logging_mixin.py:188} INFO - [2024-07-10T23:32:40.579+0000] {dag.py:3096} INFO - Sync 1 DAGs
[2024-07-10T23:32:40.597+0000] {logging_mixin.py:188} INFO - [2024-07-10T23:32:40.596+0000] {dag.py:3954} INFO - Setting next_dagrun for example_python_decorator to None, run_after=None
[2024-07-10T23:32:40.624+0000] {processor.py:183} INFO - Processing /home/airflow/.local/lib/python3.12/site-packages/airflow/example_dags/example_python_decorator.py took 0.105 seconds
[2024-07-10T23:33:10.887+0000] {processor.py:161} INFO - Started process (PID=1291) to work on /home/airflow/.local/lib/python3.12/site-packages/airflow/example_dags/example_python_decorator.py
[2024-07-10T23:33:10.887+0000] {processor.py:830} INFO - Processing file /home/airflow/.local/lib/python3.12/site-packages/airflow/example_dags/example_python_decorator.py for tasks to queue
[2024-07-10T23:33:10.889+0000] {logging_mixin.py:188} INFO - [2024-07-10T23:33:10.889+0000] {dagbag.py:545} INFO - Filling up the DagBag from /home/airflow/.local/lib/python3.12/site-packages/airflow/example_dags/example_python_decorator.py
[2024-07-10T23:33:10.904+0000] {processor.py:840} INFO - DAG(s) 'example_python_decorator' retrieved from /home/airflow/.local/lib/python3.12/site-packages/airflow/example_dags/example_python_decorator.py
[2024-07-10T23:33:10.930+0000] {logging_mixin.py:188} INFO - [2024-07-10T23:33:10.929+0000] {dag.py:3096} INFO - Sync 1 DAGs
[2024-07-10T23:33:10.944+0000] {logging_mixin.py:188} INFO - [2024-07-10T23:33:10.944+0000] {dag.py:3954} INFO - Setting next_dagrun for example_python_decorator to None, run_after=None
[2024-07-10T23:33:10.967+0000] {processor.py:183} INFO - Processing /home/airflow/.local/lib/python3.12/site-packages/airflow/example_dags/example_python_decorator.py took 0.086 seconds
[2024-07-10T23:33:41.063+0000] {processor.py:161} INFO - Started process (PID=1349) to work on /home/airflow/.local/lib/python3.12/site-packages/airflow/example_dags/example_python_decorator.py
[2024-07-10T23:33:41.065+0000] {processor.py:830} INFO - Processing file /home/airflow/.local/lib/python3.12/site-packages/airflow/example_dags/example_python_decorator.py for tasks to queue
[2024-07-10T23:33:41.067+0000] {logging_mixin.py:188} INFO - [2024-07-10T23:33:41.066+0000] {dagbag.py:545} INFO - Filling up the DagBag from /home/airflow/.local/lib/python3.12/site-packages/airflow/example_dags/example_python_decorator.py
[2024-07-10T23:33:41.082+0000] {processor.py:840} INFO - DAG(s) 'example_python_decorator' retrieved from /home/airflow/.local/lib/python3.12/site-packages/airflow/example_dags/example_python_decorator.py
[2024-07-10T23:33:41.110+0000] {logging_mixin.py:188} INFO - [2024-07-10T23:33:41.109+0000] {dag.py:3096} INFO - Sync 1 DAGs
[2024-07-10T23:33:41.124+0000] {logging_mixin.py:188} INFO - [2024-07-10T23:33:41.124+0000] {dag.py:3954} INFO - Setting next_dagrun for example_python_decorator to None, run_after=None
[2024-07-10T23:33:41.154+0000] {processor.py:183} INFO - Processing /home/airflow/.local/lib/python3.12/site-packages/airflow/example_dags/example_python_decorator.py took 0.097 seconds
[2024-07-10T23:34:11.246+0000] {processor.py:161} INFO - Started process (PID=1407) to work on /home/airflow/.local/lib/python3.12/site-packages/airflow/example_dags/example_python_decorator.py
[2024-07-10T23:34:11.250+0000] {processor.py:830} INFO - Processing file /home/airflow/.local/lib/python3.12/site-packages/airflow/example_dags/example_python_decorator.py for tasks to queue
[2024-07-10T23:34:11.252+0000] {logging_mixin.py:188} INFO - [2024-07-10T23:34:11.251+0000] {dagbag.py:545} INFO - Filling up the DagBag from /home/airflow/.local/lib/python3.12/site-packages/airflow/example_dags/example_python_decorator.py
[2024-07-10T23:34:11.266+0000] {processor.py:840} INFO - DAG(s) 'example_python_decorator' retrieved from /home/airflow/.local/lib/python3.12/site-packages/airflow/example_dags/example_python_decorator.py
[2024-07-10T23:34:11.292+0000] {logging_mixin.py:188} INFO - [2024-07-10T23:34:11.291+0000] {dag.py:3096} INFO - Sync 1 DAGs
[2024-07-10T23:34:11.306+0000] {logging_mixin.py:188} INFO - [2024-07-10T23:34:11.306+0000] {dag.py:3954} INFO - Setting next_dagrun for example_python_decorator to None, run_after=None
[2024-07-10T23:34:11.329+0000] {processor.py:183} INFO - Processing /home/airflow/.local/lib/python3.12/site-packages/airflow/example_dags/example_python_decorator.py took 0.089 seconds
[2024-07-10T23:34:41.764+0000] {processor.py:161} INFO - Started process (PID=1465) to work on /home/airflow/.local/lib/python3.12/site-packages/airflow/example_dags/example_python_decorator.py
[2024-07-10T23:34:41.765+0000] {processor.py:830} INFO - Processing file /home/airflow/.local/lib/python3.12/site-packages/airflow/example_dags/example_python_decorator.py for tasks to queue
[2024-07-10T23:34:41.767+0000] {logging_mixin.py:188} INFO - [2024-07-10T23:34:41.767+0000] {dagbag.py:545} INFO - Filling up the DagBag from /home/airflow/.local/lib/python3.12/site-packages/airflow/example_dags/example_python_decorator.py
[2024-07-10T23:34:41.782+0000] {processor.py:840} INFO - DAG(s) 'example_python_decorator' retrieved from /home/airflow/.local/lib/python3.12/site-packages/airflow/example_dags/example_python_decorator.py
[2024-07-10T23:34:41.809+0000] {logging_mixin.py:188} INFO - [2024-07-10T23:34:41.809+0000] {dag.py:3096} INFO - Sync 1 DAGs
[2024-07-10T23:34:41.824+0000] {logging_mixin.py:188} INFO - [2024-07-10T23:34:41.824+0000] {dag.py:3954} INFO - Setting next_dagrun for example_python_decorator to None, run_after=None
[2024-07-10T23:34:41.847+0000] {processor.py:183} INFO - Processing /home/airflow/.local/lib/python3.12/site-packages/airflow/example_dags/example_python_decorator.py took 0.089 seconds
[2024-07-10T23:35:12.152+0000] {processor.py:161} INFO - Started process (PID=1522) to work on /home/airflow/.local/lib/python3.12/site-packages/airflow/example_dags/example_python_decorator.py
[2024-07-10T23:35:12.154+0000] {processor.py:830} INFO - Processing file /home/airflow/.local/lib/python3.12/site-packages/airflow/example_dags/example_python_decorator.py for tasks to queue
[2024-07-10T23:35:12.155+0000] {logging_mixin.py:188} INFO - [2024-07-10T23:35:12.155+0000] {dagbag.py:545} INFO - Filling up the DagBag from /home/airflow/.local/lib/python3.12/site-packages/airflow/example_dags/example_python_decorator.py
[2024-07-10T23:35:12.170+0000] {processor.py:840} INFO - DAG(s) 'example_python_decorator' retrieved from /home/airflow/.local/lib/python3.12/site-packages/airflow/example_dags/example_python_decorator.py
[2024-07-10T23:35:12.195+0000] {logging_mixin.py:188} INFO - [2024-07-10T23:35:12.195+0000] {dag.py:3096} INFO - Sync 1 DAGs
[2024-07-10T23:35:12.210+0000] {logging_mixin.py:188} INFO - [2024-07-10T23:35:12.209+0000] {dag.py:3954} INFO - Setting next_dagrun for example_python_decorator to None, run_after=None
[2024-07-10T23:35:12.233+0000] {processor.py:183} INFO - Processing /home/airflow/.local/lib/python3.12/site-packages/airflow/example_dags/example_python_decorator.py took 0.087 seconds
[2024-07-10T23:35:42.671+0000] {processor.py:161} INFO - Started process (PID=1580) to work on /home/airflow/.local/lib/python3.12/site-packages/airflow/example_dags/example_python_decorator.py
[2024-07-10T23:35:42.673+0000] {processor.py:830} INFO - Processing file /home/airflow/.local/lib/python3.12/site-packages/airflow/example_dags/example_python_decorator.py for tasks to queue
[2024-07-10T23:35:42.674+0000] {logging_mixin.py:188} INFO - [2024-07-10T23:35:42.674+0000] {dagbag.py:545} INFO - Filling up the DagBag from /home/airflow/.local/lib/python3.12/site-packages/airflow/example_dags/example_python_decorator.py
[2024-07-10T23:35:42.689+0000] {processor.py:840} INFO - DAG(s) 'example_python_decorator' retrieved from /home/airflow/.local/lib/python3.12/site-packages/airflow/example_dags/example_python_decorator.py
[2024-07-10T23:35:42.716+0000] {logging_mixin.py:188} INFO - [2024-07-10T23:35:42.716+0000] {dag.py:3096} INFO - Sync 1 DAGs
[2024-07-10T23:35:42.731+0000] {logging_mixin.py:188} INFO - [2024-07-10T23:35:42.731+0000] {dag.py:3954} INFO - Setting next_dagrun for example_python_decorator to None, run_after=None
[2024-07-10T23:35:42.755+0000] {processor.py:183} INFO - Processing /home/airflow/.local/lib/python3.12/site-packages/airflow/example_dags/example_python_decorator.py took 0.090 seconds
[2024-07-10T23:36:13.577+0000] {processor.py:161} INFO - Started process (PID=1638) to work on /home/airflow/.local/lib/python3.12/site-packages/airflow/example_dags/example_python_decorator.py
[2024-07-10T23:36:13.578+0000] {processor.py:830} INFO - Processing file /home/airflow/.local/lib/python3.12/site-packages/airflow/example_dags/example_python_decorator.py for tasks to queue
[2024-07-10T23:36:13.579+0000] {logging_mixin.py:188} INFO - [2024-07-10T23:36:13.579+0000] {dagbag.py:545} INFO - Filling up the DagBag from /home/airflow/.local/lib/python3.12/site-packages/airflow/example_dags/example_python_decorator.py
[2024-07-10T23:36:13.594+0000] {processor.py:840} INFO - DAG(s) 'example_python_decorator' retrieved from /home/airflow/.local/lib/python3.12/site-packages/airflow/example_dags/example_python_decorator.py
[2024-07-10T23:36:13.620+0000] {logging_mixin.py:188} INFO - [2024-07-10T23:36:13.620+0000] {dag.py:3096} INFO - Sync 1 DAGs
[2024-07-10T23:36:13.635+0000] {logging_mixin.py:188} INFO - [2024-07-10T23:36:13.635+0000] {dag.py:3954} INFO - Setting next_dagrun for example_python_decorator to None, run_after=None
[2024-07-10T23:36:13.657+0000] {processor.py:183} INFO - Processing /home/airflow/.local/lib/python3.12/site-packages/airflow/example_dags/example_python_decorator.py took 0.086 seconds
[2024-07-10T23:36:44.197+0000] {processor.py:161} INFO - Started process (PID=1697) to work on /home/airflow/.local/lib/python3.12/site-packages/airflow/example_dags/example_python_decorator.py
[2024-07-10T23:36:44.198+0000] {processor.py:830} INFO - Processing file /home/airflow/.local/lib/python3.12/site-packages/airflow/example_dags/example_python_decorator.py for tasks to queue
[2024-07-10T23:36:44.200+0000] {logging_mixin.py:188} INFO - [2024-07-10T23:36:44.200+0000] {dagbag.py:545} INFO - Filling up the DagBag from /home/airflow/.local/lib/python3.12/site-packages/airflow/example_dags/example_python_decorator.py
[2024-07-10T23:36:44.215+0000] {processor.py:840} INFO - DAG(s) 'example_python_decorator' retrieved from /home/airflow/.local/lib/python3.12/site-packages/airflow/example_dags/example_python_decorator.py
[2024-07-10T23:36:44.242+0000] {logging_mixin.py:188} INFO - [2024-07-10T23:36:44.242+0000] {dag.py:3096} INFO - Sync 1 DAGs
[2024-07-10T23:36:44.256+0000] {logging_mixin.py:188} INFO - [2024-07-10T23:36:44.256+0000] {dag.py:3954} INFO - Setting next_dagrun for example_python_decorator to None, run_after=None
[2024-07-10T23:36:44.280+0000] {processor.py:183} INFO - Processing /home/airflow/.local/lib/python3.12/site-packages/airflow/example_dags/example_python_decorator.py took 0.090 seconds
[2024-07-10T23:37:14.963+0000] {processor.py:161} INFO - Started process (PID=1755) to work on /home/airflow/.local/lib/python3.12/site-packages/airflow/example_dags/example_python_decorator.py
[2024-07-10T23:37:14.964+0000] {processor.py:830} INFO - Processing file /home/airflow/.local/lib/python3.12/site-packages/airflow/example_dags/example_python_decorator.py for tasks to queue
[2024-07-10T23:37:14.966+0000] {logging_mixin.py:188} INFO - [2024-07-10T23:37:14.966+0000] {dagbag.py:545} INFO - Filling up the DagBag from /home/airflow/.local/lib/python3.12/site-packages/airflow/example_dags/example_python_decorator.py
[2024-07-10T23:37:14.981+0000] {processor.py:840} INFO - DAG(s) 'example_python_decorator' retrieved from /home/airflow/.local/lib/python3.12/site-packages/airflow/example_dags/example_python_decorator.py
[2024-07-10T23:37:15.007+0000] {logging_mixin.py:188} INFO - [2024-07-10T23:37:15.006+0000] {dag.py:3096} INFO - Sync 1 DAGs
[2024-07-10T23:37:15.022+0000] {logging_mixin.py:188} INFO - [2024-07-10T23:37:15.022+0000] {dag.py:3954} INFO - Setting next_dagrun for example_python_decorator to None, run_after=None
[2024-07-10T23:37:15.055+0000] {processor.py:183} INFO - Processing /home/airflow/.local/lib/python3.12/site-packages/airflow/example_dags/example_python_decorator.py took 0.099 seconds
[2024-07-10T23:37:45.258+0000] {processor.py:161} INFO - Started process (PID=1812) to work on /home/airflow/.local/lib/python3.12/site-packages/airflow/example_dags/example_python_decorator.py
[2024-07-10T23:37:45.259+0000] {processor.py:830} INFO - Processing file /home/airflow/.local/lib/python3.12/site-packages/airflow/example_dags/example_python_decorator.py for tasks to queue
[2024-07-10T23:37:45.261+0000] {logging_mixin.py:188} INFO - [2024-07-10T23:37:45.260+0000] {dagbag.py:545} INFO - Filling up the DagBag from /home/airflow/.local/lib/python3.12/site-packages/airflow/example_dags/example_python_decorator.py
[2024-07-10T23:37:45.276+0000] {processor.py:840} INFO - DAG(s) 'example_python_decorator' retrieved from /home/airflow/.local/lib/python3.12/site-packages/airflow/example_dags/example_python_decorator.py
[2024-07-10T23:37:45.305+0000] {logging_mixin.py:188} INFO - [2024-07-10T23:37:45.305+0000] {dag.py:3096} INFO - Sync 1 DAGs
[2024-07-10T23:37:45.322+0000] {logging_mixin.py:188} INFO - [2024-07-10T23:37:45.321+0000] {dag.py:3954} INFO - Setting next_dagrun for example_python_decorator to None, run_after=None
[2024-07-10T23:37:45.347+0000] {processor.py:183} INFO - Processing /home/airflow/.local/lib/python3.12/site-packages/airflow/example_dags/example_python_decorator.py took 0.096 seconds
[2024-07-10T23:38:15.973+0000] {processor.py:161} INFO - Started process (PID=1870) to work on /home/airflow/.local/lib/python3.12/site-packages/airflow/example_dags/example_python_decorator.py
[2024-07-10T23:38:15.974+0000] {processor.py:830} INFO - Processing file /home/airflow/.local/lib/python3.12/site-packages/airflow/example_dags/example_python_decorator.py for tasks to queue
[2024-07-10T23:38:15.976+0000] {logging_mixin.py:188} INFO - [2024-07-10T23:38:15.976+0000] {dagbag.py:545} INFO - Filling up the DagBag from /home/airflow/.local/lib/python3.12/site-packages/airflow/example_dags/example_python_decorator.py
[2024-07-10T23:38:15.991+0000] {processor.py:840} INFO - DAG(s) 'example_python_decorator' retrieved from /home/airflow/.local/lib/python3.12/site-packages/airflow/example_dags/example_python_decorator.py
[2024-07-10T23:38:16.018+0000] {logging_mixin.py:188} INFO - [2024-07-10T23:38:16.018+0000] {dag.py:3096} INFO - Sync 1 DAGs
[2024-07-10T23:38:16.033+0000] {logging_mixin.py:188} INFO - [2024-07-10T23:38:16.033+0000] {dag.py:3954} INFO - Setting next_dagrun for example_python_decorator to None, run_after=None
[2024-07-10T23:38:16.059+0000] {processor.py:183} INFO - Processing /home/airflow/.local/lib/python3.12/site-packages/airflow/example_dags/example_python_decorator.py took 0.092 seconds
[2024-07-10T23:38:47.606+0000] {processor.py:161} INFO - Started process (PID=1929) to work on /home/airflow/.local/lib/python3.12/site-packages/airflow/example_dags/example_python_decorator.py
[2024-07-10T23:38:47.608+0000] {processor.py:830} INFO - Processing file /home/airflow/.local/lib/python3.12/site-packages/airflow/example_dags/example_python_decorator.py for tasks to queue
[2024-07-10T23:38:47.610+0000] {logging_mixin.py:188} INFO - [2024-07-10T23:38:47.609+0000] {dagbag.py:545} INFO - Filling up the DagBag from /home/airflow/.local/lib/python3.12/site-packages/airflow/example_dags/example_python_decorator.py
[2024-07-10T23:38:47.626+0000] {processor.py:840} INFO - DAG(s) 'example_python_decorator' retrieved from /home/airflow/.local/lib/python3.12/site-packages/airflow/example_dags/example_python_decorator.py
[2024-07-10T23:38:47.652+0000] {logging_mixin.py:188} INFO - [2024-07-10T23:38:47.652+0000] {dag.py:3096} INFO - Sync 1 DAGs
[2024-07-10T23:38:47.667+0000] {logging_mixin.py:188} INFO - [2024-07-10T23:38:47.666+0000] {dag.py:3954} INFO - Setting next_dagrun for example_python_decorator to None, run_after=None
[2024-07-10T23:38:47.695+0000] {processor.py:183} INFO - Processing /home/airflow/.local/lib/python3.12/site-packages/airflow/example_dags/example_python_decorator.py took 0.096 seconds
[2024-07-10T23:39:17.938+0000] {processor.py:161} INFO - Started process (PID=1987) to work on /home/airflow/.local/lib/python3.12/site-packages/airflow/example_dags/example_python_decorator.py
[2024-07-10T23:39:17.939+0000] {processor.py:830} INFO - Processing file /home/airflow/.local/lib/python3.12/site-packages/airflow/example_dags/example_python_decorator.py for tasks to queue
[2024-07-10T23:39:17.940+0000] {logging_mixin.py:188} INFO - [2024-07-10T23:39:17.940+0000] {dagbag.py:545} INFO - Filling up the DagBag from /home/airflow/.local/lib/python3.12/site-packages/airflow/example_dags/example_python_decorator.py
[2024-07-10T23:39:17.954+0000] {processor.py:840} INFO - DAG(s) 'example_python_decorator' retrieved from /home/airflow/.local/lib/python3.12/site-packages/airflow/example_dags/example_python_decorator.py
[2024-07-10T23:39:17.981+0000] {logging_mixin.py:188} INFO - [2024-07-10T23:39:17.981+0000] {dag.py:3096} INFO - Sync 1 DAGs
[2024-07-10T23:39:17.996+0000] {logging_mixin.py:188} INFO - [2024-07-10T23:39:17.995+0000] {dag.py:3954} INFO - Setting next_dagrun for example_python_decorator to None, run_after=None
[2024-07-10T23:39:18.022+0000] {processor.py:183} INFO - Processing /home/airflow/.local/lib/python3.12/site-packages/airflow/example_dags/example_python_decorator.py took 0.092 seconds
[2024-07-10T23:39:48.171+0000] {processor.py:161} INFO - Started process (PID=2046) to work on /home/airflow/.local/lib/python3.12/site-packages/airflow/example_dags/example_python_decorator.py
[2024-07-10T23:39:48.172+0000] {processor.py:830} INFO - Processing file /home/airflow/.local/lib/python3.12/site-packages/airflow/example_dags/example_python_decorator.py for tasks to queue
[2024-07-10T23:39:48.174+0000] {logging_mixin.py:188} INFO - [2024-07-10T23:39:48.174+0000] {dagbag.py:545} INFO - Filling up the DagBag from /home/airflow/.local/lib/python3.12/site-packages/airflow/example_dags/example_python_decorator.py
[2024-07-10T23:39:48.189+0000] {processor.py:840} INFO - DAG(s) 'example_python_decorator' retrieved from /home/airflow/.local/lib/python3.12/site-packages/airflow/example_dags/example_python_decorator.py
[2024-07-10T23:39:48.217+0000] {logging_mixin.py:188} INFO - [2024-07-10T23:39:48.217+0000] {dag.py:3096} INFO - Sync 1 DAGs
[2024-07-10T23:39:48.232+0000] {logging_mixin.py:188} INFO - [2024-07-10T23:39:48.232+0000] {dag.py:3954} INFO - Setting next_dagrun for example_python_decorator to None, run_after=None
[2024-07-10T23:39:48.258+0000] {processor.py:183} INFO - Processing /home/airflow/.local/lib/python3.12/site-packages/airflow/example_dags/example_python_decorator.py took 0.093 seconds
[2024-07-10T23:40:18.455+0000] {processor.py:161} INFO - Started process (PID=2104) to work on /home/airflow/.local/lib/python3.12/site-packages/airflow/example_dags/example_python_decorator.py
[2024-07-10T23:40:18.456+0000] {processor.py:830} INFO - Processing file /home/airflow/.local/lib/python3.12/site-packages/airflow/example_dags/example_python_decorator.py for tasks to queue
[2024-07-10T23:40:18.458+0000] {logging_mixin.py:188} INFO - [2024-07-10T23:40:18.458+0000] {dagbag.py:545} INFO - Filling up the DagBag from /home/airflow/.local/lib/python3.12/site-packages/airflow/example_dags/example_python_decorator.py
[2024-07-10T23:40:18.474+0000] {processor.py:840} INFO - DAG(s) 'example_python_decorator' retrieved from /home/airflow/.local/lib/python3.12/site-packages/airflow/example_dags/example_python_decorator.py
[2024-07-10T23:40:18.501+0000] {logging_mixin.py:188} INFO - [2024-07-10T23:40:18.501+0000] {dag.py:3096} INFO - Sync 1 DAGs
[2024-07-10T23:40:18.516+0000] {logging_mixin.py:188} INFO - [2024-07-10T23:40:18.515+0000] {dag.py:3954} INFO - Setting next_dagrun for example_python_decorator to None, run_after=None
[2024-07-10T23:40:18.539+0000] {processor.py:183} INFO - Processing /home/airflow/.local/lib/python3.12/site-packages/airflow/example_dags/example_python_decorator.py took 0.091 seconds
[2024-07-10T23:40:48.945+0000] {processor.py:161} INFO - Started process (PID=2162) to work on /home/airflow/.local/lib/python3.12/site-packages/airflow/example_dags/example_python_decorator.py
[2024-07-10T23:40:48.950+0000] {processor.py:830} INFO - Processing file /home/airflow/.local/lib/python3.12/site-packages/airflow/example_dags/example_python_decorator.py for tasks to queue
[2024-07-10T23:40:48.952+0000] {logging_mixin.py:188} INFO - [2024-07-10T23:40:48.952+0000] {dagbag.py:545} INFO - Filling up the DagBag from /home/airflow/.local/lib/python3.12/site-packages/airflow/example_dags/example_python_decorator.py
[2024-07-10T23:40:48.970+0000] {processor.py:840} INFO - DAG(s) 'example_python_decorator' retrieved from /home/airflow/.local/lib/python3.12/site-packages/airflow/example_dags/example_python_decorator.py
[2024-07-10T23:40:48.998+0000] {logging_mixin.py:188} INFO - [2024-07-10T23:40:48.997+0000] {dag.py:3096} INFO - Sync 1 DAGs
[2024-07-10T23:40:49.013+0000] {logging_mixin.py:188} INFO - [2024-07-10T23:40:49.012+0000] {dag.py:3954} INFO - Setting next_dagrun for example_python_decorator to None, run_after=None
[2024-07-10T23:40:49.036+0000] {processor.py:183} INFO - Processing /home/airflow/.local/lib/python3.12/site-packages/airflow/example_dags/example_python_decorator.py took 0.098 seconds
[2024-07-10T23:41:19.127+0000] {processor.py:161} INFO - Started process (PID=2221) to work on /home/airflow/.local/lib/python3.12/site-packages/airflow/example_dags/example_python_decorator.py
[2024-07-10T23:41:19.128+0000] {processor.py:830} INFO - Processing file /home/airflow/.local/lib/python3.12/site-packages/airflow/example_dags/example_python_decorator.py for tasks to queue
[2024-07-10T23:41:19.130+0000] {logging_mixin.py:188} INFO - [2024-07-10T23:41:19.129+0000] {dagbag.py:545} INFO - Filling up the DagBag from /home/airflow/.local/lib/python3.12/site-packages/airflow/example_dags/example_python_decorator.py
[2024-07-10T23:41:19.145+0000] {processor.py:840} INFO - DAG(s) 'example_python_decorator' retrieved from /home/airflow/.local/lib/python3.12/site-packages/airflow/example_dags/example_python_decorator.py
[2024-07-10T23:41:19.172+0000] {logging_mixin.py:188} INFO - [2024-07-10T23:41:19.172+0000] {dag.py:3096} INFO - Sync 1 DAGs
[2024-07-10T23:41:19.185+0000] {logging_mixin.py:188} INFO - [2024-07-10T23:41:19.185+0000] {dag.py:3954} INFO - Setting next_dagrun for example_python_decorator to None, run_after=None
[2024-07-10T23:41:19.211+0000] {processor.py:183} INFO - Processing /home/airflow/.local/lib/python3.12/site-packages/airflow/example_dags/example_python_decorator.py took 0.090 seconds
[2024-07-10T23:41:49.509+0000] {processor.py:161} INFO - Started process (PID=2280) to work on /home/airflow/.local/lib/python3.12/site-packages/airflow/example_dags/example_python_decorator.py
[2024-07-10T23:41:49.510+0000] {processor.py:830} INFO - Processing file /home/airflow/.local/lib/python3.12/site-packages/airflow/example_dags/example_python_decorator.py for tasks to queue
[2024-07-10T23:41:49.512+0000] {logging_mixin.py:188} INFO - [2024-07-10T23:41:49.512+0000] {dagbag.py:545} INFO - Filling up the DagBag from /home/airflow/.local/lib/python3.12/site-packages/airflow/example_dags/example_python_decorator.py
[2024-07-10T23:41:49.528+0000] {processor.py:840} INFO - DAG(s) 'example_python_decorator' retrieved from /home/airflow/.local/lib/python3.12/site-packages/airflow/example_dags/example_python_decorator.py
[2024-07-10T23:41:49.555+0000] {logging_mixin.py:188} INFO - [2024-07-10T23:41:49.555+0000] {dag.py:3096} INFO - Sync 1 DAGs
[2024-07-10T23:41:49.570+0000] {logging_mixin.py:188} INFO - [2024-07-10T23:41:49.569+0000] {dag.py:3954} INFO - Setting next_dagrun for example_python_decorator to None, run_after=None
[2024-07-10T23:41:49.593+0000] {processor.py:183} INFO - Processing /home/airflow/.local/lib/python3.12/site-packages/airflow/example_dags/example_python_decorator.py took 0.091 seconds
[2024-07-10T23:42:20.665+0000] {processor.py:161} INFO - Started process (PID=2338) to work on /home/airflow/.local/lib/python3.12/site-packages/airflow/example_dags/example_python_decorator.py
[2024-07-10T23:42:20.667+0000] {processor.py:830} INFO - Processing file /home/airflow/.local/lib/python3.12/site-packages/airflow/example_dags/example_python_decorator.py for tasks to queue
[2024-07-10T23:42:20.669+0000] {logging_mixin.py:188} INFO - [2024-07-10T23:42:20.668+0000] {dagbag.py:545} INFO - Filling up the DagBag from /home/airflow/.local/lib/python3.12/site-packages/airflow/example_dags/example_python_decorator.py
[2024-07-10T23:42:20.684+0000] {processor.py:840} INFO - DAG(s) 'example_python_decorator' retrieved from /home/airflow/.local/lib/python3.12/site-packages/airflow/example_dags/example_python_decorator.py
[2024-07-10T23:42:20.713+0000] {logging_mixin.py:188} INFO - [2024-07-10T23:42:20.712+0000] {dag.py:3096} INFO - Sync 1 DAGs
[2024-07-10T23:42:20.728+0000] {logging_mixin.py:188} INFO - [2024-07-10T23:42:20.727+0000] {dag.py:3954} INFO - Setting next_dagrun for example_python_decorator to None, run_after=None
[2024-07-10T23:42:20.757+0000] {processor.py:183} INFO - Processing /home/airflow/.local/lib/python3.12/site-packages/airflow/example_dags/example_python_decorator.py took 0.099 seconds
[2024-07-10T23:42:51.120+0000] {processor.py:161} INFO - Started process (PID=2396) to work on /home/airflow/.local/lib/python3.12/site-packages/airflow/example_dags/example_python_decorator.py
[2024-07-10T23:42:51.120+0000] {processor.py:830} INFO - Processing file /home/airflow/.local/lib/python3.12/site-packages/airflow/example_dags/example_python_decorator.py for tasks to queue
[2024-07-10T23:42:51.122+0000] {logging_mixin.py:188} INFO - [2024-07-10T23:42:51.122+0000] {dagbag.py:545} INFO - Filling up the DagBag from /home/airflow/.local/lib/python3.12/site-packages/airflow/example_dags/example_python_decorator.py
[2024-07-10T23:42:51.137+0000] {processor.py:840} INFO - DAG(s) 'example_python_decorator' retrieved from /home/airflow/.local/lib/python3.12/site-packages/airflow/example_dags/example_python_decorator.py
[2024-07-10T23:42:51.164+0000] {logging_mixin.py:188} INFO - [2024-07-10T23:42:51.164+0000] {dag.py:3096} INFO - Sync 1 DAGs
[2024-07-10T23:42:51.178+0000] {logging_mixin.py:188} INFO - [2024-07-10T23:42:51.178+0000] {dag.py:3954} INFO - Setting next_dagrun for example_python_decorator to None, run_after=None
[2024-07-10T23:42:51.208+0000] {processor.py:183} INFO - Processing /home/airflow/.local/lib/python3.12/site-packages/airflow/example_dags/example_python_decorator.py took 0.095 seconds
[2024-07-10T23:43:21.296+0000] {processor.py:161} INFO - Started process (PID=2454) to work on /home/airflow/.local/lib/python3.12/site-packages/airflow/example_dags/example_python_decorator.py
[2024-07-10T23:43:21.299+0000] {processor.py:830} INFO - Processing file /home/airflow/.local/lib/python3.12/site-packages/airflow/example_dags/example_python_decorator.py for tasks to queue
[2024-07-10T23:43:21.301+0000] {logging_mixin.py:188} INFO - [2024-07-10T23:43:21.300+0000] {dagbag.py:545} INFO - Filling up the DagBag from /home/airflow/.local/lib/python3.12/site-packages/airflow/example_dags/example_python_decorator.py
[2024-07-10T23:43:21.315+0000] {processor.py:840} INFO - DAG(s) 'example_python_decorator' retrieved from /home/airflow/.local/lib/python3.12/site-packages/airflow/example_dags/example_python_decorator.py
[2024-07-10T23:43:21.338+0000] {logging_mixin.py:188} INFO - [2024-07-10T23:43:21.338+0000] {dag.py:3096} INFO - Sync 1 DAGs
[2024-07-10T23:43:21.353+0000] {logging_mixin.py:188} INFO - [2024-07-10T23:43:21.352+0000] {dag.py:3954} INFO - Setting next_dagrun for example_python_decorator to None, run_after=None
[2024-07-10T23:43:21.374+0000] {processor.py:183} INFO - Processing /home/airflow/.local/lib/python3.12/site-packages/airflow/example_dags/example_python_decorator.py took 0.084 seconds
[2024-07-10T23:43:51.436+0000] {processor.py:161} INFO - Started process (PID=2512) to work on /home/airflow/.local/lib/python3.12/site-packages/airflow/example_dags/example_python_decorator.py
[2024-07-10T23:43:51.437+0000] {processor.py:830} INFO - Processing file /home/airflow/.local/lib/python3.12/site-packages/airflow/example_dags/example_python_decorator.py for tasks to queue
[2024-07-10T23:43:51.439+0000] {logging_mixin.py:188} INFO - [2024-07-10T23:43:51.439+0000] {dagbag.py:545} INFO - Filling up the DagBag from /home/airflow/.local/lib/python3.12/site-packages/airflow/example_dags/example_python_decorator.py
[2024-07-10T23:43:51.456+0000] {processor.py:840} INFO - DAG(s) 'example_python_decorator' retrieved from /home/airflow/.local/lib/python3.12/site-packages/airflow/example_dags/example_python_decorator.py
[2024-07-10T23:43:51.483+0000] {logging_mixin.py:188} INFO - [2024-07-10T23:43:51.483+0000] {dag.py:3096} INFO - Sync 1 DAGs
[2024-07-10T23:43:51.498+0000] {logging_mixin.py:188} INFO - [2024-07-10T23:43:51.498+0000] {dag.py:3954} INFO - Setting next_dagrun for example_python_decorator to None, run_after=None
[2024-07-10T23:43:51.523+0000] {processor.py:183} INFO - Processing /home/airflow/.local/lib/python3.12/site-packages/airflow/example_dags/example_python_decorator.py took 0.094 seconds
[2024-07-10T23:44:22.065+0000] {processor.py:161} INFO - Started process (PID=2571) to work on /home/airflow/.local/lib/python3.12/site-packages/airflow/example_dags/example_python_decorator.py
[2024-07-10T23:44:22.066+0000] {processor.py:830} INFO - Processing file /home/airflow/.local/lib/python3.12/site-packages/airflow/example_dags/example_python_decorator.py for tasks to queue
[2024-07-10T23:44:22.068+0000] {logging_mixin.py:188} INFO - [2024-07-10T23:44:22.068+0000] {dagbag.py:545} INFO - Filling up the DagBag from /home/airflow/.local/lib/python3.12/site-packages/airflow/example_dags/example_python_decorator.py
[2024-07-10T23:44:22.085+0000] {processor.py:840} INFO - DAG(s) 'example_python_decorator' retrieved from /home/airflow/.local/lib/python3.12/site-packages/airflow/example_dags/example_python_decorator.py
[2024-07-10T23:44:22.112+0000] {logging_mixin.py:188} INFO - [2024-07-10T23:44:22.112+0000] {dag.py:3096} INFO - Sync 1 DAGs
[2024-07-10T23:44:22.128+0000] {logging_mixin.py:188} INFO - [2024-07-10T23:44:22.128+0000] {dag.py:3954} INFO - Setting next_dagrun for example_python_decorator to None, run_after=None
[2024-07-10T23:44:22.160+0000] {processor.py:183} INFO - Processing /home/airflow/.local/lib/python3.12/site-packages/airflow/example_dags/example_python_decorator.py took 0.103 seconds
[2024-07-10T23:44:52.831+0000] {processor.py:161} INFO - Started process (PID=2629) to work on /home/airflow/.local/lib/python3.12/site-packages/airflow/example_dags/example_python_decorator.py
[2024-07-10T23:44:52.834+0000] {processor.py:830} INFO - Processing file /home/airflow/.local/lib/python3.12/site-packages/airflow/example_dags/example_python_decorator.py for tasks to queue
[2024-07-10T23:44:52.837+0000] {logging_mixin.py:188} INFO - [2024-07-10T23:44:52.837+0000] {dagbag.py:545} INFO - Filling up the DagBag from /home/airflow/.local/lib/python3.12/site-packages/airflow/example_dags/example_python_decorator.py
[2024-07-10T23:44:52.856+0000] {processor.py:840} INFO - DAG(s) 'example_python_decorator' retrieved from /home/airflow/.local/lib/python3.12/site-packages/airflow/example_dags/example_python_decorator.py
[2024-07-10T23:44:52.886+0000] {logging_mixin.py:188} INFO - [2024-07-10T23:44:52.886+0000] {dag.py:3096} INFO - Sync 1 DAGs
[2024-07-10T23:44:52.903+0000] {logging_mixin.py:188} INFO - [2024-07-10T23:44:52.902+0000] {dag.py:3954} INFO - Setting next_dagrun for example_python_decorator to None, run_after=None
[2024-07-10T23:44:52.934+0000] {processor.py:183} INFO - Processing /home/airflow/.local/lib/python3.12/site-packages/airflow/example_dags/example_python_decorator.py took 0.111 seconds
[2024-07-10T23:45:23.545+0000] {processor.py:161} INFO - Started process (PID=2687) to work on /home/airflow/.local/lib/python3.12/site-packages/airflow/example_dags/example_python_decorator.py
[2024-07-10T23:45:23.549+0000] {processor.py:830} INFO - Processing file /home/airflow/.local/lib/python3.12/site-packages/airflow/example_dags/example_python_decorator.py for tasks to queue
[2024-07-10T23:45:23.551+0000] {logging_mixin.py:188} INFO - [2024-07-10T23:45:23.551+0000] {dagbag.py:545} INFO - Filling up the DagBag from /home/airflow/.local/lib/python3.12/site-packages/airflow/example_dags/example_python_decorator.py
[2024-07-10T23:45:23.569+0000] {processor.py:840} INFO - DAG(s) 'example_python_decorator' retrieved from /home/airflow/.local/lib/python3.12/site-packages/airflow/example_dags/example_python_decorator.py
[2024-07-10T23:45:23.599+0000] {logging_mixin.py:188} INFO - [2024-07-10T23:45:23.598+0000] {dag.py:3096} INFO - Sync 1 DAGs
[2024-07-10T23:45:23.616+0000] {logging_mixin.py:188} INFO - [2024-07-10T23:45:23.615+0000] {dag.py:3954} INFO - Setting next_dagrun for example_python_decorator to None, run_after=None
[2024-07-10T23:45:23.647+0000] {processor.py:183} INFO - Processing /home/airflow/.local/lib/python3.12/site-packages/airflow/example_dags/example_python_decorator.py took 0.111 seconds
[2024-07-10T23:45:54.187+0000] {processor.py:161} INFO - Started process (PID=2745) to work on /home/airflow/.local/lib/python3.12/site-packages/airflow/example_dags/example_python_decorator.py
[2024-07-10T23:45:54.188+0000] {processor.py:830} INFO - Processing file /home/airflow/.local/lib/python3.12/site-packages/airflow/example_dags/example_python_decorator.py for tasks to queue
[2024-07-10T23:45:54.190+0000] {logging_mixin.py:188} INFO - [2024-07-10T23:45:54.189+0000] {dagbag.py:545} INFO - Filling up the DagBag from /home/airflow/.local/lib/python3.12/site-packages/airflow/example_dags/example_python_decorator.py
[2024-07-10T23:45:54.209+0000] {processor.py:840} INFO - DAG(s) 'example_python_decorator' retrieved from /home/airflow/.local/lib/python3.12/site-packages/airflow/example_dags/example_python_decorator.py
[2024-07-10T23:45:54.240+0000] {logging_mixin.py:188} INFO - [2024-07-10T23:45:54.240+0000] {dag.py:3096} INFO - Sync 1 DAGs
[2024-07-10T23:45:54.259+0000] {logging_mixin.py:188} INFO - [2024-07-10T23:45:54.257+0000] {dag.py:3954} INFO - Setting next_dagrun for example_python_decorator to None, run_after=None
[2024-07-10T23:45:54.286+0000] {processor.py:183} INFO - Processing /home/airflow/.local/lib/python3.12/site-packages/airflow/example_dags/example_python_decorator.py took 0.106 seconds
[2024-07-10T23:46:24.700+0000] {processor.py:161} INFO - Started process (PID=2803) to work on /home/airflow/.local/lib/python3.12/site-packages/airflow/example_dags/example_python_decorator.py
[2024-07-10T23:46:24.702+0000] {processor.py:830} INFO - Processing file /home/airflow/.local/lib/python3.12/site-packages/airflow/example_dags/example_python_decorator.py for tasks to queue
[2024-07-10T23:46:24.704+0000] {logging_mixin.py:188} INFO - [2024-07-10T23:46:24.703+0000] {dagbag.py:545} INFO - Filling up the DagBag from /home/airflow/.local/lib/python3.12/site-packages/airflow/example_dags/example_python_decorator.py
[2024-07-10T23:46:24.720+0000] {processor.py:840} INFO - DAG(s) 'example_python_decorator' retrieved from /home/airflow/.local/lib/python3.12/site-packages/airflow/example_dags/example_python_decorator.py
[2024-07-10T23:46:24.751+0000] {logging_mixin.py:188} INFO - [2024-07-10T23:46:24.751+0000] {dag.py:3096} INFO - Sync 1 DAGs
[2024-07-10T23:46:24.774+0000] {logging_mixin.py:188} INFO - [2024-07-10T23:46:24.774+0000] {dag.py:3954} INFO - Setting next_dagrun for example_python_decorator to None, run_after=None
[2024-07-10T23:46:24.803+0000] {processor.py:183} INFO - Processing /home/airflow/.local/lib/python3.12/site-packages/airflow/example_dags/example_python_decorator.py took 0.110 seconds
[2024-07-10T23:46:55.107+0000] {processor.py:161} INFO - Started process (PID=2861) to work on /home/airflow/.local/lib/python3.12/site-packages/airflow/example_dags/example_python_decorator.py
[2024-07-10T23:46:55.108+0000] {processor.py:830} INFO - Processing file /home/airflow/.local/lib/python3.12/site-packages/airflow/example_dags/example_python_decorator.py for tasks to queue
[2024-07-10T23:46:55.109+0000] {logging_mixin.py:188} INFO - [2024-07-10T23:46:55.109+0000] {dagbag.py:545} INFO - Filling up the DagBag from /home/airflow/.local/lib/python3.12/site-packages/airflow/example_dags/example_python_decorator.py
[2024-07-10T23:46:55.125+0000] {processor.py:840} INFO - DAG(s) 'example_python_decorator' retrieved from /home/airflow/.local/lib/python3.12/site-packages/airflow/example_dags/example_python_decorator.py
[2024-07-10T23:46:55.150+0000] {logging_mixin.py:188} INFO - [2024-07-10T23:46:55.150+0000] {dag.py:3096} INFO - Sync 1 DAGs
[2024-07-10T23:46:55.164+0000] {logging_mixin.py:188} INFO - [2024-07-10T23:46:55.164+0000] {dag.py:3954} INFO - Setting next_dagrun for example_python_decorator to None, run_after=None
[2024-07-10T23:46:55.195+0000] {processor.py:183} INFO - Processing /home/airflow/.local/lib/python3.12/site-packages/airflow/example_dags/example_python_decorator.py took 0.095 seconds
[2024-07-10T23:47:25.353+0000] {processor.py:161} INFO - Started process (PID=2919) to work on /home/airflow/.local/lib/python3.12/site-packages/airflow/example_dags/example_python_decorator.py
[2024-07-10T23:47:25.355+0000] {processor.py:830} INFO - Processing file /home/airflow/.local/lib/python3.12/site-packages/airflow/example_dags/example_python_decorator.py for tasks to queue
[2024-07-10T23:47:25.357+0000] {logging_mixin.py:188} INFO - [2024-07-10T23:47:25.356+0000] {dagbag.py:545} INFO - Filling up the DagBag from /home/airflow/.local/lib/python3.12/site-packages/airflow/example_dags/example_python_decorator.py
[2024-07-10T23:47:25.371+0000] {processor.py:840} INFO - DAG(s) 'example_python_decorator' retrieved from /home/airflow/.local/lib/python3.12/site-packages/airflow/example_dags/example_python_decorator.py
[2024-07-10T23:47:25.396+0000] {logging_mixin.py:188} INFO - [2024-07-10T23:47:25.396+0000] {dag.py:3096} INFO - Sync 1 DAGs
[2024-07-10T23:47:25.410+0000] {logging_mixin.py:188} INFO - [2024-07-10T23:47:25.410+0000] {dag.py:3954} INFO - Setting next_dagrun for example_python_decorator to None, run_after=None
[2024-07-10T23:47:25.440+0000] {processor.py:183} INFO - Processing /home/airflow/.local/lib/python3.12/site-packages/airflow/example_dags/example_python_decorator.py took 0.093 seconds
[2024-07-10T23:47:55.676+0000] {processor.py:161} INFO - Started process (PID=2977) to work on /home/airflow/.local/lib/python3.12/site-packages/airflow/example_dags/example_python_decorator.py
[2024-07-10T23:47:55.677+0000] {processor.py:830} INFO - Processing file /home/airflow/.local/lib/python3.12/site-packages/airflow/example_dags/example_python_decorator.py for tasks to queue
[2024-07-10T23:47:55.679+0000] {logging_mixin.py:188} INFO - [2024-07-10T23:47:55.679+0000] {dagbag.py:545} INFO - Filling up the DagBag from /home/airflow/.local/lib/python3.12/site-packages/airflow/example_dags/example_python_decorator.py
[2024-07-10T23:47:55.698+0000] {processor.py:840} INFO - DAG(s) 'example_python_decorator' retrieved from /home/airflow/.local/lib/python3.12/site-packages/airflow/example_dags/example_python_decorator.py
[2024-07-10T23:47:55.726+0000] {logging_mixin.py:188} INFO - [2024-07-10T23:47:55.725+0000] {dag.py:3096} INFO - Sync 1 DAGs
[2024-07-10T23:47:55.741+0000] {logging_mixin.py:188} INFO - [2024-07-10T23:47:55.740+0000] {dag.py:3954} INFO - Setting next_dagrun for example_python_decorator to None, run_after=None
[2024-07-10T23:47:55.764+0000] {processor.py:183} INFO - Processing /home/airflow/.local/lib/python3.12/site-packages/airflow/example_dags/example_python_decorator.py took 0.095 seconds
[2024-07-10T23:48:26.041+0000] {processor.py:161} INFO - Started process (PID=3035) to work on /home/airflow/.local/lib/python3.12/site-packages/airflow/example_dags/example_python_decorator.py
[2024-07-10T23:48:26.042+0000] {processor.py:830} INFO - Processing file /home/airflow/.local/lib/python3.12/site-packages/airflow/example_dags/example_python_decorator.py for tasks to queue
[2024-07-10T23:48:26.044+0000] {logging_mixin.py:188} INFO - [2024-07-10T23:48:26.043+0000] {dagbag.py:545} INFO - Filling up the DagBag from /home/airflow/.local/lib/python3.12/site-packages/airflow/example_dags/example_python_decorator.py
[2024-07-10T23:48:26.058+0000] {processor.py:840} INFO - DAG(s) 'example_python_decorator' retrieved from /home/airflow/.local/lib/python3.12/site-packages/airflow/example_dags/example_python_decorator.py
[2024-07-10T23:48:26.084+0000] {logging_mixin.py:188} INFO - [2024-07-10T23:48:26.084+0000] {dag.py:3096} INFO - Sync 1 DAGs
[2024-07-10T23:48:26.098+0000] {logging_mixin.py:188} INFO - [2024-07-10T23:48:26.098+0000] {dag.py:3954} INFO - Setting next_dagrun for example_python_decorator to None, run_after=None
[2024-07-10T23:48:26.121+0000] {processor.py:183} INFO - Processing /home/airflow/.local/lib/python3.12/site-packages/airflow/example_dags/example_python_decorator.py took 0.087 seconds
[2024-07-10T23:48:56.599+0000] {processor.py:161} INFO - Started process (PID=3093) to work on /home/airflow/.local/lib/python3.12/site-packages/airflow/example_dags/example_python_decorator.py
[2024-07-10T23:48:56.600+0000] {processor.py:830} INFO - Processing file /home/airflow/.local/lib/python3.12/site-packages/airflow/example_dags/example_python_decorator.py for tasks to queue
[2024-07-10T23:48:56.602+0000] {logging_mixin.py:188} INFO - [2024-07-10T23:48:56.601+0000] {dagbag.py:545} INFO - Filling up the DagBag from /home/airflow/.local/lib/python3.12/site-packages/airflow/example_dags/example_python_decorator.py
[2024-07-10T23:48:56.617+0000] {processor.py:840} INFO - DAG(s) 'example_python_decorator' retrieved from /home/airflow/.local/lib/python3.12/site-packages/airflow/example_dags/example_python_decorator.py
[2024-07-10T23:48:56.643+0000] {logging_mixin.py:188} INFO - [2024-07-10T23:48:56.643+0000] {dag.py:3096} INFO - Sync 1 DAGs
[2024-07-10T23:48:56.659+0000] {logging_mixin.py:188} INFO - [2024-07-10T23:48:56.658+0000] {dag.py:3954} INFO - Setting next_dagrun for example_python_decorator to None, run_after=None
[2024-07-10T23:48:56.682+0000] {processor.py:183} INFO - Processing /home/airflow/.local/lib/python3.12/site-packages/airflow/example_dags/example_python_decorator.py took 0.092 seconds
[2024-07-10T23:49:27.424+0000] {processor.py:161} INFO - Started process (PID=3151) to work on /home/airflow/.local/lib/python3.12/site-packages/airflow/example_dags/example_python_decorator.py
[2024-07-10T23:49:27.425+0000] {processor.py:830} INFO - Processing file /home/airflow/.local/lib/python3.12/site-packages/airflow/example_dags/example_python_decorator.py for tasks to queue
[2024-07-10T23:49:27.427+0000] {logging_mixin.py:188} INFO - [2024-07-10T23:49:27.427+0000] {dagbag.py:545} INFO - Filling up the DagBag from /home/airflow/.local/lib/python3.12/site-packages/airflow/example_dags/example_python_decorator.py
[2024-07-10T23:49:27.444+0000] {processor.py:840} INFO - DAG(s) 'example_python_decorator' retrieved from /home/airflow/.local/lib/python3.12/site-packages/airflow/example_dags/example_python_decorator.py
[2024-07-10T23:49:27.473+0000] {logging_mixin.py:188} INFO - [2024-07-10T23:49:27.473+0000] {dag.py:3096} INFO - Sync 1 DAGs
[2024-07-10T23:49:27.490+0000] {logging_mixin.py:188} INFO - [2024-07-10T23:49:27.490+0000] {dag.py:3954} INFO - Setting next_dagrun for example_python_decorator to None, run_after=None
[2024-07-10T23:49:27.512+0000] {processor.py:183} INFO - Processing /home/airflow/.local/lib/python3.12/site-packages/airflow/example_dags/example_python_decorator.py took 0.096 seconds
[2024-07-10T23:49:57.877+0000] {processor.py:161} INFO - Started process (PID=3209) to work on /home/airflow/.local/lib/python3.12/site-packages/airflow/example_dags/example_python_decorator.py
[2024-07-10T23:49:57.878+0000] {processor.py:830} INFO - Processing file /home/airflow/.local/lib/python3.12/site-packages/airflow/example_dags/example_python_decorator.py for tasks to queue
[2024-07-10T23:49:57.880+0000] {logging_mixin.py:188} INFO - [2024-07-10T23:49:57.879+0000] {dagbag.py:545} INFO - Filling up the DagBag from /home/airflow/.local/lib/python3.12/site-packages/airflow/example_dags/example_python_decorator.py
[2024-07-10T23:49:57.894+0000] {processor.py:840} INFO - DAG(s) 'example_python_decorator' retrieved from /home/airflow/.local/lib/python3.12/site-packages/airflow/example_dags/example_python_decorator.py
[2024-07-10T23:49:57.921+0000] {logging_mixin.py:188} INFO - [2024-07-10T23:49:57.921+0000] {dag.py:3096} INFO - Sync 1 DAGs
[2024-07-10T23:49:57.937+0000] {logging_mixin.py:188} INFO - [2024-07-10T23:49:57.937+0000] {dag.py:3954} INFO - Setting next_dagrun for example_python_decorator to None, run_after=None
[2024-07-10T23:49:57.966+0000] {processor.py:183} INFO - Processing /home/airflow/.local/lib/python3.12/site-packages/airflow/example_dags/example_python_decorator.py took 0.096 seconds
[2024-07-10T23:50:28.185+0000] {processor.py:161} INFO - Started process (PID=3267) to work on /home/airflow/.local/lib/python3.12/site-packages/airflow/example_dags/example_python_decorator.py
[2024-07-10T23:50:28.186+0000] {processor.py:830} INFO - Processing file /home/airflow/.local/lib/python3.12/site-packages/airflow/example_dags/example_python_decorator.py for tasks to queue
[2024-07-10T23:50:28.188+0000] {logging_mixin.py:188} INFO - [2024-07-10T23:50:28.188+0000] {dagbag.py:545} INFO - Filling up the DagBag from /home/airflow/.local/lib/python3.12/site-packages/airflow/example_dags/example_python_decorator.py
[2024-07-10T23:50:28.203+0000] {processor.py:840} INFO - DAG(s) 'example_python_decorator' retrieved from /home/airflow/.local/lib/python3.12/site-packages/airflow/example_dags/example_python_decorator.py
[2024-07-10T23:50:28.230+0000] {logging_mixin.py:188} INFO - [2024-07-10T23:50:28.230+0000] {dag.py:3096} INFO - Sync 1 DAGs
[2024-07-10T23:50:28.248+0000] {logging_mixin.py:188} INFO - [2024-07-10T23:50:28.248+0000] {dag.py:3954} INFO - Setting next_dagrun for example_python_decorator to None, run_after=None
[2024-07-10T23:50:28.275+0000] {processor.py:183} INFO - Processing /home/airflow/.local/lib/python3.12/site-packages/airflow/example_dags/example_python_decorator.py took 0.097 seconds
[2024-07-10T23:50:58.572+0000] {processor.py:161} INFO - Started process (PID=3325) to work on /home/airflow/.local/lib/python3.12/site-packages/airflow/example_dags/example_python_decorator.py
[2024-07-10T23:50:58.573+0000] {processor.py:830} INFO - Processing file /home/airflow/.local/lib/python3.12/site-packages/airflow/example_dags/example_python_decorator.py for tasks to queue
[2024-07-10T23:50:58.575+0000] {logging_mixin.py:188} INFO - [2024-07-10T23:50:58.575+0000] {dagbag.py:545} INFO - Filling up the DagBag from /home/airflow/.local/lib/python3.12/site-packages/airflow/example_dags/example_python_decorator.py
[2024-07-10T23:50:58.590+0000] {processor.py:840} INFO - DAG(s) 'example_python_decorator' retrieved from /home/airflow/.local/lib/python3.12/site-packages/airflow/example_dags/example_python_decorator.py
[2024-07-10T23:50:58.619+0000] {logging_mixin.py:188} INFO - [2024-07-10T23:50:58.619+0000] {dag.py:3096} INFO - Sync 1 DAGs
[2024-07-10T23:50:58.635+0000] {logging_mixin.py:188} INFO - [2024-07-10T23:50:58.635+0000] {dag.py:3954} INFO - Setting next_dagrun for example_python_decorator to None, run_after=None
[2024-07-10T23:50:58.659+0000] {processor.py:183} INFO - Processing /home/airflow/.local/lib/python3.12/site-packages/airflow/example_dags/example_python_decorator.py took 0.094 seconds
[2024-07-10T23:51:29.219+0000] {processor.py:161} INFO - Started process (PID=3384) to work on /home/airflow/.local/lib/python3.12/site-packages/airflow/example_dags/example_python_decorator.py
[2024-07-10T23:51:29.220+0000] {processor.py:830} INFO - Processing file /home/airflow/.local/lib/python3.12/site-packages/airflow/example_dags/example_python_decorator.py for tasks to queue
[2024-07-10T23:51:29.222+0000] {logging_mixin.py:188} INFO - [2024-07-10T23:51:29.222+0000] {dagbag.py:545} INFO - Filling up the DagBag from /home/airflow/.local/lib/python3.12/site-packages/airflow/example_dags/example_python_decorator.py
[2024-07-10T23:51:29.239+0000] {processor.py:840} INFO - DAG(s) 'example_python_decorator' retrieved from /home/airflow/.local/lib/python3.12/site-packages/airflow/example_dags/example_python_decorator.py
[2024-07-10T23:51:29.267+0000] {logging_mixin.py:188} INFO - [2024-07-10T23:51:29.267+0000] {dag.py:3096} INFO - Sync 1 DAGs
[2024-07-10T23:51:29.281+0000] {logging_mixin.py:188} INFO - [2024-07-10T23:51:29.281+0000] {dag.py:3954} INFO - Setting next_dagrun for example_python_decorator to None, run_after=None
[2024-07-10T23:51:29.312+0000] {processor.py:183} INFO - Processing /home/airflow/.local/lib/python3.12/site-packages/airflow/example_dags/example_python_decorator.py took 0.100 seconds
[2024-07-10T23:51:59.499+0000] {processor.py:161} INFO - Started process (PID=3442) to work on /home/airflow/.local/lib/python3.12/site-packages/airflow/example_dags/example_python_decorator.py
[2024-07-10T23:51:59.503+0000] {processor.py:830} INFO - Processing file /home/airflow/.local/lib/python3.12/site-packages/airflow/example_dags/example_python_decorator.py for tasks to queue
[2024-07-10T23:51:59.505+0000] {logging_mixin.py:188} INFO - [2024-07-10T23:51:59.505+0000] {dagbag.py:545} INFO - Filling up the DagBag from /home/airflow/.local/lib/python3.12/site-packages/airflow/example_dags/example_python_decorator.py
[2024-07-10T23:51:59.522+0000] {processor.py:840} INFO - DAG(s) 'example_python_decorator' retrieved from /home/airflow/.local/lib/python3.12/site-packages/airflow/example_dags/example_python_decorator.py
[2024-07-10T23:51:59.550+0000] {logging_mixin.py:188} INFO - [2024-07-10T23:51:59.550+0000] {dag.py:3096} INFO - Sync 1 DAGs
[2024-07-10T23:51:59.565+0000] {logging_mixin.py:188} INFO - [2024-07-10T23:51:59.565+0000] {dag.py:3954} INFO - Setting next_dagrun for example_python_decorator to None, run_after=None
[2024-07-10T23:51:59.592+0000] {processor.py:183} INFO - Processing /home/airflow/.local/lib/python3.12/site-packages/airflow/example_dags/example_python_decorator.py took 0.099 seconds
[2024-07-10T23:52:30.474+0000] {processor.py:161} INFO - Started process (PID=3500) to work on /home/airflow/.local/lib/python3.12/site-packages/airflow/example_dags/example_python_decorator.py
[2024-07-10T23:52:30.475+0000] {processor.py:830} INFO - Processing file /home/airflow/.local/lib/python3.12/site-packages/airflow/example_dags/example_python_decorator.py for tasks to queue
[2024-07-10T23:52:30.477+0000] {logging_mixin.py:188} INFO - [2024-07-10T23:52:30.477+0000] {dagbag.py:545} INFO - Filling up the DagBag from /home/airflow/.local/lib/python3.12/site-packages/airflow/example_dags/example_python_decorator.py
[2024-07-10T23:52:30.493+0000] {processor.py:840} INFO - DAG(s) 'example_python_decorator' retrieved from /home/airflow/.local/lib/python3.12/site-packages/airflow/example_dags/example_python_decorator.py
[2024-07-10T23:52:30.519+0000] {logging_mixin.py:188} INFO - [2024-07-10T23:52:30.519+0000] {dag.py:3096} INFO - Sync 1 DAGs
[2024-07-10T23:52:30.534+0000] {logging_mixin.py:188} INFO - [2024-07-10T23:52:30.533+0000] {dag.py:3954} INFO - Setting next_dagrun for example_python_decorator to None, run_after=None
[2024-07-10T23:52:30.560+0000] {processor.py:183} INFO - Processing /home/airflow/.local/lib/python3.12/site-packages/airflow/example_dags/example_python_decorator.py took 0.092 seconds
[2024-07-10T23:53:01.102+0000] {processor.py:161} INFO - Started process (PID=3559) to work on /home/airflow/.local/lib/python3.12/site-packages/airflow/example_dags/example_python_decorator.py
[2024-07-10T23:53:01.105+0000] {processor.py:830} INFO - Processing file /home/airflow/.local/lib/python3.12/site-packages/airflow/example_dags/example_python_decorator.py for tasks to queue
[2024-07-10T23:53:01.107+0000] {logging_mixin.py:188} INFO - [2024-07-10T23:53:01.107+0000] {dagbag.py:545} INFO - Filling up the DagBag from /home/airflow/.local/lib/python3.12/site-packages/airflow/example_dags/example_python_decorator.py
[2024-07-10T23:53:01.123+0000] {processor.py:840} INFO - DAG(s) 'example_python_decorator' retrieved from /home/airflow/.local/lib/python3.12/site-packages/airflow/example_dags/example_python_decorator.py
[2024-07-10T23:53:01.147+0000] {logging_mixin.py:188} INFO - [2024-07-10T23:53:01.147+0000] {dag.py:3096} INFO - Sync 1 DAGs
[2024-07-10T23:53:01.163+0000] {logging_mixin.py:188} INFO - [2024-07-10T23:53:01.162+0000] {dag.py:3954} INFO - Setting next_dagrun for example_python_decorator to None, run_after=None
[2024-07-10T23:53:01.187+0000] {processor.py:183} INFO - Processing /home/airflow/.local/lib/python3.12/site-packages/airflow/example_dags/example_python_decorator.py took 0.092 seconds
[2024-07-10T23:53:32.207+0000] {processor.py:161} INFO - Started process (PID=3616) to work on /home/airflow/.local/lib/python3.12/site-packages/airflow/example_dags/example_python_decorator.py
[2024-07-10T23:53:32.209+0000] {processor.py:830} INFO - Processing file /home/airflow/.local/lib/python3.12/site-packages/airflow/example_dags/example_python_decorator.py for tasks to queue
[2024-07-10T23:53:32.211+0000] {logging_mixin.py:188} INFO - [2024-07-10T23:53:32.210+0000] {dagbag.py:545} INFO - Filling up the DagBag from /home/airflow/.local/lib/python3.12/site-packages/airflow/example_dags/example_python_decorator.py
[2024-07-10T23:53:32.242+0000] {processor.py:840} INFO - DAG(s) 'example_python_decorator' retrieved from /home/airflow/.local/lib/python3.12/site-packages/airflow/example_dags/example_python_decorator.py
[2024-07-10T23:53:32.310+0000] {logging_mixin.py:188} INFO - [2024-07-10T23:53:32.310+0000] {dag.py:3096} INFO - Sync 1 DAGs
[2024-07-10T23:53:32.341+0000] {logging_mixin.py:188} INFO - [2024-07-10T23:53:32.341+0000] {dag.py:3954} INFO - Setting next_dagrun for example_python_decorator to None, run_after=None
[2024-07-10T23:53:32.391+0000] {processor.py:183} INFO - Processing /home/airflow/.local/lib/python3.12/site-packages/airflow/example_dags/example_python_decorator.py took 0.196 seconds
[2024-07-10T23:54:03.340+0000] {processor.py:161} INFO - Started process (PID=3674) to work on /home/airflow/.local/lib/python3.12/site-packages/airflow/example_dags/example_python_decorator.py
[2024-07-10T23:54:03.341+0000] {processor.py:830} INFO - Processing file /home/airflow/.local/lib/python3.12/site-packages/airflow/example_dags/example_python_decorator.py for tasks to queue
[2024-07-10T23:54:03.344+0000] {logging_mixin.py:188} INFO - [2024-07-10T23:54:03.343+0000] {dagbag.py:545} INFO - Filling up the DagBag from /home/airflow/.local/lib/python3.12/site-packages/airflow/example_dags/example_python_decorator.py
[2024-07-10T23:54:03.361+0000] {processor.py:840} INFO - DAG(s) 'example_python_decorator' retrieved from /home/airflow/.local/lib/python3.12/site-packages/airflow/example_dags/example_python_decorator.py
[2024-07-10T23:54:03.395+0000] {logging_mixin.py:188} INFO - [2024-07-10T23:54:03.395+0000] {dag.py:3096} INFO - Sync 1 DAGs
[2024-07-10T23:54:03.417+0000] {logging_mixin.py:188} INFO - [2024-07-10T23:54:03.416+0000] {dag.py:3954} INFO - Setting next_dagrun for example_python_decorator to None, run_after=None
[2024-07-10T23:54:03.454+0000] {processor.py:183} INFO - Processing /home/airflow/.local/lib/python3.12/site-packages/airflow/example_dags/example_python_decorator.py took 0.122 seconds
[2024-07-10T23:54:33.636+0000] {processor.py:161} INFO - Started process (PID=3732) to work on /home/airflow/.local/lib/python3.12/site-packages/airflow/example_dags/example_python_decorator.py
[2024-07-10T23:54:33.638+0000] {processor.py:830} INFO - Processing file /home/airflow/.local/lib/python3.12/site-packages/airflow/example_dags/example_python_decorator.py for tasks to queue
[2024-07-10T23:54:33.640+0000] {logging_mixin.py:188} INFO - [2024-07-10T23:54:33.640+0000] {dagbag.py:545} INFO - Filling up the DagBag from /home/airflow/.local/lib/python3.12/site-packages/airflow/example_dags/example_python_decorator.py
[2024-07-10T23:54:33.658+0000] {processor.py:840} INFO - DAG(s) 'example_python_decorator' retrieved from /home/airflow/.local/lib/python3.12/site-packages/airflow/example_dags/example_python_decorator.py
[2024-07-10T23:54:33.695+0000] {logging_mixin.py:188} INFO - [2024-07-10T23:54:33.695+0000] {dag.py:3096} INFO - Sync 1 DAGs
[2024-07-10T23:54:33.718+0000] {logging_mixin.py:188} INFO - [2024-07-10T23:54:33.718+0000] {dag.py:3954} INFO - Setting next_dagrun for example_python_decorator to None, run_after=None
[2024-07-10T23:54:33.763+0000] {processor.py:183} INFO - Processing /home/airflow/.local/lib/python3.12/site-packages/airflow/example_dags/example_python_decorator.py took 0.136 seconds
[2024-07-10T23:55:03.852+0000] {processor.py:161} INFO - Started process (PID=3790) to work on /home/airflow/.local/lib/python3.12/site-packages/airflow/example_dags/example_python_decorator.py
[2024-07-10T23:55:03.854+0000] {processor.py:830} INFO - Processing file /home/airflow/.local/lib/python3.12/site-packages/airflow/example_dags/example_python_decorator.py for tasks to queue
[2024-07-10T23:55:03.857+0000] {logging_mixin.py:188} INFO - [2024-07-10T23:55:03.856+0000] {dagbag.py:545} INFO - Filling up the DagBag from /home/airflow/.local/lib/python3.12/site-packages/airflow/example_dags/example_python_decorator.py
[2024-07-10T23:55:03.879+0000] {processor.py:840} INFO - DAG(s) 'example_python_decorator' retrieved from /home/airflow/.local/lib/python3.12/site-packages/airflow/example_dags/example_python_decorator.py
[2024-07-10T23:55:03.912+0000] {logging_mixin.py:188} INFO - [2024-07-10T23:55:03.912+0000] {dag.py:3096} INFO - Sync 1 DAGs
[2024-07-10T23:55:03.929+0000] {logging_mixin.py:188} INFO - [2024-07-10T23:55:03.929+0000] {dag.py:3954} INFO - Setting next_dagrun for example_python_decorator to None, run_after=None
[2024-07-10T23:55:03.959+0000] {processor.py:183} INFO - Processing /home/airflow/.local/lib/python3.12/site-packages/airflow/example_dags/example_python_decorator.py took 0.128 seconds
[2024-07-10T23:55:35.667+0000] {processor.py:161} INFO - Started process (PID=3848) to work on /home/airflow/.local/lib/python3.12/site-packages/airflow/example_dags/example_python_decorator.py
[2024-07-10T23:55:35.675+0000] {processor.py:830} INFO - Processing file /home/airflow/.local/lib/python3.12/site-packages/airflow/example_dags/example_python_decorator.py for tasks to queue
[2024-07-10T23:55:35.682+0000] {logging_mixin.py:188} INFO - [2024-07-10T23:55:35.677+0000] {dagbag.py:545} INFO - Filling up the DagBag from /home/airflow/.local/lib/python3.12/site-packages/airflow/example_dags/example_python_decorator.py
[2024-07-10T23:55:35.723+0000] {processor.py:840} INFO - DAG(s) 'example_python_decorator' retrieved from /home/airflow/.local/lib/python3.12/site-packages/airflow/example_dags/example_python_decorator.py
[2024-07-10T23:55:35.788+0000] {logging_mixin.py:188} INFO - [2024-07-10T23:55:35.788+0000] {dag.py:3096} INFO - Sync 1 DAGs
[2024-07-10T23:55:35.825+0000] {logging_mixin.py:188} INFO - [2024-07-10T23:55:35.825+0000] {dag.py:3954} INFO - Setting next_dagrun for example_python_decorator to None, run_after=None
[2024-07-10T23:55:35.914+0000] {processor.py:183} INFO - Processing /home/airflow/.local/lib/python3.12/site-packages/airflow/example_dags/example_python_decorator.py took 0.278 seconds
[2024-07-10T23:56:06.592+0000] {processor.py:161} INFO - Started process (PID=3904) to work on /home/airflow/.local/lib/python3.12/site-packages/airflow/example_dags/example_python_decorator.py
[2024-07-10T23:56:06.605+0000] {processor.py:830} INFO - Processing file /home/airflow/.local/lib/python3.12/site-packages/airflow/example_dags/example_python_decorator.py for tasks to queue
[2024-07-10T23:56:06.607+0000] {logging_mixin.py:188} INFO - [2024-07-10T23:56:06.607+0000] {dagbag.py:545} INFO - Filling up the DagBag from /home/airflow/.local/lib/python3.12/site-packages/airflow/example_dags/example_python_decorator.py
[2024-07-10T23:56:06.663+0000] {processor.py:840} INFO - DAG(s) 'example_python_decorator' retrieved from /home/airflow/.local/lib/python3.12/site-packages/airflow/example_dags/example_python_decorator.py
[2024-07-10T23:56:06.716+0000] {logging_mixin.py:188} INFO - [2024-07-10T23:56:06.716+0000] {dag.py:3096} INFO - Sync 1 DAGs
[2024-07-10T23:56:06.739+0000] {logging_mixin.py:188} INFO - [2024-07-10T23:56:06.739+0000] {dag.py:3954} INFO - Setting next_dagrun for example_python_decorator to None, run_after=None
[2024-07-10T23:56:06.788+0000] {processor.py:183} INFO - Processing /home/airflow/.local/lib/python3.12/site-packages/airflow/example_dags/example_python_decorator.py took 0.224 seconds
[2024-07-10T23:56:36.921+0000] {processor.py:161} INFO - Started process (PID=3963) to work on /home/airflow/.local/lib/python3.12/site-packages/airflow/example_dags/example_python_decorator.py
[2024-07-10T23:56:36.932+0000] {processor.py:830} INFO - Processing file /home/airflow/.local/lib/python3.12/site-packages/airflow/example_dags/example_python_decorator.py for tasks to queue
[2024-07-10T23:56:36.935+0000] {logging_mixin.py:188} INFO - [2024-07-10T23:56:36.934+0000] {dagbag.py:545} INFO - Filling up the DagBag from /home/airflow/.local/lib/python3.12/site-packages/airflow/example_dags/example_python_decorator.py
[2024-07-10T23:56:36.957+0000] {processor.py:840} INFO - DAG(s) 'example_python_decorator' retrieved from /home/airflow/.local/lib/python3.12/site-packages/airflow/example_dags/example_python_decorator.py
[2024-07-10T23:56:37.001+0000] {logging_mixin.py:188} INFO - [2024-07-10T23:56:37.001+0000] {dag.py:3096} INFO - Sync 1 DAGs
[2024-07-10T23:56:37.023+0000] {logging_mixin.py:188} INFO - [2024-07-10T23:56:37.021+0000] {dag.py:3954} INFO - Setting next_dagrun for example_python_decorator to None, run_after=None
[2024-07-10T23:56:37.062+0000] {processor.py:183} INFO - Processing /home/airflow/.local/lib/python3.12/site-packages/airflow/example_dags/example_python_decorator.py took 0.149 seconds
[2024-07-10T23:57:07.386+0000] {processor.py:161} INFO - Started process (PID=4021) to work on /home/airflow/.local/lib/python3.12/site-packages/airflow/example_dags/example_python_decorator.py
[2024-07-10T23:57:07.445+0000] {processor.py:830} INFO - Processing file /home/airflow/.local/lib/python3.12/site-packages/airflow/example_dags/example_python_decorator.py for tasks to queue
[2024-07-10T23:57:07.450+0000] {logging_mixin.py:188} INFO - [2024-07-10T23:57:07.449+0000] {dagbag.py:545} INFO - Filling up the DagBag from /home/airflow/.local/lib/python3.12/site-packages/airflow/example_dags/example_python_decorator.py
[2024-07-10T23:57:07.522+0000] {processor.py:840} INFO - DAG(s) 'example_python_decorator' retrieved from /home/airflow/.local/lib/python3.12/site-packages/airflow/example_dags/example_python_decorator.py
[2024-07-10T23:57:07.590+0000] {logging_mixin.py:188} INFO - [2024-07-10T23:57:07.590+0000] {dag.py:3096} INFO - Sync 1 DAGs
[2024-07-10T23:57:07.639+0000] {logging_mixin.py:188} INFO - [2024-07-10T23:57:07.638+0000] {dag.py:3954} INFO - Setting next_dagrun for example_python_decorator to None, run_after=None
[2024-07-10T23:57:07.714+0000] {processor.py:183} INFO - Processing /home/airflow/.local/lib/python3.12/site-packages/airflow/example_dags/example_python_decorator.py took 0.365 seconds
[2024-07-10T23:57:38.060+0000] {processor.py:161} INFO - Started process (PID=4079) to work on /home/airflow/.local/lib/python3.12/site-packages/airflow/example_dags/example_python_decorator.py
[2024-07-10T23:57:38.071+0000] {processor.py:830} INFO - Processing file /home/airflow/.local/lib/python3.12/site-packages/airflow/example_dags/example_python_decorator.py for tasks to queue
[2024-07-10T23:57:38.074+0000] {logging_mixin.py:188} INFO - [2024-07-10T23:57:38.074+0000] {dagbag.py:545} INFO - Filling up the DagBag from /home/airflow/.local/lib/python3.12/site-packages/airflow/example_dags/example_python_decorator.py
[2024-07-10T23:57:38.099+0000] {processor.py:840} INFO - DAG(s) 'example_python_decorator' retrieved from /home/airflow/.local/lib/python3.12/site-packages/airflow/example_dags/example_python_decorator.py
[2024-07-10T23:57:38.144+0000] {logging_mixin.py:188} INFO - [2024-07-10T23:57:38.143+0000] {dag.py:3096} INFO - Sync 1 DAGs
[2024-07-10T23:57:38.168+0000] {logging_mixin.py:188} INFO - [2024-07-10T23:57:38.167+0000] {dag.py:3954} INFO - Setting next_dagrun for example_python_decorator to None, run_after=None
[2024-07-10T23:57:38.225+0000] {processor.py:183} INFO - Processing /home/airflow/.local/lib/python3.12/site-packages/airflow/example_dags/example_python_decorator.py took 0.173 seconds
[2024-07-10T23:58:08.338+0000] {processor.py:161} INFO - Started process (PID=4136) to work on /home/airflow/.local/lib/python3.12/site-packages/airflow/example_dags/example_python_decorator.py
[2024-07-10T23:58:08.339+0000] {processor.py:830} INFO - Processing file /home/airflow/.local/lib/python3.12/site-packages/airflow/example_dags/example_python_decorator.py for tasks to queue
[2024-07-10T23:58:08.342+0000] {logging_mixin.py:188} INFO - [2024-07-10T23:58:08.341+0000] {dagbag.py:545} INFO - Filling up the DagBag from /home/airflow/.local/lib/python3.12/site-packages/airflow/example_dags/example_python_decorator.py
[2024-07-10T23:58:08.366+0000] {processor.py:840} INFO - DAG(s) 'example_python_decorator' retrieved from /home/airflow/.local/lib/python3.12/site-packages/airflow/example_dags/example_python_decorator.py
[2024-07-10T23:58:08.400+0000] {logging_mixin.py:188} INFO - [2024-07-10T23:58:08.400+0000] {dag.py:3096} INFO - Sync 1 DAGs
[2024-07-10T23:58:08.426+0000] {logging_mixin.py:188} INFO - [2024-07-10T23:58:08.426+0000] {dag.py:3954} INFO - Setting next_dagrun for example_python_decorator to None, run_after=None
[2024-07-10T23:58:08.463+0000] {processor.py:183} INFO - Processing /home/airflow/.local/lib/python3.12/site-packages/airflow/example_dags/example_python_decorator.py took 0.137 seconds
[2024-07-10T23:58:38.793+0000] {processor.py:161} INFO - Started process (PID=4194) to work on /home/airflow/.local/lib/python3.12/site-packages/airflow/example_dags/example_python_decorator.py
[2024-07-10T23:58:38.799+0000] {processor.py:830} INFO - Processing file /home/airflow/.local/lib/python3.12/site-packages/airflow/example_dags/example_python_decorator.py for tasks to queue
[2024-07-10T23:58:38.803+0000] {logging_mixin.py:188} INFO - [2024-07-10T23:58:38.802+0000] {dagbag.py:545} INFO - Filling up the DagBag from /home/airflow/.local/lib/python3.12/site-packages/airflow/example_dags/example_python_decorator.py
[2024-07-10T23:58:38.824+0000] {processor.py:840} INFO - DAG(s) 'example_python_decorator' retrieved from /home/airflow/.local/lib/python3.12/site-packages/airflow/example_dags/example_python_decorator.py
[2024-07-10T23:58:38.897+0000] {logging_mixin.py:188} INFO - [2024-07-10T23:58:38.897+0000] {dag.py:3096} INFO - Sync 1 DAGs
[2024-07-10T23:58:38.934+0000] {logging_mixin.py:188} INFO - [2024-07-10T23:58:38.933+0000] {dag.py:3954} INFO - Setting next_dagrun for example_python_decorator to None, run_after=None
[2024-07-10T23:58:39.001+0000] {processor.py:183} INFO - Processing /home/airflow/.local/lib/python3.12/site-packages/airflow/example_dags/example_python_decorator.py took 0.223 seconds
[2024-07-10T23:59:09.306+0000] {processor.py:161} INFO - Started process (PID=4253) to work on /home/airflow/.local/lib/python3.12/site-packages/airflow/example_dags/example_python_decorator.py
[2024-07-10T23:59:09.307+0000] {processor.py:830} INFO - Processing file /home/airflow/.local/lib/python3.12/site-packages/airflow/example_dags/example_python_decorator.py for tasks to queue
[2024-07-10T23:59:09.309+0000] {logging_mixin.py:188} INFO - [2024-07-10T23:59:09.308+0000] {dagbag.py:545} INFO - Filling up the DagBag from /home/airflow/.local/lib/python3.12/site-packages/airflow/example_dags/example_python_decorator.py
[2024-07-10T23:59:09.330+0000] {processor.py:840} INFO - DAG(s) 'example_python_decorator' retrieved from /home/airflow/.local/lib/python3.12/site-packages/airflow/example_dags/example_python_decorator.py
[2024-07-10T23:59:09.386+0000] {logging_mixin.py:188} INFO - [2024-07-10T23:59:09.386+0000] {dag.py:3096} INFO - Sync 1 DAGs
[2024-07-10T23:59:09.426+0000] {logging_mixin.py:188} INFO - [2024-07-10T23:59:09.426+0000] {dag.py:3954} INFO - Setting next_dagrun for example_python_decorator to None, run_after=None
[2024-07-10T23:59:09.486+0000] {processor.py:183} INFO - Processing /home/airflow/.local/lib/python3.12/site-packages/airflow/example_dags/example_python_decorator.py took 0.196 seconds
[2024-07-10T23:59:39.830+0000] {processor.py:161} INFO - Started process (PID=4311) to work on /home/airflow/.local/lib/python3.12/site-packages/airflow/example_dags/example_python_decorator.py
[2024-07-10T23:59:39.833+0000] {processor.py:830} INFO - Processing file /home/airflow/.local/lib/python3.12/site-packages/airflow/example_dags/example_python_decorator.py for tasks to queue
[2024-07-10T23:59:39.835+0000] {logging_mixin.py:188} INFO - [2024-07-10T23:59:39.835+0000] {dagbag.py:545} INFO - Filling up the DagBag from /home/airflow/.local/lib/python3.12/site-packages/airflow/example_dags/example_python_decorator.py
[2024-07-10T23:59:39.860+0000] {processor.py:840} INFO - DAG(s) 'example_python_decorator' retrieved from /home/airflow/.local/lib/python3.12/site-packages/airflow/example_dags/example_python_decorator.py
[2024-07-10T23:59:39.909+0000] {logging_mixin.py:188} INFO - [2024-07-10T23:59:39.909+0000] {dag.py:3096} INFO - Sync 1 DAGs
[2024-07-10T23:59:39.933+0000] {logging_mixin.py:188} INFO - [2024-07-10T23:59:39.932+0000] {dag.py:3954} INFO - Setting next_dagrun for example_python_decorator to None, run_after=None
[2024-07-10T23:59:39.978+0000] {processor.py:183} INFO - Processing /home/airflow/.local/lib/python3.12/site-packages/airflow/example_dags/example_python_decorator.py took 0.160 seconds
