[2024-07-10T13:36:28.403+0000] {processor.py:161} INFO - Started process (PID=53) to work on /home/airflow/.local/lib/python3.12/site-packages/airflow/example_dags/tutorial.py
[2024-07-10T13:36:28.415+0000] {processor.py:830} INFO - Processing file /home/airflow/.local/lib/python3.12/site-packages/airflow/example_dags/tutorial.py for tasks to queue
[2024-07-10T13:36:28.430+0000] {logging_mixin.py:188} INFO - [2024-07-10T13:36:28.418+0000] {dagbag.py:545} INFO - Filling up the DagBag from /home/airflow/.local/lib/python3.12/site-packages/airflow/example_dags/tutorial.py
[2024-07-10T13:36:28.438+0000] {processor.py:840} INFO - DAG(s) 'tutorial' retrieved from /home/airflow/.local/lib/python3.12/site-packages/airflow/example_dags/tutorial.py
[2024-07-10T13:36:29.043+0000] {logging_mixin.py:188} INFO - [2024-07-10T13:36:29.043+0000] {dag.py:3096} INFO - Sync 1 DAGs
[2024-07-10T13:36:29.100+0000] {logging_mixin.py:188} INFO - [2024-07-10T13:36:29.100+0000] {dag.py:3954} INFO - Setting next_dagrun for tutorial to 2024-07-09 00:00:00+00:00, run_after=2024-07-10 00:00:00+00:00
[2024-07-10T13:36:29.240+0000] {processor.py:183} INFO - Processing /home/airflow/.local/lib/python3.12/site-packages/airflow/example_dags/tutorial.py took 0.870 seconds
[2024-07-10T23:22:27.589+0000] {processor.py:161} INFO - Started process (PID=45) to work on /home/airflow/.local/lib/python3.12/site-packages/airflow/example_dags/tutorial.py
[2024-07-10T23:22:27.602+0000] {processor.py:830} INFO - Processing file /home/airflow/.local/lib/python3.12/site-packages/airflow/example_dags/tutorial.py for tasks to queue
[2024-07-10T23:22:27.605+0000] {logging_mixin.py:188} INFO - [2024-07-10T23:22:27.604+0000] {dagbag.py:545} INFO - Filling up the DagBag from /home/airflow/.local/lib/python3.12/site-packages/airflow/example_dags/tutorial.py
[2024-07-10T23:22:27.615+0000] {processor.py:840} INFO - DAG(s) 'tutorial' retrieved from /home/airflow/.local/lib/python3.12/site-packages/airflow/example_dags/tutorial.py
[2024-07-10T23:22:27.644+0000] {logging_mixin.py:188} INFO - [2024-07-10T23:22:27.643+0000] {dag.py:3096} INFO - Sync 1 DAGs
[2024-07-10T23:22:27.675+0000] {logging_mixin.py:188} INFO - [2024-07-10T23:22:27.675+0000] {dag.py:3954} INFO - Setting next_dagrun for tutorial to 2024-07-09 00:00:00+00:00, run_after=2024-07-10 00:00:00+00:00
[2024-07-10T23:22:27.705+0000] {processor.py:183} INFO - Processing /home/airflow/.local/lib/python3.12/site-packages/airflow/example_dags/tutorial.py took 0.122 seconds
[2024-07-10T23:22:58.158+0000] {processor.py:161} INFO - Started process (PID=102) to work on /home/airflow/.local/lib/python3.12/site-packages/airflow/example_dags/tutorial.py
[2024-07-10T23:22:58.159+0000] {processor.py:830} INFO - Processing file /home/airflow/.local/lib/python3.12/site-packages/airflow/example_dags/tutorial.py for tasks to queue
[2024-07-10T23:22:58.160+0000] {logging_mixin.py:188} INFO - [2024-07-10T23:22:58.160+0000] {dagbag.py:545} INFO - Filling up the DagBag from /home/airflow/.local/lib/python3.12/site-packages/airflow/example_dags/tutorial.py
[2024-07-10T23:22:58.166+0000] {processor.py:840} INFO - DAG(s) 'tutorial' retrieved from /home/airflow/.local/lib/python3.12/site-packages/airflow/example_dags/tutorial.py
[2024-07-10T23:22:58.187+0000] {logging_mixin.py:188} INFO - [2024-07-10T23:22:58.187+0000] {dag.py:3096} INFO - Sync 1 DAGs
[2024-07-10T23:22:58.211+0000] {logging_mixin.py:188} INFO - [2024-07-10T23:22:58.211+0000] {dag.py:3954} INFO - Setting next_dagrun for tutorial to 2024-07-09 00:00:00+00:00, run_after=2024-07-10 00:00:00+00:00
[2024-07-10T23:22:58.233+0000] {processor.py:183} INFO - Processing /home/airflow/.local/lib/python3.12/site-packages/airflow/example_dags/tutorial.py took 0.082 seconds
[2024-07-10T23:23:28.379+0000] {processor.py:161} INFO - Started process (PID=160) to work on /home/airflow/.local/lib/python3.12/site-packages/airflow/example_dags/tutorial.py
[2024-07-10T23:23:28.380+0000] {processor.py:830} INFO - Processing file /home/airflow/.local/lib/python3.12/site-packages/airflow/example_dags/tutorial.py for tasks to queue
[2024-07-10T23:23:28.382+0000] {logging_mixin.py:188} INFO - [2024-07-10T23:23:28.382+0000] {dagbag.py:545} INFO - Filling up the DagBag from /home/airflow/.local/lib/python3.12/site-packages/airflow/example_dags/tutorial.py
[2024-07-10T23:23:28.390+0000] {processor.py:840} INFO - DAG(s) 'tutorial' retrieved from /home/airflow/.local/lib/python3.12/site-packages/airflow/example_dags/tutorial.py
[2024-07-10T23:23:28.412+0000] {logging_mixin.py:188} INFO - [2024-07-10T23:23:28.412+0000] {dag.py:3096} INFO - Sync 1 DAGs
[2024-07-10T23:23:28.437+0000] {logging_mixin.py:188} INFO - [2024-07-10T23:23:28.437+0000] {dag.py:3954} INFO - Setting next_dagrun for tutorial to 2024-07-09 00:00:00+00:00, run_after=2024-07-10 00:00:00+00:00
[2024-07-10T23:23:28.459+0000] {processor.py:183} INFO - Processing /home/airflow/.local/lib/python3.12/site-packages/airflow/example_dags/tutorial.py took 0.088 seconds
[2024-07-10T23:23:58.880+0000] {processor.py:161} INFO - Started process (PID=218) to work on /home/airflow/.local/lib/python3.12/site-packages/airflow/example_dags/tutorial.py
[2024-07-10T23:23:58.881+0000] {processor.py:830} INFO - Processing file /home/airflow/.local/lib/python3.12/site-packages/airflow/example_dags/tutorial.py for tasks to queue
[2024-07-10T23:23:58.883+0000] {logging_mixin.py:188} INFO - [2024-07-10T23:23:58.883+0000] {dagbag.py:545} INFO - Filling up the DagBag from /home/airflow/.local/lib/python3.12/site-packages/airflow/example_dags/tutorial.py
[2024-07-10T23:23:58.889+0000] {processor.py:840} INFO - DAG(s) 'tutorial' retrieved from /home/airflow/.local/lib/python3.12/site-packages/airflow/example_dags/tutorial.py
[2024-07-10T23:23:58.911+0000] {logging_mixin.py:188} INFO - [2024-07-10T23:23:58.910+0000] {dag.py:3096} INFO - Sync 1 DAGs
[2024-07-10T23:23:58.935+0000] {logging_mixin.py:188} INFO - [2024-07-10T23:23:58.935+0000] {dag.py:3954} INFO - Setting next_dagrun for tutorial to 2024-07-09 00:00:00+00:00, run_after=2024-07-10 00:00:00+00:00
[2024-07-10T23:23:58.958+0000] {processor.py:183} INFO - Processing /home/airflow/.local/lib/python3.12/site-packages/airflow/example_dags/tutorial.py took 0.084 seconds
[2024-07-10T23:24:29.206+0000] {processor.py:161} INFO - Started process (PID=276) to work on /home/airflow/.local/lib/python3.12/site-packages/airflow/example_dags/tutorial.py
[2024-07-10T23:24:29.207+0000] {processor.py:830} INFO - Processing file /home/airflow/.local/lib/python3.12/site-packages/airflow/example_dags/tutorial.py for tasks to queue
[2024-07-10T23:24:29.209+0000] {logging_mixin.py:188} INFO - [2024-07-10T23:24:29.209+0000] {dagbag.py:545} INFO - Filling up the DagBag from /home/airflow/.local/lib/python3.12/site-packages/airflow/example_dags/tutorial.py
[2024-07-10T23:24:29.216+0000] {processor.py:840} INFO - DAG(s) 'tutorial' retrieved from /home/airflow/.local/lib/python3.12/site-packages/airflow/example_dags/tutorial.py
[2024-07-10T23:24:29.241+0000] {logging_mixin.py:188} INFO - [2024-07-10T23:24:29.241+0000] {dag.py:3096} INFO - Sync 1 DAGs
[2024-07-10T23:24:29.267+0000] {logging_mixin.py:188} INFO - [2024-07-10T23:24:29.267+0000] {dag.py:3954} INFO - Setting next_dagrun for tutorial to 2024-07-09 00:00:00+00:00, run_after=2024-07-10 00:00:00+00:00
[2024-07-10T23:24:29.292+0000] {processor.py:183} INFO - Processing /home/airflow/.local/lib/python3.12/site-packages/airflow/example_dags/tutorial.py took 0.092 seconds
[2024-07-10T23:24:59.780+0000] {processor.py:161} INFO - Started process (PID=334) to work on /home/airflow/.local/lib/python3.12/site-packages/airflow/example_dags/tutorial.py
[2024-07-10T23:24:59.781+0000] {processor.py:830} INFO - Processing file /home/airflow/.local/lib/python3.12/site-packages/airflow/example_dags/tutorial.py for tasks to queue
[2024-07-10T23:24:59.782+0000] {logging_mixin.py:188} INFO - [2024-07-10T23:24:59.782+0000] {dagbag.py:545} INFO - Filling up the DagBag from /home/airflow/.local/lib/python3.12/site-packages/airflow/example_dags/tutorial.py
[2024-07-10T23:24:59.788+0000] {processor.py:840} INFO - DAG(s) 'tutorial' retrieved from /home/airflow/.local/lib/python3.12/site-packages/airflow/example_dags/tutorial.py
[2024-07-10T23:24:59.810+0000] {logging_mixin.py:188} INFO - [2024-07-10T23:24:59.810+0000] {dag.py:3096} INFO - Sync 1 DAGs
[2024-07-10T23:24:59.839+0000] {logging_mixin.py:188} INFO - [2024-07-10T23:24:59.838+0000] {dag.py:3954} INFO - Setting next_dagrun for tutorial to 2024-07-09 00:00:00+00:00, run_after=2024-07-10 00:00:00+00:00
[2024-07-10T23:24:59.863+0000] {processor.py:183} INFO - Processing /home/airflow/.local/lib/python3.12/site-packages/airflow/example_dags/tutorial.py took 0.090 seconds
[2024-07-10T23:25:30.884+0000] {processor.py:161} INFO - Started process (PID=393) to work on /home/airflow/.local/lib/python3.12/site-packages/airflow/example_dags/tutorial.py
[2024-07-10T23:25:30.902+0000] {processor.py:830} INFO - Processing file /home/airflow/.local/lib/python3.12/site-packages/airflow/example_dags/tutorial.py for tasks to queue
[2024-07-10T23:25:30.904+0000] {logging_mixin.py:188} INFO - [2024-07-10T23:25:30.904+0000] {dagbag.py:545} INFO - Filling up the DagBag from /home/airflow/.local/lib/python3.12/site-packages/airflow/example_dags/tutorial.py
[2024-07-10T23:25:30.914+0000] {processor.py:840} INFO - DAG(s) 'tutorial' retrieved from /home/airflow/.local/lib/python3.12/site-packages/airflow/example_dags/tutorial.py
[2024-07-10T23:25:30.946+0000] {logging_mixin.py:188} INFO - [2024-07-10T23:25:30.946+0000] {dag.py:3096} INFO - Sync 1 DAGs
[2024-07-10T23:25:30.976+0000] {logging_mixin.py:188} INFO - [2024-07-10T23:25:30.976+0000] {dag.py:3954} INFO - Setting next_dagrun for tutorial to 2024-07-09 00:00:00+00:00, run_after=2024-07-10 00:00:00+00:00
[2024-07-10T23:25:31.018+0000] {processor.py:183} INFO - Processing /home/airflow/.local/lib/python3.12/site-packages/airflow/example_dags/tutorial.py took 0.152 seconds
[2024-07-10T23:26:01.288+0000] {processor.py:161} INFO - Started process (PID=452) to work on /home/airflow/.local/lib/python3.12/site-packages/airflow/example_dags/tutorial.py
[2024-07-10T23:26:01.289+0000] {processor.py:830} INFO - Processing file /home/airflow/.local/lib/python3.12/site-packages/airflow/example_dags/tutorial.py for tasks to queue
[2024-07-10T23:26:01.292+0000] {logging_mixin.py:188} INFO - [2024-07-10T23:26:01.291+0000] {dagbag.py:545} INFO - Filling up the DagBag from /home/airflow/.local/lib/python3.12/site-packages/airflow/example_dags/tutorial.py
[2024-07-10T23:26:01.300+0000] {processor.py:840} INFO - DAG(s) 'tutorial' retrieved from /home/airflow/.local/lib/python3.12/site-packages/airflow/example_dags/tutorial.py
[2024-07-10T23:26:01.324+0000] {logging_mixin.py:188} INFO - [2024-07-10T23:26:01.324+0000] {dag.py:3096} INFO - Sync 1 DAGs
[2024-07-10T23:26:01.348+0000] {logging_mixin.py:188} INFO - [2024-07-10T23:26:01.348+0000] {dag.py:3954} INFO - Setting next_dagrun for tutorial to 2024-07-09 00:00:00+00:00, run_after=2024-07-10 00:00:00+00:00
[2024-07-10T23:26:01.379+0000] {processor.py:183} INFO - Processing /home/airflow/.local/lib/python3.12/site-packages/airflow/example_dags/tutorial.py took 0.097 seconds
[2024-07-10T23:26:31.841+0000] {processor.py:161} INFO - Started process (PID=510) to work on /home/airflow/.local/lib/python3.12/site-packages/airflow/example_dags/tutorial.py
[2024-07-10T23:26:31.843+0000] {processor.py:830} INFO - Processing file /home/airflow/.local/lib/python3.12/site-packages/airflow/example_dags/tutorial.py for tasks to queue
[2024-07-10T23:26:31.845+0000] {logging_mixin.py:188} INFO - [2024-07-10T23:26:31.845+0000] {dagbag.py:545} INFO - Filling up the DagBag from /home/airflow/.local/lib/python3.12/site-packages/airflow/example_dags/tutorial.py
[2024-07-10T23:26:31.852+0000] {processor.py:840} INFO - DAG(s) 'tutorial' retrieved from /home/airflow/.local/lib/python3.12/site-packages/airflow/example_dags/tutorial.py
[2024-07-10T23:26:31.874+0000] {logging_mixin.py:188} INFO - [2024-07-10T23:26:31.874+0000] {dag.py:3096} INFO - Sync 1 DAGs
[2024-07-10T23:26:31.900+0000] {logging_mixin.py:188} INFO - [2024-07-10T23:26:31.900+0000] {dag.py:3954} INFO - Setting next_dagrun for tutorial to 2024-07-09 00:00:00+00:00, run_after=2024-07-10 00:00:00+00:00
[2024-07-10T23:26:31.926+0000] {processor.py:183} INFO - Processing /home/airflow/.local/lib/python3.12/site-packages/airflow/example_dags/tutorial.py took 0.091 seconds
[2024-07-10T23:27:02.660+0000] {processor.py:161} INFO - Started process (PID=567) to work on /home/airflow/.local/lib/python3.12/site-packages/airflow/example_dags/tutorial.py
[2024-07-10T23:27:02.661+0000] {processor.py:830} INFO - Processing file /home/airflow/.local/lib/python3.12/site-packages/airflow/example_dags/tutorial.py for tasks to queue
[2024-07-10T23:27:02.663+0000] {logging_mixin.py:188} INFO - [2024-07-10T23:27:02.663+0000] {dagbag.py:545} INFO - Filling up the DagBag from /home/airflow/.local/lib/python3.12/site-packages/airflow/example_dags/tutorial.py
[2024-07-10T23:27:02.670+0000] {processor.py:840} INFO - DAG(s) 'tutorial' retrieved from /home/airflow/.local/lib/python3.12/site-packages/airflow/example_dags/tutorial.py
[2024-07-10T23:27:02.693+0000] {logging_mixin.py:188} INFO - [2024-07-10T23:27:02.693+0000] {dag.py:3096} INFO - Sync 1 DAGs
[2024-07-10T23:27:02.717+0000] {logging_mixin.py:188} INFO - [2024-07-10T23:27:02.717+0000] {dag.py:3954} INFO - Setting next_dagrun for tutorial to 2024-07-09 00:00:00+00:00, run_after=2024-07-10 00:00:00+00:00
[2024-07-10T23:27:02.747+0000] {processor.py:183} INFO - Processing /home/airflow/.local/lib/python3.12/site-packages/airflow/example_dags/tutorial.py took 0.093 seconds
[2024-07-10T23:27:33.379+0000] {processor.py:161} INFO - Started process (PID=626) to work on /home/airflow/.local/lib/python3.12/site-packages/airflow/example_dags/tutorial.py
[2024-07-10T23:27:33.380+0000] {processor.py:830} INFO - Processing file /home/airflow/.local/lib/python3.12/site-packages/airflow/example_dags/tutorial.py for tasks to queue
[2024-07-10T23:27:33.382+0000] {logging_mixin.py:188} INFO - [2024-07-10T23:27:33.382+0000] {dagbag.py:545} INFO - Filling up the DagBag from /home/airflow/.local/lib/python3.12/site-packages/airflow/example_dags/tutorial.py
[2024-07-10T23:27:33.388+0000] {processor.py:840} INFO - DAG(s) 'tutorial' retrieved from /home/airflow/.local/lib/python3.12/site-packages/airflow/example_dags/tutorial.py
[2024-07-10T23:27:33.420+0000] {logging_mixin.py:188} INFO - [2024-07-10T23:27:33.420+0000] {dag.py:3096} INFO - Sync 1 DAGs
[2024-07-10T23:27:33.446+0000] {logging_mixin.py:188} INFO - [2024-07-10T23:27:33.445+0000] {dag.py:3954} INFO - Setting next_dagrun for tutorial to 2024-07-09 00:00:00+00:00, run_after=2024-07-10 00:00:00+00:00
[2024-07-10T23:27:33.472+0000] {processor.py:183} INFO - Processing /home/airflow/.local/lib/python3.12/site-packages/airflow/example_dags/tutorial.py took 0.100 seconds
[2024-07-10T23:28:03.729+0000] {processor.py:161} INFO - Started process (PID=684) to work on /home/airflow/.local/lib/python3.12/site-packages/airflow/example_dags/tutorial.py
[2024-07-10T23:28:03.731+0000] {processor.py:830} INFO - Processing file /home/airflow/.local/lib/python3.12/site-packages/airflow/example_dags/tutorial.py for tasks to queue
[2024-07-10T23:28:03.732+0000] {logging_mixin.py:188} INFO - [2024-07-10T23:28:03.732+0000] {dagbag.py:545} INFO - Filling up the DagBag from /home/airflow/.local/lib/python3.12/site-packages/airflow/example_dags/tutorial.py
[2024-07-10T23:28:03.738+0000] {processor.py:840} INFO - DAG(s) 'tutorial' retrieved from /home/airflow/.local/lib/python3.12/site-packages/airflow/example_dags/tutorial.py
[2024-07-10T23:28:03.761+0000] {logging_mixin.py:188} INFO - [2024-07-10T23:28:03.761+0000] {dag.py:3096} INFO - Sync 1 DAGs
[2024-07-10T23:28:03.786+0000] {logging_mixin.py:188} INFO - [2024-07-10T23:28:03.786+0000] {dag.py:3954} INFO - Setting next_dagrun for tutorial to 2024-07-09 00:00:00+00:00, run_after=2024-07-10 00:00:00+00:00
[2024-07-10T23:28:03.816+0000] {processor.py:183} INFO - Processing /home/airflow/.local/lib/python3.12/site-packages/airflow/example_dags/tutorial.py took 0.094 seconds
[2024-07-10T23:28:33.949+0000] {processor.py:161} INFO - Started process (PID=742) to work on /home/airflow/.local/lib/python3.12/site-packages/airflow/example_dags/tutorial.py
[2024-07-10T23:28:33.951+0000] {processor.py:830} INFO - Processing file /home/airflow/.local/lib/python3.12/site-packages/airflow/example_dags/tutorial.py for tasks to queue
[2024-07-10T23:28:33.952+0000] {logging_mixin.py:188} INFO - [2024-07-10T23:28:33.952+0000] {dagbag.py:545} INFO - Filling up the DagBag from /home/airflow/.local/lib/python3.12/site-packages/airflow/example_dags/tutorial.py
[2024-07-10T23:28:33.958+0000] {processor.py:840} INFO - DAG(s) 'tutorial' retrieved from /home/airflow/.local/lib/python3.12/site-packages/airflow/example_dags/tutorial.py
[2024-07-10T23:28:33.982+0000] {logging_mixin.py:188} INFO - [2024-07-10T23:28:33.982+0000] {dag.py:3096} INFO - Sync 1 DAGs
[2024-07-10T23:28:34.006+0000] {logging_mixin.py:188} INFO - [2024-07-10T23:28:34.006+0000] {dag.py:3954} INFO - Setting next_dagrun for tutorial to 2024-07-09 00:00:00+00:00, run_after=2024-07-10 00:00:00+00:00
[2024-07-10T23:28:34.037+0000] {processor.py:183} INFO - Processing /home/airflow/.local/lib/python3.12/site-packages/airflow/example_dags/tutorial.py took 0.094 seconds
[2024-07-10T23:29:04.158+0000] {processor.py:161} INFO - Started process (PID=800) to work on /home/airflow/.local/lib/python3.12/site-packages/airflow/example_dags/tutorial.py
[2024-07-10T23:29:04.158+0000] {processor.py:830} INFO - Processing file /home/airflow/.local/lib/python3.12/site-packages/airflow/example_dags/tutorial.py for tasks to queue
[2024-07-10T23:29:04.160+0000] {logging_mixin.py:188} INFO - [2024-07-10T23:29:04.160+0000] {dagbag.py:545} INFO - Filling up the DagBag from /home/airflow/.local/lib/python3.12/site-packages/airflow/example_dags/tutorial.py
[2024-07-10T23:29:04.168+0000] {processor.py:840} INFO - DAG(s) 'tutorial' retrieved from /home/airflow/.local/lib/python3.12/site-packages/airflow/example_dags/tutorial.py
[2024-07-10T23:29:04.192+0000] {logging_mixin.py:188} INFO - [2024-07-10T23:29:04.191+0000] {dag.py:3096} INFO - Sync 1 DAGs
[2024-07-10T23:29:04.220+0000] {logging_mixin.py:188} INFO - [2024-07-10T23:29:04.219+0000] {dag.py:3954} INFO - Setting next_dagrun for tutorial to 2024-07-09 00:00:00+00:00, run_after=2024-07-10 00:00:00+00:00
[2024-07-10T23:29:04.252+0000] {processor.py:183} INFO - Processing /home/airflow/.local/lib/python3.12/site-packages/airflow/example_dags/tutorial.py took 0.100 seconds
[2024-07-10T23:29:34.309+0000] {processor.py:161} INFO - Started process (PID=858) to work on /home/airflow/.local/lib/python3.12/site-packages/airflow/example_dags/tutorial.py
[2024-07-10T23:29:34.311+0000] {processor.py:830} INFO - Processing file /home/airflow/.local/lib/python3.12/site-packages/airflow/example_dags/tutorial.py for tasks to queue
[2024-07-10T23:29:34.312+0000] {logging_mixin.py:188} INFO - [2024-07-10T23:29:34.312+0000] {dagbag.py:545} INFO - Filling up the DagBag from /home/airflow/.local/lib/python3.12/site-packages/airflow/example_dags/tutorial.py
[2024-07-10T23:29:34.321+0000] {processor.py:840} INFO - DAG(s) 'tutorial' retrieved from /home/airflow/.local/lib/python3.12/site-packages/airflow/example_dags/tutorial.py
[2024-07-10T23:29:34.344+0000] {logging_mixin.py:188} INFO - [2024-07-10T23:29:34.344+0000] {dag.py:3096} INFO - Sync 1 DAGs
[2024-07-10T23:29:34.369+0000] {logging_mixin.py:188} INFO - [2024-07-10T23:29:34.369+0000] {dag.py:3954} INFO - Setting next_dagrun for tutorial to 2024-07-09 00:00:00+00:00, run_after=2024-07-10 00:00:00+00:00
[2024-07-10T23:29:34.394+0000] {processor.py:183} INFO - Processing /home/airflow/.local/lib/python3.12/site-packages/airflow/example_dags/tutorial.py took 0.091 seconds
[2024-07-10T23:30:04.561+0000] {processor.py:161} INFO - Started process (PID=914) to work on /home/airflow/.local/lib/python3.12/site-packages/airflow/example_dags/tutorial.py
[2024-07-10T23:30:04.562+0000] {processor.py:830} INFO - Processing file /home/airflow/.local/lib/python3.12/site-packages/airflow/example_dags/tutorial.py for tasks to queue
[2024-07-10T23:30:04.563+0000] {logging_mixin.py:188} INFO - [2024-07-10T23:30:04.563+0000] {dagbag.py:545} INFO - Filling up the DagBag from /home/airflow/.local/lib/python3.12/site-packages/airflow/example_dags/tutorial.py
[2024-07-10T23:30:04.570+0000] {processor.py:840} INFO - DAG(s) 'tutorial' retrieved from /home/airflow/.local/lib/python3.12/site-packages/airflow/example_dags/tutorial.py
[2024-07-10T23:30:04.593+0000] {logging_mixin.py:188} INFO - [2024-07-10T23:30:04.593+0000] {dag.py:3096} INFO - Sync 1 DAGs
[2024-07-10T23:30:04.618+0000] {logging_mixin.py:188} INFO - [2024-07-10T23:30:04.618+0000] {dag.py:3954} INFO - Setting next_dagrun for tutorial to 2024-07-09 00:00:00+00:00, run_after=2024-07-10 00:00:00+00:00
[2024-07-10T23:30:04.643+0000] {processor.py:183} INFO - Processing /home/airflow/.local/lib/python3.12/site-packages/airflow/example_dags/tutorial.py took 0.090 seconds
[2024-07-10T23:30:35.001+0000] {processor.py:161} INFO - Started process (PID=973) to work on /home/airflow/.local/lib/python3.12/site-packages/airflow/example_dags/tutorial.py
[2024-07-10T23:30:35.002+0000] {processor.py:830} INFO - Processing file /home/airflow/.local/lib/python3.12/site-packages/airflow/example_dags/tutorial.py for tasks to queue
[2024-07-10T23:30:35.004+0000] {logging_mixin.py:188} INFO - [2024-07-10T23:30:35.004+0000] {dagbag.py:545} INFO - Filling up the DagBag from /home/airflow/.local/lib/python3.12/site-packages/airflow/example_dags/tutorial.py
[2024-07-10T23:30:35.011+0000] {processor.py:840} INFO - DAG(s) 'tutorial' retrieved from /home/airflow/.local/lib/python3.12/site-packages/airflow/example_dags/tutorial.py
[2024-07-10T23:30:35.034+0000] {logging_mixin.py:188} INFO - [2024-07-10T23:30:35.034+0000] {dag.py:3096} INFO - Sync 1 DAGs
[2024-07-10T23:30:35.058+0000] {logging_mixin.py:188} INFO - [2024-07-10T23:30:35.058+0000] {dag.py:3954} INFO - Setting next_dagrun for tutorial to 2024-07-09 00:00:00+00:00, run_after=2024-07-10 00:00:00+00:00
[2024-07-10T23:30:35.082+0000] {processor.py:183} INFO - Processing /home/airflow/.local/lib/python3.12/site-packages/airflow/example_dags/tutorial.py took 0.087 seconds
[2024-07-10T23:31:05.204+0000] {processor.py:161} INFO - Started process (PID=1031) to work on /home/airflow/.local/lib/python3.12/site-packages/airflow/example_dags/tutorial.py
[2024-07-10T23:31:05.205+0000] {processor.py:830} INFO - Processing file /home/airflow/.local/lib/python3.12/site-packages/airflow/example_dags/tutorial.py for tasks to queue
[2024-07-10T23:31:05.207+0000] {logging_mixin.py:188} INFO - [2024-07-10T23:31:05.206+0000] {dagbag.py:545} INFO - Filling up the DagBag from /home/airflow/.local/lib/python3.12/site-packages/airflow/example_dags/tutorial.py
[2024-07-10T23:31:05.213+0000] {processor.py:840} INFO - DAG(s) 'tutorial' retrieved from /home/airflow/.local/lib/python3.12/site-packages/airflow/example_dags/tutorial.py
[2024-07-10T23:31:05.237+0000] {logging_mixin.py:188} INFO - [2024-07-10T23:31:05.237+0000] {dag.py:3096} INFO - Sync 1 DAGs
[2024-07-10T23:31:05.262+0000] {logging_mixin.py:188} INFO - [2024-07-10T23:31:05.262+0000] {dag.py:3954} INFO - Setting next_dagrun for tutorial to 2024-07-09 00:00:00+00:00, run_after=2024-07-10 00:00:00+00:00
[2024-07-10T23:31:05.289+0000] {processor.py:183} INFO - Processing /home/airflow/.local/lib/python3.12/site-packages/airflow/example_dags/tutorial.py took 0.093 seconds
[2024-07-10T23:31:35.489+0000] {processor.py:161} INFO - Started process (PID=1089) to work on /home/airflow/.local/lib/python3.12/site-packages/airflow/example_dags/tutorial.py
[2024-07-10T23:31:35.490+0000] {processor.py:830} INFO - Processing file /home/airflow/.local/lib/python3.12/site-packages/airflow/example_dags/tutorial.py for tasks to queue
[2024-07-10T23:31:35.492+0000] {logging_mixin.py:188} INFO - [2024-07-10T23:31:35.492+0000] {dagbag.py:545} INFO - Filling up the DagBag from /home/airflow/.local/lib/python3.12/site-packages/airflow/example_dags/tutorial.py
[2024-07-10T23:31:35.499+0000] {processor.py:840} INFO - DAG(s) 'tutorial' retrieved from /home/airflow/.local/lib/python3.12/site-packages/airflow/example_dags/tutorial.py
[2024-07-10T23:31:35.522+0000] {logging_mixin.py:188} INFO - [2024-07-10T23:31:35.522+0000] {dag.py:3096} INFO - Sync 1 DAGs
[2024-07-10T23:31:35.547+0000] {logging_mixin.py:188} INFO - [2024-07-10T23:31:35.547+0000] {dag.py:3954} INFO - Setting next_dagrun for tutorial to 2024-07-09 00:00:00+00:00, run_after=2024-07-10 00:00:00+00:00
[2024-07-10T23:31:35.570+0000] {processor.py:183} INFO - Processing /home/airflow/.local/lib/python3.12/site-packages/airflow/example_dags/tutorial.py took 0.088 seconds
[2024-07-10T23:32:05.855+0000] {processor.py:161} INFO - Started process (PID=1147) to work on /home/airflow/.local/lib/python3.12/site-packages/airflow/example_dags/tutorial.py
[2024-07-10T23:32:05.858+0000] {processor.py:830} INFO - Processing file /home/airflow/.local/lib/python3.12/site-packages/airflow/example_dags/tutorial.py for tasks to queue
[2024-07-10T23:32:05.860+0000] {logging_mixin.py:188} INFO - [2024-07-10T23:32:05.859+0000] {dagbag.py:545} INFO - Filling up the DagBag from /home/airflow/.local/lib/python3.12/site-packages/airflow/example_dags/tutorial.py
[2024-07-10T23:32:05.866+0000] {processor.py:840} INFO - DAG(s) 'tutorial' retrieved from /home/airflow/.local/lib/python3.12/site-packages/airflow/example_dags/tutorial.py
[2024-07-10T23:32:05.888+0000] {logging_mixin.py:188} INFO - [2024-07-10T23:32:05.888+0000] {dag.py:3096} INFO - Sync 1 DAGs
[2024-07-10T23:32:05.914+0000] {logging_mixin.py:188} INFO - [2024-07-10T23:32:05.914+0000] {dag.py:3954} INFO - Setting next_dagrun for tutorial to 2024-07-09 00:00:00+00:00, run_after=2024-07-10 00:00:00+00:00
[2024-07-10T23:32:05.941+0000] {processor.py:183} INFO - Processing /home/airflow/.local/lib/python3.12/site-packages/airflow/example_dags/tutorial.py took 0.092 seconds
[2024-07-10T23:32:36.003+0000] {processor.py:161} INFO - Started process (PID=1205) to work on /home/airflow/.local/lib/python3.12/site-packages/airflow/example_dags/tutorial.py
[2024-07-10T23:32:36.004+0000] {processor.py:830} INFO - Processing file /home/airflow/.local/lib/python3.12/site-packages/airflow/example_dags/tutorial.py for tasks to queue
[2024-07-10T23:32:36.006+0000] {logging_mixin.py:188} INFO - [2024-07-10T23:32:36.006+0000] {dagbag.py:545} INFO - Filling up the DagBag from /home/airflow/.local/lib/python3.12/site-packages/airflow/example_dags/tutorial.py
[2024-07-10T23:32:36.012+0000] {processor.py:840} INFO - DAG(s) 'tutorial' retrieved from /home/airflow/.local/lib/python3.12/site-packages/airflow/example_dags/tutorial.py
[2024-07-10T23:32:36.036+0000] {logging_mixin.py:188} INFO - [2024-07-10T23:32:36.036+0000] {dag.py:3096} INFO - Sync 1 DAGs
[2024-07-10T23:32:36.064+0000] {logging_mixin.py:188} INFO - [2024-07-10T23:32:36.064+0000] {dag.py:3954} INFO - Setting next_dagrun for tutorial to 2024-07-09 00:00:00+00:00, run_after=2024-07-10 00:00:00+00:00
[2024-07-10T23:32:36.089+0000] {processor.py:183} INFO - Processing /home/airflow/.local/lib/python3.12/site-packages/airflow/example_dags/tutorial.py took 0.092 seconds
[2024-07-10T23:33:06.224+0000] {processor.py:161} INFO - Started process (PID=1263) to work on /home/airflow/.local/lib/python3.12/site-packages/airflow/example_dags/tutorial.py
[2024-07-10T23:33:06.225+0000] {processor.py:830} INFO - Processing file /home/airflow/.local/lib/python3.12/site-packages/airflow/example_dags/tutorial.py for tasks to queue
[2024-07-10T23:33:06.227+0000] {logging_mixin.py:188} INFO - [2024-07-10T23:33:06.227+0000] {dagbag.py:545} INFO - Filling up the DagBag from /home/airflow/.local/lib/python3.12/site-packages/airflow/example_dags/tutorial.py
[2024-07-10T23:33:06.234+0000] {processor.py:840} INFO - DAG(s) 'tutorial' retrieved from /home/airflow/.local/lib/python3.12/site-packages/airflow/example_dags/tutorial.py
[2024-07-10T23:33:06.257+0000] {logging_mixin.py:188} INFO - [2024-07-10T23:33:06.257+0000] {dag.py:3096} INFO - Sync 1 DAGs
[2024-07-10T23:33:06.283+0000] {logging_mixin.py:188} INFO - [2024-07-10T23:33:06.283+0000] {dag.py:3954} INFO - Setting next_dagrun for tutorial to 2024-07-09 00:00:00+00:00, run_after=2024-07-10 00:00:00+00:00
[2024-07-10T23:33:06.308+0000] {processor.py:183} INFO - Processing /home/airflow/.local/lib/python3.12/site-packages/airflow/example_dags/tutorial.py took 0.090 seconds
[2024-07-10T23:33:36.597+0000] {processor.py:161} INFO - Started process (PID=1321) to work on /home/airflow/.local/lib/python3.12/site-packages/airflow/example_dags/tutorial.py
[2024-07-10T23:33:36.598+0000] {processor.py:830} INFO - Processing file /home/airflow/.local/lib/python3.12/site-packages/airflow/example_dags/tutorial.py for tasks to queue
[2024-07-10T23:33:36.600+0000] {logging_mixin.py:188} INFO - [2024-07-10T23:33:36.600+0000] {dagbag.py:545} INFO - Filling up the DagBag from /home/airflow/.local/lib/python3.12/site-packages/airflow/example_dags/tutorial.py
[2024-07-10T23:33:36.606+0000] {processor.py:840} INFO - DAG(s) 'tutorial' retrieved from /home/airflow/.local/lib/python3.12/site-packages/airflow/example_dags/tutorial.py
[2024-07-10T23:33:36.630+0000] {logging_mixin.py:188} INFO - [2024-07-10T23:33:36.629+0000] {dag.py:3096} INFO - Sync 1 DAGs
[2024-07-10T23:33:36.654+0000] {logging_mixin.py:188} INFO - [2024-07-10T23:33:36.654+0000] {dag.py:3954} INFO - Setting next_dagrun for tutorial to 2024-07-09 00:00:00+00:00, run_after=2024-07-10 00:00:00+00:00
[2024-07-10T23:33:36.677+0000] {processor.py:183} INFO - Processing /home/airflow/.local/lib/python3.12/site-packages/airflow/example_dags/tutorial.py took 0.086 seconds
[2024-07-10T23:34:06.866+0000] {processor.py:161} INFO - Started process (PID=1379) to work on /home/airflow/.local/lib/python3.12/site-packages/airflow/example_dags/tutorial.py
[2024-07-10T23:34:06.867+0000] {processor.py:830} INFO - Processing file /home/airflow/.local/lib/python3.12/site-packages/airflow/example_dags/tutorial.py for tasks to queue
[2024-07-10T23:34:06.869+0000] {logging_mixin.py:188} INFO - [2024-07-10T23:34:06.869+0000] {dagbag.py:545} INFO - Filling up the DagBag from /home/airflow/.local/lib/python3.12/site-packages/airflow/example_dags/tutorial.py
[2024-07-10T23:34:06.877+0000] {processor.py:840} INFO - DAG(s) 'tutorial' retrieved from /home/airflow/.local/lib/python3.12/site-packages/airflow/example_dags/tutorial.py
[2024-07-10T23:34:06.900+0000] {logging_mixin.py:188} INFO - [2024-07-10T23:34:06.900+0000] {dag.py:3096} INFO - Sync 1 DAGs
[2024-07-10T23:34:06.925+0000] {logging_mixin.py:188} INFO - [2024-07-10T23:34:06.925+0000] {dag.py:3954} INFO - Setting next_dagrun for tutorial to 2024-07-09 00:00:00+00:00, run_after=2024-07-10 00:00:00+00:00
[2024-07-10T23:34:06.950+0000] {processor.py:183} INFO - Processing /home/airflow/.local/lib/python3.12/site-packages/airflow/example_dags/tutorial.py took 0.090 seconds
[2024-07-10T23:34:37.552+0000] {processor.py:161} INFO - Started process (PID=1444) to work on /home/airflow/.local/lib/python3.12/site-packages/airflow/example_dags/tutorial.py
[2024-07-10T23:34:37.553+0000] {processor.py:830} INFO - Processing file /home/airflow/.local/lib/python3.12/site-packages/airflow/example_dags/tutorial.py for tasks to queue
[2024-07-10T23:34:37.555+0000] {logging_mixin.py:188} INFO - [2024-07-10T23:34:37.555+0000] {dagbag.py:545} INFO - Filling up the DagBag from /home/airflow/.local/lib/python3.12/site-packages/airflow/example_dags/tutorial.py
[2024-07-10T23:34:37.562+0000] {processor.py:840} INFO - DAG(s) 'tutorial' retrieved from /home/airflow/.local/lib/python3.12/site-packages/airflow/example_dags/tutorial.py
[2024-07-10T23:34:37.586+0000] {logging_mixin.py:188} INFO - [2024-07-10T23:34:37.586+0000] {dag.py:3096} INFO - Sync 1 DAGs
[2024-07-10T23:34:37.613+0000] {logging_mixin.py:188} INFO - [2024-07-10T23:34:37.613+0000] {dag.py:3954} INFO - Setting next_dagrun for tutorial to 2024-07-09 00:00:00+00:00, run_after=2024-07-10 00:00:00+00:00
[2024-07-10T23:34:37.637+0000] {processor.py:183} INFO - Processing /home/airflow/.local/lib/python3.12/site-packages/airflow/example_dags/tutorial.py took 0.091 seconds
[2024-07-10T23:35:07.942+0000] {processor.py:161} INFO - Started process (PID=1501) to work on /home/airflow/.local/lib/python3.12/site-packages/airflow/example_dags/tutorial.py
[2024-07-10T23:35:07.943+0000] {processor.py:830} INFO - Processing file /home/airflow/.local/lib/python3.12/site-packages/airflow/example_dags/tutorial.py for tasks to queue
[2024-07-10T23:35:07.945+0000] {logging_mixin.py:188} INFO - [2024-07-10T23:35:07.945+0000] {dagbag.py:545} INFO - Filling up the DagBag from /home/airflow/.local/lib/python3.12/site-packages/airflow/example_dags/tutorial.py
[2024-07-10T23:35:07.951+0000] {processor.py:840} INFO - DAG(s) 'tutorial' retrieved from /home/airflow/.local/lib/python3.12/site-packages/airflow/example_dags/tutorial.py
[2024-07-10T23:35:07.973+0000] {logging_mixin.py:188} INFO - [2024-07-10T23:35:07.973+0000] {dag.py:3096} INFO - Sync 1 DAGs
[2024-07-10T23:35:07.996+0000] {logging_mixin.py:188} INFO - [2024-07-10T23:35:07.996+0000] {dag.py:3954} INFO - Setting next_dagrun for tutorial to 2024-07-09 00:00:00+00:00, run_after=2024-07-10 00:00:00+00:00
[2024-07-10T23:35:08.017+0000] {processor.py:183} INFO - Processing /home/airflow/.local/lib/python3.12/site-packages/airflow/example_dags/tutorial.py took 0.081 seconds
[2024-07-10T23:35:38.448+0000] {processor.py:161} INFO - Started process (PID=1559) to work on /home/airflow/.local/lib/python3.12/site-packages/airflow/example_dags/tutorial.py
[2024-07-10T23:35:38.453+0000] {processor.py:830} INFO - Processing file /home/airflow/.local/lib/python3.12/site-packages/airflow/example_dags/tutorial.py for tasks to queue
[2024-07-10T23:35:38.455+0000] {logging_mixin.py:188} INFO - [2024-07-10T23:35:38.455+0000] {dagbag.py:545} INFO - Filling up the DagBag from /home/airflow/.local/lib/python3.12/site-packages/airflow/example_dags/tutorial.py
[2024-07-10T23:35:38.462+0000] {processor.py:840} INFO - DAG(s) 'tutorial' retrieved from /home/airflow/.local/lib/python3.12/site-packages/airflow/example_dags/tutorial.py
[2024-07-10T23:35:38.486+0000] {logging_mixin.py:188} INFO - [2024-07-10T23:35:38.486+0000] {dag.py:3096} INFO - Sync 1 DAGs
[2024-07-10T23:35:38.510+0000] {logging_mixin.py:188} INFO - [2024-07-10T23:35:38.510+0000] {dag.py:3954} INFO - Setting next_dagrun for tutorial to 2024-07-09 00:00:00+00:00, run_after=2024-07-10 00:00:00+00:00
[2024-07-10T23:35:38.539+0000] {processor.py:183} INFO - Processing /home/airflow/.local/lib/python3.12/site-packages/airflow/example_dags/tutorial.py took 0.098 seconds
[2024-07-10T23:36:09.341+0000] {processor.py:161} INFO - Started process (PID=1617) to work on /home/airflow/.local/lib/python3.12/site-packages/airflow/example_dags/tutorial.py
[2024-07-10T23:36:09.343+0000] {processor.py:830} INFO - Processing file /home/airflow/.local/lib/python3.12/site-packages/airflow/example_dags/tutorial.py for tasks to queue
[2024-07-10T23:36:09.344+0000] {logging_mixin.py:188} INFO - [2024-07-10T23:36:09.344+0000] {dagbag.py:545} INFO - Filling up the DagBag from /home/airflow/.local/lib/python3.12/site-packages/airflow/example_dags/tutorial.py
[2024-07-10T23:36:09.351+0000] {processor.py:840} INFO - DAG(s) 'tutorial' retrieved from /home/airflow/.local/lib/python3.12/site-packages/airflow/example_dags/tutorial.py
[2024-07-10T23:36:09.374+0000] {logging_mixin.py:188} INFO - [2024-07-10T23:36:09.374+0000] {dag.py:3096} INFO - Sync 1 DAGs
[2024-07-10T23:36:09.402+0000] {logging_mixin.py:188} INFO - [2024-07-10T23:36:09.402+0000] {dag.py:3954} INFO - Setting next_dagrun for tutorial to 2024-07-09 00:00:00+00:00, run_after=2024-07-10 00:00:00+00:00
[2024-07-10T23:36:09.426+0000] {processor.py:183} INFO - Processing /home/airflow/.local/lib/python3.12/site-packages/airflow/example_dags/tutorial.py took 0.091 seconds
[2024-07-10T23:36:39.640+0000] {processor.py:161} INFO - Started process (PID=1676) to work on /home/airflow/.local/lib/python3.12/site-packages/airflow/example_dags/tutorial.py
[2024-07-10T23:36:39.641+0000] {processor.py:830} INFO - Processing file /home/airflow/.local/lib/python3.12/site-packages/airflow/example_dags/tutorial.py for tasks to queue
[2024-07-10T23:36:39.642+0000] {logging_mixin.py:188} INFO - [2024-07-10T23:36:39.642+0000] {dagbag.py:545} INFO - Filling up the DagBag from /home/airflow/.local/lib/python3.12/site-packages/airflow/example_dags/tutorial.py
[2024-07-10T23:36:39.648+0000] {processor.py:840} INFO - DAG(s) 'tutorial' retrieved from /home/airflow/.local/lib/python3.12/site-packages/airflow/example_dags/tutorial.py
[2024-07-10T23:36:39.672+0000] {logging_mixin.py:188} INFO - [2024-07-10T23:36:39.672+0000] {dag.py:3096} INFO - Sync 1 DAGs
[2024-07-10T23:36:39.698+0000] {logging_mixin.py:188} INFO - [2024-07-10T23:36:39.698+0000] {dag.py:3954} INFO - Setting next_dagrun for tutorial to 2024-07-09 00:00:00+00:00, run_after=2024-07-10 00:00:00+00:00
[2024-07-10T23:36:39.726+0000] {processor.py:183} INFO - Processing /home/airflow/.local/lib/python3.12/site-packages/airflow/example_dags/tutorial.py took 0.094 seconds
[2024-07-10T23:37:10.406+0000] {processor.py:161} INFO - Started process (PID=1734) to work on /home/airflow/.local/lib/python3.12/site-packages/airflow/example_dags/tutorial.py
[2024-07-10T23:37:10.408+0000] {processor.py:830} INFO - Processing file /home/airflow/.local/lib/python3.12/site-packages/airflow/example_dags/tutorial.py for tasks to queue
[2024-07-10T23:37:10.411+0000] {logging_mixin.py:188} INFO - [2024-07-10T23:37:10.411+0000] {dagbag.py:545} INFO - Filling up the DagBag from /home/airflow/.local/lib/python3.12/site-packages/airflow/example_dags/tutorial.py
[2024-07-10T23:37:10.417+0000] {processor.py:840} INFO - DAG(s) 'tutorial' retrieved from /home/airflow/.local/lib/python3.12/site-packages/airflow/example_dags/tutorial.py
[2024-07-10T23:37:10.441+0000] {logging_mixin.py:188} INFO - [2024-07-10T23:37:10.440+0000] {dag.py:3096} INFO - Sync 1 DAGs
[2024-07-10T23:37:10.466+0000] {logging_mixin.py:188} INFO - [2024-07-10T23:37:10.465+0000] {dag.py:3954} INFO - Setting next_dagrun for tutorial to 2024-07-09 00:00:00+00:00, run_after=2024-07-10 00:00:00+00:00
[2024-07-10T23:37:10.486+0000] {processor.py:183} INFO - Processing /home/airflow/.local/lib/python3.12/site-packages/airflow/example_dags/tutorial.py took 0.086 seconds
[2024-07-10T23:37:41.176+0000] {processor.py:161} INFO - Started process (PID=1792) to work on /home/airflow/.local/lib/python3.12/site-packages/airflow/example_dags/tutorial.py
[2024-07-10T23:37:41.177+0000] {processor.py:830} INFO - Processing file /home/airflow/.local/lib/python3.12/site-packages/airflow/example_dags/tutorial.py for tasks to queue
[2024-07-10T23:37:41.179+0000] {logging_mixin.py:188} INFO - [2024-07-10T23:37:41.179+0000] {dagbag.py:545} INFO - Filling up the DagBag from /home/airflow/.local/lib/python3.12/site-packages/airflow/example_dags/tutorial.py
[2024-07-10T23:37:41.186+0000] {processor.py:840} INFO - DAG(s) 'tutorial' retrieved from /home/airflow/.local/lib/python3.12/site-packages/airflow/example_dags/tutorial.py
[2024-07-10T23:37:41.208+0000] {logging_mixin.py:188} INFO - [2024-07-10T23:37:41.208+0000] {dag.py:3096} INFO - Sync 1 DAGs
[2024-07-10T23:37:41.233+0000] {logging_mixin.py:188} INFO - [2024-07-10T23:37:41.232+0000] {dag.py:3954} INFO - Setting next_dagrun for tutorial to 2024-07-09 00:00:00+00:00, run_after=2024-07-10 00:00:00+00:00
[2024-07-10T23:37:41.257+0000] {processor.py:183} INFO - Processing /home/airflow/.local/lib/python3.12/site-packages/airflow/example_dags/tutorial.py took 0.088 seconds
[2024-07-10T23:38:11.831+0000] {processor.py:161} INFO - Started process (PID=1850) to work on /home/airflow/.local/lib/python3.12/site-packages/airflow/example_dags/tutorial.py
[2024-07-10T23:38:11.833+0000] {processor.py:830} INFO - Processing file /home/airflow/.local/lib/python3.12/site-packages/airflow/example_dags/tutorial.py for tasks to queue
[2024-07-10T23:38:11.835+0000] {logging_mixin.py:188} INFO - [2024-07-10T23:38:11.835+0000] {dagbag.py:545} INFO - Filling up the DagBag from /home/airflow/.local/lib/python3.12/site-packages/airflow/example_dags/tutorial.py
[2024-07-10T23:38:11.841+0000] {processor.py:840} INFO - DAG(s) 'tutorial' retrieved from /home/airflow/.local/lib/python3.12/site-packages/airflow/example_dags/tutorial.py
[2024-07-10T23:38:11.863+0000] {logging_mixin.py:188} INFO - [2024-07-10T23:38:11.863+0000] {dag.py:3096} INFO - Sync 1 DAGs
[2024-07-10T23:38:11.889+0000] {logging_mixin.py:188} INFO - [2024-07-10T23:38:11.889+0000] {dag.py:3954} INFO - Setting next_dagrun for tutorial to 2024-07-09 00:00:00+00:00, run_after=2024-07-10 00:00:00+00:00
[2024-07-10T23:38:11.911+0000] {processor.py:183} INFO - Processing /home/airflow/.local/lib/python3.12/site-packages/airflow/example_dags/tutorial.py took 0.087 seconds
[2024-07-10T23:38:42.759+0000] {processor.py:161} INFO - Started process (PID=1908) to work on /home/airflow/.local/lib/python3.12/site-packages/airflow/example_dags/tutorial.py
[2024-07-10T23:38:42.761+0000] {processor.py:830} INFO - Processing file /home/airflow/.local/lib/python3.12/site-packages/airflow/example_dags/tutorial.py for tasks to queue
[2024-07-10T23:38:42.762+0000] {logging_mixin.py:188} INFO - [2024-07-10T23:38:42.762+0000] {dagbag.py:545} INFO - Filling up the DagBag from /home/airflow/.local/lib/python3.12/site-packages/airflow/example_dags/tutorial.py
[2024-07-10T23:38:42.769+0000] {processor.py:840} INFO - DAG(s) 'tutorial' retrieved from /home/airflow/.local/lib/python3.12/site-packages/airflow/example_dags/tutorial.py
[2024-07-10T23:38:42.793+0000] {logging_mixin.py:188} INFO - [2024-07-10T23:38:42.792+0000] {dag.py:3096} INFO - Sync 1 DAGs
[2024-07-10T23:38:42.956+0000] {logging_mixin.py:188} INFO - [2024-07-10T23:38:42.956+0000] {dag.py:3954} INFO - Setting next_dagrun for tutorial to 2024-07-09 00:00:00+00:00, run_after=2024-07-10 00:00:00+00:00
[2024-07-10T23:38:42.978+0000] {processor.py:183} INFO - Processing /home/airflow/.local/lib/python3.12/site-packages/airflow/example_dags/tutorial.py took 0.226 seconds
[2024-07-10T23:39:13.545+0000] {processor.py:161} INFO - Started process (PID=1966) to work on /home/airflow/.local/lib/python3.12/site-packages/airflow/example_dags/tutorial.py
[2024-07-10T23:39:13.545+0000] {processor.py:830} INFO - Processing file /home/airflow/.local/lib/python3.12/site-packages/airflow/example_dags/tutorial.py for tasks to queue
[2024-07-10T23:39:13.547+0000] {logging_mixin.py:188} INFO - [2024-07-10T23:39:13.547+0000] {dagbag.py:545} INFO - Filling up the DagBag from /home/airflow/.local/lib/python3.12/site-packages/airflow/example_dags/tutorial.py
[2024-07-10T23:39:13.555+0000] {processor.py:840} INFO - DAG(s) 'tutorial' retrieved from /home/airflow/.local/lib/python3.12/site-packages/airflow/example_dags/tutorial.py
[2024-07-10T23:39:13.576+0000] {logging_mixin.py:188} INFO - [2024-07-10T23:39:13.576+0000] {dag.py:3096} INFO - Sync 1 DAGs
[2024-07-10T23:39:13.603+0000] {logging_mixin.py:188} INFO - [2024-07-10T23:39:13.603+0000] {dag.py:3954} INFO - Setting next_dagrun for tutorial to 2024-07-09 00:00:00+00:00, run_after=2024-07-10 00:00:00+00:00
[2024-07-10T23:39:13.625+0000] {processor.py:183} INFO - Processing /home/airflow/.local/lib/python3.12/site-packages/airflow/example_dags/tutorial.py took 0.088 seconds
[2024-07-10T23:39:43.953+0000] {processor.py:161} INFO - Started process (PID=2025) to work on /home/airflow/.local/lib/python3.12/site-packages/airflow/example_dags/tutorial.py
[2024-07-10T23:39:43.954+0000] {processor.py:830} INFO - Processing file /home/airflow/.local/lib/python3.12/site-packages/airflow/example_dags/tutorial.py for tasks to queue
[2024-07-10T23:39:43.956+0000] {logging_mixin.py:188} INFO - [2024-07-10T23:39:43.956+0000] {dagbag.py:545} INFO - Filling up the DagBag from /home/airflow/.local/lib/python3.12/site-packages/airflow/example_dags/tutorial.py
[2024-07-10T23:39:43.962+0000] {processor.py:840} INFO - DAG(s) 'tutorial' retrieved from /home/airflow/.local/lib/python3.12/site-packages/airflow/example_dags/tutorial.py
[2024-07-10T23:39:43.983+0000] {logging_mixin.py:188} INFO - [2024-07-10T23:39:43.983+0000] {dag.py:3096} INFO - Sync 1 DAGs
[2024-07-10T23:39:44.008+0000] {logging_mixin.py:188} INFO - [2024-07-10T23:39:44.008+0000] {dag.py:3954} INFO - Setting next_dagrun for tutorial to 2024-07-09 00:00:00+00:00, run_after=2024-07-10 00:00:00+00:00
[2024-07-10T23:39:44.031+0000] {processor.py:183} INFO - Processing /home/airflow/.local/lib/python3.12/site-packages/airflow/example_dags/tutorial.py took 0.086 seconds
[2024-07-10T23:40:14.119+0000] {processor.py:161} INFO - Started process (PID=2083) to work on /home/airflow/.local/lib/python3.12/site-packages/airflow/example_dags/tutorial.py
[2024-07-10T23:40:14.119+0000] {processor.py:830} INFO - Processing file /home/airflow/.local/lib/python3.12/site-packages/airflow/example_dags/tutorial.py for tasks to queue
[2024-07-10T23:40:14.121+0000] {logging_mixin.py:188} INFO - [2024-07-10T23:40:14.121+0000] {dagbag.py:545} INFO - Filling up the DagBag from /home/airflow/.local/lib/python3.12/site-packages/airflow/example_dags/tutorial.py
[2024-07-10T23:40:14.128+0000] {processor.py:840} INFO - DAG(s) 'tutorial' retrieved from /home/airflow/.local/lib/python3.12/site-packages/airflow/example_dags/tutorial.py
[2024-07-10T23:40:14.149+0000] {logging_mixin.py:188} INFO - [2024-07-10T23:40:14.149+0000] {dag.py:3096} INFO - Sync 1 DAGs
[2024-07-10T23:40:14.174+0000] {logging_mixin.py:188} INFO - [2024-07-10T23:40:14.174+0000] {dag.py:3954} INFO - Setting next_dagrun for tutorial to 2024-07-09 00:00:00+00:00, run_after=2024-07-10 00:00:00+00:00
[2024-07-10T23:40:14.197+0000] {processor.py:183} INFO - Processing /home/airflow/.local/lib/python3.12/site-packages/airflow/example_dags/tutorial.py took 0.085 seconds
[2024-07-10T23:40:44.583+0000] {processor.py:161} INFO - Started process (PID=2141) to work on /home/airflow/.local/lib/python3.12/site-packages/airflow/example_dags/tutorial.py
[2024-07-10T23:40:44.585+0000] {processor.py:830} INFO - Processing file /home/airflow/.local/lib/python3.12/site-packages/airflow/example_dags/tutorial.py for tasks to queue
[2024-07-10T23:40:44.587+0000] {logging_mixin.py:188} INFO - [2024-07-10T23:40:44.586+0000] {dagbag.py:545} INFO - Filling up the DagBag from /home/airflow/.local/lib/python3.12/site-packages/airflow/example_dags/tutorial.py
[2024-07-10T23:40:44.593+0000] {processor.py:840} INFO - DAG(s) 'tutorial' retrieved from /home/airflow/.local/lib/python3.12/site-packages/airflow/example_dags/tutorial.py
[2024-07-10T23:40:44.619+0000] {logging_mixin.py:188} INFO - [2024-07-10T23:40:44.618+0000] {dag.py:3096} INFO - Sync 1 DAGs
[2024-07-10T23:40:44.643+0000] {logging_mixin.py:188} INFO - [2024-07-10T23:40:44.643+0000] {dag.py:3954} INFO - Setting next_dagrun for tutorial to 2024-07-09 00:00:00+00:00, run_after=2024-07-10 00:00:00+00:00
[2024-07-10T23:40:44.665+0000] {processor.py:183} INFO - Processing /home/airflow/.local/lib/python3.12/site-packages/airflow/example_dags/tutorial.py took 0.088 seconds
[2024-07-10T23:41:14.863+0000] {processor.py:161} INFO - Started process (PID=2200) to work on /home/airflow/.local/lib/python3.12/site-packages/airflow/example_dags/tutorial.py
[2024-07-10T23:41:14.864+0000] {processor.py:830} INFO - Processing file /home/airflow/.local/lib/python3.12/site-packages/airflow/example_dags/tutorial.py for tasks to queue
[2024-07-10T23:41:14.867+0000] {logging_mixin.py:188} INFO - [2024-07-10T23:41:14.866+0000] {dagbag.py:545} INFO - Filling up the DagBag from /home/airflow/.local/lib/python3.12/site-packages/airflow/example_dags/tutorial.py
[2024-07-10T23:41:14.874+0000] {processor.py:840} INFO - DAG(s) 'tutorial' retrieved from /home/airflow/.local/lib/python3.12/site-packages/airflow/example_dags/tutorial.py
[2024-07-10T23:41:14.898+0000] {logging_mixin.py:188} INFO - [2024-07-10T23:41:14.897+0000] {dag.py:3096} INFO - Sync 1 DAGs
[2024-07-10T23:41:14.924+0000] {logging_mixin.py:188} INFO - [2024-07-10T23:41:14.923+0000] {dag.py:3954} INFO - Setting next_dagrun for tutorial to 2024-07-09 00:00:00+00:00, run_after=2024-07-10 00:00:00+00:00
[2024-07-10T23:41:14.945+0000] {processor.py:183} INFO - Processing /home/airflow/.local/lib/python3.12/site-packages/airflow/example_dags/tutorial.py took 0.088 seconds
[2024-07-10T23:41:45.182+0000] {processor.py:161} INFO - Started process (PID=2259) to work on /home/airflow/.local/lib/python3.12/site-packages/airflow/example_dags/tutorial.py
[2024-07-10T23:41:45.183+0000] {processor.py:830} INFO - Processing file /home/airflow/.local/lib/python3.12/site-packages/airflow/example_dags/tutorial.py for tasks to queue
[2024-07-10T23:41:45.185+0000] {logging_mixin.py:188} INFO - [2024-07-10T23:41:45.184+0000] {dagbag.py:545} INFO - Filling up the DagBag from /home/airflow/.local/lib/python3.12/site-packages/airflow/example_dags/tutorial.py
[2024-07-10T23:41:45.191+0000] {processor.py:840} INFO - DAG(s) 'tutorial' retrieved from /home/airflow/.local/lib/python3.12/site-packages/airflow/example_dags/tutorial.py
[2024-07-10T23:41:45.213+0000] {logging_mixin.py:188} INFO - [2024-07-10T23:41:45.213+0000] {dag.py:3096} INFO - Sync 1 DAGs
[2024-07-10T23:41:45.238+0000] {logging_mixin.py:188} INFO - [2024-07-10T23:41:45.238+0000] {dag.py:3954} INFO - Setting next_dagrun for tutorial to 2024-07-09 00:00:00+00:00, run_after=2024-07-10 00:00:00+00:00
[2024-07-10T23:41:45.267+0000] {processor.py:183} INFO - Processing /home/airflow/.local/lib/python3.12/site-packages/airflow/example_dags/tutorial.py took 0.091 seconds
[2024-07-10T23:42:15.447+0000] {processor.py:161} INFO - Started process (PID=2317) to work on /home/airflow/.local/lib/python3.12/site-packages/airflow/example_dags/tutorial.py
[2024-07-10T23:42:15.448+0000] {processor.py:830} INFO - Processing file /home/airflow/.local/lib/python3.12/site-packages/airflow/example_dags/tutorial.py for tasks to queue
[2024-07-10T23:42:15.450+0000] {logging_mixin.py:188} INFO - [2024-07-10T23:42:15.450+0000] {dagbag.py:545} INFO - Filling up the DagBag from /home/airflow/.local/lib/python3.12/site-packages/airflow/example_dags/tutorial.py
[2024-07-10T23:42:15.456+0000] {processor.py:840} INFO - DAG(s) 'tutorial' retrieved from /home/airflow/.local/lib/python3.12/site-packages/airflow/example_dags/tutorial.py
[2024-07-10T23:42:15.479+0000] {logging_mixin.py:188} INFO - [2024-07-10T23:42:15.478+0000] {dag.py:3096} INFO - Sync 1 DAGs
[2024-07-10T23:42:15.504+0000] {logging_mixin.py:188} INFO - [2024-07-10T23:42:15.504+0000] {dag.py:3954} INFO - Setting next_dagrun for tutorial to 2024-07-09 00:00:00+00:00, run_after=2024-07-10 00:00:00+00:00
[2024-07-10T23:42:15.534+0000] {processor.py:183} INFO - Processing /home/airflow/.local/lib/python3.12/site-packages/airflow/example_dags/tutorial.py took 0.094 seconds
[2024-07-10T23:42:45.662+0000] {processor.py:161} INFO - Started process (PID=2375) to work on /home/airflow/.local/lib/python3.12/site-packages/airflow/example_dags/tutorial.py
[2024-07-10T23:42:45.663+0000] {processor.py:830} INFO - Processing file /home/airflow/.local/lib/python3.12/site-packages/airflow/example_dags/tutorial.py for tasks to queue
[2024-07-10T23:42:45.666+0000] {logging_mixin.py:188} INFO - [2024-07-10T23:42:45.665+0000] {dagbag.py:545} INFO - Filling up the DagBag from /home/airflow/.local/lib/python3.12/site-packages/airflow/example_dags/tutorial.py
[2024-07-10T23:42:45.671+0000] {processor.py:840} INFO - DAG(s) 'tutorial' retrieved from /home/airflow/.local/lib/python3.12/site-packages/airflow/example_dags/tutorial.py
[2024-07-10T23:42:45.695+0000] {logging_mixin.py:188} INFO - [2024-07-10T23:42:45.695+0000] {dag.py:3096} INFO - Sync 1 DAGs
[2024-07-10T23:42:45.722+0000] {logging_mixin.py:188} INFO - [2024-07-10T23:42:45.721+0000] {dag.py:3954} INFO - Setting next_dagrun for tutorial to 2024-07-09 00:00:00+00:00, run_after=2024-07-10 00:00:00+00:00
[2024-07-10T23:42:45.744+0000] {processor.py:183} INFO - Processing /home/airflow/.local/lib/python3.12/site-packages/airflow/example_dags/tutorial.py took 0.088 seconds
[2024-07-10T23:43:15.988+0000] {processor.py:161} INFO - Started process (PID=2433) to work on /home/airflow/.local/lib/python3.12/site-packages/airflow/example_dags/tutorial.py
[2024-07-10T23:43:15.989+0000] {processor.py:830} INFO - Processing file /home/airflow/.local/lib/python3.12/site-packages/airflow/example_dags/tutorial.py for tasks to queue
[2024-07-10T23:43:15.991+0000] {logging_mixin.py:188} INFO - [2024-07-10T23:43:15.990+0000] {dagbag.py:545} INFO - Filling up the DagBag from /home/airflow/.local/lib/python3.12/site-packages/airflow/example_dags/tutorial.py
[2024-07-10T23:43:15.996+0000] {processor.py:840} INFO - DAG(s) 'tutorial' retrieved from /home/airflow/.local/lib/python3.12/site-packages/airflow/example_dags/tutorial.py
[2024-07-10T23:43:16.020+0000] {logging_mixin.py:188} INFO - [2024-07-10T23:43:16.019+0000] {dag.py:3096} INFO - Sync 1 DAGs
[2024-07-10T23:43:16.044+0000] {logging_mixin.py:188} INFO - [2024-07-10T23:43:16.044+0000] {dag.py:3954} INFO - Setting next_dagrun for tutorial to 2024-07-09 00:00:00+00:00, run_after=2024-07-10 00:00:00+00:00
[2024-07-10T23:43:16.073+0000] {processor.py:183} INFO - Processing /home/airflow/.local/lib/python3.12/site-packages/airflow/example_dags/tutorial.py took 0.092 seconds
[2024-07-10T23:43:46.320+0000] {processor.py:161} INFO - Started process (PID=2491) to work on /home/airflow/.local/lib/python3.12/site-packages/airflow/example_dags/tutorial.py
[2024-07-10T23:43:46.321+0000] {processor.py:830} INFO - Processing file /home/airflow/.local/lib/python3.12/site-packages/airflow/example_dags/tutorial.py for tasks to queue
[2024-07-10T23:43:46.323+0000] {logging_mixin.py:188} INFO - [2024-07-10T23:43:46.323+0000] {dagbag.py:545} INFO - Filling up the DagBag from /home/airflow/.local/lib/python3.12/site-packages/airflow/example_dags/tutorial.py
[2024-07-10T23:43:46.329+0000] {processor.py:840} INFO - DAG(s) 'tutorial' retrieved from /home/airflow/.local/lib/python3.12/site-packages/airflow/example_dags/tutorial.py
[2024-07-10T23:43:46.351+0000] {logging_mixin.py:188} INFO - [2024-07-10T23:43:46.351+0000] {dag.py:3096} INFO - Sync 1 DAGs
[2024-07-10T23:43:46.378+0000] {logging_mixin.py:188} INFO - [2024-07-10T23:43:46.378+0000] {dag.py:3954} INFO - Setting next_dagrun for tutorial to 2024-07-09 00:00:00+00:00, run_after=2024-07-10 00:00:00+00:00
[2024-07-10T23:43:46.404+0000] {processor.py:183} INFO - Processing /home/airflow/.local/lib/python3.12/site-packages/airflow/example_dags/tutorial.py took 0.092 seconds
[2024-07-10T23:44:16.933+0000] {processor.py:161} INFO - Started process (PID=2550) to work on /home/airflow/.local/lib/python3.12/site-packages/airflow/example_dags/tutorial.py
[2024-07-10T23:44:16.934+0000] {processor.py:830} INFO - Processing file /home/airflow/.local/lib/python3.12/site-packages/airflow/example_dags/tutorial.py for tasks to queue
[2024-07-10T23:44:16.936+0000] {logging_mixin.py:188} INFO - [2024-07-10T23:44:16.935+0000] {dagbag.py:545} INFO - Filling up the DagBag from /home/airflow/.local/lib/python3.12/site-packages/airflow/example_dags/tutorial.py
[2024-07-10T23:44:16.944+0000] {processor.py:840} INFO - DAG(s) 'tutorial' retrieved from /home/airflow/.local/lib/python3.12/site-packages/airflow/example_dags/tutorial.py
[2024-07-10T23:44:16.968+0000] {logging_mixin.py:188} INFO - [2024-07-10T23:44:16.968+0000] {dag.py:3096} INFO - Sync 1 DAGs
[2024-07-10T23:44:16.998+0000] {logging_mixin.py:188} INFO - [2024-07-10T23:44:16.998+0000] {dag.py:3954} INFO - Setting next_dagrun for tutorial to 2024-07-09 00:00:00+00:00, run_after=2024-07-10 00:00:00+00:00
[2024-07-10T23:44:17.022+0000] {processor.py:183} INFO - Processing /home/airflow/.local/lib/python3.12/site-packages/airflow/example_dags/tutorial.py took 0.098 seconds
[2024-07-10T23:44:47.389+0000] {processor.py:161} INFO - Started process (PID=2608) to work on /home/airflow/.local/lib/python3.12/site-packages/airflow/example_dags/tutorial.py
[2024-07-10T23:44:47.392+0000] {processor.py:830} INFO - Processing file /home/airflow/.local/lib/python3.12/site-packages/airflow/example_dags/tutorial.py for tasks to queue
[2024-07-10T23:44:47.394+0000] {logging_mixin.py:188} INFO - [2024-07-10T23:44:47.394+0000] {dagbag.py:545} INFO - Filling up the DagBag from /home/airflow/.local/lib/python3.12/site-packages/airflow/example_dags/tutorial.py
[2024-07-10T23:44:47.403+0000] {processor.py:840} INFO - DAG(s) 'tutorial' retrieved from /home/airflow/.local/lib/python3.12/site-packages/airflow/example_dags/tutorial.py
[2024-07-10T23:44:47.468+0000] {logging_mixin.py:188} INFO - [2024-07-10T23:44:47.468+0000] {dag.py:3096} INFO - Sync 1 DAGs
[2024-07-10T23:44:47.534+0000] {logging_mixin.py:188} INFO - [2024-07-10T23:44:47.534+0000] {dag.py:3954} INFO - Setting next_dagrun for tutorial to 2024-07-09 00:00:00+00:00, run_after=2024-07-10 00:00:00+00:00
[2024-07-10T23:44:47.590+0000] {processor.py:183} INFO - Processing /home/airflow/.local/lib/python3.12/site-packages/airflow/example_dags/tutorial.py took 0.203 seconds
[2024-07-10T23:45:18.145+0000] {processor.py:161} INFO - Started process (PID=2666) to work on /home/airflow/.local/lib/python3.12/site-packages/airflow/example_dags/tutorial.py
[2024-07-10T23:45:18.146+0000] {processor.py:830} INFO - Processing file /home/airflow/.local/lib/python3.12/site-packages/airflow/example_dags/tutorial.py for tasks to queue
[2024-07-10T23:45:18.148+0000] {logging_mixin.py:188} INFO - [2024-07-10T23:45:18.148+0000] {dagbag.py:545} INFO - Filling up the DagBag from /home/airflow/.local/lib/python3.12/site-packages/airflow/example_dags/tutorial.py
[2024-07-10T23:45:18.161+0000] {processor.py:840} INFO - DAG(s) 'tutorial' retrieved from /home/airflow/.local/lib/python3.12/site-packages/airflow/example_dags/tutorial.py
[2024-07-10T23:45:18.204+0000] {logging_mixin.py:188} INFO - [2024-07-10T23:45:18.203+0000] {dag.py:3096} INFO - Sync 1 DAGs
[2024-07-10T23:45:18.233+0000] {logging_mixin.py:188} INFO - [2024-07-10T23:45:18.233+0000] {dag.py:3954} INFO - Setting next_dagrun for tutorial to 2024-07-09 00:00:00+00:00, run_after=2024-07-10 00:00:00+00:00
[2024-07-10T23:45:18.268+0000] {processor.py:183} INFO - Processing /home/airflow/.local/lib/python3.12/site-packages/airflow/example_dags/tutorial.py took 0.129 seconds
[2024-07-10T23:45:48.906+0000] {processor.py:161} INFO - Started process (PID=2724) to work on /home/airflow/.local/lib/python3.12/site-packages/airflow/example_dags/tutorial.py
[2024-07-10T23:45:48.907+0000] {processor.py:830} INFO - Processing file /home/airflow/.local/lib/python3.12/site-packages/airflow/example_dags/tutorial.py for tasks to queue
[2024-07-10T23:45:48.909+0000] {logging_mixin.py:188} INFO - [2024-07-10T23:45:48.909+0000] {dagbag.py:545} INFO - Filling up the DagBag from /home/airflow/.local/lib/python3.12/site-packages/airflow/example_dags/tutorial.py
[2024-07-10T23:45:48.916+0000] {processor.py:840} INFO - DAG(s) 'tutorial' retrieved from /home/airflow/.local/lib/python3.12/site-packages/airflow/example_dags/tutorial.py
[2024-07-10T23:45:48.942+0000] {logging_mixin.py:188} INFO - [2024-07-10T23:45:48.942+0000] {dag.py:3096} INFO - Sync 1 DAGs
[2024-07-10T23:45:48.969+0000] {logging_mixin.py:188} INFO - [2024-07-10T23:45:48.969+0000] {dag.py:3954} INFO - Setting next_dagrun for tutorial to 2024-07-09 00:00:00+00:00, run_after=2024-07-10 00:00:00+00:00
[2024-07-10T23:45:49.003+0000] {processor.py:183} INFO - Processing /home/airflow/.local/lib/python3.12/site-packages/airflow/example_dags/tutorial.py took 0.117 seconds
[2024-07-10T23:46:19.325+0000] {processor.py:161} INFO - Started process (PID=2782) to work on /home/airflow/.local/lib/python3.12/site-packages/airflow/example_dags/tutorial.py
[2024-07-10T23:46:19.326+0000] {processor.py:830} INFO - Processing file /home/airflow/.local/lib/python3.12/site-packages/airflow/example_dags/tutorial.py for tasks to queue
[2024-07-10T23:46:19.328+0000] {logging_mixin.py:188} INFO - [2024-07-10T23:46:19.328+0000] {dagbag.py:545} INFO - Filling up the DagBag from /home/airflow/.local/lib/python3.12/site-packages/airflow/example_dags/tutorial.py
[2024-07-10T23:46:19.335+0000] {processor.py:840} INFO - DAG(s) 'tutorial' retrieved from /home/airflow/.local/lib/python3.12/site-packages/airflow/example_dags/tutorial.py
[2024-07-10T23:46:19.359+0000] {logging_mixin.py:188} INFO - [2024-07-10T23:46:19.359+0000] {dag.py:3096} INFO - Sync 1 DAGs
[2024-07-10T23:46:19.388+0000] {logging_mixin.py:188} INFO - [2024-07-10T23:46:19.387+0000] {dag.py:3954} INFO - Setting next_dagrun for tutorial to 2024-07-09 00:00:00+00:00, run_after=2024-07-10 00:00:00+00:00
[2024-07-10T23:46:19.418+0000] {processor.py:183} INFO - Processing /home/airflow/.local/lib/python3.12/site-packages/airflow/example_dags/tutorial.py took 0.100 seconds
[2024-07-10T23:46:49.925+0000] {processor.py:161} INFO - Started process (PID=2840) to work on /home/airflow/.local/lib/python3.12/site-packages/airflow/example_dags/tutorial.py
[2024-07-10T23:46:49.926+0000] {processor.py:830} INFO - Processing file /home/airflow/.local/lib/python3.12/site-packages/airflow/example_dags/tutorial.py for tasks to queue
[2024-07-10T23:46:49.927+0000] {logging_mixin.py:188} INFO - [2024-07-10T23:46:49.927+0000] {dagbag.py:545} INFO - Filling up the DagBag from /home/airflow/.local/lib/python3.12/site-packages/airflow/example_dags/tutorial.py
[2024-07-10T23:46:49.934+0000] {processor.py:840} INFO - DAG(s) 'tutorial' retrieved from /home/airflow/.local/lib/python3.12/site-packages/airflow/example_dags/tutorial.py
[2024-07-10T23:46:49.956+0000] {logging_mixin.py:188} INFO - [2024-07-10T23:46:49.956+0000] {dag.py:3096} INFO - Sync 1 DAGs
[2024-07-10T23:46:49.982+0000] {logging_mixin.py:188} INFO - [2024-07-10T23:46:49.981+0000] {dag.py:3954} INFO - Setting next_dagrun for tutorial to 2024-07-09 00:00:00+00:00, run_after=2024-07-10 00:00:00+00:00
[2024-07-10T23:46:50.002+0000] {processor.py:183} INFO - Processing /home/airflow/.local/lib/python3.12/site-packages/airflow/example_dags/tutorial.py took 0.084 seconds
[2024-07-10T23:47:20.071+0000] {processor.py:161} INFO - Started process (PID=2898) to work on /home/airflow/.local/lib/python3.12/site-packages/airflow/example_dags/tutorial.py
[2024-07-10T23:47:20.072+0000] {processor.py:830} INFO - Processing file /home/airflow/.local/lib/python3.12/site-packages/airflow/example_dags/tutorial.py for tasks to queue
[2024-07-10T23:47:20.074+0000] {logging_mixin.py:188} INFO - [2024-07-10T23:47:20.074+0000] {dagbag.py:545} INFO - Filling up the DagBag from /home/airflow/.local/lib/python3.12/site-packages/airflow/example_dags/tutorial.py
[2024-07-10T23:47:20.080+0000] {processor.py:840} INFO - DAG(s) 'tutorial' retrieved from /home/airflow/.local/lib/python3.12/site-packages/airflow/example_dags/tutorial.py
[2024-07-10T23:47:20.102+0000] {logging_mixin.py:188} INFO - [2024-07-10T23:47:20.102+0000] {dag.py:3096} INFO - Sync 1 DAGs
[2024-07-10T23:47:20.127+0000] {logging_mixin.py:188} INFO - [2024-07-10T23:47:20.127+0000] {dag.py:3954} INFO - Setting next_dagrun for tutorial to 2024-07-09 00:00:00+00:00, run_after=2024-07-10 00:00:00+00:00
[2024-07-10T23:47:20.148+0000] {processor.py:183} INFO - Processing /home/airflow/.local/lib/python3.12/site-packages/airflow/example_dags/tutorial.py took 0.084 seconds
[2024-07-10T23:47:50.398+0000] {processor.py:161} INFO - Started process (PID=2956) to work on /home/airflow/.local/lib/python3.12/site-packages/airflow/example_dags/tutorial.py
[2024-07-10T23:47:50.399+0000] {processor.py:830} INFO - Processing file /home/airflow/.local/lib/python3.12/site-packages/airflow/example_dags/tutorial.py for tasks to queue
[2024-07-10T23:47:50.401+0000] {logging_mixin.py:188} INFO - [2024-07-10T23:47:50.401+0000] {dagbag.py:545} INFO - Filling up the DagBag from /home/airflow/.local/lib/python3.12/site-packages/airflow/example_dags/tutorial.py
[2024-07-10T23:47:50.408+0000] {processor.py:840} INFO - DAG(s) 'tutorial' retrieved from /home/airflow/.local/lib/python3.12/site-packages/airflow/example_dags/tutorial.py
[2024-07-10T23:47:50.432+0000] {logging_mixin.py:188} INFO - [2024-07-10T23:47:50.431+0000] {dag.py:3096} INFO - Sync 1 DAGs
[2024-07-10T23:47:50.462+0000] {logging_mixin.py:188} INFO - [2024-07-10T23:47:50.461+0000] {dag.py:3954} INFO - Setting next_dagrun for tutorial to 2024-07-09 00:00:00+00:00, run_after=2024-07-10 00:00:00+00:00
[2024-07-10T23:47:50.488+0000] {processor.py:183} INFO - Processing /home/airflow/.local/lib/python3.12/site-packages/airflow/example_dags/tutorial.py took 0.099 seconds
[2024-07-10T23:48:20.675+0000] {processor.py:161} INFO - Started process (PID=3014) to work on /home/airflow/.local/lib/python3.12/site-packages/airflow/example_dags/tutorial.py
[2024-07-10T23:48:20.676+0000] {processor.py:830} INFO - Processing file /home/airflow/.local/lib/python3.12/site-packages/airflow/example_dags/tutorial.py for tasks to queue
[2024-07-10T23:48:20.678+0000] {logging_mixin.py:188} INFO - [2024-07-10T23:48:20.677+0000] {dagbag.py:545} INFO - Filling up the DagBag from /home/airflow/.local/lib/python3.12/site-packages/airflow/example_dags/tutorial.py
[2024-07-10T23:48:20.684+0000] {processor.py:840} INFO - DAG(s) 'tutorial' retrieved from /home/airflow/.local/lib/python3.12/site-packages/airflow/example_dags/tutorial.py
[2024-07-10T23:48:20.706+0000] {logging_mixin.py:188} INFO - [2024-07-10T23:48:20.706+0000] {dag.py:3096} INFO - Sync 1 DAGs
[2024-07-10T23:48:20.730+0000] {logging_mixin.py:188} INFO - [2024-07-10T23:48:20.730+0000] {dag.py:3954} INFO - Setting next_dagrun for tutorial to 2024-07-09 00:00:00+00:00, run_after=2024-07-10 00:00:00+00:00
[2024-07-10T23:48:20.763+0000] {processor.py:183} INFO - Processing /home/airflow/.local/lib/python3.12/site-packages/airflow/example_dags/tutorial.py took 0.095 seconds
[2024-07-10T23:48:51.399+0000] {processor.py:161} INFO - Started process (PID=3072) to work on /home/airflow/.local/lib/python3.12/site-packages/airflow/example_dags/tutorial.py
[2024-07-10T23:48:51.400+0000] {processor.py:830} INFO - Processing file /home/airflow/.local/lib/python3.12/site-packages/airflow/example_dags/tutorial.py for tasks to queue
[2024-07-10T23:48:51.402+0000] {logging_mixin.py:188} INFO - [2024-07-10T23:48:51.402+0000] {dagbag.py:545} INFO - Filling up the DagBag from /home/airflow/.local/lib/python3.12/site-packages/airflow/example_dags/tutorial.py
[2024-07-10T23:48:51.408+0000] {processor.py:840} INFO - DAG(s) 'tutorial' retrieved from /home/airflow/.local/lib/python3.12/site-packages/airflow/example_dags/tutorial.py
[2024-07-10T23:48:51.429+0000] {logging_mixin.py:188} INFO - [2024-07-10T23:48:51.429+0000] {dag.py:3096} INFO - Sync 1 DAGs
[2024-07-10T23:48:51.453+0000] {logging_mixin.py:188} INFO - [2024-07-10T23:48:51.453+0000] {dag.py:3954} INFO - Setting next_dagrun for tutorial to 2024-07-09 00:00:00+00:00, run_after=2024-07-10 00:00:00+00:00
[2024-07-10T23:48:51.472+0000] {processor.py:183} INFO - Processing /home/airflow/.local/lib/python3.12/site-packages/airflow/example_dags/tutorial.py took 0.079 seconds
[2024-07-10T23:49:22.211+0000] {processor.py:161} INFO - Started process (PID=3130) to work on /home/airflow/.local/lib/python3.12/site-packages/airflow/example_dags/tutorial.py
[2024-07-10T23:49:22.213+0000] {processor.py:830} INFO - Processing file /home/airflow/.local/lib/python3.12/site-packages/airflow/example_dags/tutorial.py for tasks to queue
[2024-07-10T23:49:22.215+0000] {logging_mixin.py:188} INFO - [2024-07-10T23:49:22.215+0000] {dagbag.py:545} INFO - Filling up the DagBag from /home/airflow/.local/lib/python3.12/site-packages/airflow/example_dags/tutorial.py
[2024-07-10T23:49:22.221+0000] {processor.py:840} INFO - DAG(s) 'tutorial' retrieved from /home/airflow/.local/lib/python3.12/site-packages/airflow/example_dags/tutorial.py
[2024-07-10T23:49:22.244+0000] {logging_mixin.py:188} INFO - [2024-07-10T23:49:22.244+0000] {dag.py:3096} INFO - Sync 1 DAGs
[2024-07-10T23:49:22.268+0000] {logging_mixin.py:188} INFO - [2024-07-10T23:49:22.268+0000] {dag.py:3954} INFO - Setting next_dagrun for tutorial to 2024-07-09 00:00:00+00:00, run_after=2024-07-10 00:00:00+00:00
[2024-07-10T23:49:22.290+0000] {processor.py:183} INFO - Processing /home/airflow/.local/lib/python3.12/site-packages/airflow/example_dags/tutorial.py took 0.086 seconds
[2024-07-10T23:49:52.595+0000] {processor.py:161} INFO - Started process (PID=3188) to work on /home/airflow/.local/lib/python3.12/site-packages/airflow/example_dags/tutorial.py
[2024-07-10T23:49:52.597+0000] {processor.py:830} INFO - Processing file /home/airflow/.local/lib/python3.12/site-packages/airflow/example_dags/tutorial.py for tasks to queue
[2024-07-10T23:49:52.599+0000] {logging_mixin.py:188} INFO - [2024-07-10T23:49:52.599+0000] {dagbag.py:545} INFO - Filling up the DagBag from /home/airflow/.local/lib/python3.12/site-packages/airflow/example_dags/tutorial.py
[2024-07-10T23:49:52.609+0000] {processor.py:840} INFO - DAG(s) 'tutorial' retrieved from /home/airflow/.local/lib/python3.12/site-packages/airflow/example_dags/tutorial.py
[2024-07-10T23:49:52.636+0000] {logging_mixin.py:188} INFO - [2024-07-10T23:49:52.636+0000] {dag.py:3096} INFO - Sync 1 DAGs
[2024-07-10T23:49:52.664+0000] {logging_mixin.py:188} INFO - [2024-07-10T23:49:52.664+0000] {dag.py:3954} INFO - Setting next_dagrun for tutorial to 2024-07-09 00:00:00+00:00, run_after=2024-07-10 00:00:00+00:00
[2024-07-10T23:49:52.693+0000] {processor.py:183} INFO - Processing /home/airflow/.local/lib/python3.12/site-packages/airflow/example_dags/tutorial.py took 0.105 seconds
[2024-07-10T23:50:22.790+0000] {processor.py:161} INFO - Started process (PID=3246) to work on /home/airflow/.local/lib/python3.12/site-packages/airflow/example_dags/tutorial.py
[2024-07-10T23:50:22.792+0000] {processor.py:830} INFO - Processing file /home/airflow/.local/lib/python3.12/site-packages/airflow/example_dags/tutorial.py for tasks to queue
[2024-07-10T23:50:22.794+0000] {logging_mixin.py:188} INFO - [2024-07-10T23:50:22.793+0000] {dagbag.py:545} INFO - Filling up the DagBag from /home/airflow/.local/lib/python3.12/site-packages/airflow/example_dags/tutorial.py
[2024-07-10T23:50:22.800+0000] {processor.py:840} INFO - DAG(s) 'tutorial' retrieved from /home/airflow/.local/lib/python3.12/site-packages/airflow/example_dags/tutorial.py
[2024-07-10T23:50:22.823+0000] {logging_mixin.py:188} INFO - [2024-07-10T23:50:22.823+0000] {dag.py:3096} INFO - Sync 1 DAGs
[2024-07-10T23:50:22.854+0000] {logging_mixin.py:188} INFO - [2024-07-10T23:50:22.853+0000] {dag.py:3954} INFO - Setting next_dagrun for tutorial to 2024-07-09 00:00:00+00:00, run_after=2024-07-10 00:00:00+00:00
[2024-07-10T23:50:22.876+0000] {processor.py:183} INFO - Processing /home/airflow/.local/lib/python3.12/site-packages/airflow/example_dags/tutorial.py took 0.093 seconds
[2024-07-10T23:50:53.216+0000] {processor.py:161} INFO - Started process (PID=3304) to work on /home/airflow/.local/lib/python3.12/site-packages/airflow/example_dags/tutorial.py
[2024-07-10T23:50:53.217+0000] {processor.py:830} INFO - Processing file /home/airflow/.local/lib/python3.12/site-packages/airflow/example_dags/tutorial.py for tasks to queue
[2024-07-10T23:50:53.219+0000] {logging_mixin.py:188} INFO - [2024-07-10T23:50:53.218+0000] {dagbag.py:545} INFO - Filling up the DagBag from /home/airflow/.local/lib/python3.12/site-packages/airflow/example_dags/tutorial.py
[2024-07-10T23:50:53.225+0000] {processor.py:840} INFO - DAG(s) 'tutorial' retrieved from /home/airflow/.local/lib/python3.12/site-packages/airflow/example_dags/tutorial.py
[2024-07-10T23:50:53.249+0000] {logging_mixin.py:188} INFO - [2024-07-10T23:50:53.249+0000] {dag.py:3096} INFO - Sync 1 DAGs
[2024-07-10T23:50:53.274+0000] {logging_mixin.py:188} INFO - [2024-07-10T23:50:53.273+0000] {dag.py:3954} INFO - Setting next_dagrun for tutorial to 2024-07-09 00:00:00+00:00, run_after=2024-07-10 00:00:00+00:00
[2024-07-10T23:50:53.304+0000] {processor.py:183} INFO - Processing /home/airflow/.local/lib/python3.12/site-packages/airflow/example_dags/tutorial.py took 0.095 seconds
[2024-07-10T23:51:23.760+0000] {processor.py:161} INFO - Started process (PID=3363) to work on /home/airflow/.local/lib/python3.12/site-packages/airflow/example_dags/tutorial.py
[2024-07-10T23:51:23.761+0000] {processor.py:830} INFO - Processing file /home/airflow/.local/lib/python3.12/site-packages/airflow/example_dags/tutorial.py for tasks to queue
[2024-07-10T23:51:23.765+0000] {logging_mixin.py:188} INFO - [2024-07-10T23:51:23.764+0000] {dagbag.py:545} INFO - Filling up the DagBag from /home/airflow/.local/lib/python3.12/site-packages/airflow/example_dags/tutorial.py
[2024-07-10T23:51:23.772+0000] {processor.py:840} INFO - DAG(s) 'tutorial' retrieved from /home/airflow/.local/lib/python3.12/site-packages/airflow/example_dags/tutorial.py
[2024-07-10T23:51:23.797+0000] {logging_mixin.py:188} INFO - [2024-07-10T23:51:23.797+0000] {dag.py:3096} INFO - Sync 1 DAGs
[2024-07-10T23:51:23.826+0000] {logging_mixin.py:188} INFO - [2024-07-10T23:51:23.826+0000] {dag.py:3954} INFO - Setting next_dagrun for tutorial to 2024-07-09 00:00:00+00:00, run_after=2024-07-10 00:00:00+00:00
[2024-07-10T23:51:23.855+0000] {processor.py:183} INFO - Processing /home/airflow/.local/lib/python3.12/site-packages/airflow/example_dags/tutorial.py took 0.102 seconds
[2024-07-10T23:51:54.026+0000] {processor.py:161} INFO - Started process (PID=3421) to work on /home/airflow/.local/lib/python3.12/site-packages/airflow/example_dags/tutorial.py
[2024-07-10T23:51:54.027+0000] {processor.py:830} INFO - Processing file /home/airflow/.local/lib/python3.12/site-packages/airflow/example_dags/tutorial.py for tasks to queue
[2024-07-10T23:51:54.029+0000] {logging_mixin.py:188} INFO - [2024-07-10T23:51:54.028+0000] {dagbag.py:545} INFO - Filling up the DagBag from /home/airflow/.local/lib/python3.12/site-packages/airflow/example_dags/tutorial.py
[2024-07-10T23:51:54.035+0000] {processor.py:840} INFO - DAG(s) 'tutorial' retrieved from /home/airflow/.local/lib/python3.12/site-packages/airflow/example_dags/tutorial.py
[2024-07-10T23:51:54.059+0000] {logging_mixin.py:188} INFO - [2024-07-10T23:51:54.059+0000] {dag.py:3096} INFO - Sync 1 DAGs
[2024-07-10T23:51:54.087+0000] {logging_mixin.py:188} INFO - [2024-07-10T23:51:54.087+0000] {dag.py:3954} INFO - Setting next_dagrun for tutorial to 2024-07-09 00:00:00+00:00, run_after=2024-07-10 00:00:00+00:00
[2024-07-10T23:51:54.110+0000] {processor.py:183} INFO - Processing /home/airflow/.local/lib/python3.12/site-packages/airflow/example_dags/tutorial.py took 0.091 seconds
[2024-07-10T23:52:24.984+0000] {processor.py:161} INFO - Started process (PID=3479) to work on /home/airflow/.local/lib/python3.12/site-packages/airflow/example_dags/tutorial.py
[2024-07-10T23:52:24.984+0000] {processor.py:830} INFO - Processing file /home/airflow/.local/lib/python3.12/site-packages/airflow/example_dags/tutorial.py for tasks to queue
[2024-07-10T23:52:24.986+0000] {logging_mixin.py:188} INFO - [2024-07-10T23:52:24.986+0000] {dagbag.py:545} INFO - Filling up the DagBag from /home/airflow/.local/lib/python3.12/site-packages/airflow/example_dags/tutorial.py
[2024-07-10T23:52:24.993+0000] {processor.py:840} INFO - DAG(s) 'tutorial' retrieved from /home/airflow/.local/lib/python3.12/site-packages/airflow/example_dags/tutorial.py
[2024-07-10T23:52:25.017+0000] {logging_mixin.py:188} INFO - [2024-07-10T23:52:25.017+0000] {dag.py:3096} INFO - Sync 1 DAGs
[2024-07-10T23:52:25.041+0000] {logging_mixin.py:188} INFO - [2024-07-10T23:52:25.041+0000] {dag.py:3954} INFO - Setting next_dagrun for tutorial to 2024-07-09 00:00:00+00:00, run_after=2024-07-10 00:00:00+00:00
[2024-07-10T23:52:25.068+0000] {processor.py:183} INFO - Processing /home/airflow/.local/lib/python3.12/site-packages/airflow/example_dags/tutorial.py took 0.091 seconds
[2024-07-10T23:52:55.498+0000] {processor.py:161} INFO - Started process (PID=3536) to work on /home/airflow/.local/lib/python3.12/site-packages/airflow/example_dags/tutorial.py
[2024-07-10T23:52:55.499+0000] {processor.py:830} INFO - Processing file /home/airflow/.local/lib/python3.12/site-packages/airflow/example_dags/tutorial.py for tasks to queue
[2024-07-10T23:52:55.501+0000] {logging_mixin.py:188} INFO - [2024-07-10T23:52:55.501+0000] {dagbag.py:545} INFO - Filling up the DagBag from /home/airflow/.local/lib/python3.12/site-packages/airflow/example_dags/tutorial.py
[2024-07-10T23:52:55.507+0000] {processor.py:840} INFO - DAG(s) 'tutorial' retrieved from /home/airflow/.local/lib/python3.12/site-packages/airflow/example_dags/tutorial.py
[2024-07-10T23:52:55.530+0000] {logging_mixin.py:188} INFO - [2024-07-10T23:52:55.529+0000] {dag.py:3096} INFO - Sync 1 DAGs
[2024-07-10T23:52:55.553+0000] {logging_mixin.py:188} INFO - [2024-07-10T23:52:55.553+0000] {dag.py:3954} INFO - Setting next_dagrun for tutorial to 2024-07-09 00:00:00+00:00, run_after=2024-07-10 00:00:00+00:00
[2024-07-10T23:52:55.575+0000] {processor.py:183} INFO - Processing /home/airflow/.local/lib/python3.12/site-packages/airflow/example_dags/tutorial.py took 0.083 seconds
[2024-07-10T23:53:26.481+0000] {processor.py:161} INFO - Started process (PID=3593) to work on /home/airflow/.local/lib/python3.12/site-packages/airflow/example_dags/tutorial.py
[2024-07-10T23:53:26.483+0000] {processor.py:830} INFO - Processing file /home/airflow/.local/lib/python3.12/site-packages/airflow/example_dags/tutorial.py for tasks to queue
[2024-07-10T23:53:26.486+0000] {logging_mixin.py:188} INFO - [2024-07-10T23:53:26.485+0000] {dagbag.py:545} INFO - Filling up the DagBag from /home/airflow/.local/lib/python3.12/site-packages/airflow/example_dags/tutorial.py
[2024-07-10T23:53:26.493+0000] {processor.py:840} INFO - DAG(s) 'tutorial' retrieved from /home/airflow/.local/lib/python3.12/site-packages/airflow/example_dags/tutorial.py
[2024-07-10T23:53:26.524+0000] {logging_mixin.py:188} INFO - [2024-07-10T23:53:26.524+0000] {dag.py:3096} INFO - Sync 1 DAGs
[2024-07-10T23:53:26.572+0000] {logging_mixin.py:188} INFO - [2024-07-10T23:53:26.571+0000] {dag.py:3954} INFO - Setting next_dagrun for tutorial to 2024-07-09 00:00:00+00:00, run_after=2024-07-10 00:00:00+00:00
[2024-07-10T23:53:26.626+0000] {processor.py:183} INFO - Processing /home/airflow/.local/lib/python3.12/site-packages/airflow/example_dags/tutorial.py took 0.154 seconds
[2024-07-10T23:53:57.499+0000] {processor.py:161} INFO - Started process (PID=3651) to work on /home/airflow/.local/lib/python3.12/site-packages/airflow/example_dags/tutorial.py
[2024-07-10T23:53:57.500+0000] {processor.py:830} INFO - Processing file /home/airflow/.local/lib/python3.12/site-packages/airflow/example_dags/tutorial.py for tasks to queue
[2024-07-10T23:53:57.502+0000] {logging_mixin.py:188} INFO - [2024-07-10T23:53:57.502+0000] {dagbag.py:545} INFO - Filling up the DagBag from /home/airflow/.local/lib/python3.12/site-packages/airflow/example_dags/tutorial.py
[2024-07-10T23:53:57.516+0000] {processor.py:840} INFO - DAG(s) 'tutorial' retrieved from /home/airflow/.local/lib/python3.12/site-packages/airflow/example_dags/tutorial.py
[2024-07-10T23:53:57.553+0000] {logging_mixin.py:188} INFO - [2024-07-10T23:53:57.553+0000] {dag.py:3096} INFO - Sync 1 DAGs
[2024-07-10T23:53:57.594+0000] {logging_mixin.py:188} INFO - [2024-07-10T23:53:57.593+0000] {dag.py:3954} INFO - Setting next_dagrun for tutorial to 2024-07-09 00:00:00+00:00, run_after=2024-07-10 00:00:00+00:00
[2024-07-10T23:53:57.629+0000] {processor.py:183} INFO - Processing /home/airflow/.local/lib/python3.12/site-packages/airflow/example_dags/tutorial.py took 0.142 seconds
[2024-07-10T23:54:27.882+0000] {processor.py:161} INFO - Started process (PID=3709) to work on /home/airflow/.local/lib/python3.12/site-packages/airflow/example_dags/tutorial.py
[2024-07-10T23:54:27.896+0000] {processor.py:830} INFO - Processing file /home/airflow/.local/lib/python3.12/site-packages/airflow/example_dags/tutorial.py for tasks to queue
[2024-07-10T23:54:27.898+0000] {logging_mixin.py:188} INFO - [2024-07-10T23:54:27.898+0000] {dagbag.py:545} INFO - Filling up the DagBag from /home/airflow/.local/lib/python3.12/site-packages/airflow/example_dags/tutorial.py
[2024-07-10T23:54:27.908+0000] {processor.py:840} INFO - DAG(s) 'tutorial' retrieved from /home/airflow/.local/lib/python3.12/site-packages/airflow/example_dags/tutorial.py
[2024-07-10T23:54:27.939+0000] {logging_mixin.py:188} INFO - [2024-07-10T23:54:27.938+0000] {dag.py:3096} INFO - Sync 1 DAGs
[2024-07-10T23:54:27.978+0000] {logging_mixin.py:188} INFO - [2024-07-10T23:54:27.978+0000] {dag.py:3954} INFO - Setting next_dagrun for tutorial to 2024-07-09 00:00:00+00:00, run_after=2024-07-10 00:00:00+00:00
[2024-07-10T23:54:28.019+0000] {processor.py:183} INFO - Processing /home/airflow/.local/lib/python3.12/site-packages/airflow/example_dags/tutorial.py took 0.145 seconds
[2024-07-10T23:54:58.331+0000] {processor.py:161} INFO - Started process (PID=3767) to work on /home/airflow/.local/lib/python3.12/site-packages/airflow/example_dags/tutorial.py
[2024-07-10T23:54:58.333+0000] {processor.py:830} INFO - Processing file /home/airflow/.local/lib/python3.12/site-packages/airflow/example_dags/tutorial.py for tasks to queue
[2024-07-10T23:54:58.335+0000] {logging_mixin.py:188} INFO - [2024-07-10T23:54:58.335+0000] {dagbag.py:545} INFO - Filling up the DagBag from /home/airflow/.local/lib/python3.12/site-packages/airflow/example_dags/tutorial.py
[2024-07-10T23:54:58.342+0000] {processor.py:840} INFO - DAG(s) 'tutorial' retrieved from /home/airflow/.local/lib/python3.12/site-packages/airflow/example_dags/tutorial.py
[2024-07-10T23:54:58.367+0000] {logging_mixin.py:188} INFO - [2024-07-10T23:54:58.367+0000] {dag.py:3096} INFO - Sync 1 DAGs
[2024-07-10T23:54:58.405+0000] {logging_mixin.py:188} INFO - [2024-07-10T23:54:58.404+0000] {dag.py:3954} INFO - Setting next_dagrun for tutorial to 2024-07-09 00:00:00+00:00, run_after=2024-07-10 00:00:00+00:00
[2024-07-10T23:54:58.438+0000] {processor.py:183} INFO - Processing /home/airflow/.local/lib/python3.12/site-packages/airflow/example_dags/tutorial.py took 0.114 seconds
[2024-07-10T23:55:29.173+0000] {processor.py:161} INFO - Started process (PID=3825) to work on /home/airflow/.local/lib/python3.12/site-packages/airflow/example_dags/tutorial.py
[2024-07-10T23:55:29.176+0000] {processor.py:830} INFO - Processing file /home/airflow/.local/lib/python3.12/site-packages/airflow/example_dags/tutorial.py for tasks to queue
[2024-07-10T23:55:29.190+0000] {logging_mixin.py:188} INFO - [2024-07-10T23:55:29.189+0000] {dagbag.py:545} INFO - Filling up the DagBag from /home/airflow/.local/lib/python3.12/site-packages/airflow/example_dags/tutorial.py
[2024-07-10T23:55:29.212+0000] {processor.py:840} INFO - DAG(s) 'tutorial' retrieved from /home/airflow/.local/lib/python3.12/site-packages/airflow/example_dags/tutorial.py
[2024-07-10T23:55:29.282+0000] {logging_mixin.py:188} INFO - [2024-07-10T23:55:29.281+0000] {dag.py:3096} INFO - Sync 1 DAGs
[2024-07-10T23:55:29.367+0000] {logging_mixin.py:188} INFO - [2024-07-10T23:55:29.367+0000] {dag.py:3954} INFO - Setting next_dagrun for tutorial to 2024-07-09 00:00:00+00:00, run_after=2024-07-10 00:00:00+00:00
[2024-07-10T23:55:29.489+0000] {processor.py:183} INFO - Processing /home/airflow/.local/lib/python3.12/site-packages/airflow/example_dags/tutorial.py took 0.336 seconds
[2024-07-10T23:55:59.641+0000] {processor.py:161} INFO - Started process (PID=3883) to work on /home/airflow/.local/lib/python3.12/site-packages/airflow/example_dags/tutorial.py
[2024-07-10T23:55:59.653+0000] {processor.py:830} INFO - Processing file /home/airflow/.local/lib/python3.12/site-packages/airflow/example_dags/tutorial.py for tasks to queue
[2024-07-10T23:55:59.657+0000] {logging_mixin.py:188} INFO - [2024-07-10T23:55:59.657+0000] {dagbag.py:545} INFO - Filling up the DagBag from /home/airflow/.local/lib/python3.12/site-packages/airflow/example_dags/tutorial.py
[2024-07-10T23:55:59.688+0000] {processor.py:840} INFO - DAG(s) 'tutorial' retrieved from /home/airflow/.local/lib/python3.12/site-packages/airflow/example_dags/tutorial.py
[2024-07-10T23:55:59.733+0000] {logging_mixin.py:188} INFO - [2024-07-10T23:55:59.732+0000] {dag.py:3096} INFO - Sync 1 DAGs
[2024-07-10T23:55:59.791+0000] {logging_mixin.py:188} INFO - [2024-07-10T23:55:59.790+0000] {dag.py:3954} INFO - Setting next_dagrun for tutorial to 2024-07-09 00:00:00+00:00, run_after=2024-07-10 00:00:00+00:00
[2024-07-10T23:55:59.838+0000] {processor.py:183} INFO - Processing /home/airflow/.local/lib/python3.12/site-packages/airflow/example_dags/tutorial.py took 0.204 seconds
[2024-07-10T23:56:30.466+0000] {processor.py:161} INFO - Started process (PID=3942) to work on /home/airflow/.local/lib/python3.12/site-packages/airflow/example_dags/tutorial.py
[2024-07-10T23:56:30.468+0000] {processor.py:830} INFO - Processing file /home/airflow/.local/lib/python3.12/site-packages/airflow/example_dags/tutorial.py for tasks to queue
[2024-07-10T23:56:30.472+0000] {logging_mixin.py:188} INFO - [2024-07-10T23:56:30.471+0000] {dagbag.py:545} INFO - Filling up the DagBag from /home/airflow/.local/lib/python3.12/site-packages/airflow/example_dags/tutorial.py
[2024-07-10T23:56:30.480+0000] {processor.py:840} INFO - DAG(s) 'tutorial' retrieved from /home/airflow/.local/lib/python3.12/site-packages/airflow/example_dags/tutorial.py
[2024-07-10T23:56:30.515+0000] {logging_mixin.py:188} INFO - [2024-07-10T23:56:30.514+0000] {dag.py:3096} INFO - Sync 1 DAGs
[2024-07-10T23:56:30.555+0000] {logging_mixin.py:188} INFO - [2024-07-10T23:56:30.554+0000] {dag.py:3954} INFO - Setting next_dagrun for tutorial to 2024-07-09 00:00:00+00:00, run_after=2024-07-10 00:00:00+00:00
[2024-07-10T23:56:30.607+0000] {processor.py:183} INFO - Processing /home/airflow/.local/lib/python3.12/site-packages/airflow/example_dags/tutorial.py took 0.155 seconds
[2024-07-10T23:57:00.978+0000] {processor.py:161} INFO - Started process (PID=4000) to work on /home/airflow/.local/lib/python3.12/site-packages/airflow/example_dags/tutorial.py
[2024-07-10T23:57:00.980+0000] {processor.py:830} INFO - Processing file /home/airflow/.local/lib/python3.12/site-packages/airflow/example_dags/tutorial.py for tasks to queue
[2024-07-10T23:57:00.982+0000] {logging_mixin.py:188} INFO - [2024-07-10T23:57:00.982+0000] {dagbag.py:545} INFO - Filling up the DagBag from /home/airflow/.local/lib/python3.12/site-packages/airflow/example_dags/tutorial.py
[2024-07-10T23:57:00.991+0000] {processor.py:840} INFO - DAG(s) 'tutorial' retrieved from /home/airflow/.local/lib/python3.12/site-packages/airflow/example_dags/tutorial.py
[2024-07-10T23:57:01.032+0000] {logging_mixin.py:188} INFO - [2024-07-10T23:57:01.031+0000] {dag.py:3096} INFO - Sync 1 DAGs
[2024-07-10T23:57:01.081+0000] {logging_mixin.py:188} INFO - [2024-07-10T23:57:01.081+0000] {dag.py:3954} INFO - Setting next_dagrun for tutorial to 2024-07-09 00:00:00+00:00, run_after=2024-07-10 00:00:00+00:00
[2024-07-10T23:57:01.137+0000] {processor.py:183} INFO - Processing /home/airflow/.local/lib/python3.12/site-packages/airflow/example_dags/tutorial.py took 0.169 seconds
[2024-07-10T23:57:31.484+0000] {processor.py:161} INFO - Started process (PID=4058) to work on /home/airflow/.local/lib/python3.12/site-packages/airflow/example_dags/tutorial.py
[2024-07-10T23:57:31.487+0000] {processor.py:830} INFO - Processing file /home/airflow/.local/lib/python3.12/site-packages/airflow/example_dags/tutorial.py for tasks to queue
[2024-07-10T23:57:31.489+0000] {logging_mixin.py:188} INFO - [2024-07-10T23:57:31.489+0000] {dagbag.py:545} INFO - Filling up the DagBag from /home/airflow/.local/lib/python3.12/site-packages/airflow/example_dags/tutorial.py
[2024-07-10T23:57:31.497+0000] {processor.py:840} INFO - DAG(s) 'tutorial' retrieved from /home/airflow/.local/lib/python3.12/site-packages/airflow/example_dags/tutorial.py
[2024-07-10T23:57:31.528+0000] {logging_mixin.py:188} INFO - [2024-07-10T23:57:31.528+0000] {dag.py:3096} INFO - Sync 1 DAGs
[2024-07-10T23:57:31.579+0000] {logging_mixin.py:188} INFO - [2024-07-10T23:57:31.579+0000] {dag.py:3954} INFO - Setting next_dagrun for tutorial to 2024-07-09 00:00:00+00:00, run_after=2024-07-10 00:00:00+00:00
[2024-07-10T23:57:31.620+0000] {processor.py:183} INFO - Processing /home/airflow/.local/lib/python3.12/site-packages/airflow/example_dags/tutorial.py took 0.147 seconds
[2024-07-10T23:58:02.371+0000] {processor.py:161} INFO - Started process (PID=4115) to work on /home/airflow/.local/lib/python3.12/site-packages/airflow/example_dags/tutorial.py
[2024-07-10T23:58:02.373+0000] {processor.py:830} INFO - Processing file /home/airflow/.local/lib/python3.12/site-packages/airflow/example_dags/tutorial.py for tasks to queue
[2024-07-10T23:58:02.376+0000] {logging_mixin.py:188} INFO - [2024-07-10T23:58:02.375+0000] {dagbag.py:545} INFO - Filling up the DagBag from /home/airflow/.local/lib/python3.12/site-packages/airflow/example_dags/tutorial.py
[2024-07-10T23:58:02.385+0000] {processor.py:840} INFO - DAG(s) 'tutorial' retrieved from /home/airflow/.local/lib/python3.12/site-packages/airflow/example_dags/tutorial.py
[2024-07-10T23:58:02.420+0000] {logging_mixin.py:188} INFO - [2024-07-10T23:58:02.419+0000] {dag.py:3096} INFO - Sync 1 DAGs
[2024-07-10T23:58:02.473+0000] {logging_mixin.py:188} INFO - [2024-07-10T23:58:02.473+0000] {dag.py:3954} INFO - Setting next_dagrun for tutorial to 2024-07-09 00:00:00+00:00, run_after=2024-07-10 00:00:00+00:00
[2024-07-10T23:58:02.515+0000] {processor.py:183} INFO - Processing /home/airflow/.local/lib/python3.12/site-packages/airflow/example_dags/tutorial.py took 0.151 seconds
[2024-07-10T23:58:33.188+0000] {processor.py:161} INFO - Started process (PID=4173) to work on /home/airflow/.local/lib/python3.12/site-packages/airflow/example_dags/tutorial.py
[2024-07-10T23:58:33.189+0000] {processor.py:830} INFO - Processing file /home/airflow/.local/lib/python3.12/site-packages/airflow/example_dags/tutorial.py for tasks to queue
[2024-07-10T23:58:33.191+0000] {logging_mixin.py:188} INFO - [2024-07-10T23:58:33.191+0000] {dagbag.py:545} INFO - Filling up the DagBag from /home/airflow/.local/lib/python3.12/site-packages/airflow/example_dags/tutorial.py
[2024-07-10T23:58:33.202+0000] {processor.py:840} INFO - DAG(s) 'tutorial' retrieved from /home/airflow/.local/lib/python3.12/site-packages/airflow/example_dags/tutorial.py
[2024-07-10T23:58:33.230+0000] {logging_mixin.py:188} INFO - [2024-07-10T23:58:33.229+0000] {dag.py:3096} INFO - Sync 1 DAGs
[2024-07-10T23:58:33.271+0000] {logging_mixin.py:188} INFO - [2024-07-10T23:58:33.270+0000] {dag.py:3954} INFO - Setting next_dagrun for tutorial to 2024-07-09 00:00:00+00:00, run_after=2024-07-10 00:00:00+00:00
[2024-07-10T23:58:33.322+0000] {processor.py:183} INFO - Processing /home/airflow/.local/lib/python3.12/site-packages/airflow/example_dags/tutorial.py took 0.142 seconds
