[2024-07-15T23:50:31.284+0000] {local_task_job_runner.py:120} INFO - ::group::Pre task execution logs
[2024-07-15T23:50:31.350+0000] {taskinstance.py:2076} INFO - Dependencies all met for dep_context=non-requeueable deps ti=<TaskInstance: dependencias.tarea4 scheduled__2022-08-01T00:00:00+00:00 [queued]>
[2024-07-15T23:50:31.366+0000] {taskinstance.py:2076} INFO - Dependencies all met for dep_context=requeueable deps ti=<TaskInstance: dependencias.tarea4 scheduled__2022-08-01T00:00:00+00:00 [queued]>
[2024-07-15T23:50:31.366+0000] {taskinstance.py:2306} INFO - Starting attempt 1 of 1
[2024-07-15T23:50:31.401+0000] {taskinstance.py:2330} INFO - Executing <Task(BashOperator): tarea4> on 2022-08-01 00:00:00+00:00
[2024-07-15T23:50:31.407+0000] {warnings.py:110} WARNING - /home/***/.local/lib/python3.12/site-packages/***/task/task_runner/standard_task_runner.py:61: DeprecationWarning: This process (pid=634) is multi-threaded, use of fork() may lead to deadlocks in the child.
  pid = os.fork()

[2024-07-15T23:50:31.408+0000] {standard_task_runner.py:63} INFO - Started process 635 to run task
[2024-07-15T23:50:31.409+0000] {standard_task_runner.py:90} INFO - Running: ['***', 'tasks', 'run', 'dependencias', 'tarea4', 'scheduled__2022-08-01T00:00:00+00:00', '--job-id', '12', '--raw', '--subdir', 'DAGS_FOLDER/dependencias.py', '--cfg-path', '/tmp/tmpvbm870d0']
[2024-07-15T23:50:31.410+0000] {standard_task_runner.py:91} INFO - Job 12: Subtask tarea4
[2024-07-15T23:50:31.463+0000] {task_command.py:426} INFO - Running <TaskInstance: dependencias.tarea4 scheduled__2022-08-01T00:00:00+00:00 [running]> on host b0d76c530053
[2024-07-15T23:50:31.559+0000] {taskinstance.py:2648} INFO - Exporting env vars: AIRFLOW_CTX_DAG_OWNER='***' AIRFLOW_CTX_DAG_ID='dependencias' AIRFLOW_CTX_TASK_ID='tarea4' AIRFLOW_CTX_EXECUTION_DATE='2022-08-01T00:00:00+00:00' AIRFLOW_CTX_TRY_NUMBER='1' AIRFLOW_CTX_DAG_RUN_ID='scheduled__2022-08-01T00:00:00+00:00'
[2024-07-15T23:50:31.560+0000] {taskinstance.py:430} INFO - ::endgroup::
[2024-07-15T23:50:31.575+0000] {subprocess.py:63} INFO - Tmp dir root location: /tmp
[2024-07-15T23:50:31.576+0000] {subprocess.py:75} INFO - Running command: ['/usr/bin/bash', '-c', "echo 'conmigo termina, soy tarea 4'"]
[2024-07-15T23:50:31.584+0000] {subprocess.py:86} INFO - Output:
[2024-07-15T23:50:31.586+0000] {subprocess.py:93} INFO - conmigo termina, soy tarea 4
[2024-07-15T23:50:31.587+0000] {subprocess.py:97} INFO - Command exited with return code 0
[2024-07-15T23:50:31.587+0000] {taskinstance.py:441} INFO - ::group::Post task execution logs
[2024-07-15T23:50:31.614+0000] {taskinstance.py:1206} INFO - Marking task as SUCCESS. dag_id=dependencias, task_id=tarea4, run_id=scheduled__2022-08-01T00:00:00+00:00, execution_date=20220801T000000, start_date=20240715T235031, end_date=20240715T235031
[2024-07-15T23:50:31.665+0000] {local_task_job_runner.py:240} INFO - Task exited with return code 0
[2024-07-15T23:50:31.687+0000] {taskinstance.py:3498} INFO - 0 downstream tasks scheduled from follow-on schedule check
[2024-07-15T23:50:31.690+0000] {local_task_job_runner.py:222} INFO - ::endgroup::
