[2024-07-15T23:04:32.825+0000] {processor.py:161} INFO - Started process (PID=26) to work on /opt/airflow/dags/bashoperator.py
[2024-07-15T23:04:32.826+0000] {processor.py:830} INFO - Processing file /opt/airflow/dags/bashoperator.py for tasks to queue
[2024-07-15T23:04:32.831+0000] {logging_mixin.py:188} INFO - [2024-07-15T23:04:32.831+0000] {dagbag.py:545} INFO - Filling up the DagBag from /opt/airflow/dags/bashoperator.py
[2024-07-15T23:04:32.845+0000] {processor.py:840} INFO - DAG(s) 'bashoperator' retrieved from /opt/airflow/dags/bashoperator.py
[2024-07-15T23:04:32.900+0000] {logging_mixin.py:188} INFO - [2024-07-15T23:04:32.899+0000] {dag.py:3096} INFO - Sync 1 DAGs
[2024-07-15T23:04:32.948+0000] {logging_mixin.py:188} INFO - [2024-07-15T23:04:32.947+0000] {dag.py:3954} INFO - Setting next_dagrun for bashoperator to None, run_after=None
[2024-07-15T23:04:32.973+0000] {processor.py:183} INFO - Processing /opt/airflow/dags/bashoperator.py took 0.158 seconds
[2024-07-15T23:05:03.111+0000] {processor.py:161} INFO - Started process (PID=34) to work on /opt/airflow/dags/bashoperator.py
[2024-07-15T23:05:03.111+0000] {processor.py:830} INFO - Processing file /opt/airflow/dags/bashoperator.py for tasks to queue
[2024-07-15T23:05:03.114+0000] {logging_mixin.py:188} INFO - [2024-07-15T23:05:03.113+0000] {dagbag.py:545} INFO - Filling up the DagBag from /opt/airflow/dags/bashoperator.py
[2024-07-15T23:05:03.122+0000] {processor.py:840} INFO - DAG(s) 'bashoperator' retrieved from /opt/airflow/dags/bashoperator.py
[2024-07-15T23:05:03.296+0000] {logging_mixin.py:188} INFO - [2024-07-15T23:05:03.295+0000] {dag.py:3096} INFO - Sync 1 DAGs
[2024-07-15T23:05:03.317+0000] {logging_mixin.py:188} INFO - [2024-07-15T23:05:03.316+0000] {dag.py:3954} INFO - Setting next_dagrun for bashoperator to None, run_after=None
[2024-07-15T23:05:03.344+0000] {processor.py:183} INFO - Processing /opt/airflow/dags/bashoperator.py took 0.241 seconds
[2024-07-15T23:05:33.466+0000] {processor.py:161} INFO - Started process (PID=42) to work on /opt/airflow/dags/bashoperator.py
[2024-07-15T23:05:33.475+0000] {processor.py:830} INFO - Processing file /opt/airflow/dags/bashoperator.py for tasks to queue
[2024-07-15T23:05:33.480+0000] {logging_mixin.py:188} INFO - [2024-07-15T23:05:33.480+0000] {dagbag.py:545} INFO - Filling up the DagBag from /opt/airflow/dags/bashoperator.py
[2024-07-15T23:05:33.493+0000] {processor.py:840} INFO - DAG(s) 'bashoperator' retrieved from /opt/airflow/dags/bashoperator.py
[2024-07-15T23:05:33.524+0000] {logging_mixin.py:188} INFO - [2024-07-15T23:05:33.524+0000] {dag.py:3096} INFO - Sync 1 DAGs
[2024-07-15T23:05:33.547+0000] {logging_mixin.py:188} INFO - [2024-07-15T23:05:33.547+0000] {dag.py:3954} INFO - Setting next_dagrun for bashoperator to None, run_after=None
[2024-07-15T23:05:33.573+0000] {processor.py:183} INFO - Processing /opt/airflow/dags/bashoperator.py took 0.113 seconds
[2024-07-15T23:06:03.692+0000] {processor.py:161} INFO - Started process (PID=51) to work on /opt/airflow/dags/bashoperator.py
[2024-07-15T23:06:03.694+0000] {processor.py:830} INFO - Processing file /opt/airflow/dags/bashoperator.py for tasks to queue
[2024-07-15T23:06:03.696+0000] {logging_mixin.py:188} INFO - [2024-07-15T23:06:03.696+0000] {dagbag.py:545} INFO - Filling up the DagBag from /opt/airflow/dags/bashoperator.py
[2024-07-15T23:06:03.709+0000] {processor.py:840} INFO - DAG(s) 'bashoperator' retrieved from /opt/airflow/dags/bashoperator.py
[2024-07-15T23:06:03.738+0000] {logging_mixin.py:188} INFO - [2024-07-15T23:06:03.738+0000] {dag.py:3096} INFO - Sync 1 DAGs
[2024-07-15T23:06:03.763+0000] {logging_mixin.py:188} INFO - [2024-07-15T23:06:03.763+0000] {dag.py:3954} INFO - Setting next_dagrun for bashoperator to None, run_after=None
[2024-07-15T23:06:03.788+0000] {processor.py:183} INFO - Processing /opt/airflow/dags/bashoperator.py took 0.104 seconds
[2024-07-15T23:06:33.853+0000] {processor.py:161} INFO - Started process (PID=59) to work on /opt/airflow/dags/bashoperator.py
[2024-07-15T23:06:33.865+0000] {processor.py:830} INFO - Processing file /opt/airflow/dags/bashoperator.py for tasks to queue
[2024-07-15T23:06:33.868+0000] {logging_mixin.py:188} INFO - [2024-07-15T23:06:33.868+0000] {dagbag.py:545} INFO - Filling up the DagBag from /opt/airflow/dags/bashoperator.py
[2024-07-15T23:06:33.880+0000] {processor.py:840} INFO - DAG(s) 'bashoperator' retrieved from /opt/airflow/dags/bashoperator.py
[2024-07-15T23:06:33.919+0000] {logging_mixin.py:188} INFO - [2024-07-15T23:06:33.918+0000] {dag.py:3096} INFO - Sync 1 DAGs
[2024-07-15T23:06:33.955+0000] {logging_mixin.py:188} INFO - [2024-07-15T23:06:33.954+0000] {dag.py:3954} INFO - Setting next_dagrun for bashoperator to None, run_after=None
[2024-07-15T23:06:33.985+0000] {processor.py:183} INFO - Processing /opt/airflow/dags/bashoperator.py took 0.141 seconds
[2024-07-15T23:07:04.141+0000] {processor.py:161} INFO - Started process (PID=67) to work on /opt/airflow/dags/bashoperator.py
[2024-07-15T23:07:04.143+0000] {processor.py:830} INFO - Processing file /opt/airflow/dags/bashoperator.py for tasks to queue
[2024-07-15T23:07:04.147+0000] {logging_mixin.py:188} INFO - [2024-07-15T23:07:04.146+0000] {dagbag.py:545} INFO - Filling up the DagBag from /opt/airflow/dags/bashoperator.py
[2024-07-15T23:07:04.160+0000] {processor.py:840} INFO - DAG(s) 'bashoperator' retrieved from /opt/airflow/dags/bashoperator.py
[2024-07-15T23:07:04.194+0000] {logging_mixin.py:188} INFO - [2024-07-15T23:07:04.194+0000] {dag.py:3096} INFO - Sync 1 DAGs
[2024-07-15T23:07:04.230+0000] {logging_mixin.py:188} INFO - [2024-07-15T23:07:04.230+0000] {dag.py:3954} INFO - Setting next_dagrun for bashoperator to None, run_after=None
[2024-07-15T23:07:04.278+0000] {processor.py:183} INFO - Processing /opt/airflow/dags/bashoperator.py took 0.145 seconds
[2024-07-15T23:07:34.445+0000] {processor.py:161} INFO - Started process (PID=75) to work on /opt/airflow/dags/bashoperator.py
[2024-07-15T23:07:34.456+0000] {processor.py:830} INFO - Processing file /opt/airflow/dags/bashoperator.py for tasks to queue
[2024-07-15T23:07:34.459+0000] {logging_mixin.py:188} INFO - [2024-07-15T23:07:34.458+0000] {dagbag.py:545} INFO - Filling up the DagBag from /opt/airflow/dags/bashoperator.py
[2024-07-15T23:07:34.471+0000] {processor.py:840} INFO - DAG(s) 'bashoperator' retrieved from /opt/airflow/dags/bashoperator.py
[2024-07-15T23:07:34.505+0000] {logging_mixin.py:188} INFO - [2024-07-15T23:07:34.505+0000] {dag.py:3096} INFO - Sync 1 DAGs
[2024-07-15T23:07:34.534+0000] {logging_mixin.py:188} INFO - [2024-07-15T23:07:34.534+0000] {dag.py:3954} INFO - Setting next_dagrun for bashoperator to None, run_after=None
[2024-07-15T23:07:34.567+0000] {processor.py:183} INFO - Processing /opt/airflow/dags/bashoperator.py took 0.129 seconds
[2024-07-15T23:08:04.720+0000] {processor.py:161} INFO - Started process (PID=84) to work on /opt/airflow/dags/bashoperator.py
[2024-07-15T23:08:04.723+0000] {processor.py:830} INFO - Processing file /opt/airflow/dags/bashoperator.py for tasks to queue
[2024-07-15T23:08:04.725+0000] {logging_mixin.py:188} INFO - [2024-07-15T23:08:04.725+0000] {dagbag.py:545} INFO - Filling up the DagBag from /opt/airflow/dags/bashoperator.py
[2024-07-15T23:08:04.736+0000] {processor.py:840} INFO - DAG(s) 'bashoperator' retrieved from /opt/airflow/dags/bashoperator.py
[2024-07-15T23:08:04.774+0000] {logging_mixin.py:188} INFO - [2024-07-15T23:08:04.774+0000] {dag.py:3096} INFO - Sync 1 DAGs
[2024-07-15T23:08:04.803+0000] {logging_mixin.py:188} INFO - [2024-07-15T23:08:04.803+0000] {dag.py:3954} INFO - Setting next_dagrun for bashoperator to None, run_after=None
[2024-07-15T23:08:04.829+0000] {processor.py:183} INFO - Processing /opt/airflow/dags/bashoperator.py took 0.115 seconds
[2024-07-15T23:08:34.897+0000] {processor.py:161} INFO - Started process (PID=91) to work on /opt/airflow/dags/bashoperator.py
[2024-07-15T23:08:34.907+0000] {processor.py:830} INFO - Processing file /opt/airflow/dags/bashoperator.py for tasks to queue
[2024-07-15T23:08:34.909+0000] {logging_mixin.py:188} INFO - [2024-07-15T23:08:34.908+0000] {dagbag.py:545} INFO - Filling up the DagBag from /opt/airflow/dags/bashoperator.py
[2024-07-15T23:08:34.923+0000] {processor.py:840} INFO - DAG(s) 'bashoperator' retrieved from /opt/airflow/dags/bashoperator.py
[2024-07-15T23:08:34.964+0000] {logging_mixin.py:188} INFO - [2024-07-15T23:08:34.964+0000] {dag.py:3096} INFO - Sync 1 DAGs
[2024-07-15T23:08:34.989+0000] {logging_mixin.py:188} INFO - [2024-07-15T23:08:34.989+0000] {dag.py:3954} INFO - Setting next_dagrun for bashoperator to None, run_after=None
[2024-07-15T23:08:35.008+0000] {processor.py:183} INFO - Processing /opt/airflow/dags/bashoperator.py took 0.117 seconds
[2024-07-15T23:09:05.148+0000] {processor.py:161} INFO - Started process (PID=99) to work on /opt/airflow/dags/bashoperator.py
[2024-07-15T23:09:05.152+0000] {processor.py:830} INFO - Processing file /opt/airflow/dags/bashoperator.py for tasks to queue
[2024-07-15T23:09:05.154+0000] {logging_mixin.py:188} INFO - [2024-07-15T23:09:05.154+0000] {dagbag.py:545} INFO - Filling up the DagBag from /opt/airflow/dags/bashoperator.py
[2024-07-15T23:09:05.165+0000] {processor.py:840} INFO - DAG(s) 'bashoperator' retrieved from /opt/airflow/dags/bashoperator.py
[2024-07-15T23:09:05.195+0000] {logging_mixin.py:188} INFO - [2024-07-15T23:09:05.194+0000] {dag.py:3096} INFO - Sync 1 DAGs
[2024-07-15T23:09:05.219+0000] {logging_mixin.py:188} INFO - [2024-07-15T23:09:05.219+0000] {dag.py:3954} INFO - Setting next_dagrun for bashoperator to None, run_after=None
[2024-07-15T23:09:05.248+0000] {processor.py:183} INFO - Processing /opt/airflow/dags/bashoperator.py took 0.109 seconds
[2024-07-15T23:09:35.408+0000] {processor.py:161} INFO - Started process (PID=107) to work on /opt/airflow/dags/bashoperator.py
[2024-07-15T23:09:35.417+0000] {processor.py:830} INFO - Processing file /opt/airflow/dags/bashoperator.py for tasks to queue
[2024-07-15T23:09:35.418+0000] {logging_mixin.py:188} INFO - [2024-07-15T23:09:35.418+0000] {dagbag.py:545} INFO - Filling up the DagBag from /opt/airflow/dags/bashoperator.py
[2024-07-15T23:09:35.427+0000] {processor.py:840} INFO - DAG(s) 'bashoperator' retrieved from /opt/airflow/dags/bashoperator.py
[2024-07-15T23:09:35.454+0000] {logging_mixin.py:188} INFO - [2024-07-15T23:09:35.454+0000] {dag.py:3096} INFO - Sync 1 DAGs
[2024-07-15T23:09:35.477+0000] {logging_mixin.py:188} INFO - [2024-07-15T23:09:35.476+0000] {dag.py:3954} INFO - Setting next_dagrun for bashoperator to None, run_after=None
[2024-07-15T23:09:35.506+0000] {processor.py:183} INFO - Processing /opt/airflow/dags/bashoperator.py took 0.104 seconds
[2024-07-15T23:10:05.539+0000] {processor.py:161} INFO - Started process (PID=115) to work on /opt/airflow/dags/bashoperator.py
[2024-07-15T23:10:05.540+0000] {processor.py:830} INFO - Processing file /opt/airflow/dags/bashoperator.py for tasks to queue
[2024-07-15T23:10:05.541+0000] {logging_mixin.py:188} INFO - [2024-07-15T23:10:05.541+0000] {dagbag.py:545} INFO - Filling up the DagBag from /opt/airflow/dags/bashoperator.py
[2024-07-15T23:10:05.551+0000] {processor.py:840} INFO - DAG(s) 'bashoperator' retrieved from /opt/airflow/dags/bashoperator.py
[2024-07-15T23:10:05.578+0000] {logging_mixin.py:188} INFO - [2024-07-15T23:10:05.578+0000] {dag.py:3096} INFO - Sync 1 DAGs
[2024-07-15T23:10:05.601+0000] {logging_mixin.py:188} INFO - [2024-07-15T23:10:05.600+0000] {dag.py:3954} INFO - Setting next_dagrun for bashoperator to None, run_after=None
[2024-07-15T23:10:05.630+0000] {processor.py:183} INFO - Processing /opt/airflow/dags/bashoperator.py took 0.098 seconds
[2024-07-15T23:10:35.744+0000] {processor.py:161} INFO - Started process (PID=123) to work on /opt/airflow/dags/bashoperator.py
[2024-07-15T23:10:35.752+0000] {processor.py:830} INFO - Processing file /opt/airflow/dags/bashoperator.py for tasks to queue
[2024-07-15T23:10:35.754+0000] {logging_mixin.py:188} INFO - [2024-07-15T23:10:35.754+0000] {dagbag.py:545} INFO - Filling up the DagBag from /opt/airflow/dags/bashoperator.py
[2024-07-15T23:10:35.764+0000] {processor.py:840} INFO - DAG(s) 'bashoperator' retrieved from /opt/airflow/dags/bashoperator.py
[2024-07-15T23:10:35.796+0000] {logging_mixin.py:188} INFO - [2024-07-15T23:10:35.795+0000] {dag.py:3096} INFO - Sync 1 DAGs
[2024-07-15T23:10:35.824+0000] {logging_mixin.py:188} INFO - [2024-07-15T23:10:35.824+0000] {dag.py:3954} INFO - Setting next_dagrun for bashoperator to None, run_after=None
[2024-07-15T23:10:35.854+0000] {processor.py:183} INFO - Processing /opt/airflow/dags/bashoperator.py took 0.119 seconds
[2024-07-15T23:11:05.881+0000] {processor.py:161} INFO - Started process (PID=130) to work on /opt/airflow/dags/bashoperator.py
[2024-07-15T23:11:05.882+0000] {processor.py:830} INFO - Processing file /opt/airflow/dags/bashoperator.py for tasks to queue
[2024-07-15T23:11:05.885+0000] {logging_mixin.py:188} INFO - [2024-07-15T23:11:05.884+0000] {dagbag.py:545} INFO - Filling up the DagBag from /opt/airflow/dags/bashoperator.py
[2024-07-15T23:11:05.897+0000] {processor.py:840} INFO - DAG(s) 'bashoperator' retrieved from /opt/airflow/dags/bashoperator.py
[2024-07-15T23:11:05.926+0000] {logging_mixin.py:188} INFO - [2024-07-15T23:11:05.925+0000] {dag.py:3096} INFO - Sync 1 DAGs
[2024-07-15T23:11:05.953+0000] {logging_mixin.py:188} INFO - [2024-07-15T23:11:05.952+0000] {dag.py:3954} INFO - Setting next_dagrun for bashoperator to None, run_after=None
[2024-07-15T23:11:05.986+0000] {processor.py:183} INFO - Processing /opt/airflow/dags/bashoperator.py took 0.114 seconds
[2024-07-15T23:11:36.163+0000] {processor.py:161} INFO - Started process (PID=138) to work on /opt/airflow/dags/bashoperator.py
[2024-07-15T23:11:36.171+0000] {processor.py:830} INFO - Processing file /opt/airflow/dags/bashoperator.py for tasks to queue
[2024-07-15T23:11:36.173+0000] {logging_mixin.py:188} INFO - [2024-07-15T23:11:36.173+0000] {dagbag.py:545} INFO - Filling up the DagBag from /opt/airflow/dags/bashoperator.py
[2024-07-15T23:11:36.182+0000] {processor.py:840} INFO - DAG(s) 'bashoperator' retrieved from /opt/airflow/dags/bashoperator.py
[2024-07-15T23:11:36.210+0000] {logging_mixin.py:188} INFO - [2024-07-15T23:11:36.210+0000] {dag.py:3096} INFO - Sync 1 DAGs
[2024-07-15T23:11:36.232+0000] {logging_mixin.py:188} INFO - [2024-07-15T23:11:36.232+0000] {dag.py:3954} INFO - Setting next_dagrun for bashoperator to None, run_after=None
[2024-07-15T23:11:36.259+0000] {processor.py:183} INFO - Processing /opt/airflow/dags/bashoperator.py took 0.102 seconds
[2024-07-15T23:12:06.301+0000] {processor.py:161} INFO - Started process (PID=146) to work on /opt/airflow/dags/bashoperator.py
[2024-07-15T23:12:06.302+0000] {processor.py:830} INFO - Processing file /opt/airflow/dags/bashoperator.py for tasks to queue
[2024-07-15T23:12:06.305+0000] {logging_mixin.py:188} INFO - [2024-07-15T23:12:06.305+0000] {dagbag.py:545} INFO - Filling up the DagBag from /opt/airflow/dags/bashoperator.py
[2024-07-15T23:12:06.318+0000] {processor.py:840} INFO - DAG(s) 'bashoperator' retrieved from /opt/airflow/dags/bashoperator.py
[2024-07-15T23:12:06.352+0000] {logging_mixin.py:188} INFO - [2024-07-15T23:12:06.351+0000] {dag.py:3096} INFO - Sync 1 DAGs
[2024-07-15T23:12:06.393+0000] {logging_mixin.py:188} INFO - [2024-07-15T23:12:06.393+0000] {dag.py:3954} INFO - Setting next_dagrun for bashoperator to None, run_after=None
[2024-07-15T23:12:06.428+0000] {processor.py:183} INFO - Processing /opt/airflow/dags/bashoperator.py took 0.134 seconds
[2024-07-15T23:12:36.591+0000] {processor.py:161} INFO - Started process (PID=154) to work on /opt/airflow/dags/bashoperator.py
[2024-07-15T23:12:36.602+0000] {processor.py:830} INFO - Processing file /opt/airflow/dags/bashoperator.py for tasks to queue
[2024-07-15T23:12:36.604+0000] {logging_mixin.py:188} INFO - [2024-07-15T23:12:36.604+0000] {dagbag.py:545} INFO - Filling up the DagBag from /opt/airflow/dags/bashoperator.py
[2024-07-15T23:12:36.612+0000] {processor.py:840} INFO - DAG(s) 'bashoperator' retrieved from /opt/airflow/dags/bashoperator.py
[2024-07-15T23:12:36.639+0000] {logging_mixin.py:188} INFO - [2024-07-15T23:12:36.639+0000] {dag.py:3096} INFO - Sync 1 DAGs
[2024-07-15T23:12:36.661+0000] {logging_mixin.py:188} INFO - [2024-07-15T23:12:36.661+0000] {dag.py:3954} INFO - Setting next_dagrun for bashoperator to None, run_after=None
[2024-07-15T23:12:36.693+0000] {processor.py:183} INFO - Processing /opt/airflow/dags/bashoperator.py took 0.109 seconds
[2024-07-15T23:13:06.846+0000] {processor.py:161} INFO - Started process (PID=162) to work on /opt/airflow/dags/bashoperator.py
[2024-07-15T23:13:06.847+0000] {processor.py:830} INFO - Processing file /opt/airflow/dags/bashoperator.py for tasks to queue
[2024-07-15T23:13:06.849+0000] {logging_mixin.py:188} INFO - [2024-07-15T23:13:06.849+0000] {dagbag.py:545} INFO - Filling up the DagBag from /opt/airflow/dags/bashoperator.py
[2024-07-15T23:13:06.859+0000] {processor.py:840} INFO - DAG(s) 'bashoperator' retrieved from /opt/airflow/dags/bashoperator.py
[2024-07-15T23:13:06.892+0000] {logging_mixin.py:188} INFO - [2024-07-15T23:13:06.891+0000] {dag.py:3096} INFO - Sync 1 DAGs
[2024-07-15T23:13:06.921+0000] {logging_mixin.py:188} INFO - [2024-07-15T23:13:06.920+0000] {dag.py:3954} INFO - Setting next_dagrun for bashoperator to None, run_after=None
[2024-07-15T23:13:06.955+0000] {processor.py:183} INFO - Processing /opt/airflow/dags/bashoperator.py took 0.117 seconds
[2024-07-15T23:13:37.102+0000] {processor.py:161} INFO - Started process (PID=170) to work on /opt/airflow/dags/bashoperator.py
[2024-07-15T23:13:37.112+0000] {processor.py:830} INFO - Processing file /opt/airflow/dags/bashoperator.py for tasks to queue
[2024-07-15T23:13:37.114+0000] {logging_mixin.py:188} INFO - [2024-07-15T23:13:37.114+0000] {dagbag.py:545} INFO - Filling up the DagBag from /opt/airflow/dags/bashoperator.py
[2024-07-15T23:13:37.123+0000] {processor.py:840} INFO - DAG(s) 'bashoperator' retrieved from /opt/airflow/dags/bashoperator.py
[2024-07-15T23:13:37.154+0000] {logging_mixin.py:188} INFO - [2024-07-15T23:13:37.153+0000] {dag.py:3096} INFO - Sync 1 DAGs
[2024-07-15T23:13:37.180+0000] {logging_mixin.py:188} INFO - [2024-07-15T23:13:37.179+0000] {dag.py:3954} INFO - Setting next_dagrun for bashoperator to None, run_after=None
[2024-07-15T23:13:37.207+0000] {processor.py:183} INFO - Processing /opt/airflow/dags/bashoperator.py took 0.111 seconds
[2024-07-15T23:14:07.236+0000] {processor.py:161} INFO - Started process (PID=178) to work on /opt/airflow/dags/bashoperator.py
[2024-07-15T23:14:07.236+0000] {processor.py:830} INFO - Processing file /opt/airflow/dags/bashoperator.py for tasks to queue
[2024-07-15T23:14:07.238+0000] {logging_mixin.py:188} INFO - [2024-07-15T23:14:07.238+0000] {dagbag.py:545} INFO - Filling up the DagBag from /opt/airflow/dags/bashoperator.py
[2024-07-15T23:14:07.247+0000] {processor.py:840} INFO - DAG(s) 'bashoperator' retrieved from /opt/airflow/dags/bashoperator.py
[2024-07-15T23:14:07.275+0000] {logging_mixin.py:188} INFO - [2024-07-15T23:14:07.275+0000] {dag.py:3096} INFO - Sync 1 DAGs
[2024-07-15T23:14:07.298+0000] {logging_mixin.py:188} INFO - [2024-07-15T23:14:07.298+0000] {dag.py:3954} INFO - Setting next_dagrun for bashoperator to None, run_after=None
[2024-07-15T23:14:07.333+0000] {processor.py:183} INFO - Processing /opt/airflow/dags/bashoperator.py took 0.104 seconds
[2024-07-15T23:14:37.531+0000] {processor.py:161} INFO - Started process (PID=188) to work on /opt/airflow/dags/bashoperator.py
[2024-07-15T23:14:37.536+0000] {processor.py:830} INFO - Processing file /opt/airflow/dags/bashoperator.py for tasks to queue
[2024-07-15T23:14:37.539+0000] {logging_mixin.py:188} INFO - [2024-07-15T23:14:37.538+0000] {dagbag.py:545} INFO - Filling up the DagBag from /opt/airflow/dags/bashoperator.py
[2024-07-15T23:14:37.548+0000] {processor.py:840} INFO - DAG(s) 'bashoperator' retrieved from /opt/airflow/dags/bashoperator.py
[2024-07-15T23:14:37.583+0000] {logging_mixin.py:188} INFO - [2024-07-15T23:14:37.583+0000] {dag.py:3096} INFO - Sync 1 DAGs
[2024-07-15T23:14:37.611+0000] {logging_mixin.py:188} INFO - [2024-07-15T23:14:37.611+0000] {dag.py:3954} INFO - Setting next_dagrun for bashoperator to None, run_after=None
[2024-07-15T23:14:37.632+0000] {processor.py:183} INFO - Processing /opt/airflow/dags/bashoperator.py took 0.107 seconds
[2024-07-15T23:15:07.762+0000] {processor.py:161} INFO - Started process (PID=198) to work on /opt/airflow/dags/bashoperator.py
[2024-07-15T23:15:07.763+0000] {processor.py:830} INFO - Processing file /opt/airflow/dags/bashoperator.py for tasks to queue
[2024-07-15T23:15:07.766+0000] {logging_mixin.py:188} INFO - [2024-07-15T23:15:07.766+0000] {dagbag.py:545} INFO - Filling up the DagBag from /opt/airflow/dags/bashoperator.py
[2024-07-15T23:15:07.776+0000] {processor.py:840} INFO - DAG(s) 'bashoperator' retrieved from /opt/airflow/dags/bashoperator.py
[2024-07-15T23:15:07.814+0000] {logging_mixin.py:188} INFO - [2024-07-15T23:15:07.813+0000] {dag.py:3096} INFO - Sync 1 DAGs
[2024-07-15T23:15:07.844+0000] {logging_mixin.py:188} INFO - [2024-07-15T23:15:07.844+0000] {dag.py:3954} INFO - Setting next_dagrun for bashoperator to None, run_after=None
[2024-07-15T23:15:07.875+0000] {processor.py:183} INFO - Processing /opt/airflow/dags/bashoperator.py took 0.124 seconds
[2024-07-15T23:15:38.032+0000] {processor.py:161} INFO - Started process (PID=207) to work on /opt/airflow/dags/bashoperator.py
[2024-07-15T23:15:38.037+0000] {processor.py:830} INFO - Processing file /opt/airflow/dags/bashoperator.py for tasks to queue
[2024-07-15T23:15:38.039+0000] {logging_mixin.py:188} INFO - [2024-07-15T23:15:38.039+0000] {dagbag.py:545} INFO - Filling up the DagBag from /opt/airflow/dags/bashoperator.py
[2024-07-15T23:15:38.048+0000] {processor.py:840} INFO - DAG(s) 'bashoperator' retrieved from /opt/airflow/dags/bashoperator.py
[2024-07-15T23:15:38.077+0000] {logging_mixin.py:188} INFO - [2024-07-15T23:15:38.077+0000] {dag.py:3096} INFO - Sync 1 DAGs
[2024-07-15T23:15:38.100+0000] {logging_mixin.py:188} INFO - [2024-07-15T23:15:38.099+0000] {dag.py:3954} INFO - Setting next_dagrun for bashoperator to None, run_after=None
[2024-07-15T23:15:38.128+0000] {processor.py:183} INFO - Processing /opt/airflow/dags/bashoperator.py took 0.102 seconds
[2024-07-15T23:16:08.300+0000] {processor.py:161} INFO - Started process (PID=217) to work on /opt/airflow/dags/bashoperator.py
[2024-07-15T23:16:08.308+0000] {processor.py:830} INFO - Processing file /opt/airflow/dags/bashoperator.py for tasks to queue
[2024-07-15T23:16:08.311+0000] {logging_mixin.py:188} INFO - [2024-07-15T23:16:08.311+0000] {dagbag.py:545} INFO - Filling up the DagBag from /opt/airflow/dags/bashoperator.py
[2024-07-15T23:16:08.320+0000] {processor.py:840} INFO - DAG(s) 'bashoperator' retrieved from /opt/airflow/dags/bashoperator.py
[2024-07-15T23:16:08.357+0000] {logging_mixin.py:188} INFO - [2024-07-15T23:16:08.356+0000] {dag.py:3096} INFO - Sync 1 DAGs
[2024-07-15T23:16:08.386+0000] {logging_mixin.py:188} INFO - [2024-07-15T23:16:08.386+0000] {dag.py:3954} INFO - Setting next_dagrun for bashoperator to None, run_after=None
[2024-07-15T23:16:08.418+0000] {processor.py:183} INFO - Processing /opt/airflow/dags/bashoperator.py took 0.126 seconds
[2024-07-15T23:16:38.576+0000] {processor.py:161} INFO - Started process (PID=226) to work on /opt/airflow/dags/bashoperator.py
[2024-07-15T23:16:38.577+0000] {processor.py:830} INFO - Processing file /opt/airflow/dags/bashoperator.py for tasks to queue
[2024-07-15T23:16:38.579+0000] {logging_mixin.py:188} INFO - [2024-07-15T23:16:38.579+0000] {dagbag.py:545} INFO - Filling up the DagBag from /opt/airflow/dags/bashoperator.py
[2024-07-15T23:16:38.590+0000] {processor.py:840} INFO - DAG(s) 'bashoperator' retrieved from /opt/airflow/dags/bashoperator.py
[2024-07-15T23:16:38.623+0000] {logging_mixin.py:188} INFO - [2024-07-15T23:16:38.623+0000] {dag.py:3096} INFO - Sync 1 DAGs
[2024-07-15T23:16:38.650+0000] {logging_mixin.py:188} INFO - [2024-07-15T23:16:38.650+0000] {dag.py:3954} INFO - Setting next_dagrun for bashoperator to None, run_after=None
[2024-07-15T23:16:38.684+0000] {processor.py:183} INFO - Processing /opt/airflow/dags/bashoperator.py took 0.114 seconds
[2024-07-15T23:17:08.820+0000] {processor.py:161} INFO - Started process (PID=235) to work on /opt/airflow/dags/bashoperator.py
[2024-07-15T23:17:08.828+0000] {processor.py:830} INFO - Processing file /opt/airflow/dags/bashoperator.py for tasks to queue
[2024-07-15T23:17:08.830+0000] {logging_mixin.py:188} INFO - [2024-07-15T23:17:08.830+0000] {dagbag.py:545} INFO - Filling up the DagBag from /opt/airflow/dags/bashoperator.py
[2024-07-15T23:17:08.840+0000] {processor.py:840} INFO - DAG(s) 'bashoperator' retrieved from /opt/airflow/dags/bashoperator.py
[2024-07-15T23:17:08.873+0000] {logging_mixin.py:188} INFO - [2024-07-15T23:17:08.873+0000] {dag.py:3096} INFO - Sync 1 DAGs
[2024-07-15T23:17:08.899+0000] {logging_mixin.py:188} INFO - [2024-07-15T23:17:08.899+0000] {dag.py:3954} INFO - Setting next_dagrun for bashoperator to None, run_after=None
[2024-07-15T23:17:08.929+0000] {processor.py:183} INFO - Processing /opt/airflow/dags/bashoperator.py took 0.116 seconds
[2024-07-15T23:17:39.066+0000] {processor.py:161} INFO - Started process (PID=244) to work on /opt/airflow/dags/bashoperator.py
[2024-07-15T23:17:39.067+0000] {processor.py:830} INFO - Processing file /opt/airflow/dags/bashoperator.py for tasks to queue
[2024-07-15T23:17:39.069+0000] {logging_mixin.py:188} INFO - [2024-07-15T23:17:39.069+0000] {dagbag.py:545} INFO - Filling up the DagBag from /opt/airflow/dags/bashoperator.py
[2024-07-15T23:17:39.081+0000] {processor.py:840} INFO - DAG(s) 'bashoperator' retrieved from /opt/airflow/dags/bashoperator.py
[2024-07-15T23:17:39.110+0000] {logging_mixin.py:188} INFO - [2024-07-15T23:17:39.110+0000] {dag.py:3096} INFO - Sync 1 DAGs
[2024-07-15T23:17:39.135+0000] {logging_mixin.py:188} INFO - [2024-07-15T23:17:39.135+0000] {dag.py:3954} INFO - Setting next_dagrun for bashoperator to None, run_after=None
[2024-07-15T23:17:39.167+0000] {processor.py:183} INFO - Processing /opt/airflow/dags/bashoperator.py took 0.109 seconds
[2024-07-15T23:18:09.314+0000] {processor.py:161} INFO - Started process (PID=253) to work on /opt/airflow/dags/bashoperator.py
[2024-07-15T23:18:09.325+0000] {processor.py:830} INFO - Processing file /opt/airflow/dags/bashoperator.py for tasks to queue
[2024-07-15T23:18:09.327+0000] {logging_mixin.py:188} INFO - [2024-07-15T23:18:09.327+0000] {dagbag.py:545} INFO - Filling up the DagBag from /opt/airflow/dags/bashoperator.py
[2024-07-15T23:18:09.337+0000] {processor.py:840} INFO - DAG(s) 'bashoperator' retrieved from /opt/airflow/dags/bashoperator.py
[2024-07-15T23:18:09.372+0000] {logging_mixin.py:188} INFO - [2024-07-15T23:18:09.372+0000] {dag.py:3096} INFO - Sync 1 DAGs
[2024-07-15T23:18:09.406+0000] {logging_mixin.py:188} INFO - [2024-07-15T23:18:09.405+0000] {dag.py:3954} INFO - Setting next_dagrun for bashoperator to None, run_after=None
[2024-07-15T23:18:09.437+0000] {processor.py:183} INFO - Processing /opt/airflow/dags/bashoperator.py took 0.130 seconds
[2024-07-15T23:18:39.568+0000] {processor.py:161} INFO - Started process (PID=262) to work on /opt/airflow/dags/bashoperator.py
[2024-07-15T23:18:39.581+0000] {processor.py:830} INFO - Processing file /opt/airflow/dags/bashoperator.py for tasks to queue
[2024-07-15T23:18:39.584+0000] {logging_mixin.py:188} INFO - [2024-07-15T23:18:39.584+0000] {dagbag.py:545} INFO - Filling up the DagBag from /opt/airflow/dags/bashoperator.py
[2024-07-15T23:18:39.593+0000] {processor.py:840} INFO - DAG(s) 'bashoperator' retrieved from /opt/airflow/dags/bashoperator.py
[2024-07-15T23:18:39.623+0000] {logging_mixin.py:188} INFO - [2024-07-15T23:18:39.623+0000] {dag.py:3096} INFO - Sync 1 DAGs
[2024-07-15T23:18:39.656+0000] {logging_mixin.py:188} INFO - [2024-07-15T23:18:39.656+0000] {dag.py:3954} INFO - Setting next_dagrun for bashoperator to None, run_after=None
[2024-07-15T23:18:39.687+0000] {processor.py:183} INFO - Processing /opt/airflow/dags/bashoperator.py took 0.127 seconds
[2024-07-15T23:19:09.874+0000] {processor.py:161} INFO - Started process (PID=271) to work on /opt/airflow/dags/bashoperator.py
[2024-07-15T23:19:09.875+0000] {processor.py:830} INFO - Processing file /opt/airflow/dags/bashoperator.py for tasks to queue
[2024-07-15T23:19:09.880+0000] {logging_mixin.py:188} INFO - [2024-07-15T23:19:09.879+0000] {dagbag.py:545} INFO - Filling up the DagBag from /opt/airflow/dags/bashoperator.py
[2024-07-15T23:19:09.898+0000] {processor.py:840} INFO - DAG(s) 'bashoperator' retrieved from /opt/airflow/dags/bashoperator.py
[2024-07-15T23:19:09.938+0000] {logging_mixin.py:188} INFO - [2024-07-15T23:19:09.938+0000] {dag.py:3096} INFO - Sync 1 DAGs
[2024-07-15T23:19:09.966+0000] {logging_mixin.py:188} INFO - [2024-07-15T23:19:09.966+0000] {dag.py:3954} INFO - Setting next_dagrun for bashoperator to None, run_after=None
[2024-07-15T23:19:09.999+0000] {processor.py:183} INFO - Processing /opt/airflow/dags/bashoperator.py took 0.139 seconds
[2024-07-15T23:19:40.188+0000] {processor.py:161} INFO - Started process (PID=280) to work on /opt/airflow/dags/bashoperator.py
[2024-07-15T23:19:40.189+0000] {processor.py:830} INFO - Processing file /opt/airflow/dags/bashoperator.py for tasks to queue
[2024-07-15T23:19:40.191+0000] {logging_mixin.py:188} INFO - [2024-07-15T23:19:40.191+0000] {dagbag.py:545} INFO - Filling up the DagBag from /opt/airflow/dags/bashoperator.py
[2024-07-15T23:19:40.202+0000] {processor.py:840} INFO - DAG(s) 'bashoperator' retrieved from /opt/airflow/dags/bashoperator.py
[2024-07-15T23:19:40.234+0000] {logging_mixin.py:188} INFO - [2024-07-15T23:19:40.234+0000] {dag.py:3096} INFO - Sync 1 DAGs
[2024-07-15T23:19:40.262+0000] {logging_mixin.py:188} INFO - [2024-07-15T23:19:40.262+0000] {dag.py:3954} INFO - Setting next_dagrun for bashoperator to None, run_after=None
[2024-07-15T23:19:40.295+0000] {processor.py:183} INFO - Processing /opt/airflow/dags/bashoperator.py took 0.113 seconds
[2024-07-15T23:20:10.436+0000] {processor.py:161} INFO - Started process (PID=289) to work on /opt/airflow/dags/bashoperator.py
[2024-07-15T23:20:10.445+0000] {processor.py:830} INFO - Processing file /opt/airflow/dags/bashoperator.py for tasks to queue
[2024-07-15T23:20:10.447+0000] {logging_mixin.py:188} INFO - [2024-07-15T23:20:10.446+0000] {dagbag.py:545} INFO - Filling up the DagBag from /opt/airflow/dags/bashoperator.py
[2024-07-15T23:20:10.457+0000] {processor.py:840} INFO - DAG(s) 'bashoperator' retrieved from /opt/airflow/dags/bashoperator.py
[2024-07-15T23:20:10.488+0000] {logging_mixin.py:188} INFO - [2024-07-15T23:20:10.488+0000] {dag.py:3096} INFO - Sync 1 DAGs
[2024-07-15T23:20:10.516+0000] {logging_mixin.py:188} INFO - [2024-07-15T23:20:10.515+0000] {dag.py:3954} INFO - Setting next_dagrun for bashoperator to None, run_after=None
[2024-07-15T23:20:10.545+0000] {processor.py:183} INFO - Processing /opt/airflow/dags/bashoperator.py took 0.116 seconds
[2024-07-15T23:20:40.683+0000] {processor.py:161} INFO - Started process (PID=298) to work on /opt/airflow/dags/bashoperator.py
[2024-07-15T23:20:40.694+0000] {processor.py:830} INFO - Processing file /opt/airflow/dags/bashoperator.py for tasks to queue
[2024-07-15T23:20:40.696+0000] {logging_mixin.py:188} INFO - [2024-07-15T23:20:40.696+0000] {dagbag.py:545} INFO - Filling up the DagBag from /opt/airflow/dags/bashoperator.py
[2024-07-15T23:20:40.706+0000] {processor.py:840} INFO - DAG(s) 'bashoperator' retrieved from /opt/airflow/dags/bashoperator.py
[2024-07-15T23:20:40.741+0000] {logging_mixin.py:188} INFO - [2024-07-15T23:20:40.740+0000] {dag.py:3096} INFO - Sync 1 DAGs
[2024-07-15T23:20:40.768+0000] {logging_mixin.py:188} INFO - [2024-07-15T23:20:40.768+0000] {dag.py:3954} INFO - Setting next_dagrun for bashoperator to None, run_after=None
[2024-07-15T23:20:40.793+0000] {processor.py:183} INFO - Processing /opt/airflow/dags/bashoperator.py took 0.117 seconds
[2024-07-15T23:21:10.948+0000] {processor.py:161} INFO - Started process (PID=307) to work on /opt/airflow/dags/bashoperator.py
[2024-07-15T23:21:10.958+0000] {processor.py:830} INFO - Processing file /opt/airflow/dags/bashoperator.py for tasks to queue
[2024-07-15T23:21:10.960+0000] {logging_mixin.py:188} INFO - [2024-07-15T23:21:10.960+0000] {dagbag.py:545} INFO - Filling up the DagBag from /opt/airflow/dags/bashoperator.py
[2024-07-15T23:21:10.970+0000] {processor.py:840} INFO - DAG(s) 'bashoperator' retrieved from /opt/airflow/dags/bashoperator.py
[2024-07-15T23:21:10.999+0000] {logging_mixin.py:188} INFO - [2024-07-15T23:21:10.998+0000] {dag.py:3096} INFO - Sync 1 DAGs
[2024-07-15T23:21:11.028+0000] {logging_mixin.py:188} INFO - [2024-07-15T23:21:11.028+0000] {dag.py:3954} INFO - Setting next_dagrun for bashoperator to None, run_after=None
[2024-07-15T23:21:11.055+0000] {processor.py:183} INFO - Processing /opt/airflow/dags/bashoperator.py took 0.114 seconds
[2024-07-15T23:21:41.189+0000] {processor.py:161} INFO - Started process (PID=316) to work on /opt/airflow/dags/bashoperator.py
[2024-07-15T23:21:41.190+0000] {processor.py:830} INFO - Processing file /opt/airflow/dags/bashoperator.py for tasks to queue
[2024-07-15T23:21:41.192+0000] {logging_mixin.py:188} INFO - [2024-07-15T23:21:41.192+0000] {dagbag.py:545} INFO - Filling up the DagBag from /opt/airflow/dags/bashoperator.py
[2024-07-15T23:21:41.203+0000] {processor.py:840} INFO - DAG(s) 'bashoperator' retrieved from /opt/airflow/dags/bashoperator.py
[2024-07-15T23:21:41.235+0000] {logging_mixin.py:188} INFO - [2024-07-15T23:21:41.234+0000] {dag.py:3096} INFO - Sync 1 DAGs
[2024-07-15T23:21:41.265+0000] {logging_mixin.py:188} INFO - [2024-07-15T23:21:41.265+0000] {dag.py:3954} INFO - Setting next_dagrun for bashoperator to None, run_after=None
[2024-07-15T23:21:41.299+0000] {processor.py:183} INFO - Processing /opt/airflow/dags/bashoperator.py took 0.117 seconds
[2024-07-15T23:22:11.441+0000] {processor.py:161} INFO - Started process (PID=325) to work on /opt/airflow/dags/bashoperator.py
[2024-07-15T23:22:11.453+0000] {processor.py:830} INFO - Processing file /opt/airflow/dags/bashoperator.py for tasks to queue
[2024-07-15T23:22:11.454+0000] {logging_mixin.py:188} INFO - [2024-07-15T23:22:11.454+0000] {dagbag.py:545} INFO - Filling up the DagBag from /opt/airflow/dags/bashoperator.py
[2024-07-15T23:22:11.463+0000] {processor.py:840} INFO - DAG(s) 'bashoperator' retrieved from /opt/airflow/dags/bashoperator.py
[2024-07-15T23:22:11.490+0000] {logging_mixin.py:188} INFO - [2024-07-15T23:22:11.490+0000] {dag.py:3096} INFO - Sync 1 DAGs
[2024-07-15T23:22:11.514+0000] {logging_mixin.py:188} INFO - [2024-07-15T23:22:11.513+0000] {dag.py:3954} INFO - Setting next_dagrun for bashoperator to None, run_after=None
[2024-07-15T23:22:11.544+0000] {processor.py:183} INFO - Processing /opt/airflow/dags/bashoperator.py took 0.108 seconds
[2024-07-15T23:22:41.668+0000] {processor.py:161} INFO - Started process (PID=334) to work on /opt/airflow/dags/bashoperator.py
[2024-07-15T23:22:41.675+0000] {processor.py:830} INFO - Processing file /opt/airflow/dags/bashoperator.py for tasks to queue
[2024-07-15T23:22:41.677+0000] {logging_mixin.py:188} INFO - [2024-07-15T23:22:41.677+0000] {dagbag.py:545} INFO - Filling up the DagBag from /opt/airflow/dags/bashoperator.py
[2024-07-15T23:22:41.687+0000] {processor.py:840} INFO - DAG(s) 'bashoperator' retrieved from /opt/airflow/dags/bashoperator.py
[2024-07-15T23:22:41.714+0000] {logging_mixin.py:188} INFO - [2024-07-15T23:22:41.714+0000] {dag.py:3096} INFO - Sync 1 DAGs
[2024-07-15T23:22:41.737+0000] {logging_mixin.py:188} INFO - [2024-07-15T23:22:41.737+0000] {dag.py:3954} INFO - Setting next_dagrun for bashoperator to None, run_after=None
[2024-07-15T23:22:41.769+0000] {processor.py:183} INFO - Processing /opt/airflow/dags/bashoperator.py took 0.108 seconds
[2024-07-15T23:23:11.926+0000] {processor.py:161} INFO - Started process (PID=343) to work on /opt/airflow/dags/bashoperator.py
[2024-07-15T23:23:11.926+0000] {processor.py:830} INFO - Processing file /opt/airflow/dags/bashoperator.py for tasks to queue
[2024-07-15T23:23:11.928+0000] {logging_mixin.py:188} INFO - [2024-07-15T23:23:11.928+0000] {dagbag.py:545} INFO - Filling up the DagBag from /opt/airflow/dags/bashoperator.py
[2024-07-15T23:23:11.939+0000] {processor.py:840} INFO - DAG(s) 'bashoperator' retrieved from /opt/airflow/dags/bashoperator.py
[2024-07-15T23:23:11.974+0000] {logging_mixin.py:188} INFO - [2024-07-15T23:23:11.974+0000] {dag.py:3096} INFO - Sync 1 DAGs
[2024-07-15T23:23:12.032+0000] {logging_mixin.py:188} INFO - [2024-07-15T23:23:12.029+0000] {dag.py:3954} INFO - Setting next_dagrun for bashoperator to None, run_after=None
[2024-07-15T23:23:12.086+0000] {processor.py:183} INFO - Processing /opt/airflow/dags/bashoperator.py took 0.168 seconds
[2024-07-15T23:23:42.203+0000] {processor.py:161} INFO - Started process (PID=357) to work on /opt/airflow/dags/bashoperator.py
[2024-07-15T23:23:42.204+0000] {processor.py:830} INFO - Processing file /opt/airflow/dags/bashoperator.py for tasks to queue
[2024-07-15T23:23:42.206+0000] {logging_mixin.py:188} INFO - [2024-07-15T23:23:42.205+0000] {dagbag.py:545} INFO - Filling up the DagBag from /opt/airflow/dags/bashoperator.py
[2024-07-15T23:23:42.215+0000] {processor.py:840} INFO - DAG(s) 'bashoperator' retrieved from /opt/airflow/dags/bashoperator.py
[2024-07-15T23:23:42.245+0000] {logging_mixin.py:188} INFO - [2024-07-15T23:23:42.244+0000] {dag.py:3096} INFO - Sync 1 DAGs
[2024-07-15T23:23:42.285+0000] {logging_mixin.py:188} INFO - [2024-07-15T23:23:42.285+0000] {dag.py:3954} INFO - Setting next_dagrun for bashoperator to None, run_after=None
[2024-07-15T23:23:42.316+0000] {processor.py:183} INFO - Processing /opt/airflow/dags/bashoperator.py took 0.119 seconds
[2024-07-15T23:24:12.434+0000] {processor.py:161} INFO - Started process (PID=365) to work on /opt/airflow/dags/bashoperator.py
[2024-07-15T23:24:12.435+0000] {processor.py:830} INFO - Processing file /opt/airflow/dags/bashoperator.py for tasks to queue
[2024-07-15T23:24:12.437+0000] {logging_mixin.py:188} INFO - [2024-07-15T23:24:12.436+0000] {dagbag.py:545} INFO - Filling up the DagBag from /opt/airflow/dags/bashoperator.py
[2024-07-15T23:24:12.448+0000] {processor.py:840} INFO - DAG(s) 'bashoperator' retrieved from /opt/airflow/dags/bashoperator.py
[2024-07-15T23:24:12.481+0000] {logging_mixin.py:188} INFO - [2024-07-15T23:24:12.481+0000] {dag.py:3096} INFO - Sync 1 DAGs
[2024-07-15T23:24:12.507+0000] {logging_mixin.py:188} INFO - [2024-07-15T23:24:12.507+0000] {dag.py:3954} INFO - Setting next_dagrun for bashoperator to None, run_after=None
[2024-07-15T23:24:12.536+0000] {processor.py:183} INFO - Processing /opt/airflow/dags/bashoperator.py took 0.109 seconds
[2024-07-15T23:24:42.672+0000] {processor.py:161} INFO - Started process (PID=374) to work on /opt/airflow/dags/bashoperator.py
[2024-07-15T23:24:42.680+0000] {processor.py:830} INFO - Processing file /opt/airflow/dags/bashoperator.py for tasks to queue
[2024-07-15T23:24:42.682+0000] {logging_mixin.py:188} INFO - [2024-07-15T23:24:42.682+0000] {dagbag.py:545} INFO - Filling up the DagBag from /opt/airflow/dags/bashoperator.py
[2024-07-15T23:24:42.691+0000] {processor.py:840} INFO - DAG(s) 'bashoperator' retrieved from /opt/airflow/dags/bashoperator.py
[2024-07-15T23:24:42.718+0000] {logging_mixin.py:188} INFO - [2024-07-15T23:24:42.718+0000] {dag.py:3096} INFO - Sync 1 DAGs
[2024-07-15T23:24:42.741+0000] {logging_mixin.py:188} INFO - [2024-07-15T23:24:42.741+0000] {dag.py:3954} INFO - Setting next_dagrun for bashoperator to None, run_after=None
[2024-07-15T23:24:42.773+0000] {processor.py:183} INFO - Processing /opt/airflow/dags/bashoperator.py took 0.107 seconds
[2024-07-15T23:25:12.925+0000] {processor.py:161} INFO - Started process (PID=383) to work on /opt/airflow/dags/bashoperator.py
[2024-07-15T23:25:12.926+0000] {processor.py:830} INFO - Processing file /opt/airflow/dags/bashoperator.py for tasks to queue
[2024-07-15T23:25:12.928+0000] {logging_mixin.py:188} INFO - [2024-07-15T23:25:12.928+0000] {dagbag.py:545} INFO - Filling up the DagBag from /opt/airflow/dags/bashoperator.py
[2024-07-15T23:25:12.938+0000] {processor.py:840} INFO - DAG(s) 'bashoperator' retrieved from /opt/airflow/dags/bashoperator.py
[2024-07-15T23:25:12.966+0000] {logging_mixin.py:188} INFO - [2024-07-15T23:25:12.966+0000] {dag.py:3096} INFO - Sync 1 DAGs
[2024-07-15T23:25:12.991+0000] {logging_mixin.py:188} INFO - [2024-07-15T23:25:12.990+0000] {dag.py:3954} INFO - Setting next_dagrun for bashoperator to None, run_after=None
[2024-07-15T23:25:13.020+0000] {processor.py:183} INFO - Processing /opt/airflow/dags/bashoperator.py took 0.101 seconds
[2024-07-15T23:25:43.151+0000] {processor.py:161} INFO - Started process (PID=391) to work on /opt/airflow/dags/bashoperator.py
[2024-07-15T23:25:43.159+0000] {processor.py:830} INFO - Processing file /opt/airflow/dags/bashoperator.py for tasks to queue
[2024-07-15T23:25:43.161+0000] {logging_mixin.py:188} INFO - [2024-07-15T23:25:43.161+0000] {dagbag.py:545} INFO - Filling up the DagBag from /opt/airflow/dags/bashoperator.py
[2024-07-15T23:25:43.174+0000] {processor.py:840} INFO - DAG(s) 'bashoperator' retrieved from /opt/airflow/dags/bashoperator.py
[2024-07-15T23:25:43.205+0000] {logging_mixin.py:188} INFO - [2024-07-15T23:25:43.205+0000] {dag.py:3096} INFO - Sync 1 DAGs
[2024-07-15T23:25:43.232+0000] {logging_mixin.py:188} INFO - [2024-07-15T23:25:43.231+0000] {dag.py:3954} INFO - Setting next_dagrun for bashoperator to None, run_after=None
[2024-07-15T23:25:43.261+0000] {processor.py:183} INFO - Processing /opt/airflow/dags/bashoperator.py took 0.118 seconds
[2024-07-15T23:26:13.381+0000] {processor.py:161} INFO - Started process (PID=401) to work on /opt/airflow/dags/bashoperator.py
[2024-07-15T23:26:13.382+0000] {processor.py:830} INFO - Processing file /opt/airflow/dags/bashoperator.py for tasks to queue
[2024-07-15T23:26:13.384+0000] {logging_mixin.py:188} INFO - [2024-07-15T23:26:13.383+0000] {dagbag.py:545} INFO - Filling up the DagBag from /opt/airflow/dags/bashoperator.py
[2024-07-15T23:26:13.394+0000] {processor.py:840} INFO - DAG(s) 'bashoperator' retrieved from /opt/airflow/dags/bashoperator.py
[2024-07-15T23:26:13.423+0000] {logging_mixin.py:188} INFO - [2024-07-15T23:26:13.422+0000] {dag.py:3096} INFO - Sync 1 DAGs
[2024-07-15T23:26:13.459+0000] {logging_mixin.py:188} INFO - [2024-07-15T23:26:13.459+0000] {dag.py:3954} INFO - Setting next_dagrun for bashoperator to None, run_after=None
[2024-07-15T23:26:13.496+0000] {processor.py:183} INFO - Processing /opt/airflow/dags/bashoperator.py took 0.122 seconds
[2024-07-15T23:26:43.651+0000] {processor.py:161} INFO - Started process (PID=410) to work on /opt/airflow/dags/bashoperator.py
[2024-07-15T23:26:43.659+0000] {processor.py:830} INFO - Processing file /opt/airflow/dags/bashoperator.py for tasks to queue
[2024-07-15T23:26:43.661+0000] {logging_mixin.py:188} INFO - [2024-07-15T23:26:43.661+0000] {dagbag.py:545} INFO - Filling up the DagBag from /opt/airflow/dags/bashoperator.py
[2024-07-15T23:26:43.670+0000] {processor.py:840} INFO - DAG(s) 'bashoperator' retrieved from /opt/airflow/dags/bashoperator.py
[2024-07-15T23:26:43.696+0000] {logging_mixin.py:188} INFO - [2024-07-15T23:26:43.696+0000] {dag.py:3096} INFO - Sync 1 DAGs
[2024-07-15T23:26:43.722+0000] {logging_mixin.py:188} INFO - [2024-07-15T23:26:43.721+0000] {dag.py:3954} INFO - Setting next_dagrun for bashoperator to None, run_after=None
[2024-07-15T23:26:43.751+0000] {processor.py:183} INFO - Processing /opt/airflow/dags/bashoperator.py took 0.106 seconds
[2024-07-15T23:27:13.880+0000] {processor.py:161} INFO - Started process (PID=419) to work on /opt/airflow/dags/bashoperator.py
[2024-07-15T23:27:13.885+0000] {processor.py:830} INFO - Processing file /opt/airflow/dags/bashoperator.py for tasks to queue
[2024-07-15T23:27:13.887+0000] {logging_mixin.py:188} INFO - [2024-07-15T23:27:13.887+0000] {dagbag.py:545} INFO - Filling up the DagBag from /opt/airflow/dags/bashoperator.py
[2024-07-15T23:27:13.898+0000] {processor.py:840} INFO - DAG(s) 'bashoperator' retrieved from /opt/airflow/dags/bashoperator.py
[2024-07-15T23:27:13.929+0000] {logging_mixin.py:188} INFO - [2024-07-15T23:27:13.929+0000] {dag.py:3096} INFO - Sync 1 DAGs
[2024-07-15T23:27:13.954+0000] {logging_mixin.py:188} INFO - [2024-07-15T23:27:13.953+0000] {dag.py:3954} INFO - Setting next_dagrun for bashoperator to None, run_after=None
[2024-07-15T23:27:13.987+0000] {processor.py:183} INFO - Processing /opt/airflow/dags/bashoperator.py took 0.113 seconds
[2024-07-15T23:27:44.134+0000] {processor.py:161} INFO - Started process (PID=428) to work on /opt/airflow/dags/bashoperator.py
[2024-07-15T23:27:44.135+0000] {processor.py:830} INFO - Processing file /opt/airflow/dags/bashoperator.py for tasks to queue
[2024-07-15T23:27:44.137+0000] {logging_mixin.py:188} INFO - [2024-07-15T23:27:44.137+0000] {dagbag.py:545} INFO - Filling up the DagBag from /opt/airflow/dags/bashoperator.py
[2024-07-15T23:27:44.147+0000] {processor.py:840} INFO - DAG(s) 'bashoperator' retrieved from /opt/airflow/dags/bashoperator.py
[2024-07-15T23:27:44.175+0000] {logging_mixin.py:188} INFO - [2024-07-15T23:27:44.175+0000] {dag.py:3096} INFO - Sync 1 DAGs
[2024-07-15T23:27:44.197+0000] {logging_mixin.py:188} INFO - [2024-07-15T23:27:44.197+0000] {dag.py:3954} INFO - Setting next_dagrun for bashoperator to None, run_after=None
[2024-07-15T23:27:44.231+0000] {processor.py:183} INFO - Processing /opt/airflow/dags/bashoperator.py took 0.103 seconds
[2024-07-15T23:28:14.353+0000] {processor.py:161} INFO - Started process (PID=437) to work on /opt/airflow/dags/bashoperator.py
[2024-07-15T23:28:14.354+0000] {processor.py:830} INFO - Processing file /opt/airflow/dags/bashoperator.py for tasks to queue
[2024-07-15T23:28:14.356+0000] {logging_mixin.py:188} INFO - [2024-07-15T23:28:14.356+0000] {dagbag.py:545} INFO - Filling up the DagBag from /opt/airflow/dags/bashoperator.py
[2024-07-15T23:28:14.366+0000] {processor.py:840} INFO - DAG(s) 'bashoperator' retrieved from /opt/airflow/dags/bashoperator.py
[2024-07-15T23:28:14.395+0000] {logging_mixin.py:188} INFO - [2024-07-15T23:28:14.395+0000] {dag.py:3096} INFO - Sync 1 DAGs
[2024-07-15T23:28:14.419+0000] {logging_mixin.py:188} INFO - [2024-07-15T23:28:14.419+0000] {dag.py:3954} INFO - Setting next_dagrun for bashoperator to None, run_after=None
[2024-07-15T23:28:14.442+0000] {processor.py:183} INFO - Processing /opt/airflow/dags/bashoperator.py took 0.096 seconds
[2024-07-15T23:28:44.607+0000] {processor.py:161} INFO - Started process (PID=446) to work on /opt/airflow/dags/bashoperator.py
[2024-07-15T23:28:44.616+0000] {processor.py:830} INFO - Processing file /opt/airflow/dags/bashoperator.py for tasks to queue
[2024-07-15T23:28:44.618+0000] {logging_mixin.py:188} INFO - [2024-07-15T23:28:44.617+0000] {dagbag.py:545} INFO - Filling up the DagBag from /opt/airflow/dags/bashoperator.py
[2024-07-15T23:28:44.629+0000] {processor.py:840} INFO - DAG(s) 'bashoperator' retrieved from /opt/airflow/dags/bashoperator.py
[2024-07-15T23:28:44.666+0000] {logging_mixin.py:188} INFO - [2024-07-15T23:28:44.666+0000] {dag.py:3096} INFO - Sync 1 DAGs
[2024-07-15T23:28:44.699+0000] {logging_mixin.py:188} INFO - [2024-07-15T23:28:44.699+0000] {dag.py:3954} INFO - Setting next_dagrun for bashoperator to None, run_after=None
[2024-07-15T23:28:44.742+0000] {processor.py:183} INFO - Processing /opt/airflow/dags/bashoperator.py took 0.142 seconds
[2024-07-15T23:29:14.869+0000] {processor.py:161} INFO - Started process (PID=456) to work on /opt/airflow/dags/bashoperator.py
[2024-07-15T23:29:14.870+0000] {processor.py:830} INFO - Processing file /opt/airflow/dags/bashoperator.py for tasks to queue
[2024-07-15T23:29:14.872+0000] {logging_mixin.py:188} INFO - [2024-07-15T23:29:14.871+0000] {dagbag.py:545} INFO - Filling up the DagBag from /opt/airflow/dags/bashoperator.py
[2024-07-15T23:29:14.883+0000] {processor.py:840} INFO - DAG(s) 'bashoperator' retrieved from /opt/airflow/dags/bashoperator.py
[2024-07-15T23:29:14.914+0000] {logging_mixin.py:188} INFO - [2024-07-15T23:29:14.914+0000] {dag.py:3096} INFO - Sync 1 DAGs
[2024-07-15T23:29:14.947+0000] {logging_mixin.py:188} INFO - [2024-07-15T23:29:14.947+0000] {dag.py:3954} INFO - Setting next_dagrun for bashoperator to None, run_after=None
[2024-07-15T23:29:14.976+0000] {processor.py:183} INFO - Processing /opt/airflow/dags/bashoperator.py took 0.113 seconds
[2024-07-15T23:29:45.150+0000] {processor.py:161} INFO - Started process (PID=465) to work on /opt/airflow/dags/bashoperator.py
[2024-07-15T23:29:45.158+0000] {processor.py:830} INFO - Processing file /opt/airflow/dags/bashoperator.py for tasks to queue
[2024-07-15T23:29:45.160+0000] {logging_mixin.py:188} INFO - [2024-07-15T23:29:45.160+0000] {dagbag.py:545} INFO - Filling up the DagBag from /opt/airflow/dags/bashoperator.py
[2024-07-15T23:29:45.169+0000] {processor.py:840} INFO - DAG(s) 'bashoperator' retrieved from /opt/airflow/dags/bashoperator.py
[2024-07-15T23:29:45.197+0000] {logging_mixin.py:188} INFO - [2024-07-15T23:29:45.197+0000] {dag.py:3096} INFO - Sync 1 DAGs
[2024-07-15T23:29:45.220+0000] {logging_mixin.py:188} INFO - [2024-07-15T23:29:45.220+0000] {dag.py:3954} INFO - Setting next_dagrun for bashoperator to None, run_after=None
[2024-07-15T23:29:45.251+0000] {processor.py:183} INFO - Processing /opt/airflow/dags/bashoperator.py took 0.107 seconds
[2024-07-15T23:30:15.393+0000] {processor.py:161} INFO - Started process (PID=474) to work on /opt/airflow/dags/bashoperator.py
[2024-07-15T23:30:15.395+0000] {processor.py:830} INFO - Processing file /opt/airflow/dags/bashoperator.py for tasks to queue
[2024-07-15T23:30:15.400+0000] {logging_mixin.py:188} INFO - [2024-07-15T23:30:15.400+0000] {dagbag.py:545} INFO - Filling up the DagBag from /opt/airflow/dags/bashoperator.py
[2024-07-15T23:30:15.420+0000] {processor.py:840} INFO - DAG(s) 'bashoperator' retrieved from /opt/airflow/dags/bashoperator.py
[2024-07-15T23:30:15.466+0000] {logging_mixin.py:188} INFO - [2024-07-15T23:30:15.465+0000] {dag.py:3096} INFO - Sync 1 DAGs
[2024-07-15T23:30:15.504+0000] {logging_mixin.py:188} INFO - [2024-07-15T23:30:15.504+0000] {dag.py:3954} INFO - Setting next_dagrun for bashoperator to None, run_after=None
[2024-07-15T23:30:15.534+0000] {processor.py:183} INFO - Processing /opt/airflow/dags/bashoperator.py took 0.149 seconds
[2024-07-15T23:30:45.691+0000] {processor.py:161} INFO - Started process (PID=483) to work on /opt/airflow/dags/bashoperator.py
[2024-07-15T23:30:45.694+0000] {processor.py:830} INFO - Processing file /opt/airflow/dags/bashoperator.py for tasks to queue
[2024-07-15T23:30:45.696+0000] {logging_mixin.py:188} INFO - [2024-07-15T23:30:45.696+0000] {dagbag.py:545} INFO - Filling up the DagBag from /opt/airflow/dags/bashoperator.py
[2024-07-15T23:30:45.706+0000] {processor.py:840} INFO - DAG(s) 'bashoperator' retrieved from /opt/airflow/dags/bashoperator.py
[2024-07-15T23:30:45.740+0000] {logging_mixin.py:188} INFO - [2024-07-15T23:30:45.740+0000] {dag.py:3096} INFO - Sync 1 DAGs
[2024-07-15T23:30:45.766+0000] {logging_mixin.py:188} INFO - [2024-07-15T23:30:45.765+0000] {dag.py:3954} INFO - Setting next_dagrun for bashoperator to None, run_after=None
[2024-07-15T23:30:45.815+0000] {processor.py:183} INFO - Processing /opt/airflow/dags/bashoperator.py took 0.131 seconds
[2024-07-15T23:31:15.963+0000] {processor.py:161} INFO - Started process (PID=492) to work on /opt/airflow/dags/bashoperator.py
[2024-07-15T23:31:15.972+0000] {processor.py:830} INFO - Processing file /opt/airflow/dags/bashoperator.py for tasks to queue
[2024-07-15T23:31:15.975+0000] {logging_mixin.py:188} INFO - [2024-07-15T23:31:15.974+0000] {dagbag.py:545} INFO - Filling up the DagBag from /opt/airflow/dags/bashoperator.py
[2024-07-15T23:31:15.987+0000] {processor.py:840} INFO - DAG(s) 'bashoperator' retrieved from /opt/airflow/dags/bashoperator.py
[2024-07-15T23:31:16.025+0000] {logging_mixin.py:188} INFO - [2024-07-15T23:31:16.025+0000] {dag.py:3096} INFO - Sync 1 DAGs
[2024-07-15T23:31:16.056+0000] {logging_mixin.py:188} INFO - [2024-07-15T23:31:16.056+0000] {dag.py:3954} INFO - Setting next_dagrun for bashoperator to None, run_after=None
[2024-07-15T23:31:16.084+0000] {processor.py:183} INFO - Processing /opt/airflow/dags/bashoperator.py took 0.128 seconds
[2024-07-15T23:31:46.211+0000] {processor.py:161} INFO - Started process (PID=500) to work on /opt/airflow/dags/bashoperator.py
[2024-07-15T23:31:46.212+0000] {processor.py:830} INFO - Processing file /opt/airflow/dags/bashoperator.py for tasks to queue
[2024-07-15T23:31:46.215+0000] {logging_mixin.py:188} INFO - [2024-07-15T23:31:46.215+0000] {dagbag.py:545} INFO - Filling up the DagBag from /opt/airflow/dags/bashoperator.py
[2024-07-15T23:31:46.224+0000] {processor.py:840} INFO - DAG(s) 'bashoperator' retrieved from /opt/airflow/dags/bashoperator.py
[2024-07-15T23:31:46.253+0000] {logging_mixin.py:188} INFO - [2024-07-15T23:31:46.253+0000] {dag.py:3096} INFO - Sync 1 DAGs
[2024-07-15T23:31:46.276+0000] {logging_mixin.py:188} INFO - [2024-07-15T23:31:46.276+0000] {dag.py:3954} INFO - Setting next_dagrun for bashoperator to None, run_after=None
[2024-07-15T23:31:46.303+0000] {processor.py:183} INFO - Processing /opt/airflow/dags/bashoperator.py took 0.098 seconds
[2024-07-15T23:32:16.422+0000] {processor.py:161} INFO - Started process (PID=509) to work on /opt/airflow/dags/bashoperator.py
[2024-07-15T23:32:16.426+0000] {processor.py:830} INFO - Processing file /opt/airflow/dags/bashoperator.py for tasks to queue
[2024-07-15T23:32:16.429+0000] {logging_mixin.py:188} INFO - [2024-07-15T23:32:16.428+0000] {dagbag.py:545} INFO - Filling up the DagBag from /opt/airflow/dags/bashoperator.py
[2024-07-15T23:32:16.437+0000] {processor.py:840} INFO - DAG(s) 'bashoperator' retrieved from /opt/airflow/dags/bashoperator.py
[2024-07-15T23:32:16.468+0000] {logging_mixin.py:188} INFO - [2024-07-15T23:32:16.467+0000] {dag.py:3096} INFO - Sync 1 DAGs
[2024-07-15T23:32:16.491+0000] {logging_mixin.py:188} INFO - [2024-07-15T23:32:16.490+0000] {dag.py:3954} INFO - Setting next_dagrun for bashoperator to None, run_after=None
[2024-07-15T23:32:16.514+0000] {processor.py:183} INFO - Processing /opt/airflow/dags/bashoperator.py took 0.098 seconds
[2024-07-15T23:32:46.677+0000] {processor.py:161} INFO - Started process (PID=518) to work on /opt/airflow/dags/bashoperator.py
[2024-07-15T23:32:46.678+0000] {processor.py:830} INFO - Processing file /opt/airflow/dags/bashoperator.py for tasks to queue
[2024-07-15T23:32:46.681+0000] {logging_mixin.py:188} INFO - [2024-07-15T23:32:46.680+0000] {dagbag.py:545} INFO - Filling up the DagBag from /opt/airflow/dags/bashoperator.py
[2024-07-15T23:32:46.692+0000] {processor.py:840} INFO - DAG(s) 'bashoperator' retrieved from /opt/airflow/dags/bashoperator.py
[2024-07-15T23:32:46.725+0000] {logging_mixin.py:188} INFO - [2024-07-15T23:32:46.725+0000] {dag.py:3096} INFO - Sync 1 DAGs
[2024-07-15T23:32:46.752+0000] {logging_mixin.py:188} INFO - [2024-07-15T23:32:46.752+0000] {dag.py:3954} INFO - Setting next_dagrun for bashoperator to None, run_after=None
[2024-07-15T23:32:46.783+0000] {processor.py:183} INFO - Processing /opt/airflow/dags/bashoperator.py took 0.113 seconds
[2024-07-15T23:33:16.916+0000] {processor.py:161} INFO - Started process (PID=527) to work on /opt/airflow/dags/bashoperator.py
[2024-07-15T23:33:16.918+0000] {processor.py:830} INFO - Processing file /opt/airflow/dags/bashoperator.py for tasks to queue
[2024-07-15T23:33:16.921+0000] {logging_mixin.py:188} INFO - [2024-07-15T23:33:16.921+0000] {dagbag.py:545} INFO - Filling up the DagBag from /opt/airflow/dags/bashoperator.py
[2024-07-15T23:33:16.930+0000] {processor.py:840} INFO - DAG(s) 'bashoperator' retrieved from /opt/airflow/dags/bashoperator.py
[2024-07-15T23:33:16.962+0000] {logging_mixin.py:188} INFO - [2024-07-15T23:33:16.961+0000] {dag.py:3096} INFO - Sync 1 DAGs
[2024-07-15T23:33:16.992+0000] {logging_mixin.py:188} INFO - [2024-07-15T23:33:16.992+0000] {dag.py:3954} INFO - Setting next_dagrun for bashoperator to None, run_after=None
[2024-07-15T23:33:17.025+0000] {processor.py:183} INFO - Processing /opt/airflow/dags/bashoperator.py took 0.115 seconds
[2024-07-15T23:33:47.185+0000] {processor.py:161} INFO - Started process (PID=536) to work on /opt/airflow/dags/bashoperator.py
[2024-07-15T23:33:47.187+0000] {processor.py:830} INFO - Processing file /opt/airflow/dags/bashoperator.py for tasks to queue
[2024-07-15T23:33:47.190+0000] {logging_mixin.py:188} INFO - [2024-07-15T23:33:47.190+0000] {dagbag.py:545} INFO - Filling up the DagBag from /opt/airflow/dags/bashoperator.py
[2024-07-15T23:33:47.202+0000] {processor.py:840} INFO - DAG(s) 'bashoperator' retrieved from /opt/airflow/dags/bashoperator.py
[2024-07-15T23:33:47.234+0000] {logging_mixin.py:188} INFO - [2024-07-15T23:33:47.234+0000] {dag.py:3096} INFO - Sync 1 DAGs
[2024-07-15T23:33:47.262+0000] {logging_mixin.py:188} INFO - [2024-07-15T23:33:47.262+0000] {dag.py:3954} INFO - Setting next_dagrun for bashoperator to None, run_after=None
[2024-07-15T23:33:47.298+0000] {processor.py:183} INFO - Processing /opt/airflow/dags/bashoperator.py took 0.120 seconds
[2024-07-15T23:34:17.450+0000] {processor.py:161} INFO - Started process (PID=545) to work on /opt/airflow/dags/bashoperator.py
[2024-07-15T23:34:17.464+0000] {processor.py:830} INFO - Processing file /opt/airflow/dags/bashoperator.py for tasks to queue
[2024-07-15T23:34:17.467+0000] {logging_mixin.py:188} INFO - [2024-07-15T23:34:17.466+0000] {dagbag.py:545} INFO - Filling up the DagBag from /opt/airflow/dags/bashoperator.py
[2024-07-15T23:34:17.475+0000] {processor.py:840} INFO - DAG(s) 'bashoperator' retrieved from /opt/airflow/dags/bashoperator.py
[2024-07-15T23:34:17.510+0000] {logging_mixin.py:188} INFO - [2024-07-15T23:34:17.509+0000] {dag.py:3096} INFO - Sync 1 DAGs
[2024-07-15T23:34:17.538+0000] {logging_mixin.py:188} INFO - [2024-07-15T23:34:17.538+0000] {dag.py:3954} INFO - Setting next_dagrun for bashoperator to None, run_after=None
[2024-07-15T23:34:17.570+0000] {processor.py:183} INFO - Processing /opt/airflow/dags/bashoperator.py took 0.127 seconds
[2024-07-15T23:34:47.719+0000] {processor.py:161} INFO - Started process (PID=554) to work on /opt/airflow/dags/bashoperator.py
[2024-07-15T23:34:47.720+0000] {processor.py:830} INFO - Processing file /opt/airflow/dags/bashoperator.py for tasks to queue
[2024-07-15T23:34:47.722+0000] {logging_mixin.py:188} INFO - [2024-07-15T23:34:47.721+0000] {dagbag.py:545} INFO - Filling up the DagBag from /opt/airflow/dags/bashoperator.py
[2024-07-15T23:34:47.731+0000] {processor.py:840} INFO - DAG(s) 'bashoperator' retrieved from /opt/airflow/dags/bashoperator.py
[2024-07-15T23:34:47.762+0000] {logging_mixin.py:188} INFO - [2024-07-15T23:34:47.761+0000] {dag.py:3096} INFO - Sync 1 DAGs
[2024-07-15T23:34:47.789+0000] {logging_mixin.py:188} INFO - [2024-07-15T23:34:47.789+0000] {dag.py:3954} INFO - Setting next_dagrun for bashoperator to None, run_after=None
[2024-07-15T23:34:47.821+0000] {processor.py:183} INFO - Processing /opt/airflow/dags/bashoperator.py took 0.109 seconds
[2024-07-15T23:35:17.945+0000] {processor.py:161} INFO - Started process (PID=563) to work on /opt/airflow/dags/bashoperator.py
[2024-07-15T23:35:17.947+0000] {processor.py:830} INFO - Processing file /opt/airflow/dags/bashoperator.py for tasks to queue
[2024-07-15T23:35:17.951+0000] {logging_mixin.py:188} INFO - [2024-07-15T23:35:17.951+0000] {dagbag.py:545} INFO - Filling up the DagBag from /opt/airflow/dags/bashoperator.py
[2024-07-15T23:35:17.963+0000] {processor.py:840} INFO - DAG(s) 'bashoperator' retrieved from /opt/airflow/dags/bashoperator.py
[2024-07-15T23:35:17.996+0000] {logging_mixin.py:188} INFO - [2024-07-15T23:35:17.995+0000] {dag.py:3096} INFO - Sync 1 DAGs
[2024-07-15T23:35:18.023+0000] {logging_mixin.py:188} INFO - [2024-07-15T23:35:18.023+0000] {dag.py:3954} INFO - Setting next_dagrun for bashoperator to None, run_after=None
[2024-07-15T23:35:18.053+0000] {processor.py:183} INFO - Processing /opt/airflow/dags/bashoperator.py took 0.115 seconds
[2024-07-15T23:35:48.192+0000] {processor.py:161} INFO - Started process (PID=573) to work on /opt/airflow/dags/bashoperator.py
[2024-07-15T23:35:48.193+0000] {processor.py:830} INFO - Processing file /opt/airflow/dags/bashoperator.py for tasks to queue
[2024-07-15T23:35:48.196+0000] {logging_mixin.py:188} INFO - [2024-07-15T23:35:48.195+0000] {dagbag.py:545} INFO - Filling up the DagBag from /opt/airflow/dags/bashoperator.py
[2024-07-15T23:35:48.206+0000] {processor.py:840} INFO - DAG(s) 'bashoperator' retrieved from /opt/airflow/dags/bashoperator.py
[2024-07-15T23:35:48.231+0000] {logging_mixin.py:188} INFO - [2024-07-15T23:35:48.231+0000] {dag.py:3096} INFO - Sync 1 DAGs
[2024-07-15T23:35:48.255+0000] {logging_mixin.py:188} INFO - [2024-07-15T23:35:48.254+0000] {dag.py:3954} INFO - Setting next_dagrun for bashoperator to None, run_after=None
[2024-07-15T23:35:48.293+0000] {processor.py:183} INFO - Processing /opt/airflow/dags/bashoperator.py took 0.107 seconds
[2024-07-15T23:36:18.414+0000] {processor.py:161} INFO - Started process (PID=582) to work on /opt/airflow/dags/bashoperator.py
[2024-07-15T23:36:18.415+0000] {processor.py:830} INFO - Processing file /opt/airflow/dags/bashoperator.py for tasks to queue
[2024-07-15T23:36:18.417+0000] {logging_mixin.py:188} INFO - [2024-07-15T23:36:18.417+0000] {dagbag.py:545} INFO - Filling up the DagBag from /opt/airflow/dags/bashoperator.py
[2024-07-15T23:36:18.426+0000] {processor.py:840} INFO - DAG(s) 'bashoperator' retrieved from /opt/airflow/dags/bashoperator.py
[2024-07-15T23:36:18.454+0000] {logging_mixin.py:188} INFO - [2024-07-15T23:36:18.454+0000] {dag.py:3096} INFO - Sync 1 DAGs
[2024-07-15T23:36:18.477+0000] {logging_mixin.py:188} INFO - [2024-07-15T23:36:18.477+0000] {dag.py:3954} INFO - Setting next_dagrun for bashoperator to None, run_after=None
[2024-07-15T23:36:18.500+0000] {processor.py:183} INFO - Processing /opt/airflow/dags/bashoperator.py took 0.093 seconds
[2024-07-15T23:36:48.670+0000] {processor.py:161} INFO - Started process (PID=591) to work on /opt/airflow/dags/bashoperator.py
[2024-07-15T23:36:48.672+0000] {processor.py:830} INFO - Processing file /opt/airflow/dags/bashoperator.py for tasks to queue
[2024-07-15T23:36:48.674+0000] {logging_mixin.py:188} INFO - [2024-07-15T23:36:48.673+0000] {dagbag.py:545} INFO - Filling up the DagBag from /opt/airflow/dags/bashoperator.py
[2024-07-15T23:36:48.683+0000] {processor.py:840} INFO - DAG(s) 'bashoperator' retrieved from /opt/airflow/dags/bashoperator.py
[2024-07-15T23:36:48.713+0000] {logging_mixin.py:188} INFO - [2024-07-15T23:36:48.713+0000] {dag.py:3096} INFO - Sync 1 DAGs
[2024-07-15T23:36:48.738+0000] {logging_mixin.py:188} INFO - [2024-07-15T23:36:48.737+0000] {dag.py:3954} INFO - Setting next_dagrun for bashoperator to None, run_after=None
[2024-07-15T23:36:48.768+0000] {processor.py:183} INFO - Processing /opt/airflow/dags/bashoperator.py took 0.105 seconds
[2024-07-15T23:37:18.893+0000] {processor.py:161} INFO - Started process (PID=600) to work on /opt/airflow/dags/bashoperator.py
[2024-07-15T23:37:18.894+0000] {processor.py:830} INFO - Processing file /opt/airflow/dags/bashoperator.py for tasks to queue
[2024-07-15T23:37:18.896+0000] {logging_mixin.py:188} INFO - [2024-07-15T23:37:18.895+0000] {dagbag.py:545} INFO - Filling up the DagBag from /opt/airflow/dags/bashoperator.py
[2024-07-15T23:37:18.906+0000] {processor.py:840} INFO - DAG(s) 'bashoperator' retrieved from /opt/airflow/dags/bashoperator.py
[2024-07-15T23:37:18.938+0000] {logging_mixin.py:188} INFO - [2024-07-15T23:37:18.938+0000] {dag.py:3096} INFO - Sync 1 DAGs
[2024-07-15T23:37:18.965+0000] {logging_mixin.py:188} INFO - [2024-07-15T23:37:18.965+0000] {dag.py:3954} INFO - Setting next_dagrun for bashoperator to None, run_after=None
[2024-07-15T23:37:18.999+0000] {processor.py:183} INFO - Processing /opt/airflow/dags/bashoperator.py took 0.113 seconds
[2024-07-15T23:37:49.143+0000] {processor.py:161} INFO - Started process (PID=609) to work on /opt/airflow/dags/bashoperator.py
[2024-07-15T23:37:49.145+0000] {processor.py:830} INFO - Processing file /opt/airflow/dags/bashoperator.py for tasks to queue
[2024-07-15T23:37:49.148+0000] {logging_mixin.py:188} INFO - [2024-07-15T23:37:49.147+0000] {dagbag.py:545} INFO - Filling up the DagBag from /opt/airflow/dags/bashoperator.py
[2024-07-15T23:37:49.166+0000] {processor.py:840} INFO - DAG(s) 'bashoperator' retrieved from /opt/airflow/dags/bashoperator.py
[2024-07-15T23:37:49.198+0000] {logging_mixin.py:188} INFO - [2024-07-15T23:37:49.198+0000] {dag.py:3096} INFO - Sync 1 DAGs
[2024-07-15T23:37:49.223+0000] {logging_mixin.py:188} INFO - [2024-07-15T23:37:49.223+0000] {dag.py:3954} INFO - Setting next_dagrun for bashoperator to None, run_after=None
[2024-07-15T23:37:49.246+0000] {processor.py:183} INFO - Processing /opt/airflow/dags/bashoperator.py took 0.114 seconds
[2024-07-15T23:38:19.394+0000] {processor.py:161} INFO - Started process (PID=618) to work on /opt/airflow/dags/bashoperator.py
[2024-07-15T23:38:19.395+0000] {processor.py:830} INFO - Processing file /opt/airflow/dags/bashoperator.py for tasks to queue
[2024-07-15T23:38:19.400+0000] {logging_mixin.py:188} INFO - [2024-07-15T23:38:19.397+0000] {dagbag.py:545} INFO - Filling up the DagBag from /opt/airflow/dags/bashoperator.py
[2024-07-15T23:38:19.412+0000] {processor.py:840} INFO - DAG(s) 'bashoperator' retrieved from /opt/airflow/dags/bashoperator.py
[2024-07-15T23:38:19.445+0000] {logging_mixin.py:188} INFO - [2024-07-15T23:38:19.445+0000] {dag.py:3096} INFO - Sync 1 DAGs
[2024-07-15T23:38:19.474+0000] {logging_mixin.py:188} INFO - [2024-07-15T23:38:19.473+0000] {dag.py:3954} INFO - Setting next_dagrun for bashoperator to None, run_after=None
[2024-07-15T23:38:19.517+0000] {processor.py:183} INFO - Processing /opt/airflow/dags/bashoperator.py took 0.132 seconds
[2024-07-15T23:38:49.679+0000] {processor.py:161} INFO - Started process (PID=627) to work on /opt/airflow/dags/bashoperator.py
[2024-07-15T23:38:49.690+0000] {processor.py:830} INFO - Processing file /opt/airflow/dags/bashoperator.py for tasks to queue
[2024-07-15T23:38:49.693+0000] {logging_mixin.py:188} INFO - [2024-07-15T23:38:49.693+0000] {dagbag.py:545} INFO - Filling up the DagBag from /opt/airflow/dags/bashoperator.py
[2024-07-15T23:38:49.713+0000] {processor.py:840} INFO - DAG(s) 'bashoperator' retrieved from /opt/airflow/dags/bashoperator.py
[2024-07-15T23:38:49.753+0000] {logging_mixin.py:188} INFO - [2024-07-15T23:38:49.753+0000] {dag.py:3096} INFO - Sync 1 DAGs
[2024-07-15T23:38:49.781+0000] {logging_mixin.py:188} INFO - [2024-07-15T23:38:49.780+0000] {dag.py:3954} INFO - Setting next_dagrun for bashoperator to None, run_after=None
[2024-07-15T23:38:49.809+0000] {processor.py:183} INFO - Processing /opt/airflow/dags/bashoperator.py took 0.138 seconds
[2024-07-15T23:39:20.019+0000] {processor.py:161} INFO - Started process (PID=635) to work on /opt/airflow/dags/bashoperator.py
[2024-07-15T23:39:20.020+0000] {processor.py:830} INFO - Processing file /opt/airflow/dags/bashoperator.py for tasks to queue
[2024-07-15T23:39:20.023+0000] {logging_mixin.py:188} INFO - [2024-07-15T23:39:20.022+0000] {dagbag.py:545} INFO - Filling up the DagBag from /opt/airflow/dags/bashoperator.py
[2024-07-15T23:39:20.054+0000] {processor.py:840} INFO - DAG(s) 'bashoperator' retrieved from /opt/airflow/dags/bashoperator.py
[2024-07-15T23:39:20.126+0000] {logging_mixin.py:188} INFO - [2024-07-15T23:39:20.126+0000] {dag.py:3096} INFO - Sync 1 DAGs
[2024-07-15T23:39:20.160+0000] {logging_mixin.py:188} INFO - [2024-07-15T23:39:20.159+0000] {dag.py:3954} INFO - Setting next_dagrun for bashoperator to None, run_after=None
[2024-07-15T23:39:20.184+0000] {processor.py:183} INFO - Processing /opt/airflow/dags/bashoperator.py took 0.206 seconds
[2024-07-15T23:39:50.323+0000] {processor.py:161} INFO - Started process (PID=645) to work on /opt/airflow/dags/bashoperator.py
[2024-07-15T23:39:50.331+0000] {processor.py:830} INFO - Processing file /opt/airflow/dags/bashoperator.py for tasks to queue
[2024-07-15T23:39:50.332+0000] {logging_mixin.py:188} INFO - [2024-07-15T23:39:50.332+0000] {dagbag.py:545} INFO - Filling up the DagBag from /opt/airflow/dags/bashoperator.py
[2024-07-15T23:39:50.341+0000] {processor.py:840} INFO - DAG(s) 'bashoperator' retrieved from /opt/airflow/dags/bashoperator.py
[2024-07-15T23:39:50.370+0000] {logging_mixin.py:188} INFO - [2024-07-15T23:39:50.370+0000] {dag.py:3096} INFO - Sync 1 DAGs
[2024-07-15T23:39:50.396+0000] {logging_mixin.py:188} INFO - [2024-07-15T23:39:50.395+0000] {dag.py:3954} INFO - Setting next_dagrun for bashoperator to None, run_after=None
[2024-07-15T23:39:50.420+0000] {processor.py:183} INFO - Processing /opt/airflow/dags/bashoperator.py took 0.105 seconds
[2024-07-15T23:40:20.581+0000] {processor.py:161} INFO - Started process (PID=655) to work on /opt/airflow/dags/bashoperator.py
[2024-07-15T23:40:20.594+0000] {processor.py:830} INFO - Processing file /opt/airflow/dags/bashoperator.py for tasks to queue
[2024-07-15T23:40:20.596+0000] {logging_mixin.py:188} INFO - [2024-07-15T23:40:20.596+0000] {dagbag.py:545} INFO - Filling up the DagBag from /opt/airflow/dags/bashoperator.py
[2024-07-15T23:40:20.618+0000] {processor.py:840} INFO - DAG(s) 'bashoperator' retrieved from /opt/airflow/dags/bashoperator.py
[2024-07-15T23:40:20.652+0000] {logging_mixin.py:188} INFO - [2024-07-15T23:40:20.652+0000] {dag.py:3096} INFO - Sync 1 DAGs
[2024-07-15T23:40:20.681+0000] {logging_mixin.py:188} INFO - [2024-07-15T23:40:20.681+0000] {dag.py:3954} INFO - Setting next_dagrun for bashoperator to None, run_after=None
[2024-07-15T23:40:20.701+0000] {processor.py:183} INFO - Processing /opt/airflow/dags/bashoperator.py took 0.127 seconds
[2024-07-15T23:40:50.967+0000] {processor.py:161} INFO - Started process (PID=665) to work on /opt/airflow/dags/bashoperator.py
[2024-07-15T23:40:50.968+0000] {processor.py:830} INFO - Processing file /opt/airflow/dags/bashoperator.py for tasks to queue
[2024-07-15T23:40:50.970+0000] {logging_mixin.py:188} INFO - [2024-07-15T23:40:50.969+0000] {dagbag.py:545} INFO - Filling up the DagBag from /opt/airflow/dags/bashoperator.py
[2024-07-15T23:40:50.980+0000] {processor.py:840} INFO - DAG(s) 'bashoperator' retrieved from /opt/airflow/dags/bashoperator.py
[2024-07-15T23:40:51.012+0000] {logging_mixin.py:188} INFO - [2024-07-15T23:40:51.012+0000] {dag.py:3096} INFO - Sync 1 DAGs
[2024-07-15T23:40:51.047+0000] {logging_mixin.py:188} INFO - [2024-07-15T23:40:51.046+0000] {dag.py:3954} INFO - Setting next_dagrun for bashoperator to None, run_after=None
[2024-07-15T23:40:51.076+0000] {processor.py:183} INFO - Processing /opt/airflow/dags/bashoperator.py took 0.116 seconds
[2024-07-15T23:41:21.355+0000] {processor.py:161} INFO - Started process (PID=675) to work on /opt/airflow/dags/bashoperator.py
[2024-07-15T23:41:21.364+0000] {processor.py:830} INFO - Processing file /opt/airflow/dags/bashoperator.py for tasks to queue
[2024-07-15T23:41:21.367+0000] {logging_mixin.py:188} INFO - [2024-07-15T23:41:21.366+0000] {dagbag.py:545} INFO - Filling up the DagBag from /opt/airflow/dags/bashoperator.py
[2024-07-15T23:41:21.402+0000] {processor.py:840} INFO - DAG(s) 'bashoperator' retrieved from /opt/airflow/dags/bashoperator.py
[2024-07-15T23:41:21.442+0000] {logging_mixin.py:188} INFO - [2024-07-15T23:41:21.442+0000] {dag.py:3096} INFO - Sync 1 DAGs
[2024-07-15T23:41:21.474+0000] {logging_mixin.py:188} INFO - [2024-07-15T23:41:21.474+0000] {dag.py:3954} INFO - Setting next_dagrun for bashoperator to None, run_after=None
[2024-07-15T23:41:21.501+0000] {processor.py:183} INFO - Processing /opt/airflow/dags/bashoperator.py took 0.153 seconds
[2024-07-15T23:41:51.833+0000] {processor.py:161} INFO - Started process (PID=686) to work on /opt/airflow/dags/bashoperator.py
[2024-07-15T23:41:51.840+0000] {processor.py:830} INFO - Processing file /opt/airflow/dags/bashoperator.py for tasks to queue
[2024-07-15T23:41:51.842+0000] {logging_mixin.py:188} INFO - [2024-07-15T23:41:51.841+0000] {dagbag.py:545} INFO - Filling up the DagBag from /opt/airflow/dags/bashoperator.py
[2024-07-15T23:41:51.855+0000] {processor.py:840} INFO - DAG(s) 'bashoperator' retrieved from /opt/airflow/dags/bashoperator.py
[2024-07-15T23:41:51.900+0000] {logging_mixin.py:188} INFO - [2024-07-15T23:41:51.900+0000] {dag.py:3096} INFO - Sync 1 DAGs
[2024-07-15T23:41:51.949+0000] {logging_mixin.py:188} INFO - [2024-07-15T23:41:51.947+0000] {dag.py:3954} INFO - Setting next_dagrun for bashoperator to None, run_after=None
[2024-07-15T23:41:51.980+0000] {processor.py:183} INFO - Processing /opt/airflow/dags/bashoperator.py took 0.155 seconds
[2024-07-15T23:42:22.267+0000] {processor.py:161} INFO - Started process (PID=697) to work on /opt/airflow/dags/bashoperator.py
[2024-07-15T23:42:22.281+0000] {processor.py:830} INFO - Processing file /opt/airflow/dags/bashoperator.py for tasks to queue
[2024-07-15T23:42:22.284+0000] {logging_mixin.py:188} INFO - [2024-07-15T23:42:22.284+0000] {dagbag.py:545} INFO - Filling up the DagBag from /opt/airflow/dags/bashoperator.py
[2024-07-15T23:42:22.296+0000] {processor.py:840} INFO - DAG(s) 'bashoperator' retrieved from /opt/airflow/dags/bashoperator.py
[2024-07-15T23:42:22.342+0000] {logging_mixin.py:188} INFO - [2024-07-15T23:42:22.341+0000] {dag.py:3096} INFO - Sync 1 DAGs
[2024-07-15T23:42:22.374+0000] {logging_mixin.py:188} INFO - [2024-07-15T23:42:22.373+0000] {dag.py:3954} INFO - Setting next_dagrun for bashoperator to None, run_after=None
[2024-07-15T23:42:22.400+0000] {processor.py:183} INFO - Processing /opt/airflow/dags/bashoperator.py took 0.146 seconds
[2024-07-15T23:42:52.666+0000] {processor.py:161} INFO - Started process (PID=707) to work on /opt/airflow/dags/bashoperator.py
[2024-07-15T23:42:52.674+0000] {processor.py:830} INFO - Processing file /opt/airflow/dags/bashoperator.py for tasks to queue
[2024-07-15T23:42:52.676+0000] {logging_mixin.py:188} INFO - [2024-07-15T23:42:52.676+0000] {dagbag.py:545} INFO - Filling up the DagBag from /opt/airflow/dags/bashoperator.py
[2024-07-15T23:42:52.685+0000] {processor.py:840} INFO - DAG(s) 'bashoperator' retrieved from /opt/airflow/dags/bashoperator.py
[2024-07-15T23:42:52.726+0000] {logging_mixin.py:188} INFO - [2024-07-15T23:42:52.726+0000] {dag.py:3096} INFO - Sync 1 DAGs
[2024-07-15T23:42:52.775+0000] {logging_mixin.py:188} INFO - [2024-07-15T23:42:52.774+0000] {dag.py:3954} INFO - Setting next_dagrun for bashoperator to None, run_after=None
[2024-07-15T23:42:52.828+0000] {processor.py:183} INFO - Processing /opt/airflow/dags/bashoperator.py took 0.169 seconds
[2024-07-15T23:43:22.937+0000] {processor.py:161} INFO - Started process (PID=717) to work on /opt/airflow/dags/bashoperator.py
[2024-07-15T23:43:22.939+0000] {processor.py:830} INFO - Processing file /opt/airflow/dags/bashoperator.py for tasks to queue
[2024-07-15T23:43:22.941+0000] {logging_mixin.py:188} INFO - [2024-07-15T23:43:22.941+0000] {dagbag.py:545} INFO - Filling up the DagBag from /opt/airflow/dags/bashoperator.py
[2024-07-15T23:43:22.952+0000] {processor.py:840} INFO - DAG(s) 'bashoperator' retrieved from /opt/airflow/dags/bashoperator.py
[2024-07-15T23:43:22.980+0000] {logging_mixin.py:188} INFO - [2024-07-15T23:43:22.980+0000] {dag.py:3096} INFO - Sync 1 DAGs
[2024-07-15T23:43:23.005+0000] {logging_mixin.py:188} INFO - [2024-07-15T23:43:23.004+0000] {dag.py:3954} INFO - Setting next_dagrun for bashoperator to None, run_after=None
[2024-07-15T23:43:23.033+0000] {processor.py:183} INFO - Processing /opt/airflow/dags/bashoperator.py took 0.108 seconds
[2024-07-15T23:43:53.248+0000] {processor.py:161} INFO - Started process (PID=728) to work on /opt/airflow/dags/bashoperator.py
[2024-07-15T23:43:53.255+0000] {processor.py:830} INFO - Processing file /opt/airflow/dags/bashoperator.py for tasks to queue
[2024-07-15T23:43:53.257+0000] {logging_mixin.py:188} INFO - [2024-07-15T23:43:53.256+0000] {dagbag.py:545} INFO - Filling up the DagBag from /opt/airflow/dags/bashoperator.py
[2024-07-15T23:43:53.269+0000] {processor.py:840} INFO - DAG(s) 'bashoperator' retrieved from /opt/airflow/dags/bashoperator.py
[2024-07-15T23:43:53.300+0000] {logging_mixin.py:188} INFO - [2024-07-15T23:43:53.299+0000] {dag.py:3096} INFO - Sync 1 DAGs
[2024-07-15T23:43:53.326+0000] {logging_mixin.py:188} INFO - [2024-07-15T23:43:53.325+0000] {dag.py:3954} INFO - Setting next_dagrun for bashoperator to None, run_after=None
[2024-07-15T23:43:53.349+0000] {processor.py:183} INFO - Processing /opt/airflow/dags/bashoperator.py took 0.108 seconds
[2024-07-15T23:44:23.559+0000] {processor.py:161} INFO - Started process (PID=738) to work on /opt/airflow/dags/bashoperator.py
[2024-07-15T23:44:23.560+0000] {processor.py:830} INFO - Processing file /opt/airflow/dags/bashoperator.py for tasks to queue
[2024-07-15T23:44:23.562+0000] {logging_mixin.py:188} INFO - [2024-07-15T23:44:23.561+0000] {dagbag.py:545} INFO - Filling up the DagBag from /opt/airflow/dags/bashoperator.py
[2024-07-15T23:44:23.612+0000] {processor.py:840} INFO - DAG(s) 'bashoperator' retrieved from /opt/airflow/dags/bashoperator.py
[2024-07-15T23:44:23.671+0000] {logging_mixin.py:188} INFO - [2024-07-15T23:44:23.671+0000] {dag.py:3096} INFO - Sync 1 DAGs
[2024-07-15T23:44:23.707+0000] {logging_mixin.py:188} INFO - [2024-07-15T23:44:23.707+0000] {dag.py:3954} INFO - Setting next_dagrun for bashoperator to None, run_after=None
[2024-07-15T23:44:23.744+0000] {processor.py:183} INFO - Processing /opt/airflow/dags/bashoperator.py took 0.201 seconds
[2024-07-15T23:44:53.951+0000] {processor.py:161} INFO - Started process (PID=747) to work on /opt/airflow/dags/bashoperator.py
[2024-07-15T23:44:53.953+0000] {processor.py:830} INFO - Processing file /opt/airflow/dags/bashoperator.py for tasks to queue
[2024-07-15T23:44:53.956+0000] {logging_mixin.py:188} INFO - [2024-07-15T23:44:53.956+0000] {dagbag.py:545} INFO - Filling up the DagBag from /opt/airflow/dags/bashoperator.py
[2024-07-15T23:44:53.966+0000] {processor.py:840} INFO - DAG(s) 'bashoperator' retrieved from /opt/airflow/dags/bashoperator.py
[2024-07-15T23:44:53.998+0000] {logging_mixin.py:188} INFO - [2024-07-15T23:44:53.998+0000] {dag.py:3096} INFO - Sync 1 DAGs
[2024-07-15T23:44:54.026+0000] {logging_mixin.py:188} INFO - [2024-07-15T23:44:54.026+0000] {dag.py:3954} INFO - Setting next_dagrun for bashoperator to None, run_after=None
[2024-07-15T23:44:54.059+0000] {processor.py:183} INFO - Processing /opt/airflow/dags/bashoperator.py took 0.116 seconds
[2024-07-15T23:45:24.253+0000] {processor.py:161} INFO - Started process (PID=757) to work on /opt/airflow/dags/bashoperator.py
[2024-07-15T23:45:24.253+0000] {processor.py:830} INFO - Processing file /opt/airflow/dags/bashoperator.py for tasks to queue
[2024-07-15T23:45:24.255+0000] {logging_mixin.py:188} INFO - [2024-07-15T23:45:24.255+0000] {dagbag.py:545} INFO - Filling up the DagBag from /opt/airflow/dags/bashoperator.py
[2024-07-15T23:45:24.265+0000] {processor.py:840} INFO - DAG(s) 'bashoperator' retrieved from /opt/airflow/dags/bashoperator.py
[2024-07-15T23:45:24.295+0000] {logging_mixin.py:188} INFO - [2024-07-15T23:45:24.294+0000] {dag.py:3096} INFO - Sync 1 DAGs
[2024-07-15T23:45:24.320+0000] {logging_mixin.py:188} INFO - [2024-07-15T23:45:24.320+0000] {dag.py:3954} INFO - Setting next_dagrun for bashoperator to None, run_after=None
[2024-07-15T23:45:24.351+0000] {processor.py:183} INFO - Processing /opt/airflow/dags/bashoperator.py took 0.106 seconds
[2024-07-15T23:45:54.604+0000] {processor.py:161} INFO - Started process (PID=768) to work on /opt/airflow/dags/bashoperator.py
[2024-07-15T23:45:54.605+0000] {processor.py:830} INFO - Processing file /opt/airflow/dags/bashoperator.py for tasks to queue
[2024-07-15T23:45:54.607+0000] {logging_mixin.py:188} INFO - [2024-07-15T23:45:54.606+0000] {dagbag.py:545} INFO - Filling up the DagBag from /opt/airflow/dags/bashoperator.py
[2024-07-15T23:45:54.618+0000] {processor.py:840} INFO - DAG(s) 'bashoperator' retrieved from /opt/airflow/dags/bashoperator.py
[2024-07-15T23:45:54.647+0000] {logging_mixin.py:188} INFO - [2024-07-15T23:45:54.647+0000] {dag.py:3096} INFO - Sync 1 DAGs
[2024-07-15T23:45:54.672+0000] {logging_mixin.py:188} INFO - [2024-07-15T23:45:54.671+0000] {dag.py:3954} INFO - Setting next_dagrun for bashoperator to None, run_after=None
[2024-07-15T23:45:54.704+0000] {processor.py:183} INFO - Processing /opt/airflow/dags/bashoperator.py took 0.106 seconds
[2024-07-15T23:46:24.869+0000] {processor.py:161} INFO - Started process (PID=779) to work on /opt/airflow/dags/bashoperator.py
[2024-07-15T23:46:24.883+0000] {processor.py:830} INFO - Processing file /opt/airflow/dags/bashoperator.py for tasks to queue
[2024-07-15T23:46:24.884+0000] {logging_mixin.py:188} INFO - [2024-07-15T23:46:24.884+0000] {dagbag.py:545} INFO - Filling up the DagBag from /opt/airflow/dags/bashoperator.py
[2024-07-15T23:46:24.907+0000] {processor.py:840} INFO - DAG(s) 'bashoperator' retrieved from /opt/airflow/dags/bashoperator.py
[2024-07-15T23:46:24.993+0000] {logging_mixin.py:188} INFO - [2024-07-15T23:46:24.993+0000] {dag.py:3096} INFO - Sync 1 DAGs
[2024-07-15T23:46:25.034+0000] {logging_mixin.py:188} INFO - [2024-07-15T23:46:25.033+0000] {dag.py:3954} INFO - Setting next_dagrun for bashoperator to None, run_after=None
[2024-07-15T23:46:25.094+0000] {processor.py:183} INFO - Processing /opt/airflow/dags/bashoperator.py took 0.242 seconds
[2024-07-15T23:46:55.153+0000] {processor.py:161} INFO - Started process (PID=789) to work on /opt/airflow/dags/bashoperator.py
[2024-07-15T23:46:55.154+0000] {processor.py:830} INFO - Processing file /opt/airflow/dags/bashoperator.py for tasks to queue
[2024-07-15T23:46:55.155+0000] {logging_mixin.py:188} INFO - [2024-07-15T23:46:55.155+0000] {dagbag.py:545} INFO - Filling up the DagBag from /opt/airflow/dags/bashoperator.py
[2024-07-15T23:46:55.166+0000] {processor.py:840} INFO - DAG(s) 'bashoperator' retrieved from /opt/airflow/dags/bashoperator.py
[2024-07-15T23:46:55.194+0000] {logging_mixin.py:188} INFO - [2024-07-15T23:46:55.194+0000] {dag.py:3096} INFO - Sync 1 DAGs
[2024-07-15T23:46:55.219+0000] {logging_mixin.py:188} INFO - [2024-07-15T23:46:55.218+0000] {dag.py:3954} INFO - Setting next_dagrun for bashoperator to None, run_after=None
[2024-07-15T23:46:55.245+0000] {processor.py:183} INFO - Processing /opt/airflow/dags/bashoperator.py took 0.099 seconds
[2024-07-15T23:47:25.425+0000] {processor.py:161} INFO - Started process (PID=800) to work on /opt/airflow/dags/bashoperator.py
[2024-07-15T23:47:25.428+0000] {processor.py:830} INFO - Processing file /opt/airflow/dags/bashoperator.py for tasks to queue
[2024-07-15T23:47:25.429+0000] {logging_mixin.py:188} INFO - [2024-07-15T23:47:25.429+0000] {dagbag.py:545} INFO - Filling up the DagBag from /opt/airflow/dags/bashoperator.py
[2024-07-15T23:47:25.440+0000] {processor.py:840} INFO - DAG(s) 'bashoperator' retrieved from /opt/airflow/dags/bashoperator.py
[2024-07-15T23:47:25.470+0000] {logging_mixin.py:188} INFO - [2024-07-15T23:47:25.469+0000] {dag.py:3096} INFO - Sync 1 DAGs
[2024-07-15T23:47:25.493+0000] {logging_mixin.py:188} INFO - [2024-07-15T23:47:25.493+0000] {dag.py:3954} INFO - Setting next_dagrun for bashoperator to None, run_after=None
[2024-07-15T23:47:25.526+0000] {processor.py:183} INFO - Processing /opt/airflow/dags/bashoperator.py took 0.107 seconds
[2024-07-15T23:47:55.782+0000] {processor.py:161} INFO - Started process (PID=810) to work on /opt/airflow/dags/bashoperator.py
[2024-07-15T23:47:55.783+0000] {processor.py:830} INFO - Processing file /opt/airflow/dags/bashoperator.py for tasks to queue
[2024-07-15T23:47:55.784+0000] {logging_mixin.py:188} INFO - [2024-07-15T23:47:55.783+0000] {dagbag.py:545} INFO - Filling up the DagBag from /opt/airflow/dags/bashoperator.py
[2024-07-15T23:47:55.797+0000] {processor.py:840} INFO - DAG(s) 'bashoperator' retrieved from /opt/airflow/dags/bashoperator.py
[2024-07-15T23:47:55.827+0000] {logging_mixin.py:188} INFO - [2024-07-15T23:47:55.827+0000] {dag.py:3096} INFO - Sync 1 DAGs
[2024-07-15T23:47:55.851+0000] {logging_mixin.py:188} INFO - [2024-07-15T23:47:55.851+0000] {dag.py:3954} INFO - Setting next_dagrun for bashoperator to None, run_after=None
[2024-07-15T23:47:55.883+0000] {processor.py:183} INFO - Processing /opt/airflow/dags/bashoperator.py took 0.108 seconds
[2024-07-15T23:48:26.120+0000] {processor.py:161} INFO - Started process (PID=820) to work on /opt/airflow/dags/bashoperator.py
[2024-07-15T23:48:26.124+0000] {processor.py:830} INFO - Processing file /opt/airflow/dags/bashoperator.py for tasks to queue
[2024-07-15T23:48:26.125+0000] {logging_mixin.py:188} INFO - [2024-07-15T23:48:26.125+0000] {dagbag.py:545} INFO - Filling up the DagBag from /opt/airflow/dags/bashoperator.py
[2024-07-15T23:48:26.138+0000] {processor.py:840} INFO - DAG(s) 'bashoperator' retrieved from /opt/airflow/dags/bashoperator.py
[2024-07-15T23:48:26.167+0000] {logging_mixin.py:188} INFO - [2024-07-15T23:48:26.167+0000] {dag.py:3096} INFO - Sync 1 DAGs
[2024-07-15T23:48:26.194+0000] {logging_mixin.py:188} INFO - [2024-07-15T23:48:26.193+0000] {dag.py:3954} INFO - Setting next_dagrun for bashoperator to None, run_after=None
[2024-07-15T23:48:26.227+0000] {processor.py:183} INFO - Processing /opt/airflow/dags/bashoperator.py took 0.113 seconds
[2024-07-15T23:48:56.498+0000] {processor.py:161} INFO - Started process (PID=830) to work on /opt/airflow/dags/bashoperator.py
[2024-07-15T23:48:56.499+0000] {processor.py:830} INFO - Processing file /opt/airflow/dags/bashoperator.py for tasks to queue
[2024-07-15T23:48:56.500+0000] {logging_mixin.py:188} INFO - [2024-07-15T23:48:56.500+0000] {dagbag.py:545} INFO - Filling up the DagBag from /opt/airflow/dags/bashoperator.py
[2024-07-15T23:48:56.513+0000] {processor.py:840} INFO - DAG(s) 'bashoperator' retrieved from /opt/airflow/dags/bashoperator.py
[2024-07-15T23:48:56.542+0000] {logging_mixin.py:188} INFO - [2024-07-15T23:48:56.542+0000] {dag.py:3096} INFO - Sync 1 DAGs
[2024-07-15T23:48:56.569+0000] {logging_mixin.py:188} INFO - [2024-07-15T23:48:56.569+0000] {dag.py:3954} INFO - Setting next_dagrun for bashoperator to None, run_after=None
[2024-07-15T23:48:56.592+0000] {processor.py:183} INFO - Processing /opt/airflow/dags/bashoperator.py took 0.101 seconds
[2024-07-15T23:49:26.850+0000] {processor.py:161} INFO - Started process (PID=840) to work on /opt/airflow/dags/bashoperator.py
[2024-07-15T23:49:26.852+0000] {processor.py:830} INFO - Processing file /opt/airflow/dags/bashoperator.py for tasks to queue
[2024-07-15T23:49:26.853+0000] {logging_mixin.py:188} INFO - [2024-07-15T23:49:26.853+0000] {dagbag.py:545} INFO - Filling up the DagBag from /opt/airflow/dags/bashoperator.py
[2024-07-15T23:49:26.865+0000] {processor.py:840} INFO - DAG(s) 'bashoperator' retrieved from /opt/airflow/dags/bashoperator.py
[2024-07-15T23:49:26.910+0000] {logging_mixin.py:188} INFO - [2024-07-15T23:49:26.910+0000] {dag.py:3096} INFO - Sync 1 DAGs
[2024-07-15T23:49:26.941+0000] {logging_mixin.py:188} INFO - [2024-07-15T23:49:26.941+0000] {dag.py:3954} INFO - Setting next_dagrun for bashoperator to None, run_after=None
[2024-07-15T23:49:26.969+0000] {processor.py:183} INFO - Processing /opt/airflow/dags/bashoperator.py took 0.126 seconds
[2024-07-15T23:49:57.234+0000] {processor.py:161} INFO - Started process (PID=850) to work on /opt/airflow/dags/bashoperator.py
[2024-07-15T23:49:57.236+0000] {processor.py:830} INFO - Processing file /opt/airflow/dags/bashoperator.py for tasks to queue
[2024-07-15T23:49:57.237+0000] {logging_mixin.py:188} INFO - [2024-07-15T23:49:57.236+0000] {dagbag.py:545} INFO - Filling up the DagBag from /opt/airflow/dags/bashoperator.py
[2024-07-15T23:49:57.248+0000] {processor.py:840} INFO - DAG(s) 'bashoperator' retrieved from /opt/airflow/dags/bashoperator.py
[2024-07-15T23:49:57.279+0000] {logging_mixin.py:188} INFO - [2024-07-15T23:49:57.278+0000] {dag.py:3096} INFO - Sync 1 DAGs
[2024-07-15T23:49:57.303+0000] {logging_mixin.py:188} INFO - [2024-07-15T23:49:57.303+0000] {dag.py:3954} INFO - Setting next_dagrun for bashoperator to None, run_after=None
[2024-07-15T23:49:57.331+0000] {processor.py:183} INFO - Processing /opt/airflow/dags/bashoperator.py took 0.110 seconds
[2024-07-15T23:50:27.706+0000] {processor.py:161} INFO - Started process (PID=861) to work on /opt/airflow/dags/bashoperator.py
[2024-07-15T23:50:27.707+0000] {processor.py:830} INFO - Processing file /opt/airflow/dags/bashoperator.py for tasks to queue
[2024-07-15T23:50:27.708+0000] {logging_mixin.py:188} INFO - [2024-07-15T23:50:27.707+0000] {dagbag.py:545} INFO - Filling up the DagBag from /opt/airflow/dags/bashoperator.py
[2024-07-15T23:50:27.719+0000] {processor.py:840} INFO - DAG(s) 'bashoperator' retrieved from /opt/airflow/dags/bashoperator.py
[2024-07-15T23:50:27.748+0000] {logging_mixin.py:188} INFO - [2024-07-15T23:50:27.748+0000] {dag.py:3096} INFO - Sync 1 DAGs
[2024-07-15T23:50:27.772+0000] {logging_mixin.py:188} INFO - [2024-07-15T23:50:27.771+0000] {dag.py:3954} INFO - Setting next_dagrun for bashoperator to None, run_after=None
[2024-07-15T23:50:27.807+0000] {processor.py:183} INFO - Processing /opt/airflow/dags/bashoperator.py took 0.108 seconds
[2024-07-15T23:50:57.992+0000] {processor.py:161} INFO - Started process (PID=874) to work on /opt/airflow/dags/bashoperator.py
[2024-07-15T23:50:58.003+0000] {processor.py:830} INFO - Processing file /opt/airflow/dags/bashoperator.py for tasks to queue
[2024-07-15T23:50:58.004+0000] {logging_mixin.py:188} INFO - [2024-07-15T23:50:58.004+0000] {dagbag.py:545} INFO - Filling up the DagBag from /opt/airflow/dags/bashoperator.py
[2024-07-15T23:50:58.015+0000] {processor.py:840} INFO - DAG(s) 'bashoperator' retrieved from /opt/airflow/dags/bashoperator.py
[2024-07-15T23:50:58.046+0000] {logging_mixin.py:188} INFO - [2024-07-15T23:50:58.046+0000] {dag.py:3096} INFO - Sync 1 DAGs
[2024-07-15T23:50:58.076+0000] {logging_mixin.py:188} INFO - [2024-07-15T23:50:58.076+0000] {dag.py:3954} INFO - Setting next_dagrun for bashoperator to None, run_after=None
[2024-07-15T23:50:58.109+0000] {processor.py:183} INFO - Processing /opt/airflow/dags/bashoperator.py took 0.124 seconds
[2024-07-15T23:51:28.364+0000] {processor.py:161} INFO - Started process (PID=883) to work on /opt/airflow/dags/bashoperator.py
[2024-07-15T23:51:28.365+0000] {processor.py:830} INFO - Processing file /opt/airflow/dags/bashoperator.py for tasks to queue
[2024-07-15T23:51:28.365+0000] {logging_mixin.py:188} INFO - [2024-07-15T23:51:28.365+0000] {dagbag.py:545} INFO - Filling up the DagBag from /opt/airflow/dags/bashoperator.py
[2024-07-15T23:51:28.377+0000] {processor.py:840} INFO - DAG(s) 'bashoperator' retrieved from /opt/airflow/dags/bashoperator.py
[2024-07-15T23:51:28.408+0000] {logging_mixin.py:188} INFO - [2024-07-15T23:51:28.408+0000] {dag.py:3096} INFO - Sync 1 DAGs
[2024-07-15T23:51:28.433+0000] {logging_mixin.py:188} INFO - [2024-07-15T23:51:28.432+0000] {dag.py:3954} INFO - Setting next_dagrun for bashoperator to None, run_after=None
[2024-07-15T23:51:28.463+0000] {processor.py:183} INFO - Processing /opt/airflow/dags/bashoperator.py took 0.107 seconds
[2024-07-15T23:51:58.661+0000] {processor.py:161} INFO - Started process (PID=893) to work on /opt/airflow/dags/bashoperator.py
[2024-07-15T23:51:58.663+0000] {processor.py:830} INFO - Processing file /opt/airflow/dags/bashoperator.py for tasks to queue
[2024-07-15T23:51:58.663+0000] {logging_mixin.py:188} INFO - [2024-07-15T23:51:58.663+0000] {dagbag.py:545} INFO - Filling up the DagBag from /opt/airflow/dags/bashoperator.py
[2024-07-15T23:51:58.674+0000] {processor.py:840} INFO - DAG(s) 'bashoperator' retrieved from /opt/airflow/dags/bashoperator.py
[2024-07-15T23:51:58.704+0000] {logging_mixin.py:188} INFO - [2024-07-15T23:51:58.704+0000] {dag.py:3096} INFO - Sync 1 DAGs
[2024-07-15T23:51:58.730+0000] {logging_mixin.py:188} INFO - [2024-07-15T23:51:58.730+0000] {dag.py:3954} INFO - Setting next_dagrun for bashoperator to None, run_after=None
[2024-07-15T23:51:58.763+0000] {processor.py:183} INFO - Processing /opt/airflow/dags/bashoperator.py took 0.109 seconds
