[2024-07-15T23:04:32.836+0000] {processor.py:161} INFO - Started process (PID=27) to work on /opt/airflow/dags/dummy_dag.py
[2024-07-15T23:04:32.836+0000] {processor.py:830} INFO - Processing file /opt/airflow/dags/dummy_dag.py for tasks to queue
[2024-07-15T23:04:32.840+0000] {logging_mixin.py:188} INFO - [2024-07-15T23:04:32.839+0000] {dagbag.py:545} INFO - Filling up the DagBag from /opt/airflow/dags/dummy_dag.py
[2024-07-15T23:04:32.850+0000] {processor.py:840} INFO - DAG(s) 'dummydag' retrieved from /opt/airflow/dags/dummy_dag.py
[2024-07-15T23:04:32.927+0000] {logging_mixin.py:188} INFO - [2024-07-15T23:04:32.926+0000] {dag.py:3096} INFO - Sync 1 DAGs
[2024-07-15T23:04:32.966+0000] {logging_mixin.py:188} INFO - [2024-07-15T23:04:32.966+0000] {dag.py:3954} INFO - Setting next_dagrun for dummydag to None, run_after=None
[2024-07-15T23:04:32.991+0000] {processor.py:183} INFO - Processing /opt/airflow/dags/dummy_dag.py took 0.168 seconds
[2024-07-15T23:05:03.114+0000] {processor.py:161} INFO - Started process (PID=35) to work on /opt/airflow/dags/dummy_dag.py
[2024-07-15T23:05:03.115+0000] {processor.py:830} INFO - Processing file /opt/airflow/dags/dummy_dag.py for tasks to queue
[2024-07-15T23:05:03.117+0000] {logging_mixin.py:188} INFO - [2024-07-15T23:05:03.117+0000] {dagbag.py:545} INFO - Filling up the DagBag from /opt/airflow/dags/dummy_dag.py
[2024-07-15T23:05:03.125+0000] {processor.py:840} INFO - DAG(s) 'dummydag' retrieved from /opt/airflow/dags/dummy_dag.py
[2024-07-15T23:05:03.294+0000] {logging_mixin.py:188} INFO - [2024-07-15T23:05:03.294+0000] {dag.py:3096} INFO - Sync 1 DAGs
[2024-07-15T23:05:03.315+0000] {logging_mixin.py:188} INFO - [2024-07-15T23:05:03.315+0000] {dag.py:3954} INFO - Setting next_dagrun for dummydag to None, run_after=None
[2024-07-15T23:05:03.347+0000] {processor.py:183} INFO - Processing /opt/airflow/dags/dummy_dag.py took 0.239 seconds
[2024-07-15T23:05:33.471+0000] {processor.py:161} INFO - Started process (PID=43) to work on /opt/airflow/dags/dummy_dag.py
[2024-07-15T23:05:33.474+0000] {processor.py:830} INFO - Processing file /opt/airflow/dags/dummy_dag.py for tasks to queue
[2024-07-15T23:05:33.476+0000] {logging_mixin.py:188} INFO - [2024-07-15T23:05:33.476+0000] {dagbag.py:545} INFO - Filling up the DagBag from /opt/airflow/dags/dummy_dag.py
[2024-07-15T23:05:33.489+0000] {processor.py:840} INFO - DAG(s) 'dummydag' retrieved from /opt/airflow/dags/dummy_dag.py
[2024-07-15T23:05:33.522+0000] {logging_mixin.py:188} INFO - [2024-07-15T23:05:33.522+0000] {dag.py:3096} INFO - Sync 1 DAGs
[2024-07-15T23:05:33.547+0000] {logging_mixin.py:188} INFO - [2024-07-15T23:05:33.547+0000] {dag.py:3954} INFO - Setting next_dagrun for dummydag to None, run_after=None
[2024-07-15T23:05:33.573+0000] {processor.py:183} INFO - Processing /opt/airflow/dags/dummy_dag.py took 0.108 seconds
[2024-07-15T23:06:03.597+0000] {processor.py:161} INFO - Started process (PID=50) to work on /opt/airflow/dags/dummy_dag.py
[2024-07-15T23:06:03.599+0000] {processor.py:830} INFO - Processing file /opt/airflow/dags/dummy_dag.py for tasks to queue
[2024-07-15T23:06:03.602+0000] {logging_mixin.py:188} INFO - [2024-07-15T23:06:03.601+0000] {dagbag.py:545} INFO - Filling up the DagBag from /opt/airflow/dags/dummy_dag.py
[2024-07-15T23:06:03.612+0000] {processor.py:840} INFO - DAG(s) 'dummydag' retrieved from /opt/airflow/dags/dummy_dag.py
[2024-07-15T23:06:03.644+0000] {logging_mixin.py:188} INFO - [2024-07-15T23:06:03.643+0000] {dag.py:3096} INFO - Sync 1 DAGs
[2024-07-15T23:06:03.673+0000] {logging_mixin.py:188} INFO - [2024-07-15T23:06:03.673+0000] {dag.py:3954} INFO - Setting next_dagrun for dummydag to None, run_after=None
[2024-07-15T23:06:03.699+0000] {processor.py:183} INFO - Processing /opt/airflow/dags/dummy_dag.py took 0.110 seconds
[2024-07-15T23:06:33.857+0000] {processor.py:161} INFO - Started process (PID=60) to work on /opt/airflow/dags/dummy_dag.py
[2024-07-15T23:06:33.865+0000] {processor.py:830} INFO - Processing file /opt/airflow/dags/dummy_dag.py for tasks to queue
[2024-07-15T23:06:33.867+0000] {logging_mixin.py:188} INFO - [2024-07-15T23:06:33.867+0000] {dagbag.py:545} INFO - Filling up the DagBag from /opt/airflow/dags/dummy_dag.py
[2024-07-15T23:06:33.877+0000] {processor.py:840} INFO - DAG(s) 'dummydag' retrieved from /opt/airflow/dags/dummy_dag.py
[2024-07-15T23:06:33.913+0000] {logging_mixin.py:188} INFO - [2024-07-15T23:06:33.912+0000] {dag.py:3096} INFO - Sync 1 DAGs
[2024-07-15T23:06:33.944+0000] {logging_mixin.py:188} INFO - [2024-07-15T23:06:33.943+0000] {dag.py:3954} INFO - Setting next_dagrun for dummydag to None, run_after=None
[2024-07-15T23:06:33.981+0000] {processor.py:183} INFO - Processing /opt/airflow/dags/dummy_dag.py took 0.131 seconds
[2024-07-15T23:07:04.155+0000] {processor.py:161} INFO - Started process (PID=68) to work on /opt/airflow/dags/dummy_dag.py
[2024-07-15T23:07:04.156+0000] {processor.py:830} INFO - Processing file /opt/airflow/dags/dummy_dag.py for tasks to queue
[2024-07-15T23:07:04.158+0000] {logging_mixin.py:188} INFO - [2024-07-15T23:07:04.158+0000] {dagbag.py:545} INFO - Filling up the DagBag from /opt/airflow/dags/dummy_dag.py
[2024-07-15T23:07:04.169+0000] {processor.py:840} INFO - DAG(s) 'dummydag' retrieved from /opt/airflow/dags/dummy_dag.py
[2024-07-15T23:07:04.203+0000] {logging_mixin.py:188} INFO - [2024-07-15T23:07:04.202+0000] {dag.py:3096} INFO - Sync 1 DAGs
[2024-07-15T23:07:04.232+0000] {logging_mixin.py:188} INFO - [2024-07-15T23:07:04.231+0000] {dag.py:3954} INFO - Setting next_dagrun for dummydag to None, run_after=None
[2024-07-15T23:07:04.272+0000] {processor.py:183} INFO - Processing /opt/airflow/dags/dummy_dag.py took 0.126 seconds
[2024-07-15T23:07:34.456+0000] {processor.py:161} INFO - Started process (PID=76) to work on /opt/airflow/dags/dummy_dag.py
[2024-07-15T23:07:34.458+0000] {processor.py:830} INFO - Processing file /opt/airflow/dags/dummy_dag.py for tasks to queue
[2024-07-15T23:07:34.460+0000] {logging_mixin.py:188} INFO - [2024-07-15T23:07:34.460+0000] {dagbag.py:545} INFO - Filling up the DagBag from /opt/airflow/dags/dummy_dag.py
[2024-07-15T23:07:34.472+0000] {processor.py:840} INFO - DAG(s) 'dummydag' retrieved from /opt/airflow/dags/dummy_dag.py
[2024-07-15T23:07:34.508+0000] {logging_mixin.py:188} INFO - [2024-07-15T23:07:34.508+0000] {dag.py:3096} INFO - Sync 1 DAGs
[2024-07-15T23:07:34.538+0000] {logging_mixin.py:188} INFO - [2024-07-15T23:07:34.538+0000] {dag.py:3954} INFO - Setting next_dagrun for dummydag to None, run_after=None
[2024-07-15T23:07:34.572+0000] {processor.py:183} INFO - Processing /opt/airflow/dags/dummy_dag.py took 0.126 seconds
[2024-07-15T23:08:04.595+0000] {processor.py:161} INFO - Started process (PID=83) to work on /opt/airflow/dags/dummy_dag.py
[2024-07-15T23:08:04.595+0000] {processor.py:830} INFO - Processing file /opt/airflow/dags/dummy_dag.py for tasks to queue
[2024-07-15T23:08:04.598+0000] {logging_mixin.py:188} INFO - [2024-07-15T23:08:04.597+0000] {dagbag.py:545} INFO - Filling up the DagBag from /opt/airflow/dags/dummy_dag.py
[2024-07-15T23:08:04.650+0000] {processor.py:840} INFO - DAG(s) 'dummydag' retrieved from /opt/airflow/dags/dummy_dag.py
[2024-07-15T23:08:04.691+0000] {logging_mixin.py:188} INFO - [2024-07-15T23:08:04.691+0000] {dag.py:3096} INFO - Sync 1 DAGs
[2024-07-15T23:08:04.720+0000] {logging_mixin.py:188} INFO - [2024-07-15T23:08:04.720+0000] {dag.py:3954} INFO - Setting next_dagrun for dummydag to None, run_after=None
[2024-07-15T23:08:04.749+0000] {processor.py:183} INFO - Processing /opt/airflow/dags/dummy_dag.py took 0.161 seconds
[2024-07-15T23:08:34.902+0000] {processor.py:161} INFO - Started process (PID=92) to work on /opt/airflow/dags/dummy_dag.py
[2024-07-15T23:08:34.907+0000] {processor.py:830} INFO - Processing file /opt/airflow/dags/dummy_dag.py for tasks to queue
[2024-07-15T23:08:34.914+0000] {logging_mixin.py:188} INFO - [2024-07-15T23:08:34.913+0000] {dagbag.py:545} INFO - Filling up the DagBag from /opt/airflow/dags/dummy_dag.py
[2024-07-15T23:08:34.931+0000] {processor.py:840} INFO - DAG(s) 'dummydag' retrieved from /opt/airflow/dags/dummy_dag.py
[2024-07-15T23:08:34.967+0000] {logging_mixin.py:188} INFO - [2024-07-15T23:08:34.966+0000] {dag.py:3096} INFO - Sync 1 DAGs
[2024-07-15T23:08:34.993+0000] {logging_mixin.py:188} INFO - [2024-07-15T23:08:34.993+0000] {dag.py:3954} INFO - Setting next_dagrun for dummydag to None, run_after=None
[2024-07-15T23:08:35.032+0000] {processor.py:183} INFO - Processing /opt/airflow/dags/dummy_dag.py took 0.137 seconds
[2024-07-15T23:09:05.159+0000] {processor.py:161} INFO - Started process (PID=100) to work on /opt/airflow/dags/dummy_dag.py
[2024-07-15T23:09:05.160+0000] {processor.py:830} INFO - Processing file /opt/airflow/dags/dummy_dag.py for tasks to queue
[2024-07-15T23:09:05.162+0000] {logging_mixin.py:188} INFO - [2024-07-15T23:09:05.162+0000] {dagbag.py:545} INFO - Filling up the DagBag from /opt/airflow/dags/dummy_dag.py
[2024-07-15T23:09:05.172+0000] {processor.py:840} INFO - DAG(s) 'dummydag' retrieved from /opt/airflow/dags/dummy_dag.py
[2024-07-15T23:09:05.202+0000] {logging_mixin.py:188} INFO - [2024-07-15T23:09:05.202+0000] {dag.py:3096} INFO - Sync 1 DAGs
[2024-07-15T23:09:05.226+0000] {logging_mixin.py:188} INFO - [2024-07-15T23:09:05.226+0000] {dag.py:3954} INFO - Setting next_dagrun for dummydag to None, run_after=None
[2024-07-15T23:09:05.251+0000] {processor.py:183} INFO - Processing /opt/airflow/dags/dummy_dag.py took 0.101 seconds
[2024-07-15T23:09:35.412+0000] {processor.py:161} INFO - Started process (PID=108) to work on /opt/airflow/dags/dummy_dag.py
[2024-07-15T23:09:35.417+0000] {processor.py:830} INFO - Processing file /opt/airflow/dags/dummy_dag.py for tasks to queue
[2024-07-15T23:09:35.418+0000] {logging_mixin.py:188} INFO - [2024-07-15T23:09:35.418+0000] {dagbag.py:545} INFO - Filling up the DagBag from /opt/airflow/dags/dummy_dag.py
[2024-07-15T23:09:35.427+0000] {processor.py:840} INFO - DAG(s) 'dummydag' retrieved from /opt/airflow/dags/dummy_dag.py
[2024-07-15T23:09:35.454+0000] {logging_mixin.py:188} INFO - [2024-07-15T23:09:35.454+0000] {dag.py:3096} INFO - Sync 1 DAGs
[2024-07-15T23:09:35.477+0000] {logging_mixin.py:188} INFO - [2024-07-15T23:09:35.476+0000] {dag.py:3954} INFO - Setting next_dagrun for dummydag to None, run_after=None
[2024-07-15T23:09:35.505+0000] {processor.py:183} INFO - Processing /opt/airflow/dags/dummy_dag.py took 0.099 seconds
[2024-07-15T23:10:05.546+0000] {processor.py:161} INFO - Started process (PID=116) to work on /opt/airflow/dags/dummy_dag.py
[2024-07-15T23:10:05.547+0000] {processor.py:830} INFO - Processing file /opt/airflow/dags/dummy_dag.py for tasks to queue
[2024-07-15T23:10:05.549+0000] {logging_mixin.py:188} INFO - [2024-07-15T23:10:05.548+0000] {dagbag.py:545} INFO - Filling up the DagBag from /opt/airflow/dags/dummy_dag.py
[2024-07-15T23:10:05.558+0000] {processor.py:840} INFO - DAG(s) 'dummydag' retrieved from /opt/airflow/dags/dummy_dag.py
[2024-07-15T23:10:05.585+0000] {logging_mixin.py:188} INFO - [2024-07-15T23:10:05.585+0000] {dag.py:3096} INFO - Sync 1 DAGs
[2024-07-15T23:10:05.608+0000] {logging_mixin.py:188} INFO - [2024-07-15T23:10:05.608+0000] {dag.py:3954} INFO - Setting next_dagrun for dummydag to None, run_after=None
[2024-07-15T23:10:05.632+0000] {processor.py:183} INFO - Processing /opt/airflow/dags/dummy_dag.py took 0.092 seconds
[2024-07-15T23:10:35.747+0000] {processor.py:161} INFO - Started process (PID=124) to work on /opt/airflow/dags/dummy_dag.py
[2024-07-15T23:10:35.752+0000] {processor.py:830} INFO - Processing file /opt/airflow/dags/dummy_dag.py for tasks to queue
[2024-07-15T23:10:35.754+0000] {logging_mixin.py:188} INFO - [2024-07-15T23:10:35.754+0000] {dagbag.py:545} INFO - Filling up the DagBag from /opt/airflow/dags/dummy_dag.py
[2024-07-15T23:10:35.765+0000] {processor.py:840} INFO - DAG(s) 'dummydag' retrieved from /opt/airflow/dags/dummy_dag.py
[2024-07-15T23:10:35.798+0000] {logging_mixin.py:188} INFO - [2024-07-15T23:10:35.797+0000] {dag.py:3096} INFO - Sync 1 DAGs
[2024-07-15T23:10:35.827+0000] {logging_mixin.py:188} INFO - [2024-07-15T23:10:35.827+0000] {dag.py:3954} INFO - Setting next_dagrun for dummydag to None, run_after=None
[2024-07-15T23:10:35.856+0000] {processor.py:183} INFO - Processing /opt/airflow/dags/dummy_dag.py took 0.116 seconds
[2024-07-15T23:11:05.885+0000] {processor.py:161} INFO - Started process (PID=131) to work on /opt/airflow/dags/dummy_dag.py
[2024-07-15T23:11:05.887+0000] {processor.py:830} INFO - Processing file /opt/airflow/dags/dummy_dag.py for tasks to queue
[2024-07-15T23:11:05.889+0000] {logging_mixin.py:188} INFO - [2024-07-15T23:11:05.889+0000] {dagbag.py:545} INFO - Filling up the DagBag from /opt/airflow/dags/dummy_dag.py
[2024-07-15T23:11:05.900+0000] {processor.py:840} INFO - DAG(s) 'dummydag' retrieved from /opt/airflow/dags/dummy_dag.py
[2024-07-15T23:11:05.930+0000] {logging_mixin.py:188} INFO - [2024-07-15T23:11:05.930+0000] {dag.py:3096} INFO - Sync 1 DAGs
[2024-07-15T23:11:05.957+0000] {logging_mixin.py:188} INFO - [2024-07-15T23:11:05.957+0000] {dag.py:3954} INFO - Setting next_dagrun for dummydag to None, run_after=None
[2024-07-15T23:11:05.989+0000] {processor.py:183} INFO - Processing /opt/airflow/dags/dummy_dag.py took 0.112 seconds
[2024-07-15T23:11:36.167+0000] {processor.py:161} INFO - Started process (PID=139) to work on /opt/airflow/dags/dummy_dag.py
[2024-07-15T23:11:36.171+0000] {processor.py:830} INFO - Processing file /opt/airflow/dags/dummy_dag.py for tasks to queue
[2024-07-15T23:11:36.173+0000] {logging_mixin.py:188} INFO - [2024-07-15T23:11:36.173+0000] {dagbag.py:545} INFO - Filling up the DagBag from /opt/airflow/dags/dummy_dag.py
[2024-07-15T23:11:36.182+0000] {processor.py:840} INFO - DAG(s) 'dummydag' retrieved from /opt/airflow/dags/dummy_dag.py
[2024-07-15T23:11:36.210+0000] {logging_mixin.py:188} INFO - [2024-07-15T23:11:36.210+0000] {dag.py:3096} INFO - Sync 1 DAGs
[2024-07-15T23:11:36.232+0000] {logging_mixin.py:188} INFO - [2024-07-15T23:11:36.232+0000] {dag.py:3954} INFO - Setting next_dagrun for dummydag to None, run_after=None
[2024-07-15T23:11:36.258+0000] {processor.py:183} INFO - Processing /opt/airflow/dags/dummy_dag.py took 0.097 seconds
[2024-07-15T23:12:06.306+0000] {processor.py:161} INFO - Started process (PID=147) to work on /opt/airflow/dags/dummy_dag.py
[2024-07-15T23:12:06.307+0000] {processor.py:830} INFO - Processing file /opt/airflow/dags/dummy_dag.py for tasks to queue
[2024-07-15T23:12:06.310+0000] {logging_mixin.py:188} INFO - [2024-07-15T23:12:06.310+0000] {dagbag.py:545} INFO - Filling up the DagBag from /opt/airflow/dags/dummy_dag.py
[2024-07-15T23:12:06.323+0000] {processor.py:840} INFO - DAG(s) 'dummydag' retrieved from /opt/airflow/dags/dummy_dag.py
[2024-07-15T23:12:06.354+0000] {logging_mixin.py:188} INFO - [2024-07-15T23:12:06.354+0000] {dag.py:3096} INFO - Sync 1 DAGs
[2024-07-15T23:12:06.389+0000] {logging_mixin.py:188} INFO - [2024-07-15T23:12:06.389+0000] {dag.py:3954} INFO - Setting next_dagrun for dummydag to None, run_after=None
[2024-07-15T23:12:06.436+0000] {processor.py:183} INFO - Processing /opt/airflow/dags/dummy_dag.py took 0.138 seconds
[2024-07-15T23:12:36.594+0000] {processor.py:161} INFO - Started process (PID=155) to work on /opt/airflow/dags/dummy_dag.py
[2024-07-15T23:12:36.602+0000] {processor.py:830} INFO - Processing file /opt/airflow/dags/dummy_dag.py for tasks to queue
[2024-07-15T23:12:36.604+0000] {logging_mixin.py:188} INFO - [2024-07-15T23:12:36.604+0000] {dagbag.py:545} INFO - Filling up the DagBag from /opt/airflow/dags/dummy_dag.py
[2024-07-15T23:12:36.612+0000] {processor.py:840} INFO - DAG(s) 'dummydag' retrieved from /opt/airflow/dags/dummy_dag.py
[2024-07-15T23:12:36.639+0000] {logging_mixin.py:188} INFO - [2024-07-15T23:12:36.639+0000] {dag.py:3096} INFO - Sync 1 DAGs
[2024-07-15T23:12:36.661+0000] {logging_mixin.py:188} INFO - [2024-07-15T23:12:36.661+0000] {dag.py:3954} INFO - Setting next_dagrun for dummydag to None, run_after=None
[2024-07-15T23:12:36.695+0000] {processor.py:183} INFO - Processing /opt/airflow/dags/dummy_dag.py took 0.106 seconds
[2024-07-15T23:13:06.854+0000] {processor.py:161} INFO - Started process (PID=163) to work on /opt/airflow/dags/dummy_dag.py
[2024-07-15T23:13:06.855+0000] {processor.py:830} INFO - Processing file /opt/airflow/dags/dummy_dag.py for tasks to queue
[2024-07-15T23:13:06.857+0000] {logging_mixin.py:188} INFO - [2024-07-15T23:13:06.857+0000] {dagbag.py:545} INFO - Filling up the DagBag from /opt/airflow/dags/dummy_dag.py
[2024-07-15T23:13:06.868+0000] {processor.py:840} INFO - DAG(s) 'dummydag' retrieved from /opt/airflow/dags/dummy_dag.py
[2024-07-15T23:13:06.900+0000] {logging_mixin.py:188} INFO - [2024-07-15T23:13:06.899+0000] {dag.py:3096} INFO - Sync 1 DAGs
[2024-07-15T23:13:06.933+0000] {logging_mixin.py:188} INFO - [2024-07-15T23:13:06.933+0000] {dag.py:3954} INFO - Setting next_dagrun for dummydag to None, run_after=None
[2024-07-15T23:13:06.959+0000] {processor.py:183} INFO - Processing /opt/airflow/dags/dummy_dag.py took 0.112 seconds
[2024-07-15T23:13:37.113+0000] {processor.py:161} INFO - Started process (PID=171) to work on /opt/airflow/dags/dummy_dag.py
[2024-07-15T23:13:37.114+0000] {processor.py:830} INFO - Processing file /opt/airflow/dags/dummy_dag.py for tasks to queue
[2024-07-15T23:13:37.116+0000] {logging_mixin.py:188} INFO - [2024-07-15T23:13:37.116+0000] {dagbag.py:545} INFO - Filling up the DagBag from /opt/airflow/dags/dummy_dag.py
[2024-07-15T23:13:37.125+0000] {processor.py:840} INFO - DAG(s) 'dummydag' retrieved from /opt/airflow/dags/dummy_dag.py
[2024-07-15T23:13:37.153+0000] {logging_mixin.py:188} INFO - [2024-07-15T23:13:37.153+0000] {dag.py:3096} INFO - Sync 1 DAGs
[2024-07-15T23:13:37.180+0000] {logging_mixin.py:188} INFO - [2024-07-15T23:13:37.179+0000] {dag.py:3954} INFO - Setting next_dagrun for dummydag to None, run_after=None
[2024-07-15T23:13:37.207+0000] {processor.py:183} INFO - Processing /opt/airflow/dags/dummy_dag.py took 0.100 seconds
[2024-07-15T23:14:07.240+0000] {processor.py:161} INFO - Started process (PID=179) to work on /opt/airflow/dags/dummy_dag.py
[2024-07-15T23:14:07.241+0000] {processor.py:830} INFO - Processing file /opt/airflow/dags/dummy_dag.py for tasks to queue
[2024-07-15T23:14:07.243+0000] {logging_mixin.py:188} INFO - [2024-07-15T23:14:07.243+0000] {dagbag.py:545} INFO - Filling up the DagBag from /opt/airflow/dags/dummy_dag.py
[2024-07-15T23:14:07.252+0000] {processor.py:840} INFO - DAG(s) 'dummydag' retrieved from /opt/airflow/dags/dummy_dag.py
[2024-07-15T23:14:07.280+0000] {logging_mixin.py:188} INFO - [2024-07-15T23:14:07.280+0000] {dag.py:3096} INFO - Sync 1 DAGs
[2024-07-15T23:14:07.305+0000] {logging_mixin.py:188} INFO - [2024-07-15T23:14:07.305+0000] {dag.py:3954} INFO - Setting next_dagrun for dummydag to None, run_after=None
[2024-07-15T23:14:07.335+0000] {processor.py:183} INFO - Processing /opt/airflow/dags/dummy_dag.py took 0.101 seconds
[2024-07-15T23:14:37.535+0000] {processor.py:161} INFO - Started process (PID=189) to work on /opt/airflow/dags/dummy_dag.py
[2024-07-15T23:14:37.536+0000] {processor.py:830} INFO - Processing file /opt/airflow/dags/dummy_dag.py for tasks to queue
[2024-07-15T23:14:37.539+0000] {logging_mixin.py:188} INFO - [2024-07-15T23:14:37.538+0000] {dagbag.py:545} INFO - Filling up the DagBag from /opt/airflow/dags/dummy_dag.py
[2024-07-15T23:14:37.548+0000] {processor.py:840} INFO - DAG(s) 'dummydag' retrieved from /opt/airflow/dags/dummy_dag.py
[2024-07-15T23:14:37.580+0000] {logging_mixin.py:188} INFO - [2024-07-15T23:14:37.579+0000] {dag.py:3096} INFO - Sync 1 DAGs
[2024-07-15T23:14:37.607+0000] {logging_mixin.py:188} INFO - [2024-07-15T23:14:37.607+0000] {dag.py:3954} INFO - Setting next_dagrun for dummydag to None, run_after=None
[2024-07-15T23:14:37.629+0000] {processor.py:183} INFO - Processing /opt/airflow/dags/dummy_dag.py took 0.100 seconds
[2024-07-15T23:15:07.764+0000] {processor.py:161} INFO - Started process (PID=199) to work on /opt/airflow/dags/dummy_dag.py
[2024-07-15T23:15:07.775+0000] {processor.py:830} INFO - Processing file /opt/airflow/dags/dummy_dag.py for tasks to queue
[2024-07-15T23:15:07.777+0000] {logging_mixin.py:188} INFO - [2024-07-15T23:15:07.777+0000] {dagbag.py:545} INFO - Filling up the DagBag from /opt/airflow/dags/dummy_dag.py
[2024-07-15T23:15:07.789+0000] {processor.py:840} INFO - DAG(s) 'dummydag' retrieved from /opt/airflow/dags/dummy_dag.py
[2024-07-15T23:15:07.822+0000] {logging_mixin.py:188} INFO - [2024-07-15T23:15:07.822+0000] {dag.py:3096} INFO - Sync 1 DAGs
[2024-07-15T23:15:07.856+0000] {logging_mixin.py:188} INFO - [2024-07-15T23:15:07.856+0000] {dag.py:3954} INFO - Setting next_dagrun for dummydag to None, run_after=None
[2024-07-15T23:15:07.880+0000] {processor.py:183} INFO - Processing /opt/airflow/dags/dummy_dag.py took 0.126 seconds
[2024-07-15T23:15:38.036+0000] {processor.py:161} INFO - Started process (PID=208) to work on /opt/airflow/dags/dummy_dag.py
[2024-07-15T23:15:38.037+0000] {processor.py:830} INFO - Processing file /opt/airflow/dags/dummy_dag.py for tasks to queue
[2024-07-15T23:15:38.039+0000] {logging_mixin.py:188} INFO - [2024-07-15T23:15:38.039+0000] {dagbag.py:545} INFO - Filling up the DagBag from /opt/airflow/dags/dummy_dag.py
[2024-07-15T23:15:38.048+0000] {processor.py:840} INFO - DAG(s) 'dummydag' retrieved from /opt/airflow/dags/dummy_dag.py
[2024-07-15T23:15:38.077+0000] {logging_mixin.py:188} INFO - [2024-07-15T23:15:38.077+0000] {dag.py:3096} INFO - Sync 1 DAGs
[2024-07-15T23:15:38.102+0000] {logging_mixin.py:188} INFO - [2024-07-15T23:15:38.101+0000] {dag.py:3954} INFO - Setting next_dagrun for dummydag to None, run_after=None
[2024-07-15T23:15:38.130+0000] {processor.py:183} INFO - Processing /opt/airflow/dags/dummy_dag.py took 0.100 seconds
[2024-07-15T23:16:08.304+0000] {processor.py:161} INFO - Started process (PID=218) to work on /opt/airflow/dags/dummy_dag.py
[2024-07-15T23:16:08.308+0000] {processor.py:830} INFO - Processing file /opt/airflow/dags/dummy_dag.py for tasks to queue
[2024-07-15T23:16:08.312+0000] {logging_mixin.py:188} INFO - [2024-07-15T23:16:08.311+0000] {dagbag.py:545} INFO - Filling up the DagBag from /opt/airflow/dags/dummy_dag.py
[2024-07-15T23:16:08.321+0000] {processor.py:840} INFO - DAG(s) 'dummydag' retrieved from /opt/airflow/dags/dummy_dag.py
[2024-07-15T23:16:08.354+0000] {logging_mixin.py:188} INFO - [2024-07-15T23:16:08.353+0000] {dag.py:3096} INFO - Sync 1 DAGs
[2024-07-15T23:16:08.386+0000] {logging_mixin.py:188} INFO - [2024-07-15T23:16:08.386+0000] {dag.py:3954} INFO - Setting next_dagrun for dummydag to None, run_after=None
[2024-07-15T23:16:08.425+0000] {processor.py:183} INFO - Processing /opt/airflow/dags/dummy_dag.py took 0.128 seconds
[2024-07-15T23:16:38.580+0000] {processor.py:161} INFO - Started process (PID=227) to work on /opt/airflow/dags/dummy_dag.py
[2024-07-15T23:16:38.581+0000] {processor.py:830} INFO - Processing file /opt/airflow/dags/dummy_dag.py for tasks to queue
[2024-07-15T23:16:38.585+0000] {logging_mixin.py:188} INFO - [2024-07-15T23:16:38.584+0000] {dagbag.py:545} INFO - Filling up the DagBag from /opt/airflow/dags/dummy_dag.py
[2024-07-15T23:16:38.594+0000] {processor.py:840} INFO - DAG(s) 'dummydag' retrieved from /opt/airflow/dags/dummy_dag.py
[2024-07-15T23:16:38.626+0000] {logging_mixin.py:188} INFO - [2024-07-15T23:16:38.626+0000] {dag.py:3096} INFO - Sync 1 DAGs
[2024-07-15T23:16:38.654+0000] {logging_mixin.py:188} INFO - [2024-07-15T23:16:38.654+0000] {dag.py:3954} INFO - Setting next_dagrun for dummydag to None, run_after=None
[2024-07-15T23:16:38.686+0000] {processor.py:183} INFO - Processing /opt/airflow/dags/dummy_dag.py took 0.112 seconds
[2024-07-15T23:17:08.825+0000] {processor.py:161} INFO - Started process (PID=236) to work on /opt/airflow/dags/dummy_dag.py
[2024-07-15T23:17:08.828+0000] {processor.py:830} INFO - Processing file /opt/airflow/dags/dummy_dag.py for tasks to queue
[2024-07-15T23:17:08.830+0000] {logging_mixin.py:188} INFO - [2024-07-15T23:17:08.830+0000] {dagbag.py:545} INFO - Filling up the DagBag from /opt/airflow/dags/dummy_dag.py
[2024-07-15T23:17:08.840+0000] {processor.py:840} INFO - DAG(s) 'dummydag' retrieved from /opt/airflow/dags/dummy_dag.py
[2024-07-15T23:17:08.873+0000] {logging_mixin.py:188} INFO - [2024-07-15T23:17:08.873+0000] {dag.py:3096} INFO - Sync 1 DAGs
[2024-07-15T23:17:08.900+0000] {logging_mixin.py:188} INFO - [2024-07-15T23:17:08.899+0000] {dag.py:3954} INFO - Setting next_dagrun for dummydag to None, run_after=None
[2024-07-15T23:17:08.931+0000] {processor.py:183} INFO - Processing /opt/airflow/dags/dummy_dag.py took 0.113 seconds
[2024-07-15T23:17:39.071+0000] {processor.py:161} INFO - Started process (PID=245) to work on /opt/airflow/dags/dummy_dag.py
[2024-07-15T23:17:39.071+0000] {processor.py:830} INFO - Processing file /opt/airflow/dags/dummy_dag.py for tasks to queue
[2024-07-15T23:17:39.075+0000] {logging_mixin.py:188} INFO - [2024-07-15T23:17:39.073+0000] {dagbag.py:545} INFO - Filling up the DagBag from /opt/airflow/dags/dummy_dag.py
[2024-07-15T23:17:39.084+0000] {processor.py:840} INFO - DAG(s) 'dummydag' retrieved from /opt/airflow/dags/dummy_dag.py
[2024-07-15T23:17:39.113+0000] {logging_mixin.py:188} INFO - [2024-07-15T23:17:39.113+0000] {dag.py:3096} INFO - Sync 1 DAGs
[2024-07-15T23:17:39.138+0000] {logging_mixin.py:188} INFO - [2024-07-15T23:17:39.137+0000] {dag.py:3954} INFO - Setting next_dagrun for dummydag to None, run_after=None
[2024-07-15T23:17:39.169+0000] {processor.py:183} INFO - Processing /opt/airflow/dags/dummy_dag.py took 0.106 seconds
[2024-07-15T23:18:09.322+0000] {processor.py:161} INFO - Started process (PID=254) to work on /opt/airflow/dags/dummy_dag.py
[2024-07-15T23:18:09.325+0000] {processor.py:830} INFO - Processing file /opt/airflow/dags/dummy_dag.py for tasks to queue
[2024-07-15T23:18:09.327+0000] {logging_mixin.py:188} INFO - [2024-07-15T23:18:09.327+0000] {dagbag.py:545} INFO - Filling up the DagBag from /opt/airflow/dags/dummy_dag.py
[2024-07-15T23:18:09.337+0000] {processor.py:840} INFO - DAG(s) 'dummydag' retrieved from /opt/airflow/dags/dummy_dag.py
[2024-07-15T23:18:09.372+0000] {logging_mixin.py:188} INFO - [2024-07-15T23:18:09.372+0000] {dag.py:3096} INFO - Sync 1 DAGs
[2024-07-15T23:18:09.403+0000] {logging_mixin.py:188} INFO - [2024-07-15T23:18:09.402+0000] {dag.py:3954} INFO - Setting next_dagrun for dummydag to None, run_after=None
[2024-07-15T23:18:09.436+0000] {processor.py:183} INFO - Processing /opt/airflow/dags/dummy_dag.py took 0.124 seconds
[2024-07-15T23:18:39.575+0000] {processor.py:161} INFO - Started process (PID=263) to work on /opt/airflow/dags/dummy_dag.py
[2024-07-15T23:18:39.581+0000] {processor.py:830} INFO - Processing file /opt/airflow/dags/dummy_dag.py for tasks to queue
[2024-07-15T23:18:39.584+0000] {logging_mixin.py:188} INFO - [2024-07-15T23:18:39.584+0000] {dagbag.py:545} INFO - Filling up the DagBag from /opt/airflow/dags/dummy_dag.py
[2024-07-15T23:18:39.593+0000] {processor.py:840} INFO - DAG(s) 'dummydag' retrieved from /opt/airflow/dags/dummy_dag.py
[2024-07-15T23:18:39.624+0000] {logging_mixin.py:188} INFO - [2024-07-15T23:18:39.624+0000] {dag.py:3096} INFO - Sync 1 DAGs
[2024-07-15T23:18:39.652+0000] {logging_mixin.py:188} INFO - [2024-07-15T23:18:39.652+0000] {dag.py:3954} INFO - Setting next_dagrun for dummydag to None, run_after=None
[2024-07-15T23:18:39.684+0000] {processor.py:183} INFO - Processing /opt/airflow/dags/dummy_dag.py took 0.114 seconds
[2024-07-15T23:19:09.864+0000] {processor.py:161} INFO - Started process (PID=272) to work on /opt/airflow/dags/dummy_dag.py
[2024-07-15T23:19:09.871+0000] {processor.py:830} INFO - Processing file /opt/airflow/dags/dummy_dag.py for tasks to queue
[2024-07-15T23:19:09.874+0000] {logging_mixin.py:188} INFO - [2024-07-15T23:19:09.874+0000] {dagbag.py:545} INFO - Filling up the DagBag from /opt/airflow/dags/dummy_dag.py
[2024-07-15T23:19:09.885+0000] {processor.py:840} INFO - DAG(s) 'dummydag' retrieved from /opt/airflow/dags/dummy_dag.py
[2024-07-15T23:19:09.930+0000] {logging_mixin.py:188} INFO - [2024-07-15T23:19:09.930+0000] {dag.py:3096} INFO - Sync 1 DAGs
[2024-07-15T23:19:09.965+0000] {logging_mixin.py:188} INFO - [2024-07-15T23:19:09.965+0000] {dag.py:3954} INFO - Setting next_dagrun for dummydag to None, run_after=None
[2024-07-15T23:19:10.006+0000] {processor.py:183} INFO - Processing /opt/airflow/dags/dummy_dag.py took 0.150 seconds
[2024-07-15T23:19:40.194+0000] {processor.py:161} INFO - Started process (PID=281) to work on /opt/airflow/dags/dummy_dag.py
[2024-07-15T23:19:40.195+0000] {processor.py:830} INFO - Processing file /opt/airflow/dags/dummy_dag.py for tasks to queue
[2024-07-15T23:19:40.196+0000] {logging_mixin.py:188} INFO - [2024-07-15T23:19:40.196+0000] {dagbag.py:545} INFO - Filling up the DagBag from /opt/airflow/dags/dummy_dag.py
[2024-07-15T23:19:40.206+0000] {processor.py:840} INFO - DAG(s) 'dummydag' retrieved from /opt/airflow/dags/dummy_dag.py
[2024-07-15T23:19:40.236+0000] {logging_mixin.py:188} INFO - [2024-07-15T23:19:40.236+0000] {dag.py:3096} INFO - Sync 1 DAGs
[2024-07-15T23:19:40.265+0000] {logging_mixin.py:188} INFO - [2024-07-15T23:19:40.264+0000] {dag.py:3954} INFO - Setting next_dagrun for dummydag to None, run_after=None
[2024-07-15T23:19:40.299+0000] {processor.py:183} INFO - Processing /opt/airflow/dags/dummy_dag.py took 0.113 seconds
[2024-07-15T23:20:10.441+0000] {processor.py:161} INFO - Started process (PID=290) to work on /opt/airflow/dags/dummy_dag.py
[2024-07-15T23:20:10.446+0000] {processor.py:830} INFO - Processing file /opt/airflow/dags/dummy_dag.py for tasks to queue
[2024-07-15T23:20:10.448+0000] {logging_mixin.py:188} INFO - [2024-07-15T23:20:10.448+0000] {dagbag.py:545} INFO - Filling up the DagBag from /opt/airflow/dags/dummy_dag.py
[2024-07-15T23:20:10.458+0000] {processor.py:840} INFO - DAG(s) 'dummydag' retrieved from /opt/airflow/dags/dummy_dag.py
[2024-07-15T23:20:10.488+0000] {logging_mixin.py:188} INFO - [2024-07-15T23:20:10.488+0000] {dag.py:3096} INFO - Sync 1 DAGs
[2024-07-15T23:20:10.516+0000] {logging_mixin.py:188} INFO - [2024-07-15T23:20:10.516+0000] {dag.py:3954} INFO - Setting next_dagrun for dummydag to None, run_after=None
[2024-07-15T23:20:10.545+0000] {processor.py:183} INFO - Processing /opt/airflow/dags/dummy_dag.py took 0.111 seconds
[2024-07-15T23:20:40.686+0000] {processor.py:161} INFO - Started process (PID=299) to work on /opt/airflow/dags/dummy_dag.py
[2024-07-15T23:20:40.694+0000] {processor.py:830} INFO - Processing file /opt/airflow/dags/dummy_dag.py for tasks to queue
[2024-07-15T23:20:40.696+0000] {logging_mixin.py:188} INFO - [2024-07-15T23:20:40.696+0000] {dagbag.py:545} INFO - Filling up the DagBag from /opt/airflow/dags/dummy_dag.py
[2024-07-15T23:20:40.706+0000] {processor.py:840} INFO - DAG(s) 'dummydag' retrieved from /opt/airflow/dags/dummy_dag.py
[2024-07-15T23:20:40.738+0000] {logging_mixin.py:188} INFO - [2024-07-15T23:20:40.738+0000] {dag.py:3096} INFO - Sync 1 DAGs
[2024-07-15T23:20:40.766+0000] {logging_mixin.py:188} INFO - [2024-07-15T23:20:40.766+0000] {dag.py:3954} INFO - Setting next_dagrun for dummydag to None, run_after=None
[2024-07-15T23:20:40.790+0000] {processor.py:183} INFO - Processing /opt/airflow/dags/dummy_dag.py took 0.109 seconds
[2024-07-15T23:21:10.954+0000] {processor.py:161} INFO - Started process (PID=308) to work on /opt/airflow/dags/dummy_dag.py
[2024-07-15T23:21:10.958+0000] {processor.py:830} INFO - Processing file /opt/airflow/dags/dummy_dag.py for tasks to queue
[2024-07-15T23:21:10.960+0000] {logging_mixin.py:188} INFO - [2024-07-15T23:21:10.960+0000] {dagbag.py:545} INFO - Filling up the DagBag from /opt/airflow/dags/dummy_dag.py
[2024-07-15T23:21:10.970+0000] {processor.py:840} INFO - DAG(s) 'dummydag' retrieved from /opt/airflow/dags/dummy_dag.py
[2024-07-15T23:21:10.999+0000] {logging_mixin.py:188} INFO - [2024-07-15T23:21:10.998+0000] {dag.py:3096} INFO - Sync 1 DAGs
[2024-07-15T23:21:11.027+0000] {logging_mixin.py:188} INFO - [2024-07-15T23:21:11.027+0000] {dag.py:3954} INFO - Setting next_dagrun for dummydag to None, run_after=None
[2024-07-15T23:21:11.053+0000] {processor.py:183} INFO - Processing /opt/airflow/dags/dummy_dag.py took 0.106 seconds
[2024-07-15T23:21:41.193+0000] {processor.py:161} INFO - Started process (PID=317) to work on /opt/airflow/dags/dummy_dag.py
[2024-07-15T23:21:41.194+0000] {processor.py:830} INFO - Processing file /opt/airflow/dags/dummy_dag.py for tasks to queue
[2024-07-15T23:21:41.196+0000] {logging_mixin.py:188} INFO - [2024-07-15T23:21:41.196+0000] {dagbag.py:545} INFO - Filling up the DagBag from /opt/airflow/dags/dummy_dag.py
[2024-07-15T23:21:41.208+0000] {processor.py:840} INFO - DAG(s) 'dummydag' retrieved from /opt/airflow/dags/dummy_dag.py
[2024-07-15T23:21:41.241+0000] {logging_mixin.py:188} INFO - [2024-07-15T23:21:41.241+0000] {dag.py:3096} INFO - Sync 1 DAGs
[2024-07-15T23:21:41.271+0000] {logging_mixin.py:188} INFO - [2024-07-15T23:21:41.270+0000] {dag.py:3954} INFO - Setting next_dagrun for dummydag to None, run_after=None
[2024-07-15T23:21:41.299+0000] {processor.py:183} INFO - Processing /opt/airflow/dags/dummy_dag.py took 0.113 seconds
[2024-07-15T23:22:11.445+0000] {processor.py:161} INFO - Started process (PID=326) to work on /opt/airflow/dags/dummy_dag.py
[2024-07-15T23:22:11.453+0000] {processor.py:830} INFO - Processing file /opt/airflow/dags/dummy_dag.py for tasks to queue
[2024-07-15T23:22:11.454+0000] {logging_mixin.py:188} INFO - [2024-07-15T23:22:11.454+0000] {dagbag.py:545} INFO - Filling up the DagBag from /opt/airflow/dags/dummy_dag.py
[2024-07-15T23:22:11.463+0000] {processor.py:840} INFO - DAG(s) 'dummydag' retrieved from /opt/airflow/dags/dummy_dag.py
[2024-07-15T23:22:11.490+0000] {logging_mixin.py:188} INFO - [2024-07-15T23:22:11.490+0000] {dag.py:3096} INFO - Sync 1 DAGs
[2024-07-15T23:22:11.513+0000] {logging_mixin.py:188} INFO - [2024-07-15T23:22:11.512+0000] {dag.py:3954} INFO - Setting next_dagrun for dummydag to None, run_after=None
[2024-07-15T23:22:11.544+0000] {processor.py:183} INFO - Processing /opt/airflow/dags/dummy_dag.py took 0.104 seconds
[2024-07-15T23:22:41.671+0000] {processor.py:161} INFO - Started process (PID=335) to work on /opt/airflow/dags/dummy_dag.py
[2024-07-15T23:22:41.675+0000] {processor.py:830} INFO - Processing file /opt/airflow/dags/dummy_dag.py for tasks to queue
[2024-07-15T23:22:41.677+0000] {logging_mixin.py:188} INFO - [2024-07-15T23:22:41.677+0000] {dagbag.py:545} INFO - Filling up the DagBag from /opt/airflow/dags/dummy_dag.py
[2024-07-15T23:22:41.686+0000] {processor.py:840} INFO - DAG(s) 'dummydag' retrieved from /opt/airflow/dags/dummy_dag.py
[2024-07-15T23:22:41.714+0000] {logging_mixin.py:188} INFO - [2024-07-15T23:22:41.713+0000] {dag.py:3096} INFO - Sync 1 DAGs
[2024-07-15T23:22:41.737+0000] {logging_mixin.py:188} INFO - [2024-07-15T23:22:41.737+0000] {dag.py:3954} INFO - Setting next_dagrun for dummydag to None, run_after=None
[2024-07-15T23:22:41.767+0000] {processor.py:183} INFO - Processing /opt/airflow/dags/dummy_dag.py took 0.101 seconds
[2024-07-15T23:23:11.930+0000] {processor.py:161} INFO - Started process (PID=344) to work on /opt/airflow/dags/dummy_dag.py
[2024-07-15T23:23:11.931+0000] {processor.py:830} INFO - Processing file /opt/airflow/dags/dummy_dag.py for tasks to queue
[2024-07-15T23:23:11.933+0000] {logging_mixin.py:188} INFO - [2024-07-15T23:23:11.933+0000] {dagbag.py:545} INFO - Filling up the DagBag from /opt/airflow/dags/dummy_dag.py
[2024-07-15T23:23:11.943+0000] {processor.py:840} INFO - DAG(s) 'dummydag' retrieved from /opt/airflow/dags/dummy_dag.py
[2024-07-15T23:23:12.004+0000] {logging_mixin.py:188} INFO - [2024-07-15T23:23:12.004+0000] {dag.py:3096} INFO - Sync 1 DAGs
[2024-07-15T23:23:12.050+0000] {logging_mixin.py:188} INFO - [2024-07-15T23:23:12.050+0000] {dag.py:3954} INFO - Setting next_dagrun for dummydag to None, run_after=None
[2024-07-15T23:23:12.084+0000] {processor.py:183} INFO - Processing /opt/airflow/dags/dummy_dag.py took 0.161 seconds
[2024-07-15T23:23:42.207+0000] {processor.py:161} INFO - Started process (PID=358) to work on /opt/airflow/dags/dummy_dag.py
[2024-07-15T23:23:42.208+0000] {processor.py:830} INFO - Processing file /opt/airflow/dags/dummy_dag.py for tasks to queue
[2024-07-15T23:23:42.211+0000] {logging_mixin.py:188} INFO - [2024-07-15T23:23:42.210+0000] {dagbag.py:545} INFO - Filling up the DagBag from /opt/airflow/dags/dummy_dag.py
[2024-07-15T23:23:42.220+0000] {processor.py:840} INFO - DAG(s) 'dummydag' retrieved from /opt/airflow/dags/dummy_dag.py
[2024-07-15T23:23:42.250+0000] {logging_mixin.py:188} INFO - [2024-07-15T23:23:42.250+0000] {dag.py:3096} INFO - Sync 1 DAGs
[2024-07-15T23:23:42.287+0000] {logging_mixin.py:188} INFO - [2024-07-15T23:23:42.287+0000] {dag.py:3954} INFO - Setting next_dagrun for dummydag to None, run_after=None
[2024-07-15T23:23:42.320+0000] {processor.py:183} INFO - Processing /opt/airflow/dags/dummy_dag.py took 0.119 seconds
[2024-07-15T23:24:12.443+0000] {processor.py:161} INFO - Started process (PID=366) to work on /opt/airflow/dags/dummy_dag.py
[2024-07-15T23:24:12.444+0000] {processor.py:830} INFO - Processing file /opt/airflow/dags/dummy_dag.py for tasks to queue
[2024-07-15T23:24:12.446+0000] {logging_mixin.py:188} INFO - [2024-07-15T23:24:12.445+0000] {dagbag.py:545} INFO - Filling up the DagBag from /opt/airflow/dags/dummy_dag.py
[2024-07-15T23:24:12.457+0000] {processor.py:840} INFO - DAG(s) 'dummydag' retrieved from /opt/airflow/dags/dummy_dag.py
[2024-07-15T23:24:12.490+0000] {logging_mixin.py:188} INFO - [2024-07-15T23:24:12.490+0000] {dag.py:3096} INFO - Sync 1 DAGs
[2024-07-15T23:24:12.518+0000] {logging_mixin.py:188} INFO - [2024-07-15T23:24:12.518+0000] {dag.py:3954} INFO - Setting next_dagrun for dummydag to None, run_after=None
[2024-07-15T23:24:12.541+0000] {processor.py:183} INFO - Processing /opt/airflow/dags/dummy_dag.py took 0.106 seconds
[2024-07-15T23:24:42.676+0000] {processor.py:161} INFO - Started process (PID=375) to work on /opt/airflow/dags/dummy_dag.py
[2024-07-15T23:24:42.680+0000] {processor.py:830} INFO - Processing file /opt/airflow/dags/dummy_dag.py for tasks to queue
[2024-07-15T23:24:42.682+0000] {logging_mixin.py:188} INFO - [2024-07-15T23:24:42.682+0000] {dagbag.py:545} INFO - Filling up the DagBag from /opt/airflow/dags/dummy_dag.py
[2024-07-15T23:24:42.691+0000] {processor.py:840} INFO - DAG(s) 'dummydag' retrieved from /opt/airflow/dags/dummy_dag.py
[2024-07-15T23:24:42.718+0000] {logging_mixin.py:188} INFO - [2024-07-15T23:24:42.718+0000] {dag.py:3096} INFO - Sync 1 DAGs
[2024-07-15T23:24:42.741+0000] {logging_mixin.py:188} INFO - [2024-07-15T23:24:42.741+0000] {dag.py:3954} INFO - Setting next_dagrun for dummydag to None, run_after=None
[2024-07-15T23:24:42.773+0000] {processor.py:183} INFO - Processing /opt/airflow/dags/dummy_dag.py took 0.102 seconds
[2024-07-15T23:25:12.930+0000] {processor.py:161} INFO - Started process (PID=384) to work on /opt/airflow/dags/dummy_dag.py
[2024-07-15T23:25:12.930+0000] {processor.py:830} INFO - Processing file /opt/airflow/dags/dummy_dag.py for tasks to queue
[2024-07-15T23:25:12.933+0000] {logging_mixin.py:188} INFO - [2024-07-15T23:25:12.932+0000] {dagbag.py:545} INFO - Filling up the DagBag from /opt/airflow/dags/dummy_dag.py
[2024-07-15T23:25:12.942+0000] {processor.py:840} INFO - DAG(s) 'dummydag' retrieved from /opt/airflow/dags/dummy_dag.py
[2024-07-15T23:25:12.970+0000] {logging_mixin.py:188} INFO - [2024-07-15T23:25:12.970+0000] {dag.py:3096} INFO - Sync 1 DAGs
[2024-07-15T23:25:12.994+0000] {logging_mixin.py:188} INFO - [2024-07-15T23:25:12.994+0000] {dag.py:3954} INFO - Setting next_dagrun for dummydag to None, run_after=None
[2024-07-15T23:25:13.022+0000] {processor.py:183} INFO - Processing /opt/airflow/dags/dummy_dag.py took 0.099 seconds
[2024-07-15T23:25:43.161+0000] {processor.py:161} INFO - Started process (PID=392) to work on /opt/airflow/dags/dummy_dag.py
[2024-07-15T23:25:43.162+0000] {processor.py:830} INFO - Processing file /opt/airflow/dags/dummy_dag.py for tasks to queue
[2024-07-15T23:25:43.165+0000] {logging_mixin.py:188} INFO - [2024-07-15T23:25:43.164+0000] {dagbag.py:545} INFO - Filling up the DagBag from /opt/airflow/dags/dummy_dag.py
[2024-07-15T23:25:43.176+0000] {processor.py:840} INFO - DAG(s) 'dummydag' retrieved from /opt/airflow/dags/dummy_dag.py
[2024-07-15T23:25:43.206+0000] {logging_mixin.py:188} INFO - [2024-07-15T23:25:43.205+0000] {dag.py:3096} INFO - Sync 1 DAGs
[2024-07-15T23:25:43.231+0000] {logging_mixin.py:188} INFO - [2024-07-15T23:25:43.231+0000] {dag.py:3954} INFO - Setting next_dagrun for dummydag to None, run_after=None
[2024-07-15T23:25:43.259+0000] {processor.py:183} INFO - Processing /opt/airflow/dags/dummy_dag.py took 0.106 seconds
[2024-07-15T23:26:13.385+0000] {processor.py:161} INFO - Started process (PID=402) to work on /opt/airflow/dags/dummy_dag.py
[2024-07-15T23:26:13.386+0000] {processor.py:830} INFO - Processing file /opt/airflow/dags/dummy_dag.py for tasks to queue
[2024-07-15T23:26:13.388+0000] {logging_mixin.py:188} INFO - [2024-07-15T23:26:13.387+0000] {dagbag.py:545} INFO - Filling up the DagBag from /opt/airflow/dags/dummy_dag.py
[2024-07-15T23:26:13.398+0000] {processor.py:840} INFO - DAG(s) 'dummydag' retrieved from /opt/airflow/dags/dummy_dag.py
[2024-07-15T23:26:13.430+0000] {logging_mixin.py:188} INFO - [2024-07-15T23:26:13.429+0000] {dag.py:3096} INFO - Sync 1 DAGs
[2024-07-15T23:26:13.464+0000] {logging_mixin.py:188} INFO - [2024-07-15T23:26:13.463+0000] {dag.py:3954} INFO - Setting next_dagrun for dummydag to None, run_after=None
[2024-07-15T23:26:13.507+0000] {processor.py:183} INFO - Processing /opt/airflow/dags/dummy_dag.py took 0.128 seconds
[2024-07-15T23:26:43.655+0000] {processor.py:161} INFO - Started process (PID=411) to work on /opt/airflow/dags/dummy_dag.py
[2024-07-15T23:26:43.659+0000] {processor.py:830} INFO - Processing file /opt/airflow/dags/dummy_dag.py for tasks to queue
[2024-07-15T23:26:43.661+0000] {logging_mixin.py:188} INFO - [2024-07-15T23:26:43.661+0000] {dagbag.py:545} INFO - Filling up the DagBag from /opt/airflow/dags/dummy_dag.py
[2024-07-15T23:26:43.670+0000] {processor.py:840} INFO - DAG(s) 'dummydag' retrieved from /opt/airflow/dags/dummy_dag.py
[2024-07-15T23:26:43.696+0000] {logging_mixin.py:188} INFO - [2024-07-15T23:26:43.696+0000] {dag.py:3096} INFO - Sync 1 DAGs
[2024-07-15T23:26:43.723+0000] {logging_mixin.py:188} INFO - [2024-07-15T23:26:43.723+0000] {dag.py:3954} INFO - Setting next_dagrun for dummydag to None, run_after=None
[2024-07-15T23:26:43.752+0000] {processor.py:183} INFO - Processing /opt/airflow/dags/dummy_dag.py took 0.103 seconds
[2024-07-15T23:27:13.884+0000] {processor.py:161} INFO - Started process (PID=420) to work on /opt/airflow/dags/dummy_dag.py
[2024-07-15T23:27:13.885+0000] {processor.py:830} INFO - Processing file /opt/airflow/dags/dummy_dag.py for tasks to queue
[2024-07-15T23:27:13.888+0000] {logging_mixin.py:188} INFO - [2024-07-15T23:27:13.887+0000] {dagbag.py:545} INFO - Filling up the DagBag from /opt/airflow/dags/dummy_dag.py
[2024-07-15T23:27:13.898+0000] {processor.py:840} INFO - DAG(s) 'dummydag' retrieved from /opt/airflow/dags/dummy_dag.py
[2024-07-15T23:27:13.930+0000] {logging_mixin.py:188} INFO - [2024-07-15T23:27:13.929+0000] {dag.py:3096} INFO - Sync 1 DAGs
[2024-07-15T23:27:13.954+0000] {logging_mixin.py:188} INFO - [2024-07-15T23:27:13.954+0000] {dag.py:3954} INFO - Setting next_dagrun for dummydag to None, run_after=None
[2024-07-15T23:27:13.979+0000] {processor.py:183} INFO - Processing /opt/airflow/dags/dummy_dag.py took 0.102 seconds
[2024-07-15T23:27:44.138+0000] {processor.py:161} INFO - Started process (PID=429) to work on /opt/airflow/dags/dummy_dag.py
[2024-07-15T23:27:44.140+0000] {processor.py:830} INFO - Processing file /opt/airflow/dags/dummy_dag.py for tasks to queue
[2024-07-15T23:27:44.142+0000] {logging_mixin.py:188} INFO - [2024-07-15T23:27:44.142+0000] {dagbag.py:545} INFO - Filling up the DagBag from /opt/airflow/dags/dummy_dag.py
[2024-07-15T23:27:44.151+0000] {processor.py:840} INFO - DAG(s) 'dummydag' retrieved from /opt/airflow/dags/dummy_dag.py
[2024-07-15T23:27:44.178+0000] {logging_mixin.py:188} INFO - [2024-07-15T23:27:44.178+0000] {dag.py:3096} INFO - Sync 1 DAGs
[2024-07-15T23:27:44.201+0000] {logging_mixin.py:188} INFO - [2024-07-15T23:27:44.200+0000] {dag.py:3954} INFO - Setting next_dagrun for dummydag to None, run_after=None
[2024-07-15T23:27:44.233+0000] {processor.py:183} INFO - Processing /opt/airflow/dags/dummy_dag.py took 0.101 seconds
[2024-07-15T23:28:14.358+0000] {processor.py:161} INFO - Started process (PID=438) to work on /opt/airflow/dags/dummy_dag.py
[2024-07-15T23:28:14.358+0000] {processor.py:830} INFO - Processing file /opt/airflow/dags/dummy_dag.py for tasks to queue
[2024-07-15T23:28:14.360+0000] {logging_mixin.py:188} INFO - [2024-07-15T23:28:14.360+0000] {dagbag.py:545} INFO - Filling up the DagBag from /opt/airflow/dags/dummy_dag.py
[2024-07-15T23:28:14.369+0000] {processor.py:840} INFO - DAG(s) 'dummydag' retrieved from /opt/airflow/dags/dummy_dag.py
[2024-07-15T23:28:14.398+0000] {logging_mixin.py:188} INFO - [2024-07-15T23:28:14.398+0000] {dag.py:3096} INFO - Sync 1 DAGs
[2024-07-15T23:28:14.424+0000] {logging_mixin.py:188} INFO - [2024-07-15T23:28:14.424+0000] {dag.py:3954} INFO - Setting next_dagrun for dummydag to None, run_after=None
[2024-07-15T23:28:14.447+0000] {processor.py:183} INFO - Processing /opt/airflow/dags/dummy_dag.py took 0.096 seconds
[2024-07-15T23:28:44.615+0000] {processor.py:161} INFO - Started process (PID=447) to work on /opt/airflow/dags/dummy_dag.py
[2024-07-15T23:28:44.617+0000] {processor.py:830} INFO - Processing file /opt/airflow/dags/dummy_dag.py for tasks to queue
[2024-07-15T23:28:44.620+0000] {logging_mixin.py:188} INFO - [2024-07-15T23:28:44.619+0000] {dagbag.py:545} INFO - Filling up the DagBag from /opt/airflow/dags/dummy_dag.py
[2024-07-15T23:28:44.633+0000] {processor.py:840} INFO - DAG(s) 'dummydag' retrieved from /opt/airflow/dags/dummy_dag.py
[2024-07-15T23:28:44.670+0000] {logging_mixin.py:188} INFO - [2024-07-15T23:28:44.670+0000] {dag.py:3096} INFO - Sync 1 DAGs
[2024-07-15T23:28:44.702+0000] {logging_mixin.py:188} INFO - [2024-07-15T23:28:44.702+0000] {dag.py:3954} INFO - Setting next_dagrun for dummydag to None, run_after=None
[2024-07-15T23:28:44.744+0000] {processor.py:183} INFO - Processing /opt/airflow/dags/dummy_dag.py took 0.136 seconds
[2024-07-15T23:29:14.881+0000] {processor.py:161} INFO - Started process (PID=457) to work on /opt/airflow/dags/dummy_dag.py
[2024-07-15T23:29:14.881+0000] {processor.py:830} INFO - Processing file /opt/airflow/dags/dummy_dag.py for tasks to queue
[2024-07-15T23:29:14.884+0000] {logging_mixin.py:188} INFO - [2024-07-15T23:29:14.883+0000] {dagbag.py:545} INFO - Filling up the DagBag from /opt/airflow/dags/dummy_dag.py
[2024-07-15T23:29:14.895+0000] {processor.py:840} INFO - DAG(s) 'dummydag' retrieved from /opt/airflow/dags/dummy_dag.py
[2024-07-15T23:29:14.929+0000] {logging_mixin.py:188} INFO - [2024-07-15T23:29:14.929+0000] {dag.py:3096} INFO - Sync 1 DAGs
[2024-07-15T23:29:14.956+0000] {logging_mixin.py:188} INFO - [2024-07-15T23:29:14.956+0000] {dag.py:3954} INFO - Setting next_dagrun for dummydag to None, run_after=None
[2024-07-15T23:29:14.983+0000] {processor.py:183} INFO - Processing /opt/airflow/dags/dummy_dag.py took 0.111 seconds
[2024-07-15T23:29:45.153+0000] {processor.py:161} INFO - Started process (PID=466) to work on /opt/airflow/dags/dummy_dag.py
[2024-07-15T23:29:45.158+0000] {processor.py:830} INFO - Processing file /opt/airflow/dags/dummy_dag.py for tasks to queue
[2024-07-15T23:29:45.160+0000] {logging_mixin.py:188} INFO - [2024-07-15T23:29:45.160+0000] {dagbag.py:545} INFO - Filling up the DagBag from /opt/airflow/dags/dummy_dag.py
[2024-07-15T23:29:45.169+0000] {processor.py:840} INFO - DAG(s) 'dummydag' retrieved from /opt/airflow/dags/dummy_dag.py
[2024-07-15T23:29:45.197+0000] {logging_mixin.py:188} INFO - [2024-07-15T23:29:45.197+0000] {dag.py:3096} INFO - Sync 1 DAGs
[2024-07-15T23:29:45.220+0000] {logging_mixin.py:188} INFO - [2024-07-15T23:29:45.220+0000] {dag.py:3954} INFO - Setting next_dagrun for dummydag to None, run_after=None
[2024-07-15T23:29:45.250+0000] {processor.py:183} INFO - Processing /opt/airflow/dags/dummy_dag.py took 0.103 seconds
[2024-07-15T23:30:15.415+0000] {processor.py:161} INFO - Started process (PID=475) to work on /opt/airflow/dags/dummy_dag.py
[2024-07-15T23:30:15.418+0000] {processor.py:830} INFO - Processing file /opt/airflow/dags/dummy_dag.py for tasks to queue
[2024-07-15T23:30:15.421+0000] {logging_mixin.py:188} INFO - [2024-07-15T23:30:15.420+0000] {dagbag.py:545} INFO - Filling up the DagBag from /opt/airflow/dags/dummy_dag.py
[2024-07-15T23:30:15.438+0000] {processor.py:840} INFO - DAG(s) 'dummydag' retrieved from /opt/airflow/dags/dummy_dag.py
[2024-07-15T23:30:15.491+0000] {logging_mixin.py:188} INFO - [2024-07-15T23:30:15.489+0000] {dag.py:3096} INFO - Sync 1 DAGs
[2024-07-15T23:30:15.517+0000] {logging_mixin.py:188} INFO - [2024-07-15T23:30:15.517+0000] {dag.py:3954} INFO - Setting next_dagrun for dummydag to None, run_after=None
[2024-07-15T23:30:15.545+0000] {processor.py:183} INFO - Processing /opt/airflow/dags/dummy_dag.py took 0.140 seconds
[2024-07-15T23:30:45.700+0000] {processor.py:161} INFO - Started process (PID=484) to work on /opt/airflow/dags/dummy_dag.py
[2024-07-15T23:30:45.700+0000] {processor.py:830} INFO - Processing file /opt/airflow/dags/dummy_dag.py for tasks to queue
[2024-07-15T23:30:45.703+0000] {logging_mixin.py:188} INFO - [2024-07-15T23:30:45.702+0000] {dagbag.py:545} INFO - Filling up the DagBag from /opt/airflow/dags/dummy_dag.py
[2024-07-15T23:30:45.715+0000] {processor.py:840} INFO - DAG(s) 'dummydag' retrieved from /opt/airflow/dags/dummy_dag.py
[2024-07-15T23:30:45.751+0000] {logging_mixin.py:188} INFO - [2024-07-15T23:30:45.750+0000] {dag.py:3096} INFO - Sync 1 DAGs
[2024-07-15T23:30:45.784+0000] {logging_mixin.py:188} INFO - [2024-07-15T23:30:45.784+0000] {dag.py:3954} INFO - Setting next_dagrun for dummydag to None, run_after=None
[2024-07-15T23:30:45.810+0000] {processor.py:183} INFO - Processing /opt/airflow/dags/dummy_dag.py took 0.117 seconds
[2024-07-15T23:31:15.968+0000] {processor.py:161} INFO - Started process (PID=493) to work on /opt/airflow/dags/dummy_dag.py
[2024-07-15T23:31:15.972+0000] {processor.py:830} INFO - Processing file /opt/airflow/dags/dummy_dag.py for tasks to queue
[2024-07-15T23:31:15.975+0000] {logging_mixin.py:188} INFO - [2024-07-15T23:31:15.974+0000] {dagbag.py:545} INFO - Filling up the DagBag from /opt/airflow/dags/dummy_dag.py
[2024-07-15T23:31:15.986+0000] {processor.py:840} INFO - DAG(s) 'dummydag' retrieved from /opt/airflow/dags/dummy_dag.py
[2024-07-15T23:31:16.027+0000] {logging_mixin.py:188} INFO - [2024-07-15T23:31:16.027+0000] {dag.py:3096} INFO - Sync 1 DAGs
[2024-07-15T23:31:16.060+0000] {logging_mixin.py:188} INFO - [2024-07-15T23:31:16.060+0000] {dag.py:3954} INFO - Setting next_dagrun for dummydag to None, run_after=None
[2024-07-15T23:31:16.086+0000] {processor.py:183} INFO - Processing /opt/airflow/dags/dummy_dag.py took 0.125 seconds
[2024-07-15T23:31:46.216+0000] {processor.py:161} INFO - Started process (PID=501) to work on /opt/airflow/dags/dummy_dag.py
[2024-07-15T23:31:46.216+0000] {processor.py:830} INFO - Processing file /opt/airflow/dags/dummy_dag.py for tasks to queue
[2024-07-15T23:31:46.219+0000] {logging_mixin.py:188} INFO - [2024-07-15T23:31:46.219+0000] {dagbag.py:545} INFO - Filling up the DagBag from /opt/airflow/dags/dummy_dag.py
[2024-07-15T23:31:46.227+0000] {processor.py:840} INFO - DAG(s) 'dummydag' retrieved from /opt/airflow/dags/dummy_dag.py
[2024-07-15T23:31:46.256+0000] {logging_mixin.py:188} INFO - [2024-07-15T23:31:46.256+0000] {dag.py:3096} INFO - Sync 1 DAGs
[2024-07-15T23:31:46.279+0000] {logging_mixin.py:188} INFO - [2024-07-15T23:31:46.279+0000] {dag.py:3954} INFO - Setting next_dagrun for dummydag to None, run_after=None
[2024-07-15T23:31:46.303+0000] {processor.py:183} INFO - Processing /opt/airflow/dags/dummy_dag.py took 0.094 seconds
[2024-07-15T23:32:16.427+0000] {processor.py:161} INFO - Started process (PID=510) to work on /opt/airflow/dags/dummy_dag.py
[2024-07-15T23:32:16.436+0000] {processor.py:830} INFO - Processing file /opt/airflow/dags/dummy_dag.py for tasks to queue
[2024-07-15T23:32:16.439+0000] {logging_mixin.py:188} INFO - [2024-07-15T23:32:16.439+0000] {dagbag.py:545} INFO - Filling up the DagBag from /opt/airflow/dags/dummy_dag.py
[2024-07-15T23:32:16.449+0000] {processor.py:840} INFO - DAG(s) 'dummydag' retrieved from /opt/airflow/dags/dummy_dag.py
[2024-07-15T23:32:16.478+0000] {logging_mixin.py:188} INFO - [2024-07-15T23:32:16.478+0000] {dag.py:3096} INFO - Sync 1 DAGs
[2024-07-15T23:32:16.504+0000] {logging_mixin.py:188} INFO - [2024-07-15T23:32:16.504+0000] {dag.py:3954} INFO - Setting next_dagrun for dummydag to None, run_after=None
[2024-07-15T23:32:16.527+0000] {processor.py:183} INFO - Processing /opt/airflow/dags/dummy_dag.py took 0.107 seconds
[2024-07-15T23:32:46.681+0000] {processor.py:161} INFO - Started process (PID=519) to work on /opt/airflow/dags/dummy_dag.py
[2024-07-15T23:32:46.682+0000] {processor.py:830} INFO - Processing file /opt/airflow/dags/dummy_dag.py for tasks to queue
[2024-07-15T23:32:46.685+0000] {logging_mixin.py:188} INFO - [2024-07-15T23:32:46.685+0000] {dagbag.py:545} INFO - Filling up the DagBag from /opt/airflow/dags/dummy_dag.py
[2024-07-15T23:32:46.694+0000] {processor.py:840} INFO - DAG(s) 'dummydag' retrieved from /opt/airflow/dags/dummy_dag.py
[2024-07-15T23:32:46.725+0000] {logging_mixin.py:188} INFO - [2024-07-15T23:32:46.725+0000] {dag.py:3096} INFO - Sync 1 DAGs
[2024-07-15T23:32:46.752+0000] {logging_mixin.py:188} INFO - [2024-07-15T23:32:46.752+0000] {dag.py:3954} INFO - Setting next_dagrun for dummydag to None, run_after=None
[2024-07-15T23:32:46.783+0000] {processor.py:183} INFO - Processing /opt/airflow/dags/dummy_dag.py took 0.108 seconds
[2024-07-15T23:33:16.922+0000] {processor.py:161} INFO - Started process (PID=528) to work on /opt/airflow/dags/dummy_dag.py
[2024-07-15T23:33:16.923+0000] {processor.py:830} INFO - Processing file /opt/airflow/dags/dummy_dag.py for tasks to queue
[2024-07-15T23:33:16.925+0000] {logging_mixin.py:188} INFO - [2024-07-15T23:33:16.925+0000] {dagbag.py:545} INFO - Filling up the DagBag from /opt/airflow/dags/dummy_dag.py
[2024-07-15T23:33:16.941+0000] {processor.py:840} INFO - DAG(s) 'dummydag' retrieved from /opt/airflow/dags/dummy_dag.py
[2024-07-15T23:33:16.973+0000] {logging_mixin.py:188} INFO - [2024-07-15T23:33:16.973+0000] {dag.py:3096} INFO - Sync 1 DAGs
[2024-07-15T23:33:17.008+0000] {logging_mixin.py:188} INFO - [2024-07-15T23:33:17.007+0000] {dag.py:3954} INFO - Setting next_dagrun for dummydag to None, run_after=None
[2024-07-15T23:33:17.030+0000] {processor.py:183} INFO - Processing /opt/airflow/dags/dummy_dag.py took 0.116 seconds
[2024-07-15T23:33:47.191+0000] {processor.py:161} INFO - Started process (PID=537) to work on /opt/airflow/dags/dummy_dag.py
[2024-07-15T23:33:47.192+0000] {processor.py:830} INFO - Processing file /opt/airflow/dags/dummy_dag.py for tasks to queue
[2024-07-15T23:33:47.196+0000] {logging_mixin.py:188} INFO - [2024-07-15T23:33:47.196+0000] {dagbag.py:545} INFO - Filling up the DagBag from /opt/airflow/dags/dummy_dag.py
[2024-07-15T23:33:47.208+0000] {processor.py:840} INFO - DAG(s) 'dummydag' retrieved from /opt/airflow/dags/dummy_dag.py
[2024-07-15T23:33:47.242+0000] {logging_mixin.py:188} INFO - [2024-07-15T23:33:47.242+0000] {dag.py:3096} INFO - Sync 1 DAGs
[2024-07-15T23:33:47.272+0000] {logging_mixin.py:188} INFO - [2024-07-15T23:33:47.271+0000] {dag.py:3954} INFO - Setting next_dagrun for dummydag to None, run_after=None
[2024-07-15T23:33:47.300+0000] {processor.py:183} INFO - Processing /opt/airflow/dags/dummy_dag.py took 0.117 seconds
[2024-07-15T23:34:17.459+0000] {processor.py:161} INFO - Started process (PID=546) to work on /opt/airflow/dags/dummy_dag.py
[2024-07-15T23:34:17.464+0000] {processor.py:830} INFO - Processing file /opt/airflow/dags/dummy_dag.py for tasks to queue
[2024-07-15T23:34:17.467+0000] {logging_mixin.py:188} INFO - [2024-07-15T23:34:17.466+0000] {dagbag.py:545} INFO - Filling up the DagBag from /opt/airflow/dags/dummy_dag.py
[2024-07-15T23:34:17.475+0000] {processor.py:840} INFO - DAG(s) 'dummydag' retrieved from /opt/airflow/dags/dummy_dag.py
[2024-07-15T23:34:17.508+0000] {logging_mixin.py:188} INFO - [2024-07-15T23:34:17.507+0000] {dag.py:3096} INFO - Sync 1 DAGs
[2024-07-15T23:34:17.547+0000] {logging_mixin.py:188} INFO - [2024-07-15T23:34:17.547+0000] {dag.py:3954} INFO - Setting next_dagrun for dummydag to None, run_after=None
[2024-07-15T23:34:17.570+0000] {processor.py:183} INFO - Processing /opt/airflow/dags/dummy_dag.py took 0.118 seconds
[2024-07-15T23:34:47.724+0000] {processor.py:161} INFO - Started process (PID=555) to work on /opt/airflow/dags/dummy_dag.py
[2024-07-15T23:34:47.724+0000] {processor.py:830} INFO - Processing file /opt/airflow/dags/dummy_dag.py for tasks to queue
[2024-07-15T23:34:47.726+0000] {logging_mixin.py:188} INFO - [2024-07-15T23:34:47.726+0000] {dagbag.py:545} INFO - Filling up the DagBag from /opt/airflow/dags/dummy_dag.py
[2024-07-15T23:34:47.737+0000] {processor.py:840} INFO - DAG(s) 'dummydag' retrieved from /opt/airflow/dags/dummy_dag.py
[2024-07-15T23:34:47.768+0000] {logging_mixin.py:188} INFO - [2024-07-15T23:34:47.768+0000] {dag.py:3096} INFO - Sync 1 DAGs
[2024-07-15T23:34:47.796+0000] {logging_mixin.py:188} INFO - [2024-07-15T23:34:47.796+0000] {dag.py:3954} INFO - Setting next_dagrun for dummydag to None, run_after=None
[2024-07-15T23:34:47.823+0000] {processor.py:183} INFO - Processing /opt/airflow/dags/dummy_dag.py took 0.106 seconds
[2024-07-15T23:35:17.948+0000] {processor.py:161} INFO - Started process (PID=564) to work on /opt/airflow/dags/dummy_dag.py
[2024-07-15T23:35:17.951+0000] {processor.py:830} INFO - Processing file /opt/airflow/dags/dummy_dag.py for tasks to queue
[2024-07-15T23:35:17.953+0000] {logging_mixin.py:188} INFO - [2024-07-15T23:35:17.953+0000] {dagbag.py:545} INFO - Filling up the DagBag from /opt/airflow/dags/dummy_dag.py
[2024-07-15T23:35:17.966+0000] {processor.py:840} INFO - DAG(s) 'dummydag' retrieved from /opt/airflow/dags/dummy_dag.py
[2024-07-15T23:35:17.996+0000] {logging_mixin.py:188} INFO - [2024-07-15T23:35:17.995+0000] {dag.py:3096} INFO - Sync 1 DAGs
[2024-07-15T23:35:18.023+0000] {logging_mixin.py:188} INFO - [2024-07-15T23:35:18.022+0000] {dag.py:3954} INFO - Setting next_dagrun for dummydag to None, run_after=None
[2024-07-15T23:35:18.053+0000] {processor.py:183} INFO - Processing /opt/airflow/dags/dummy_dag.py took 0.112 seconds
[2024-07-15T23:35:48.190+0000] {processor.py:161} INFO - Started process (PID=574) to work on /opt/airflow/dags/dummy_dag.py
[2024-07-15T23:35:48.191+0000] {processor.py:830} INFO - Processing file /opt/airflow/dags/dummy_dag.py for tasks to queue
[2024-07-15T23:35:48.193+0000] {logging_mixin.py:188} INFO - [2024-07-15T23:35:48.193+0000] {dagbag.py:545} INFO - Filling up the DagBag from /opt/airflow/dags/dummy_dag.py
[2024-07-15T23:35:48.203+0000] {processor.py:840} INFO - DAG(s) 'dummydag' retrieved from /opt/airflow/dags/dummy_dag.py
[2024-07-15T23:35:48.229+0000] {logging_mixin.py:188} INFO - [2024-07-15T23:35:48.229+0000] {dag.py:3096} INFO - Sync 1 DAGs
[2024-07-15T23:35:48.251+0000] {logging_mixin.py:188} INFO - [2024-07-15T23:35:48.251+0000] {dag.py:3954} INFO - Setting next_dagrun for dummydag to None, run_after=None
[2024-07-15T23:35:48.286+0000] {processor.py:183} INFO - Processing /opt/airflow/dags/dummy_dag.py took 0.103 seconds
[2024-07-15T23:36:18.418+0000] {processor.py:161} INFO - Started process (PID=583) to work on /opt/airflow/dags/dummy_dag.py
[2024-07-15T23:36:18.419+0000] {processor.py:830} INFO - Processing file /opt/airflow/dags/dummy_dag.py for tasks to queue
[2024-07-15T23:36:18.421+0000] {logging_mixin.py:188} INFO - [2024-07-15T23:36:18.420+0000] {dagbag.py:545} INFO - Filling up the DagBag from /opt/airflow/dags/dummy_dag.py
[2024-07-15T23:36:18.430+0000] {processor.py:840} INFO - DAG(s) 'dummydag' retrieved from /opt/airflow/dags/dummy_dag.py
[2024-07-15T23:36:18.458+0000] {logging_mixin.py:188} INFO - [2024-07-15T23:36:18.457+0000] {dag.py:3096} INFO - Sync 1 DAGs
[2024-07-15T23:36:18.482+0000] {logging_mixin.py:188} INFO - [2024-07-15T23:36:18.482+0000] {dag.py:3954} INFO - Setting next_dagrun for dummydag to None, run_after=None
[2024-07-15T23:36:18.512+0000] {processor.py:183} INFO - Processing /opt/airflow/dags/dummy_dag.py took 0.101 seconds
[2024-07-15T23:36:48.675+0000] {processor.py:161} INFO - Started process (PID=592) to work on /opt/airflow/dags/dummy_dag.py
[2024-07-15T23:36:48.676+0000] {processor.py:830} INFO - Processing file /opt/airflow/dags/dummy_dag.py for tasks to queue
[2024-07-15T23:36:48.678+0000] {logging_mixin.py:188} INFO - [2024-07-15T23:36:48.678+0000] {dagbag.py:545} INFO - Filling up the DagBag from /opt/airflow/dags/dummy_dag.py
[2024-07-15T23:36:48.687+0000] {processor.py:840} INFO - DAG(s) 'dummydag' retrieved from /opt/airflow/dags/dummy_dag.py
[2024-07-15T23:36:48.718+0000] {logging_mixin.py:188} INFO - [2024-07-15T23:36:48.718+0000] {dag.py:3096} INFO - Sync 1 DAGs
[2024-07-15T23:36:48.744+0000] {logging_mixin.py:188} INFO - [2024-07-15T23:36:48.744+0000] {dag.py:3954} INFO - Setting next_dagrun for dummydag to None, run_after=None
[2024-07-15T23:36:48.770+0000] {processor.py:183} INFO - Processing /opt/airflow/dags/dummy_dag.py took 0.102 seconds
[2024-07-15T23:37:18.897+0000] {processor.py:161} INFO - Started process (PID=601) to work on /opt/airflow/dags/dummy_dag.py
[2024-07-15T23:37:18.899+0000] {processor.py:830} INFO - Processing file /opt/airflow/dags/dummy_dag.py for tasks to queue
[2024-07-15T23:37:18.901+0000] {logging_mixin.py:188} INFO - [2024-07-15T23:37:18.900+0000] {dagbag.py:545} INFO - Filling up the DagBag from /opt/airflow/dags/dummy_dag.py
[2024-07-15T23:37:18.910+0000] {processor.py:840} INFO - DAG(s) 'dummydag' retrieved from /opt/airflow/dags/dummy_dag.py
[2024-07-15T23:37:18.942+0000] {logging_mixin.py:188} INFO - [2024-07-15T23:37:18.942+0000] {dag.py:3096} INFO - Sync 1 DAGs
[2024-07-15T23:37:18.971+0000] {logging_mixin.py:188} INFO - [2024-07-15T23:37:18.971+0000] {dag.py:3954} INFO - Setting next_dagrun for dummydag to None, run_after=None
[2024-07-15T23:37:19.002+0000] {processor.py:183} INFO - Processing /opt/airflow/dags/dummy_dag.py took 0.111 seconds
[2024-07-15T23:37:49.135+0000] {processor.py:161} INFO - Started process (PID=610) to work on /opt/airflow/dags/dummy_dag.py
[2024-07-15T23:37:49.144+0000] {processor.py:830} INFO - Processing file /opt/airflow/dags/dummy_dag.py for tasks to queue
[2024-07-15T23:37:49.146+0000] {logging_mixin.py:188} INFO - [2024-07-15T23:37:49.145+0000] {dagbag.py:545} INFO - Filling up the DagBag from /opt/airflow/dags/dummy_dag.py
[2024-07-15T23:37:49.167+0000] {processor.py:840} INFO - DAG(s) 'dummydag' retrieved from /opt/airflow/dags/dummy_dag.py
[2024-07-15T23:37:49.201+0000] {logging_mixin.py:188} INFO - [2024-07-15T23:37:49.201+0000] {dag.py:3096} INFO - Sync 1 DAGs
[2024-07-15T23:37:49.226+0000] {logging_mixin.py:188} INFO - [2024-07-15T23:37:49.225+0000] {dag.py:3954} INFO - Setting next_dagrun for dummydag to None, run_after=None
[2024-07-15T23:37:49.246+0000] {processor.py:183} INFO - Processing /opt/airflow/dags/dummy_dag.py took 0.118 seconds
[2024-07-15T23:38:19.392+0000] {processor.py:161} INFO - Started process (PID=619) to work on /opt/airflow/dags/dummy_dag.py
[2024-07-15T23:38:19.393+0000] {processor.py:830} INFO - Processing file /opt/airflow/dags/dummy_dag.py for tasks to queue
[2024-07-15T23:38:19.395+0000] {logging_mixin.py:188} INFO - [2024-07-15T23:38:19.395+0000] {dagbag.py:545} INFO - Filling up the DagBag from /opt/airflow/dags/dummy_dag.py
[2024-07-15T23:38:19.412+0000] {processor.py:840} INFO - DAG(s) 'dummydag' retrieved from /opt/airflow/dags/dummy_dag.py
[2024-07-15T23:38:19.448+0000] {logging_mixin.py:188} INFO - [2024-07-15T23:38:19.448+0000] {dag.py:3096} INFO - Sync 1 DAGs
[2024-07-15T23:38:19.478+0000] {logging_mixin.py:188} INFO - [2024-07-15T23:38:19.478+0000] {dag.py:3954} INFO - Setting next_dagrun for dummydag to None, run_after=None
[2024-07-15T23:38:19.520+0000] {processor.py:183} INFO - Processing /opt/airflow/dags/dummy_dag.py took 0.147 seconds
[2024-07-15T23:38:49.683+0000] {processor.py:161} INFO - Started process (PID=628) to work on /opt/airflow/dags/dummy_dag.py
[2024-07-15T23:38:49.690+0000] {processor.py:830} INFO - Processing file /opt/airflow/dags/dummy_dag.py for tasks to queue
[2024-07-15T23:38:49.692+0000] {logging_mixin.py:188} INFO - [2024-07-15T23:38:49.692+0000] {dagbag.py:545} INFO - Filling up the DagBag from /opt/airflow/dags/dummy_dag.py
[2024-07-15T23:38:49.713+0000] {processor.py:840} INFO - DAG(s) 'dummydag' retrieved from /opt/airflow/dags/dummy_dag.py
[2024-07-15T23:38:49.756+0000] {logging_mixin.py:188} INFO - [2024-07-15T23:38:49.755+0000] {dag.py:3096} INFO - Sync 1 DAGs
[2024-07-15T23:38:49.783+0000] {logging_mixin.py:188} INFO - [2024-07-15T23:38:49.783+0000] {dag.py:3954} INFO - Setting next_dagrun for dummydag to None, run_after=None
[2024-07-15T23:38:49.815+0000] {processor.py:183} INFO - Processing /opt/airflow/dags/dummy_dag.py took 0.139 seconds
[2024-07-15T23:39:19.986+0000] {processor.py:161} INFO - Started process (PID=636) to work on /opt/airflow/dags/dummy_dag.py
[2024-07-15T23:39:19.986+0000] {processor.py:830} INFO - Processing file /opt/airflow/dags/dummy_dag.py for tasks to queue
[2024-07-15T23:39:19.991+0000] {logging_mixin.py:188} INFO - [2024-07-15T23:39:19.990+0000] {dagbag.py:545} INFO - Filling up the DagBag from /opt/airflow/dags/dummy_dag.py
[2024-07-15T23:39:20.019+0000] {processor.py:840} INFO - DAG(s) 'dummydag' retrieved from /opt/airflow/dags/dummy_dag.py
[2024-07-15T23:39:20.057+0000] {logging_mixin.py:188} INFO - [2024-07-15T23:39:20.056+0000] {dag.py:3096} INFO - Sync 1 DAGs
[2024-07-15T23:39:20.098+0000] {logging_mixin.py:188} INFO - [2024-07-15T23:39:20.097+0000] {dag.py:3954} INFO - Setting next_dagrun for dummydag to None, run_after=None
[2024-07-15T23:39:20.139+0000] {processor.py:183} INFO - Processing /opt/airflow/dags/dummy_dag.py took 0.170 seconds
[2024-07-15T23:39:50.327+0000] {processor.py:161} INFO - Started process (PID=646) to work on /opt/airflow/dags/dummy_dag.py
[2024-07-15T23:39:50.331+0000] {processor.py:830} INFO - Processing file /opt/airflow/dags/dummy_dag.py for tasks to queue
[2024-07-15T23:39:50.332+0000] {logging_mixin.py:188} INFO - [2024-07-15T23:39:50.332+0000] {dagbag.py:545} INFO - Filling up the DagBag from /opt/airflow/dags/dummy_dag.py
[2024-07-15T23:39:50.341+0000] {processor.py:840} INFO - DAG(s) 'dummydag' retrieved from /opt/airflow/dags/dummy_dag.py
[2024-07-15T23:39:50.370+0000] {logging_mixin.py:188} INFO - [2024-07-15T23:39:50.370+0000] {dag.py:3096} INFO - Sync 1 DAGs
[2024-07-15T23:39:50.400+0000] {logging_mixin.py:188} INFO - [2024-07-15T23:39:50.400+0000] {dag.py:3954} INFO - Setting next_dagrun for dummydag to None, run_after=None
[2024-07-15T23:39:50.424+0000] {processor.py:183} INFO - Processing /opt/airflow/dags/dummy_dag.py took 0.104 seconds
[2024-07-15T23:40:20.586+0000] {processor.py:161} INFO - Started process (PID=656) to work on /opt/airflow/dags/dummy_dag.py
[2024-07-15T23:40:20.594+0000] {processor.py:830} INFO - Processing file /opt/airflow/dags/dummy_dag.py for tasks to queue
[2024-07-15T23:40:20.597+0000] {logging_mixin.py:188} INFO - [2024-07-15T23:40:20.596+0000] {dagbag.py:545} INFO - Filling up the DagBag from /opt/airflow/dags/dummy_dag.py
[2024-07-15T23:40:20.607+0000] {processor.py:840} INFO - DAG(s) 'dummydag' retrieved from /opt/airflow/dags/dummy_dag.py
[2024-07-15T23:40:20.647+0000] {logging_mixin.py:188} INFO - [2024-07-15T23:40:20.647+0000] {dag.py:3096} INFO - Sync 1 DAGs
[2024-07-15T23:40:20.673+0000] {logging_mixin.py:188} INFO - [2024-07-15T23:40:20.673+0000] {dag.py:3954} INFO - Setting next_dagrun for dummydag to None, run_after=None
[2024-07-15T23:40:20.696+0000] {processor.py:183} INFO - Processing /opt/airflow/dags/dummy_dag.py took 0.117 seconds
[2024-07-15T23:40:50.971+0000] {processor.py:161} INFO - Started process (PID=666) to work on /opt/airflow/dags/dummy_dag.py
[2024-07-15T23:40:50.972+0000] {processor.py:830} INFO - Processing file /opt/airflow/dags/dummy_dag.py for tasks to queue
[2024-07-15T23:40:50.973+0000] {logging_mixin.py:188} INFO - [2024-07-15T23:40:50.973+0000] {dagbag.py:545} INFO - Filling up the DagBag from /opt/airflow/dags/dummy_dag.py
[2024-07-15T23:40:50.985+0000] {processor.py:840} INFO - DAG(s) 'dummydag' retrieved from /opt/airflow/dags/dummy_dag.py
[2024-07-15T23:40:51.017+0000] {logging_mixin.py:188} INFO - [2024-07-15T23:40:51.016+0000] {dag.py:3096} INFO - Sync 1 DAGs
[2024-07-15T23:40:51.049+0000] {logging_mixin.py:188} INFO - [2024-07-15T23:40:51.049+0000] {dag.py:3954} INFO - Setting next_dagrun for dummydag to None, run_after=None
[2024-07-15T23:40:51.080+0000] {processor.py:183} INFO - Processing /opt/airflow/dags/dummy_dag.py took 0.116 seconds
[2024-07-15T23:41:21.364+0000] {processor.py:161} INFO - Started process (PID=676) to work on /opt/airflow/dags/dummy_dag.py
[2024-07-15T23:41:21.366+0000] {processor.py:830} INFO - Processing file /opt/airflow/dags/dummy_dag.py for tasks to queue
[2024-07-15T23:41:21.371+0000] {logging_mixin.py:188} INFO - [2024-07-15T23:41:21.370+0000] {dagbag.py:545} INFO - Filling up the DagBag from /opt/airflow/dags/dummy_dag.py
[2024-07-15T23:41:21.388+0000] {processor.py:840} INFO - DAG(s) 'dummydag' retrieved from /opt/airflow/dags/dummy_dag.py
[2024-07-15T23:41:21.427+0000] {logging_mixin.py:188} INFO - [2024-07-15T23:41:21.427+0000] {dag.py:3096} INFO - Sync 1 DAGs
[2024-07-15T23:41:21.459+0000] {logging_mixin.py:188} INFO - [2024-07-15T23:41:21.458+0000] {dag.py:3954} INFO - Setting next_dagrun for dummydag to None, run_after=None
[2024-07-15T23:41:21.489+0000] {processor.py:183} INFO - Processing /opt/airflow/dags/dummy_dag.py took 0.132 seconds
[2024-07-15T23:41:51.845+0000] {processor.py:161} INFO - Started process (PID=687) to work on /opt/airflow/dags/dummy_dag.py
[2024-07-15T23:41:51.846+0000] {processor.py:830} INFO - Processing file /opt/airflow/dags/dummy_dag.py for tasks to queue
[2024-07-15T23:41:51.849+0000] {logging_mixin.py:188} INFO - [2024-07-15T23:41:51.849+0000] {dagbag.py:545} INFO - Filling up the DagBag from /opt/airflow/dags/dummy_dag.py
[2024-07-15T23:41:51.860+0000] {processor.py:840} INFO - DAG(s) 'dummydag' retrieved from /opt/airflow/dags/dummy_dag.py
[2024-07-15T23:41:51.914+0000] {logging_mixin.py:188} INFO - [2024-07-15T23:41:51.913+0000] {dag.py:3096} INFO - Sync 1 DAGs
[2024-07-15T23:41:51.956+0000] {logging_mixin.py:188} INFO - [2024-07-15T23:41:51.956+0000] {dag.py:3954} INFO - Setting next_dagrun for dummydag to None, run_after=None
[2024-07-15T23:41:51.995+0000] {processor.py:183} INFO - Processing /opt/airflow/dags/dummy_dag.py took 0.158 seconds
[2024-07-15T23:42:22.275+0000] {processor.py:161} INFO - Started process (PID=698) to work on /opt/airflow/dags/dummy_dag.py
[2024-07-15T23:42:22.282+0000] {processor.py:830} INFO - Processing file /opt/airflow/dags/dummy_dag.py for tasks to queue
[2024-07-15T23:42:22.284+0000] {logging_mixin.py:188} INFO - [2024-07-15T23:42:22.284+0000] {dagbag.py:545} INFO - Filling up the DagBag from /opt/airflow/dags/dummy_dag.py
[2024-07-15T23:42:22.296+0000] {processor.py:840} INFO - DAG(s) 'dummydag' retrieved from /opt/airflow/dags/dummy_dag.py
[2024-07-15T23:42:22.332+0000] {logging_mixin.py:188} INFO - [2024-07-15T23:42:22.332+0000] {dag.py:3096} INFO - Sync 1 DAGs
[2024-07-15T23:42:22.361+0000] {logging_mixin.py:188} INFO - [2024-07-15T23:42:22.361+0000] {dag.py:3954} INFO - Setting next_dagrun for dummydag to None, run_after=None
[2024-07-15T23:42:22.393+0000] {processor.py:183} INFO - Processing /opt/airflow/dags/dummy_dag.py took 0.132 seconds
[2024-07-15T23:42:52.670+0000] {processor.py:161} INFO - Started process (PID=708) to work on /opt/airflow/dags/dummy_dag.py
[2024-07-15T23:42:52.674+0000] {processor.py:830} INFO - Processing file /opt/airflow/dags/dummy_dag.py for tasks to queue
[2024-07-15T23:42:52.676+0000] {logging_mixin.py:188} INFO - [2024-07-15T23:42:52.676+0000] {dagbag.py:545} INFO - Filling up the DagBag from /opt/airflow/dags/dummy_dag.py
[2024-07-15T23:42:52.685+0000] {processor.py:840} INFO - DAG(s) 'dummydag' retrieved from /opt/airflow/dags/dummy_dag.py
[2024-07-15T23:42:52.725+0000] {logging_mixin.py:188} INFO - [2024-07-15T23:42:52.724+0000] {dag.py:3096} INFO - Sync 1 DAGs
[2024-07-15T23:42:52.785+0000] {logging_mixin.py:188} INFO - [2024-07-15T23:42:52.784+0000] {dag.py:3954} INFO - Setting next_dagrun for dummydag to None, run_after=None
[2024-07-15T23:42:52.829+0000] {processor.py:183} INFO - Processing /opt/airflow/dags/dummy_dag.py took 0.165 seconds
[2024-07-15T23:43:22.940+0000] {processor.py:161} INFO - Started process (PID=718) to work on /opt/airflow/dags/dummy_dag.py
[2024-07-15T23:43:22.941+0000] {processor.py:830} INFO - Processing file /opt/airflow/dags/dummy_dag.py for tasks to queue
[2024-07-15T23:43:22.944+0000] {logging_mixin.py:188} INFO - [2024-07-15T23:43:22.943+0000] {dagbag.py:545} INFO - Filling up the DagBag from /opt/airflow/dags/dummy_dag.py
[2024-07-15T23:43:22.954+0000] {processor.py:840} INFO - DAG(s) 'dummydag' retrieved from /opt/airflow/dags/dummy_dag.py
[2024-07-15T23:43:22.980+0000] {logging_mixin.py:188} INFO - [2024-07-15T23:43:22.980+0000] {dag.py:3096} INFO - Sync 1 DAGs
[2024-07-15T23:43:23.005+0000] {logging_mixin.py:188} INFO - [2024-07-15T23:43:23.004+0000] {dag.py:3954} INFO - Setting next_dagrun for dummydag to None, run_after=None
[2024-07-15T23:43:23.034+0000] {processor.py:183} INFO - Processing /opt/airflow/dags/dummy_dag.py took 0.102 seconds
[2024-07-15T23:43:53.252+0000] {processor.py:161} INFO - Started process (PID=729) to work on /opt/airflow/dags/dummy_dag.py
[2024-07-15T23:43:53.256+0000] {processor.py:830} INFO - Processing file /opt/airflow/dags/dummy_dag.py for tasks to queue
[2024-07-15T23:43:53.261+0000] {logging_mixin.py:188} INFO - [2024-07-15T23:43:53.260+0000] {dagbag.py:545} INFO - Filling up the DagBag from /opt/airflow/dags/dummy_dag.py
[2024-07-15T23:43:53.272+0000] {processor.py:840} INFO - DAG(s) 'dummydag' retrieved from /opt/airflow/dags/dummy_dag.py
[2024-07-15T23:43:53.301+0000] {logging_mixin.py:188} INFO - [2024-07-15T23:43:53.301+0000] {dag.py:3096} INFO - Sync 1 DAGs
[2024-07-15T23:43:53.328+0000] {logging_mixin.py:188} INFO - [2024-07-15T23:43:53.328+0000] {dag.py:3954} INFO - Setting next_dagrun for dummydag to None, run_after=None
[2024-07-15T23:43:53.350+0000] {processor.py:183} INFO - Processing /opt/airflow/dags/dummy_dag.py took 0.104 seconds
[2024-07-15T23:44:23.584+0000] {processor.py:161} INFO - Started process (PID=739) to work on /opt/airflow/dags/dummy_dag.py
[2024-07-15T23:44:23.585+0000] {processor.py:830} INFO - Processing file /opt/airflow/dags/dummy_dag.py for tasks to queue
[2024-07-15T23:44:23.591+0000] {logging_mixin.py:188} INFO - [2024-07-15T23:44:23.590+0000] {dagbag.py:545} INFO - Filling up the DagBag from /opt/airflow/dags/dummy_dag.py
[2024-07-15T23:44:23.613+0000] {processor.py:840} INFO - DAG(s) 'dummydag' retrieved from /opt/airflow/dags/dummy_dag.py
[2024-07-15T23:44:23.711+0000] {logging_mixin.py:188} INFO - [2024-07-15T23:44:23.710+0000] {dag.py:3096} INFO - Sync 1 DAGs
[2024-07-15T23:44:23.747+0000] {logging_mixin.py:188} INFO - [2024-07-15T23:44:23.747+0000] {dag.py:3954} INFO - Setting next_dagrun for dummydag to None, run_after=None
[2024-07-15T23:44:23.769+0000] {processor.py:183} INFO - Processing /opt/airflow/dags/dummy_dag.py took 0.210 seconds
[2024-07-15T23:44:53.959+0000] {processor.py:161} INFO - Started process (PID=748) to work on /opt/airflow/dags/dummy_dag.py
[2024-07-15T23:44:53.960+0000] {processor.py:830} INFO - Processing file /opt/airflow/dags/dummy_dag.py for tasks to queue
[2024-07-15T23:44:53.961+0000] {logging_mixin.py:188} INFO - [2024-07-15T23:44:53.961+0000] {dagbag.py:545} INFO - Filling up the DagBag from /opt/airflow/dags/dummy_dag.py
[2024-07-15T23:44:53.974+0000] {processor.py:840} INFO - DAG(s) 'dummydag' retrieved from /opt/airflow/dags/dummy_dag.py
[2024-07-15T23:44:54.006+0000] {logging_mixin.py:188} INFO - [2024-07-15T23:44:54.006+0000] {dag.py:3096} INFO - Sync 1 DAGs
[2024-07-15T23:44:54.036+0000] {logging_mixin.py:188} INFO - [2024-07-15T23:44:54.036+0000] {dag.py:3954} INFO - Setting next_dagrun for dummydag to None, run_after=None
[2024-07-15T23:44:54.063+0000] {processor.py:183} INFO - Processing /opt/airflow/dags/dummy_dag.py took 0.113 seconds
[2024-07-15T23:45:24.256+0000] {processor.py:161} INFO - Started process (PID=758) to work on /opt/airflow/dags/dummy_dag.py
[2024-07-15T23:45:24.257+0000] {processor.py:830} INFO - Processing file /opt/airflow/dags/dummy_dag.py for tasks to queue
[2024-07-15T23:45:24.259+0000] {logging_mixin.py:188} INFO - [2024-07-15T23:45:24.259+0000] {dagbag.py:545} INFO - Filling up the DagBag from /opt/airflow/dags/dummy_dag.py
[2024-07-15T23:45:24.268+0000] {processor.py:840} INFO - DAG(s) 'dummydag' retrieved from /opt/airflow/dags/dummy_dag.py
[2024-07-15T23:45:24.297+0000] {logging_mixin.py:188} INFO - [2024-07-15T23:45:24.297+0000] {dag.py:3096} INFO - Sync 1 DAGs
[2024-07-15T23:45:24.322+0000] {logging_mixin.py:188} INFO - [2024-07-15T23:45:24.322+0000] {dag.py:3954} INFO - Setting next_dagrun for dummydag to None, run_after=None
[2024-07-15T23:45:24.353+0000] {processor.py:183} INFO - Processing /opt/airflow/dags/dummy_dag.py took 0.104 seconds
[2024-07-15T23:45:54.612+0000] {processor.py:161} INFO - Started process (PID=769) to work on /opt/airflow/dags/dummy_dag.py
[2024-07-15T23:45:54.614+0000] {processor.py:830} INFO - Processing file /opt/airflow/dags/dummy_dag.py for tasks to queue
[2024-07-15T23:45:54.615+0000] {logging_mixin.py:188} INFO - [2024-07-15T23:45:54.615+0000] {dagbag.py:545} INFO - Filling up the DagBag from /opt/airflow/dags/dummy_dag.py
[2024-07-15T23:45:54.625+0000] {processor.py:840} INFO - DAG(s) 'dummydag' retrieved from /opt/airflow/dags/dummy_dag.py
[2024-07-15T23:45:54.654+0000] {logging_mixin.py:188} INFO - [2024-07-15T23:45:54.653+0000] {dag.py:3096} INFO - Sync 1 DAGs
[2024-07-15T23:45:54.678+0000] {logging_mixin.py:188} INFO - [2024-07-15T23:45:54.678+0000] {dag.py:3954} INFO - Setting next_dagrun for dummydag to None, run_after=None
[2024-07-15T23:45:54.705+0000] {processor.py:183} INFO - Processing /opt/airflow/dags/dummy_dag.py took 0.100 seconds
[2024-07-15T23:46:24.890+0000] {processor.py:161} INFO - Started process (PID=780) to work on /opt/airflow/dags/dummy_dag.py
[2024-07-15T23:46:24.904+0000] {processor.py:830} INFO - Processing file /opt/airflow/dags/dummy_dag.py for tasks to queue
[2024-07-15T23:46:24.905+0000] {logging_mixin.py:188} INFO - [2024-07-15T23:46:24.905+0000] {dagbag.py:545} INFO - Filling up the DagBag from /opt/airflow/dags/dummy_dag.py
[2024-07-15T23:46:24.926+0000] {processor.py:840} INFO - DAG(s) 'dummydag' retrieved from /opt/airflow/dags/dummy_dag.py
[2024-07-15T23:46:25.002+0000] {logging_mixin.py:188} INFO - [2024-07-15T23:46:25.001+0000] {dag.py:3096} INFO - Sync 1 DAGs
[2024-07-15T23:46:25.048+0000] {logging_mixin.py:188} INFO - [2024-07-15T23:46:25.048+0000] {dag.py:3954} INFO - Setting next_dagrun for dummydag to None, run_after=None
[2024-07-15T23:46:25.091+0000] {processor.py:183} INFO - Processing /opt/airflow/dags/dummy_dag.py took 0.215 seconds
[2024-07-15T23:46:55.161+0000] {processor.py:161} INFO - Started process (PID=790) to work on /opt/airflow/dags/dummy_dag.py
[2024-07-15T23:46:55.162+0000] {processor.py:830} INFO - Processing file /opt/airflow/dags/dummy_dag.py for tasks to queue
[2024-07-15T23:46:55.162+0000] {logging_mixin.py:188} INFO - [2024-07-15T23:46:55.162+0000] {dagbag.py:545} INFO - Filling up the DagBag from /opt/airflow/dags/dummy_dag.py
[2024-07-15T23:46:55.177+0000] {processor.py:840} INFO - DAG(s) 'dummydag' retrieved from /opt/airflow/dags/dummy_dag.py
[2024-07-15T23:46:55.207+0000] {logging_mixin.py:188} INFO - [2024-07-15T23:46:55.207+0000] {dag.py:3096} INFO - Sync 1 DAGs
[2024-07-15T23:46:55.234+0000] {logging_mixin.py:188} INFO - [2024-07-15T23:46:55.233+0000] {dag.py:3954} INFO - Setting next_dagrun for dummydag to None, run_after=None
[2024-07-15T23:46:55.258+0000] {processor.py:183} INFO - Processing /opt/airflow/dags/dummy_dag.py took 0.103 seconds
[2024-07-15T23:47:25.550+0000] {processor.py:161} INFO - Started process (PID=801) to work on /opt/airflow/dags/dummy_dag.py
[2024-07-15T23:47:25.552+0000] {processor.py:830} INFO - Processing file /opt/airflow/dags/dummy_dag.py for tasks to queue
[2024-07-15T23:47:25.552+0000] {logging_mixin.py:188} INFO - [2024-07-15T23:47:25.552+0000] {dagbag.py:545} INFO - Filling up the DagBag from /opt/airflow/dags/dummy_dag.py
[2024-07-15T23:47:25.562+0000] {processor.py:840} INFO - DAG(s) 'dummydag' retrieved from /opt/airflow/dags/dummy_dag.py
[2024-07-15T23:47:25.591+0000] {logging_mixin.py:188} INFO - [2024-07-15T23:47:25.590+0000] {dag.py:3096} INFO - Sync 1 DAGs
[2024-07-15T23:47:25.617+0000] {logging_mixin.py:188} INFO - [2024-07-15T23:47:25.617+0000] {dag.py:3954} INFO - Setting next_dagrun for dummydag to None, run_after=None
[2024-07-15T23:47:25.640+0000] {processor.py:183} INFO - Processing /opt/airflow/dags/dummy_dag.py took 0.097 seconds
[2024-07-15T23:47:55.903+0000] {processor.py:161} INFO - Started process (PID=811) to work on /opt/airflow/dags/dummy_dag.py
[2024-07-15T23:47:55.904+0000] {processor.py:830} INFO - Processing file /opt/airflow/dags/dummy_dag.py for tasks to queue
[2024-07-15T23:47:55.905+0000] {logging_mixin.py:188} INFO - [2024-07-15T23:47:55.904+0000] {dagbag.py:545} INFO - Filling up the DagBag from /opt/airflow/dags/dummy_dag.py
[2024-07-15T23:47:55.915+0000] {processor.py:840} INFO - DAG(s) 'dummydag' retrieved from /opt/airflow/dags/dummy_dag.py
[2024-07-15T23:47:55.941+0000] {logging_mixin.py:188} INFO - [2024-07-15T23:47:55.941+0000] {dag.py:3096} INFO - Sync 1 DAGs
[2024-07-15T23:47:55.966+0000] {logging_mixin.py:188} INFO - [2024-07-15T23:47:55.966+0000] {dag.py:3954} INFO - Setting next_dagrun for dummydag to None, run_after=None
[2024-07-15T23:47:55.992+0000] {processor.py:183} INFO - Processing /opt/airflow/dags/dummy_dag.py took 0.095 seconds
[2024-07-15T23:48:26.252+0000] {processor.py:161} INFO - Started process (PID=821) to work on /opt/airflow/dags/dummy_dag.py
[2024-07-15T23:48:26.253+0000] {processor.py:830} INFO - Processing file /opt/airflow/dags/dummy_dag.py for tasks to queue
[2024-07-15T23:48:26.254+0000] {logging_mixin.py:188} INFO - [2024-07-15T23:48:26.253+0000] {dagbag.py:545} INFO - Filling up the DagBag from /opt/airflow/dags/dummy_dag.py
[2024-07-15T23:48:26.266+0000] {processor.py:840} INFO - DAG(s) 'dummydag' retrieved from /opt/airflow/dags/dummy_dag.py
[2024-07-15T23:48:26.295+0000] {logging_mixin.py:188} INFO - [2024-07-15T23:48:26.294+0000] {dag.py:3096} INFO - Sync 1 DAGs
[2024-07-15T23:48:26.327+0000] {logging_mixin.py:188} INFO - [2024-07-15T23:48:26.326+0000] {dag.py:3954} INFO - Setting next_dagrun for dummydag to None, run_after=None
[2024-07-15T23:48:26.360+0000] {processor.py:183} INFO - Processing /opt/airflow/dags/dummy_dag.py took 0.116 seconds
[2024-07-15T23:48:56.616+0000] {processor.py:161} INFO - Started process (PID=831) to work on /opt/airflow/dags/dummy_dag.py
[2024-07-15T23:48:56.618+0000] {processor.py:830} INFO - Processing file /opt/airflow/dags/dummy_dag.py for tasks to queue
[2024-07-15T23:48:56.619+0000] {logging_mixin.py:188} INFO - [2024-07-15T23:48:56.619+0000] {dagbag.py:545} INFO - Filling up the DagBag from /opt/airflow/dags/dummy_dag.py
[2024-07-15T23:48:56.630+0000] {processor.py:840} INFO - DAG(s) 'dummydag' retrieved from /opt/airflow/dags/dummy_dag.py
[2024-07-15T23:48:56.659+0000] {logging_mixin.py:188} INFO - [2024-07-15T23:48:56.659+0000] {dag.py:3096} INFO - Sync 1 DAGs
[2024-07-15T23:48:56.685+0000] {logging_mixin.py:188} INFO - [2024-07-15T23:48:56.685+0000] {dag.py:3954} INFO - Setting next_dagrun for dummydag to None, run_after=None
[2024-07-15T23:48:56.712+0000] {processor.py:183} INFO - Processing /opt/airflow/dags/dummy_dag.py took 0.102 seconds
[2024-07-15T23:49:26.994+0000] {processor.py:161} INFO - Started process (PID=841) to work on /opt/airflow/dags/dummy_dag.py
[2024-07-15T23:49:26.996+0000] {processor.py:830} INFO - Processing file /opt/airflow/dags/dummy_dag.py for tasks to queue
[2024-07-15T23:49:26.997+0000] {logging_mixin.py:188} INFO - [2024-07-15T23:49:26.996+0000] {dagbag.py:545} INFO - Filling up the DagBag from /opt/airflow/dags/dummy_dag.py
[2024-07-15T23:49:27.007+0000] {processor.py:840} INFO - DAG(s) 'dummydag' retrieved from /opt/airflow/dags/dummy_dag.py
[2024-07-15T23:49:27.033+0000] {logging_mixin.py:188} INFO - [2024-07-15T23:49:27.033+0000] {dag.py:3096} INFO - Sync 1 DAGs
[2024-07-15T23:49:27.058+0000] {logging_mixin.py:188} INFO - [2024-07-15T23:49:27.058+0000] {dag.py:3954} INFO - Setting next_dagrun for dummydag to None, run_after=None
[2024-07-15T23:49:27.084+0000] {processor.py:183} INFO - Processing /opt/airflow/dags/dummy_dag.py took 0.096 seconds
[2024-07-15T23:49:57.360+0000] {processor.py:161} INFO - Started process (PID=851) to work on /opt/airflow/dags/dummy_dag.py
[2024-07-15T23:49:57.361+0000] {processor.py:830} INFO - Processing file /opt/airflow/dags/dummy_dag.py for tasks to queue
[2024-07-15T23:49:57.363+0000] {logging_mixin.py:188} INFO - [2024-07-15T23:49:57.362+0000] {dagbag.py:545} INFO - Filling up the DagBag from /opt/airflow/dags/dummy_dag.py
[2024-07-15T23:49:57.373+0000] {processor.py:840} INFO - DAG(s) 'dummydag' retrieved from /opt/airflow/dags/dummy_dag.py
[2024-07-15T23:49:57.401+0000] {logging_mixin.py:188} INFO - [2024-07-15T23:49:57.400+0000] {dag.py:3096} INFO - Sync 1 DAGs
[2024-07-15T23:49:57.425+0000] {logging_mixin.py:188} INFO - [2024-07-15T23:49:57.425+0000] {dag.py:3954} INFO - Setting next_dagrun for dummydag to None, run_after=None
[2024-07-15T23:49:57.454+0000] {processor.py:183} INFO - Processing /opt/airflow/dags/dummy_dag.py took 0.102 seconds
[2024-07-15T23:50:27.710+0000] {processor.py:161} INFO - Started process (PID=862) to work on /opt/airflow/dags/dummy_dag.py
[2024-07-15T23:50:27.711+0000] {processor.py:830} INFO - Processing file /opt/airflow/dags/dummy_dag.py for tasks to queue
[2024-07-15T23:50:27.712+0000] {logging_mixin.py:188} INFO - [2024-07-15T23:50:27.712+0000] {dagbag.py:545} INFO - Filling up the DagBag from /opt/airflow/dags/dummy_dag.py
[2024-07-15T23:50:27.722+0000] {processor.py:840} INFO - DAG(s) 'dummydag' retrieved from /opt/airflow/dags/dummy_dag.py
[2024-07-15T23:50:27.750+0000] {logging_mixin.py:188} INFO - [2024-07-15T23:50:27.750+0000] {dag.py:3096} INFO - Sync 1 DAGs
[2024-07-15T23:50:27.774+0000] {logging_mixin.py:188} INFO - [2024-07-15T23:50:27.774+0000] {dag.py:3954} INFO - Setting next_dagrun for dummydag to None, run_after=None
[2024-07-15T23:50:27.808+0000] {processor.py:183} INFO - Processing /opt/airflow/dags/dummy_dag.py took 0.105 seconds
[2024-07-15T23:50:57.995+0000] {processor.py:161} INFO - Started process (PID=875) to work on /opt/airflow/dags/dummy_dag.py
[2024-07-15T23:50:58.003+0000] {processor.py:830} INFO - Processing file /opt/airflow/dags/dummy_dag.py for tasks to queue
[2024-07-15T23:50:58.004+0000] {logging_mixin.py:188} INFO - [2024-07-15T23:50:58.004+0000] {dagbag.py:545} INFO - Filling up the DagBag from /opt/airflow/dags/dummy_dag.py
[2024-07-15T23:50:58.015+0000] {processor.py:840} INFO - DAG(s) 'dummydag' retrieved from /opt/airflow/dags/dummy_dag.py
[2024-07-15T23:50:58.046+0000] {logging_mixin.py:188} INFO - [2024-07-15T23:50:58.045+0000] {dag.py:3096} INFO - Sync 1 DAGs
[2024-07-15T23:50:58.073+0000] {logging_mixin.py:188} INFO - [2024-07-15T23:50:58.072+0000] {dag.py:3954} INFO - Setting next_dagrun for dummydag to None, run_after=None
[2024-07-15T23:50:58.108+0000] {processor.py:183} INFO - Processing /opt/airflow/dags/dummy_dag.py took 0.118 seconds
[2024-07-15T23:51:28.371+0000] {processor.py:161} INFO - Started process (PID=884) to work on /opt/airflow/dags/dummy_dag.py
[2024-07-15T23:51:28.372+0000] {processor.py:830} INFO - Processing file /opt/airflow/dags/dummy_dag.py for tasks to queue
[2024-07-15T23:51:28.373+0000] {logging_mixin.py:188} INFO - [2024-07-15T23:51:28.372+0000] {dagbag.py:545} INFO - Filling up the DagBag from /opt/airflow/dags/dummy_dag.py
[2024-07-15T23:51:28.383+0000] {processor.py:840} INFO - DAG(s) 'dummydag' retrieved from /opt/airflow/dags/dummy_dag.py
[2024-07-15T23:51:28.414+0000] {logging_mixin.py:188} INFO - [2024-07-15T23:51:28.414+0000] {dag.py:3096} INFO - Sync 1 DAGs
[2024-07-15T23:51:28.441+0000] {logging_mixin.py:188} INFO - [2024-07-15T23:51:28.441+0000] {dag.py:3954} INFO - Setting next_dagrun for dummydag to None, run_after=None
[2024-07-15T23:51:28.466+0000] {processor.py:183} INFO - Processing /opt/airflow/dags/dummy_dag.py took 0.102 seconds
[2024-07-15T23:51:58.669+0000] {processor.py:161} INFO - Started process (PID=894) to work on /opt/airflow/dags/dummy_dag.py
[2024-07-15T23:51:58.681+0000] {processor.py:830} INFO - Processing file /opt/airflow/dags/dummy_dag.py for tasks to queue
[2024-07-15T23:51:58.683+0000] {logging_mixin.py:188} INFO - [2024-07-15T23:51:58.682+0000] {dagbag.py:545} INFO - Filling up the DagBag from /opt/airflow/dags/dummy_dag.py
[2024-07-15T23:51:58.693+0000] {processor.py:840} INFO - DAG(s) 'dummydag' retrieved from /opt/airflow/dags/dummy_dag.py
[2024-07-15T23:51:58.723+0000] {logging_mixin.py:188} INFO - [2024-07-15T23:51:58.722+0000] {dag.py:3096} INFO - Sync 1 DAGs
[2024-07-15T23:51:58.754+0000] {logging_mixin.py:188} INFO - [2024-07-15T23:51:58.754+0000] {dag.py:3954} INFO - Setting next_dagrun for dummydag to None, run_after=None
[2024-07-15T23:51:58.775+0000] {processor.py:183} INFO - Processing /opt/airflow/dags/dummy_dag.py took 0.113 seconds
