[2024-07-15T23:14:33.505+0000] {processor.py:161} INFO - Started process (PID=187) to work on /opt/airflow/dags/pythonoperator.py
[2024-07-15T23:14:33.506+0000] {processor.py:830} INFO - Processing file /opt/airflow/dags/pythonoperator.py for tasks to queue
[2024-07-15T23:14:33.508+0000] {logging_mixin.py:188} INFO - [2024-07-15T23:14:33.507+0000] {dagbag.py:545} INFO - Filling up the DagBag from /opt/airflow/dags/pythonoperator.py
[2024-07-15T23:14:33.519+0000] {processor.py:840} INFO - DAG(s) 'pythonoperator' retrieved from /opt/airflow/dags/pythonoperator.py
[2024-07-15T23:14:33.680+0000] {logging_mixin.py:188} INFO - [2024-07-15T23:14:33.679+0000] {override.py:1829} INFO - Created Permission View: can delete on DAG:pythonoperator
[2024-07-15T23:14:33.693+0000] {logging_mixin.py:188} INFO - [2024-07-15T23:14:33.693+0000] {override.py:1829} INFO - Created Permission View: can edit on DAG:pythonoperator
[2024-07-15T23:14:33.702+0000] {logging_mixin.py:188} INFO - [2024-07-15T23:14:33.702+0000] {override.py:1829} INFO - Created Permission View: can read on DAG:pythonoperator
[2024-07-15T23:14:33.703+0000] {logging_mixin.py:188} INFO - [2024-07-15T23:14:33.703+0000] {dag.py:3096} INFO - Sync 1 DAGs
[2024-07-15T23:14:33.714+0000] {logging_mixin.py:188} INFO - [2024-07-15T23:14:33.714+0000] {dag.py:3118} INFO - Creating ORM DAG for pythonoperator
[2024-07-15T23:14:33.725+0000] {logging_mixin.py:188} INFO - [2024-07-15T23:14:33.724+0000] {dag.py:3954} INFO - Setting next_dagrun for pythonoperator to 2022-08-01 00:00:00+00:00, run_after=2022-08-01 00:00:00+00:00
[2024-07-15T23:14:33.746+0000] {processor.py:183} INFO - Processing /opt/airflow/dags/pythonoperator.py took 0.247 seconds
[2024-07-15T23:15:04.650+0000] {processor.py:161} INFO - Started process (PID=197) to work on /opt/airflow/dags/pythonoperator.py
[2024-07-15T23:15:04.650+0000] {processor.py:830} INFO - Processing file /opt/airflow/dags/pythonoperator.py for tasks to queue
[2024-07-15T23:15:04.652+0000] {logging_mixin.py:188} INFO - [2024-07-15T23:15:04.652+0000] {dagbag.py:545} INFO - Filling up the DagBag from /opt/airflow/dags/pythonoperator.py
[2024-07-15T23:15:04.663+0000] {processor.py:840} INFO - DAG(s) 'pythonoperator' retrieved from /opt/airflow/dags/pythonoperator.py
[2024-07-15T23:15:04.692+0000] {logging_mixin.py:188} INFO - [2024-07-15T23:15:04.692+0000] {dag.py:3096} INFO - Sync 1 DAGs
[2024-07-15T23:15:04.715+0000] {logging_mixin.py:188} INFO - [2024-07-15T23:15:04.715+0000] {dag.py:3954} INFO - Setting next_dagrun for pythonoperator to 2022-08-01 00:00:00+00:00, run_after=2022-08-01 00:00:00+00:00
[2024-07-15T23:15:04.739+0000] {processor.py:183} INFO - Processing /opt/airflow/dags/pythonoperator.py took 0.095 seconds
[2024-07-15T23:15:35.009+0000] {processor.py:161} INFO - Started process (PID=206) to work on /opt/airflow/dags/pythonoperator.py
[2024-07-15T23:15:35.011+0000] {processor.py:830} INFO - Processing file /opt/airflow/dags/pythonoperator.py for tasks to queue
[2024-07-15T23:15:35.013+0000] {logging_mixin.py:188} INFO - [2024-07-15T23:15:35.012+0000] {dagbag.py:545} INFO - Filling up the DagBag from /opt/airflow/dags/pythonoperator.py
[2024-07-15T23:15:35.022+0000] {processor.py:840} INFO - DAG(s) 'pythonoperator' retrieved from /opt/airflow/dags/pythonoperator.py
[2024-07-15T23:15:35.052+0000] {logging_mixin.py:188} INFO - [2024-07-15T23:15:35.052+0000] {dag.py:3096} INFO - Sync 1 DAGs
[2024-07-15T23:15:35.083+0000] {logging_mixin.py:188} INFO - [2024-07-15T23:15:35.082+0000] {dag.py:3954} INFO - Setting next_dagrun for pythonoperator to None, run_after=None
[2024-07-15T23:15:35.114+0000] {processor.py:183} INFO - Processing /opt/airflow/dags/pythonoperator.py took 0.112 seconds
[2024-07-15T23:16:05.257+0000] {processor.py:161} INFO - Started process (PID=216) to work on /opt/airflow/dags/pythonoperator.py
[2024-07-15T23:16:05.265+0000] {processor.py:830} INFO - Processing file /opt/airflow/dags/pythonoperator.py for tasks to queue
[2024-07-15T23:16:05.268+0000] {logging_mixin.py:188} INFO - [2024-07-15T23:16:05.268+0000] {dagbag.py:545} INFO - Filling up the DagBag from /opt/airflow/dags/pythonoperator.py
[2024-07-15T23:16:05.278+0000] {processor.py:840} INFO - DAG(s) 'pythonoperator' retrieved from /opt/airflow/dags/pythonoperator.py
[2024-07-15T23:16:05.306+0000] {logging_mixin.py:188} INFO - [2024-07-15T23:16:05.305+0000] {dag.py:3096} INFO - Sync 1 DAGs
[2024-07-15T23:16:05.331+0000] {logging_mixin.py:188} INFO - [2024-07-15T23:16:05.330+0000] {dag.py:3954} INFO - Setting next_dagrun for pythonoperator to None, run_after=None
[2024-07-15T23:16:05.360+0000] {processor.py:183} INFO - Processing /opt/airflow/dags/pythonoperator.py took 0.109 seconds
[2024-07-15T23:16:35.556+0000] {processor.py:161} INFO - Started process (PID=225) to work on /opt/airflow/dags/pythonoperator.py
[2024-07-15T23:16:35.556+0000] {processor.py:830} INFO - Processing file /opt/airflow/dags/pythonoperator.py for tasks to queue
[2024-07-15T23:16:35.558+0000] {logging_mixin.py:188} INFO - [2024-07-15T23:16:35.558+0000] {dagbag.py:545} INFO - Filling up the DagBag from /opt/airflow/dags/pythonoperator.py
[2024-07-15T23:16:35.569+0000] {processor.py:840} INFO - DAG(s) 'pythonoperator' retrieved from /opt/airflow/dags/pythonoperator.py
[2024-07-15T23:16:35.597+0000] {logging_mixin.py:188} INFO - [2024-07-15T23:16:35.596+0000] {dag.py:3096} INFO - Sync 1 DAGs
[2024-07-15T23:16:35.624+0000] {logging_mixin.py:188} INFO - [2024-07-15T23:16:35.624+0000] {dag.py:3954} INFO - Setting next_dagrun for pythonoperator to None, run_after=None
[2024-07-15T23:16:35.654+0000] {processor.py:183} INFO - Processing /opt/airflow/dags/pythonoperator.py took 0.108 seconds
[2024-07-15T23:17:05.801+0000] {processor.py:161} INFO - Started process (PID=234) to work on /opt/airflow/dags/pythonoperator.py
[2024-07-15T23:17:05.804+0000] {processor.py:830} INFO - Processing file /opt/airflow/dags/pythonoperator.py for tasks to queue
[2024-07-15T23:17:05.806+0000] {logging_mixin.py:188} INFO - [2024-07-15T23:17:05.805+0000] {dagbag.py:545} INFO - Filling up the DagBag from /opt/airflow/dags/pythonoperator.py
[2024-07-15T23:17:05.815+0000] {processor.py:840} INFO - DAG(s) 'pythonoperator' retrieved from /opt/airflow/dags/pythonoperator.py
[2024-07-15T23:17:05.845+0000] {logging_mixin.py:188} INFO - [2024-07-15T23:17:05.845+0000] {dag.py:3096} INFO - Sync 1 DAGs
[2024-07-15T23:17:05.871+0000] {logging_mixin.py:188} INFO - [2024-07-15T23:17:05.871+0000] {dag.py:3954} INFO - Setting next_dagrun for pythonoperator to None, run_after=None
[2024-07-15T23:17:05.899+0000] {processor.py:183} INFO - Processing /opt/airflow/dags/pythonoperator.py took 0.107 seconds
[2024-07-15T23:17:36.042+0000] {processor.py:161} INFO - Started process (PID=243) to work on /opt/airflow/dags/pythonoperator.py
[2024-07-15T23:17:36.043+0000] {processor.py:830} INFO - Processing file /opt/airflow/dags/pythonoperator.py for tasks to queue
[2024-07-15T23:17:36.045+0000] {logging_mixin.py:188} INFO - [2024-07-15T23:17:36.045+0000] {dagbag.py:545} INFO - Filling up the DagBag from /opt/airflow/dags/pythonoperator.py
[2024-07-15T23:17:36.054+0000] {processor.py:840} INFO - DAG(s) 'pythonoperator' retrieved from /opt/airflow/dags/pythonoperator.py
[2024-07-15T23:17:36.083+0000] {logging_mixin.py:188} INFO - [2024-07-15T23:17:36.083+0000] {dag.py:3096} INFO - Sync 1 DAGs
[2024-07-15T23:17:36.108+0000] {logging_mixin.py:188} INFO - [2024-07-15T23:17:36.108+0000] {dag.py:3954} INFO - Setting next_dagrun for pythonoperator to None, run_after=None
[2024-07-15T23:17:36.135+0000] {processor.py:183} INFO - Processing /opt/airflow/dags/pythonoperator.py took 0.101 seconds
[2024-07-15T23:18:06.290+0000] {processor.py:161} INFO - Started process (PID=252) to work on /opt/airflow/dags/pythonoperator.py
[2024-07-15T23:18:06.298+0000] {processor.py:830} INFO - Processing file /opt/airflow/dags/pythonoperator.py for tasks to queue
[2024-07-15T23:18:06.300+0000] {logging_mixin.py:188} INFO - [2024-07-15T23:18:06.300+0000] {dagbag.py:545} INFO - Filling up the DagBag from /opt/airflow/dags/pythonoperator.py
[2024-07-15T23:18:06.309+0000] {processor.py:840} INFO - DAG(s) 'pythonoperator' retrieved from /opt/airflow/dags/pythonoperator.py
[2024-07-15T23:18:06.336+0000] {logging_mixin.py:188} INFO - [2024-07-15T23:18:06.336+0000] {dag.py:3096} INFO - Sync 1 DAGs
[2024-07-15T23:18:06.358+0000] {logging_mixin.py:188} INFO - [2024-07-15T23:18:06.358+0000] {dag.py:3954} INFO - Setting next_dagrun for pythonoperator to None, run_after=None
[2024-07-15T23:18:06.386+0000] {processor.py:183} INFO - Processing /opt/airflow/dags/pythonoperator.py took 0.102 seconds
[2024-07-15T23:18:36.533+0000] {processor.py:161} INFO - Started process (PID=261) to work on /opt/airflow/dags/pythonoperator.py
[2024-07-15T23:18:36.541+0000] {processor.py:830} INFO - Processing file /opt/airflow/dags/pythonoperator.py for tasks to queue
[2024-07-15T23:18:36.543+0000] {logging_mixin.py:188} INFO - [2024-07-15T23:18:36.543+0000] {dagbag.py:545} INFO - Filling up the DagBag from /opt/airflow/dags/pythonoperator.py
[2024-07-15T23:18:36.553+0000] {processor.py:840} INFO - DAG(s) 'pythonoperator' retrieved from /opt/airflow/dags/pythonoperator.py
[2024-07-15T23:18:36.583+0000] {logging_mixin.py:188} INFO - [2024-07-15T23:18:36.583+0000] {dag.py:3096} INFO - Sync 1 DAGs
[2024-07-15T23:18:36.611+0000] {logging_mixin.py:188} INFO - [2024-07-15T23:18:36.611+0000] {dag.py:3954} INFO - Setting next_dagrun for pythonoperator to None, run_after=None
[2024-07-15T23:18:36.635+0000] {processor.py:183} INFO - Processing /opt/airflow/dags/pythonoperator.py took 0.109 seconds
[2024-07-15T23:19:06.837+0000] {processor.py:161} INFO - Started process (PID=270) to work on /opt/airflow/dags/pythonoperator.py
[2024-07-15T23:19:06.845+0000] {processor.py:830} INFO - Processing file /opt/airflow/dags/pythonoperator.py for tasks to queue
[2024-07-15T23:19:06.847+0000] {logging_mixin.py:188} INFO - [2024-07-15T23:19:06.846+0000] {dagbag.py:545} INFO - Filling up the DagBag from /opt/airflow/dags/pythonoperator.py
[2024-07-15T23:19:06.857+0000] {processor.py:840} INFO - DAG(s) 'pythonoperator' retrieved from /opt/airflow/dags/pythonoperator.py
[2024-07-15T23:19:06.886+0000] {logging_mixin.py:188} INFO - [2024-07-15T23:19:06.885+0000] {dag.py:3096} INFO - Sync 1 DAGs
[2024-07-15T23:19:06.910+0000] {logging_mixin.py:188} INFO - [2024-07-15T23:19:06.910+0000] {dag.py:3954} INFO - Setting next_dagrun for pythonoperator to None, run_after=None
[2024-07-15T23:19:06.943+0000] {processor.py:183} INFO - Processing /opt/airflow/dags/pythonoperator.py took 0.114 seconds
[2024-07-15T23:19:37.168+0000] {processor.py:161} INFO - Started process (PID=279) to work on /opt/airflow/dags/pythonoperator.py
[2024-07-15T23:19:37.169+0000] {processor.py:830} INFO - Processing file /opt/airflow/dags/pythonoperator.py for tasks to queue
[2024-07-15T23:19:37.172+0000] {logging_mixin.py:188} INFO - [2024-07-15T23:19:37.172+0000] {dagbag.py:545} INFO - Filling up the DagBag from /opt/airflow/dags/pythonoperator.py
[2024-07-15T23:19:37.182+0000] {processor.py:840} INFO - DAG(s) 'pythonoperator' retrieved from /opt/airflow/dags/pythonoperator.py
[2024-07-15T23:19:37.214+0000] {logging_mixin.py:188} INFO - [2024-07-15T23:19:37.214+0000] {dag.py:3096} INFO - Sync 1 DAGs
[2024-07-15T23:19:37.239+0000] {logging_mixin.py:188} INFO - [2024-07-15T23:19:37.238+0000] {dag.py:3954} INFO - Setting next_dagrun for pythonoperator to None, run_after=None
[2024-07-15T23:19:37.268+0000] {processor.py:183} INFO - Processing /opt/airflow/dags/pythonoperator.py took 0.109 seconds
[2024-07-15T23:20:07.413+0000] {processor.py:161} INFO - Started process (PID=288) to work on /opt/airflow/dags/pythonoperator.py
[2024-07-15T23:20:07.421+0000] {processor.py:830} INFO - Processing file /opt/airflow/dags/pythonoperator.py for tasks to queue
[2024-07-15T23:20:07.423+0000] {logging_mixin.py:188} INFO - [2024-07-15T23:20:07.422+0000] {dagbag.py:545} INFO - Filling up the DagBag from /opt/airflow/dags/pythonoperator.py
[2024-07-15T23:20:07.433+0000] {processor.py:840} INFO - DAG(s) 'pythonoperator' retrieved from /opt/airflow/dags/pythonoperator.py
[2024-07-15T23:20:07.464+0000] {logging_mixin.py:188} INFO - [2024-07-15T23:20:07.463+0000] {dag.py:3096} INFO - Sync 1 DAGs
[2024-07-15T23:20:07.488+0000] {logging_mixin.py:188} INFO - [2024-07-15T23:20:07.487+0000] {dag.py:3954} INFO - Setting next_dagrun for pythonoperator to None, run_after=None
[2024-07-15T23:20:07.517+0000] {processor.py:183} INFO - Processing /opt/airflow/dags/pythonoperator.py took 0.111 seconds
[2024-07-15T23:20:37.658+0000] {processor.py:161} INFO - Started process (PID=297) to work on /opt/airflow/dags/pythonoperator.py
[2024-07-15T23:20:37.660+0000] {processor.py:830} INFO - Processing file /opt/airflow/dags/pythonoperator.py for tasks to queue
[2024-07-15T23:20:37.663+0000] {logging_mixin.py:188} INFO - [2024-07-15T23:20:37.663+0000] {dagbag.py:545} INFO - Filling up the DagBag from /opt/airflow/dags/pythonoperator.py
[2024-07-15T23:20:37.672+0000] {processor.py:840} INFO - DAG(s) 'pythonoperator' retrieved from /opt/airflow/dags/pythonoperator.py
[2024-07-15T23:20:37.700+0000] {logging_mixin.py:188} INFO - [2024-07-15T23:20:37.700+0000] {dag.py:3096} INFO - Sync 1 DAGs
[2024-07-15T23:20:37.724+0000] {logging_mixin.py:188} INFO - [2024-07-15T23:20:37.724+0000] {dag.py:3954} INFO - Setting next_dagrun for pythonoperator to None, run_after=None
[2024-07-15T23:20:37.755+0000] {processor.py:183} INFO - Processing /opt/airflow/dags/pythonoperator.py took 0.102 seconds
[2024-07-15T23:21:07.925+0000] {processor.py:161} INFO - Started process (PID=306) to work on /opt/airflow/dags/pythonoperator.py
[2024-07-15T23:21:07.927+0000] {processor.py:830} INFO - Processing file /opt/airflow/dags/pythonoperator.py for tasks to queue
[2024-07-15T23:21:07.928+0000] {logging_mixin.py:188} INFO - [2024-07-15T23:21:07.928+0000] {dagbag.py:545} INFO - Filling up the DagBag from /opt/airflow/dags/pythonoperator.py
[2024-07-15T23:21:07.939+0000] {processor.py:840} INFO - DAG(s) 'pythonoperator' retrieved from /opt/airflow/dags/pythonoperator.py
[2024-07-15T23:21:07.968+0000] {logging_mixin.py:188} INFO - [2024-07-15T23:21:07.968+0000] {dag.py:3096} INFO - Sync 1 DAGs
[2024-07-15T23:21:07.992+0000] {logging_mixin.py:188} INFO - [2024-07-15T23:21:07.992+0000] {dag.py:3954} INFO - Setting next_dagrun for pythonoperator to None, run_after=None
[2024-07-15T23:21:08.023+0000] {processor.py:183} INFO - Processing /opt/airflow/dags/pythonoperator.py took 0.105 seconds
[2024-07-15T23:21:38.165+0000] {processor.py:161} INFO - Started process (PID=315) to work on /opt/airflow/dags/pythonoperator.py
[2024-07-15T23:21:38.166+0000] {processor.py:830} INFO - Processing file /opt/airflow/dags/pythonoperator.py for tasks to queue
[2024-07-15T23:21:38.169+0000] {logging_mixin.py:188} INFO - [2024-07-15T23:21:38.169+0000] {dagbag.py:545} INFO - Filling up the DagBag from /opt/airflow/dags/pythonoperator.py
[2024-07-15T23:21:38.179+0000] {processor.py:840} INFO - DAG(s) 'pythonoperator' retrieved from /opt/airflow/dags/pythonoperator.py
[2024-07-15T23:21:38.208+0000] {logging_mixin.py:188} INFO - [2024-07-15T23:21:38.208+0000] {dag.py:3096} INFO - Sync 1 DAGs
[2024-07-15T23:21:38.242+0000] {logging_mixin.py:188} INFO - [2024-07-15T23:21:38.242+0000] {dag.py:3954} INFO - Setting next_dagrun for pythonoperator to None, run_after=None
[2024-07-15T23:21:38.282+0000] {processor.py:183} INFO - Processing /opt/airflow/dags/pythonoperator.py took 0.123 seconds
[2024-07-15T23:22:08.421+0000] {processor.py:161} INFO - Started process (PID=324) to work on /opt/airflow/dags/pythonoperator.py
[2024-07-15T23:22:08.423+0000] {processor.py:830} INFO - Processing file /opt/airflow/dags/pythonoperator.py for tasks to queue
[2024-07-15T23:22:08.424+0000] {logging_mixin.py:188} INFO - [2024-07-15T23:22:08.424+0000] {dagbag.py:545} INFO - Filling up the DagBag from /opt/airflow/dags/pythonoperator.py
[2024-07-15T23:22:08.433+0000] {processor.py:840} INFO - DAG(s) 'pythonoperator' retrieved from /opt/airflow/dags/pythonoperator.py
[2024-07-15T23:22:08.460+0000] {logging_mixin.py:188} INFO - [2024-07-15T23:22:08.459+0000] {dag.py:3096} INFO - Sync 1 DAGs
[2024-07-15T23:22:08.482+0000] {logging_mixin.py:188} INFO - [2024-07-15T23:22:08.482+0000] {dag.py:3954} INFO - Setting next_dagrun for pythonoperator to None, run_after=None
[2024-07-15T23:22:08.512+0000] {processor.py:183} INFO - Processing /opt/airflow/dags/pythonoperator.py took 0.097 seconds
[2024-07-15T23:22:38.645+0000] {processor.py:161} INFO - Started process (PID=333) to work on /opt/airflow/dags/pythonoperator.py
[2024-07-15T23:22:38.653+0000] {processor.py:830} INFO - Processing file /opt/airflow/dags/pythonoperator.py for tasks to queue
[2024-07-15T23:22:38.655+0000] {logging_mixin.py:188} INFO - [2024-07-15T23:22:38.655+0000] {dagbag.py:545} INFO - Filling up the DagBag from /opt/airflow/dags/pythonoperator.py
[2024-07-15T23:22:38.665+0000] {processor.py:840} INFO - DAG(s) 'pythonoperator' retrieved from /opt/airflow/dags/pythonoperator.py
[2024-07-15T23:22:38.692+0000] {logging_mixin.py:188} INFO - [2024-07-15T23:22:38.692+0000] {dag.py:3096} INFO - Sync 1 DAGs
[2024-07-15T23:22:38.717+0000] {logging_mixin.py:188} INFO - [2024-07-15T23:22:38.717+0000] {dag.py:3954} INFO - Setting next_dagrun for pythonoperator to None, run_after=None
[2024-07-15T23:22:38.741+0000] {processor.py:183} INFO - Processing /opt/airflow/dags/pythonoperator.py took 0.101 seconds
[2024-07-15T23:23:08.898+0000] {processor.py:161} INFO - Started process (PID=342) to work on /opt/airflow/dags/pythonoperator.py
[2024-07-15T23:23:08.902+0000] {processor.py:830} INFO - Processing file /opt/airflow/dags/pythonoperator.py for tasks to queue
[2024-07-15T23:23:08.904+0000] {logging_mixin.py:188} INFO - [2024-07-15T23:23:08.903+0000] {dagbag.py:545} INFO - Filling up the DagBag from /opt/airflow/dags/pythonoperator.py
[2024-07-15T23:23:08.916+0000] {processor.py:840} INFO - DAG(s) 'pythonoperator' retrieved from /opt/airflow/dags/pythonoperator.py
[2024-07-15T23:23:08.955+0000] {logging_mixin.py:188} INFO - [2024-07-15T23:23:08.954+0000] {dag.py:3096} INFO - Sync 1 DAGs
[2024-07-15T23:23:08.984+0000] {logging_mixin.py:188} INFO - [2024-07-15T23:23:08.983+0000] {dag.py:3954} INFO - Setting next_dagrun for pythonoperator to None, run_after=None
[2024-07-15T23:23:09.020+0000] {processor.py:183} INFO - Processing /opt/airflow/dags/pythonoperator.py took 0.129 seconds
[2024-07-15T23:23:39.163+0000] {processor.py:161} INFO - Started process (PID=350) to work on /opt/airflow/dags/pythonoperator.py
[2024-07-15T23:23:39.164+0000] {processor.py:830} INFO - Processing file /opt/airflow/dags/pythonoperator.py for tasks to queue
[2024-07-15T23:23:39.167+0000] {logging_mixin.py:188} INFO - [2024-07-15T23:23:39.166+0000] {dagbag.py:545} INFO - Filling up the DagBag from /opt/airflow/dags/pythonoperator.py
[2024-07-15T23:23:39.178+0000] {processor.py:840} INFO - DAG(s) 'pythonoperator' retrieved from /opt/airflow/dags/pythonoperator.py
[2024-07-15T23:23:39.212+0000] {logging_mixin.py:188} INFO - [2024-07-15T23:23:39.212+0000] {dag.py:3096} INFO - Sync 1 DAGs
[2024-07-15T23:23:39.238+0000] {logging_mixin.py:188} INFO - [2024-07-15T23:23:39.237+0000] {dag.py:3954} INFO - Setting next_dagrun for pythonoperator to None, run_after=None
[2024-07-15T23:23:39.273+0000] {processor.py:183} INFO - Processing /opt/airflow/dags/pythonoperator.py took 0.116 seconds
[2024-07-15T23:24:09.410+0000] {processor.py:161} INFO - Started process (PID=359) to work on /opt/airflow/dags/pythonoperator.py
[2024-07-15T23:24:09.411+0000] {processor.py:830} INFO - Processing file /opt/airflow/dags/pythonoperator.py for tasks to queue
[2024-07-15T23:24:09.413+0000] {logging_mixin.py:188} INFO - [2024-07-15T23:24:09.413+0000] {dagbag.py:545} INFO - Filling up the DagBag from /opt/airflow/dags/pythonoperator.py
[2024-07-15T23:24:09.422+0000] {processor.py:840} INFO - DAG(s) 'pythonoperator' retrieved from /opt/airflow/dags/pythonoperator.py
[2024-07-15T23:24:09.448+0000] {logging_mixin.py:188} INFO - [2024-07-15T23:24:09.448+0000] {dag.py:3096} INFO - Sync 1 DAGs
[2024-07-15T23:24:09.470+0000] {logging_mixin.py:188} INFO - [2024-07-15T23:24:09.470+0000] {dag.py:3954} INFO - Setting next_dagrun for pythonoperator to None, run_after=None
[2024-07-15T23:24:09.492+0000] {processor.py:183} INFO - Processing /opt/airflow/dags/pythonoperator.py took 0.089 seconds
[2024-07-15T23:24:39.650+0000] {processor.py:161} INFO - Started process (PID=367) to work on /opt/airflow/dags/pythonoperator.py
[2024-07-15T23:24:39.651+0000] {processor.py:830} INFO - Processing file /opt/airflow/dags/pythonoperator.py for tasks to queue
[2024-07-15T23:24:39.653+0000] {logging_mixin.py:188} INFO - [2024-07-15T23:24:39.652+0000] {dagbag.py:545} INFO - Filling up the DagBag from /opt/airflow/dags/pythonoperator.py
[2024-07-15T23:24:39.664+0000] {processor.py:840} INFO - DAG(s) 'pythonoperator' retrieved from /opt/airflow/dags/pythonoperator.py
[2024-07-15T23:24:39.697+0000] {logging_mixin.py:188} INFO - [2024-07-15T23:24:39.697+0000] {dag.py:3096} INFO - Sync 1 DAGs
[2024-07-15T23:24:39.722+0000] {logging_mixin.py:188} INFO - [2024-07-15T23:24:39.722+0000] {dag.py:3954} INFO - Setting next_dagrun for pythonoperator to None, run_after=None
[2024-07-15T23:24:39.754+0000] {processor.py:183} INFO - Processing /opt/airflow/dags/pythonoperator.py took 0.111 seconds
[2024-07-15T23:25:09.905+0000] {processor.py:161} INFO - Started process (PID=376) to work on /opt/airflow/dags/pythonoperator.py
[2024-07-15T23:25:09.913+0000] {processor.py:830} INFO - Processing file /opt/airflow/dags/pythonoperator.py for tasks to queue
[2024-07-15T23:25:09.916+0000] {logging_mixin.py:188} INFO - [2024-07-15T23:25:09.915+0000] {dagbag.py:545} INFO - Filling up the DagBag from /opt/airflow/dags/pythonoperator.py
[2024-07-15T23:25:09.924+0000] {processor.py:840} INFO - DAG(s) 'pythonoperator' retrieved from /opt/airflow/dags/pythonoperator.py
[2024-07-15T23:25:09.969+0000] {logging_mixin.py:188} INFO - [2024-07-15T23:25:09.968+0000] {dag.py:3096} INFO - Sync 1 DAGs
[2024-07-15T23:25:10.007+0000] {logging_mixin.py:188} INFO - [2024-07-15T23:25:10.007+0000] {dag.py:3954} INFO - Setting next_dagrun for pythonoperator to None, run_after=None
[2024-07-15T23:25:10.053+0000] {processor.py:183} INFO - Processing /opt/airflow/dags/pythonoperator.py took 0.154 seconds
[2024-07-15T23:25:40.129+0000] {processor.py:161} INFO - Started process (PID=385) to work on /opt/airflow/dags/pythonoperator.py
[2024-07-15T23:25:40.131+0000] {processor.py:830} INFO - Processing file /opt/airflow/dags/pythonoperator.py for tasks to queue
[2024-07-15T23:25:40.139+0000] {logging_mixin.py:188} INFO - [2024-07-15T23:25:40.139+0000] {dagbag.py:545} INFO - Filling up the DagBag from /opt/airflow/dags/pythonoperator.py
[2024-07-15T23:25:40.149+0000] {processor.py:840} INFO - DAG(s) 'pythonoperator' retrieved from /opt/airflow/dags/pythonoperator.py
[2024-07-15T23:25:40.176+0000] {logging_mixin.py:188} INFO - [2024-07-15T23:25:40.176+0000] {dag.py:3096} INFO - Sync 1 DAGs
[2024-07-15T23:25:40.200+0000] {logging_mixin.py:188} INFO - [2024-07-15T23:25:40.200+0000] {dag.py:3954} INFO - Setting next_dagrun for pythonoperator to None, run_after=None
[2024-07-15T23:25:40.231+0000] {processor.py:183} INFO - Processing /opt/airflow/dags/pythonoperator.py took 0.108 seconds
[2024-07-15T23:26:10.361+0000] {processor.py:161} INFO - Started process (PID=393) to work on /opt/airflow/dags/pythonoperator.py
[2024-07-15T23:26:10.369+0000] {processor.py:830} INFO - Processing file /opt/airflow/dags/pythonoperator.py for tasks to queue
[2024-07-15T23:26:10.370+0000] {logging_mixin.py:188} INFO - [2024-07-15T23:26:10.370+0000] {dagbag.py:545} INFO - Filling up the DagBag from /opt/airflow/dags/pythonoperator.py
[2024-07-15T23:26:10.380+0000] {processor.py:840} INFO - DAG(s) 'pythonoperator' retrieved from /opt/airflow/dags/pythonoperator.py
[2024-07-15T23:26:10.408+0000] {logging_mixin.py:188} INFO - [2024-07-15T23:26:10.407+0000] {dag.py:3096} INFO - Sync 1 DAGs
[2024-07-15T23:26:10.430+0000] {logging_mixin.py:188} INFO - [2024-07-15T23:26:10.430+0000] {dag.py:3954} INFO - Setting next_dagrun for pythonoperator to None, run_after=None
[2024-07-15T23:26:10.460+0000] {processor.py:183} INFO - Processing /opt/airflow/dags/pythonoperator.py took 0.106 seconds
[2024-07-15T23:26:40.627+0000] {processor.py:161} INFO - Started process (PID=403) to work on /opt/airflow/dags/pythonoperator.py
[2024-07-15T23:26:40.628+0000] {processor.py:830} INFO - Processing file /opt/airflow/dags/pythonoperator.py for tasks to queue
[2024-07-15T23:26:40.629+0000] {logging_mixin.py:188} INFO - [2024-07-15T23:26:40.629+0000] {dagbag.py:545} INFO - Filling up the DagBag from /opt/airflow/dags/pythonoperator.py
[2024-07-15T23:26:40.640+0000] {processor.py:840} INFO - DAG(s) 'pythonoperator' retrieved from /opt/airflow/dags/pythonoperator.py
[2024-07-15T23:26:40.669+0000] {logging_mixin.py:188} INFO - [2024-07-15T23:26:40.669+0000] {dag.py:3096} INFO - Sync 1 DAGs
[2024-07-15T23:26:40.692+0000] {logging_mixin.py:188} INFO - [2024-07-15T23:26:40.692+0000] {dag.py:3954} INFO - Setting next_dagrun for pythonoperator to None, run_after=None
[2024-07-15T23:26:40.716+0000] {processor.py:183} INFO - Processing /opt/airflow/dags/pythonoperator.py took 0.095 seconds
[2024-07-15T23:27:10.865+0000] {processor.py:161} INFO - Started process (PID=412) to work on /opt/airflow/dags/pythonoperator.py
[2024-07-15T23:27:10.869+0000] {processor.py:830} INFO - Processing file /opt/airflow/dags/pythonoperator.py for tasks to queue
[2024-07-15T23:27:10.871+0000] {logging_mixin.py:188} INFO - [2024-07-15T23:27:10.870+0000] {dagbag.py:545} INFO - Filling up the DagBag from /opt/airflow/dags/pythonoperator.py
[2024-07-15T23:27:10.882+0000] {processor.py:840} INFO - DAG(s) 'pythonoperator' retrieved from /opt/airflow/dags/pythonoperator.py
[2024-07-15T23:27:10.921+0000] {logging_mixin.py:188} INFO - [2024-07-15T23:27:10.921+0000] {dag.py:3096} INFO - Sync 1 DAGs
[2024-07-15T23:27:10.955+0000] {logging_mixin.py:188} INFO - [2024-07-15T23:27:10.955+0000] {dag.py:3954} INFO - Setting next_dagrun for pythonoperator to None, run_after=None
[2024-07-15T23:27:10.991+0000] {processor.py:183} INFO - Processing /opt/airflow/dags/pythonoperator.py took 0.136 seconds
[2024-07-15T23:27:41.112+0000] {processor.py:161} INFO - Started process (PID=421) to work on /opt/airflow/dags/pythonoperator.py
[2024-07-15T23:27:41.120+0000] {processor.py:830} INFO - Processing file /opt/airflow/dags/pythonoperator.py for tasks to queue
[2024-07-15T23:27:41.122+0000] {logging_mixin.py:188} INFO - [2024-07-15T23:27:41.122+0000] {dagbag.py:545} INFO - Filling up the DagBag from /opt/airflow/dags/pythonoperator.py
[2024-07-15T23:27:41.134+0000] {processor.py:840} INFO - DAG(s) 'pythonoperator' retrieved from /opt/airflow/dags/pythonoperator.py
[2024-07-15T23:27:41.165+0000] {logging_mixin.py:188} INFO - [2024-07-15T23:27:41.165+0000] {dag.py:3096} INFO - Sync 1 DAGs
[2024-07-15T23:27:41.192+0000] {logging_mixin.py:188} INFO - [2024-07-15T23:27:41.192+0000] {dag.py:3954} INFO - Setting next_dagrun for pythonoperator to None, run_after=None
[2024-07-15T23:27:41.220+0000] {processor.py:183} INFO - Processing /opt/airflow/dags/pythonoperator.py took 0.115 seconds
[2024-07-15T23:28:11.252+0000] {processor.py:161} INFO - Started process (PID=430) to work on /opt/airflow/dags/pythonoperator.py
[2024-07-15T23:28:11.253+0000] {processor.py:830} INFO - Processing file /opt/airflow/dags/pythonoperator.py for tasks to queue
[2024-07-15T23:28:11.255+0000] {logging_mixin.py:188} INFO - [2024-07-15T23:28:11.254+0000] {dagbag.py:545} INFO - Filling up the DagBag from /opt/airflow/dags/pythonoperator.py
[2024-07-15T23:28:11.263+0000] {processor.py:840} INFO - DAG(s) 'pythonoperator' retrieved from /opt/airflow/dags/pythonoperator.py
[2024-07-15T23:28:11.289+0000] {logging_mixin.py:188} INFO - [2024-07-15T23:28:11.288+0000] {dag.py:3096} INFO - Sync 1 DAGs
[2024-07-15T23:28:11.312+0000] {logging_mixin.py:188} INFO - [2024-07-15T23:28:11.312+0000] {dag.py:3954} INFO - Setting next_dagrun for pythonoperator to None, run_after=None
[2024-07-15T23:28:11.335+0000] {processor.py:183} INFO - Processing /opt/airflow/dags/pythonoperator.py took 0.090 seconds
[2024-07-15T23:28:41.582+0000] {processor.py:161} INFO - Started process (PID=439) to work on /opt/airflow/dags/pythonoperator.py
[2024-07-15T23:28:41.592+0000] {processor.py:830} INFO - Processing file /opt/airflow/dags/pythonoperator.py for tasks to queue
[2024-07-15T23:28:41.594+0000] {logging_mixin.py:188} INFO - [2024-07-15T23:28:41.594+0000] {dagbag.py:545} INFO - Filling up the DagBag from /opt/airflow/dags/pythonoperator.py
[2024-07-15T23:28:41.616+0000] {processor.py:840} INFO - DAG(s) 'pythonoperator' retrieved from /opt/airflow/dags/pythonoperator.py
[2024-07-15T23:28:41.678+0000] {logging_mixin.py:188} INFO - [2024-07-15T23:28:41.678+0000] {dag.py:3096} INFO - Sync 1 DAGs
[2024-07-15T23:28:41.734+0000] {logging_mixin.py:188} INFO - [2024-07-15T23:28:41.733+0000] {dag.py:3954} INFO - Setting next_dagrun for pythonoperator to None, run_after=None
[2024-07-15T23:28:41.801+0000] {processor.py:183} INFO - Processing /opt/airflow/dags/pythonoperator.py took 0.234 seconds
[2024-07-15T23:29:11.852+0000] {processor.py:161} INFO - Started process (PID=448) to work on /opt/airflow/dags/pythonoperator.py
[2024-07-15T23:29:11.852+0000] {processor.py:830} INFO - Processing file /opt/airflow/dags/pythonoperator.py for tasks to queue
[2024-07-15T23:29:11.856+0000] {logging_mixin.py:188} INFO - [2024-07-15T23:29:11.854+0000] {dagbag.py:545} INFO - Filling up the DagBag from /opt/airflow/dags/pythonoperator.py
[2024-07-15T23:29:11.865+0000] {processor.py:840} INFO - DAG(s) 'pythonoperator' retrieved from /opt/airflow/dags/pythonoperator.py
[2024-07-15T23:29:11.896+0000] {logging_mixin.py:188} INFO - [2024-07-15T23:29:11.896+0000] {dag.py:3096} INFO - Sync 1 DAGs
[2024-07-15T23:29:11.924+0000] {logging_mixin.py:188} INFO - [2024-07-15T23:29:11.923+0000] {dag.py:3954} INFO - Setting next_dagrun for pythonoperator to None, run_after=None
[2024-07-15T23:29:11.958+0000] {processor.py:183} INFO - Processing /opt/airflow/dags/pythonoperator.py took 0.113 seconds
[2024-07-15T23:29:42.126+0000] {processor.py:161} INFO - Started process (PID=458) to work on /opt/airflow/dags/pythonoperator.py
[2024-07-15T23:29:42.133+0000] {processor.py:830} INFO - Processing file /opt/airflow/dags/pythonoperator.py for tasks to queue
[2024-07-15T23:29:42.136+0000] {logging_mixin.py:188} INFO - [2024-07-15T23:29:42.136+0000] {dagbag.py:545} INFO - Filling up the DagBag from /opt/airflow/dags/pythonoperator.py
[2024-07-15T23:29:42.146+0000] {processor.py:840} INFO - DAG(s) 'pythonoperator' retrieved from /opt/airflow/dags/pythonoperator.py
[2024-07-15T23:29:42.172+0000] {logging_mixin.py:188} INFO - [2024-07-15T23:29:42.172+0000] {dag.py:3096} INFO - Sync 1 DAGs
[2024-07-15T23:29:42.196+0000] {logging_mixin.py:188} INFO - [2024-07-15T23:29:42.196+0000] {dag.py:3954} INFO - Setting next_dagrun for pythonoperator to None, run_after=None
[2024-07-15T23:29:42.226+0000] {processor.py:183} INFO - Processing /opt/airflow/dags/pythonoperator.py took 0.106 seconds
[2024-07-15T23:30:12.367+0000] {processor.py:161} INFO - Started process (PID=467) to work on /opt/airflow/dags/pythonoperator.py
[2024-07-15T23:30:12.368+0000] {processor.py:830} INFO - Processing file /opt/airflow/dags/pythonoperator.py for tasks to queue
[2024-07-15T23:30:12.370+0000] {logging_mixin.py:188} INFO - [2024-07-15T23:30:12.370+0000] {dagbag.py:545} INFO - Filling up the DagBag from /opt/airflow/dags/pythonoperator.py
[2024-07-15T23:30:12.381+0000] {processor.py:840} INFO - DAG(s) 'pythonoperator' retrieved from /opt/airflow/dags/pythonoperator.py
[2024-07-15T23:30:12.410+0000] {logging_mixin.py:188} INFO - [2024-07-15T23:30:12.409+0000] {dag.py:3096} INFO - Sync 1 DAGs
[2024-07-15T23:30:12.437+0000] {logging_mixin.py:188} INFO - [2024-07-15T23:30:12.437+0000] {dag.py:3954} INFO - Setting next_dagrun for pythonoperator to None, run_after=None
[2024-07-15T23:30:12.469+0000] {processor.py:183} INFO - Processing /opt/airflow/dags/pythonoperator.py took 0.108 seconds
[2024-07-15T23:30:42.668+0000] {processor.py:161} INFO - Started process (PID=476) to work on /opt/airflow/dags/pythonoperator.py
[2024-07-15T23:30:42.669+0000] {processor.py:830} INFO - Processing file /opt/airflow/dags/pythonoperator.py for tasks to queue
[2024-07-15T23:30:42.671+0000] {logging_mixin.py:188} INFO - [2024-07-15T23:30:42.671+0000] {dagbag.py:545} INFO - Filling up the DagBag from /opt/airflow/dags/pythonoperator.py
[2024-07-15T23:30:42.680+0000] {processor.py:840} INFO - DAG(s) 'pythonoperator' retrieved from /opt/airflow/dags/pythonoperator.py
[2024-07-15T23:30:42.707+0000] {logging_mixin.py:188} INFO - [2024-07-15T23:30:42.707+0000] {dag.py:3096} INFO - Sync 1 DAGs
[2024-07-15T23:30:42.731+0000] {logging_mixin.py:188} INFO - [2024-07-15T23:30:42.731+0000] {dag.py:3954} INFO - Setting next_dagrun for pythonoperator to None, run_after=None
[2024-07-15T23:30:42.789+0000] {processor.py:183} INFO - Processing /opt/airflow/dags/pythonoperator.py took 0.128 seconds
[2024-07-15T23:31:12.943+0000] {processor.py:161} INFO - Started process (PID=485) to work on /opt/airflow/dags/pythonoperator.py
[2024-07-15T23:31:12.951+0000] {processor.py:830} INFO - Processing file /opt/airflow/dags/pythonoperator.py for tasks to queue
[2024-07-15T23:31:12.953+0000] {logging_mixin.py:188} INFO - [2024-07-15T23:31:12.952+0000] {dagbag.py:545} INFO - Filling up the DagBag from /opt/airflow/dags/pythonoperator.py
[2024-07-15T23:31:12.962+0000] {processor.py:840} INFO - DAG(s) 'pythonoperator' retrieved from /opt/airflow/dags/pythonoperator.py
[2024-07-15T23:31:12.988+0000] {logging_mixin.py:188} INFO - [2024-07-15T23:31:12.987+0000] {dag.py:3096} INFO - Sync 1 DAGs
[2024-07-15T23:31:13.010+0000] {logging_mixin.py:188} INFO - [2024-07-15T23:31:13.010+0000] {dag.py:3954} INFO - Setting next_dagrun for pythonoperator to None, run_after=None
[2024-07-15T23:31:13.033+0000] {processor.py:183} INFO - Processing /opt/airflow/dags/pythonoperator.py took 0.097 seconds
[2024-07-15T23:31:43.181+0000] {processor.py:161} INFO - Started process (PID=494) to work on /opt/airflow/dags/pythonoperator.py
[2024-07-15T23:31:43.184+0000] {processor.py:830} INFO - Processing file /opt/airflow/dags/pythonoperator.py for tasks to queue
[2024-07-15T23:31:43.186+0000] {logging_mixin.py:188} INFO - [2024-07-15T23:31:43.186+0000] {dagbag.py:545} INFO - Filling up the DagBag from /opt/airflow/dags/pythonoperator.py
[2024-07-15T23:31:43.200+0000] {processor.py:840} INFO - DAG(s) 'pythonoperator' retrieved from /opt/airflow/dags/pythonoperator.py
[2024-07-15T23:31:43.248+0000] {logging_mixin.py:188} INFO - [2024-07-15T23:31:43.247+0000] {dag.py:3096} INFO - Sync 1 DAGs
[2024-07-15T23:31:43.279+0000] {logging_mixin.py:188} INFO - [2024-07-15T23:31:43.279+0000] {dag.py:3954} INFO - Setting next_dagrun for pythonoperator to None, run_after=None
[2024-07-15T23:31:43.310+0000] {processor.py:183} INFO - Processing /opt/airflow/dags/pythonoperator.py took 0.141 seconds
[2024-07-15T23:32:13.333+0000] {processor.py:161} INFO - Started process (PID=508) to work on /opt/airflow/dags/pythonoperator.py
[2024-07-15T23:32:13.335+0000] {processor.py:830} INFO - Processing file /opt/airflow/dags/pythonoperator.py for tasks to queue
[2024-07-15T23:32:13.337+0000] {logging_mixin.py:188} INFO - [2024-07-15T23:32:13.337+0000] {dagbag.py:545} INFO - Filling up the DagBag from /opt/airflow/dags/pythonoperator.py
[2024-07-15T23:32:13.349+0000] {processor.py:840} INFO - DAG(s) 'pythonoperator' retrieved from /opt/airflow/dags/pythonoperator.py
[2024-07-15T23:32:13.384+0000] {logging_mixin.py:188} INFO - [2024-07-15T23:32:13.384+0000] {dag.py:3096} INFO - Sync 1 DAGs
[2024-07-15T23:32:13.413+0000] {logging_mixin.py:188} INFO - [2024-07-15T23:32:13.413+0000] {dag.py:3954} INFO - Setting next_dagrun for pythonoperator to None, run_after=None
[2024-07-15T23:32:13.442+0000] {processor.py:183} INFO - Processing /opt/airflow/dags/pythonoperator.py took 0.117 seconds
[2024-07-15T23:32:43.659+0000] {processor.py:161} INFO - Started process (PID=517) to work on /opt/airflow/dags/pythonoperator.py
[2024-07-15T23:32:43.660+0000] {processor.py:830} INFO - Processing file /opt/airflow/dags/pythonoperator.py for tasks to queue
[2024-07-15T23:32:43.663+0000] {logging_mixin.py:188} INFO - [2024-07-15T23:32:43.662+0000] {dagbag.py:545} INFO - Filling up the DagBag from /opt/airflow/dags/pythonoperator.py
[2024-07-15T23:32:43.674+0000] {processor.py:840} INFO - DAG(s) 'pythonoperator' retrieved from /opt/airflow/dags/pythonoperator.py
[2024-07-15T23:32:43.702+0000] {logging_mixin.py:188} INFO - [2024-07-15T23:32:43.701+0000] {dag.py:3096} INFO - Sync 1 DAGs
[2024-07-15T23:32:43.725+0000] {logging_mixin.py:188} INFO - [2024-07-15T23:32:43.725+0000] {dag.py:3954} INFO - Setting next_dagrun for pythonoperator to None, run_after=None
[2024-07-15T23:32:43.752+0000] {processor.py:183} INFO - Processing /opt/airflow/dags/pythonoperator.py took 0.107 seconds
[2024-07-15T23:33:13.897+0000] {processor.py:161} INFO - Started process (PID=526) to work on /opt/airflow/dags/pythonoperator.py
[2024-07-15T23:33:13.899+0000] {processor.py:830} INFO - Processing file /opt/airflow/dags/pythonoperator.py for tasks to queue
[2024-07-15T23:33:13.902+0000] {logging_mixin.py:188} INFO - [2024-07-15T23:33:13.902+0000] {dagbag.py:545} INFO - Filling up the DagBag from /opt/airflow/dags/pythonoperator.py
[2024-07-15T23:33:13.912+0000] {processor.py:840} INFO - DAG(s) 'pythonoperator' retrieved from /opt/airflow/dags/pythonoperator.py
[2024-07-15T23:33:13.942+0000] {logging_mixin.py:188} INFO - [2024-07-15T23:33:13.942+0000] {dag.py:3096} INFO - Sync 1 DAGs
[2024-07-15T23:33:13.977+0000] {logging_mixin.py:188} INFO - [2024-07-15T23:33:13.977+0000] {dag.py:3954} INFO - Setting next_dagrun for pythonoperator to None, run_after=None
[2024-07-15T23:33:14.023+0000] {processor.py:183} INFO - Processing /opt/airflow/dags/pythonoperator.py took 0.132 seconds
[2024-07-15T23:33:44.161+0000] {processor.py:161} INFO - Started process (PID=535) to work on /opt/airflow/dags/pythonoperator.py
[2024-07-15T23:33:44.162+0000] {processor.py:830} INFO - Processing file /opt/airflow/dags/pythonoperator.py for tasks to queue
[2024-07-15T23:33:44.163+0000] {logging_mixin.py:188} INFO - [2024-07-15T23:33:44.163+0000] {dagbag.py:545} INFO - Filling up the DagBag from /opt/airflow/dags/pythonoperator.py
[2024-07-15T23:33:44.172+0000] {processor.py:840} INFO - DAG(s) 'pythonoperator' retrieved from /opt/airflow/dags/pythonoperator.py
[2024-07-15T23:33:44.201+0000] {logging_mixin.py:188} INFO - [2024-07-15T23:33:44.201+0000] {dag.py:3096} INFO - Sync 1 DAGs
[2024-07-15T23:33:44.224+0000] {logging_mixin.py:188} INFO - [2024-07-15T23:33:44.224+0000] {dag.py:3954} INFO - Setting next_dagrun for pythonoperator to None, run_after=None
[2024-07-15T23:33:44.252+0000] {processor.py:183} INFO - Processing /opt/airflow/dags/pythonoperator.py took 0.098 seconds
[2024-07-15T23:34:14.429+0000] {processor.py:161} INFO - Started process (PID=544) to work on /opt/airflow/dags/pythonoperator.py
[2024-07-15T23:34:14.436+0000] {processor.py:830} INFO - Processing file /opt/airflow/dags/pythonoperator.py for tasks to queue
[2024-07-15T23:34:14.438+0000] {logging_mixin.py:188} INFO - [2024-07-15T23:34:14.438+0000] {dagbag.py:545} INFO - Filling up the DagBag from /opt/airflow/dags/pythonoperator.py
[2024-07-15T23:34:14.449+0000] {processor.py:840} INFO - DAG(s) 'pythonoperator' retrieved from /opt/airflow/dags/pythonoperator.py
[2024-07-15T23:34:14.477+0000] {logging_mixin.py:188} INFO - [2024-07-15T23:34:14.477+0000] {dag.py:3096} INFO - Sync 1 DAGs
[2024-07-15T23:34:14.503+0000] {logging_mixin.py:188} INFO - [2024-07-15T23:34:14.503+0000] {dag.py:3954} INFO - Setting next_dagrun for pythonoperator to None, run_after=None
[2024-07-15T23:34:14.525+0000] {processor.py:183} INFO - Processing /opt/airflow/dags/pythonoperator.py took 0.103 seconds
[2024-07-15T23:34:44.698+0000] {processor.py:161} INFO - Started process (PID=553) to work on /opt/airflow/dags/pythonoperator.py
[2024-07-15T23:34:44.699+0000] {processor.py:830} INFO - Processing file /opt/airflow/dags/pythonoperator.py for tasks to queue
[2024-07-15T23:34:44.701+0000] {logging_mixin.py:188} INFO - [2024-07-15T23:34:44.700+0000] {dagbag.py:545} INFO - Filling up the DagBag from /opt/airflow/dags/pythonoperator.py
[2024-07-15T23:34:44.714+0000] {processor.py:840} INFO - DAG(s) 'pythonoperator' retrieved from /opt/airflow/dags/pythonoperator.py
[2024-07-15T23:34:44.751+0000] {logging_mixin.py:188} INFO - [2024-07-15T23:34:44.751+0000] {dag.py:3096} INFO - Sync 1 DAGs
[2024-07-15T23:34:44.780+0000] {logging_mixin.py:188} INFO - [2024-07-15T23:34:44.778+0000] {dag.py:3954} INFO - Setting next_dagrun for pythonoperator to None, run_after=None
[2024-07-15T23:34:44.811+0000] {processor.py:183} INFO - Processing /opt/airflow/dags/pythonoperator.py took 0.120 seconds
[2024-07-15T23:35:14.839+0000] {processor.py:161} INFO - Started process (PID=562) to work on /opt/airflow/dags/pythonoperator.py
[2024-07-15T23:35:14.841+0000] {processor.py:830} INFO - Processing file /opt/airflow/dags/pythonoperator.py for tasks to queue
[2024-07-15T23:35:14.843+0000] {logging_mixin.py:188} INFO - [2024-07-15T23:35:14.842+0000] {dagbag.py:545} INFO - Filling up the DagBag from /opt/airflow/dags/pythonoperator.py
[2024-07-15T23:35:14.853+0000] {processor.py:840} INFO - DAG(s) 'pythonoperator' retrieved from /opt/airflow/dags/pythonoperator.py
[2024-07-15T23:35:14.884+0000] {logging_mixin.py:188} INFO - [2024-07-15T23:35:14.884+0000] {dag.py:3096} INFO - Sync 1 DAGs
[2024-07-15T23:35:14.911+0000] {logging_mixin.py:188} INFO - [2024-07-15T23:35:14.910+0000] {dag.py:3954} INFO - Setting next_dagrun for pythonoperator to None, run_after=None
[2024-07-15T23:35:14.940+0000] {processor.py:183} INFO - Processing /opt/airflow/dags/pythonoperator.py took 0.108 seconds
[2024-07-15T23:35:45.088+0000] {processor.py:161} INFO - Started process (PID=572) to work on /opt/airflow/dags/pythonoperator.py
[2024-07-15T23:35:45.089+0000] {processor.py:830} INFO - Processing file /opt/airflow/dags/pythonoperator.py for tasks to queue
[2024-07-15T23:35:45.091+0000] {logging_mixin.py:188} INFO - [2024-07-15T23:35:45.091+0000] {dagbag.py:545} INFO - Filling up the DagBag from /opt/airflow/dags/pythonoperator.py
[2024-07-15T23:35:45.101+0000] {processor.py:840} INFO - DAG(s) 'pythonoperator' retrieved from /opt/airflow/dags/pythonoperator.py
[2024-07-15T23:35:45.131+0000] {logging_mixin.py:188} INFO - [2024-07-15T23:35:45.131+0000] {dag.py:3096} INFO - Sync 1 DAGs
[2024-07-15T23:35:45.155+0000] {logging_mixin.py:188} INFO - [2024-07-15T23:35:45.155+0000] {dag.py:3954} INFO - Setting next_dagrun for pythonoperator to None, run_after=None
[2024-07-15T23:35:45.182+0000] {processor.py:183} INFO - Processing /opt/airflow/dags/pythonoperator.py took 0.099 seconds
[2024-07-15T23:36:15.350+0000] {processor.py:161} INFO - Started process (PID=581) to work on /opt/airflow/dags/pythonoperator.py
[2024-07-15T23:36:15.358+0000] {processor.py:830} INFO - Processing file /opt/airflow/dags/pythonoperator.py for tasks to queue
[2024-07-15T23:36:15.360+0000] {logging_mixin.py:188} INFO - [2024-07-15T23:36:15.360+0000] {dagbag.py:545} INFO - Filling up the DagBag from /opt/airflow/dags/pythonoperator.py
[2024-07-15T23:36:15.370+0000] {processor.py:840} INFO - DAG(s) 'pythonoperator' retrieved from /opt/airflow/dags/pythonoperator.py
[2024-07-15T23:36:15.400+0000] {logging_mixin.py:188} INFO - [2024-07-15T23:36:15.400+0000] {dag.py:3096} INFO - Sync 1 DAGs
[2024-07-15T23:36:15.425+0000] {logging_mixin.py:188} INFO - [2024-07-15T23:36:15.424+0000] {dag.py:3954} INFO - Setting next_dagrun for pythonoperator to None, run_after=None
[2024-07-15T23:36:15.447+0000] {processor.py:183} INFO - Processing /opt/airflow/dags/pythonoperator.py took 0.103 seconds
[2024-07-15T23:36:45.647+0000] {processor.py:161} INFO - Started process (PID=590) to work on /opt/airflow/dags/pythonoperator.py
[2024-07-15T23:36:45.656+0000] {processor.py:830} INFO - Processing file /opt/airflow/dags/pythonoperator.py for tasks to queue
[2024-07-15T23:36:45.659+0000] {logging_mixin.py:188} INFO - [2024-07-15T23:36:45.658+0000] {dagbag.py:545} INFO - Filling up the DagBag from /opt/airflow/dags/pythonoperator.py
[2024-07-15T23:36:45.674+0000] {processor.py:840} INFO - DAG(s) 'pythonoperator' retrieved from /opt/airflow/dags/pythonoperator.py
[2024-07-15T23:36:45.703+0000] {logging_mixin.py:188} INFO - [2024-07-15T23:36:45.703+0000] {dag.py:3096} INFO - Sync 1 DAGs
[2024-07-15T23:36:45.731+0000] {logging_mixin.py:188} INFO - [2024-07-15T23:36:45.731+0000] {dag.py:3954} INFO - Setting next_dagrun for pythonoperator to None, run_after=None
[2024-07-15T23:36:45.757+0000] {processor.py:183} INFO - Processing /opt/airflow/dags/pythonoperator.py took 0.116 seconds
[2024-07-15T23:37:15.790+0000] {processor.py:161} INFO - Started process (PID=599) to work on /opt/airflow/dags/pythonoperator.py
[2024-07-15T23:37:15.791+0000] {processor.py:830} INFO - Processing file /opt/airflow/dags/pythonoperator.py for tasks to queue
[2024-07-15T23:37:15.793+0000] {logging_mixin.py:188} INFO - [2024-07-15T23:37:15.793+0000] {dagbag.py:545} INFO - Filling up the DagBag from /opt/airflow/dags/pythonoperator.py
[2024-07-15T23:37:15.809+0000] {processor.py:840} INFO - DAG(s) 'pythonoperator' retrieved from /opt/airflow/dags/pythonoperator.py
[2024-07-15T23:37:15.841+0000] {logging_mixin.py:188} INFO - [2024-07-15T23:37:15.840+0000] {dag.py:3096} INFO - Sync 1 DAGs
[2024-07-15T23:37:15.868+0000] {logging_mixin.py:188} INFO - [2024-07-15T23:37:15.867+0000] {dag.py:3954} INFO - Setting next_dagrun for pythonoperator to None, run_after=None
[2024-07-15T23:37:15.891+0000] {processor.py:183} INFO - Processing /opt/airflow/dags/pythonoperator.py took 0.107 seconds
[2024-07-15T23:37:46.030+0000] {processor.py:161} INFO - Started process (PID=608) to work on /opt/airflow/dags/pythonoperator.py
[2024-07-15T23:37:46.038+0000] {processor.py:830} INFO - Processing file /opt/airflow/dags/pythonoperator.py for tasks to queue
[2024-07-15T23:37:46.040+0000] {logging_mixin.py:188} INFO - [2024-07-15T23:37:46.040+0000] {dagbag.py:545} INFO - Filling up the DagBag from /opt/airflow/dags/pythonoperator.py
[2024-07-15T23:37:46.049+0000] {processor.py:840} INFO - DAG(s) 'pythonoperator' retrieved from /opt/airflow/dags/pythonoperator.py
[2024-07-15T23:37:46.077+0000] {logging_mixin.py:188} INFO - [2024-07-15T23:37:46.077+0000] {dag.py:3096} INFO - Sync 1 DAGs
[2024-07-15T23:37:46.100+0000] {logging_mixin.py:188} INFO - [2024-07-15T23:37:46.100+0000] {dag.py:3954} INFO - Setting next_dagrun for pythonoperator to None, run_after=None
[2024-07-15T23:37:46.123+0000] {processor.py:183} INFO - Processing /opt/airflow/dags/pythonoperator.py took 0.099 seconds
[2024-07-15T23:38:16.268+0000] {processor.py:161} INFO - Started process (PID=617) to work on /opt/airflow/dags/pythonoperator.py
[2024-07-15T23:38:16.269+0000] {processor.py:830} INFO - Processing file /opt/airflow/dags/pythonoperator.py for tasks to queue
[2024-07-15T23:38:16.272+0000] {logging_mixin.py:188} INFO - [2024-07-15T23:38:16.272+0000] {dagbag.py:545} INFO - Filling up the DagBag from /opt/airflow/dags/pythonoperator.py
[2024-07-15T23:38:16.283+0000] {processor.py:840} INFO - DAG(s) 'pythonoperator' retrieved from /opt/airflow/dags/pythonoperator.py
[2024-07-15T23:38:16.312+0000] {logging_mixin.py:188} INFO - [2024-07-15T23:38:16.312+0000] {dag.py:3096} INFO - Sync 1 DAGs
[2024-07-15T23:38:16.338+0000] {logging_mixin.py:188} INFO - [2024-07-15T23:38:16.338+0000] {dag.py:3954} INFO - Setting next_dagrun for pythonoperator to None, run_after=None
[2024-07-15T23:38:16.367+0000] {processor.py:183} INFO - Processing /opt/airflow/dags/pythonoperator.py took 0.107 seconds
[2024-07-15T23:38:46.653+0000] {processor.py:161} INFO - Started process (PID=626) to work on /opt/airflow/dags/pythonoperator.py
[2024-07-15T23:38:46.661+0000] {processor.py:830} INFO - Processing file /opt/airflow/dags/pythonoperator.py for tasks to queue
[2024-07-15T23:38:46.663+0000] {logging_mixin.py:188} INFO - [2024-07-15T23:38:46.663+0000] {dagbag.py:545} INFO - Filling up the DagBag from /opt/airflow/dags/pythonoperator.py
[2024-07-15T23:38:46.673+0000] {processor.py:840} INFO - DAG(s) 'pythonoperator' retrieved from /opt/airflow/dags/pythonoperator.py
[2024-07-15T23:38:46.702+0000] {logging_mixin.py:188} INFO - [2024-07-15T23:38:46.701+0000] {dag.py:3096} INFO - Sync 1 DAGs
[2024-07-15T23:38:46.733+0000] {logging_mixin.py:188} INFO - [2024-07-15T23:38:46.733+0000] {dag.py:3954} INFO - Setting next_dagrun for pythonoperator to None, run_after=None
[2024-07-15T23:38:46.761+0000] {processor.py:183} INFO - Processing /opt/airflow/dags/pythonoperator.py took 0.114 seconds
[2024-07-15T23:39:16.942+0000] {processor.py:161} INFO - Started process (PID=634) to work on /opt/airflow/dags/pythonoperator.py
[2024-07-15T23:39:16.943+0000] {processor.py:830} INFO - Processing file /opt/airflow/dags/pythonoperator.py for tasks to queue
[2024-07-15T23:39:16.945+0000] {logging_mixin.py:188} INFO - [2024-07-15T23:39:16.945+0000] {dagbag.py:545} INFO - Filling up the DagBag from /opt/airflow/dags/pythonoperator.py
[2024-07-15T23:39:16.953+0000] {processor.py:840} INFO - DAG(s) 'pythonoperator' retrieved from /opt/airflow/dags/pythonoperator.py
[2024-07-15T23:39:16.979+0000] {logging_mixin.py:188} INFO - [2024-07-15T23:39:16.979+0000] {dag.py:3096} INFO - Sync 1 DAGs
[2024-07-15T23:39:17.000+0000] {logging_mixin.py:188} INFO - [2024-07-15T23:39:17.000+0000] {dag.py:3954} INFO - Setting next_dagrun for pythonoperator to None, run_after=None
[2024-07-15T23:39:17.032+0000] {processor.py:183} INFO - Processing /opt/airflow/dags/pythonoperator.py took 0.097 seconds
[2024-07-15T23:39:47.306+0000] {processor.py:161} INFO - Started process (PID=644) to work on /opt/airflow/dags/pythonoperator.py
[2024-07-15T23:39:47.314+0000] {processor.py:830} INFO - Processing file /opt/airflow/dags/pythonoperator.py for tasks to queue
[2024-07-15T23:39:47.317+0000] {logging_mixin.py:188} INFO - [2024-07-15T23:39:47.317+0000] {dagbag.py:545} INFO - Filling up the DagBag from /opt/airflow/dags/pythonoperator.py
[2024-07-15T23:39:47.326+0000] {processor.py:840} INFO - DAG(s) 'pythonoperator' retrieved from /opt/airflow/dags/pythonoperator.py
[2024-07-15T23:39:47.359+0000] {logging_mixin.py:188} INFO - [2024-07-15T23:39:47.359+0000] {dag.py:3096} INFO - Sync 1 DAGs
[2024-07-15T23:39:47.384+0000] {logging_mixin.py:188} INFO - [2024-07-15T23:39:47.384+0000] {dag.py:3954} INFO - Setting next_dagrun for pythonoperator to None, run_after=None
[2024-07-15T23:39:47.412+0000] {processor.py:183} INFO - Processing /opt/airflow/dags/pythonoperator.py took 0.114 seconds
[2024-07-15T23:40:17.564+0000] {processor.py:161} INFO - Started process (PID=654) to work on /opt/airflow/dags/pythonoperator.py
[2024-07-15T23:40:17.572+0000] {processor.py:830} INFO - Processing file /opt/airflow/dags/pythonoperator.py for tasks to queue
[2024-07-15T23:40:17.575+0000] {logging_mixin.py:188} INFO - [2024-07-15T23:40:17.574+0000] {dagbag.py:545} INFO - Filling up the DagBag from /opt/airflow/dags/pythonoperator.py
[2024-07-15T23:40:17.583+0000] {processor.py:840} INFO - DAG(s) 'pythonoperator' retrieved from /opt/airflow/dags/pythonoperator.py
[2024-07-15T23:40:17.610+0000] {logging_mixin.py:188} INFO - [2024-07-15T23:40:17.610+0000] {dag.py:3096} INFO - Sync 1 DAGs
[2024-07-15T23:40:17.636+0000] {logging_mixin.py:188} INFO - [2024-07-15T23:40:17.636+0000] {dag.py:3954} INFO - Setting next_dagrun for pythonoperator to None, run_after=None
[2024-07-15T23:40:17.665+0000] {processor.py:183} INFO - Processing /opt/airflow/dags/pythonoperator.py took 0.107 seconds
[2024-07-15T23:40:47.840+0000] {processor.py:161} INFO - Started process (PID=664) to work on /opt/airflow/dags/pythonoperator.py
[2024-07-15T23:40:47.841+0000] {processor.py:830} INFO - Processing file /opt/airflow/dags/pythonoperator.py for tasks to queue
[2024-07-15T23:40:47.844+0000] {logging_mixin.py:188} INFO - [2024-07-15T23:40:47.843+0000] {dagbag.py:545} INFO - Filling up the DagBag from /opt/airflow/dags/pythonoperator.py
[2024-07-15T23:40:47.855+0000] {processor.py:840} INFO - DAG(s) 'pythonoperator' retrieved from /opt/airflow/dags/pythonoperator.py
[2024-07-15T23:40:47.884+0000] {logging_mixin.py:188} INFO - [2024-07-15T23:40:47.884+0000] {dag.py:3096} INFO - Sync 1 DAGs
[2024-07-15T23:40:47.916+0000] {logging_mixin.py:188} INFO - [2024-07-15T23:40:47.916+0000] {dag.py:3954} INFO - Setting next_dagrun for pythonoperator to None, run_after=None
[2024-07-15T23:40:47.962+0000] {processor.py:183} INFO - Processing /opt/airflow/dags/pythonoperator.py took 0.130 seconds
[2024-07-15T23:41:18.217+0000] {processor.py:161} INFO - Started process (PID=674) to work on /opt/airflow/dags/pythonoperator.py
[2024-07-15T23:41:18.225+0000] {processor.py:830} INFO - Processing file /opt/airflow/dags/pythonoperator.py for tasks to queue
[2024-07-15T23:41:18.226+0000] {logging_mixin.py:188} INFO - [2024-07-15T23:41:18.226+0000] {dagbag.py:545} INFO - Filling up the DagBag from /opt/airflow/dags/pythonoperator.py
[2024-07-15T23:41:18.235+0000] {processor.py:840} INFO - DAG(s) 'pythonoperator' retrieved from /opt/airflow/dags/pythonoperator.py
[2024-07-15T23:41:18.262+0000] {logging_mixin.py:188} INFO - [2024-07-15T23:41:18.262+0000] {dag.py:3096} INFO - Sync 1 DAGs
[2024-07-15T23:41:18.286+0000] {logging_mixin.py:188} INFO - [2024-07-15T23:41:18.286+0000] {dag.py:3954} INFO - Setting next_dagrun for pythonoperator to None, run_after=None
[2024-07-15T23:41:18.316+0000] {processor.py:183} INFO - Processing /opt/airflow/dags/pythonoperator.py took 0.106 seconds
[2024-07-15T23:41:48.671+0000] {processor.py:161} INFO - Started process (PID=685) to work on /opt/airflow/dags/pythonoperator.py
[2024-07-15T23:41:48.687+0000] {processor.py:830} INFO - Processing file /opt/airflow/dags/pythonoperator.py for tasks to queue
[2024-07-15T23:41:48.689+0000] {logging_mixin.py:188} INFO - [2024-07-15T23:41:48.689+0000] {dagbag.py:545} INFO - Filling up the DagBag from /opt/airflow/dags/pythonoperator.py
[2024-07-15T23:41:48.708+0000] {processor.py:840} INFO - DAG(s) 'pythonoperator' retrieved from /opt/airflow/dags/pythonoperator.py
[2024-07-15T23:41:48.756+0000] {logging_mixin.py:188} INFO - [2024-07-15T23:41:48.756+0000] {dag.py:3096} INFO - Sync 1 DAGs
[2024-07-15T23:41:48.804+0000] {logging_mixin.py:188} INFO - [2024-07-15T23:41:48.804+0000] {dag.py:3954} INFO - Setting next_dagrun for pythonoperator to None, run_after=None
[2024-07-15T23:41:48.846+0000] {processor.py:183} INFO - Processing /opt/airflow/dags/pythonoperator.py took 0.190 seconds
[2024-07-15T23:42:19.129+0000] {processor.py:161} INFO - Started process (PID=696) to work on /opt/airflow/dags/pythonoperator.py
[2024-07-15T23:42:19.137+0000] {processor.py:830} INFO - Processing file /opt/airflow/dags/pythonoperator.py for tasks to queue
[2024-07-15T23:42:19.139+0000] {logging_mixin.py:188} INFO - [2024-07-15T23:42:19.139+0000] {dagbag.py:545} INFO - Filling up the DagBag from /opt/airflow/dags/pythonoperator.py
[2024-07-15T23:42:19.149+0000] {processor.py:840} INFO - DAG(s) 'pythonoperator' retrieved from /opt/airflow/dags/pythonoperator.py
[2024-07-15T23:42:19.180+0000] {logging_mixin.py:188} INFO - [2024-07-15T23:42:19.180+0000] {dag.py:3096} INFO - Sync 1 DAGs
[2024-07-15T23:42:19.206+0000] {logging_mixin.py:188} INFO - [2024-07-15T23:42:19.206+0000] {dag.py:3954} INFO - Setting next_dagrun for pythonoperator to None, run_after=None
[2024-07-15T23:42:19.235+0000] {processor.py:183} INFO - Processing /opt/airflow/dags/pythonoperator.py took 0.112 seconds
[2024-07-15T23:42:49.538+0000] {processor.py:161} INFO - Started process (PID=706) to work on /opt/airflow/dags/pythonoperator.py
[2024-07-15T23:42:49.546+0000] {processor.py:830} INFO - Processing file /opt/airflow/dags/pythonoperator.py for tasks to queue
[2024-07-15T23:42:49.549+0000] {logging_mixin.py:188} INFO - [2024-07-15T23:42:49.548+0000] {dagbag.py:545} INFO - Filling up the DagBag from /opt/airflow/dags/pythonoperator.py
[2024-07-15T23:42:49.559+0000] {processor.py:840} INFO - DAG(s) 'pythonoperator' retrieved from /opt/airflow/dags/pythonoperator.py
[2024-07-15T23:42:49.589+0000] {logging_mixin.py:188} INFO - [2024-07-15T23:42:49.589+0000] {dag.py:3096} INFO - Sync 1 DAGs
[2024-07-15T23:42:49.614+0000] {logging_mixin.py:188} INFO - [2024-07-15T23:42:49.614+0000] {dag.py:3954} INFO - Setting next_dagrun for pythonoperator to None, run_after=None
[2024-07-15T23:42:49.647+0000] {processor.py:183} INFO - Processing /opt/airflow/dags/pythonoperator.py took 0.116 seconds
[2024-07-15T23:43:19.795+0000] {processor.py:161} INFO - Started process (PID=716) to work on /opt/airflow/dags/pythonoperator.py
[2024-07-15T23:43:19.804+0000] {processor.py:830} INFO - Processing file /opt/airflow/dags/pythonoperator.py for tasks to queue
[2024-07-15T23:43:19.806+0000] {logging_mixin.py:188} INFO - [2024-07-15T23:43:19.806+0000] {dagbag.py:545} INFO - Filling up the DagBag from /opt/airflow/dags/pythonoperator.py
[2024-07-15T23:43:19.821+0000] {processor.py:840} INFO - DAG(s) 'pythonoperator' retrieved from /opt/airflow/dags/pythonoperator.py
[2024-07-15T23:43:19.858+0000] {logging_mixin.py:188} INFO - [2024-07-15T23:43:19.858+0000] {dag.py:3096} INFO - Sync 1 DAGs
[2024-07-15T23:43:19.893+0000] {logging_mixin.py:188} INFO - [2024-07-15T23:43:19.892+0000] {dag.py:3954} INFO - Setting next_dagrun for pythonoperator to None, run_after=None
[2024-07-15T23:43:19.919+0000] {processor.py:183} INFO - Processing /opt/airflow/dags/pythonoperator.py took 0.132 seconds
[2024-07-15T23:43:50.182+0000] {processor.py:161} INFO - Started process (PID=727) to work on /opt/airflow/dags/pythonoperator.py
[2024-07-15T23:43:50.191+0000] {processor.py:830} INFO - Processing file /opt/airflow/dags/pythonoperator.py for tasks to queue
[2024-07-15T23:43:50.193+0000] {logging_mixin.py:188} INFO - [2024-07-15T23:43:50.193+0000] {dagbag.py:545} INFO - Filling up the DagBag from /opt/airflow/dags/pythonoperator.py
[2024-07-15T23:43:50.205+0000] {processor.py:840} INFO - DAG(s) 'pythonoperator' retrieved from /opt/airflow/dags/pythonoperator.py
[2024-07-15T23:43:50.258+0000] {logging_mixin.py:188} INFO - [2024-07-15T23:43:50.258+0000] {dag.py:3096} INFO - Sync 1 DAGs
[2024-07-15T23:43:50.313+0000] {logging_mixin.py:188} INFO - [2024-07-15T23:43:50.313+0000] {dag.py:3954} INFO - Setting next_dagrun for pythonoperator to None, run_after=None
[2024-07-15T23:43:50.339+0000] {processor.py:183} INFO - Processing /opt/airflow/dags/pythonoperator.py took 0.165 seconds
[2024-07-15T23:44:20.522+0000] {processor.py:161} INFO - Started process (PID=737) to work on /opt/airflow/dags/pythonoperator.py
[2024-07-15T23:44:20.523+0000] {processor.py:830} INFO - Processing file /opt/airflow/dags/pythonoperator.py for tasks to queue
[2024-07-15T23:44:20.526+0000] {logging_mixin.py:188} INFO - [2024-07-15T23:44:20.525+0000] {dagbag.py:545} INFO - Filling up the DagBag from /opt/airflow/dags/pythonoperator.py
[2024-07-15T23:44:20.547+0000] {processor.py:840} INFO - DAG(s) 'pythonoperator' retrieved from /opt/airflow/dags/pythonoperator.py
[2024-07-15T23:44:20.597+0000] {logging_mixin.py:188} INFO - [2024-07-15T23:44:20.597+0000] {dag.py:3096} INFO - Sync 1 DAGs
[2024-07-15T23:44:20.635+0000] {logging_mixin.py:188} INFO - [2024-07-15T23:44:20.635+0000] {dag.py:3954} INFO - Setting next_dagrun for pythonoperator to None, run_after=None
[2024-07-15T23:44:20.688+0000] {processor.py:183} INFO - Processing /opt/airflow/dags/pythonoperator.py took 0.188 seconds
[2024-07-15T23:44:50.928+0000] {processor.py:161} INFO - Started process (PID=746) to work on /opt/airflow/dags/pythonoperator.py
[2024-07-15T23:44:50.935+0000] {processor.py:830} INFO - Processing file /opt/airflow/dags/pythonoperator.py for tasks to queue
[2024-07-15T23:44:50.937+0000] {logging_mixin.py:188} INFO - [2024-07-15T23:44:50.936+0000] {dagbag.py:545} INFO - Filling up the DagBag from /opt/airflow/dags/pythonoperator.py
[2024-07-15T23:44:50.945+0000] {processor.py:840} INFO - DAG(s) 'pythonoperator' retrieved from /opt/airflow/dags/pythonoperator.py
[2024-07-15T23:44:50.972+0000] {logging_mixin.py:188} INFO - [2024-07-15T23:44:50.972+0000] {dag.py:3096} INFO - Sync 1 DAGs
[2024-07-15T23:44:50.995+0000] {logging_mixin.py:188} INFO - [2024-07-15T23:44:50.995+0000] {dag.py:3954} INFO - Setting next_dagrun for pythonoperator to None, run_after=None
[2024-07-15T23:44:51.026+0000] {processor.py:183} INFO - Processing /opt/airflow/dags/pythonoperator.py took 0.105 seconds
[2024-07-15T23:45:21.219+0000] {processor.py:161} INFO - Started process (PID=756) to work on /opt/airflow/dags/pythonoperator.py
[2024-07-15T23:45:21.221+0000] {processor.py:830} INFO - Processing file /opt/airflow/dags/pythonoperator.py for tasks to queue
[2024-07-15T23:45:21.224+0000] {logging_mixin.py:188} INFO - [2024-07-15T23:45:21.223+0000] {dagbag.py:545} INFO - Filling up the DagBag from /opt/airflow/dags/pythonoperator.py
[2024-07-15T23:45:21.234+0000] {processor.py:840} INFO - DAG(s) 'pythonoperator' retrieved from /opt/airflow/dags/pythonoperator.py
[2024-07-15T23:45:21.261+0000] {logging_mixin.py:188} INFO - [2024-07-15T23:45:21.261+0000] {dag.py:3096} INFO - Sync 1 DAGs
[2024-07-15T23:45:21.286+0000] {logging_mixin.py:188} INFO - [2024-07-15T23:45:21.286+0000] {dag.py:3954} INFO - Setting next_dagrun for pythonoperator to None, run_after=None
[2024-07-15T23:45:21.313+0000] {processor.py:183} INFO - Processing /opt/airflow/dags/pythonoperator.py took 0.101 seconds
[2024-07-15T23:45:51.531+0000] {processor.py:161} INFO - Started process (PID=767) to work on /opt/airflow/dags/pythonoperator.py
[2024-07-15T23:45:51.538+0000] {processor.py:830} INFO - Processing file /opt/airflow/dags/pythonoperator.py for tasks to queue
[2024-07-15T23:45:51.541+0000] {logging_mixin.py:188} INFO - [2024-07-15T23:45:51.540+0000] {dagbag.py:545} INFO - Filling up the DagBag from /opt/airflow/dags/pythonoperator.py
[2024-07-15T23:45:51.551+0000] {processor.py:840} INFO - DAG(s) 'pythonoperator' retrieved from /opt/airflow/dags/pythonoperator.py
[2024-07-15T23:45:51.586+0000] {logging_mixin.py:188} INFO - [2024-07-15T23:45:51.586+0000] {dag.py:3096} INFO - Sync 1 DAGs
[2024-07-15T23:45:51.618+0000] {logging_mixin.py:188} INFO - [2024-07-15T23:45:51.617+0000] {dag.py:3954} INFO - Setting next_dagrun for pythonoperator to None, run_after=None
[2024-07-15T23:45:51.646+0000] {processor.py:183} INFO - Processing /opt/airflow/dags/pythonoperator.py took 0.122 seconds
[2024-07-15T23:46:21.834+0000] {processor.py:161} INFO - Started process (PID=778) to work on /opt/airflow/dags/pythonoperator.py
[2024-07-15T23:46:21.841+0000] {processor.py:830} INFO - Processing file /opt/airflow/dags/pythonoperator.py for tasks to queue
[2024-07-15T23:46:21.842+0000] {logging_mixin.py:188} INFO - [2024-07-15T23:46:21.841+0000] {dagbag.py:545} INFO - Filling up the DagBag from /opt/airflow/dags/pythonoperator.py
[2024-07-15T23:46:21.852+0000] {processor.py:840} INFO - DAG(s) 'pythonoperator' retrieved from /opt/airflow/dags/pythonoperator.py
[2024-07-15T23:46:21.880+0000] {logging_mixin.py:188} INFO - [2024-07-15T23:46:21.880+0000] {dag.py:3096} INFO - Sync 1 DAGs
[2024-07-15T23:46:21.903+0000] {logging_mixin.py:188} INFO - [2024-07-15T23:46:21.903+0000] {dag.py:3954} INFO - Setting next_dagrun for pythonoperator to None, run_after=None
[2024-07-15T23:46:21.932+0000] {processor.py:183} INFO - Processing /opt/airflow/dags/pythonoperator.py took 0.105 seconds
[2024-07-15T23:46:52.104+0000] {processor.py:161} INFO - Started process (PID=788) to work on /opt/airflow/dags/pythonoperator.py
[2024-07-15T23:46:52.105+0000] {processor.py:830} INFO - Processing file /opt/airflow/dags/pythonoperator.py for tasks to queue
[2024-07-15T23:46:52.106+0000] {logging_mixin.py:188} INFO - [2024-07-15T23:46:52.106+0000] {dagbag.py:545} INFO - Filling up the DagBag from /opt/airflow/dags/pythonoperator.py
[2024-07-15T23:46:52.117+0000] {processor.py:840} INFO - DAG(s) 'pythonoperator' retrieved from /opt/airflow/dags/pythonoperator.py
[2024-07-15T23:46:52.144+0000] {logging_mixin.py:188} INFO - [2024-07-15T23:46:52.144+0000] {dag.py:3096} INFO - Sync 1 DAGs
[2024-07-15T23:46:52.167+0000] {logging_mixin.py:188} INFO - [2024-07-15T23:46:52.167+0000] {dag.py:3954} INFO - Setting next_dagrun for pythonoperator to None, run_after=None
[2024-07-15T23:46:52.196+0000] {processor.py:183} INFO - Processing /opt/airflow/dags/pythonoperator.py took 0.097 seconds
[2024-07-15T23:47:22.387+0000] {processor.py:161} INFO - Started process (PID=798) to work on /opt/airflow/dags/pythonoperator.py
[2024-07-15T23:47:22.396+0000] {processor.py:830} INFO - Processing file /opt/airflow/dags/pythonoperator.py for tasks to queue
[2024-07-15T23:47:22.397+0000] {logging_mixin.py:188} INFO - [2024-07-15T23:47:22.397+0000] {dagbag.py:545} INFO - Filling up the DagBag from /opt/airflow/dags/pythonoperator.py
[2024-07-15T23:47:22.408+0000] {processor.py:840} INFO - DAG(s) 'pythonoperator' retrieved from /opt/airflow/dags/pythonoperator.py
[2024-07-15T23:47:22.453+0000] {logging_mixin.py:188} INFO - [2024-07-15T23:47:22.452+0000] {dag.py:3096} INFO - Sync 1 DAGs
[2024-07-15T23:47:22.484+0000] {logging_mixin.py:188} INFO - [2024-07-15T23:47:22.484+0000] {dag.py:3954} INFO - Setting next_dagrun for pythonoperator to None, run_after=None
[2024-07-15T23:47:22.516+0000] {processor.py:183} INFO - Processing /opt/airflow/dags/pythonoperator.py took 0.136 seconds
[2024-07-15T23:47:52.755+0000] {processor.py:161} INFO - Started process (PID=808) to work on /opt/airflow/dags/pythonoperator.py
[2024-07-15T23:47:52.756+0000] {processor.py:830} INFO - Processing file /opt/airflow/dags/pythonoperator.py for tasks to queue
[2024-07-15T23:47:52.757+0000] {logging_mixin.py:188} INFO - [2024-07-15T23:47:52.757+0000] {dagbag.py:545} INFO - Filling up the DagBag from /opt/airflow/dags/pythonoperator.py
[2024-07-15T23:47:52.766+0000] {processor.py:840} INFO - DAG(s) 'pythonoperator' retrieved from /opt/airflow/dags/pythonoperator.py
[2024-07-15T23:47:52.793+0000] {logging_mixin.py:188} INFO - [2024-07-15T23:47:52.792+0000] {dag.py:3096} INFO - Sync 1 DAGs
[2024-07-15T23:47:52.815+0000] {logging_mixin.py:188} INFO - [2024-07-15T23:47:52.814+0000] {dag.py:3954} INFO - Setting next_dagrun for pythonoperator to None, run_after=None
[2024-07-15T23:47:52.847+0000] {processor.py:183} INFO - Processing /opt/airflow/dags/pythonoperator.py took 0.099 seconds
[2024-07-15T23:48:23.020+0000] {processor.py:161} INFO - Started process (PID=818) to work on /opt/airflow/dags/pythonoperator.py
[2024-07-15T23:48:23.028+0000] {processor.py:830} INFO - Processing file /opt/airflow/dags/pythonoperator.py for tasks to queue
[2024-07-15T23:48:23.029+0000] {logging_mixin.py:188} INFO - [2024-07-15T23:48:23.029+0000] {dagbag.py:545} INFO - Filling up the DagBag from /opt/airflow/dags/pythonoperator.py
[2024-07-15T23:48:23.041+0000] {processor.py:840} INFO - DAG(s) 'pythonoperator' retrieved from /opt/airflow/dags/pythonoperator.py
[2024-07-15T23:48:23.072+0000] {logging_mixin.py:188} INFO - [2024-07-15T23:48:23.072+0000] {dag.py:3096} INFO - Sync 1 DAGs
[2024-07-15T23:48:23.099+0000] {logging_mixin.py:188} INFO - [2024-07-15T23:48:23.098+0000] {dag.py:3954} INFO - Setting next_dagrun for pythonoperator to None, run_after=None
[2024-07-15T23:48:23.128+0000] {processor.py:183} INFO - Processing /opt/airflow/dags/pythonoperator.py took 0.117 seconds
[2024-07-15T23:48:53.374+0000] {processor.py:161} INFO - Started process (PID=828) to work on /opt/airflow/dags/pythonoperator.py
[2024-07-15T23:48:53.376+0000] {processor.py:830} INFO - Processing file /opt/airflow/dags/pythonoperator.py for tasks to queue
[2024-07-15T23:48:53.377+0000] {logging_mixin.py:188} INFO - [2024-07-15T23:48:53.377+0000] {dagbag.py:545} INFO - Filling up the DagBag from /opt/airflow/dags/pythonoperator.py
[2024-07-15T23:48:53.389+0000] {processor.py:840} INFO - DAG(s) 'pythonoperator' retrieved from /opt/airflow/dags/pythonoperator.py
[2024-07-15T23:48:53.424+0000] {logging_mixin.py:188} INFO - [2024-07-15T23:48:53.424+0000] {dag.py:3096} INFO - Sync 1 DAGs
[2024-07-15T23:48:53.453+0000] {logging_mixin.py:188} INFO - [2024-07-15T23:48:53.452+0000] {dag.py:3954} INFO - Setting next_dagrun for pythonoperator to None, run_after=None
[2024-07-15T23:48:53.487+0000] {processor.py:183} INFO - Processing /opt/airflow/dags/pythonoperator.py took 0.121 seconds
[2024-07-15T23:49:23.738+0000] {processor.py:161} INFO - Started process (PID=838) to work on /opt/airflow/dags/pythonoperator.py
[2024-07-15T23:49:23.746+0000] {processor.py:830} INFO - Processing file /opt/airflow/dags/pythonoperator.py for tasks to queue
[2024-07-15T23:49:23.747+0000] {logging_mixin.py:188} INFO - [2024-07-15T23:49:23.747+0000] {dagbag.py:545} INFO - Filling up the DagBag from /opt/airflow/dags/pythonoperator.py
[2024-07-15T23:49:23.758+0000] {processor.py:840} INFO - DAG(s) 'pythonoperator' retrieved from /opt/airflow/dags/pythonoperator.py
[2024-07-15T23:49:23.808+0000] {logging_mixin.py:188} INFO - [2024-07-15T23:49:23.807+0000] {dag.py:3096} INFO - Sync 1 DAGs
[2024-07-15T23:49:23.872+0000] {logging_mixin.py:188} INFO - [2024-07-15T23:49:23.872+0000] {dag.py:3954} INFO - Setting next_dagrun for pythonoperator to None, run_after=None
[2024-07-15T23:49:23.945+0000] {processor.py:183} INFO - Processing /opt/airflow/dags/pythonoperator.py took 0.218 seconds
[2024-07-15T23:49:54.134+0000] {processor.py:161} INFO - Started process (PID=848) to work on /opt/airflow/dags/pythonoperator.py
[2024-07-15T23:49:54.143+0000] {processor.py:830} INFO - Processing file /opt/airflow/dags/pythonoperator.py for tasks to queue
[2024-07-15T23:49:54.144+0000] {logging_mixin.py:188} INFO - [2024-07-15T23:49:54.143+0000] {dagbag.py:545} INFO - Filling up the DagBag from /opt/airflow/dags/pythonoperator.py
[2024-07-15T23:49:54.153+0000] {processor.py:840} INFO - DAG(s) 'pythonoperator' retrieved from /opt/airflow/dags/pythonoperator.py
[2024-07-15T23:49:54.181+0000] {logging_mixin.py:188} INFO - [2024-07-15T23:49:54.181+0000] {dag.py:3096} INFO - Sync 1 DAGs
[2024-07-15T23:49:54.204+0000] {logging_mixin.py:188} INFO - [2024-07-15T23:49:54.204+0000] {dag.py:3954} INFO - Setting next_dagrun for pythonoperator to None, run_after=None
[2024-07-15T23:49:54.232+0000] {processor.py:183} INFO - Processing /opt/airflow/dags/pythonoperator.py took 0.107 seconds
[2024-07-15T23:50:24.589+0000] {processor.py:161} INFO - Started process (PID=860) to work on /opt/airflow/dags/pythonoperator.py
[2024-07-15T23:50:24.597+0000] {processor.py:830} INFO - Processing file /opt/airflow/dags/pythonoperator.py for tasks to queue
[2024-07-15T23:50:24.598+0000] {logging_mixin.py:188} INFO - [2024-07-15T23:50:24.598+0000] {dagbag.py:545} INFO - Filling up the DagBag from /opt/airflow/dags/pythonoperator.py
[2024-07-15T23:50:24.623+0000] {processor.py:840} INFO - DAG(s) 'pythonoperator' retrieved from /opt/airflow/dags/pythonoperator.py
[2024-07-15T23:50:24.670+0000] {logging_mixin.py:188} INFO - [2024-07-15T23:50:24.670+0000] {dag.py:3096} INFO - Sync 1 DAGs
[2024-07-15T23:50:24.711+0000] {logging_mixin.py:188} INFO - [2024-07-15T23:50:24.710+0000] {dag.py:3954} INFO - Setting next_dagrun for pythonoperator to None, run_after=None
[2024-07-15T23:50:24.783+0000] {processor.py:183} INFO - Processing /opt/airflow/dags/pythonoperator.py took 0.200 seconds
[2024-07-15T23:50:54.954+0000] {processor.py:161} INFO - Started process (PID=873) to work on /opt/airflow/dags/pythonoperator.py
[2024-07-15T23:50:54.964+0000] {processor.py:830} INFO - Processing file /opt/airflow/dags/pythonoperator.py for tasks to queue
[2024-07-15T23:50:54.967+0000] {logging_mixin.py:188} INFO - [2024-07-15T23:50:54.965+0000] {dagbag.py:545} INFO - Filling up the DagBag from /opt/airflow/dags/pythonoperator.py
[2024-07-15T23:50:54.981+0000] {processor.py:840} INFO - DAG(s) 'pythonoperator' retrieved from /opt/airflow/dags/pythonoperator.py
[2024-07-15T23:50:55.019+0000] {logging_mixin.py:188} INFO - [2024-07-15T23:50:55.018+0000] {dag.py:3096} INFO - Sync 1 DAGs
[2024-07-15T23:50:55.046+0000] {logging_mixin.py:188} INFO - [2024-07-15T23:50:55.046+0000] {dag.py:3954} INFO - Setting next_dagrun for pythonoperator to None, run_after=None
[2024-07-15T23:50:55.092+0000] {processor.py:183} INFO - Processing /opt/airflow/dags/pythonoperator.py took 0.153 seconds
[2024-07-15T23:51:25.257+0000] {processor.py:161} INFO - Started process (PID=882) to work on /opt/airflow/dags/pythonoperator.py
[2024-07-15T23:51:25.258+0000] {processor.py:830} INFO - Processing file /opt/airflow/dags/pythonoperator.py for tasks to queue
[2024-07-15T23:51:25.259+0000] {logging_mixin.py:188} INFO - [2024-07-15T23:51:25.259+0000] {dagbag.py:545} INFO - Filling up the DagBag from /opt/airflow/dags/pythonoperator.py
[2024-07-15T23:51:25.275+0000] {processor.py:840} INFO - DAG(s) 'pythonoperator' retrieved from /opt/airflow/dags/pythonoperator.py
[2024-07-15T23:51:25.309+0000] {logging_mixin.py:188} INFO - [2024-07-15T23:51:25.309+0000] {dag.py:3096} INFO - Sync 1 DAGs
[2024-07-15T23:51:25.345+0000] {logging_mixin.py:188} INFO - [2024-07-15T23:51:25.345+0000] {dag.py:3954} INFO - Setting next_dagrun for pythonoperator to None, run_after=None
[2024-07-15T23:51:25.377+0000] {processor.py:183} INFO - Processing /opt/airflow/dags/pythonoperator.py took 0.128 seconds
[2024-07-15T23:51:55.589+0000] {processor.py:161} INFO - Started process (PID=892) to work on /opt/airflow/dags/pythonoperator.py
[2024-07-15T23:51:55.597+0000] {processor.py:830} INFO - Processing file /opt/airflow/dags/pythonoperator.py for tasks to queue
[2024-07-15T23:51:55.597+0000] {logging_mixin.py:188} INFO - [2024-07-15T23:51:55.597+0000] {dagbag.py:545} INFO - Filling up the DagBag from /opt/airflow/dags/pythonoperator.py
[2024-07-15T23:51:55.608+0000] {processor.py:840} INFO - DAG(s) 'pythonoperator' retrieved from /opt/airflow/dags/pythonoperator.py
[2024-07-15T23:51:55.639+0000] {logging_mixin.py:188} INFO - [2024-07-15T23:51:55.638+0000] {dag.py:3096} INFO - Sync 1 DAGs
[2024-07-15T23:51:55.664+0000] {logging_mixin.py:188} INFO - [2024-07-15T23:51:55.663+0000] {dag.py:3954} INFO - Setting next_dagrun for pythonoperator to None, run_after=None
[2024-07-15T23:51:55.692+0000] {processor.py:183} INFO - Processing /opt/airflow/dags/pythonoperator.py took 0.109 seconds
